2021-12-31 19:47:17,495 root         INFO     Configuration data loaded from /project/gbru_fy21_tomato_ralstonia/run/script/.conda/envs/avx_human/lib/python3.7/site-packages/guidemaker/data/config_default.yaml:
2021-12-31 19:47:17,512 root         INFO     {'NMSLIB': {'M': 16, 'efc': 10, 'post': 1, 'ef': 9}, 'CONTROL': {'MINIMUM_HMDIST': 7, 'CONTROL_SEARCH_MULTIPLE': [10, 100, 1000, 10000]}, 'MINIMUM_PROPORTION': 0.5}
2021-12-31 19:47:17,513 root         INFO     Temp directory is: /local/scratch/ravin.poudel/718912/guidemaker_ft58cwu6
2021-12-31 19:47:17,514 root         INFO     Writing fasta file from genbank file(s)
2021-12-31 19:47:17,516 guidemaker.core INFO     check if /project/gbru_fy21_tomato_ralstonia/guidemaker/all_test_data/GCF_000001405.39_GRCh38.p13_genomic.gbff.gz is gzipped
2021-12-31 19:49:46,246 root         INFO     Identifying PAM sites in the genome
2021-12-31 19:57:24,487 root         INFO     Checking guides for restriction enzymes
2021-12-31 19:57:24,495 root         INFO     Number of guides removed after checking for restriction enzymes: 0
2021-12-31 19:57:24,495 root         INFO     Identifing guides that are unique near the PAM site
2021-12-31 19:58:41,703 root         INFO     Number of guides with non unique seed sequence: 7033329
2021-12-31 19:58:52,078 root         INFO     Indexing all potential guide sites: 25599816. This is the longest step.
2021-12-31 20:01:11,607 nmslib       INFO     M                   = 16
2021-12-31 20:01:11,608 nmslib       INFO     indexThreadQty      = 32
2021-12-31 20:01:11,608 nmslib       INFO     efConstruction      = 10
2021-12-31 20:01:11,608 nmslib       INFO     maxM			          = 16
2021-12-31 20:01:11,608 nmslib       INFO     maxM0			          = 32
2021-12-31 20:01:11,632 nmslib       INFO     mult                = 0.360674
2021-12-31 20:01:11,633 nmslib       INFO     skip_optimized_index= 0
2021-12-31 20:01:11,633 nmslib       INFO     delaunay_type       = 2
2021-12-31 20:01:11,633 nmslib       INFO     Set HNSW query-time parameters:
2021-12-31 20:01:11,634 nmslib       INFO     ef(Search)         =20
2021-12-31 20:01:11,634 nmslib       INFO     algoType           =2
2021-12-31 20:07:16,183 nmslib       INFO     No appropriate custom distance function for Hamming (bit-storage) space
2021-12-31 20:07:16,183 nmslib       INFO     searchMethod			  = 0
2021-12-31 20:07:20,308 root         INFO     Identifying guides that have a hamming distance <= 3 to all other potential guides
2021-12-31 20:08:10,575 nmslib       INFO     Set HNSW query-time parameters:
2021-12-31 20:08:10,576 nmslib       INFO     ef(Search)         =9
2021-12-31 20:08:10,576 nmslib       INFO     algoType           =2
2021-12-31 20:35:40,524 root         INFO     Formatting data for BedTools
2021-12-31 20:36:14,182 root         INFO     Create GuideMaker Annotation object
2021-12-31 20:36:14,182 root         INFO     Identify genomic features
2021-12-31 20:36:14,183 guidemaker.core INFO     check if /project/gbru_fy21_tomato_ralstonia/guidemaker/all_test_data/GCF_000001405.39_GRCh38.p13_genomic.gbff.gz is gzipped
2021-12-31 20:38:58,237 root         INFO     Find genomic features closest the guides
2021-12-31 21:22:45,115 root         INFO     Select guides that start between +500 and -500 of a feature start
2021-12-31 21:22:59,566 root         INFO     Select description columns
2021-12-31 21:23:06,181 root         INFO     Format the output
2021-12-31 21:24:18,786 root         INFO     Number of Guides within a gene coordinates i.e. zero Feature distance: 54679
2021-12-31 21:24:23,731 root         INFO     Creating random control guides
2021-12-31 21:25:07,818 root         INFO     Number of random control searched: 100
2021-12-31 21:25:07,859 root         INFO     Percentage of GC content in the input genome: 39.02
2021-12-31 21:25:07,860 root         INFO     Total length of the genome: 3120.5 MB
2021-12-31 21:25:07,860 root         INFO     Created 10 control guides with a minimum distance of 10 and a median distance of 10
2021-12-31 21:25:07,867 root         INFO     GuideMaker completed, results are at TEST
2021-12-31 21:25:07,867 root         INFO     PAM sequence: NNAGAAW
2021-12-31 21:25:07,868 root         INFO     PAM orientation: 3prime
2021-12-31 21:25:07,868 root         INFO     Genome strand(s) searched: both
2021-12-31 21:25:07,868 root         INFO     Total PAM sites considered: 31672889
2021-12-31 21:25:07,869 root         INFO     Guide RNA candidates found: 153254
