Mon Jan  3 12:44:09 CST 2022
Atlas-0008.HPC.MsState.Edu
/project/gbru_fy21_tomato_ralstonia/guidemaker/avx_phaeous_leven_hamming
Lmod has detected the following error: The following module(s) are unknown:
"conda"

Please check the spelling or version number. Also try "module spider ..."
It is also possible your cache file is out-of-date; it may help to try:
  $ module --ignore-cache load "conda"

Also make sure that all modulefiles written in TCL start with the string
#%Module



atlas
Atlas-0008
atlas
1
My SLURM_ARRAY_TASK_ID:  1
My TMPDIR IS:  /local/scratch/ravin.poudel/719425
Input Genome:>>>>>>>>>>>>>>>>>>>>>>>>>>>>>>>>>>>>>>>>>>>  GCF_000499845.1_PhaVulg1_0_genomic.gbff
Input PAM:>>>>>>>>>>>>>>>>>>>>>>>>>>>>>>>>>>>>>>>>>>>  NNAGAAW
Threads used:>>>>>>>>>>>>>>>>>>>>>>>>>>>>>>>>>>>>>>>>>>>  32
GuideMaker
2022-01-03 12:44:20,538 root         INFO     Configuration data loaded from /project/gbru_fy21_tomato_ralstonia/run/script/.conda/envs/AVX2/lib/python3.7/site-packages/guidemaker/data/config_default.yaml:
2022-01-03 12:44:20,544 root         INFO     {'NMSLIB': {'M': 16, 'efc': 10, 'post': 1, 'ef': 9}, 'CONTROL': {'MINIMUM_HMDIST': 7, 'CONTROL_SEARCH_MULTIPLE': [10, 100, 1000, 10000]}, 'MINIMUM_PROPORTION': 0.5}
2022-01-03 12:44:20,545 root         INFO     Temp directory is: /local/scratch/ravin.poudel/719425/guidemaker_xtu3cbb0
2022-01-03 12:44:20,545 root         INFO     Writing fasta file from genbank file(s)
2022-01-03 12:44:20,547 guidemaker.core INFO     check if ../all_test_data/GCF_000499845.1_PhaVulg1_0_genomic.gbff is gzipped
2022-01-03 12:44:38,911 root         INFO     Identifying PAM sites in the genome
2022-01-03 12:45:58,655 root         INFO     Checking guides for restriction enzymes
2022-01-03 12:45:58,656 root         INFO     Number of guides removed after checking for restriction enzymes: 0
2022-01-03 12:45:58,656 root         INFO     Identifing guides that are unique near the PAM site
2022-01-03 12:46:07,171 root         INFO     Number of guides with non unique seed sequence: 3380594
2022-01-03 12:46:08,302 root         INFO     Indexing all potential guide sites: 3649803. This is the longest step.
2022-01-03 12:46:10,501 nmslib       INFO     M                   = 16
2022-01-03 12:46:10,501 nmslib       INFO     indexThreadQty      = 32
2022-01-03 12:46:10,501 nmslib       INFO     efConstruction      = 10
2022-01-03 12:46:10,501 nmslib       INFO     maxM			          = 16
2022-01-03 12:46:10,501 nmslib       INFO     maxM0			          = 32
2022-01-03 12:46:10,501 nmslib       INFO     mult                = 0.360674
2022-01-03 12:46:10,501 nmslib       INFO     skip_optimized_index= 0
2022-01-03 12:46:10,501 nmslib       INFO     delaunay_type       = 2
2022-01-03 12:46:10,501 nmslib       INFO     Set HNSW query-time parameters:
2022-01-03 12:46:10,502 nmslib       INFO     ef(Search)         =20
2022-01-03 12:46:10,502 nmslib       INFO     algoType           =2

0%   10   20   30   40   50   60   70   80   90   100%
|----|----|----|----|----|----|----|----|----|----|
***************************************************

0%   10   20   30   40   50   60   70   80   90   100%
|----|----|----|----|----|----|----|----|----|----|
*********************************************************

2022-01-03 12:51:00,516 nmslib       INFO     No appropriate custom distance function for Levenshtein distance
2022-01-03 12:51:00,544 nmslib       INFO     searchMethod			  = 0
2022-01-03 12:51:00,782 root         INFO     Identifying guides that have a hamming distance <= 3 to all other potential guides
2022-01-03 12:51:01,582 nmslib       INFO     Set HNSW query-time parameters:
2022-01-03 12:51:01,582 nmslib       INFO     ef(Search)         =9
2022-01-03 12:51:01,582 nmslib       INFO     algoType           =2
2022-01-03 12:54:44,216 root         INFO     Formatting data for BedTools
2022-01-03 12:54:45,782 root         INFO     Create GuideMaker Annotation object
2022-01-03 12:54:45,782 root         INFO     Identify genomic features
2022-01-03 12:54:45,783 guidemaker.core INFO     check if ../all_test_data/GCF_000499845.1_PhaVulg1_0_genomic.gbff is gzipped
2022-01-03 12:55:04,104 root         INFO     Total number of CDS/locus in the input genome: 32720
2022-01-03 12:55:04,104 root         INFO     Find genomic features closest the guides
2022-01-03 12:56:19,519 root         INFO     Select guides that start between +500 and -500 of a feature start
2022-01-03 12:56:20,977 root         INFO     Select description columns
2022-01-03 12:56:21,348 root         INFO     Format the output
2022-01-03 12:56:31,871 root         INFO     Number of Guides within a gene coordinates i.e. zero Feature distance: 60277
2022-01-03 12:56:33,035 root         INFO     Creating random control guides
2022-01-03 12:56:39,241 root         INFO     Number of random control searched: 1000
2022-01-03 12:56:39,242 root         INFO     Percentage of GC content in the input genome: 31.70
2022-01-03 12:56:39,242 root         INFO     Total length of the genome: 496.9 MB
2022-01-03 12:56:39,242 root         INFO     Created 10 control guides with a minimum distance of 7 and a median distance of 7
2022-01-03 12:56:39,246 root         INFO     GuideMaker completed, results are at Vulgaris_NNAGAAW_Leven
2022-01-03 12:56:39,247 root         INFO     PAM sequence: NNAGAAW
2022-01-03 12:56:39,247 root         INFO     PAM orientation: 3prime
2022-01-03 12:56:39,247 root         INFO     Genome strand(s) searched: both
2022-01-03 12:56:39,248 root         INFO     Total PAM sites considered: 4772410
2022-01-03 12:56:39,248 root         INFO     Guide RNA candidates found: 120469
	Command being timed: "guidemaker -i ../all_test_data/GCF_000499845.1_PhaVulg1_0_genomic.gbff --pamseq NNAGAAW --outdir Vulgaris_NNAGAAW_Leven --pam_orientation 3prime --guidelength 20 --lsr 11 --dist 3 --before 500 --dtype leven --into 500 --knum 10 --controls 10 --log GM_NNAGAAW_leven_719425_1.log --threads 32"
	User time (seconds): 11441.97
	System time (seconds): 144.31
	Percent of CPU this job got: 1532%
	Elapsed (wall clock) time (h:mm:ss or m:ss): 12:36.00
	Average shared text size (kbytes): 0
	Average unshared data size (kbytes): 0
	Average stack size (kbytes): 0
	Average total size (kbytes): 0
	Maximum resident set size (kbytes): 11248836
	Average resident set size (kbytes): 0
	Major (requiring I/O) page faults: 2
	Minor (reclaiming a frame) page faults: 50914277
	Voluntary context switches: 7031160
	Involuntary context switches: 19543
	Swaps: 0
	File system inputs: 1822512
	File system outputs: 2124784
	Socket messages sent: 0
	Socket messages received: 0
	Signals delivered: 0
	Page size (bytes): 4096
	Exit status: 0
