Tue Sep 29 11:58:11 EDT 2020
dev1.ufhpc
/blue/garrett/rp3448/analysis/guidemaker/nonAVXGuidemaker/GuideMaker
My SLURM_ARRAY_TASK_ID:  1
My TMPDIR IS:  /scratch/local/59238512
Input Genome:>>>>>>>>>>>>>>>>>>>>>>>>>>>>>>>>>>>>>>>>>>>  Pseudomonas_aeruginosa_PAO1_107.gbk
Threads used:>>>>>>>>>>>>>>>>>>>>>>>>>>>>>>>>>>>>>>>>>>>  32
Dist used:>>>>>>>>>>>>>>>>>>>>>>>>>>>>>>>>>>>>>>>>>>>  1
GuideMaker
Your CPU supports instructions that this binary was not compiled to use: SSE4.1 SSE4.2 AVX
For maximum performance, you can install NMSLIB from sources 
pip install --no-binary :all: nmslib
2020-09-29 11:58:17,763: INFO     Temp directory is: /scratch/local/59238512/guidemaker_7yvaaadw
2020-09-29 11:58:17,764: INFO     Writing fasta file from genbank file(s)
2020-09-29 11:58:17,765: INFO     check if ../../all_test_data/Pseudomonas_aeruginosa_PAO1_107.gbk is gzipped
/home/rp3448/.conda/envs/nonAVX2/lib/python3.7/site-packages/Bio/GenBank/Scanner.py:1400: BiopythonParserWarning: Truncated LOCUS line found - is this correct?
:'LOCUS       NC_002516            6264404 bp    dna     circular UNK \n'
  BiopythonParserWarning,
/home/rp3448/.conda/envs/nonAVX2/lib/python3.7/site-packages/Bio/GenBank/__init__.py:762: BiopythonParserWarning: Non-upper case molecule type in LOCUS line: dna
  BiopythonParserWarning,
2020-09-29 11:58:20,330: INFO     Identifying PAM sites in the genome
2020-09-29 12:01:32,649: INFO     Identifing guides that are unique near the PAM site
2020-09-29 12:01:35,492: INFO     Indexing all potential guide sites: 1171800. This is the longest step.
2020-09-29 12:01:49,417: INFO     M                   = 16
2020-09-29 12:01:49,418: INFO     indexThreadQty      = 32
2020-09-29 12:01:49,418: INFO     efConstruction      = 10
2020-09-29 12:01:49,418: INFO     maxM			          = 16
2020-09-29 12:01:49,418: INFO     maxM0			          = 32
2020-09-29 12:01:49,418: INFO     mult                = 0.360674
2020-09-29 12:01:49,418: INFO     skip_optimized_index= 0
2020-09-29 12:01:49,419: INFO     delaunay_type       = 2
2020-09-29 12:01:49,419: INFO     Set HNSW query-time parameters:
2020-09-29 12:01:49,419: INFO     ef(Search)         =20
2020-09-29 12:01:49,419: INFO     algoType           =2

0%   10   20   30   40   50   60   70   80   90   100%
|----|----|----|----|----|----|----|----|----|----|
***************************************************

0%   10   20   30   40   50   60   70   80   90   100%
|----|----|----|----|----|----|----|----|----|----|
****************************************************2020-09-29 12:02:13,131: INFO     No appropriate custom distance function for Hamming (bit-storage) space
2020-09-29 12:02:13,132: INFO     searchMethod			  = 0
2020-09-29 12:02:13,323: INFO     Identifying guides that have a hamming distance <= 1 to all other potential guides
2020-09-29 12:02:14,201: INFO     Set HNSW query-time parameters:
2020-09-29 12:02:14,202: INFO     ef(Search)         =9
2020-09-29 12:02:14,202: INFO     algoType           =2
2020-09-29 12:02:41,022: INFO     Formatting data for BedTools
2020-09-29 12:02:42,055: INFO     Create GuideMaker Annotation object
2020-09-29 12:02:42,055: INFO     Identify genomic features
2020-09-29 12:02:42,056: INFO     check if ../../all_test_data/Pseudomonas_aeruginosa_PAO1_107.gbk is gzipped
2020-09-29 12:02:45,412: INFO     Total number of CDS/locus in the input genome: 5584
2020-09-29 12:02:45,413: INFO     Find genomic features closest the guides
2020-09-29 12:02:52,394: INFO     Select guides that start between +100 and -100 of a feature start
2020-09-29 12:02:52,901: INFO     Select description columns
2020-09-29 12:02:53,010: INFO     Format the output
2020-09-29 12:02:55,835: INFO     creating random control guides
2020-09-29 12:02:56,214: INFO     Number of random control searched: 100
2020-09-29 12:02:56,214: INFO     Percentage of GC content in the input genome: 66.56
2020-09-29 12:02:56,215: INFO     Total length of the genome: 6.0 MB
2020-09-29 12:02:56,215: INFO     created 10 control guides with a minimum distance of 7 and a median distance of 7
2020-09-29 12:02:56,217: INFO     guidemaker completed, results are at distprofile/
2020-09-29 12:02:56,218: INFO     PAM sequence: NGG
2020-09-29 12:02:56,218: INFO     PAM orientation: 5prime
2020-09-29 12:02:56,218: INFO     Genome strand(s) searched: both
2020-09-29 12:02:56,218: INFO     Total PAM sites considered: 1171800
2020-09-29 12:02:56,218: INFO     Guide RNA candidates found: 46158
	Command being timed: "guidemaker -i ../../all_test_data/Pseudomonas_aeruginosa_PAO1_107.gbk --pamseq NGG --outdir distprofile/ --pam_orientation 5prime --guidelength 20 --strand both --lcp 10 --dist 1 --before 100 --into 100 --knum 10 --controls 10 --log GuideMaker_59238512_1.log --threads 32"
	User time (seconds): 840.02
	System time (seconds): 87.80
	Percent of CPU this job got: 326%
	Elapsed (wall clock) time (h:mm:ss or m:ss): 4:44.54
	Average shared text size (kbytes): 0
	Average unshared data size (kbytes): 0
	Average stack size (kbytes): 0
	Average total size (kbytes): 0
	Maximum resident set size (kbytes): 2639944
	Average resident set size (kbytes): 0
	Major (requiring I/O) page faults: 0
	Minor (reclaiming a frame) page faults: 7346523
	Voluntary context switches: 1316392
	Involuntary context switches: 2222
	Swaps: 0
	File system inputs: 29424
	File system outputs: 188544
	Socket messages sent: 0
	Socket messages received: 0
	Signals delivered: 0
	Page size (bytes): 4096
	Exit status: 0
######### Printing summary of targets and genome ###########
Total number of CDS/locus_tag in the genome: 5584
Total number of CDS/locus_tag in the targets file: 5462
Number of locus missded by targets: 122
Percentage of locus missded by targets: 2.18%
Coverage of genome by targets: 97.82%
Average number of targets per locus tag: 8.45
Standard Deviation: 4.62
Median number of targers per locus tag: 8
Minimum number of target: 1
Maximum number of target: 29

Number of targets by PAM type:


|PAM |     n|
|:---|-----:|
|AGG |  9977|
|CGG | 15182|
|GGG | 10858|
|TGG | 10141|
My SLURM_ARRAY_TASK_ID:  1
My TMPDIR IS:  /scratch/local/59238512
Input Genome:>>>>>>>>>>>>>>>>>>>>>>>>>>>>>>>>>>>>>>>>>>>  Pseudomonas_aeruginosa_PAO1_107.gbk
Threads used:>>>>>>>>>>>>>>>>>>>>>>>>>>>>>>>>>>>>>>>>>>>  32
Dist used:>>>>>>>>>>>>>>>>>>>>>>>>>>>>>>>>>>>>>>>>>>>  2
GuideMaker
Your CPU supports instructions that this binary was not compiled to use: SSE4.1 SSE4.2 AVX
For maximum performance, you can install NMSLIB from sources 
pip install --no-binary :all: nmslib
2020-09-29 12:03:07,996: INFO     Temp directory is: /scratch/local/59238512/guidemaker_8z9ur9fw
2020-09-29 12:03:07,996: INFO     Writing fasta file from genbank file(s)
2020-09-29 12:03:07,997: INFO     check if ../../all_test_data/Pseudomonas_aeruginosa_PAO1_107.gbk is gzipped
/home/rp3448/.conda/envs/nonAVX2/lib/python3.7/site-packages/Bio/GenBank/Scanner.py:1400: BiopythonParserWarning: Truncated LOCUS line found - is this correct?
:'LOCUS       NC_002516            6264404 bp    dna     circular UNK \n'
  BiopythonParserWarning,
/home/rp3448/.conda/envs/nonAVX2/lib/python3.7/site-packages/Bio/GenBank/__init__.py:762: BiopythonParserWarning: Non-upper case molecule type in LOCUS line: dna
  BiopythonParserWarning,
2020-09-29 12:03:10,410: INFO     Identifying PAM sites in the genome
2020-09-29 12:06:21,984: INFO     Identifing guides that are unique near the PAM site
2020-09-29 12:06:24,867: INFO     Indexing all potential guide sites: 1171800. This is the longest step.
2020-09-29 12:06:38,682: INFO     M                   = 16
2020-09-29 12:06:38,683: INFO     indexThreadQty      = 32
2020-09-29 12:06:38,683: INFO     efConstruction      = 10
2020-09-29 12:06:38,683: INFO     maxM			          = 16
2020-09-29 12:06:38,683: INFO     maxM0			          = 32
2020-09-29 12:06:38,683: INFO     mult                = 0.360674
2020-09-29 12:06:38,684: INFO     skip_optimized_index= 0
2020-09-29 12:06:38,684: INFO     delaunay_type       = 2
2020-09-29 12:06:38,684: INFO     Set HNSW query-time parameters:
2020-09-29 12:06:38,684: INFO     ef(Search)         =20
2020-09-29 12:06:38,684: INFO     algoType           =2

0%   10   20   30   40   50   60   70   80   90   100%
|----|----|----|----|----|----|----|----|----|----|
***************************************************

0%   10   20   30   40   50   60   70   80   90   100%
|----|----|----|----|----|----|----|----|----|----|
****************************************************2020-09-29 12:07:03,027: INFO     No appropriate custom distance function for Hamming (bit-storage) space
2020-09-29 12:07:03,028: INFO     searchMethod			  = 0
2020-09-29 12:07:03,199: INFO     Identifying guides that have a hamming distance <= 2 to all other potential guides
2020-09-29 12:07:04,019: INFO     Set HNSW query-time parameters:
2020-09-29 12:07:04,020: INFO     ef(Search)         =9
2020-09-29 12:07:04,020: INFO     algoType           =2
2020-09-29 12:07:29,030: INFO     Formatting data for BedTools
2020-09-29 12:07:29,942: INFO     Create GuideMaker Annotation object
2020-09-29 12:07:29,942: INFO     Identify genomic features
2020-09-29 12:07:29,943: INFO     check if ../../all_test_data/Pseudomonas_aeruginosa_PAO1_107.gbk is gzipped
2020-09-29 12:07:33,343: INFO     Total number of CDS/locus in the input genome: 5584
2020-09-29 12:07:33,344: INFO     Find genomic features closest the guides
2020-09-29 12:07:40,260: INFO     Select guides that start between +100 and -100 of a feature start
2020-09-29 12:07:40,696: INFO     Select description columns
2020-09-29 12:07:40,804: INFO     Format the output
2020-09-29 12:07:43,448: INFO     creating random control guides
2020-09-29 12:07:43,837: INFO     Number of random control searched: 100
2020-09-29 12:07:43,837: INFO     Percentage of GC content in the input genome: 66.56
2020-09-29 12:07:43,838: INFO     Total length of the genome: 6.0 MB
2020-09-29 12:07:43,838: INFO     created 10 control guides with a minimum distance of 7 and a median distance of 7
2020-09-29 12:07:43,841: INFO     guidemaker completed, results are at distprofile/
2020-09-29 12:07:43,841: INFO     PAM sequence: NGG
2020-09-29 12:07:43,841: INFO     PAM orientation: 5prime
2020-09-29 12:07:43,841: INFO     Genome strand(s) searched: both
2020-09-29 12:07:43,842: INFO     Total PAM sites considered: 1171800
2020-09-29 12:07:43,842: INFO     Guide RNA candidates found: 46130
	Command being timed: "guidemaker -i ../../all_test_data/Pseudomonas_aeruginosa_PAO1_107.gbk --pamseq NGG --outdir distprofile/ --pam_orientation 5prime --guidelength 20 --strand both --lcp 10 --dist 2 --before 100 --into 100 --knum 10 --controls 10 --log GuideMaker_59238512_1.log --threads 32"
	User time (seconds): 842.39
	System time (seconds): 93.72
	Percent of CPU this job got: 332%
	Elapsed (wall clock) time (h:mm:ss or m:ss): 4:41.58
	Average shared text size (kbytes): 0
	Average unshared data size (kbytes): 0
	Average stack size (kbytes): 0
	Average total size (kbytes): 0
	Maximum resident set size (kbytes): 2638292
	Average resident set size (kbytes): 0
	Major (requiring I/O) page faults: 0
	Minor (reclaiming a frame) page faults: 7362404
	Voluntary context switches: 1539596
	Involuntary context switches: 61828
	Swaps: 0
	File system inputs: 0
	File system outputs: 188224
	Socket messages sent: 0
	Socket messages received: 0
	Signals delivered: 0
	Page size (bytes): 4096
	Exit status: 0
######### Printing summary of targets and genome ###########
Total number of CDS/locus_tag in the genome: 5584
Total number of CDS/locus_tag in the targets file: 5460
Number of locus missded by targets: 124
Percentage of locus missded by targets: 2.22%
Coverage of genome by targets: 97.78%
Average number of targets per locus tag: 8.45
Standard Deviation: 4.62
Median number of targers per locus tag: 8
Minimum number of target: 1
Maximum number of target: 29

Number of targets by PAM type:


|PAM |     n|
|:---|-----:|
|AGG |  9970|
|CGG | 15172|
|GGG | 10854|
|TGG | 10134|
My SLURM_ARRAY_TASK_ID:  1
My TMPDIR IS:  /scratch/local/59238512
Input Genome:>>>>>>>>>>>>>>>>>>>>>>>>>>>>>>>>>>>>>>>>>>>  Pseudomonas_aeruginosa_PAO1_107.gbk
Threads used:>>>>>>>>>>>>>>>>>>>>>>>>>>>>>>>>>>>>>>>>>>>  32
Dist used:>>>>>>>>>>>>>>>>>>>>>>>>>>>>>>>>>>>>>>>>>>>  3
GuideMaker
Your CPU supports instructions that this binary was not compiled to use: SSE4.1 SSE4.2 AVX
For maximum performance, you can install NMSLIB from sources 
pip install --no-binary :all: nmslib
2020-09-29 12:07:55,153: INFO     Temp directory is: /scratch/local/59238512/guidemaker_ubmtx2lc
2020-09-29 12:07:55,153: INFO     Writing fasta file from genbank file(s)
2020-09-29 12:07:55,154: INFO     check if ../../all_test_data/Pseudomonas_aeruginosa_PAO1_107.gbk is gzipped
/home/rp3448/.conda/envs/nonAVX2/lib/python3.7/site-packages/Bio/GenBank/Scanner.py:1400: BiopythonParserWarning: Truncated LOCUS line found - is this correct?
:'LOCUS       NC_002516            6264404 bp    dna     circular UNK \n'
  BiopythonParserWarning,
/home/rp3448/.conda/envs/nonAVX2/lib/python3.7/site-packages/Bio/GenBank/__init__.py:762: BiopythonParserWarning: Non-upper case molecule type in LOCUS line: dna
  BiopythonParserWarning,
2020-09-29 12:07:57,565: INFO     Identifying PAM sites in the genome
2020-09-29 12:11:05,728: INFO     Identifing guides that are unique near the PAM site
2020-09-29 12:11:08,506: INFO     Indexing all potential guide sites: 1171800. This is the longest step.
2020-09-29 12:11:22,259: INFO     M                   = 16
2020-09-29 12:11:22,259: INFO     indexThreadQty      = 32
2020-09-29 12:11:22,259: INFO     efConstruction      = 10
2020-09-29 12:11:22,259: INFO     maxM			          = 16
2020-09-29 12:11:22,259: INFO     maxM0			          = 32
2020-09-29 12:11:22,260: INFO     mult                = 0.360674
2020-09-29 12:11:22,260: INFO     skip_optimized_index= 0
2020-09-29 12:11:22,260: INFO     delaunay_type       = 2
2020-09-29 12:11:22,260: INFO     Set HNSW query-time parameters:
2020-09-29 12:11:22,260: INFO     ef(Search)         =20
2020-09-29 12:11:22,260: INFO     algoType           =2

0%   10   20   30   40   50   60   70   80   90   100%
|----|----|----|----|----|----|----|----|----|----|
***************************************************

0%   10   20   30   40   50   60   70   80   90   100%
|----|----|----|----|----|----|----|----|----|----|
*******************************************************2020-09-29 12:11:46,974: INFO     No appropriate custom distance function for Hamming (bit-storage) space
2020-09-29 12:11:46,974: INFO     searchMethod			  = 0
2020-09-29 12:11:47,144: INFO     Identifying guides that have a hamming distance <= 3 to all other potential guides
2020-09-29 12:11:47,975: INFO     Set HNSW query-time parameters:
2020-09-29 12:11:47,975: INFO     ef(Search)         =9
2020-09-29 12:11:47,975: INFO     algoType           =2
2020-09-29 12:12:12,279: INFO     Formatting data for BedTools
2020-09-29 12:12:13,172: INFO     Create GuideMaker Annotation object
2020-09-29 12:12:13,173: INFO     Identify genomic features
2020-09-29 12:12:13,174: INFO     check if ../../all_test_data/Pseudomonas_aeruginosa_PAO1_107.gbk is gzipped
2020-09-29 12:12:16,511: INFO     Total number of CDS/locus in the input genome: 5584
2020-09-29 12:12:16,512: INFO     Find genomic features closest the guides
2020-09-29 12:12:23,413: INFO     Select guides that start between +100 and -100 of a feature start
2020-09-29 12:12:23,850: INFO     Select description columns
2020-09-29 12:12:23,958: INFO     Format the output
2020-09-29 12:12:26,636: INFO     creating random control guides
2020-09-29 12:12:27,026: INFO     Number of random control searched: 100
2020-09-29 12:12:27,027: INFO     Percentage of GC content in the input genome: 66.56
2020-09-29 12:12:27,027: INFO     Total length of the genome: 6.0 MB
2020-09-29 12:12:27,027: INFO     created 10 control guides with a minimum distance of 7 and a median distance of 7
2020-09-29 12:12:27,031: INFO     guidemaker completed, results are at distprofile/
2020-09-29 12:12:27,032: INFO     PAM sequence: NGG
2020-09-29 12:12:27,032: INFO     PAM orientation: 5prime
2020-09-29 12:12:27,032: INFO     Genome strand(s) searched: both
2020-09-29 12:12:27,032: INFO     Total PAM sites considered: 1171800
2020-09-29 12:12:27,032: INFO     Guide RNA candidates found: 45916
	Command being timed: "guidemaker -i ../../all_test_data/Pseudomonas_aeruginosa_PAO1_107.gbk --pamseq NGG --outdir distprofile/ --pam_orientation 5prime --guidelength 20 --strand both --lcp 10 --dist 3 --before 100 --into 100 --knum 10 --controls 10 --log GuideMaker_59238512_1.log --threads 32"
	User time (seconds): 839.52
	System time (seconds): 99.06
	Percent of CPU this job got: 337%
	Elapsed (wall clock) time (h:mm:ss or m:ss): 4:37.70
	Average shared text size (kbytes): 0
	Average unshared data size (kbytes): 0
	Average stack size (kbytes): 0
	Average total size (kbytes): 0
	Maximum resident set size (kbytes): 2623168
	Average resident set size (kbytes): 0
	Major (requiring I/O) page faults: 0
	Minor (reclaiming a frame) page faults: 7370301
	Voluntary context switches: 1617710
	Involuntary context switches: 78116
	Swaps: 0
	File system inputs: 0
	File system outputs: 186528
	Socket messages sent: 0
	Socket messages received: 0
	Signals delivered: 0
	Page size (bytes): 4096
	Exit status: 0
######### Printing summary of targets and genome ###########
Total number of CDS/locus_tag in the genome: 5584
Total number of CDS/locus_tag in the targets file: 5454
Number of locus missded by targets: 130
Percentage of locus missded by targets: 2.33%
Coverage of genome by targets: 97.67%
Average number of targets per locus tag: 8.42
Standard Deviation: 4.61
Median number of targers per locus tag: 8
Minimum number of target: 1
Maximum number of target: 29

Number of targets by PAM type:


|PAM |     n|
|:---|-----:|
|AGG |  9917|
|CGG | 15099|
|GGG | 10800|
|TGG | 10100|
My SLURM_ARRAY_TASK_ID:  1
My TMPDIR IS:  /scratch/local/59238512
Input Genome:>>>>>>>>>>>>>>>>>>>>>>>>>>>>>>>>>>>>>>>>>>>  Pseudomonas_aeruginosa_PAO1_107.gbk
Threads used:>>>>>>>>>>>>>>>>>>>>>>>>>>>>>>>>>>>>>>>>>>>  32
Dist used:>>>>>>>>>>>>>>>>>>>>>>>>>>>>>>>>>>>>>>>>>>>  4
GuideMaker
Your CPU supports instructions that this binary was not compiled to use: SSE4.1 SSE4.2 AVX
For maximum performance, you can install NMSLIB from sources 
pip install --no-binary :all: nmslib
2020-09-29 12:12:38,570: INFO     Temp directory is: /scratch/local/59238512/guidemaker_fvcxm7h8
2020-09-29 12:12:38,571: INFO     Writing fasta file from genbank file(s)
2020-09-29 12:12:38,571: INFO     check if ../../all_test_data/Pseudomonas_aeruginosa_PAO1_107.gbk is gzipped
/home/rp3448/.conda/envs/nonAVX2/lib/python3.7/site-packages/Bio/GenBank/Scanner.py:1400: BiopythonParserWarning: Truncated LOCUS line found - is this correct?
:'LOCUS       NC_002516            6264404 bp    dna     circular UNK \n'
  BiopythonParserWarning,
/home/rp3448/.conda/envs/nonAVX2/lib/python3.7/site-packages/Bio/GenBank/__init__.py:762: BiopythonParserWarning: Non-upper case molecule type in LOCUS line: dna
  BiopythonParserWarning,
2020-09-29 12:12:41,008: INFO     Identifying PAM sites in the genome
2020-09-29 12:15:54,184: INFO     Identifing guides that are unique near the PAM site
2020-09-29 12:15:57,158: INFO     Indexing all potential guide sites: 1171800. This is the longest step.
2020-09-29 12:16:11,105: INFO     M                   = 16
2020-09-29 12:16:11,105: INFO     indexThreadQty      = 32
2020-09-29 12:16:11,105: INFO     efConstruction      = 10
2020-09-29 12:16:11,106: INFO     maxM			          = 16
2020-09-29 12:16:11,106: INFO     maxM0			          = 32
2020-09-29 12:16:11,106: INFO     mult                = 0.360674
2020-09-29 12:16:11,106: INFO     skip_optimized_index= 0
2020-09-29 12:16:11,106: INFO     delaunay_type       = 2
2020-09-29 12:16:11,106: INFO     Set HNSW query-time parameters:
2020-09-29 12:16:11,106: INFO     ef(Search)         =20
2020-09-29 12:16:11,107: INFO     algoType           =2

0%   10   20   30   40   50   60   70   80   90   100%
|----|----|----|----|----|----|----|----|----|----|
***************************************************

0%   10   20   30   40   50   60   70   80   90   100%
|----|----|----|----|----|----|----|----|----|----|
*******************************************************2020-09-29 12:16:36,134: INFO     No appropriate custom distance function for Hamming (bit-storage) space
2020-09-29 12:16:36,135: INFO     searchMethod			  = 0
2020-09-29 12:16:36,592: INFO     Identifying guides that have a hamming distance <= 4 to all other potential guides
2020-09-29 12:16:37,474: INFO     Set HNSW query-time parameters:
2020-09-29 12:16:37,474: INFO     ef(Search)         =9
2020-09-29 12:16:37,475: INFO     algoType           =2
2020-09-29 12:17:02,233: INFO     Formatting data for BedTools
2020-09-29 12:17:03,180: INFO     Create GuideMaker Annotation object
2020-09-29 12:17:03,181: INFO     Identify genomic features
2020-09-29 12:17:03,181: INFO     check if ../../all_test_data/Pseudomonas_aeruginosa_PAO1_107.gbk is gzipped
2020-09-29 12:17:05,591: INFO     Total number of CDS/locus in the input genome: 5584
2020-09-29 12:17:05,591: INFO     Find genomic features closest the guides
2020-09-29 12:17:12,052: INFO     Select guides that start between +100 and -100 of a feature start
2020-09-29 12:17:12,463: INFO     Select description columns
2020-09-29 12:17:12,572: INFO     Format the output
2020-09-29 12:17:15,308: INFO     creating random control guides
2020-09-29 12:17:15,699: INFO     Number of random control searched: 100
2020-09-29 12:17:15,700: INFO     Percentage of GC content in the input genome: 66.56
2020-09-29 12:17:15,700: INFO     Total length of the genome: 6.0 MB
2020-09-29 12:17:15,700: INFO     created 10 control guides with a minimum distance of 7 and a median distance of 7
2020-09-29 12:17:15,703: INFO     guidemaker completed, results are at distprofile/
2020-09-29 12:17:15,703: INFO     PAM sequence: NGG
2020-09-29 12:17:15,703: INFO     PAM orientation: 5prime
2020-09-29 12:17:15,703: INFO     Genome strand(s) searched: both
2020-09-29 12:17:15,703: INFO     Total PAM sites considered: 1171800
2020-09-29 12:17:15,703: INFO     Guide RNA candidates found: 44170
	Command being timed: "guidemaker -i ../../all_test_data/Pseudomonas_aeruginosa_PAO1_107.gbk --pamseq NGG --outdir distprofile/ --pam_orientation 5prime --guidelength 20 --strand both --lcp 10 --dist 4 --before 100 --into 100 --knum 10 --controls 10 --log GuideMaker_59238512_1.log --threads 32"
	User time (seconds): 844.66
	System time (seconds): 101.10
	Percent of CPU this job got: 333%
	Elapsed (wall clock) time (h:mm:ss or m:ss): 4:43.19
	Average shared text size (kbytes): 0
	Average unshared data size (kbytes): 0
	Average stack size (kbytes): 0
	Average total size (kbytes): 0
	Maximum resident set size (kbytes): 2601812
	Average resident set size (kbytes): 0
	Major (requiring I/O) page faults: 0
	Minor (reclaiming a frame) page faults: 7843686
	Voluntary context switches: 1501570
	Involuntary context switches: 2204
	Swaps: 0
	File system inputs: 0
	File system outputs: 175032
	Socket messages sent: 0
	Socket messages received: 0
	Signals delivered: 0
	Page size (bytes): 4096
	Exit status: 0
######### Printing summary of targets and genome ###########
Total number of CDS/locus_tag in the genome: 5584
Total number of CDS/locus_tag in the targets file: 5427
Number of locus missded by targets: 157
Percentage of locus missded by targets: 2.81%
Coverage of genome by targets: 97.19%
Average number of targets per locus tag: 8.14
Standard Deviation: 4.56
Median number of targers per locus tag: 8
Minimum number of target: 1
Maximum number of target: 28

Number of targets by PAM type:


|PAM |     n|
|:---|-----:|
|AGG |  9529|
|CGG | 14494|
|GGG | 10449|
|TGG |  9698|
My SLURM_ARRAY_TASK_ID:  1
My TMPDIR IS:  /scratch/local/59238512
Input Genome:>>>>>>>>>>>>>>>>>>>>>>>>>>>>>>>>>>>>>>>>>>>  Pseudomonas_aeruginosa_PAO1_107.gbk
Threads used:>>>>>>>>>>>>>>>>>>>>>>>>>>>>>>>>>>>>>>>>>>>  32
Dist used:>>>>>>>>>>>>>>>>>>>>>>>>>>>>>>>>>>>>>>>>>>>  5
GuideMaker
Your CPU supports instructions that this binary was not compiled to use: SSE4.1 SSE4.2 AVX
For maximum performance, you can install NMSLIB from sources 
pip install --no-binary :all: nmslib
2020-09-29 12:17:27,432: INFO     Temp directory is: /scratch/local/59238512/guidemaker_6rh4i826
2020-09-29 12:17:27,433: INFO     Writing fasta file from genbank file(s)
2020-09-29 12:17:27,433: INFO     check if ../../all_test_data/Pseudomonas_aeruginosa_PAO1_107.gbk is gzipped
/home/rp3448/.conda/envs/nonAVX2/lib/python3.7/site-packages/Bio/GenBank/Scanner.py:1400: BiopythonParserWarning: Truncated LOCUS line found - is this correct?
:'LOCUS       NC_002516            6264404 bp    dna     circular UNK \n'
  BiopythonParserWarning,
/home/rp3448/.conda/envs/nonAVX2/lib/python3.7/site-packages/Bio/GenBank/__init__.py:762: BiopythonParserWarning: Non-upper case molecule type in LOCUS line: dna
  BiopythonParserWarning,
2020-09-29 12:17:29,845: INFO     Identifying PAM sites in the genome
2020-09-29 12:20:38,741: INFO     Identifing guides that are unique near the PAM site
2020-09-29 12:20:41,533: INFO     Indexing all potential guide sites: 1171800. This is the longest step.
2020-09-29 12:20:55,282: INFO     M                   = 16
2020-09-29 12:20:55,282: INFO     indexThreadQty      = 32
2020-09-29 12:20:55,282: INFO     efConstruction      = 10
2020-09-29 12:20:55,283: INFO     maxM			          = 16
2020-09-29 12:20:55,283: INFO     maxM0			          = 32
2020-09-29 12:20:55,283: INFO     mult                = 0.360674
2020-09-29 12:20:55,283: INFO     skip_optimized_index= 0
2020-09-29 12:20:55,283: INFO     delaunay_type       = 2
2020-09-29 12:20:55,283: INFO     Set HNSW query-time parameters:
2020-09-29 12:20:55,283: INFO     ef(Search)         =20
2020-09-29 12:20:55,284: INFO     algoType           =2

0%   10   20   30   40   50   60   70   80   90   100%
|----|----|----|----|----|----|----|----|----|----|
***************************************************

0%   10   20   30   40   50   60   70   80   90   100%
|----|----|----|----|----|----|----|----|----|----|
****************************************************2020-09-29 12:21:19,118: INFO     No appropriate custom distance function for Hamming (bit-storage) space
2020-09-29 12:21:19,119: INFO     searchMethod			  = 0
2020-09-29 12:21:19,310: INFO     Identifying guides that have a hamming distance <= 5 to all other potential guides
2020-09-29 12:21:20,152: INFO     Set HNSW query-time parameters:
2020-09-29 12:21:20,152: INFO     ef(Search)         =9
2020-09-29 12:21:20,152: INFO     algoType           =2
2020-09-29 12:21:40,319: INFO     Formatting data for BedTools
2020-09-29 12:21:41,047: INFO     Create GuideMaker Annotation object
2020-09-29 12:21:41,047: INFO     Identify genomic features
2020-09-29 12:21:41,048: INFO     check if ../../all_test_data/Pseudomonas_aeruginosa_PAO1_107.gbk is gzipped
2020-09-29 12:21:43,428: INFO     Total number of CDS/locus in the input genome: 5584
2020-09-29 12:21:43,428: INFO     Find genomic features closest the guides
2020-09-29 12:21:48,426: INFO     Select guides that start between +100 and -100 of a feature start
2020-09-29 12:21:48,820: INFO     Select description columns
2020-09-29 12:21:48,927: INFO     Format the output
2020-09-29 12:21:51,204: INFO     creating random control guides
2020-09-29 12:21:51,542: INFO     Number of random control searched: 100
2020-09-29 12:21:51,542: INFO     Percentage of GC content in the input genome: 66.56
2020-09-29 12:21:51,542: INFO     Total length of the genome: 6.0 MB
2020-09-29 12:21:51,542: INFO     created 10 control guides with a minimum distance of 7 and a median distance of 7
2020-09-29 12:21:51,545: INFO     guidemaker completed, results are at distprofile/
2020-09-29 12:21:51,545: INFO     PAM sequence: NGG
2020-09-29 12:21:51,545: INFO     PAM orientation: 5prime
2020-09-29 12:21:51,545: INFO     Genome strand(s) searched: both
2020-09-29 12:21:51,546: INFO     Total PAM sites considered: 1171800
2020-09-29 12:21:51,546: INFO     Guide RNA candidates found: 37216
	Command being timed: "guidemaker -i ../../all_test_data/Pseudomonas_aeruginosa_PAO1_107.gbk --pamseq NGG --outdir distprofile/ --pam_orientation 5prime --guidelength 20 --strand both --lcp 10 --dist 5 --before 100 --into 100 --knum 10 --controls 10 --log GuideMaker_59238512_1.log --threads 32"
	User time (seconds): 830.03
	System time (seconds): 91.53
	Percent of CPU this job got: 341%
	Elapsed (wall clock) time (h:mm:ss or m:ss): 4:30.16
	Average shared text size (kbytes): 0
	Average unshared data size (kbytes): 0
	Average stack size (kbytes): 0
	Average total size (kbytes): 0
	Maximum resident set size (kbytes): 2497940
	Average resident set size (kbytes): 0
	Major (requiring I/O) page faults: 0
	Minor (reclaiming a frame) page faults: 6265534
	Voluntary context switches: 1441157
	Involuntary context switches: 61035
	Swaps: 0
	File system inputs: 0
	File system outputs: 139040
	Socket messages sent: 0
	Socket messages received: 0
	Signals delivered: 0
	Page size (bytes): 4096
	Exit status: 0
######### Printing summary of targets and genome ###########
Total number of CDS/locus_tag in the genome: 5584
Total number of CDS/locus_tag in the targets file: 5296
Number of locus missded by targets: 288
Percentage of locus missded by targets: 5.16%
Coverage of genome by targets: 94.84%
Average number of targets per locus tag: 7.03
Standard Deviation: 4.21
Median number of targers per locus tag: 7
Minimum number of target: 1
Maximum number of target: 25

Number of targets by PAM type:


|PAM |     n|
|:---|-----:|
|AGG |  8019|
|CGG | 12126|
|GGG |  8959|
|TGG |  8112|
