Mon Feb  8 13:51:52 EST 2021
c35a-s18.ufhpc
/blue/garrett/rp3448/analysis/guidemaker/AVXGuidemaker
My SLURM_ARRAY_TASK_ID:  1
My TMPDIR IS:  /scratch/local/63929080
Input Genome:>>>>>>>>>>>>>>>>>>>>>>>>>>>>>>>>>>>>>>>>>>>  Burkholderia_thailandensis_E264_ATCC_700388_133.gbk
Threads used:>>>>>>>>>>>>>>>>>>>>>>>>>>>>>>>>>>>>>>>>>>>  32
Dist used:>>>>>>>>>>>>>>>>>>>>>>>>>>>>>>>>>>>>>>>>>>>  0
GuideMaker
2021-02-08 13:51:58,916: INFO     Temp directory is: /scratch/local/63929080/guidemaker_5wbij52i
2021-02-08 13:51:58,917: INFO     Writing fasta file from genbank file(s)
2021-02-08 13:51:58,918: INFO     check if ../all_test_data/Burkholderia_thailandensis_E264_ATCC_700388_133.gbk is gzipped
2021-02-08 13:51:59,788: INFO     Identifying PAM sites in the genome
2021-02-08 13:52:22,458: INFO     Checking guides for restriction enzymes
2021-02-08 13:52:22,719: INFO     Number of guides removed after checking for restriction enzymes: 0
2021-02-08 13:52:22,720: INFO     Identifing guides that are unique near the PAM site
2021-02-08 13:52:24,318: INFO     Number of guides removed after checking for unique PAM: 592066
2021-02-08 13:52:24,318: INFO     Indexing all potential guide sites: 923228. This is the longest step.
2021-02-08 13:52:28,757: INFO     M                   = 16
2021-02-08 13:52:28,758: INFO     indexThreadQty      = 32
2021-02-08 13:52:28,758: INFO     efConstruction      = 10
2021-02-08 13:52:28,758: INFO     maxM			          = 16
2021-02-08 13:52:28,758: INFO     maxM0			          = 32
2021-02-08 13:52:28,758: INFO     mult                = 0.360674
2021-02-08 13:52:28,758: INFO     skip_optimized_index= 0
2021-02-08 13:52:28,758: INFO     delaunay_type       = 2
2021-02-08 13:52:28,758: INFO     Set HNSW query-time parameters:
2021-02-08 13:52:28,758: INFO     ef(Search)         =20
2021-02-08 13:52:28,758: INFO     algoType           =2

0%   10   20   30   40   50   60   70   80   90   100%
|----|----|----|----|----|----|----|----|----|----|
***************************************************

0%   10   20   30   40   50   60   70   80   90   100%
|----|----|----|----|----|----|----|----|----|----|
*******************************************************2021-02-08 13:52:34,192: INFO     No appropriate custom distance function for Hamming (bit-storage) space
2021-02-08 13:52:34,192: INFO     searchMethod			  = 0
2021-02-08 13:52:34,274: INFO     Identifying guides that have a hamming distance <= 0 to all other potential guides
2021-02-08 13:52:34,842: INFO     Set HNSW query-time parameters:
2021-02-08 13:52:34,842: INFO     ef(Search)         =9
2021-02-08 13:52:34,842: INFO     algoType           =2
2021-02-08 13:52:51,816: INFO     Formatting data for BedTools
2021-02-08 13:52:52,504: INFO     Create GuideMaker Annotation object
2021-02-08 13:52:52,504: INFO     Identify genomic features
2021-02-08 13:52:52,504: INFO     check if ../all_test_data/Burkholderia_thailandensis_E264_ATCC_700388_133.gbk is gzipped
2021-02-08 13:52:53,214: INFO     Total number of CDS/locus in the input genome: 5633
2021-02-08 13:52:53,214: INFO     Find genomic features closest the guides
2021-02-08 13:52:57,940: INFO     Select guides that start between +500 and -500 of a feature start
2021-02-08 13:52:58,462: INFO     Select description columns
2021-02-08 13:52:58,512: INFO     Format the output
2021-02-08 13:53:01,141: INFO     Number of Guides within a gene coordinates i.e. zero Feature distance: 128778
2021-02-08 13:53:03,504: INFO     creating random control guides
2021-02-08 13:53:03,669: INFO     Number of random control searched: 100
2021-02-08 13:53:03,670: INFO     Percentage of GC content in the input genome: 67.63
2021-02-08 13:53:03,670: INFO     Total length of the genome: 6.4 MB
2021-02-08 13:53:03,670: INFO     created 10 control guides with a minimum distance of 7 and a median distance of 7
2021-02-08 13:53:03,672: INFO     guidemaker completed, results are at dist_burko
2021-02-08 13:53:03,672: INFO     PAM sequence: NGG
2021-02-08 13:53:03,672: INFO     PAM orientation: 3prime
2021-02-08 13:53:03,672: INFO     Genome strand(s) searched: both
2021-02-08 13:53:03,672: INFO     Total PAM sites considered: 923228
2021-02-08 13:53:03,672: INFO     Guide RNA candidates found: 239781
	Command being timed: "guidemaker -i ../all_test_data/Burkholderia_thailandensis_E264_ATCC_700388_133.gbk --pamseq NGG --outdir dist_burko --pam_orientation 3prime --guidelength 20 --strand both --lcp 11 --dist 0 --before 500 --into 500 --knum 10 --controls 10 --log GuideMaker_63929080_1.log --threads 32"
	User time (seconds): 213.64
	System time (seconds): 19.04
	Percent of CPU this job got: 337%
	Elapsed (wall clock) time (h:mm:ss or m:ss): 1:09.02
	Average shared text size (kbytes): 0
	Average unshared data size (kbytes): 0
	Average stack size (kbytes): 0
	Average total size (kbytes): 0
	Maximum resident set size (kbytes): 2476100
	Average resident set size (kbytes): 0
	Major (requiring I/O) page faults: 123
	Minor (reclaiming a frame) page faults: 2429985
	Voluntary context switches: 1020418
	Involuntary context switches: 590
	Swaps: 0
	File system inputs: 394024
	File system outputs: 440872
	Socket messages sent: 0
	Socket messages received: 0
	Signals delivered: 0
	Page size (bytes): 4096
	Exit status: 0
######### Printing summary of targets and genome ###########
Total number of CDS/locus_tag in the genome: 5633
Total number of CDS/locus_tag in the targets file: 5505
Number of locus missded by targets: 128
Percentage of locus missded by targets: 2.27%
Coverage of genome by targets: 97.73%
Average number of targets per locus tag: 23.39
Standard Deviation: 9.49
Median number of targers per locus tag: 22
Minimum number of target: 1
Maximum number of target: 65

Number of targets by PAM type:


|PAM |     n|
|:---|-----:|
|AGG | 16856|
|CGG | 68843|
|GGG | 23428|
|TGG | 19651|
My SLURM_ARRAY_TASK_ID:  1
My TMPDIR IS:  /scratch/local/63929080
Input Genome:>>>>>>>>>>>>>>>>>>>>>>>>>>>>>>>>>>>>>>>>>>>  Burkholderia_thailandensis_E264_ATCC_700388_133.gbk
Threads used:>>>>>>>>>>>>>>>>>>>>>>>>>>>>>>>>>>>>>>>>>>>  32
Dist used:>>>>>>>>>>>>>>>>>>>>>>>>>>>>>>>>>>>>>>>>>>>  1
GuideMaker
2021-02-08 13:53:13,652: INFO     Temp directory is: /scratch/local/63929080/guidemaker_vb78ejm7
2021-02-08 13:53:13,652: INFO     Writing fasta file from genbank file(s)
2021-02-08 13:53:13,652: INFO     check if ../all_test_data/Burkholderia_thailandensis_E264_ATCC_700388_133.gbk is gzipped
2021-02-08 13:53:14,393: INFO     Identifying PAM sites in the genome
2021-02-08 13:53:36,795: INFO     Checking guides for restriction enzymes
2021-02-08 13:53:37,057: INFO     Number of guides removed after checking for restriction enzymes: 0
2021-02-08 13:53:37,057: INFO     Identifing guides that are unique near the PAM site
2021-02-08 13:53:38,614: INFO     Number of guides removed after checking for unique PAM: 592066
2021-02-08 13:53:38,614: INFO     Indexing all potential guide sites: 923228. This is the longest step.
2021-02-08 13:53:43,011: INFO     M                   = 16
2021-02-08 13:53:43,011: INFO     indexThreadQty      = 32
2021-02-08 13:53:43,012: INFO     efConstruction      = 10
2021-02-08 13:53:43,012: INFO     maxM			          = 16
2021-02-08 13:53:43,012: INFO     maxM0			          = 32
2021-02-08 13:53:43,012: INFO     mult                = 0.360674
2021-02-08 13:53:43,012: INFO     skip_optimized_index= 0
2021-02-08 13:53:43,012: INFO     delaunay_type       = 2
2021-02-08 13:53:43,012: INFO     Set HNSW query-time parameters:
2021-02-08 13:53:43,012: INFO     ef(Search)         =20
2021-02-08 13:53:43,012: INFO     algoType           =2

0%   10   20   30   40   50   60   70   80   90   100%
|----|----|----|----|----|----|----|----|----|----|
***************************************************

0%   10   20   30   40   50   60   70   80   90   100%
|----|----|----|----|----|----|----|----|----|----|
*******************************************************2021-02-08 13:53:48,487: INFO     No appropriate custom distance function for Hamming (bit-storage) space
2021-02-08 13:53:48,487: INFO     searchMethod			  = 0
2021-02-08 13:53:48,587: INFO     Identifying guides that have a hamming distance <= 1 to all other potential guides
2021-02-08 13:53:49,179: INFO     Set HNSW query-time parameters:
2021-02-08 13:53:49,179: INFO     ef(Search)         =9
2021-02-08 13:53:49,179: INFO     algoType           =2
2021-02-08 13:54:05,878: INFO     Formatting data for BedTools
2021-02-08 13:54:06,569: INFO     Create GuideMaker Annotation object
2021-02-08 13:54:06,570: INFO     Identify genomic features
2021-02-08 13:54:06,570: INFO     check if ../all_test_data/Burkholderia_thailandensis_E264_ATCC_700388_133.gbk is gzipped
2021-02-08 13:54:07,301: INFO     Total number of CDS/locus in the input genome: 5633
2021-02-08 13:54:07,302: INFO     Find genomic features closest the guides
2021-02-08 13:54:11,967: INFO     Select guides that start between +500 and -500 of a feature start
2021-02-08 13:54:12,437: INFO     Select description columns
2021-02-08 13:54:12,489: INFO     Format the output
2021-02-08 13:54:15,147: INFO     Number of Guides within a gene coordinates i.e. zero Feature distance: 128778
2021-02-08 13:54:17,460: INFO     creating random control guides
2021-02-08 13:54:17,586: INFO     Number of random control searched: 100
2021-02-08 13:54:17,586: INFO     Percentage of GC content in the input genome: 67.63
2021-02-08 13:54:17,586: INFO     Total length of the genome: 6.4 MB
2021-02-08 13:54:17,586: INFO     created 10 control guides with a minimum distance of 7 and a median distance of 7
2021-02-08 13:54:17,588: INFO     guidemaker completed, results are at dist_burko
2021-02-08 13:54:17,588: INFO     PAM sequence: NGG
2021-02-08 13:54:17,588: INFO     PAM orientation: 3prime
2021-02-08 13:54:17,588: INFO     Genome strand(s) searched: both
2021-02-08 13:54:17,588: INFO     Total PAM sites considered: 923228
2021-02-08 13:54:17,588: INFO     Guide RNA candidates found: 239781
	Command being timed: "guidemaker -i ../all_test_data/Burkholderia_thailandensis_E264_ATCC_700388_133.gbk --pamseq NGG --outdir dist_burko --pam_orientation 3prime --guidelength 20 --strand both --lcp 11 --dist 1 --before 500 --into 500 --knum 10 --controls 10 --log GuideMaker_63929080_1.log --threads 32"
	User time (seconds): 212.58
	System time (seconds): 17.85
	Percent of CPU this job got: 344%
	Elapsed (wall clock) time (h:mm:ss or m:ss): 1:06.98
	Average shared text size (kbytes): 0
	Average unshared data size (kbytes): 0
	Average stack size (kbytes): 0
	Average total size (kbytes): 0
	Maximum resident set size (kbytes): 2471872
	Average resident set size (kbytes): 0
	Major (requiring I/O) page faults: 0
	Minor (reclaiming a frame) page faults: 2479697
	Voluntary context switches: 937978
	Involuntary context switches: 293209
	Swaps: 0
	File system inputs: 16
	File system outputs: 440896
	Socket messages sent: 0
	Socket messages received: 0
	Signals delivered: 0
	Page size (bytes): 4096
	Exit status: 0
######### Printing summary of targets and genome ###########
Total number of CDS/locus_tag in the genome: 5633
Total number of CDS/locus_tag in the targets file: 5505
Number of locus missded by targets: 128
Percentage of locus missded by targets: 2.27%
Coverage of genome by targets: 97.73%
Average number of targets per locus tag: 23.39
Standard Deviation: 9.49
Median number of targers per locus tag: 22
Minimum number of target: 1
Maximum number of target: 65

Number of targets by PAM type:


|PAM |     n|
|:---|-----:|
|AGG | 16856|
|CGG | 68843|
|GGG | 23428|
|TGG | 19651|
My SLURM_ARRAY_TASK_ID:  1
My TMPDIR IS:  /scratch/local/63929080
Input Genome:>>>>>>>>>>>>>>>>>>>>>>>>>>>>>>>>>>>>>>>>>>>  Burkholderia_thailandensis_E264_ATCC_700388_133.gbk
Threads used:>>>>>>>>>>>>>>>>>>>>>>>>>>>>>>>>>>>>>>>>>>>  32
Dist used:>>>>>>>>>>>>>>>>>>>>>>>>>>>>>>>>>>>>>>>>>>>  2
GuideMaker
2021-02-08 13:54:27,478: INFO     Temp directory is: /scratch/local/63929080/guidemaker_8up00edb
2021-02-08 13:54:27,479: INFO     Writing fasta file from genbank file(s)
2021-02-08 13:54:27,479: INFO     check if ../all_test_data/Burkholderia_thailandensis_E264_ATCC_700388_133.gbk is gzipped
2021-02-08 13:54:28,210: INFO     Identifying PAM sites in the genome
2021-02-08 13:54:50,715: INFO     Checking guides for restriction enzymes
2021-02-08 13:54:50,973: INFO     Number of guides removed after checking for restriction enzymes: 0
2021-02-08 13:54:50,973: INFO     Identifing guides that are unique near the PAM site
2021-02-08 13:54:52,552: INFO     Number of guides removed after checking for unique PAM: 592066
2021-02-08 13:54:52,553: INFO     Indexing all potential guide sites: 923228. This is the longest step.
2021-02-08 13:54:56,949: INFO     M                   = 16
2021-02-08 13:54:56,950: INFO     indexThreadQty      = 32
2021-02-08 13:54:56,950: INFO     efConstruction      = 10
2021-02-08 13:54:56,950: INFO     maxM			          = 16
2021-02-08 13:54:56,950: INFO     maxM0			          = 32
2021-02-08 13:54:56,950: INFO     mult                = 0.360674
2021-02-08 13:54:56,950: INFO     skip_optimized_index= 0
2021-02-08 13:54:56,950: INFO     delaunay_type       = 2
2021-02-08 13:54:56,950: INFO     Set HNSW query-time parameters:
2021-02-08 13:54:56,950: INFO     ef(Search)         =20
2021-02-08 13:54:56,950: INFO     algoType           =2

0%   10   20   30   40   50   60   70   80   90   100%
|----|----|----|----|----|----|----|----|----|----|
***************************************************

0%   10   20   30   40   50   60   70   80   90   100%
|----|----|----|----|----|----|----|----|----|----|
****************************************************2021-02-08 13:55:02,383: INFO     No appropriate custom distance function for Hamming (bit-storage) space
2021-02-08 13:55:02,383: INFO     searchMethod			  = 0
2021-02-08 13:55:02,463: INFO     Identifying guides that have a hamming distance <= 2 to all other potential guides
2021-02-08 13:55:03,010: INFO     Set HNSW query-time parameters:
2021-02-08 13:55:03,011: INFO     ef(Search)         =9
2021-02-08 13:55:03,011: INFO     algoType           =2
2021-02-08 13:55:19,379: INFO     Formatting data for BedTools
2021-02-08 13:55:20,051: INFO     Create GuideMaker Annotation object
2021-02-08 13:55:20,051: INFO     Identify genomic features
2021-02-08 13:55:20,052: INFO     check if ../all_test_data/Burkholderia_thailandensis_E264_ATCC_700388_133.gbk is gzipped
2021-02-08 13:55:20,757: INFO     Total number of CDS/locus in the input genome: 5633
2021-02-08 13:55:20,757: INFO     Find genomic features closest the guides
2021-02-08 13:55:25,394: INFO     Select guides that start between +500 and -500 of a feature start
2021-02-08 13:55:25,854: INFO     Select description columns
2021-02-08 13:55:25,903: INFO     Format the output
2021-02-08 13:55:28,476: INFO     Number of Guides within a gene coordinates i.e. zero Feature distance: 128395
2021-02-08 13:55:30,671: INFO     creating random control guides
2021-02-08 13:55:30,814: INFO     Number of random control searched: 100
2021-02-08 13:55:30,814: INFO     Percentage of GC content in the input genome: 67.63
2021-02-08 13:55:30,814: INFO     Total length of the genome: 6.4 MB
2021-02-08 13:55:30,814: INFO     created 10 control guides with a minimum distance of 7 and a median distance of 7
2021-02-08 13:55:30,816: INFO     guidemaker completed, results are at dist_burko
2021-02-08 13:55:30,816: INFO     PAM sequence: NGG
2021-02-08 13:55:30,816: INFO     PAM orientation: 3prime
2021-02-08 13:55:30,816: INFO     Genome strand(s) searched: both
2021-02-08 13:55:30,816: INFO     Total PAM sites considered: 923228
2021-02-08 13:55:30,816: INFO     Guide RNA candidates found: 239142
	Command being timed: "guidemaker -i ../all_test_data/Burkholderia_thailandensis_E264_ATCC_700388_133.gbk --pamseq NGG --outdir dist_burko --pam_orientation 3prime --guidelength 20 --strand both --lcp 11 --dist 2 --before 500 --into 500 --knum 10 --controls 10 --log GuideMaker_63929080_1.log --threads 32"
	User time (seconds): 212.42
	System time (seconds): 17.94
	Percent of CPU this job got: 346%
	Elapsed (wall clock) time (h:mm:ss or m:ss): 1:06.38
	Average shared text size (kbytes): 0
	Average unshared data size (kbytes): 0
	Average stack size (kbytes): 0
	Average total size (kbytes): 0
	Maximum resident set size (kbytes): 2464280
	Average resident set size (kbytes): 0
	Major (requiring I/O) page faults: 0
	Minor (reclaiming a frame) page faults: 2367894
	Voluntary context switches: 964923
	Involuntary context switches: 292516
	Swaps: 0
	File system inputs: 0
	File system outputs: 439576
	Socket messages sent: 0
	Socket messages received: 0
	Signals delivered: 0
	Page size (bytes): 4096
	Exit status: 0
######### Printing summary of targets and genome ###########
Total number of CDS/locus_tag in the genome: 5633
Total number of CDS/locus_tag in the targets file: 5500
Number of locus missded by targets: 133
Percentage of locus missded by targets: 2.36%
Coverage of genome by targets: 97.64%
Average number of targets per locus tag: 23.34
Standard Deviation: 9.48
Median number of targers per locus tag: 22
Minimum number of target: 1
Maximum number of target: 65

Number of targets by PAM type:


|PAM |     n|
|:---|-----:|
|AGG | 16807|
|CGG | 68630|
|GGG | 23369|
|TGG | 19589|
My SLURM_ARRAY_TASK_ID:  1
My TMPDIR IS:  /scratch/local/63929080
Input Genome:>>>>>>>>>>>>>>>>>>>>>>>>>>>>>>>>>>>>>>>>>>>  Burkholderia_thailandensis_E264_ATCC_700388_133.gbk
Threads used:>>>>>>>>>>>>>>>>>>>>>>>>>>>>>>>>>>>>>>>>>>>  32
Dist used:>>>>>>>>>>>>>>>>>>>>>>>>>>>>>>>>>>>>>>>>>>>  3
GuideMaker
2021-02-08 13:55:40,726: INFO     Temp directory is: /scratch/local/63929080/guidemaker_25zaqj_3
2021-02-08 13:55:40,729: INFO     Writing fasta file from genbank file(s)
2021-02-08 13:55:40,730: INFO     check if ../all_test_data/Burkholderia_thailandensis_E264_ATCC_700388_133.gbk is gzipped
2021-02-08 13:55:41,474: INFO     Identifying PAM sites in the genome
2021-02-08 13:56:03,448: INFO     Checking guides for restriction enzymes
2021-02-08 13:56:03,710: INFO     Number of guides removed after checking for restriction enzymes: 0
2021-02-08 13:56:03,711: INFO     Identifing guides that are unique near the PAM site
2021-02-08 13:56:05,322: INFO     Number of guides removed after checking for unique PAM: 592066
2021-02-08 13:56:05,322: INFO     Indexing all potential guide sites: 923228. This is the longest step.
2021-02-08 13:56:09,665: INFO     M                   = 16
2021-02-08 13:56:09,665: INFO     indexThreadQty      = 32
2021-02-08 13:56:09,665: INFO     efConstruction      = 10
2021-02-08 13:56:09,665: INFO     maxM			          = 16
2021-02-08 13:56:09,665: INFO     maxM0			          = 32
2021-02-08 13:56:09,665: INFO     mult                = 0.360674
2021-02-08 13:56:09,665: INFO     skip_optimized_index= 0
2021-02-08 13:56:09,665: INFO     delaunay_type       = 2
2021-02-08 13:56:09,665: INFO     Set HNSW query-time parameters:
2021-02-08 13:56:09,666: INFO     ef(Search)         =20
2021-02-08 13:56:09,666: INFO     algoType           =2

0%   10   20   30   40   50   60   70   80   90   100%
|----|----|----|----|----|----|----|----|----|----|
***************************************************

0%   10   20   30   40   50   60   70   80   90   100%
|----|----|----|----|----|----|----|----|----|----|
*****************************************************




2021-02-08 13:56:15,110: INFO     No appropriate custom distance function for Hamming (bit-storage) space
2021-02-08 13:56:15,110: INFO     searchMethod			  = 0
2021-02-08 13:56:15,190: INFO     Identifying guides that have a hamming distance <= 3 to all other potential guides
2021-02-08 13:56:15,728: INFO     Set HNSW query-time parameters:
2021-02-08 13:56:15,728: INFO     ef(Search)         =9
2021-02-08 13:56:15,728: INFO     algoType           =2
2021-02-08 13:56:32,773: INFO     Formatting data for BedTools
2021-02-08 13:56:33,436: INFO     Create GuideMaker Annotation object
2021-02-08 13:56:33,437: INFO     Identify genomic features
2021-02-08 13:56:33,437: INFO     check if ../all_test_data/Burkholderia_thailandensis_E264_ATCC_700388_133.gbk is gzipped
2021-02-08 13:56:34,151: INFO     Total number of CDS/locus in the input genome: 5633
2021-02-08 13:56:34,151: INFO     Find genomic features closest the guides
2021-02-08 13:56:38,708: INFO     Select guides that start between +500 and -500 of a feature start
2021-02-08 13:56:39,168: INFO     Select description columns
2021-02-08 13:56:39,219: INFO     Format the output
2021-02-08 13:56:41,893: INFO     Number of Guides within a gene coordinates i.e. zero Feature distance: 125263
2021-02-08 13:56:44,061: INFO     creating random control guides
2021-02-08 13:56:44,207: INFO     Number of random control searched: 100
2021-02-08 13:56:44,207: INFO     Percentage of GC content in the input genome: 67.63
2021-02-08 13:56:44,207: INFO     Total length of the genome: 6.4 MB
2021-02-08 13:56:44,207: INFO     created 10 control guides with a minimum distance of 7 and a median distance of 7
2021-02-08 13:56:44,209: INFO     guidemaker completed, results are at dist_burko
2021-02-08 13:56:44,209: INFO     PAM sequence: NGG
2021-02-08 13:56:44,209: INFO     PAM orientation: 3prime
2021-02-08 13:56:44,210: INFO     Genome strand(s) searched: both
2021-02-08 13:56:44,210: INFO     Total PAM sites considered: 923228
2021-02-08 13:56:44,210: INFO     Guide RNA candidates found: 234046
	Command being timed: "guidemaker -i ../all_test_data/Burkholderia_thailandensis_E264_ATCC_700388_133.gbk --pamseq NGG --outdir dist_burko --pam_orientation 3prime --guidelength 20 --strand both --lcp 11 --dist 3 --before 500 --into 500 --knum 10 --controls 10 --log GuideMaker_63929080_1.log --threads 32"
	User time (seconds): 212.18
	System time (seconds): 18.42
	Percent of CPU this job got: 346%
	Elapsed (wall clock) time (h:mm:ss or m:ss): 1:06.55
	Average shared text size (kbytes): 0
	Average unshared data size (kbytes): 0
	Average stack size (kbytes): 0
	Average total size (kbytes): 0
	Maximum resident set size (kbytes): 2451700
	Average resident set size (kbytes): 0
	Major (requiring I/O) page faults: 0
	Minor (reclaiming a frame) page faults: 2448949
	Voluntary context switches: 930204
	Involuntary context switches: 89780
	Swaps: 0
	File system inputs: 24
	File system outputs: 429792
	Socket messages sent: 0
	Socket messages received: 0
	Signals delivered: 0
	Page size (bytes): 4096
	Exit status: 0
######### Printing summary of targets and genome ###########
Total number of CDS/locus_tag in the genome: 5633
Total number of CDS/locus_tag in the targets file: 5498
Number of locus missded by targets: 135
Percentage of locus missded by targets: 2.4%
Coverage of genome by targets: 97.6%
Average number of targets per locus tag: 22.78
Standard Deviation: 9.5
Median number of targers per locus tag: 22
Minimum number of target: 1
Maximum number of target: 65

Number of targets by PAM type:


|PAM |     n|
|:---|-----:|
|AGG | 16414|
|CGG | 66759|
|GGG | 22852|
|TGG | 19238|
My SLURM_ARRAY_TASK_ID:  1
My TMPDIR IS:  /scratch/local/63929080
Input Genome:>>>>>>>>>>>>>>>>>>>>>>>>>>>>>>>>>>>>>>>>>>>  Burkholderia_thailandensis_E264_ATCC_700388_133.gbk
Threads used:>>>>>>>>>>>>>>>>>>>>>>>>>>>>>>>>>>>>>>>>>>>  32
Dist used:>>>>>>>>>>>>>>>>>>>>>>>>>>>>>>>>>>>>>>>>>>>  4
GuideMaker
2021-02-08 13:56:53,647: INFO     Temp directory is: /scratch/local/63929080/guidemaker_ixp8sae2
2021-02-08 13:56:53,647: INFO     Writing fasta file from genbank file(s)
2021-02-08 13:56:53,648: INFO     check if ../all_test_data/Burkholderia_thailandensis_E264_ATCC_700388_133.gbk is gzipped
2021-02-08 13:56:54,389: INFO     Identifying PAM sites in the genome
2021-02-08 13:57:16,682: INFO     Checking guides for restriction enzymes
2021-02-08 13:57:16,955: INFO     Number of guides removed after checking for restriction enzymes: 0
2021-02-08 13:57:16,956: INFO     Identifing guides that are unique near the PAM site
2021-02-08 13:57:18,623: INFO     Number of guides removed after checking for unique PAM: 592066
2021-02-08 13:57:18,623: INFO     Indexing all potential guide sites: 923228. This is the longest step.
2021-02-08 13:57:22,927: INFO     M                   = 16
2021-02-08 13:57:22,928: INFO     indexThreadQty      = 32
2021-02-08 13:57:22,928: INFO     efConstruction      = 10
2021-02-08 13:57:22,928: INFO     maxM			          = 16
2021-02-08 13:57:22,928: INFO     maxM0			          = 32
2021-02-08 13:57:22,928: INFO     mult                = 0.360674
2021-02-08 13:57:22,928: INFO     skip_optimized_index= 0
2021-02-08 13:57:22,928: INFO     delaunay_type       = 2
2021-02-08 13:57:22,928: INFO     Set HNSW query-time parameters:
2021-02-08 13:57:22,928: INFO     ef(Search)         =20
2021-02-08 13:57:22,928: INFO     algoType           =2

0%   10   20   30   40   50   60   70   80   90   100%
|----|----|----|----|----|----|----|----|----|----|
***************************************************

0%   10   20   30   40   50   60   70   80   90   100%
|----|----|----|----|----|----|----|----|----|----|
********************************************************
2021-02-08 13:57:28,440: INFO     No appropriate custom distance function for Hamming (bit-storage) space
2021-02-08 13:57:28,441: INFO     searchMethod			  = 0
2021-02-08 13:57:28,541: INFO     Identifying guides that have a hamming distance <= 4 to all other potential guides
2021-02-08 13:57:29,105: INFO     Set HNSW query-time parameters:
2021-02-08 13:57:29,106: INFO     ef(Search)         =9
2021-02-08 13:57:29,106: INFO     algoType           =2
2021-02-08 13:57:45,879: INFO     Formatting data for BedTools
2021-02-08 13:57:46,502: INFO     Create GuideMaker Annotation object
2021-02-08 13:57:46,503: INFO     Identify genomic features
2021-02-08 13:57:46,504: INFO     check if ../all_test_data/Burkholderia_thailandensis_E264_ATCC_700388_133.gbk is gzipped
2021-02-08 13:57:47,940: INFO     Total number of CDS/locus in the input genome: 5633
2021-02-08 13:57:47,941: INFO     Find genomic features closest the guides
2021-02-08 13:57:51,914: INFO     Select guides that start between +500 and -500 of a feature start
2021-02-08 13:57:52,312: INFO     Select description columns
2021-02-08 13:57:52,363: INFO     Format the output
2021-02-08 13:57:54,595: INFO     Number of Guides within a gene coordinates i.e. zero Feature distance: 107299
2021-02-08 13:57:56,501: INFO     creating random control guides
2021-02-08 13:57:56,646: INFO     Number of random control searched: 100
2021-02-08 13:57:56,646: INFO     Percentage of GC content in the input genome: 67.63
2021-02-08 13:57:56,646: INFO     Total length of the genome: 6.4 MB
2021-02-08 13:57:56,646: INFO     created 10 control guides with a minimum distance of 7 and a median distance of 7
2021-02-08 13:57:56,648: INFO     guidemaker completed, results are at dist_burko
2021-02-08 13:57:56,648: INFO     PAM sequence: NGG
2021-02-08 13:57:56,648: INFO     PAM orientation: 3prime
2021-02-08 13:57:56,648: INFO     Genome strand(s) searched: both
2021-02-08 13:57:56,648: INFO     Total PAM sites considered: 923228
2021-02-08 13:57:56,648: INFO     Guide RNA candidates found: 204175
	Command being timed: "guidemaker -i ../all_test_data/Burkholderia_thailandensis_E264_ATCC_700388_133.gbk --pamseq NGG --outdir dist_burko --pam_orientation 3prime --guidelength 20 --strand both --lcp 11 --dist 4 --before 500 --into 500 --knum 10 --controls 10 --log GuideMaker_63929080_1.log --threads 32"
	User time (seconds): 214.08
	System time (seconds): 17.36
	Percent of CPU this job got: 351%
	Elapsed (wall clock) time (h:mm:ss or m:ss): 1:05.93
	Average shared text size (kbytes): 0
	Average unshared data size (kbytes): 0
	Average stack size (kbytes): 0
	Average total size (kbytes): 0
	Maximum resident set size (kbytes): 2415284
	Average resident set size (kbytes): 0
	Major (requiring I/O) page faults: 0
	Minor (reclaiming a frame) page faults: 2240464
	Voluntary context switches: 984499
	Involuntary context switches: 551
	Swaps: 0
	File system inputs: 32
	File system outputs: 373448
	Socket messages sent: 0
	Socket messages received: 0
	Signals delivered: 0
	Page size (bytes): 4096
	Exit status: 0
######### Printing summary of targets and genome ###########
Total number of CDS/locus_tag in the genome: 5633
Total number of CDS/locus_tag in the targets file: 5497
Number of locus missded by targets: 136
Percentage of locus missded by targets: 2.41%
Coverage of genome by targets: 97.59%
Average number of targets per locus tag: 19.52
Standard Deviation: 9.36
Median number of targers per locus tag: 18
Minimum number of target: 1
Maximum number of target: 63

Number of targets by PAM type:


|PAM |     n|
|:---|-----:|
|AGG | 14182|
|CGG | 56380|
|GGG | 19716|
|TGG | 17021|
My SLURM_ARRAY_TASK_ID:  1
My TMPDIR IS:  /scratch/local/63929080
Input Genome:>>>>>>>>>>>>>>>>>>>>>>>>>>>>>>>>>>>>>>>>>>>  Burkholderia_thailandensis_E264_ATCC_700388_133.gbk
Threads used:>>>>>>>>>>>>>>>>>>>>>>>>>>>>>>>>>>>>>>>>>>>  32
Dist used:>>>>>>>>>>>>>>>>>>>>>>>>>>>>>>>>>>>>>>>>>>>  5
GuideMaker
2021-02-08 13:58:05,666: INFO     Temp directory is: /scratch/local/63929080/guidemaker_n2yzqer_
2021-02-08 13:58:05,666: INFO     Writing fasta file from genbank file(s)
2021-02-08 13:58:05,666: INFO     check if ../all_test_data/Burkholderia_thailandensis_E264_ATCC_700388_133.gbk is gzipped
2021-02-08 13:58:06,413: INFO     Identifying PAM sites in the genome
2021-02-08 13:58:28,897: INFO     Checking guides for restriction enzymes
2021-02-08 13:58:29,154: INFO     Number of guides removed after checking for restriction enzymes: 0
2021-02-08 13:58:29,155: INFO     Identifing guides that are unique near the PAM site
2021-02-08 13:58:30,747: INFO     Number of guides removed after checking for unique PAM: 592066
2021-02-08 13:58:30,747: INFO     Indexing all potential guide sites: 923228. This is the longest step.
2021-02-08 13:58:35,143: INFO     M                   = 16
2021-02-08 13:58:35,144: INFO     indexThreadQty      = 32
2021-02-08 13:58:35,144: INFO     efConstruction      = 10
2021-02-08 13:58:35,144: INFO     maxM			          = 16
2021-02-08 13:58:35,144: INFO     maxM0			          = 32
2021-02-08 13:58:35,144: INFO     mult                = 0.360674
2021-02-08 13:58:35,144: INFO     skip_optimized_index= 0
2021-02-08 13:58:35,144: INFO     delaunay_type       = 2
2021-02-08 13:58:35,144: INFO     Set HNSW query-time parameters:
2021-02-08 13:58:35,144: INFO     ef(Search)         =20
2021-02-08 13:58:35,144: INFO     algoType           =2

0%   10   20   30   40   50   60   70   80   90   100%
|----|----|----|----|----|----|----|----|----|----|
***************************************************

0%   10   20   30   40   50   60   70   80   90   100%
|----|----|----|----|----|----|----|----|----|----|
****************************************************2021-02-08 13:58:40,626: INFO     No appropriate custom distance function for Hamming (bit-storage) space
2021-02-08 13:58:40,626: INFO     searchMethod			  = 0
2021-02-08 13:58:40,703: INFO     Identifying guides that have a hamming distance <= 5 to all other potential guides
2021-02-08 13:58:41,265: INFO     Set HNSW query-time parameters:
2021-02-08 13:58:41,266: INFO     ef(Search)         =9
2021-02-08 13:58:41,266: INFO     algoType           =2
2021-02-08 13:58:53,451: INFO     Formatting data for BedTools
2021-02-08 13:58:53,866: INFO     Create GuideMaker Annotation object
2021-02-08 13:58:53,866: INFO     Identify genomic features
2021-02-08 13:58:53,867: INFO     check if ../all_test_data/Burkholderia_thailandensis_E264_ATCC_700388_133.gbk is gzipped
2021-02-08 13:58:54,594: INFO     Total number of CDS/locus in the input genome: 5633
2021-02-08 13:58:54,595: INFO     Find genomic features closest the guides
2021-02-08 13:58:57,284: INFO     Select guides that start between +500 and -500 of a feature start
2021-02-08 13:58:57,585: INFO     Select description columns
2021-02-08 13:58:57,635: INFO     Format the output
2021-02-08 13:58:59,224: INFO     Number of Guides within a gene coordinates i.e. zero Feature distance: 71605
2021-02-08 13:59:00,560: INFO     creating random control guides
2021-02-08 13:59:00,746: INFO     Number of random control searched: 100
2021-02-08 13:59:00,746: INFO     Percentage of GC content in the input genome: 67.63
2021-02-08 13:59:00,746: INFO     Total length of the genome: 6.4 MB
2021-02-08 13:59:00,746: INFO     created 10 control guides with a minimum distance of 7 and a median distance of 7
2021-02-08 13:59:00,748: INFO     guidemaker completed, results are at dist_burko
2021-02-08 13:59:00,748: INFO     PAM sequence: NGG
2021-02-08 13:59:00,748: INFO     PAM orientation: 3prime
2021-02-08 13:59:00,748: INFO     Genome strand(s) searched: both
2021-02-08 13:59:00,748: INFO     Total PAM sites considered: 923228
2021-02-08 13:59:00,748: INFO     Guide RNA candidates found: 142594
	Command being timed: "guidemaker -i ../all_test_data/Burkholderia_thailandensis_E264_ATCC_700388_133.gbk --pamseq NGG --outdir dist_burko --pam_orientation 3prime --guidelength 20 --strand both --lcp 11 --dist 5 --before 500 --into 500 --knum 10 --controls 10 --log GuideMaker_63929080_1.log --threads 32"
	User time (seconds): 204.49
	System time (seconds): 20.75
	Percent of CPU this job got: 388%
	Elapsed (wall clock) time (h:mm:ss or m:ss): 0:57.91
	Average shared text size (kbytes): 0
	Average unshared data size (kbytes): 0
	Average stack size (kbytes): 0
	Average total size (kbytes): 0
	Maximum resident set size (kbytes): 2175912
	Average resident set size (kbytes): 0
	Major (requiring I/O) page faults: 0
	Minor (reclaiming a frame) page faults: 2863767
	Voluntary context switches: 928280
	Involuntary context switches: 52222
	Swaps: 0
	File system inputs: 0
	File system outputs: 259840
	Socket messages sent: 0
	Socket messages received: 0
	Signals delivered: 0
	Page size (bytes): 4096
	Exit status: 0
######### Printing summary of targets and genome ###########
Total number of CDS/locus_tag in the genome: 5633
Total number of CDS/locus_tag in the targets file: 5460
Number of locus missded by targets: 173
Percentage of locus missded by targets: 3.07%
Coverage of genome by targets: 96.93%
Average number of targets per locus tag: 13.11
Standard Deviation: 8.12
Median number of targers per locus tag: 12
Minimum number of target: 1
Maximum number of target: 59

Number of targets by PAM type:


|PAM |     n|
|:---|-----:|
|AGG |  9524|
|CGG | 36560|
|GGG | 13355|
|TGG | 12166|
