Thu Aug 20 00:02:18 EDT 2020
dev1.ufhpc
/blue/garrett/rp3448/analysis/guidemaker/AVXGuidemaker/GuideMaker
My SLURM_ARRAY_TASK_ID:  1
My TMPDIR IS:  /scratch/local/57685736
Input Genome:>>>>>>>>>>>>>>>>>>>>>>>>>>>>>>>>>>>>>>>>>>>  Pseudomonas_aeruginosa_PAO1_107.gbk
Threads used:>>>>>>>>>>>>>>>>>>>>>>>>>>>>>>>>>>>>>>>>>>>  32
Dist used:>>>>>>>>>>>>>>>>>>>>>>>>>>>>>>>>>>>>>>>>>>>  1
GuideMaker
Your CPU supports instructions that this binary was not compiled to use: SSE4.1 SSE4.2 AVX
For maximum performance, you can install NMSLIB from sources 
pip install --no-binary :all: nmslib
2020-08-20 00:02:28,018: INFO     Temp directory is: /scratch/local/57685736/guidemaker_esrlwlq8
2020-08-20 00:02:28,019: INFO     Writing fasta file from genbank file(s)
2020-08-20 00:02:28,020: INFO     check if test/test_data/Pseudomonas_aeruginosa_PAO1_107.gbk is gzipped
/home/rp3448/.conda/envs/nonAVX2/lib/python3.7/site-packages/Bio/GenBank/Scanner.py:1400: BiopythonParserWarning: Truncated LOCUS line found - is this correct?
:'LOCUS       NC_002516            6264404 bp    dna     circular UNK \n'
  BiopythonParserWarning,
/home/rp3448/.conda/envs/nonAVX2/lib/python3.7/site-packages/Bio/GenBank/__init__.py:762: BiopythonParserWarning: Non-upper case molecule type in LOCUS line: dna
  BiopythonParserWarning,
2020-08-20 00:02:30,559: INFO     Identifying PAM sites in the genome
2020-08-20 00:03:52,516: INFO     Identifing guides that are unique near the PAM site
2020-08-20 00:03:55,602: INFO     Indexing all potential guide sites: 1171800. This is the longest step.
2020-08-20 00:04:09,535: INFO     M                   = 16
2020-08-20 00:04:09,536: INFO     indexThreadQty      = 32
2020-08-20 00:04:09,536: INFO     efConstruction      = 64
2020-08-20 00:04:09,536: INFO     maxM			          = 16
2020-08-20 00:04:09,536: INFO     maxM0			          = 32
2020-08-20 00:04:09,536: INFO     mult                = 0.360674
2020-08-20 00:04:09,536: INFO     skip_optimized_index= 0
2020-08-20 00:04:09,537: INFO     delaunay_type       = 2
2020-08-20 00:04:09,537: INFO     Set HNSW query-time parameters:
2020-08-20 00:04:09,537: INFO     ef(Search)         =20
2020-08-20 00:04:09,537: INFO     algoType           =2

0%   10   20   30   40   50   60   70   80   90   100%
|----|----|----|----|----|----|----|----|----|----|
***************************************************

0%   10   20   30   40   50   60   70   80   90   100%
|----|----|----|----|----|----|----|----|----|----|
*******************************************************2020-08-20 00:05:52,433: INFO     No appropriate custom distance function for Hamming (bit-storage) space
2020-08-20 00:05:52,434: INFO     searchMethod			  = 0
2020-08-20 00:05:52,606: INFO     Identifying guides that have a hamming distance <= 1 to all other potential guides
2020-08-20 00:05:53,500: INFO     Set HNSW query-time parameters:
2020-08-20 00:05:53,500: INFO     ef(Search)         =256
2020-08-20 00:05:53,500: INFO     algoType           =2
2020-08-20 00:06:41,218: INFO     Formatting data for BedTools
2020-08-20 00:06:42,071: INFO     Create GuideMaker Annotation object
2020-08-20 00:06:42,071: INFO     Identify genomic features
2020-08-20 00:06:42,072: INFO     check if test/test_data/Pseudomonas_aeruginosa_PAO1_107.gbk is gzipped
2020-08-20 00:06:45,381: INFO     Total number of CDS/locus in the input genome: 5584
2020-08-20 00:06:45,382: INFO     Find genomic features closest the guides
2020-08-20 00:06:53,094: INFO     Select guides that start between +100 and -100 of a feature start
2020-08-20 00:06:53,579: INFO     Select description columns
2020-08-20 00:06:53,692: INFO     Format the output
2020-08-20 00:06:56,625: INFO     creating random control guides
2020-08-20 00:07:27,180: INFO     created 10 control guides with a minimum distance of 7 and a median distance of 7
2020-08-20 00:07:27,189: INFO     guidemaker completed, results are at test_pseudo/
2020-08-20 00:07:27,189: INFO     PAM sequence: NGG
2020-08-20 00:07:27,189: INFO     PAM orientation: 5prime
2020-08-20 00:07:27,189: INFO     Genome strand(s) searched: both
2020-08-20 00:07:27,189: INFO     Total PAM sites considered: 1171800
2020-08-20 00:07:27,190: INFO     Guide RNA candidates found: 46158
Number of random control searched:  100000
	Command being timed: "guidemaker -i test/test_data/Pseudomonas_aeruginosa_PAO1_107.gbk --pamseq NGG --outdir test_pseudo/ --pam_orientation 5prime --guidelength 20 --strand both --lcp 10 --dist 1 --before 100 --into 100 --knum 10 --controls 10 --log GuideMaker_57685736_1.log --threads 32"
	User time (seconds): 3986.51
	System time (seconds): 445.65
	Percent of CPU this job got: 1438%
	Elapsed (wall clock) time (h:mm:ss or m:ss): 5:08.01
	Average shared text size (kbytes): 0
	Average unshared data size (kbytes): 0
	Average stack size (kbytes): 0
	Average total size (kbytes): 0
	Maximum resident set size (kbytes): 2960264
	Average resident set size (kbytes): 0
	Major (requiring I/O) page faults: 119
	Minor (reclaiming a frame) page faults: 34329110
	Voluntary context switches: 1596128
	Involuntary context switches: 22802
	Swaps: 0
	File system inputs: 249784
	File system outputs: 188616
	Socket messages sent: 0
	Socket messages received: 0
	Signals delivered: 0
	Page size (bytes): 4096
	Exit status: 0
######### Printing summary of targets and genome ###########
Total number of CDS/locus_tag in the genome: 5584
Total number of CDS/locus_tag in the targets file: 5462
Number of locus missded by targets: 122
Percentage of locus missded by targets: 2.18%
Coverage of genome by targets: 97.82%
Average number of targets per locus tag: 8.45
Standard Deviation: 4.62
Median number of targers per locus tag: 8
Minimum number of target: 1
Maximum number of target: 29

Number of targets by PAM type:


|PAM |     n|
|:---|-----:|
|AGG |  9977|
|CGG | 15182|
|GGG | 10858|
|TGG | 10141|
My SLURM_ARRAY_TASK_ID:  1
My TMPDIR IS:  /scratch/local/57685736
Input Genome:>>>>>>>>>>>>>>>>>>>>>>>>>>>>>>>>>>>>>>>>>>>  Pseudomonas_aeruginosa_PAO1_107.gbk
Threads used:>>>>>>>>>>>>>>>>>>>>>>>>>>>>>>>>>>>>>>>>>>>  32
Dist used:>>>>>>>>>>>>>>>>>>>>>>>>>>>>>>>>>>>>>>>>>>>  2
GuideMaker
Your CPU supports instructions that this binary was not compiled to use: SSE4.1 SSE4.2 AVX
For maximum performance, you can install NMSLIB from sources 
pip install --no-binary :all: nmslib
2020-08-20 00:07:39,702: INFO     Temp directory is: /scratch/local/57685736/guidemaker_cihv7mlb
2020-08-20 00:07:39,702: INFO     Writing fasta file from genbank file(s)
2020-08-20 00:07:39,703: INFO     check if test/test_data/Pseudomonas_aeruginosa_PAO1_107.gbk is gzipped
/home/rp3448/.conda/envs/nonAVX2/lib/python3.7/site-packages/Bio/GenBank/Scanner.py:1400: BiopythonParserWarning: Truncated LOCUS line found - is this correct?
:'LOCUS       NC_002516            6264404 bp    dna     circular UNK \n'
  BiopythonParserWarning,
/home/rp3448/.conda/envs/nonAVX2/lib/python3.7/site-packages/Bio/GenBank/__init__.py:762: BiopythonParserWarning: Non-upper case molecule type in LOCUS line: dna
  BiopythonParserWarning,
2020-08-20 00:07:42,099: INFO     Identifying PAM sites in the genome
2020-08-20 00:09:05,061: INFO     Identifing guides that are unique near the PAM site
2020-08-20 00:09:07,984: INFO     Indexing all potential guide sites: 1171800. This is the longest step.
2020-08-20 00:09:21,610: INFO     M                   = 16
2020-08-20 00:09:21,610: INFO     indexThreadQty      = 32
2020-08-20 00:09:21,611: INFO     efConstruction      = 64
2020-08-20 00:09:21,611: INFO     maxM			          = 16
2020-08-20 00:09:21,611: INFO     maxM0			          = 32
2020-08-20 00:09:21,611: INFO     mult                = 0.360674
2020-08-20 00:09:21,611: INFO     skip_optimized_index= 0
2020-08-20 00:09:21,611: INFO     delaunay_type       = 2
2020-08-20 00:09:21,611: INFO     Set HNSW query-time parameters:
2020-08-20 00:09:21,612: INFO     ef(Search)         =20
2020-08-20 00:09:21,612: INFO     algoType           =2

0%   10   20   30   40   50   60   70   80   90   100%
|----|----|----|----|----|----|----|----|----|----|
***************************************************

0%   10   20   30   40   50   60   70   80   90   100%
|----|----|----|----|----|----|----|----|----|----|
*******************************************************2020-08-20 00:11:04,989: INFO     No appropriate custom distance function for Hamming (bit-storage) space
2020-08-20 00:11:04,990: INFO     searchMethod			  = 0
2020-08-20 00:11:05,160: INFO     Identifying guides that have a hamming distance <= 2 to all other potential guides
2020-08-20 00:11:05,964: INFO     Set HNSW query-time parameters:
2020-08-20 00:11:05,965: INFO     ef(Search)         =256
2020-08-20 00:11:05,965: INFO     algoType           =2
2020-08-20 00:11:51,782: INFO     Formatting data for BedTools
2020-08-20 00:11:52,622: INFO     Create GuideMaker Annotation object
2020-08-20 00:11:52,623: INFO     Identify genomic features
2020-08-20 00:11:52,625: INFO     check if test/test_data/Pseudomonas_aeruginosa_PAO1_107.gbk is gzipped
2020-08-20 00:11:55,864: INFO     Total number of CDS/locus in the input genome: 5584
2020-08-20 00:11:55,865: INFO     Find genomic features closest the guides
2020-08-20 00:12:03,148: INFO     Select guides that start between +100 and -100 of a feature start
2020-08-20 00:12:03,650: INFO     Select description columns
2020-08-20 00:12:03,762: INFO     Format the output
2020-08-20 00:12:06,449: INFO     creating random control guides
2020-08-20 00:12:36,225: INFO     created 10 control guides with a minimum distance of 7 and a median distance of 7
2020-08-20 00:12:36,230: INFO     guidemaker completed, results are at test_pseudo/
2020-08-20 00:12:36,230: INFO     PAM sequence: NGG
2020-08-20 00:12:36,231: INFO     PAM orientation: 5prime
2020-08-20 00:12:36,231: INFO     Genome strand(s) searched: both
2020-08-20 00:12:36,231: INFO     Total PAM sites considered: 1171800
2020-08-20 00:12:36,231: INFO     Guide RNA candidates found: 46110
Number of random control searched:  100000
	Command being timed: "guidemaker -i test/test_data/Pseudomonas_aeruginosa_PAO1_107.gbk --pamseq NGG --outdir test_pseudo/ --pam_orientation 5prime --guidelength 20 --strand both --lcp 10 --dist 2 --before 100 --into 100 --knum 10 --controls 10 --log GuideMaker_57685736_1.log --threads 32"
	User time (seconds): 3905.68
	System time (seconds): 457.43
	Percent of CPU this job got: 1438%
	Elapsed (wall clock) time (h:mm:ss or m:ss): 5:03.27
	Average shared text size (kbytes): 0
	Average unshared data size (kbytes): 0
	Average stack size (kbytes): 0
	Average total size (kbytes): 0
	Maximum resident set size (kbytes): 2978324
	Average resident set size (kbytes): 0
	Major (requiring I/O) page faults: 0
	Minor (reclaiming a frame) page faults: 35173416
	Voluntary context switches: 1797132
	Involuntary context switches: 77874
	Swaps: 0
	File system inputs: 0
	File system outputs: 188072
	Socket messages sent: 0
	Socket messages received: 0
	Signals delivered: 0
	Page size (bytes): 4096
	Exit status: 0
######### Printing summary of targets and genome ###########
Total number of CDS/locus_tag in the genome: 5584
Total number of CDS/locus_tag in the targets file: 5460
Number of locus missded by targets: 124
Percentage of locus missded by targets: 2.22%
Coverage of genome by targets: 97.78%
Average number of targets per locus tag: 8.45
Standard Deviation: 4.62
Median number of targers per locus tag: 8
Minimum number of target: 1
Maximum number of target: 29

Number of targets by PAM type:


|PAM |     n|
|:---|-----:|
|AGG |  9964|
|CGG | 15166|
|GGG | 10851|
|TGG | 10129|
My SLURM_ARRAY_TASK_ID:  1
My TMPDIR IS:  /scratch/local/57685736
Input Genome:>>>>>>>>>>>>>>>>>>>>>>>>>>>>>>>>>>>>>>>>>>>  Pseudomonas_aeruginosa_PAO1_107.gbk
Threads used:>>>>>>>>>>>>>>>>>>>>>>>>>>>>>>>>>>>>>>>>>>>  32
Dist used:>>>>>>>>>>>>>>>>>>>>>>>>>>>>>>>>>>>>>>>>>>>  3
GuideMaker
Your CPU supports instructions that this binary was not compiled to use: SSE4.1 SSE4.2 AVX
For maximum performance, you can install NMSLIB from sources 
pip install --no-binary :all: nmslib
2020-08-20 00:12:48,183: INFO     Temp directory is: /scratch/local/57685736/guidemaker_7qtblwuz
2020-08-20 00:12:48,184: INFO     Writing fasta file from genbank file(s)
2020-08-20 00:12:48,184: INFO     check if test/test_data/Pseudomonas_aeruginosa_PAO1_107.gbk is gzipped
/home/rp3448/.conda/envs/nonAVX2/lib/python3.7/site-packages/Bio/GenBank/Scanner.py:1400: BiopythonParserWarning: Truncated LOCUS line found - is this correct?
:'LOCUS       NC_002516            6264404 bp    dna     circular UNK \n'
  BiopythonParserWarning,
/home/rp3448/.conda/envs/nonAVX2/lib/python3.7/site-packages/Bio/GenBank/__init__.py:762: BiopythonParserWarning: Non-upper case molecule type in LOCUS line: dna
  BiopythonParserWarning,
2020-08-20 00:12:50,566: INFO     Identifying PAM sites in the genome
2020-08-20 00:14:15,347: INFO     Identifing guides that are unique near the PAM site
2020-08-20 00:14:18,348: INFO     Indexing all potential guide sites: 1171800. This is the longest step.
2020-08-20 00:14:32,426: INFO     M                   = 16
2020-08-20 00:14:32,426: INFO     indexThreadQty      = 32
2020-08-20 00:14:32,426: INFO     efConstruction      = 64
2020-08-20 00:14:32,427: INFO     maxM			          = 16
2020-08-20 00:14:32,427: INFO     maxM0			          = 32
2020-08-20 00:14:32,427: INFO     mult                = 0.360674
2020-08-20 00:14:32,427: INFO     skip_optimized_index= 0
2020-08-20 00:14:32,427: INFO     delaunay_type       = 2
2020-08-20 00:14:32,427: INFO     Set HNSW query-time parameters:
2020-08-20 00:14:32,427: INFO     ef(Search)         =20
2020-08-20 00:14:32,427: INFO     algoType           =2

0%   10   20   30   40   50   60   70   80   90   100%
|----|----|----|----|----|----|----|----|----|----|
***************************************************

0%   10   20   30   40   50   60   70   80   90   100%
|----|----|----|----|----|----|----|----|----|----|
*********************************************************
2020-08-20 00:16:15,939: INFO     No appropriate custom distance function for Hamming (bit-storage) space
2020-08-20 00:16:15,939: INFO     searchMethod			  = 0
2020-08-20 00:16:16,112: INFO     Identifying guides that have a hamming distance <= 3 to all other potential guides
2020-08-20 00:16:17,020: INFO     Set HNSW query-time parameters:
2020-08-20 00:16:17,020: INFO     ef(Search)         =256
2020-08-20 00:16:17,021: INFO     algoType           =2
2020-08-20 00:17:03,974: INFO     Formatting data for BedTools
2020-08-20 00:17:04,920: INFO     Create GuideMaker Annotation object
2020-08-20 00:17:04,920: INFO     Identify genomic features
2020-08-20 00:17:04,922: INFO     check if test/test_data/Pseudomonas_aeruginosa_PAO1_107.gbk is gzipped
2020-08-20 00:17:08,693: INFO     Total number of CDS/locus in the input genome: 5584
2020-08-20 00:17:08,693: INFO     Find genomic features closest the guides
2020-08-20 00:17:16,015: INFO     Select guides that start between +100 and -100 of a feature start
2020-08-20 00:17:16,538: INFO     Select description columns
2020-08-20 00:17:16,648: INFO     Format the output
2020-08-20 00:17:19,466: INFO     creating random control guides
2020-08-20 00:17:49,233: INFO     created 10 control guides with a minimum distance of 7 and a median distance of 7
2020-08-20 00:17:49,237: INFO     guidemaker completed, results are at test_pseudo/
2020-08-20 00:17:49,237: INFO     PAM sequence: NGG
2020-08-20 00:17:49,237: INFO     PAM orientation: 5prime
2020-08-20 00:17:49,237: INFO     Genome strand(s) searched: both
2020-08-20 00:17:49,237: INFO     Total PAM sites considered: 1171800
2020-08-20 00:17:49,237: INFO     Guide RNA candidates found: 45720
Number of random control searched:  100000
	Command being timed: "guidemaker -i test/test_data/Pseudomonas_aeruginosa_PAO1_107.gbk --pamseq NGG --outdir test_pseudo/ --pam_orientation 5prime --guidelength 20 --strand both --lcp 10 --dist 3 --before 100 --into 100 --knum 10 --controls 10 --log GuideMaker_57685736_1.log --threads 32"
	User time (seconds): 3892.38
	System time (seconds): 455.97
	Percent of CPU this job got: 1412%
	Elapsed (wall clock) time (h:mm:ss or m:ss): 5:07.75
	Average shared text size (kbytes): 0
	Average unshared data size (kbytes): 0
	Average stack size (kbytes): 0
	Average total size (kbytes): 0
	Maximum resident set size (kbytes): 2940644
	Average resident set size (kbytes): 0
	Major (requiring I/O) page faults: 0
	Minor (reclaiming a frame) page faults: 35384859
	Voluntary context switches: 1807909
	Involuntary context switches: 77208
	Swaps: 0
	File system inputs: 0
	File system outputs: 185272
	Socket messages sent: 0
	Socket messages received: 0
	Signals delivered: 0
	Page size (bytes): 4096
	Exit status: 0
######### Printing summary of targets and genome ###########
Total number of CDS/locus_tag in the genome: 5584
Total number of CDS/locus_tag in the targets file: 5452
Number of locus missded by targets: 132
Percentage of locus missded by targets: 2.36%
Coverage of genome by targets: 97.64%
Average number of targets per locus tag: 8.39
Standard Deviation: 4.6
Median number of targers per locus tag: 8
Minimum number of target: 1
Maximum number of target: 29

Number of targets by PAM type:


|PAM |     n|
|:---|-----:|
|AGG |  9881|
|CGG | 15033|
|GGG | 10753|
|TGG | 10053|
My SLURM_ARRAY_TASK_ID:  1
My TMPDIR IS:  /scratch/local/57685736
Input Genome:>>>>>>>>>>>>>>>>>>>>>>>>>>>>>>>>>>>>>>>>>>>  Pseudomonas_aeruginosa_PAO1_107.gbk
Threads used:>>>>>>>>>>>>>>>>>>>>>>>>>>>>>>>>>>>>>>>>>>>  32
Dist used:>>>>>>>>>>>>>>>>>>>>>>>>>>>>>>>>>>>>>>>>>>>  4
GuideMaker
Your CPU supports instructions that this binary was not compiled to use: SSE4.1 SSE4.2 AVX
For maximum performance, you can install NMSLIB from sources 
pip install --no-binary :all: nmslib
2020-08-20 00:18:01,984: INFO     Temp directory is: /scratch/local/57685736/guidemaker_jl5ayx5m
2020-08-20 00:18:01,985: INFO     Writing fasta file from genbank file(s)
2020-08-20 00:18:01,985: INFO     check if test/test_data/Pseudomonas_aeruginosa_PAO1_107.gbk is gzipped
/home/rp3448/.conda/envs/nonAVX2/lib/python3.7/site-packages/Bio/GenBank/Scanner.py:1400: BiopythonParserWarning: Truncated LOCUS line found - is this correct?
:'LOCUS       NC_002516            6264404 bp    dna     circular UNK \n'
  BiopythonParserWarning,
/home/rp3448/.conda/envs/nonAVX2/lib/python3.7/site-packages/Bio/GenBank/__init__.py:762: BiopythonParserWarning: Non-upper case molecule type in LOCUS line: dna
  BiopythonParserWarning,
2020-08-20 00:18:04,444: INFO     Identifying PAM sites in the genome
2020-08-20 00:19:27,238: INFO     Identifing guides that are unique near the PAM site
2020-08-20 00:19:29,982: INFO     Indexing all potential guide sites: 1171800. This is the longest step.
2020-08-20 00:19:43,730: INFO     M                   = 16
2020-08-20 00:19:43,730: INFO     indexThreadQty      = 32
2020-08-20 00:19:43,730: INFO     efConstruction      = 64
2020-08-20 00:19:43,730: INFO     maxM			          = 16
2020-08-20 00:19:43,731: INFO     maxM0			          = 32
2020-08-20 00:19:43,731: INFO     mult                = 0.360674
2020-08-20 00:19:43,731: INFO     skip_optimized_index= 0
2020-08-20 00:19:43,731: INFO     delaunay_type       = 2
2020-08-20 00:19:43,731: INFO     Set HNSW query-time parameters:
2020-08-20 00:19:43,731: INFO     ef(Search)         =20
2020-08-20 00:19:43,731: INFO     algoType           =2

0%   10   20   30   40   50   60   70   80   90   100%
|----|----|----|----|----|----|----|----|----|----|
***************************************************

0%   10   20   30   40   50   60   70   80   90   100%
|----|----|----|----|----|----|----|----|----|----|
*******************************************************2020-08-20 00:21:26,593: INFO     No appropriate custom distance function for Hamming (bit-storage) space
2020-08-20 00:21:26,594: INFO     searchMethod			  = 0
2020-08-20 00:21:26,766: INFO     Identifying guides that have a hamming distance <= 4 to all other potential guides
2020-08-20 00:21:27,577: INFO     Set HNSW query-time parameters:
2020-08-20 00:21:27,577: INFO     ef(Search)         =256
2020-08-20 00:21:27,577: INFO     algoType           =2
2020-08-20 00:22:11,895: INFO     Formatting data for BedTools
2020-08-20 00:22:12,581: INFO     Create GuideMaker Annotation object
2020-08-20 00:22:12,582: INFO     Identify genomic features
2020-08-20 00:22:12,582: INFO     check if test/test_data/Pseudomonas_aeruginosa_PAO1_107.gbk is gzipped
2020-08-20 00:22:14,944: INFO     Total number of CDS/locus in the input genome: 5584
2020-08-20 00:22:14,944: INFO     Find genomic features closest the guides
2020-08-20 00:22:21,181: INFO     Select guides that start between +100 and -100 of a feature start
2020-08-20 00:22:21,572: INFO     Select description columns
2020-08-20 00:22:21,678: INFO     Format the output
2020-08-20 00:22:24,040: INFO     creating random control guides
2020-08-20 00:22:54,154: INFO     created 10 control guides with a minimum distance of 7 and a median distance of 7
2020-08-20 00:22:54,158: INFO     guidemaker completed, results are at test_pseudo/
2020-08-20 00:22:54,159: INFO     PAM sequence: NGG
2020-08-20 00:22:54,159: INFO     PAM orientation: 5prime
2020-08-20 00:22:54,159: INFO     Genome strand(s) searched: both
2020-08-20 00:22:54,159: INFO     Total PAM sites considered: 1171800
2020-08-20 00:22:54,159: INFO     Guide RNA candidates found: 41789
Number of random control searched:  100000
	Command being timed: "guidemaker -i test/test_data/Pseudomonas_aeruginosa_PAO1_107.gbk --pamseq NGG --outdir test_pseudo/ --pam_orientation 5prime --guidelength 20 --strand both --lcp 10 --dist 4 --before 100 --into 100 --knum 10 --controls 10 --log GuideMaker_57685736_1.log --threads 32"
	User time (seconds): 3971.50
	System time (seconds): 433.45
	Percent of CPU this job got: 1473%
	Elapsed (wall clock) time (h:mm:ss or m:ss): 4:58.93
	Average shared text size (kbytes): 0
	Average unshared data size (kbytes): 0
	Average stack size (kbytes): 0
	Average total size (kbytes): 0
	Maximum resident set size (kbytes): 2905708
	Average resident set size (kbytes): 0
	Major (requiring I/O) page faults: 0
	Minor (reclaiming a frame) page faults: 33779092
	Voluntary context switches: 1763394
	Involuntary context switches: 11419
	Swaps: 0
	File system inputs: 8
	File system outputs: 162344
	Socket messages sent: 0
	Socket messages received: 0
	Signals delivered: 0
	Page size (bytes): 4096
	Exit status: 0
######### Printing summary of targets and genome ###########
Total number of CDS/locus_tag in the genome: 5584
Total number of CDS/locus_tag in the targets file: 5387
Number of locus missded by targets: 197
Percentage of locus missded by targets: 3.53%
Coverage of genome by targets: 96.47%
Average number of targets per locus tag: 7.76
Standard Deviation: 4.44
Median number of targers per locus tag: 7
Minimum number of target: 1
Maximum number of target: 26

Number of targets by PAM type:


|PAM |     n|
|:---|-----:|
|AGG |  9006|
|CGG | 13653|
|GGG |  9958|
|TGG |  9172|
My SLURM_ARRAY_TASK_ID:  1
My TMPDIR IS:  /scratch/local/57685736
Input Genome:>>>>>>>>>>>>>>>>>>>>>>>>>>>>>>>>>>>>>>>>>>>  Pseudomonas_aeruginosa_PAO1_107.gbk
Threads used:>>>>>>>>>>>>>>>>>>>>>>>>>>>>>>>>>>>>>>>>>>>  32
Dist used:>>>>>>>>>>>>>>>>>>>>>>>>>>>>>>>>>>>>>>>>>>>  5
GuideMaker
Your CPU supports instructions that this binary was not compiled to use: SSE4.1 SSE4.2 AVX
For maximum performance, you can install NMSLIB from sources 
pip install --no-binary :all: nmslib
2020-08-20 00:23:06,344: INFO     Temp directory is: /scratch/local/57685736/guidemaker_zpr2ilch
2020-08-20 00:23:06,345: INFO     Writing fasta file from genbank file(s)
2020-08-20 00:23:06,345: INFO     check if test/test_data/Pseudomonas_aeruginosa_PAO1_107.gbk is gzipped
/home/rp3448/.conda/envs/nonAVX2/lib/python3.7/site-packages/Bio/GenBank/Scanner.py:1400: BiopythonParserWarning: Truncated LOCUS line found - is this correct?
:'LOCUS       NC_002516            6264404 bp    dna     circular UNK \n'
  BiopythonParserWarning,
/home/rp3448/.conda/envs/nonAVX2/lib/python3.7/site-packages/Bio/GenBank/__init__.py:762: BiopythonParserWarning: Non-upper case molecule type in LOCUS line: dna
  BiopythonParserWarning,
2020-08-20 00:23:08,748: INFO     Identifying PAM sites in the genome
2020-08-20 00:24:29,796: INFO     Identifing guides that are unique near the PAM site
2020-08-20 00:24:32,672: INFO     Indexing all potential guide sites: 1171800. This is the longest step.
2020-08-20 00:24:46,280: INFO     M                   = 16
2020-08-20 00:24:46,280: INFO     indexThreadQty      = 32
2020-08-20 00:24:46,280: INFO     efConstruction      = 64
2020-08-20 00:24:46,280: INFO     maxM			          = 16
2020-08-20 00:24:46,281: INFO     maxM0			          = 32
2020-08-20 00:24:46,281: INFO     mult                = 0.360674
2020-08-20 00:24:46,281: INFO     skip_optimized_index= 0
2020-08-20 00:24:46,281: INFO     delaunay_type       = 2
2020-08-20 00:24:46,281: INFO     Set HNSW query-time parameters:
2020-08-20 00:24:46,281: INFO     ef(Search)         =20
2020-08-20 00:24:46,281: INFO     algoType           =2

0%   10   20   30   40   50   60   70   80   90   100%
|----|----|----|----|----|----|----|----|----|----|
***************************************************

0%   10   20   30   40   50   60   70   80   90   100%
|----|----|----|----|----|----|----|----|----|----|
********************************************************
2020-08-20 00:26:29,524: INFO     No appropriate custom distance function for Hamming (bit-storage) space
2020-08-20 00:26:29,525: INFO     searchMethod			  = 0
2020-08-20 00:26:29,699: INFO     Identifying guides that have a hamming distance <= 5 to all other potential guides
2020-08-20 00:26:30,511: INFO     Set HNSW query-time parameters:
2020-08-20 00:26:30,511: INFO     ef(Search)         =256
2020-08-20 00:26:30,511: INFO     algoType           =2
2020-08-20 00:27:05,980: INFO     Formatting data for BedTools
2020-08-20 00:27:06,307: INFO     Create GuideMaker Annotation object
2020-08-20 00:27:06,307: INFO     Identify genomic features
2020-08-20 00:27:06,308: INFO     check if test/test_data/Pseudomonas_aeruginosa_PAO1_107.gbk is gzipped
2020-08-20 00:27:09,240: INFO     Total number of CDS/locus in the input genome: 5584
2020-08-20 00:27:09,240: INFO     Find genomic features closest the guides
2020-08-20 00:27:12,798: INFO     Select guides that start between +100 and -100 of a feature start
2020-08-20 00:27:13,073: INFO     Select description columns
2020-08-20 00:27:13,184: INFO     Format the output
2020-08-20 00:27:14,679: INFO     creating random control guides
2020-08-20 00:27:44,466: INFO     created 10 control guides with a minimum distance of 7 and a median distance of 7
2020-08-20 00:27:44,471: INFO     guidemaker completed, results are at test_pseudo/
2020-08-20 00:27:44,471: INFO     PAM sequence: NGG
2020-08-20 00:27:44,471: INFO     PAM orientation: 5prime
2020-08-20 00:27:44,471: INFO     Genome strand(s) searched: both
2020-08-20 00:27:44,471: INFO     Total PAM sites considered: 1171800
2020-08-20 00:27:44,471: INFO     Guide RNA candidates found: 24736
Number of random control searched:  100000
	Command being timed: "guidemaker -i test/test_data/Pseudomonas_aeruginosa_PAO1_107.gbk --pamseq NGG --outdir test_pseudo/ --pam_orientation 5prime --guidelength 20 --strand both --lcp 10 --dist 5 --before 100 --into 100 --knum 10 --controls 10 --log GuideMaker_57685736_1.log --threads 32"
	User time (seconds): 3871.35
	System time (seconds): 453.04
	Percent of CPU this job got: 1518%
	Elapsed (wall clock) time (h:mm:ss or m:ss): 4:44.72
	Average shared text size (kbytes): 0
	Average unshared data size (kbytes): 0
	Average stack size (kbytes): 0
	Average total size (kbytes): 0
	Maximum resident set size (kbytes): 2686784
	Average resident set size (kbytes): 0
	Major (requiring I/O) page faults: 0
	Minor (reclaiming a frame) page faults: 34693817
	Voluntary context switches: 1730055
	Involuntary context switches: 11671
	Swaps: 0
	File system inputs: 0
	File system outputs: 87680
	Socket messages sent: 0
	Socket messages received: 0
	Signals delivered: 0
	Page size (bytes): 4096
	Exit status: 0
######### Printing summary of targets and genome ###########
Total number of CDS/locus_tag in the genome: 5584
Total number of CDS/locus_tag in the targets file: 4869
Number of locus missded by targets: 715
Percentage of locus missded by targets: 12.8%
Coverage of genome by targets: 87.2%
Average number of targets per locus tag: 5.08
Standard Deviation: 3.36
Median number of targers per locus tag: 4
Minimum number of target: 1
Maximum number of target: 20

Number of targets by PAM type:


|PAM |    n|
|:---|----:|
|AGG | 5322|
|CGG | 7952|
|GGG | 6018|
|TGG | 5444|
