Thu Aug 20 00:02:18 EDT 2020
dev1.ufhpc
/blue/garrett/rp3448/analysis/guidemaker/AVXGuidemaker/GuideMaker
My SLURM_ARRAY_TASK_ID:  1
My TMPDIR IS:  /scratch/local/57685737
Input Genome:>>>>>>>>>>>>>>>>>>>>>>>>>>>>>>>>>>>>>>>>>>>  Escherichia.coli_str_K-12_substr_MG1655.gbk
Threads used:>>>>>>>>>>>>>>>>>>>>>>>>>>>>>>>>>>>>>>>>>>>  32
Dist used:>>>>>>>>>>>>>>>>>>>>>>>>>>>>>>>>>>>>>>>>>>>  1
GuideMaker
Your CPU supports instructions that this binary was not compiled to use: SSE4.1 SSE4.2 AVX
For maximum performance, you can install NMSLIB from sources 
pip install --no-binary :all: nmslib
2020-08-20 00:02:28,017: INFO     Temp directory is: /scratch/local/57685737/guidemaker_x2teidn0
2020-08-20 00:02:28,018: INFO     Writing fasta file from genbank file(s)
2020-08-20 00:02:28,019: INFO     check if test/test_data/Escherichia.coli_str_K-12_substr_MG1655.gbk is gzipped
2020-08-20 00:02:30,912: INFO     Identifying PAM sites in the genome
2020-08-20 00:03:10,795: INFO     Identifing guides that are unique near the PAM site
2020-08-20 00:03:12,212: INFO     Indexing all potential guide sites: 542073. This is the longest step.
2020-08-20 00:03:18,939: INFO     M                   = 16
2020-08-20 00:03:18,939: INFO     indexThreadQty      = 32
2020-08-20 00:03:18,940: INFO     efConstruction      = 64
2020-08-20 00:03:18,940: INFO     maxM			          = 16
2020-08-20 00:03:18,940: INFO     maxM0			          = 32
2020-08-20 00:03:18,940: INFO     mult                = 0.360674
2020-08-20 00:03:18,940: INFO     skip_optimized_index= 0
2020-08-20 00:03:18,940: INFO     delaunay_type       = 2
2020-08-20 00:03:18,940: INFO     Set HNSW query-time parameters:
2020-08-20 00:03:18,941: INFO     ef(Search)         =20
2020-08-20 00:03:18,941: INFO     algoType           =2

0%   10   20   30   40   50   60   70   80   90   100%
|----|----|----|----|----|----|----|----|----|----|
***************************************************

0%   10   20   30   40   50   60   70   80   90   100%
|----|----|----|----|----|----|----|----|----|----|
******************************************************2020-08-20 00:03:58,948: INFO     No appropriate custom distance function for Hamming (bit-storage) space
2020-08-20 00:03:58,949: INFO     searchMethod			  = 0
2020-08-20 00:03:59,043: INFO     Identifying guides that have a hamming distance <= 1 to all other potential guides
2020-08-20 00:04:00,031: INFO     Set HNSW query-time parameters:
2020-08-20 00:04:00,032: INFO     ef(Search)         =256
2020-08-20 00:04:00,032: INFO     algoType           =2
2020-08-20 00:04:56,196: INFO     Formatting data for BedTools
2020-08-20 00:04:57,340: INFO     Create GuideMaker Annotation object
2020-08-20 00:04:57,341: INFO     Identify genomic features
2020-08-20 00:04:57,342: INFO     check if test/test_data/Escherichia.coli_str_K-12_substr_MG1655.gbk is gzipped
2020-08-20 00:05:00,863: INFO     Total number of CDS/locus in the input genome: 4357
2020-08-20 00:05:00,863: INFO     Find genomic features closest the guides
2020-08-20 00:05:09,456: INFO     Select guides that start between +100 and -100 of a feature start
2020-08-20 00:05:09,961: INFO     Select description columns
2020-08-20 00:05:10,140: INFO     Format the output
2020-08-20 00:05:12,365: INFO     creating random control guides
2020-08-20 00:05:15,560: INFO     created 10 control guides with a minimum distance of 7 and a median distance of 7
2020-08-20 00:05:15,566: INFO     guidemaker completed, results are at test_ecoli/
2020-08-20 00:05:15,567: INFO     PAM sequence: NGG
2020-08-20 00:05:15,567: INFO     PAM orientation: 5prime
2020-08-20 00:05:15,567: INFO     Genome strand(s) searched: both
2020-08-20 00:05:15,567: INFO     Total PAM sites considered: 542073
2020-08-20 00:05:15,567: INFO     Guide RNA candidates found: 36108
	Command being timed: "guidemaker -i test/test_data/Escherichia.coli_str_K-12_substr_MG1655.gbk --pamseq NGG --outdir test_ecoli/ --pam_orientation 5prime --guidelength 20 --strand both --lcp 10 --dist 1 --before 100 --into 100 --knum 10 --controls 10 --log GuideMaker_57685737_1.log --threads 32"
	User time (seconds): 2065.09
	System time (seconds): 120.83
	Percent of CPU this job got: 1253%
	Elapsed (wall clock) time (h:mm:ss or m:ss): 2:54.37
	Average shared text size (kbytes): 0
	Average unshared data size (kbytes): 0
	Average stack size (kbytes): 0
	Average total size (kbytes): 0
	Maximum resident set size (kbytes): 1717064
	Average resident set size (kbytes): 0
	Major (requiring I/O) page faults: 118
	Minor (reclaiming a frame) page faults: 9912395
	Voluntary context switches: 382465
	Involuntary context switches: 22529
	Swaps: 0
	File system inputs: 114776
	File system outputs: 197688
	Socket messages sent: 0
	Socket messages received: 0
	Signals delivered: 0
	Page size (bytes): 4096
	Exit status: 0
######### Printing summary of targets and genome ###########
Total number of CDS/locus_tag in the genome: 4357
Total number of CDS/locus_tag in the targets file: 4302
Number of locus missded by targets: 55
Percentage of locus missded by targets: 1.26%
Coverage of genome by targets: 98.74%
Average number of targets per locus tag: 8.39
Standard Deviation: 3.7
Median number of targers per locus tag: 8
Minimum number of target: 1
Maximum number of target: 29

Number of targets by PAM type:


|PAM |     n|
|:---|-----:|
|AGG |  8776|
|CGG |  9437|
|GGG |  7111|
|TGG | 10784|
My SLURM_ARRAY_TASK_ID:  1
My TMPDIR IS:  /scratch/local/57685737
Input Genome:>>>>>>>>>>>>>>>>>>>>>>>>>>>>>>>>>>>>>>>>>>>  Escherichia.coli_str_K-12_substr_MG1655.gbk
Threads used:>>>>>>>>>>>>>>>>>>>>>>>>>>>>>>>>>>>>>>>>>>>  32
Dist used:>>>>>>>>>>>>>>>>>>>>>>>>>>>>>>>>>>>>>>>>>>>  2
GuideMaker
Your CPU supports instructions that this binary was not compiled to use: SSE4.1 SSE4.2 AVX
For maximum performance, you can install NMSLIB from sources 
pip install --no-binary :all: nmslib
2020-08-20 00:05:28,436: INFO     Temp directory is: /scratch/local/57685737/guidemaker_5hmnsph8
2020-08-20 00:05:28,436: INFO     Writing fasta file from genbank file(s)
2020-08-20 00:05:28,437: INFO     check if test/test_data/Escherichia.coli_str_K-12_substr_MG1655.gbk is gzipped
2020-08-20 00:05:31,440: INFO     Identifying PAM sites in the genome
2020-08-20 00:06:12,141: INFO     Identifing guides that are unique near the PAM site
2020-08-20 00:06:13,823: INFO     Indexing all potential guide sites: 542073. This is the longest step.
2020-08-20 00:06:20,262: INFO     M                   = 16
2020-08-20 00:06:20,262: INFO     indexThreadQty      = 32
2020-08-20 00:06:20,262: INFO     efConstruction      = 64
2020-08-20 00:06:20,262: INFO     maxM			          = 16
2020-08-20 00:06:20,262: INFO     maxM0			          = 32
2020-08-20 00:06:20,263: INFO     mult                = 0.360674
2020-08-20 00:06:20,263: INFO     skip_optimized_index= 0
2020-08-20 00:06:20,263: INFO     delaunay_type       = 2
2020-08-20 00:06:20,263: INFO     Set HNSW query-time parameters:
2020-08-20 00:06:20,263: INFO     ef(Search)         =20
2020-08-20 00:06:20,263: INFO     algoType           =2

0%   10   20   30   40   50   60   70   80   90   100%
|----|----|----|----|----|----|----|----|----|----|
***************************************************

0%   10   20   30   40   50   60   70   80   90   100%
|----|----|----|----|----|----|----|----|----|----|
****************************************************2020-08-20 00:07:00,062: INFO     No appropriate custom distance function for Hamming (bit-storage) space
2020-08-20 00:07:00,062: INFO     searchMethod			  = 0
2020-08-20 00:07:00,141: INFO     Identifying guides that have a hamming distance <= 2 to all other potential guides
2020-08-20 00:07:01,073: INFO     Set HNSW query-time parameters:
2020-08-20 00:07:01,074: INFO     ef(Search)         =256
2020-08-20 00:07:01,074: INFO     algoType           =2
2020-08-20 00:07:56,470: INFO     Formatting data for BedTools
2020-08-20 00:07:57,483: INFO     Create GuideMaker Annotation object
2020-08-20 00:07:57,484: INFO     Identify genomic features
2020-08-20 00:07:57,485: INFO     check if test/test_data/Escherichia.coli_str_K-12_substr_MG1655.gbk is gzipped
2020-08-20 00:08:01,033: INFO     Total number of CDS/locus in the input genome: 4357
2020-08-20 00:08:01,034: INFO     Find genomic features closest the guides
2020-08-20 00:08:09,393: INFO     Select guides that start between +100 and -100 of a feature start
2020-08-20 00:08:09,855: INFO     Select description columns
2020-08-20 00:08:10,022: INFO     Format the output
2020-08-20 00:08:11,963: INFO     creating random control guides
2020-08-20 00:08:39,541: INFO     created 10 control guides with a minimum distance of 7 and a median distance of 7
2020-08-20 00:08:39,545: INFO     guidemaker completed, results are at test_ecoli/
2020-08-20 00:08:39,545: INFO     PAM sequence: NGG
2020-08-20 00:08:39,546: INFO     PAM orientation: 5prime
2020-08-20 00:08:39,546: INFO     Genome strand(s) searched: both
2020-08-20 00:08:39,546: INFO     Total PAM sites considered: 542073
2020-08-20 00:08:39,546: INFO     Guide RNA candidates found: 36031
Number of random control searched:  100000
	Command being timed: "guidemaker -i test/test_data/Escherichia.coli_str_K-12_substr_MG1655.gbk --pamseq NGG --outdir test_ecoli/ --pam_orientation 5prime --guidelength 20 --strand both --lcp 10 --dist 2 --before 100 --into 100 --knum 10 --controls 10 --log GuideMaker_57685737_1.log --threads 32"
	User time (seconds): 2462.30
	System time (seconds): 148.07
	Percent of CPU this job got: 1332%
	Elapsed (wall clock) time (h:mm:ss or m:ss): 3:15.90
	Average shared text size (kbytes): 0
	Average unshared data size (kbytes): 0
	Average stack size (kbytes): 0
	Average total size (kbytes): 0
	Maximum resident set size (kbytes): 1775104
	Average resident set size (kbytes): 0
	Major (requiring I/O) page faults: 0
	Minor (reclaiming a frame) page faults: 11476063
	Voluntary context switches: 373895
	Involuntary context switches: 15697
	Swaps: 0
	File system inputs: 0
	File system outputs: 197176
	Socket messages sent: 0
	Socket messages received: 0
	Signals delivered: 0
	Page size (bytes): 4096
	Exit status: 0
######### Printing summary of targets and genome ###########
Total number of CDS/locus_tag in the genome: 4357
Total number of CDS/locus_tag in the targets file: 4301
Number of locus missded by targets: 56
Percentage of locus missded by targets: 1.29%
Coverage of genome by targets: 98.71%
Average number of targets per locus tag: 8.38
Standard Deviation: 3.7
Median number of targers per locus tag: 8
Minimum number of target: 1
Maximum number of target: 29

Number of targets by PAM type:


|PAM |     n|
|:---|-----:|
|AGG |  8758|
|CGG |  9411|
|GGG |  7094|
|TGG | 10768|
My SLURM_ARRAY_TASK_ID:  1
My TMPDIR IS:  /scratch/local/57685737
Input Genome:>>>>>>>>>>>>>>>>>>>>>>>>>>>>>>>>>>>>>>>>>>>  Escherichia.coli_str_K-12_substr_MG1655.gbk
Threads used:>>>>>>>>>>>>>>>>>>>>>>>>>>>>>>>>>>>>>>>>>>>  32
Dist used:>>>>>>>>>>>>>>>>>>>>>>>>>>>>>>>>>>>>>>>>>>>  3
GuideMaker
Your CPU supports instructions that this binary was not compiled to use: SSE4.1 SSE4.2 AVX
For maximum performance, you can install NMSLIB from sources 
pip install --no-binary :all: nmslib
2020-08-20 00:08:49,336: INFO     Temp directory is: /scratch/local/57685737/guidemaker_upt_8fe4
2020-08-20 00:08:49,337: INFO     Writing fasta file from genbank file(s)
2020-08-20 00:08:49,337: INFO     check if test/test_data/Escherichia.coli_str_K-12_substr_MG1655.gbk is gzipped
2020-08-20 00:08:52,136: INFO     Identifying PAM sites in the genome
2020-08-20 00:09:31,515: INFO     Identifing guides that are unique near the PAM site
2020-08-20 00:09:32,933: INFO     Indexing all potential guide sites: 542073. This is the longest step.
2020-08-20 00:09:39,764: INFO     M                   = 16
2020-08-20 00:09:39,764: INFO     indexThreadQty      = 32
2020-08-20 00:09:39,764: INFO     efConstruction      = 64
2020-08-20 00:09:39,764: INFO     maxM			          = 16
2020-08-20 00:09:39,764: INFO     maxM0			          = 32
2020-08-20 00:09:39,765: INFO     mult                = 0.360674
2020-08-20 00:09:39,765: INFO     skip_optimized_index= 0
2020-08-20 00:09:39,765: INFO     delaunay_type       = 2
2020-08-20 00:09:39,765: INFO     Set HNSW query-time parameters:
2020-08-20 00:09:39,765: INFO     ef(Search)         =20
2020-08-20 00:09:39,765: INFO     algoType           =2

0%   10   20   30   40   50   60   70   80   90   100%
|----|----|----|----|----|----|----|----|----|----|
***************************************************

0%   10   20   30   40   50   60   70   80   90   100%
|----|----|----|----|----|----|----|----|----|----|
*******************************************************2020-08-20 00:10:20,498: INFO     No appropriate custom distance function for Hamming (bit-storage) space
2020-08-20 00:10:20,499: INFO     searchMethod			  = 0
2020-08-20 00:10:20,578: INFO     Identifying guides that have a hamming distance <= 3 to all other potential guides
2020-08-20 00:10:21,554: INFO     Set HNSW query-time parameters:
2020-08-20 00:10:21,554: INFO     ef(Search)         =256
2020-08-20 00:10:21,554: INFO     algoType           =2
2020-08-20 00:11:14,862: INFO     Formatting data for BedTools
2020-08-20 00:11:15,846: INFO     Create GuideMaker Annotation object
2020-08-20 00:11:15,846: INFO     Identify genomic features
2020-08-20 00:11:15,848: INFO     check if test/test_data/Escherichia.coli_str_K-12_substr_MG1655.gbk is gzipped
2020-08-20 00:11:19,372: INFO     Total number of CDS/locus in the input genome: 4357
2020-08-20 00:11:19,372: INFO     Find genomic features closest the guides
2020-08-20 00:11:27,809: INFO     Select guides that start between +100 and -100 of a feature start
2020-08-20 00:11:28,417: INFO     Select description columns
2020-08-20 00:11:28,620: INFO     Format the output
2020-08-20 00:11:31,049: INFO     creating random control guides
2020-08-20 00:11:58,652: INFO     created 10 control guides with a minimum distance of 7 and a median distance of 7
2020-08-20 00:11:58,658: INFO     guidemaker completed, results are at test_ecoli/
2020-08-20 00:11:58,658: INFO     PAM sequence: NGG
2020-08-20 00:11:58,658: INFO     PAM orientation: 5prime
2020-08-20 00:11:58,658: INFO     Genome strand(s) searched: both
2020-08-20 00:11:58,658: INFO     Total PAM sites considered: 542073
2020-08-20 00:11:58,658: INFO     Guide RNA candidates found: 35845
Number of random control searched:  100000
	Command being timed: "guidemaker -i test/test_data/Escherichia.coli_str_K-12_substr_MG1655.gbk --pamseq NGG --outdir test_ecoli/ --pam_orientation 5prime --guidelength 20 --strand both --lcp 10 --dist 3 --before 100 --into 100 --knum 10 --controls 10 --log GuideMaker_57685737_1.log --threads 32"
	User time (seconds): 2415.64
	System time (seconds): 147.71
	Percent of CPU this job got: 1316%
	Elapsed (wall clock) time (h:mm:ss or m:ss): 3:14.73
	Average shared text size (kbytes): 0
	Average unshared data size (kbytes): 0
	Average stack size (kbytes): 0
	Average total size (kbytes): 0
	Maximum resident set size (kbytes): 1772124
	Average resident set size (kbytes): 0
	Major (requiring I/O) page faults: 0
	Minor (reclaiming a frame) page faults: 11589151
	Voluntary context switches: 399215
	Involuntary context switches: 66814
	Swaps: 0
	File system inputs: 0
	File system outputs: 196056
	Socket messages sent: 0
	Socket messages received: 0
	Signals delivered: 0
	Page size (bytes): 4096
	Exit status: 0
######### Printing summary of targets and genome ###########
Total number of CDS/locus_tag in the genome: 4357
Total number of CDS/locus_tag in the targets file: 4295
Number of locus missded by targets: 62
Percentage of locus missded by targets: 1.42%
Coverage of genome by targets: 98.58%
Average number of targets per locus tag: 8.35
Standard Deviation: 3.7
Median number of targers per locus tag: 8
Minimum number of target: 1
Maximum number of target: 28

Number of targets by PAM type:


|PAM |     n|
|:---|-----:|
|AGG |  8710|
|CGG |  9367|
|GGG |  7047|
|TGG | 10721|
My SLURM_ARRAY_TASK_ID:  1
My TMPDIR IS:  /scratch/local/57685737
Input Genome:>>>>>>>>>>>>>>>>>>>>>>>>>>>>>>>>>>>>>>>>>>>  Escherichia.coli_str_K-12_substr_MG1655.gbk
Threads used:>>>>>>>>>>>>>>>>>>>>>>>>>>>>>>>>>>>>>>>>>>>  32
Dist used:>>>>>>>>>>>>>>>>>>>>>>>>>>>>>>>>>>>>>>>>>>>  4
GuideMaker
Your CPU supports instructions that this binary was not compiled to use: SSE4.1 SSE4.2 AVX
For maximum performance, you can install NMSLIB from sources 
pip install --no-binary :all: nmslib
2020-08-20 00:12:09,488: INFO     Temp directory is: /scratch/local/57685737/guidemaker_yf35s6yf
2020-08-20 00:12:09,489: INFO     Writing fasta file from genbank file(s)
2020-08-20 00:12:09,489: INFO     check if test/test_data/Escherichia.coli_str_K-12_substr_MG1655.gbk is gzipped
2020-08-20 00:12:12,362: INFO     Identifying PAM sites in the genome
2020-08-20 00:12:53,210: INFO     Identifing guides that are unique near the PAM site
2020-08-20 00:12:54,635: INFO     Indexing all potential guide sites: 542073. This is the longest step.
2020-08-20 00:13:01,016: INFO     M                   = 16
2020-08-20 00:13:01,017: INFO     indexThreadQty      = 32
2020-08-20 00:13:01,017: INFO     efConstruction      = 64
2020-08-20 00:13:01,017: INFO     maxM			          = 16
2020-08-20 00:13:01,017: INFO     maxM0			          = 32
2020-08-20 00:13:01,017: INFO     mult                = 0.360674
2020-08-20 00:13:01,017: INFO     skip_optimized_index= 0
2020-08-20 00:13:01,018: INFO     delaunay_type       = 2
2020-08-20 00:13:01,018: INFO     Set HNSW query-time parameters:
2020-08-20 00:13:01,018: INFO     ef(Search)         =20
2020-08-20 00:13:01,018: INFO     algoType           =2

0%   10   20   30   40   50   60   70   80   90   100%
|----|----|----|----|----|----|----|----|----|----|
***************************************************

0%   10   20   30   40   50   60   70   80   90   100%
|----|----|----|----|----|----|----|----|----|----|
*******************************************************2020-08-20 00:13:40,420: INFO     No appropriate custom distance function for Hamming (bit-storage) space
2020-08-20 00:13:40,421: INFO     searchMethod			  = 0
2020-08-20 00:13:40,498: INFO     Identifying guides that have a hamming distance <= 4 to all other potential guides
2020-08-20 00:13:41,431: INFO     Set HNSW query-time parameters:
2020-08-20 00:13:41,432: INFO     ef(Search)         =256
2020-08-20 00:13:41,432: INFO     algoType           =2
2020-08-20 00:14:33,427: INFO     Formatting data for BedTools
2020-08-20 00:14:34,390: INFO     Create GuideMaker Annotation object
2020-08-20 00:14:34,390: INFO     Identify genomic features
2020-08-20 00:14:34,391: INFO     check if test/test_data/Escherichia.coli_str_K-12_substr_MG1655.gbk is gzipped
2020-08-20 00:14:38,398: INFO     Total number of CDS/locus in the input genome: 4357
2020-08-20 00:14:38,399: INFO     Find genomic features closest the guides
2020-08-20 00:14:46,449: INFO     Select guides that start between +100 and -100 of a feature start
2020-08-20 00:14:46,994: INFO     Select description columns
2020-08-20 00:14:47,166: INFO     Format the output
2020-08-20 00:14:49,072: INFO     creating random control guides
2020-08-20 00:15:16,729: INFO     created 10 control guides with a minimum distance of 7 and a median distance of 7
2020-08-20 00:15:16,734: INFO     guidemaker completed, results are at test_ecoli/
2020-08-20 00:15:16,734: INFO     PAM sequence: NGG
2020-08-20 00:15:16,734: INFO     PAM orientation: 5prime
2020-08-20 00:15:16,734: INFO     Genome strand(s) searched: both
2020-08-20 00:15:16,734: INFO     Total PAM sites considered: 542073
2020-08-20 00:15:16,735: INFO     Guide RNA candidates found: 34763
Number of random control searched:  100000
	Command being timed: "guidemaker -i test/test_data/Escherichia.coli_str_K-12_substr_MG1655.gbk --pamseq NGG --outdir test_ecoli/ --pam_orientation 5prime --guidelength 20 --strand both --lcp 10 --dist 4 --before 100 --into 100 --knum 10 --controls 10 --log GuideMaker_57685737_1.log --threads 32"
	User time (seconds): 2430.81
	System time (seconds): 138.86
	Percent of CPU this job got: 1337%
	Elapsed (wall clock) time (h:mm:ss or m:ss): 3:12.05
	Average shared text size (kbytes): 0
	Average unshared data size (kbytes): 0
	Average stack size (kbytes): 0
	Average total size (kbytes): 0
	Maximum resident set size (kbytes): 1732976
	Average resident set size (kbytes): 0
	Major (requiring I/O) page faults: 0
	Minor (reclaiming a frame) page faults: 10786374
	Voluntary context switches: 363128
	Involuntary context switches: 64395
	Swaps: 0
	File system inputs: 0
	File system outputs: 189176
	Socket messages sent: 0
	Socket messages received: 0
	Signals delivered: 0
	Page size (bytes): 4096
	Exit status: 0
######### Printing summary of targets and genome ###########
Total number of CDS/locus_tag in the genome: 4357
Total number of CDS/locus_tag in the targets file: 4294
Number of locus missded by targets: 63
Percentage of locus missded by targets: 1.45%
Coverage of genome by targets: 98.55%
Average number of targets per locus tag: 8.1
Standard Deviation: 3.66
Median number of targers per locus tag: 8
Minimum number of target: 1
Maximum number of target: 26

Number of targets by PAM type:


|PAM |     n|
|:---|-----:|
|AGG |  8466|
|CGG |  9067|
|GGG |  6828|
|TGG | 10402|
My SLURM_ARRAY_TASK_ID:  1
My TMPDIR IS:  /scratch/local/57685737
Input Genome:>>>>>>>>>>>>>>>>>>>>>>>>>>>>>>>>>>>>>>>>>>>  Escherichia.coli_str_K-12_substr_MG1655.gbk
Threads used:>>>>>>>>>>>>>>>>>>>>>>>>>>>>>>>>>>>>>>>>>>>  32
Dist used:>>>>>>>>>>>>>>>>>>>>>>>>>>>>>>>>>>>>>>>>>>>  5
GuideMaker
Your CPU supports instructions that this binary was not compiled to use: SSE4.1 SSE4.2 AVX
For maximum performance, you can install NMSLIB from sources 
pip install --no-binary :all: nmslib
2020-08-20 00:15:26,751: INFO     Temp directory is: /scratch/local/57685737/guidemaker_wo5grdmx
2020-08-20 00:15:26,752: INFO     Writing fasta file from genbank file(s)
2020-08-20 00:15:26,752: INFO     check if test/test_data/Escherichia.coli_str_K-12_substr_MG1655.gbk is gzipped
2020-08-20 00:15:29,779: INFO     Identifying PAM sites in the genome
2020-08-20 00:16:11,552: INFO     Identifing guides that are unique near the PAM site
2020-08-20 00:16:12,953: INFO     Indexing all potential guide sites: 542073. This is the longest step.
2020-08-20 00:16:19,382: INFO     M                   = 16
2020-08-20 00:16:19,382: INFO     indexThreadQty      = 32
2020-08-20 00:16:19,382: INFO     efConstruction      = 64
2020-08-20 00:16:19,383: INFO     maxM			          = 16
2020-08-20 00:16:19,383: INFO     maxM0			          = 32
2020-08-20 00:16:19,383: INFO     mult                = 0.360674
2020-08-20 00:16:19,383: INFO     skip_optimized_index= 0
2020-08-20 00:16:19,383: INFO     delaunay_type       = 2
2020-08-20 00:16:19,383: INFO     Set HNSW query-time parameters:
2020-08-20 00:16:19,384: INFO     ef(Search)         =20
2020-08-20 00:16:19,384: INFO     algoType           =2

0%   10   20   30   40   50   60   70   80   90   100%
|----|----|----|----|----|----|----|----|----|----|
***************************************************

0%   10   20   30   40   50   60   70   80   90   100%
|----|----|----|----|----|----|----|----|----|----|
******************************************************2020-08-20 00:16:59,613: INFO     No appropriate custom distance function for Hamming (bit-storage) space
2020-08-20 00:16:59,614: INFO     searchMethod			  = 0
2020-08-20 00:16:59,691: INFO     Identifying guides that have a hamming distance <= 5 to all other potential guides
2020-08-20 00:17:00,599: INFO     Set HNSW query-time parameters:
2020-08-20 00:17:00,599: INFO     ef(Search)         =256
2020-08-20 00:17:00,599: INFO     algoType           =2
2020-08-20 00:17:49,644: INFO     Formatting data for BedTools
2020-08-20 00:17:50,316: INFO     Create GuideMaker Annotation object
2020-08-20 00:17:50,317: INFO     Identify genomic features
2020-08-20 00:17:50,317: INFO     check if test/test_data/Escherichia.coli_str_K-12_substr_MG1655.gbk is gzipped
2020-08-20 00:17:53,590: INFO     Total number of CDS/locus in the input genome: 4357
2020-08-20 00:17:53,591: INFO     Find genomic features closest the guides
2020-08-20 00:17:59,549: INFO     Select guides that start between +100 and -100 of a feature start
2020-08-20 00:17:59,970: INFO     Select description columns
2020-08-20 00:18:00,142: INFO     Format the output
2020-08-20 00:18:01,624: INFO     creating random control guides
2020-08-20 00:18:29,527: INFO     created 10 control guides with a minimum distance of 7 and a median distance of 7
2020-08-20 00:18:29,532: INFO     guidemaker completed, results are at test_ecoli/
2020-08-20 00:18:29,533: INFO     PAM sequence: NGG
2020-08-20 00:18:29,533: INFO     PAM orientation: 5prime
2020-08-20 00:18:29,533: INFO     Genome strand(s) searched: both
2020-08-20 00:18:29,533: INFO     Total PAM sites considered: 542073
2020-08-20 00:18:29,533: INFO     Guide RNA candidates found: 26086
Number of random control searched:  100000
	Command being timed: "guidemaker -i test/test_data/Escherichia.coli_str_K-12_substr_MG1655.gbk --pamseq NGG --outdir test_ecoli/ --pam_orientation 5prime --guidelength 20 --strand both --lcp 10 --dist 5 --before 100 --into 100 --knum 10 --controls 10 --log GuideMaker_57685737_1.log --threads 32"
	User time (seconds): 2506.59
	System time (seconds): 149.78
	Percent of CPU this job got: 1418%
	Elapsed (wall clock) time (h:mm:ss or m:ss): 3:07.32
	Average shared text size (kbytes): 0
	Average unshared data size (kbytes): 0
	Average stack size (kbytes): 0
	Average total size (kbytes): 0
	Maximum resident set size (kbytes): 1630896
	Average resident set size (kbytes): 0
	Major (requiring I/O) page faults: 0
	Minor (reclaiming a frame) page faults: 11541213
	Voluntary context switches: 365711
	Involuntary context switches: 24043
	Swaps: 0
	File system inputs: 0
	File system outputs: 139648
	Socket messages sent: 0
	Socket messages received: 0
	Signals delivered: 0
	Page size (bytes): 4096
	Exit status: 0
######### Printing summary of targets and genome ###########
Total number of CDS/locus_tag in the genome: 4357
Total number of CDS/locus_tag in the targets file: 4251
Number of locus missded by targets: 106
Percentage of locus missded by targets: 2.43%
Coverage of genome by targets: 97.57%
Average number of targets per locus tag: 6.14
Standard Deviation: 3.17
Median number of targers per locus tag: 6
Minimum number of target: 1
Maximum number of target: 23

Number of targets by PAM type:


|PAM |    n|
|:---|----:|
|AGG | 6377|
|CGG | 6729|
|GGG | 5224|
|TGG | 7756|
