Thu Feb  4 19:42:51 EST 2021
c22b-s27.ufhpc
/blue/garrett/rp3448/analysis/guidemaker/nonAVXGuidemaker

     active environment : NONAVX2
    active env location : /home/rp3448/.conda/envs/NONAVX2
            shell level : 3
       user config file : /home/rp3448/.condarc
 populated config files : /home/rp3448/.condarc
          conda version : 4.9.2
    conda-build version : not installed
         python version : 3.9.1.final.0
       virtual packages : __glibc=2.17=0
                          __unix=0=0
                          __archspec=1=x86_64
       base environment : /apps/conda/4.9.2  (read only)
           channel URLs : https://conda.anaconda.org/biobakery/linux-64
                          https://conda.anaconda.org/biobakery/noarch
                          https://conda.anaconda.org/conda-forge/linux-64
                          https://conda.anaconda.org/conda-forge/noarch
                          https://conda.anaconda.org/bioconda/linux-64
                          https://conda.anaconda.org/bioconda/noarch
                          https://repo.anaconda.com/pkgs/main/linux-64
                          https://repo.anaconda.com/pkgs/main/noarch
                          https://repo.anaconda.com/pkgs/r/linux-64
                          https://repo.anaconda.com/pkgs/r/noarch
          package cache : /apps/conda/4.9.2/pkgs
                          /home/rp3448/.conda/pkgs
       envs directories : /home/rp3448/.conda/envs
                          /apps/conda/4.9.2/envs
               platform : linux-64
             user-agent : conda/4.9.2 requests/2.25.1 CPython/3.9.1 Linux/3.10.0-1062.18.1.el7.x86_64 rhel/7.7 glibc/2.17
                UID:GID : 6472:3511
             netrc file : None
           offline mode : False

My SLURM_ARRAY_TASK_ID:  6
My TMPDIR IS:  /scratch/local/63831001
Input Genome:>>>>>>>>>>>>>>>>>>>>>>>>>>>>>>>>>>>>>>>>>>>  Arabidopsis_thaliana.gbk
Input PAM:>>>>>>>>>>>>>>>>>>>>>>>>>>>>>>>>>>>>>>>>>>>  NGG
Threads used:>>>>>>>>>>>>>>>>>>>>>>>>>>>>>>>>>>>>>>>>>>>  1
GuideMaker
Your CPU supports instructions that this binary was not compiled to use: SSE4.1 SSE4.2 AVX AVX2
For maximum performance, you can install NMSLIB from sources 
pip install --no-binary :all: nmslib
2021-02-04 19:42:57,481: INFO     Temp directory is: /scratch/local/63831001/guidemaker_qxqbompo
2021-02-04 19:42:57,482: INFO     Writing fasta file from genbank file(s)
2021-02-04 19:42:57,482: INFO     check if ../all_test_data/Arabidopsis_thaliana.gbk is gzipped
2021-02-04 19:43:23,005: INFO     Identifying PAM sites in the genome
2021-02-04 19:47:11,695: INFO     Checking guides for restriction enzymes
2021-02-04 19:47:14,086: INFO     Number of guides removed after checking for restriction enzymes: 0
2021-02-04 19:47:14,087: INFO     Identifing guides that are unique near the PAM site
2021-02-04 19:47:29,347: INFO     Number of guides removed after checking for unique PAM: 7107147
2021-02-04 19:47:29,347: INFO     Indexing all potential guide sites: 8099754. This is the longest step.
2021-02-04 19:48:04,846: INFO     M                   = 16
2021-02-04 19:48:04,846: INFO     indexThreadQty      = 1
2021-02-04 19:48:04,846: INFO     efConstruction      = 10
2021-02-04 19:48:04,846: INFO     maxM			          = 16
2021-02-04 19:48:04,846: INFO     maxM0			          = 32
2021-02-04 19:48:04,846: INFO     mult                = 0.360674
2021-02-04 19:48:04,846: INFO     skip_optimized_index= 0
2021-02-04 19:48:04,846: INFO     delaunay_type       = 2
2021-02-04 19:48:04,846: INFO     Set HNSW query-time parameters:
2021-02-04 19:48:04,846: INFO     ef(Search)         =20
2021-02-04 19:48:04,847: INFO     algoType           =2

0%   10   20   30   40   50   60   70   80   90   100%
|----|----|----|----|----|----|----|----|----|----|
***************************************************

0%   10   20   30   40   50   60   70   80   90   100%
|----|----|----|----|----|----|----|----|----|----|
***************************************************
*2021-02-04 20:08:31,607: INFO     No appropriate custom distance function for Hamming (bit-storage) space
2021-02-04 20:08:32,682: INFO     searchMethod			  = 0
2021-02-04 20:08:33,329: INFO     Identifying guides that have a hamming distance <= 3 to all other potential guides
2021-02-04 20:08:35,250: INFO     Set HNSW query-time parameters:
2021-02-04 20:08:35,251: INFO     ef(Search)         =9
2021-02-04 20:08:35,251: INFO     algoType           =2
2021-02-04 20:10:45,582: INFO     Formatting data for BedTools
2021-02-04 20:10:48,736: INFO     Create GuideMaker Annotation object
2021-02-04 20:10:48,736: INFO     Identify genomic features
2021-02-04 20:10:48,737: INFO     check if ../all_test_data/Arabidopsis_thaliana.gbk is gzipped
2021-02-04 20:11:21,023: INFO     Total number of CDS/locus in the input genome: 48262
2021-02-04 20:11:21,023: INFO     Find genomic features closest the guides
2021-02-04 20:11:38,433: INFO     Select guides that start between +500 and -500 of a feature start
2021-02-04 20:11:39,418: INFO     Select description columns
2021-02-04 20:11:39,900: INFO     Format the output
2021-02-04 20:11:43,662: INFO     Number of Guides within a gene coordinates i.e. zero Feature distance: 167753
2021-02-04 20:11:49,153: INFO     creating random control guides
2021-02-04 20:11:51,200: INFO     Number of random control searched: 1000
2021-02-04 20:11:51,201: INFO     Percentage of GC content in the input genome: 36.00
2021-02-04 20:11:51,201: INFO     Total length of the genome: 114.1 MB
2021-02-04 20:11:51,201: INFO     created 10 control guides with a minimum distance of 8 and a median distance of 8
2021-02-04 20:11:51,204: INFO     guidemaker completed, results are at TEST
2021-02-04 20:11:51,204: INFO     PAM sequence: NGG
2021-02-04 20:11:51,204: INFO     PAM orientation: 3prime
2021-02-04 20:11:51,204: INFO     Genome strand(s) searched: both
2021-02-04 20:11:51,204: INFO     Total PAM sites considered: 8099754
2021-02-04 20:11:51,204: INFO     Guide RNA candidates found: 257158
	Command being timed: "guidemaker -i ../all_test_data/Arabidopsis_thaliana.gbk --pamseq NGG --outdir TEST --pam_orientation 3prime --guidelength 20 --strand both --lcp 11 --dist 3 --before 500 --into 500 --knum 10 --controls 10 --log GM_63831001_6.log --threads 1"
	User time (seconds): 1712.97
	System time (seconds): 39.83
	Percent of CPU this job got: 100%
	Elapsed (wall clock) time (h:mm:ss or m:ss): 29:11.84
	Average shared text size (kbytes): 0
	Average unshared data size (kbytes): 0
	Average stack size (kbytes): 0
	Average total size (kbytes): 0
	Maximum resident set size (kbytes): 15389476
	Average resident set size (kbytes): 0
	Major (requiring I/O) page faults: 0
	Minor (reclaiming a frame) page faults: 48887202
	Voluntary context switches: 3174
	Involuntary context switches: 2313
	Swaps: 0
	File system inputs: 80
	File system outputs: 1554024
	Socket messages sent: 0
	Socket messages received: 0
	Signals delivered: 0
	Page size (bytes): 4096
	Exit status: 0
My SLURM_ARRAY_TASK_ID:  6
My TMPDIR IS:  /scratch/local/63831001
Input Genome:>>>>>>>>>>>>>>>>>>>>>>>>>>>>>>>>>>>>>>>>>>>  Arabidopsis_thaliana.gbk
Input PAM:>>>>>>>>>>>>>>>>>>>>>>>>>>>>>>>>>>>>>>>>>>>  NGG
Threads used:>>>>>>>>>>>>>>>>>>>>>>>>>>>>>>>>>>>>>>>>>>>  2
GuideMaker
Your CPU supports instructions that this binary was not compiled to use: SSE4.1 SSE4.2 AVX AVX2
For maximum performance, you can install NMSLIB from sources 
pip install --no-binary :all: nmslib
2021-02-04 20:12:09,276: INFO     Temp directory is: /scratch/local/63831001/guidemaker_f7qvoo18
2021-02-04 20:12:09,276: INFO     Writing fasta file from genbank file(s)
2021-02-04 20:12:09,276: INFO     check if ../all_test_data/Arabidopsis_thaliana.gbk is gzipped
2021-02-04 20:12:34,637: INFO     Identifying PAM sites in the genome
2021-02-04 20:16:14,428: INFO     Checking guides for restriction enzymes
2021-02-04 20:16:16,747: INFO     Number of guides removed after checking for restriction enzymes: 0
2021-02-04 20:16:16,747: INFO     Identifing guides that are unique near the PAM site
2021-02-04 20:16:32,296: INFO     Number of guides removed after checking for unique PAM: 7107147
2021-02-04 20:16:32,296: INFO     Indexing all potential guide sites: 8099754. This is the longest step.
2021-02-04 20:17:06,538: INFO     M                   = 16
2021-02-04 20:17:06,539: INFO     indexThreadQty      = 2
2021-02-04 20:17:06,539: INFO     efConstruction      = 10
2021-02-04 20:17:06,539: INFO     maxM			          = 16
2021-02-04 20:17:06,539: INFO     maxM0			          = 32
2021-02-04 20:17:06,539: INFO     mult                = 0.360674
2021-02-04 20:17:06,539: INFO     skip_optimized_index= 0
2021-02-04 20:17:06,539: INFO     delaunay_type       = 2
2021-02-04 20:17:06,539: INFO     Set HNSW query-time parameters:
2021-02-04 20:17:06,539: INFO     ef(Search)         =20
2021-02-04 20:17:06,539: INFO     algoType           =2

0%   10   20   30   40   50   60   70   80   90   100%
|----|----|----|----|----|----|----|----|----|----|
***************************************************

0%   10   20   30   40   50   60   70   80   90   100%
|----|----|----|----|----|----|----|----|----|----|
****************************************************2021-02-04 20:29:46,000: INFO     No appropriate custom distance function for Hamming (bit-storage) space
2021-02-04 20:29:46,000: INFO     searchMethod			  = 0
2021-02-04 20:29:46,662: INFO     Identifying guides that have a hamming distance <= 3 to all other potential guides
2021-02-04 20:29:48,659: INFO     Set HNSW query-time parameters:
2021-02-04 20:29:48,659: INFO     ef(Search)         =9
2021-02-04 20:29:48,659: INFO     algoType           =2
2021-02-04 20:31:39,080: INFO     Formatting data for BedTools
2021-02-04 20:31:42,099: INFO     Create GuideMaker Annotation object
2021-02-04 20:31:42,099: INFO     Identify genomic features
2021-02-04 20:31:42,099: INFO     check if ../all_test_data/Arabidopsis_thaliana.gbk is gzipped
2021-02-04 20:32:13,921: INFO     Total number of CDS/locus in the input genome: 48262
2021-02-04 20:32:13,921: INFO     Find genomic features closest the guides
2021-02-04 20:32:31,140: INFO     Select guides that start between +500 and -500 of a feature start
2021-02-04 20:32:32,102: INFO     Select description columns
2021-02-04 20:32:32,583: INFO     Format the output
2021-02-04 20:32:36,391: INFO     Number of Guides within a gene coordinates i.e. zero Feature distance: 167742
2021-02-04 20:32:41,639: INFO     creating random control guides
2021-02-04 20:32:43,902: INFO     Number of random control searched: 100
2021-02-04 20:32:43,903: INFO     Percentage of GC content in the input genome: 36.00
2021-02-04 20:32:43,903: INFO     Total length of the genome: 114.1 MB
2021-02-04 20:32:43,903: INFO     created 10 control guides with a minimum distance of 7 and a median distance of 7
2021-02-04 20:32:43,905: INFO     guidemaker completed, results are at TEST
2021-02-04 20:32:43,906: INFO     PAM sequence: NGG
2021-02-04 20:32:43,906: INFO     PAM orientation: 3prime
2021-02-04 20:32:43,906: INFO     Genome strand(s) searched: both
2021-02-04 20:32:43,906: INFO     Total PAM sites considered: 8099754
2021-02-04 20:32:43,906: INFO     Guide RNA candidates found: 257164
	Command being timed: "guidemaker -i ../all_test_data/Arabidopsis_thaliana.gbk --pamseq NGG --outdir TEST --pam_orientation 3prime --guidelength 20 --strand both --lcp 11 --dist 3 --before 500 --into 500 --knum 10 --controls 10 --log GM_63831001_6.log --threads 2"
	User time (seconds): 1923.01
	System time (seconds): 142.48
	Percent of CPU this job got: 164%
	Elapsed (wall clock) time (h:mm:ss or m:ss): 20:55.13
	Average shared text size (kbytes): 0
	Average unshared data size (kbytes): 0
	Average stack size (kbytes): 0
	Average total size (kbytes): 0
	Maximum resident set size (kbytes): 16204640
	Average resident set size (kbytes): 0
	Major (requiring I/O) page faults: 0
	Minor (reclaiming a frame) page faults: 82782949
	Voluntary context switches: 683362
	Involuntary context switches: 2604
	Swaps: 0
	File system inputs: 0
	File system outputs: 1551600
	Socket messages sent: 0
	Socket messages received: 0
	Signals delivered: 0
	Page size (bytes): 4096
	Exit status: 0
My SLURM_ARRAY_TASK_ID:  6
My TMPDIR IS:  /scratch/local/63831001
Input Genome:>>>>>>>>>>>>>>>>>>>>>>>>>>>>>>>>>>>>>>>>>>>  Arabidopsis_thaliana.gbk
Input PAM:>>>>>>>>>>>>>>>>>>>>>>>>>>>>>>>>>>>>>>>>>>>  NGG
Threads used:>>>>>>>>>>>>>>>>>>>>>>>>>>>>>>>>>>>>>>>>>>>  4
GuideMaker
Your CPU supports instructions that this binary was not compiled to use: SSE4.1 SSE4.2 AVX AVX2
For maximum performance, you can install NMSLIB from sources 
pip install --no-binary :all: nmslib
2021-02-04 20:33:04,413: INFO     Temp directory is: /scratch/local/63831001/guidemaker_4dbgav6x
2021-02-04 20:33:04,414: INFO     Writing fasta file from genbank file(s)
2021-02-04 20:33:04,414: INFO     check if ../all_test_data/Arabidopsis_thaliana.gbk is gzipped
2021-02-04 20:33:29,253: INFO     Identifying PAM sites in the genome
2021-02-04 20:37:19,756: INFO     Checking guides for restriction enzymes
2021-02-04 20:37:22,239: INFO     Number of guides removed after checking for restriction enzymes: 0
2021-02-04 20:37:22,240: INFO     Identifing guides that are unique near the PAM site
2021-02-04 20:37:37,532: INFO     Number of guides removed after checking for unique PAM: 7107147
2021-02-04 20:37:37,533: INFO     Indexing all potential guide sites: 8099754. This is the longest step.
2021-02-04 20:38:13,724: INFO     M                   = 16
2021-02-04 20:38:13,724: INFO     indexThreadQty      = 4
2021-02-04 20:38:13,724: INFO     efConstruction      = 10
2021-02-04 20:38:13,724: INFO     maxM			          = 16
2021-02-04 20:38:13,724: INFO     maxM0			          = 32
2021-02-04 20:38:13,724: INFO     mult                = 0.360674
2021-02-04 20:38:13,724: INFO     skip_optimized_index= 0
2021-02-04 20:38:13,724: INFO     delaunay_type       = 2
2021-02-04 20:38:13,724: INFO     Set HNSW query-time parameters:
2021-02-04 20:38:13,725: INFO     ef(Search)         =20
2021-02-04 20:38:13,725: INFO     algoType           =2

0%   10   20   30   40   50   60   70   80   90   100%
|----|----|----|----|----|----|----|----|----|----|
***************************************************

0%   10   20   30   40   50   60   70   80   90   100%
|----|----|----|----|----|----|----|----|----|----|
***************************************************2021-02-04 20:44:50,858: INFO     No appropriate custom distance function for Hamming (bit-storage) space
2021-02-04 20:44:50,859: INFO     searchMethod			  = 0
2021-02-04 20:44:51,513: INFO     Identifying guides that have a hamming distance <= 3 to all other potential guides
2021-02-04 20:44:53,631: INFO     Set HNSW query-time parameters:
2021-02-04 20:44:53,631: INFO     ef(Search)         =9
2021-02-04 20:44:53,631: INFO     algoType           =2
2021-02-04 20:46:08,073: INFO     Formatting data for BedTools
2021-02-04 20:46:10,992: INFO     Create GuideMaker Annotation object
2021-02-04 20:46:10,993: INFO     Identify genomic features
2021-02-04 20:46:10,993: INFO     check if ../all_test_data/Arabidopsis_thaliana.gbk is gzipped
2021-02-04 20:46:42,971: INFO     Total number of CDS/locus in the input genome: 48262
2021-02-04 20:46:42,971: INFO     Find genomic features closest the guides
2021-02-04 20:47:00,666: INFO     Select guides that start between +500 and -500 of a feature start
2021-02-04 20:47:01,606: INFO     Select description columns
2021-02-04 20:47:02,086: INFO     Format the output
2021-02-04 20:47:05,947: INFO     Number of Guides within a gene coordinates i.e. zero Feature distance: 167815
2021-02-04 20:47:11,178: INFO     creating random control guides
2021-02-04 20:47:13,434: INFO     Number of random control searched: 1000
2021-02-04 20:47:13,435: INFO     Percentage of GC content in the input genome: 36.00
2021-02-04 20:47:13,435: INFO     Total length of the genome: 114.1 MB
2021-02-04 20:47:13,435: INFO     created 10 control guides with a minimum distance of 8 and a median distance of 8
2021-02-04 20:47:13,437: INFO     guidemaker completed, results are at TEST
2021-02-04 20:47:13,437: INFO     PAM sequence: NGG
2021-02-04 20:47:13,437: INFO     PAM orientation: 3prime
2021-02-04 20:47:13,437: INFO     Genome strand(s) searched: both
2021-02-04 20:47:13,438: INFO     Total PAM sites considered: 8099754
2021-02-04 20:47:13,438: INFO     Guide RNA candidates found: 257317
	Command being timed: "guidemaker -i ../all_test_data/Arabidopsis_thaliana.gbk --pamseq NGG --outdir TEST --pam_orientation 3prime --guidelength 20 --strand both --lcp 11 --dist 3 --before 500 --into 500 --knum 10 --controls 10 --log GM_63831001_6.log --threads 4"
	User time (seconds): 2005.47
	System time (seconds): 111.43
	Percent of CPU this job got: 243%
	Elapsed (wall clock) time (h:mm:ss or m:ss): 14:29.66
	Average shared text size (kbytes): 0
	Average unshared data size (kbytes): 0
	Average stack size (kbytes): 0
	Average total size (kbytes): 0
	Maximum resident set size (kbytes): 16230124
	Average resident set size (kbytes): 0
	Major (requiring I/O) page faults: 0
	Minor (reclaiming a frame) page faults: 64943198
	Voluntary context switches: 1351903
	Involuntary context switches: 259906
	Swaps: 0
	File system inputs: 0
	File system outputs: 1554192
	Socket messages sent: 0
	Socket messages received: 0
	Signals delivered: 0
	Page size (bytes): 4096
	Exit status: 0
My SLURM_ARRAY_TASK_ID:  6
My TMPDIR IS:  /scratch/local/63831001
Input Genome:>>>>>>>>>>>>>>>>>>>>>>>>>>>>>>>>>>>>>>>>>>>  Arabidopsis_thaliana.gbk
Input PAM:>>>>>>>>>>>>>>>>>>>>>>>>>>>>>>>>>>>>>>>>>>>  NGG
Threads used:>>>>>>>>>>>>>>>>>>>>>>>>>>>>>>>>>>>>>>>>>>>  8
GuideMaker
Your CPU supports instructions that this binary was not compiled to use: SSE4.1 SSE4.2 AVX AVX2
For maximum performance, you can install NMSLIB from sources 
pip install --no-binary :all: nmslib
2021-02-04 20:47:34,131: INFO     Temp directory is: /scratch/local/63831001/guidemaker_9eghy1bo
2021-02-04 20:47:34,132: INFO     Writing fasta file from genbank file(s)
2021-02-04 20:47:34,132: INFO     check if ../all_test_data/Arabidopsis_thaliana.gbk is gzipped
2021-02-04 20:47:58,891: INFO     Identifying PAM sites in the genome
2021-02-04 20:51:34,499: INFO     Checking guides for restriction enzymes
2021-02-04 20:51:36,745: INFO     Number of guides removed after checking for restriction enzymes: 0
2021-02-04 20:51:36,745: INFO     Identifing guides that are unique near the PAM site
2021-02-04 20:51:51,891: INFO     Number of guides removed after checking for unique PAM: 7107147
2021-02-04 20:51:51,891: INFO     Indexing all potential guide sites: 8099754. This is the longest step.
2021-02-04 20:52:27,114: INFO     M                   = 16
2021-02-04 20:52:27,114: INFO     indexThreadQty      = 8
2021-02-04 20:52:27,114: INFO     efConstruction      = 10
2021-02-04 20:52:27,114: INFO     maxM			          = 16
2021-02-04 20:52:27,114: INFO     maxM0			          = 32
2021-02-04 20:52:27,114: INFO     mult                = 0.360674
2021-02-04 20:52:27,114: INFO     skip_optimized_index= 0
2021-02-04 20:52:27,114: INFO     delaunay_type       = 2
2021-02-04 20:52:27,114: INFO     Set HNSW query-time parameters:
2021-02-04 20:52:27,114: INFO     ef(Search)         =20
2021-02-04 20:52:27,114: INFO     algoType           =2

0%   10   20   30   40   50   60   70   80   90   100%
|----|----|----|----|----|----|----|----|----|----|
***************************************************

0%   10   20   30   40   50   60   70   80   90   100%
|----|----|----|----|----|----|----|----|----|----|
****************************************************2021-02-04 20:56:07,504: INFO     No appropriate custom distance function for Hamming (bit-storage) space
2021-02-04 20:56:07,505: INFO     searchMethod			  = 0
2021-02-04 20:56:08,197: INFO     Identifying guides that have a hamming distance <= 3 to all other potential guides
2021-02-04 20:56:10,306: INFO     Set HNSW query-time parameters:
2021-02-04 20:56:10,307: INFO     ef(Search)         =9
2021-02-04 20:56:10,307: INFO     algoType           =2
2021-02-04 20:57:10,314: INFO     Formatting data for BedTools
2021-02-04 20:57:13,278: INFO     Create GuideMaker Annotation object
2021-02-04 20:57:13,278: INFO     Identify genomic features
2021-02-04 20:57:13,279: INFO     check if ../all_test_data/Arabidopsis_thaliana.gbk is gzipped
2021-02-04 20:57:44,568: INFO     Total number of CDS/locus in the input genome: 48262
2021-02-04 20:57:44,569: INFO     Find genomic features closest the guides
2021-02-04 20:58:02,658: INFO     Select guides that start between +500 and -500 of a feature start
2021-02-04 20:58:03,724: INFO     Select description columns
2021-02-04 20:58:04,227: INFO     Format the output
2021-02-04 20:58:08,921: INFO     Number of Guides within a gene coordinates i.e. zero Feature distance: 167890
2021-02-04 20:58:14,477: INFO     creating random control guides
2021-02-04 20:58:16,515: INFO     Number of random control searched: 1000
2021-02-04 20:58:16,516: INFO     Percentage of GC content in the input genome: 36.00
2021-02-04 20:58:16,516: INFO     Total length of the genome: 114.1 MB
2021-02-04 20:58:16,516: INFO     created 10 control guides with a minimum distance of 8 and a median distance of 8
2021-02-04 20:58:16,519: INFO     guidemaker completed, results are at TEST
2021-02-04 20:58:16,519: INFO     PAM sequence: NGG
2021-02-04 20:58:16,519: INFO     PAM orientation: 3prime
2021-02-04 20:58:16,519: INFO     Genome strand(s) searched: both
2021-02-04 20:58:16,519: INFO     Total PAM sites considered: 8099754
2021-02-04 20:58:16,519: INFO     Guide RNA candidates found: 257281
	Command being timed: "guidemaker -i ../all_test_data/Arabidopsis_thaliana.gbk --pamseq NGG --outdir TEST --pam_orientation 3prime --guidelength 20 --strand both --lcp 11 --dist 3 --before 500 --into 500 --knum 10 --controls 10 --log GM_63831001_6.log --threads 8"
	User time (seconds): 2122.36
	System time (seconds): 117.78
	Percent of CPU this job got: 337%
	Elapsed (wall clock) time (h:mm:ss or m:ss): 11:02.81
	Average shared text size (kbytes): 0
	Average unshared data size (kbytes): 0
	Average stack size (kbytes): 0
	Average total size (kbytes): 0
	Maximum resident set size (kbytes): 16300240
	Average resident set size (kbytes): 0
	Major (requiring I/O) page faults: 0
	Minor (reclaiming a frame) page faults: 60184897
	Voluntary context switches: 2614023
	Involuntary context switches: 2227
	Swaps: 0
	File system inputs: 0
	File system outputs: 1555664
	Socket messages sent: 0
	Socket messages received: 0
	Signals delivered: 0
	Page size (bytes): 4096
	Exit status: 0
My SLURM_ARRAY_TASK_ID:  6
My TMPDIR IS:  /scratch/local/63831001
Input Genome:>>>>>>>>>>>>>>>>>>>>>>>>>>>>>>>>>>>>>>>>>>>  Arabidopsis_thaliana.gbk
Input PAM:>>>>>>>>>>>>>>>>>>>>>>>>>>>>>>>>>>>>>>>>>>>  NGG
Threads used:>>>>>>>>>>>>>>>>>>>>>>>>>>>>>>>>>>>>>>>>>>>  16
GuideMaker
Your CPU supports instructions that this binary was not compiled to use: SSE4.1 SSE4.2 AVX AVX2
For maximum performance, you can install NMSLIB from sources 
pip install --no-binary :all: nmslib
2021-02-04 20:58:36,943: INFO     Temp directory is: /scratch/local/63831001/guidemaker_q7y3d_8k
2021-02-04 20:58:36,943: INFO     Writing fasta file from genbank file(s)
2021-02-04 20:58:36,943: INFO     check if ../all_test_data/Arabidopsis_thaliana.gbk is gzipped
2021-02-04 20:59:02,464: INFO     Identifying PAM sites in the genome
2021-02-04 21:02:48,104: INFO     Checking guides for restriction enzymes
2021-02-04 21:02:50,485: INFO     Number of guides removed after checking for restriction enzymes: 0
2021-02-04 21:02:50,485: INFO     Identifing guides that are unique near the PAM site
2021-02-04 21:03:05,772: INFO     Number of guides removed after checking for unique PAM: 7107147
2021-02-04 21:03:05,772: INFO     Indexing all potential guide sites: 8099754. This is the longest step.
2021-02-04 21:03:40,702: INFO     M                   = 16
2021-02-04 21:03:40,702: INFO     indexThreadQty      = 16
2021-02-04 21:03:40,702: INFO     efConstruction      = 10
2021-02-04 21:03:40,703: INFO     maxM			          = 16
2021-02-04 21:03:40,703: INFO     maxM0			          = 32
2021-02-04 21:03:40,703: INFO     mult                = 0.360674
2021-02-04 21:03:40,703: INFO     skip_optimized_index= 0
2021-02-04 21:03:40,703: INFO     delaunay_type       = 2
2021-02-04 21:03:40,703: INFO     Set HNSW query-time parameters:
2021-02-04 21:03:40,703: INFO     ef(Search)         =20
2021-02-04 21:03:40,703: INFO     algoType           =2

0%   10   20   30   40   50   60   70   80   90   100%
|----|----|----|----|----|----|----|----|----|----|
***************************************************

0%   10   20   30   40   50   60   70   80   90   100%
|----|----|----|----|----|----|----|----|----|----|
****************************************************2021-02-04 21:05:46,124: INFO     No appropriate custom distance function for Hamming (bit-storage) space
2021-02-04 21:05:46,125: INFO     searchMethod			  = 0
2021-02-04 21:05:46,778: INFO     Identifying guides that have a hamming distance <= 3 to all other potential guides
2021-02-04 21:05:48,703: INFO     Set HNSW query-time parameters:
2021-02-04 21:05:48,704: INFO     ef(Search)         =9
2021-02-04 21:05:48,704: INFO     algoType           =2
2021-02-04 21:06:45,036: INFO     Formatting data for BedTools
2021-02-04 21:06:48,018: INFO     Create GuideMaker Annotation object
2021-02-04 21:06:48,018: INFO     Identify genomic features
2021-02-04 21:06:48,019: INFO     check if ../all_test_data/Arabidopsis_thaliana.gbk is gzipped
2021-02-04 21:07:20,155: INFO     Total number of CDS/locus in the input genome: 48262
2021-02-04 21:07:20,156: INFO     Find genomic features closest the guides
2021-02-04 21:07:37,947: INFO     Select guides that start between +500 and -500 of a feature start
2021-02-04 21:07:38,974: INFO     Select description columns
2021-02-04 21:07:39,456: INFO     Format the output
2021-02-04 21:07:43,251: INFO     Number of Guides within a gene coordinates i.e. zero Feature distance: 167804
2021-02-04 21:07:48,662: INFO     creating random control guides
2021-02-04 21:07:50,614: INFO     Number of random control searched: 100
2021-02-04 21:07:50,614: INFO     Percentage of GC content in the input genome: 36.00
2021-02-04 21:07:50,614: INFO     Total length of the genome: 114.1 MB
2021-02-04 21:07:50,614: INFO     created 10 control guides with a minimum distance of 7 and a median distance of 7
2021-02-04 21:07:50,618: INFO     guidemaker completed, results are at TEST
2021-02-04 21:07:50,618: INFO     PAM sequence: NGG
2021-02-04 21:07:50,618: INFO     PAM orientation: 3prime
2021-02-04 21:07:50,618: INFO     Genome strand(s) searched: both
2021-02-04 21:07:50,618: INFO     Total PAM sites considered: 8099754
2021-02-04 21:07:50,618: INFO     Guide RNA candidates found: 257195
	Command being timed: "guidemaker -i ../all_test_data/Arabidopsis_thaliana.gbk --pamseq NGG --outdir TEST --pam_orientation 3prime --guidelength 20 --strand both --lcp 11 --dist 3 --before 500 --into 500 --knum 10 --controls 10 --log GM_63831001_6.log --threads 16"
	User time (seconds): 2272.14
	System time (seconds): 141.04
	Percent of CPU this job got: 420%
	Elapsed (wall clock) time (h:mm:ss or m:ss): 9:33.92
	Average shared text size (kbytes): 0
	Average unshared data size (kbytes): 0
	Average stack size (kbytes): 0
	Average total size (kbytes): 0
	Maximum resident set size (kbytes): 16389660
	Average resident set size (kbytes): 0
	Major (requiring I/O) page faults: 0
	Minor (reclaiming a frame) page faults: 51291142
	Voluntary context switches: 4983903
	Involuntary context switches: 81904
	Swaps: 0
	File system inputs: 2352
	File system outputs: 1552976
	Socket messages sent: 0
	Socket messages received: 0
	Signals delivered: 0
	Page size (bytes): 4096
	Exit status: 0
My SLURM_ARRAY_TASK_ID:  6
My TMPDIR IS:  /scratch/local/63831001
Input Genome:>>>>>>>>>>>>>>>>>>>>>>>>>>>>>>>>>>>>>>>>>>>  Arabidopsis_thaliana.gbk
Input PAM:>>>>>>>>>>>>>>>>>>>>>>>>>>>>>>>>>>>>>>>>>>>  NGG
Threads used:>>>>>>>>>>>>>>>>>>>>>>>>>>>>>>>>>>>>>>>>>>>  32
GuideMaker
Your CPU supports instructions that this binary was not compiled to use: SSE4.1 SSE4.2 AVX AVX2
For maximum performance, you can install NMSLIB from sources 
pip install --no-binary :all: nmslib
2021-02-04 21:08:10,857: INFO     Temp directory is: /scratch/local/63831001/guidemaker_bweuzb74
2021-02-04 21:08:10,857: INFO     Writing fasta file from genbank file(s)
2021-02-04 21:08:10,857: INFO     check if ../all_test_data/Arabidopsis_thaliana.gbk is gzipped
2021-02-04 21:08:36,034: INFO     Identifying PAM sites in the genome
2021-02-04 21:12:11,535: INFO     Checking guides for restriction enzymes
2021-02-04 21:12:13,842: INFO     Number of guides removed after checking for restriction enzymes: 0
2021-02-04 21:12:13,843: INFO     Identifing guides that are unique near the PAM site
2021-02-04 21:12:29,058: INFO     Number of guides removed after checking for unique PAM: 7107147
2021-02-04 21:12:29,058: INFO     Indexing all potential guide sites: 8099754. This is the longest step.
2021-02-04 21:13:02,840: INFO     M                   = 16
2021-02-04 21:13:02,840: INFO     indexThreadQty      = 32
2021-02-04 21:13:02,841: INFO     efConstruction      = 10
2021-02-04 21:13:02,841: INFO     maxM			          = 16
2021-02-04 21:13:02,841: INFO     maxM0			          = 32
2021-02-04 21:13:02,841: INFO     mult                = 0.360674
2021-02-04 21:13:02,841: INFO     skip_optimized_index= 0
2021-02-04 21:13:02,841: INFO     delaunay_type       = 2
2021-02-04 21:13:02,841: INFO     Set HNSW query-time parameters:
2021-02-04 21:13:02,841: INFO     ef(Search)         =20
2021-02-04 21:13:02,841: INFO     algoType           =2

0%   10   20   30   40   50   60   70   80   90   100%
|----|----|----|----|----|----|----|----|----|----|
***************************************************

0%   10   20   30   40   50   60   70   80   90   100%
|----|----|----|----|----|----|----|----|----|----|
****************************************************2021-02-04 21:14:21,435: INFO     No appropriate custom distance function for Hamming (bit-storage) space
2021-02-04 21:14:21,436: INFO     searchMethod			  = 0
2021-02-04 21:14:22,111: INFO     Identifying guides that have a hamming distance <= 3 to all other potential guides
2021-02-04 21:14:24,042: INFO     Set HNSW query-time parameters:
2021-02-04 21:14:24,043: INFO     ef(Search)         =9
2021-02-04 21:14:24,043: INFO     algoType           =2
2021-02-04 21:15:14,201: INFO     Formatting data for BedTools
2021-02-04 21:15:17,040: INFO     Create GuideMaker Annotation object
2021-02-04 21:15:17,041: INFO     Identify genomic features
2021-02-04 21:15:17,041: INFO     check if ../all_test_data/Arabidopsis_thaliana.gbk is gzipped
2021-02-04 21:15:49,302: INFO     Total number of CDS/locus in the input genome: 48262
2021-02-04 21:15:49,302: INFO     Find genomic features closest the guides
2021-02-04 21:16:07,345: INFO     Select guides that start between +500 and -500 of a feature start
2021-02-04 21:16:08,393: INFO     Select description columns
2021-02-04 21:16:08,859: INFO     Format the output
2021-02-04 21:16:12,666: INFO     Number of Guides within a gene coordinates i.e. zero Feature distance: 167835
2021-02-04 21:16:17,868: INFO     creating random control guides
2021-02-04 21:16:19,944: INFO     Number of random control searched: 100
2021-02-04 21:16:19,944: INFO     Percentage of GC content in the input genome: 36.00
2021-02-04 21:16:19,944: INFO     Total length of the genome: 114.1 MB
2021-02-04 21:16:19,944: INFO     created 10 control guides with a minimum distance of 7 and a median distance of 7
2021-02-04 21:16:19,946: INFO     guidemaker completed, results are at TEST
2021-02-04 21:16:19,946: INFO     PAM sequence: NGG
2021-02-04 21:16:19,947: INFO     PAM orientation: 3prime
2021-02-04 21:16:19,947: INFO     Genome strand(s) searched: both
2021-02-04 21:16:19,947: INFO     Total PAM sites considered: 8099754
2021-02-04 21:16:19,947: INFO     Guide RNA candidates found: 257284
	Command being timed: "guidemaker -i ../all_test_data/Arabidopsis_thaliana.gbk --pamseq NGG --outdir TEST --pam_orientation 3prime --guidelength 20 --strand both --lcp 11 --dist 3 --before 500 --into 500 --knum 10 --controls 10 --log GM_63831001_6.log --threads 32"
	User time (seconds): 2416.76
	System time (seconds): 218.11
	Percent of CPU this job got: 516%
	Elapsed (wall clock) time (h:mm:ss or m:ss): 8:30.16
	Average shared text size (kbytes): 0
	Average unshared data size (kbytes): 0
	Average stack size (kbytes): 0
	Average total size (kbytes): 0
	Maximum resident set size (kbytes): 16544660
	Average resident set size (kbytes): 0
	Major (requiring I/O) page faults: 0
	Minor (reclaiming a frame) page faults: 38889503
	Voluntary context switches: 11035582
	Involuntary context switches: 434753
	Swaps: 0
	File system inputs: 16
	File system outputs: 1554544
	Socket messages sent: 0
	Socket messages received: 0
	Signals delivered: 0
	Page size (bytes): 4096
	Exit status: 0
