Thu Feb  4 20:43:49 EST 2021
c22b-s26.ufhpc
/blue/garrett/rp3448/analysis/guidemaker/nonAVXGuidemaker

     active environment : NONAVX2
    active env location : /home/rp3448/.conda/envs/NONAVX2
            shell level : 3
       user config file : /home/rp3448/.condarc
 populated config files : /home/rp3448/.condarc
          conda version : 4.9.2
    conda-build version : not installed
         python version : 3.9.1.final.0
       virtual packages : __glibc=2.17=0
                          __unix=0=0
                          __archspec=1=x86_64
       base environment : /apps/conda/4.9.2  (read only)
           channel URLs : https://conda.anaconda.org/biobakery/linux-64
                          https://conda.anaconda.org/biobakery/noarch
                          https://conda.anaconda.org/conda-forge/linux-64
                          https://conda.anaconda.org/conda-forge/noarch
                          https://conda.anaconda.org/bioconda/linux-64
                          https://conda.anaconda.org/bioconda/noarch
                          https://repo.anaconda.com/pkgs/main/linux-64
                          https://repo.anaconda.com/pkgs/main/noarch
                          https://repo.anaconda.com/pkgs/r/linux-64
                          https://repo.anaconda.com/pkgs/r/noarch
          package cache : /apps/conda/4.9.2/pkgs
                          /home/rp3448/.conda/pkgs
       envs directories : /home/rp3448/.conda/envs
                          /apps/conda/4.9.2/envs
               platform : linux-64
             user-agent : conda/4.9.2 requests/2.25.1 CPython/3.9.1 Linux/3.10.0-1062.18.1.el7.x86_64 rhel/7.7 glibc/2.17
                UID:GID : 6472:3511
             netrc file : None
           offline mode : False

My SLURM_ARRAY_TASK_ID:  9
My TMPDIR IS:  /scratch/local/63832481
Input Genome:>>>>>>>>>>>>>>>>>>>>>>>>>>>>>>>>>>>>>>>>>>>  Arabidopsis_thaliana.gbk
Input PAM:>>>>>>>>>>>>>>>>>>>>>>>>>>>>>>>>>>>>>>>>>>>  NGRRT
Threads used:>>>>>>>>>>>>>>>>>>>>>>>>>>>>>>>>>>>>>>>>>>>  1
GuideMaker
Your CPU supports instructions that this binary was not compiled to use: SSE4.1 SSE4.2 AVX AVX2
For maximum performance, you can install NMSLIB from sources 
pip install --no-binary :all: nmslib
2021-02-04 20:43:54,606: INFO     Temp directory is: /scratch/local/63832481/guidemaker_w0alh9ow
2021-02-04 20:43:54,607: INFO     Writing fasta file from genbank file(s)
2021-02-04 20:43:54,607: INFO     check if ../all_test_data/Arabidopsis_thaliana.gbk is gzipped
2021-02-04 20:44:19,900: INFO     Identifying PAM sites in the genome
2021-02-04 20:46:20,934: INFO     Checking guides for restriction enzymes
2021-02-04 20:46:21,835: INFO     Number of guides removed after checking for restriction enzymes: 0
2021-02-04 20:46:21,836: INFO     Identifing guides that are unique near the PAM site
2021-02-04 20:46:27,915: INFO     Number of guides removed after checking for unique PAM: 2398454
2021-02-04 20:46:27,916: INFO     Indexing all potential guide sites: 3282648. This is the longest step.
2021-02-04 20:46:42,069: INFO     M                   = 16
2021-02-04 20:46:42,069: INFO     indexThreadQty      = 1
2021-02-04 20:46:42,069: INFO     efConstruction      = 10
2021-02-04 20:46:42,069: INFO     maxM			          = 16
2021-02-04 20:46:42,069: INFO     maxM0			          = 32
2021-02-04 20:46:42,069: INFO     mult                = 0.360674
2021-02-04 20:46:42,069: INFO     skip_optimized_index= 0
2021-02-04 20:46:42,069: INFO     delaunay_type       = 2
2021-02-04 20:46:42,069: INFO     Set HNSW query-time parameters:
2021-02-04 20:46:42,069: INFO     ef(Search)         =20
2021-02-04 20:46:42,069: INFO     algoType           =2

0%   10   20   30   40   50   60   70   80   90   100%
|----|----|----|----|----|----|----|----|----|----|
***************************************************

0%   10   20   30   40   50   60   70   80   90   100%
|----|----|----|----|----|----|----|----|----|----|
***************************************************
*2021-02-04 20:53:55,065: INFO     No appropriate custom distance function for Hamming (bit-storage) space
2021-02-04 20:53:55,066: INFO     searchMethod			  = 0
2021-02-04 20:53:55,321: INFO     Identifying guides that have a hamming distance <= 3 to all other potential guides
2021-02-04 20:53:56,803: INFO     Set HNSW query-time parameters:
2021-02-04 20:53:56,804: INFO     ef(Search)         =9
2021-02-04 20:53:56,804: INFO     algoType           =2
2021-02-04 20:55:40,314: INFO     Formatting data for BedTools
2021-02-04 20:55:42,500: INFO     Create GuideMaker Annotation object
2021-02-04 20:55:42,500: INFO     Identify genomic features
2021-02-04 20:55:42,501: INFO     check if ../all_test_data/Arabidopsis_thaliana.gbk is gzipped
2021-02-04 20:56:13,051: INFO     Total number of CDS/locus in the input genome: 48262
2021-02-04 20:56:13,051: INFO     Find genomic features closest the guides
2021-02-04 20:56:26,714: INFO     Select guides that start between +500 and -500 of a feature start
2021-02-04 20:56:27,678: INFO     Select description columns
2021-02-04 20:56:28,187: INFO     Format the output
2021-02-04 20:56:32,256: INFO     Number of Guides within a gene coordinates i.e. zero Feature distance: 131923
2021-02-04 20:56:36,677: INFO     creating random control guides
2021-02-04 20:56:38,110: INFO     Number of random control searched: 100
2021-02-04 20:56:38,110: INFO     Percentage of GC content in the input genome: 36.00
2021-02-04 20:56:38,110: INFO     Total length of the genome: 114.1 MB
2021-02-04 20:56:38,110: INFO     created 10 control guides with a minimum distance of 7 and a median distance of 7
2021-02-04 20:56:38,113: INFO     guidemaker completed, results are at TEST
2021-02-04 20:56:38,113: INFO     PAM sequence: NGRRT
2021-02-04 20:56:38,113: INFO     PAM orientation: 3prime
2021-02-04 20:56:38,113: INFO     Genome strand(s) searched: both
2021-02-04 20:56:38,113: INFO     Total PAM sites considered: 3282648
2021-02-04 20:56:38,113: INFO     Guide RNA candidates found: 226170
	Command being timed: "guidemaker -i ../all_test_data/Arabidopsis_thaliana.gbk --pamseq NGRRT --outdir TEST --pam_orientation 3prime --guidelength 20 --strand both --lcp 11 --dist 3 --before 500 --into 500 --knum 10 --controls 10 --log GM_63832481_9.log --threads 1"
	User time (seconds): 759.05
	System time (seconds): 14.19
	Percent of CPU this job got: 100%
	Elapsed (wall clock) time (h:mm:ss or m:ss): 12:51.19
	Average shared text size (kbytes): 0
	Average unshared data size (kbytes): 0
	Average stack size (kbytes): 0
	Average total size (kbytes): 0
	Maximum resident set size (kbytes): 7220536
	Average resident set size (kbytes): 0
	Major (requiring I/O) page faults: 0
	Minor (reclaiming a frame) page faults: 12589687
	Voluntary context switches: 3119
	Involuntary context switches: 1459
	Swaps: 0
	File system inputs: 16
	File system outputs: 1368816
	Socket messages sent: 0
	Socket messages received: 0
	Signals delivered: 0
	Page size (bytes): 4096
	Exit status: 0
My SLURM_ARRAY_TASK_ID:  9
My TMPDIR IS:  /scratch/local/63832481
Input Genome:>>>>>>>>>>>>>>>>>>>>>>>>>>>>>>>>>>>>>>>>>>>  Arabidopsis_thaliana.gbk
Input PAM:>>>>>>>>>>>>>>>>>>>>>>>>>>>>>>>>>>>>>>>>>>>  NGRRT
Threads used:>>>>>>>>>>>>>>>>>>>>>>>>>>>>>>>>>>>>>>>>>>>  2
GuideMaker
Your CPU supports instructions that this binary was not compiled to use: SSE4.1 SSE4.2 AVX AVX2
For maximum performance, you can install NMSLIB from sources 
pip install --no-binary :all: nmslib
2021-02-04 20:56:45,784: INFO     Temp directory is: /scratch/local/63832481/guidemaker_siqbzu63
2021-02-04 20:56:45,784: INFO     Writing fasta file from genbank file(s)
2021-02-04 20:56:45,784: INFO     check if ../all_test_data/Arabidopsis_thaliana.gbk is gzipped
2021-02-04 20:57:10,711: INFO     Identifying PAM sites in the genome
2021-02-04 20:59:10,273: INFO     Checking guides for restriction enzymes
2021-02-04 20:59:11,180: INFO     Number of guides removed after checking for restriction enzymes: 0
2021-02-04 20:59:11,180: INFO     Identifing guides that are unique near the PAM site
2021-02-04 20:59:17,180: INFO     Number of guides removed after checking for unique PAM: 2398454
2021-02-04 20:59:17,180: INFO     Indexing all potential guide sites: 3282648. This is the longest step.
2021-02-04 20:59:30,957: INFO     M                   = 16
2021-02-04 20:59:30,957: INFO     indexThreadQty      = 2
2021-02-04 20:59:30,957: INFO     efConstruction      = 10
2021-02-04 20:59:30,957: INFO     maxM			          = 16
2021-02-04 20:59:30,957: INFO     maxM0			          = 32
2021-02-04 20:59:30,957: INFO     mult                = 0.360674
2021-02-04 20:59:30,957: INFO     skip_optimized_index= 0
2021-02-04 20:59:30,958: INFO     delaunay_type       = 2
2021-02-04 20:59:30,958: INFO     Set HNSW query-time parameters:
2021-02-04 20:59:30,958: INFO     ef(Search)         =20
2021-02-04 20:59:30,958: INFO     algoType           =2

0%   10   20   30   40   50   60   70   80   90   100%
|----|----|----|----|----|----|----|----|----|----|
***************************************************

0%   10   20   30   40   50   60   70   80   90   100%
|----|----|----|----|----|----|----|----|----|----|
****************************************************2021-02-04 21:04:11,849: INFO     No appropriate custom distance function for Hamming (bit-storage) space
2021-02-04 21:04:11,850: INFO     searchMethod			  = 0
2021-02-04 21:04:12,112: INFO     Identifying guides that have a hamming distance <= 3 to all other potential guides
2021-02-04 21:04:13,553: INFO     Set HNSW query-time parameters:
2021-02-04 21:04:13,554: INFO     ef(Search)         =9
2021-02-04 21:04:13,554: INFO     algoType           =2
2021-02-04 21:05:37,502: INFO     Formatting data for BedTools
2021-02-04 21:05:39,581: INFO     Create GuideMaker Annotation object
2021-02-04 21:05:39,581: INFO     Identify genomic features
2021-02-04 21:05:39,581: INFO     check if ../all_test_data/Arabidopsis_thaliana.gbk is gzipped
2021-02-04 21:06:09,704: INFO     Total number of CDS/locus in the input genome: 48262
2021-02-04 21:06:09,704: INFO     Find genomic features closest the guides
2021-02-04 21:06:23,783: INFO     Select guides that start between +500 and -500 of a feature start
2021-02-04 21:06:24,561: INFO     Select description columns
2021-02-04 21:06:25,009: INFO     Format the output
2021-02-04 21:06:28,188: INFO     Number of Guides within a gene coordinates i.e. zero Feature distance: 132020
2021-02-04 21:06:32,701: INFO     creating random control guides
2021-02-04 21:06:34,477: INFO     Number of random control searched: 100
2021-02-04 21:06:34,477: INFO     Percentage of GC content in the input genome: 36.00
2021-02-04 21:06:34,477: INFO     Total length of the genome: 114.1 MB
2021-02-04 21:06:34,478: INFO     created 10 control guides with a minimum distance of 7 and a median distance of 7
2021-02-04 21:06:34,480: INFO     guidemaker completed, results are at TEST
2021-02-04 21:06:34,480: INFO     PAM sequence: NGRRT
2021-02-04 21:06:34,481: INFO     PAM orientation: 3prime
2021-02-04 21:06:34,481: INFO     Genome strand(s) searched: both
2021-02-04 21:06:34,481: INFO     Total PAM sites considered: 3282648
2021-02-04 21:06:34,481: INFO     Guide RNA candidates found: 226300
	Command being timed: "guidemaker -i ../all_test_data/Arabidopsis_thaliana.gbk --pamseq NGRRT --outdir TEST --pam_orientation 3prime --guidelength 20 --strand both --lcp 11 --dist 3 --before 500 --into 500 --knum 10 --controls 10 --log GM_63832481_9.log --threads 2"
	User time (seconds): 847.26
	System time (seconds): 66.49
	Percent of CPU this job got: 153%
	Elapsed (wall clock) time (h:mm:ss or m:ss): 9:56.55
	Average shared text size (kbytes): 0
	Average unshared data size (kbytes): 0
	Average stack size (kbytes): 0
	Average total size (kbytes): 0
	Maximum resident set size (kbytes): 7904248
	Average resident set size (kbytes): 0
	Major (requiring I/O) page faults: 0
	Minor (reclaiming a frame) page faults: 42895608
	Voluntary context switches: 249144
	Involuntary context switches: 1151057
	Swaps: 0
	File system inputs: 984
	File system outputs: 1370016
	Socket messages sent: 0
	Socket messages received: 0
	Signals delivered: 0
	Page size (bytes): 4096
	Exit status: 0
My SLURM_ARRAY_TASK_ID:  9
My TMPDIR IS:  /scratch/local/63832481
Input Genome:>>>>>>>>>>>>>>>>>>>>>>>>>>>>>>>>>>>>>>>>>>>  Arabidopsis_thaliana.gbk
Input PAM:>>>>>>>>>>>>>>>>>>>>>>>>>>>>>>>>>>>>>>>>>>>  NGRRT
Threads used:>>>>>>>>>>>>>>>>>>>>>>>>>>>>>>>>>>>>>>>>>>>  4
GuideMaker
Your CPU supports instructions that this binary was not compiled to use: SSE4.1 SSE4.2 AVX AVX2
For maximum performance, you can install NMSLIB from sources 
pip install --no-binary :all: nmslib
2021-02-04 21:06:42,395: INFO     Temp directory is: /scratch/local/63832481/guidemaker_ewbn0xjl
2021-02-04 21:06:42,396: INFO     Writing fasta file from genbank file(s)
2021-02-04 21:06:42,396: INFO     check if ../all_test_data/Arabidopsis_thaliana.gbk is gzipped
2021-02-04 21:07:07,363: INFO     Identifying PAM sites in the genome
2021-02-04 21:09:05,973: INFO     Checking guides for restriction enzymes
2021-02-04 21:09:06,886: INFO     Number of guides removed after checking for restriction enzymes: 0
2021-02-04 21:09:06,886: INFO     Identifing guides that are unique near the PAM site
2021-02-04 21:09:12,899: INFO     Number of guides removed after checking for unique PAM: 2398454
2021-02-04 21:09:12,899: INFO     Indexing all potential guide sites: 3282648. This is the longest step.
2021-02-04 21:09:26,969: INFO     M                   = 16
2021-02-04 21:09:26,970: INFO     indexThreadQty      = 4
2021-02-04 21:09:26,970: INFO     efConstruction      = 10
2021-02-04 21:09:26,970: INFO     maxM			          = 16
2021-02-04 21:09:26,970: INFO     maxM0			          = 32
2021-02-04 21:09:26,970: INFO     mult                = 0.360674
2021-02-04 21:09:26,970: INFO     skip_optimized_index= 0
2021-02-04 21:09:26,970: INFO     delaunay_type       = 2
2021-02-04 21:09:26,970: INFO     Set HNSW query-time parameters:
2021-02-04 21:09:26,970: INFO     ef(Search)         =20
2021-02-04 21:09:26,970: INFO     algoType           =2

0%   10   20   30   40   50   60   70   80   90   100%
|----|----|----|----|----|----|----|----|----|----|
***************************************************

0%   10   20   30   40   50   60   70   80   90   100%
|----|----|----|----|----|----|----|----|----|----|
****************************************************2021-02-04 21:11:55,405: INFO     No appropriate custom distance function for Hamming (bit-storage) space
2021-02-04 21:11:55,406: INFO     searchMethod			  = 0
2021-02-04 21:11:55,683: INFO     Identifying guides that have a hamming distance <= 3 to all other potential guides
2021-02-04 21:11:57,191: INFO     Set HNSW query-time parameters:
2021-02-04 21:11:57,191: INFO     ef(Search)         =9
2021-02-04 21:11:57,192: INFO     algoType           =2
2021-02-04 21:12:59,139: INFO     Formatting data for BedTools
2021-02-04 21:13:01,279: INFO     Create GuideMaker Annotation object
2021-02-04 21:13:01,280: INFO     Identify genomic features
2021-02-04 21:13:01,280: INFO     check if ../all_test_data/Arabidopsis_thaliana.gbk is gzipped
2021-02-04 21:13:31,483: INFO     Total number of CDS/locus in the input genome: 48262
2021-02-04 21:13:31,483: INFO     Find genomic features closest the guides
2021-02-04 21:13:46,520: INFO     Select guides that start between +500 and -500 of a feature start
2021-02-04 21:13:47,436: INFO     Select description columns
2021-02-04 21:13:47,898: INFO     Format the output
2021-02-04 21:13:51,183: INFO     Number of Guides within a gene coordinates i.e. zero Feature distance: 132077
2021-02-04 21:13:55,593: INFO     creating random control guides
2021-02-04 21:13:57,215: INFO     Number of random control searched: 100
2021-02-04 21:13:57,215: INFO     Percentage of GC content in the input genome: 36.00
2021-02-04 21:13:57,215: INFO     Total length of the genome: 114.1 MB
2021-02-04 21:13:57,216: INFO     created 10 control guides with a minimum distance of 7 and a median distance of 7
2021-02-04 21:13:57,219: INFO     guidemaker completed, results are at TEST
2021-02-04 21:13:57,219: INFO     PAM sequence: NGRRT
2021-02-04 21:13:57,219: INFO     PAM orientation: 3prime
2021-02-04 21:13:57,219: INFO     Genome strand(s) searched: both
2021-02-04 21:13:57,219: INFO     Total PAM sites considered: 3282648
2021-02-04 21:13:57,219: INFO     Guide RNA candidates found: 226346
	Command being timed: "guidemaker -i ../all_test_data/Arabidopsis_thaliana.gbk --pamseq NGRRT --outdir TEST --pam_orientation 3prime --guidelength 20 --strand both --lcp 11 --dist 3 --before 500 --into 500 --knum 10 --controls 10 --log GM_63832481_9.log --threads 4"
	User time (seconds): 877.34
	System time (seconds): 57.23
	Percent of CPU this job got: 211%
	Elapsed (wall clock) time (h:mm:ss or m:ss): 7:22.89
	Average shared text size (kbytes): 0
	Average unshared data size (kbytes): 0
	Average stack size (kbytes): 0
	Average total size (kbytes): 0
	Maximum resident set size (kbytes): 7908756
	Average resident set size (kbytes): 0
	Major (requiring I/O) page faults: 0
	Minor (reclaiming a frame) page faults: 34017602
	Voluntary context switches: 551267
	Involuntary context switches: 98510
	Swaps: 0
	File system inputs: 24
	File system outputs: 1370488
	Socket messages sent: 0
	Socket messages received: 0
	Signals delivered: 0
	Page size (bytes): 4096
	Exit status: 0
My SLURM_ARRAY_TASK_ID:  9
My TMPDIR IS:  /scratch/local/63832481
Input Genome:>>>>>>>>>>>>>>>>>>>>>>>>>>>>>>>>>>>>>>>>>>>  Arabidopsis_thaliana.gbk
Input PAM:>>>>>>>>>>>>>>>>>>>>>>>>>>>>>>>>>>>>>>>>>>>  NGRRT
Threads used:>>>>>>>>>>>>>>>>>>>>>>>>>>>>>>>>>>>>>>>>>>>  8
GuideMaker
Your CPU supports instructions that this binary was not compiled to use: SSE4.1 SSE4.2 AVX AVX2
For maximum performance, you can install NMSLIB from sources 
pip install --no-binary :all: nmslib
2021-02-04 21:14:05,254: INFO     Temp directory is: /scratch/local/63832481/guidemaker_mnzszq67
2021-02-04 21:14:05,255: INFO     Writing fasta file from genbank file(s)
2021-02-04 21:14:05,255: INFO     check if ../all_test_data/Arabidopsis_thaliana.gbk is gzipped
2021-02-04 21:14:30,129: INFO     Identifying PAM sites in the genome
2021-02-04 21:16:24,864: INFO     Checking guides for restriction enzymes
2021-02-04 21:16:25,768: INFO     Number of guides removed after checking for restriction enzymes: 0
2021-02-04 21:16:25,768: INFO     Identifing guides that are unique near the PAM site
2021-02-04 21:16:31,654: INFO     Number of guides removed after checking for unique PAM: 2398454
2021-02-04 21:16:31,654: INFO     Indexing all potential guide sites: 3282648. This is the longest step.
2021-02-04 21:16:45,608: INFO     M                   = 16
2021-02-04 21:16:45,608: INFO     indexThreadQty      = 8
2021-02-04 21:16:45,608: INFO     efConstruction      = 10
2021-02-04 21:16:45,608: INFO     maxM			          = 16
2021-02-04 21:16:45,608: INFO     maxM0			          = 32
2021-02-04 21:16:45,608: INFO     mult                = 0.360674
2021-02-04 21:16:45,608: INFO     skip_optimized_index= 0
2021-02-04 21:16:45,608: INFO     delaunay_type       = 2
2021-02-04 21:16:45,609: INFO     Set HNSW query-time parameters:
2021-02-04 21:16:45,609: INFO     ef(Search)         =20
2021-02-04 21:16:45,609: INFO     algoType           =2

0%   10   20   30   40   50   60   70   80   90   100%
|----|----|----|----|----|----|----|----|----|----|
***************************************************

0%   10   20   30   40   50   60   70   80   90   100%
|----|----|----|----|----|----|----|----|----|----|
****************************************************


2021-02-04 21:18:05,029: INFO     No appropriate custom distance function for Hamming (bit-storage) space
2021-02-04 21:18:05,030: INFO     searchMethod			  = 0
2021-02-04 21:18:05,296: INFO     Identifying guides that have a hamming distance <= 3 to all other potential guides
2021-02-04 21:18:06,832: INFO     Set HNSW query-time parameters:
2021-02-04 21:18:06,832: INFO     ef(Search)         =9
2021-02-04 21:18:06,832: INFO     algoType           =2
2021-02-04 21:18:59,625: INFO     Formatting data for BedTools
2021-02-04 21:19:01,729: INFO     Create GuideMaker Annotation object
2021-02-04 21:19:01,729: INFO     Identify genomic features
2021-02-04 21:19:01,729: INFO     check if ../all_test_data/Arabidopsis_thaliana.gbk is gzipped
2021-02-04 21:19:31,676: INFO     Total number of CDS/locus in the input genome: 48262
2021-02-04 21:19:31,676: INFO     Find genomic features closest the guides
2021-02-04 21:19:46,214: INFO     Select guides that start between +500 and -500 of a feature start
2021-02-04 21:19:47,024: INFO     Select description columns
2021-02-04 21:19:47,542: INFO     Format the output
2021-02-04 21:19:51,667: INFO     Number of Guides within a gene coordinates i.e. zero Feature distance: 132009
2021-02-04 21:19:56,003: INFO     creating random control guides
2021-02-04 21:19:57,586: INFO     Number of random control searched: 100
2021-02-04 21:19:57,586: INFO     Percentage of GC content in the input genome: 36.00
2021-02-04 21:19:57,586: INFO     Total length of the genome: 114.1 MB
2021-02-04 21:19:57,586: INFO     created 10 control guides with a minimum distance of 7 and a median distance of 7
2021-02-04 21:19:57,588: INFO     guidemaker completed, results are at TEST
2021-02-04 21:19:57,588: INFO     PAM sequence: NGRRT
2021-02-04 21:19:57,589: INFO     PAM orientation: 3prime
2021-02-04 21:19:57,589: INFO     Genome strand(s) searched: both
2021-02-04 21:19:57,589: INFO     Total PAM sites considered: 3282648
2021-02-04 21:19:57,589: INFO     Guide RNA candidates found: 226278
	Command being timed: "guidemaker -i ../all_test_data/Arabidopsis_thaliana.gbk --pamseq NGRRT --outdir TEST --pam_orientation 3prime --guidelength 20 --strand both --lcp 11 --dist 3 --before 500 --into 500 --knum 10 --controls 10 --log GM_63832481_9.log --threads 8"
	User time (seconds): 918.50
	System time (seconds): 47.22
	Percent of CPU this job got: 267%
	Elapsed (wall clock) time (h:mm:ss or m:ss): 6:00.57
	Average shared text size (kbytes): 0
	Average unshared data size (kbytes): 0
	Average stack size (kbytes): 0
	Average total size (kbytes): 0
	Maximum resident set size (kbytes): 7954892
	Average resident set size (kbytes): 0
	Major (requiring I/O) page faults: 0
	Minor (reclaiming a frame) page faults: 23747504
	Voluntary context switches: 986594
	Involuntary context switches: 1450
	Swaps: 0
	File system inputs: 8
	File system outputs: 1369224
	Socket messages sent: 0
	Socket messages received: 0
	Signals delivered: 0
	Page size (bytes): 4096
	Exit status: 0
My SLURM_ARRAY_TASK_ID:  9
My TMPDIR IS:  /scratch/local/63832481
Input Genome:>>>>>>>>>>>>>>>>>>>>>>>>>>>>>>>>>>>>>>>>>>>  Arabidopsis_thaliana.gbk
Input PAM:>>>>>>>>>>>>>>>>>>>>>>>>>>>>>>>>>>>>>>>>>>>  NGRRT
Threads used:>>>>>>>>>>>>>>>>>>>>>>>>>>>>>>>>>>>>>>>>>>>  16
GuideMaker
Your CPU supports instructions that this binary was not compiled to use: SSE4.1 SSE4.2 AVX AVX2
For maximum performance, you can install NMSLIB from sources 
pip install --no-binary :all: nmslib
2021-02-04 21:20:05,804: INFO     Temp directory is: /scratch/local/63832481/guidemaker_y_i2lqaf
2021-02-04 21:20:05,804: INFO     Writing fasta file from genbank file(s)
2021-02-04 21:20:05,804: INFO     check if ../all_test_data/Arabidopsis_thaliana.gbk is gzipped
2021-02-04 21:20:30,606: INFO     Identifying PAM sites in the genome
2021-02-04 21:22:28,068: INFO     Checking guides for restriction enzymes
2021-02-04 21:22:28,974: INFO     Number of guides removed after checking for restriction enzymes: 0
2021-02-04 21:22:28,974: INFO     Identifing guides that are unique near the PAM site
2021-02-04 21:22:34,979: INFO     Number of guides removed after checking for unique PAM: 2398454
2021-02-04 21:22:34,979: INFO     Indexing all potential guide sites: 3282648. This is the longest step.
2021-02-04 21:22:48,757: INFO     M                   = 16
2021-02-04 21:22:48,757: INFO     indexThreadQty      = 16
2021-02-04 21:22:48,757: INFO     efConstruction      = 10
2021-02-04 21:22:48,757: INFO     maxM			          = 16
2021-02-04 21:22:48,757: INFO     maxM0			          = 32
2021-02-04 21:22:48,757: INFO     mult                = 0.360674
2021-02-04 21:22:48,757: INFO     skip_optimized_index= 0
2021-02-04 21:22:48,757: INFO     delaunay_type       = 2
2021-02-04 21:22:48,757: INFO     Set HNSW query-time parameters:
2021-02-04 21:22:48,758: INFO     ef(Search)         =20
2021-02-04 21:22:48,758: INFO     algoType           =2

0%   10   20   30   40   50   60   70   80   90   100%
|----|----|----|----|----|----|----|----|----|----|
***************************************************

0%   10   20   30   40   50   60   70   80   90   100%
|----|----|----|----|----|----|----|----|----|----|
********************************************************2021-02-04 21:23:32,298: INFO     No appropriate custom distance function for Hamming (bit-storage) space
2021-02-04 21:23:32,299: INFO     searchMethod			  = 0
2021-02-04 21:23:32,561: INFO     Identifying guides that have a hamming distance <= 3 to all other potential guides
2021-02-04 21:23:34,011: INFO     Set HNSW query-time parameters:
2021-02-04 21:23:34,012: INFO     ef(Search)         =9
2021-02-04 21:23:34,012: INFO     algoType           =2
2021-02-04 21:24:22,836: INFO     Formatting data for BedTools
2021-02-04 21:24:24,953: INFO     Create GuideMaker Annotation object
2021-02-04 21:24:24,953: INFO     Identify genomic features
2021-02-04 21:24:24,953: INFO     check if ../all_test_data/Arabidopsis_thaliana.gbk is gzipped
2021-02-04 21:24:55,191: INFO     Total number of CDS/locus in the input genome: 48262
2021-02-04 21:24:55,191: INFO     Find genomic features closest the guides
2021-02-04 21:25:09,454: INFO     Select guides that start between +500 and -500 of a feature start
2021-02-04 21:25:10,227: INFO     Select description columns
2021-02-04 21:25:10,670: INFO     Format the output
2021-02-04 21:25:13,755: INFO     Number of Guides within a gene coordinates i.e. zero Feature distance: 132001
2021-02-04 21:25:18,026: INFO     creating random control guides
2021-02-04 21:25:19,591: INFO     Number of random control searched: 100
2021-02-04 21:25:19,591: INFO     Percentage of GC content in the input genome: 36.00
2021-02-04 21:25:19,591: INFO     Total length of the genome: 114.1 MB
2021-02-04 21:25:19,591: INFO     created 10 control guides with a minimum distance of 7 and a median distance of 7
2021-02-04 21:25:19,594: INFO     guidemaker completed, results are at TEST
2021-02-04 21:25:19,594: INFO     PAM sequence: NGRRT
2021-02-04 21:25:19,594: INFO     PAM orientation: 3prime
2021-02-04 21:25:19,594: INFO     Genome strand(s) searched: both
2021-02-04 21:25:19,594: INFO     Total PAM sites considered: 3282648
2021-02-04 21:25:19,594: INFO     Guide RNA candidates found: 226233
	Command being timed: "guidemaker -i ../all_test_data/Arabidopsis_thaliana.gbk --pamseq NGRRT --outdir TEST --pam_orientation 3prime --guidelength 20 --strand both --lcp 11 --dist 3 --before 500 --into 500 --knum 10 --controls 10 --log GM_63832481_9.log --threads 16"
	User time (seconds): 961.45
	System time (seconds): 59.81
	Percent of CPU this job got: 317%
	Elapsed (wall clock) time (h:mm:ss or m:ss): 5:21.60
	Average shared text size (kbytes): 0
	Average unshared data size (kbytes): 0
	Average stack size (kbytes): 0
	Average total size (kbytes): 0
	Maximum resident set size (kbytes): 7996648
	Average resident set size (kbytes): 0
	Major (requiring I/O) page faults: 0
	Minor (reclaiming a frame) page faults: 19994769
	Voluntary context switches: 1814943
	Involuntary context switches: 58663
	Swaps: 0
	File system inputs: 8
	File system outputs: 1369928
	Socket messages sent: 0
	Socket messages received: 0
	Signals delivered: 0
	Page size (bytes): 4096
	Exit status: 0
My SLURM_ARRAY_TASK_ID:  9
My TMPDIR IS:  /scratch/local/63832481
Input Genome:>>>>>>>>>>>>>>>>>>>>>>>>>>>>>>>>>>>>>>>>>>>  Arabidopsis_thaliana.gbk
Input PAM:>>>>>>>>>>>>>>>>>>>>>>>>>>>>>>>>>>>>>>>>>>>  NGRRT
Threads used:>>>>>>>>>>>>>>>>>>>>>>>>>>>>>>>>>>>>>>>>>>>  32
GuideMaker
Your CPU supports instructions that this binary was not compiled to use: SSE4.1 SSE4.2 AVX AVX2
For maximum performance, you can install NMSLIB from sources 
pip install --no-binary :all: nmslib
2021-02-04 21:25:27,452: INFO     Temp directory is: /scratch/local/63832481/guidemaker_lllotekd
2021-02-04 21:25:27,452: INFO     Writing fasta file from genbank file(s)
2021-02-04 21:25:27,452: INFO     check if ../all_test_data/Arabidopsis_thaliana.gbk is gzipped
2021-02-04 21:25:52,264: INFO     Identifying PAM sites in the genome
2021-02-04 21:27:49,637: INFO     Checking guides for restriction enzymes
2021-02-04 21:27:50,552: INFO     Number of guides removed after checking for restriction enzymes: 0
2021-02-04 21:27:50,552: INFO     Identifing guides that are unique near the PAM site
2021-02-04 21:27:56,549: INFO     Number of guides removed after checking for unique PAM: 2398454
2021-02-04 21:27:56,549: INFO     Indexing all potential guide sites: 3282648. This is the longest step.
2021-02-04 21:28:10,649: INFO     M                   = 16
2021-02-04 21:28:10,649: INFO     indexThreadQty      = 32
2021-02-04 21:28:10,649: INFO     efConstruction      = 10
2021-02-04 21:28:10,649: INFO     maxM			          = 16
2021-02-04 21:28:10,649: INFO     maxM0			          = 32
2021-02-04 21:28:10,649: INFO     mult                = 0.360674
2021-02-04 21:28:10,649: INFO     skip_optimized_index= 0
2021-02-04 21:28:10,650: INFO     delaunay_type       = 2
2021-02-04 21:28:10,650: INFO     Set HNSW query-time parameters:
2021-02-04 21:28:10,650: INFO     ef(Search)         =20
2021-02-04 21:28:10,650: INFO     algoType           =2

0%   10   20   30   40   50   60   70   80   90   100%
|----|----|----|----|----|----|----|----|----|----|
***************************************************

0%   10   20   30   40   50   60   70   80   90   100%
|----|----|----|----|----|----|----|----|----|----|
*******************************************************2021-02-04 21:28:37,484: INFO     No appropriate custom distance function for Hamming (bit-storage) space
2021-02-04 21:28:37,484: INFO     searchMethod			  = 0
2021-02-04 21:28:37,739: INFO     Identifying guides that have a hamming distance <= 3 to all other potential guides
2021-02-04 21:28:39,261: INFO     Set HNSW query-time parameters:
2021-02-04 21:28:39,262: INFO     ef(Search)         =9
2021-02-04 21:28:39,262: INFO     algoType           =2
2021-02-04 21:29:23,391: INFO     Formatting data for BedTools
2021-02-04 21:29:25,465: INFO     Create GuideMaker Annotation object
2021-02-04 21:29:25,465: INFO     Identify genomic features
2021-02-04 21:29:25,465: INFO     check if ../all_test_data/Arabidopsis_thaliana.gbk is gzipped
2021-02-04 21:29:56,564: INFO     Total number of CDS/locus in the input genome: 48262
2021-02-04 21:29:56,564: INFO     Find genomic features closest the guides
2021-02-04 21:30:11,413: INFO     Select guides that start between +500 and -500 of a feature start
2021-02-04 21:30:12,204: INFO     Select description columns
2021-02-04 21:30:12,745: INFO     Format the output
2021-02-04 21:30:16,202: INFO     Number of Guides within a gene coordinates i.e. zero Feature distance: 131750
2021-02-04 21:30:20,662: INFO     creating random control guides
2021-02-04 21:30:22,402: INFO     Number of random control searched: 100
2021-02-04 21:30:22,403: INFO     Percentage of GC content in the input genome: 36.00
2021-02-04 21:30:22,403: INFO     Total length of the genome: 114.1 MB
2021-02-04 21:30:22,403: INFO     created 10 control guides with a minimum distance of 7 and a median distance of 7
2021-02-04 21:30:22,406: INFO     guidemaker completed, results are at TEST
2021-02-04 21:30:22,406: INFO     PAM sequence: NGRRT
2021-02-04 21:30:22,406: INFO     PAM orientation: 3prime
2021-02-04 21:30:22,406: INFO     Genome strand(s) searched: both
2021-02-04 21:30:22,406: INFO     Total PAM sites considered: 3282648
2021-02-04 21:30:22,406: INFO     Guide RNA candidates found: 225915
	Command being timed: "guidemaker -i ../all_test_data/Arabidopsis_thaliana.gbk --pamseq NGRRT --outdir TEST --pam_orientation 3prime --guidelength 20 --strand both --lcp 11 --dist 3 --before 500 --into 500 --knum 10 --controls 10 --log GM_63832481_9.log --threads 32"
	User time (seconds): 1008.84
	System time (seconds): 86.64
	Percent of CPU this job got: 360%
	Elapsed (wall clock) time (h:mm:ss or m:ss): 5:03.62
	Average shared text size (kbytes): 0
	Average unshared data size (kbytes): 0
	Average stack size (kbytes): 0
	Average total size (kbytes): 0
	Maximum resident set size (kbytes): 8055388
	Average resident set size (kbytes): 0
	Major (requiring I/O) page faults: 0
	Minor (reclaiming a frame) page faults: 15604882
	Voluntary context switches: 3944997
	Involuntary context switches: 100795
	Swaps: 0
	File system inputs: 0
	File system outputs: 1367832
	Socket messages sent: 0
	Socket messages received: 0
	Signals delivered: 0
	Page size (bytes): 4096
	Exit status: 0
