Thu Feb  4 20:25:18 EST 2021
c40b-s25.ufhpc
/blue/garrett/rp3448/analysis/guidemaker/nonAVXGuidemaker

     active environment : NONAVX2
    active env location : /home/rp3448/.conda/envs/NONAVX2
            shell level : 3
       user config file : /home/rp3448/.condarc
 populated config files : /home/rp3448/.condarc
          conda version : 4.9.2
    conda-build version : not installed
         python version : 3.9.1.final.0
       virtual packages : __glibc=2.17=0
                          __unix=0=0
                          __archspec=1=x86_64
       base environment : /apps/conda/4.9.2  (read only)
           channel URLs : https://conda.anaconda.org/biobakery/linux-64
                          https://conda.anaconda.org/biobakery/noarch
                          https://conda.anaconda.org/conda-forge/linux-64
                          https://conda.anaconda.org/conda-forge/noarch
                          https://conda.anaconda.org/bioconda/linux-64
                          https://conda.anaconda.org/bioconda/noarch
                          https://repo.anaconda.com/pkgs/main/linux-64
                          https://repo.anaconda.com/pkgs/main/noarch
                          https://repo.anaconda.com/pkgs/r/linux-64
                          https://repo.anaconda.com/pkgs/r/noarch
          package cache : /apps/conda/4.9.2/pkgs
                          /home/rp3448/.conda/pkgs
       envs directories : /home/rp3448/.conda/envs
                          /apps/conda/4.9.2/envs
               platform : linux-64
             user-agent : conda/4.9.2 requests/2.25.1 CPython/3.9.1 Linux/3.10.0-1062.18.1.el7.x86_64 rhel/7.7 glibc/2.17
                UID:GID : 6472:3511
             netrc file : None
           offline mode : False

My SLURM_ARRAY_TASK_ID:  9
My TMPDIR IS:  /scratch/local/63831872
Input Genome:>>>>>>>>>>>>>>>>>>>>>>>>>>>>>>>>>>>>>>>>>>>  Aspergillus_fumigatus.gbk
Input PAM:>>>>>>>>>>>>>>>>>>>>>>>>>>>>>>>>>>>>>>>>>>>  NGRRT
Threads used:>>>>>>>>>>>>>>>>>>>>>>>>>>>>>>>>>>>>>>>>>>>  1
GuideMaker
Your CPU supports instructions that this binary was not compiled to use: SSE4.1 SSE4.2 AVX AVX2
For maximum performance, you can install NMSLIB from sources 
pip install --no-binary :all: nmslib
2021-02-04 20:25:24,546: INFO     Temp directory is: /scratch/local/63831872/guidemaker__c010wqo
2021-02-04 20:25:24,546: INFO     Writing fasta file from genbank file(s)
2021-02-04 20:25:24,547: INFO     check if ../all_test_data/Aspergillus_fumigatus.gbk is gzipped
2021-02-04 20:25:28,109: INFO     Identifying PAM sites in the genome
2021-02-04 20:26:02,153: INFO     Checking guides for restriction enzymes
2021-02-04 20:26:02,413: INFO     Number of guides removed after checking for restriction enzymes: 0
2021-02-04 20:26:02,413: INFO     Identifing guides that are unique near the PAM site
2021-02-04 20:26:04,426: INFO     Number of guides removed after checking for unique PAM: 228709
2021-02-04 20:26:04,426: INFO     Indexing all potential guide sites: 887427. This is the longest step.
2021-02-04 20:26:09,124: INFO     M                   = 16
2021-02-04 20:26:09,125: INFO     indexThreadQty      = 1
2021-02-04 20:26:09,125: INFO     efConstruction      = 10
2021-02-04 20:26:09,125: INFO     maxM			          = 16
2021-02-04 20:26:09,125: INFO     maxM0			          = 32
2021-02-04 20:26:09,125: INFO     mult                = 0.360674
2021-02-04 20:26:09,125: INFO     skip_optimized_index= 0
2021-02-04 20:26:09,125: INFO     delaunay_type       = 2
2021-02-04 20:26:09,125: INFO     Set HNSW query-time parameters:
2021-02-04 20:26:09,125: INFO     ef(Search)         =20
2021-02-04 20:26:09,125: INFO     algoType           =2

0%   10   20   30   40   50   60   70   80   90   100%
|----|----|----|----|----|----|----|----|----|----|
***************************************************

0%   10   20   30   40   50   60   70   80   90   100%
|----|----|----|----|----|----|----|----|----|----|
***************************************************
*2021-02-04 20:27:45,532: INFO     No appropriate custom distance function for Hamming (bit-storage) space
2021-02-04 20:27:45,533: INFO     searchMethod			  = 0
2021-02-04 20:27:45,608: INFO     Identifying guides that have a hamming distance <= 3 to all other potential guides
2021-02-04 20:27:46,700: INFO     Set HNSW query-time parameters:
2021-02-04 20:27:46,700: INFO     ef(Search)         =9
2021-02-04 20:27:46,700: INFO     algoType           =2
2021-02-04 20:28:51,547: INFO     Formatting data for BedTools
2021-02-04 20:28:52,979: INFO     Create GuideMaker Annotation object
2021-02-04 20:28:52,979: INFO     Identify genomic features
2021-02-04 20:28:52,979: INFO     check if ../all_test_data/Aspergillus_fumigatus.gbk is gzipped
2021-02-04 20:28:55,788: INFO     Total number of CDS/locus in the input genome: 9630
2021-02-04 20:28:55,789: INFO     Find genomic features closest the guides
2021-02-04 20:29:04,724: INFO     Select guides that start between +500 and -500 of a feature start
2021-02-04 20:29:05,397: INFO     Select description columns
2021-02-04 20:29:05,494: INFO     Format the output
2021-02-04 20:29:08,103: INFO     Number of Guides within a gene coordinates i.e. zero Feature distance: 109775
2021-02-04 20:29:10,564: INFO     creating random control guides
2021-02-04 20:29:10,954: INFO     Number of random control searched: 100
2021-02-04 20:29:10,954: INFO     Percentage of GC content in the input genome: 48.82
2021-02-04 20:29:10,954: INFO     Total length of the genome: 28.0 MB
2021-02-04 20:29:10,954: INFO     created 10 control guides with a minimum distance of 7 and a median distance of 7
2021-02-04 20:29:10,956: INFO     guidemaker completed, results are at TEST
2021-02-04 20:29:10,956: INFO     PAM sequence: NGRRT
2021-02-04 20:29:10,956: INFO     PAM orientation: 3prime
2021-02-04 20:29:10,956: INFO     Genome strand(s) searched: both
2021-02-04 20:29:10,956: INFO     Total PAM sites considered: 887427
2021-02-04 20:29:10,956: INFO     Guide RNA candidates found: 220143
	Command being timed: "guidemaker -i ../all_test_data/Aspergillus_fumigatus.gbk --pamseq NGRRT --outdir TEST --pam_orientation 3prime --guidelength 20 --strand both --lcp 11 --dist 3 --before 500 --into 500 --knum 10 --controls 10 --log GM_63831872_9.log --threads 1"
	User time (seconds): 225.52
	System time (seconds): 6.14
	Percent of CPU this job got: 100%
	Elapsed (wall clock) time (h:mm:ss or m:ss): 3:50.29
	Average shared text size (kbytes): 0
	Average unshared data size (kbytes): 0
	Average stack size (kbytes): 0
	Average total size (kbytes): 0
	Maximum resident set size (kbytes): 2782132
	Average resident set size (kbytes): 0
	Major (requiring I/O) page faults: 123
	Minor (reclaiming a frame) page faults: 3374073
	Voluntary context switches: 3909
	Involuntary context switches: 658
	Swaps: 0
	File system inputs: 427776
	File system outputs: 706592
	Socket messages sent: 0
	Socket messages received: 0
	Signals delivered: 0
	Page size (bytes): 4096
	Exit status: 0
My SLURM_ARRAY_TASK_ID:  9
My TMPDIR IS:  /scratch/local/63831872
Input Genome:>>>>>>>>>>>>>>>>>>>>>>>>>>>>>>>>>>>>>>>>>>>  Aspergillus_fumigatus.gbk
Input PAM:>>>>>>>>>>>>>>>>>>>>>>>>>>>>>>>>>>>>>>>>>>>  NGRRT
Threads used:>>>>>>>>>>>>>>>>>>>>>>>>>>>>>>>>>>>>>>>>>>>  2
GuideMaker
Your CPU supports instructions that this binary was not compiled to use: SSE4.1 SSE4.2 AVX AVX2
For maximum performance, you can install NMSLIB from sources 
pip install --no-binary :all: nmslib
2021-02-04 20:29:14,147: INFO     Temp directory is: /scratch/local/63831872/guidemaker_upwdv9_0
2021-02-04 20:29:14,147: INFO     Writing fasta file from genbank file(s)
2021-02-04 20:29:14,148: INFO     check if ../all_test_data/Aspergillus_fumigatus.gbk is gzipped
2021-02-04 20:29:17,573: INFO     Identifying PAM sites in the genome
2021-02-04 20:29:49,961: INFO     Checking guides for restriction enzymes
2021-02-04 20:29:50,221: INFO     Number of guides removed after checking for restriction enzymes: 0
2021-02-04 20:29:50,222: INFO     Identifing guides that are unique near the PAM site
2021-02-04 20:29:52,244: INFO     Number of guides removed after checking for unique PAM: 228709
2021-02-04 20:29:52,244: INFO     Indexing all potential guide sites: 887427. This is the longest step.
2021-02-04 20:29:56,888: INFO     M                   = 16
2021-02-04 20:29:56,888: INFO     indexThreadQty      = 2
2021-02-04 20:29:56,888: INFO     efConstruction      = 10
2021-02-04 20:29:56,888: INFO     maxM			          = 16
2021-02-04 20:29:56,888: INFO     maxM0			          = 32
2021-02-04 20:29:56,888: INFO     mult                = 0.360674
2021-02-04 20:29:56,888: INFO     skip_optimized_index= 0
2021-02-04 20:29:56,888: INFO     delaunay_type       = 2
2021-02-04 20:29:56,889: INFO     Set HNSW query-time parameters:
2021-02-04 20:29:56,889: INFO     ef(Search)         =20
2021-02-04 20:29:56,889: INFO     algoType           =2

0%   10   20   30   40   50   60   70   80   90   100%
|----|----|----|----|----|----|----|----|----|----|
***************************************************

0%   10   20   30   40   50   60   70   80   90   100%
|----|----|----|----|----|----|----|----|----|----|
****************************************************2021-02-04 20:31:02,682: INFO     No appropriate custom distance function for Hamming (bit-storage) space
2021-02-04 20:31:02,682: INFO     searchMethod			  = 0
2021-02-04 20:31:02,759: INFO     Identifying guides that have a hamming distance <= 3 to all other potential guides
2021-02-04 20:31:03,815: INFO     Set HNSW query-time parameters:
2021-02-04 20:31:03,815: INFO     ef(Search)         =9
2021-02-04 20:31:03,815: INFO     algoType           =2
2021-02-04 20:32:03,014: INFO     Formatting data for BedTools
2021-02-04 20:32:04,615: INFO     Create GuideMaker Annotation object
2021-02-04 20:32:04,615: INFO     Identify genomic features
2021-02-04 20:32:04,616: INFO     check if ../all_test_data/Aspergillus_fumigatus.gbk is gzipped
2021-02-04 20:32:07,401: INFO     Total number of CDS/locus in the input genome: 9630
2021-02-04 20:32:07,402: INFO     Find genomic features closest the guides
2021-02-04 20:32:16,756: INFO     Select guides that start between +500 and -500 of a feature start
2021-02-04 20:32:17,433: INFO     Select description columns
2021-02-04 20:32:17,531: INFO     Format the output
2021-02-04 20:32:20,227: INFO     Number of Guides within a gene coordinates i.e. zero Feature distance: 109768
2021-02-04 20:32:22,789: INFO     creating random control guides
2021-02-04 20:32:23,328: INFO     Number of random control searched: 100
2021-02-04 20:32:23,328: INFO     Percentage of GC content in the input genome: 48.82
2021-02-04 20:32:23,328: INFO     Total length of the genome: 28.0 MB
2021-02-04 20:32:23,328: INFO     created 10 control guides with a minimum distance of 7 and a median distance of 7
2021-02-04 20:32:23,330: INFO     guidemaker completed, results are at TEST
2021-02-04 20:32:23,330: INFO     PAM sequence: NGRRT
2021-02-04 20:32:23,331: INFO     PAM orientation: 3prime
2021-02-04 20:32:23,331: INFO     Genome strand(s) searched: both
2021-02-04 20:32:23,331: INFO     Total PAM sites considered: 887427
2021-02-04 20:32:23,331: INFO     Guide RNA candidates found: 220162
	Command being timed: "guidemaker -i ../all_test_data/Aspergillus_fumigatus.gbk --pamseq NGRRT --outdir TEST --pam_orientation 3prime --guidelength 20 --strand both --lcp 11 --dist 3 --before 500 --into 500 --knum 10 --controls 10 --log GM_63831872_9.log --threads 2"
	User time (seconds): 263.91
	System time (seconds): 17.86
	Percent of CPU this job got: 146%
	Elapsed (wall clock) time (h:mm:ss or m:ss): 3:12.62
	Average shared text size (kbytes): 0
	Average unshared data size (kbytes): 0
	Average stack size (kbytes): 0
	Average total size (kbytes): 0
	Maximum resident set size (kbytes): 3199092
	Average resident set size (kbytes): 0
	Major (requiring I/O) page faults: 0
	Minor (reclaiming a frame) page faults: 9203299
	Voluntary context switches: 48132
	Involuntary context switches: 813
	Swaps: 0
	File system inputs: 8
	File system outputs: 706640
	Socket messages sent: 0
	Socket messages received: 0
	Signals delivered: 0
	Page size (bytes): 4096
	Exit status: 0
My SLURM_ARRAY_TASK_ID:  9
My TMPDIR IS:  /scratch/local/63831872
Input Genome:>>>>>>>>>>>>>>>>>>>>>>>>>>>>>>>>>>>>>>>>>>>  Aspergillus_fumigatus.gbk
Input PAM:>>>>>>>>>>>>>>>>>>>>>>>>>>>>>>>>>>>>>>>>>>>  NGRRT
Threads used:>>>>>>>>>>>>>>>>>>>>>>>>>>>>>>>>>>>>>>>>>>>  4
GuideMaker
Your CPU supports instructions that this binary was not compiled to use: SSE4.1 SSE4.2 AVX AVX2
For maximum performance, you can install NMSLIB from sources 
pip install --no-binary :all: nmslib
2021-02-04 20:32:26,768: INFO     Temp directory is: /scratch/local/63831872/guidemaker_mii3z0ld
2021-02-04 20:32:26,768: INFO     Writing fasta file from genbank file(s)
2021-02-04 20:32:26,768: INFO     check if ../all_test_data/Aspergillus_fumigatus.gbk is gzipped
2021-02-04 20:32:30,186: INFO     Identifying PAM sites in the genome
2021-02-04 20:33:02,536: INFO     Checking guides for restriction enzymes
2021-02-04 20:33:02,796: INFO     Number of guides removed after checking for restriction enzymes: 0
2021-02-04 20:33:02,796: INFO     Identifing guides that are unique near the PAM site
2021-02-04 20:33:04,790: INFO     Number of guides removed after checking for unique PAM: 228709
2021-02-04 20:33:04,790: INFO     Indexing all potential guide sites: 887427. This is the longest step.
2021-02-04 20:33:09,686: INFO     M                   = 16
2021-02-04 20:33:09,686: INFO     indexThreadQty      = 4
2021-02-04 20:33:09,686: INFO     efConstruction      = 10
2021-02-04 20:33:09,686: INFO     maxM			          = 16
2021-02-04 20:33:09,686: INFO     maxM0			          = 32
2021-02-04 20:33:09,686: INFO     mult                = 0.360674
2021-02-04 20:33:09,686: INFO     skip_optimized_index= 0
2021-02-04 20:33:09,686: INFO     delaunay_type       = 2
2021-02-04 20:33:09,686: INFO     Set HNSW query-time parameters:
2021-02-04 20:33:09,686: INFO     ef(Search)         =20
2021-02-04 20:33:09,686: INFO     algoType           =2

0%   10   20   30   40   50   60   70   80   90   100%
|----|----|----|----|----|----|----|----|----|----|
***************************************************

0%   10   20   30   40   50   60   70   80   90   100%
|----|----|----|----|----|----|----|----|----|----|
****************************************************2021-02-04 20:33:44,623: INFO     No appropriate custom distance function for Hamming (bit-storage) space
2021-02-04 20:33:44,624: INFO     searchMethod			  = 0
2021-02-04 20:33:44,705: INFO     Identifying guides that have a hamming distance <= 3 to all other potential guides
2021-02-04 20:33:45,935: INFO     Set HNSW query-time parameters:
2021-02-04 20:33:45,935: INFO     ef(Search)         =9
2021-02-04 20:33:45,935: INFO     algoType           =2
2021-02-04 20:34:32,435: INFO     Formatting data for BedTools
2021-02-04 20:34:33,822: INFO     Create GuideMaker Annotation object
2021-02-04 20:34:33,822: INFO     Identify genomic features
2021-02-04 20:34:33,823: INFO     check if ../all_test_data/Aspergillus_fumigatus.gbk is gzipped
2021-02-04 20:34:36,619: INFO     Total number of CDS/locus in the input genome: 9630
2021-02-04 20:34:36,619: INFO     Find genomic features closest the guides
2021-02-04 20:34:45,854: INFO     Select guides that start between +500 and -500 of a feature start
2021-02-04 20:34:46,548: INFO     Select description columns
2021-02-04 20:34:46,647: INFO     Format the output
2021-02-04 20:34:49,237: INFO     Number of Guides within a gene coordinates i.e. zero Feature distance: 109761
2021-02-04 20:34:51,789: INFO     creating random control guides
2021-02-04 20:34:52,230: INFO     Number of random control searched: 100
2021-02-04 20:34:52,230: INFO     Percentage of GC content in the input genome: 48.82
2021-02-04 20:34:52,230: INFO     Total length of the genome: 28.0 MB
2021-02-04 20:34:52,231: INFO     created 10 control guides with a minimum distance of 7 and a median distance of 8
2021-02-04 20:34:52,233: INFO     guidemaker completed, results are at TEST
2021-02-04 20:34:52,233: INFO     PAM sequence: NGRRT
2021-02-04 20:34:52,233: INFO     PAM orientation: 3prime
2021-02-04 20:34:52,233: INFO     Genome strand(s) searched: both
2021-02-04 20:34:52,233: INFO     Total PAM sites considered: 887427
2021-02-04 20:34:52,233: INFO     Guide RNA candidates found: 220131
	Command being timed: "guidemaker -i ../all_test_data/Aspergillus_fumigatus.gbk --pamseq NGRRT --outdir TEST --pam_orientation 3prime --guidelength 20 --strand both --lcp 11 --dist 3 --before 500 --into 500 --knum 10 --controls 10 --log GM_63831872_9.log --threads 4"
	User time (seconds): 271.02
	System time (seconds): 14.16
	Percent of CPU this job got: 191%
	Elapsed (wall clock) time (h:mm:ss or m:ss): 2:28.84
	Average shared text size (kbytes): 0
	Average unshared data size (kbytes): 0
	Average stack size (kbytes): 0
	Average total size (kbytes): 0
	Maximum resident set size (kbytes): 3211540
	Average resident set size (kbytes): 0
	Major (requiring I/O) page faults: 0
	Minor (reclaiming a frame) page faults: 6227098
	Voluntary context switches: 120504
	Involuntary context switches: 316306
	Swaps: 0
	File system inputs: 0
	File system outputs: 706504
	Socket messages sent: 0
	Socket messages received: 0
	Signals delivered: 0
	Page size (bytes): 4096
	Exit status: 0
My SLURM_ARRAY_TASK_ID:  9
My TMPDIR IS:  /scratch/local/63831872
Input Genome:>>>>>>>>>>>>>>>>>>>>>>>>>>>>>>>>>>>>>>>>>>>  Aspergillus_fumigatus.gbk
Input PAM:>>>>>>>>>>>>>>>>>>>>>>>>>>>>>>>>>>>>>>>>>>>  NGRRT
Threads used:>>>>>>>>>>>>>>>>>>>>>>>>>>>>>>>>>>>>>>>>>>>  8
GuideMaker
Your CPU supports instructions that this binary was not compiled to use: SSE4.1 SSE4.2 AVX AVX2
For maximum performance, you can install NMSLIB from sources 
pip install --no-binary :all: nmslib
2021-02-04 20:34:55,603: INFO     Temp directory is: /scratch/local/63831872/guidemaker_nm5fsog9
2021-02-04 20:34:55,603: INFO     Writing fasta file from genbank file(s)
2021-02-04 20:34:55,604: INFO     check if ../all_test_data/Aspergillus_fumigatus.gbk is gzipped
2021-02-04 20:34:59,028: INFO     Identifying PAM sites in the genome
2021-02-04 20:35:31,866: INFO     Checking guides for restriction enzymes
2021-02-04 20:35:32,124: INFO     Number of guides removed after checking for restriction enzymes: 0
2021-02-04 20:35:32,125: INFO     Identifing guides that are unique near the PAM site
2021-02-04 20:35:34,119: INFO     Number of guides removed after checking for unique PAM: 228709
2021-02-04 20:35:34,119: INFO     Indexing all potential guide sites: 887427. This is the longest step.
2021-02-04 20:35:38,828: INFO     M                   = 16
2021-02-04 20:35:38,828: INFO     indexThreadQty      = 8
2021-02-04 20:35:38,828: INFO     efConstruction      = 10
2021-02-04 20:35:38,828: INFO     maxM			          = 16
2021-02-04 20:35:38,828: INFO     maxM0			          = 32
2021-02-04 20:35:38,828: INFO     mult                = 0.360674
2021-02-04 20:35:38,828: INFO     skip_optimized_index= 0
2021-02-04 20:35:38,828: INFO     delaunay_type       = 2
2021-02-04 20:35:38,828: INFO     Set HNSW query-time parameters:
2021-02-04 20:35:38,828: INFO     ef(Search)         =20
2021-02-04 20:35:38,828: INFO     algoType           =2

0%   10   20   30   40   50   60   70   80   90   100%
|----|----|----|----|----|----|----|----|----|----|
***************************************************

0%   10   20   30   40   50   60   70   80   90   100%
|----|----|----|----|----|----|----|----|----|----|
*******************************************************2021-02-04 20:35:56,709: INFO     No appropriate custom distance function for Hamming (bit-storage) space
2021-02-04 20:35:56,709: INFO     searchMethod			  = 0
2021-02-04 20:35:56,787: INFO     Identifying guides that have a hamming distance <= 3 to all other potential guides
2021-02-04 20:35:57,881: INFO     Set HNSW query-time parameters:
2021-02-04 20:35:57,881: INFO     ef(Search)         =9
2021-02-04 20:35:57,881: INFO     algoType           =2
2021-02-04 20:36:37,762: INFO     Formatting data for BedTools
2021-02-04 20:36:39,187: INFO     Create GuideMaker Annotation object
2021-02-04 20:36:39,188: INFO     Identify genomic features
2021-02-04 20:36:39,188: INFO     check if ../all_test_data/Aspergillus_fumigatus.gbk is gzipped
2021-02-04 20:36:41,981: INFO     Total number of CDS/locus in the input genome: 9630
2021-02-04 20:36:41,981: INFO     Find genomic features closest the guides
2021-02-04 20:36:51,218: INFO     Select guides that start between +500 and -500 of a feature start
2021-02-04 20:36:51,882: INFO     Select description columns
2021-02-04 20:36:51,978: INFO     Format the output
2021-02-04 20:36:54,547: INFO     Number of Guides within a gene coordinates i.e. zero Feature distance: 109752
2021-02-04 20:36:57,029: INFO     creating random control guides
2021-02-04 20:36:57,470: INFO     Number of random control searched: 100
2021-02-04 20:36:57,470: INFO     Percentage of GC content in the input genome: 48.82
2021-02-04 20:36:57,470: INFO     Total length of the genome: 28.0 MB
2021-02-04 20:36:57,471: INFO     created 10 control guides with a minimum distance of 7 and a median distance of 7
2021-02-04 20:36:57,473: INFO     guidemaker completed, results are at TEST
2021-02-04 20:36:57,473: INFO     PAM sequence: NGRRT
2021-02-04 20:36:57,473: INFO     PAM orientation: 3prime
2021-02-04 20:36:57,473: INFO     Genome strand(s) searched: both
2021-02-04 20:36:57,473: INFO     Total PAM sites considered: 887427
2021-02-04 20:36:57,473: INFO     Guide RNA candidates found: 220122
	Command being timed: "guidemaker -i ../all_test_data/Aspergillus_fumigatus.gbk --pamseq NGRRT --outdir TEST --pam_orientation 3prime --guidelength 20 --strand both --lcp 11 --dist 3 --before 500 --into 500 --knum 10 --controls 10 --log GM_63831872_9.log --threads 8"
	User time (seconds): 272.14
	System time (seconds): 13.21
	Percent of CPU this job got: 227%
	Elapsed (wall clock) time (h:mm:ss or m:ss): 2:05.22
	Average shared text size (kbytes): 0
	Average unshared data size (kbytes): 0
	Average stack size (kbytes): 0
	Average total size (kbytes): 0
	Maximum resident set size (kbytes): 3227656
	Average resident set size (kbytes): 0
	Major (requiring I/O) page faults: 0
	Minor (reclaiming a frame) page faults: 4909629
	Voluntary context switches: 233868
	Involuntary context switches: 315541
	Swaps: 0
	File system inputs: 0
	File system outputs: 706384
	Socket messages sent: 0
	Socket messages received: 0
	Signals delivered: 0
	Page size (bytes): 4096
	Exit status: 0
My SLURM_ARRAY_TASK_ID:  9
My TMPDIR IS:  /scratch/local/63831872
Input Genome:>>>>>>>>>>>>>>>>>>>>>>>>>>>>>>>>>>>>>>>>>>>  Aspergillus_fumigatus.gbk
Input PAM:>>>>>>>>>>>>>>>>>>>>>>>>>>>>>>>>>>>>>>>>>>>  NGRRT
Threads used:>>>>>>>>>>>>>>>>>>>>>>>>>>>>>>>>>>>>>>>>>>>  16
GuideMaker
Your CPU supports instructions that this binary was not compiled to use: SSE4.1 SSE4.2 AVX AVX2
For maximum performance, you can install NMSLIB from sources 
pip install --no-binary :all: nmslib
2021-02-04 20:37:00,851: INFO     Temp directory is: /scratch/local/63831872/guidemaker_ge60ph3q
2021-02-04 20:37:00,852: INFO     Writing fasta file from genbank file(s)
2021-02-04 20:37:00,852: INFO     check if ../all_test_data/Aspergillus_fumigatus.gbk is gzipped
2021-02-04 20:37:04,297: INFO     Identifying PAM sites in the genome
2021-02-04 20:37:37,162: INFO     Checking guides for restriction enzymes
2021-02-04 20:37:37,425: INFO     Number of guides removed after checking for restriction enzymes: 0
2021-02-04 20:37:37,425: INFO     Identifing guides that are unique near the PAM site
2021-02-04 20:37:39,423: INFO     Number of guides removed after checking for unique PAM: 228709
2021-02-04 20:37:39,424: INFO     Indexing all potential guide sites: 887427. This is the longest step.
2021-02-04 20:37:44,264: INFO     M                   = 16
2021-02-04 20:37:44,264: INFO     indexThreadQty      = 16
2021-02-04 20:37:44,264: INFO     efConstruction      = 10
2021-02-04 20:37:44,265: INFO     maxM			          = 16
2021-02-04 20:37:44,265: INFO     maxM0			          = 32
2021-02-04 20:37:44,265: INFO     mult                = 0.360674
2021-02-04 20:37:44,265: INFO     skip_optimized_index= 0
2021-02-04 20:37:44,265: INFO     delaunay_type       = 2
2021-02-04 20:37:44,265: INFO     Set HNSW query-time parameters:
2021-02-04 20:37:44,265: INFO     ef(Search)         =20
2021-02-04 20:37:44,265: INFO     algoType           =2

0%   10   20   30   40   50   60   70   80   90   100%
|----|----|----|----|----|----|----|----|----|----|
***************************************************

0%   10   20   30   40   50   60   70   80   90   100%
|----|----|----|----|----|----|----|----|----|----|
****************************************************2021-02-04 20:37:53,586: INFO     No appropriate custom distance function for Hamming (bit-storage) space
2021-02-04 20:37:53,586: INFO     searchMethod			  = 0
2021-02-04 20:37:53,664: INFO     Identifying guides that have a hamming distance <= 3 to all other potential guides
2021-02-04 20:37:54,855: INFO     Set HNSW query-time parameters:
2021-02-04 20:37:54,855: INFO     ef(Search)         =9
2021-02-04 20:37:54,856: INFO     algoType           =2
2021-02-04 20:38:33,626: INFO     Formatting data for BedTools
2021-02-04 20:38:35,052: INFO     Create GuideMaker Annotation object
2021-02-04 20:38:35,052: INFO     Identify genomic features
2021-02-04 20:38:35,052: INFO     check if ../all_test_data/Aspergillus_fumigatus.gbk is gzipped
2021-02-04 20:38:37,847: INFO     Total number of CDS/locus in the input genome: 9630
2021-02-04 20:38:37,847: INFO     Find genomic features closest the guides
2021-02-04 20:38:47,115: INFO     Select guides that start between +500 and -500 of a feature start
2021-02-04 20:38:47,815: INFO     Select description columns
2021-02-04 20:38:47,914: INFO     Format the output
2021-02-04 20:38:50,595: INFO     Number of Guides within a gene coordinates i.e. zero Feature distance: 109774
2021-02-04 20:38:53,090: INFO     creating random control guides
2021-02-04 20:38:53,526: INFO     Number of random control searched: 100
2021-02-04 20:38:53,526: INFO     Percentage of GC content in the input genome: 48.82
2021-02-04 20:38:53,526: INFO     Total length of the genome: 28.0 MB
2021-02-04 20:38:53,526: INFO     created 10 control guides with a minimum distance of 7 and a median distance of 8
2021-02-04 20:38:53,529: INFO     guidemaker completed, results are at TEST
2021-02-04 20:38:53,529: INFO     PAM sequence: NGRRT
2021-02-04 20:38:53,529: INFO     PAM orientation: 3prime
2021-02-04 20:38:53,529: INFO     Genome strand(s) searched: both
2021-02-04 20:38:53,529: INFO     Total PAM sites considered: 887427
2021-02-04 20:38:53,530: INFO     Guide RNA candidates found: 220160
	Command being timed: "guidemaker -i ../all_test_data/Aspergillus_fumigatus.gbk --pamseq NGRRT --outdir TEST --pam_orientation 3prime --guidelength 20 --strand both --lcp 11 --dist 3 --before 500 --into 500 --knum 10 --controls 10 --log GM_63831872_9.log --threads 16"
	User time (seconds): 276.05
	System time (seconds): 16.14
	Percent of CPU this job got: 251%
	Elapsed (wall clock) time (h:mm:ss or m:ss): 1:56.11
	Average shared text size (kbytes): 0
	Average unshared data size (kbytes): 0
	Average stack size (kbytes): 0
	Average total size (kbytes): 0
	Maximum resident set size (kbytes): 3241092
	Average resident set size (kbytes): 0
	Major (requiring I/O) page faults: 0
	Minor (reclaiming a frame) page faults: 5529321
	Voluntary context switches: 456321
	Involuntary context switches: 72901
	Swaps: 0
	File system inputs: 0
	File system outputs: 706504
	Socket messages sent: 0
	Socket messages received: 0
	Signals delivered: 0
	Page size (bytes): 4096
	Exit status: 0
My SLURM_ARRAY_TASK_ID:  9
My TMPDIR IS:  /scratch/local/63831872
Input Genome:>>>>>>>>>>>>>>>>>>>>>>>>>>>>>>>>>>>>>>>>>>>  Aspergillus_fumigatus.gbk
Input PAM:>>>>>>>>>>>>>>>>>>>>>>>>>>>>>>>>>>>>>>>>>>>  NGRRT
Threads used:>>>>>>>>>>>>>>>>>>>>>>>>>>>>>>>>>>>>>>>>>>>  32
GuideMaker
Your CPU supports instructions that this binary was not compiled to use: SSE4.1 SSE4.2 AVX AVX2
For maximum performance, you can install NMSLIB from sources 
pip install --no-binary :all: nmslib
2021-02-04 20:38:56,971: INFO     Temp directory is: /scratch/local/63831872/guidemaker_21055thf
2021-02-04 20:38:56,971: INFO     Writing fasta file from genbank file(s)
2021-02-04 20:38:56,972: INFO     check if ../all_test_data/Aspergillus_fumigatus.gbk is gzipped
2021-02-04 20:39:00,401: INFO     Identifying PAM sites in the genome
2021-02-04 20:39:32,400: INFO     Checking guides for restriction enzymes
2021-02-04 20:39:32,658: INFO     Number of guides removed after checking for restriction enzymes: 0
2021-02-04 20:39:32,658: INFO     Identifing guides that are unique near the PAM site
2021-02-04 20:39:34,646: INFO     Number of guides removed after checking for unique PAM: 228709
2021-02-04 20:39:34,647: INFO     Indexing all potential guide sites: 887427. This is the longest step.
2021-02-04 20:39:39,277: INFO     M                   = 16
2021-02-04 20:39:39,278: INFO     indexThreadQty      = 32
2021-02-04 20:39:39,278: INFO     efConstruction      = 10
2021-02-04 20:39:39,278: INFO     maxM			          = 16
2021-02-04 20:39:39,278: INFO     maxM0			          = 32
2021-02-04 20:39:39,278: INFO     mult                = 0.360674
2021-02-04 20:39:39,278: INFO     skip_optimized_index= 0
2021-02-04 20:39:39,278: INFO     delaunay_type       = 2
2021-02-04 20:39:39,278: INFO     Set HNSW query-time parameters:
2021-02-04 20:39:39,278: INFO     ef(Search)         =20
2021-02-04 20:39:39,278: INFO     algoType           =2

0%   10   20   30   40   50   60   70   80   90   100%
|----|----|----|----|----|----|----|----|----|----|
***************************************************

0%   10   20   30   40   50   60   70   80   90   100%
|----|----|----|----|----|----|----|----|----|----|
**********************************************************
2021-02-04 20:39:45,035: INFO     No appropriate custom distance function for Hamming (bit-storage) space
2021-02-04 20:39:45,035: INFO     searchMethod			  = 0
2021-02-04 20:39:45,113: INFO     Identifying guides that have a hamming distance <= 3 to all other potential guides
2021-02-04 20:39:46,147: INFO     Set HNSW query-time parameters:
2021-02-04 20:39:46,147: INFO     ef(Search)         =9
2021-02-04 20:39:46,147: INFO     algoType           =2
2021-02-04 20:40:22,684: INFO     Formatting data for BedTools
2021-02-04 20:40:24,124: INFO     Create GuideMaker Annotation object
2021-02-04 20:40:24,124: INFO     Identify genomic features
2021-02-04 20:40:24,124: INFO     check if ../all_test_data/Aspergillus_fumigatus.gbk is gzipped
2021-02-04 20:40:26,932: INFO     Total number of CDS/locus in the input genome: 9630
2021-02-04 20:40:26,932: INFO     Find genomic features closest the guides
2021-02-04 20:40:36,172: INFO     Select guides that start between +500 and -500 of a feature start
2021-02-04 20:40:36,849: INFO     Select description columns
2021-02-04 20:40:36,947: INFO     Format the output
2021-02-04 20:40:39,582: INFO     Number of Guides within a gene coordinates i.e. zero Feature distance: 109808
2021-02-04 20:40:42,211: INFO     creating random control guides
2021-02-04 20:40:42,638: INFO     Number of random control searched: 100
2021-02-04 20:40:42,638: INFO     Percentage of GC content in the input genome: 48.82
2021-02-04 20:40:42,638: INFO     Total length of the genome: 28.0 MB
2021-02-04 20:40:42,638: INFO     created 10 control guides with a minimum distance of 7 and a median distance of 7
2021-02-04 20:40:42,641: INFO     guidemaker completed, results are at TEST
2021-02-04 20:40:42,641: INFO     PAM sequence: NGRRT
2021-02-04 20:40:42,641: INFO     PAM orientation: 3prime
2021-02-04 20:40:42,641: INFO     Genome strand(s) searched: both
2021-02-04 20:40:42,641: INFO     Total PAM sites considered: 887427
2021-02-04 20:40:42,641: INFO     Guide RNA candidates found: 220202
	Command being timed: "guidemaker -i ../all_test_data/Aspergillus_fumigatus.gbk --pamseq NGRRT --outdir TEST --pam_orientation 3prime --guidelength 20 --strand both --lcp 11 --dist 3 --before 500 --into 500 --knum 10 --controls 10 --log GM_63831872_9.log --threads 32"
	User time (seconds): 285.18
	System time (seconds): 20.83
	Percent of CPU this job got: 280%
	Elapsed (wall clock) time (h:mm:ss or m:ss): 1:49.13
	Average shared text size (kbytes): 0
	Average unshared data size (kbytes): 0
	Average stack size (kbytes): 0
	Average total size (kbytes): 0
	Maximum resident set size (kbytes): 3268956
	Average resident set size (kbytes): 0
	Major (requiring I/O) page faults: 0
	Minor (reclaiming a frame) page faults: 3323006
	Voluntary context switches: 1004310
	Involuntary context switches: 395234
	Swaps: 0
	File system inputs: 1720
	File system outputs: 706904
	Socket messages sent: 0
	Socket messages received: 0
	Signals delivered: 0
	Page size (bytes): 4096
	Exit status: 0
