slurmstepd: error: Unable to create TMPDIR [/scratch/local/58616138]: Permission denied
slurmstepd: error: Setting TMPDIR to /tmp
Mon Sep 14 16:58:37 EDT 2020
c24b-s26.ufhpc
/blue/garrett/rp3448/analysis/guidemaker/nonAVXGuidemaker/GuideMaker

     active environment : nonAVX2
    active env location : /home/rp3448/.conda/envs/nonAVX2
            shell level : 2
       user config file : /home/rp3448/.condarc
 populated config files : /home/rp3448/.condarc
          conda version : 4.7.12
    conda-build version : not installed
         python version : 3.7.4.final.0
       virtual packages : 
       base environment : /apps/conda/4.7.12  (read only)
           channel URLs : https://conda.anaconda.org/biobakery/linux-64
                          https://conda.anaconda.org/biobakery/noarch
                          https://conda.anaconda.org/conda-forge/linux-64
                          https://conda.anaconda.org/conda-forge/noarch
                          https://conda.anaconda.org/bioconda/linux-64
                          https://conda.anaconda.org/bioconda/noarch
                          https://repo.anaconda.com/pkgs/main/linux-64
                          https://repo.anaconda.com/pkgs/main/noarch
                          https://repo.anaconda.com/pkgs/r/linux-64
                          https://repo.anaconda.com/pkgs/r/noarch
          package cache : /apps/conda/4.7.12/pkgs
                          /home/rp3448/.conda/pkgs
       envs directories : /home/rp3448/.conda/envs
                          /apps/conda/4.7.12/envs
               platform : linux-64
             user-agent : conda/4.7.12 requests/2.22.0 CPython/3.7.4 Linux/3.10.0-1062.18.1.el7.x86_64 rhel/7.7 glibc/2.17
                UID:GID : 6472:3511
             netrc file : None
           offline mode : False

My SLURM_ARRAY_TASK_ID:  4
My TMPDIR IS:  /tmp
Input Genome:>>>>>>>>>>>>>>>>>>>>>>>>>>>>>>>>>>>>>>>>>>>  Pseudomonas_aeruginosa_PAO1_107.gbk
Threads used:>>>>>>>>>>>>>>>>>>>>>>>>>>>>>>>>>>>>>>>>>>>  1
GuideMaker
Your CPU supports instructions that this binary was not compiled to use: SSE4.1 SSE4.2 AVX AVX2
For maximum performance, you can install NMSLIB from sources 
pip install --no-binary :all: nmslib
2020-09-14 16:58:41,816: INFO     Temp directory is: /tmp/guidemaker_b2r2w9rx
2020-09-14 16:58:41,816: INFO     Writing fasta file from genbank file(s)
2020-09-14 16:58:41,817: INFO     check if ../../all_test_data/Pseudomonas_aeruginosa_PAO1_107.gbk is gzipped
/home/rp3448/.conda/envs/nonAVX2/lib/python3.7/site-packages/Bio/GenBank/Scanner.py:1400: BiopythonParserWarning: Truncated LOCUS line found - is this correct?
:'LOCUS       NC_002516            6264404 bp    dna     circular UNK \n'
  BiopythonParserWarning,
/home/rp3448/.conda/envs/nonAVX2/lib/python3.7/site-packages/Bio/GenBank/__init__.py:762: BiopythonParserWarning: Non-upper case molecule type in LOCUS line: dna
  BiopythonParserWarning,
2020-09-14 16:58:42,614: INFO     Identifying PAM sites in the genome
2020-09-14 16:59:39,365: INFO     Identifing guides that are unique near the PAM site
2020-09-14 16:59:40,883: INFO     Indexing all potential guide sites: 1171800. This is the longest step.
2020-09-14 16:59:46,088: INFO     M                   = 16
2020-09-14 16:59:46,089: INFO     indexThreadQty      = 1
2020-09-14 16:59:46,089: INFO     efConstruction      = 10
2020-09-14 16:59:46,089: INFO     maxM			          = 16
2020-09-14 16:59:46,089: INFO     maxM0			          = 32
2020-09-14 16:59:46,089: INFO     mult                = 0.360674
2020-09-14 16:59:46,089: INFO     skip_optimized_index= 0
2020-09-14 16:59:46,089: INFO     delaunay_type       = 2
2020-09-14 16:59:46,089: INFO     Set HNSW query-time parameters:
2020-09-14 16:59:46,089: INFO     ef(Search)         =20
2020-09-14 16:59:46,089: INFO     algoType           =2

0%   10   20   30   40   50   60   70   80   90   100%
|----|----|----|----|----|----|----|----|----|----|
***************************************************

0%   10   20   30   40   50   60   70   80   90   100%
|----|----|----|----|----|----|----|----|----|----|
***************************************************
*2020-09-14 17:02:07,669: INFO     No appropriate custom distance function for Hamming (bit-storage) space
2020-09-14 17:02:07,669: INFO     searchMethod			  = 0
2020-09-14 17:02:07,767: INFO     Identifying guides that have a hamming distance <= 3 to all other potential guides
2020-09-14 17:02:08,141: INFO     Set HNSW query-time parameters:
2020-09-14 17:02:08,141: INFO     ef(Search)         =9
2020-09-14 17:02:08,141: INFO     algoType           =2
2020-09-14 17:02:26,596: INFO     Formatting data for BedTools
2020-09-14 17:02:27,011: INFO     Create GuideMaker Annotation object
2020-09-14 17:02:27,012: INFO     Identify genomic features
2020-09-14 17:02:27,012: INFO     check if ../../all_test_data/Pseudomonas_aeruginosa_PAO1_107.gbk is gzipped
2020-09-14 17:02:28,394: INFO     Total number of CDS/locus in the input genome: 5584
2020-09-14 17:02:28,394: INFO     Find genomic features closest the guides
2020-09-14 17:02:30,957: INFO     Select guides that start between +100 and -100 of a feature start
2020-09-14 17:02:31,133: INFO     Select description columns
2020-09-14 17:02:31,181: INFO     Format the output
2020-09-14 17:02:32,264: INFO     creating random control guides
2020-09-14 17:02:32,368: INFO     Number of random control searched: 100
2020-09-14 17:02:32,368: INFO     Percentage of GC content in the input genome: 66.56
2020-09-14 17:02:32,368: INFO     Total length of the genome: 6.0 MB
2020-09-14 17:02:32,369: INFO     created 10 control guides with a minimum distance of 7 and a median distance of 7
2020-09-14 17:02:32,371: INFO     guidemaker completed, results are at TEST
2020-09-14 17:02:32,371: INFO     PAM sequence: NGG
2020-09-14 17:02:32,371: INFO     PAM orientation: 5prime
2020-09-14 17:02:32,371: INFO     Genome strand(s) searched: both
2020-09-14 17:02:32,372: INFO     Total PAM sites considered: 1171800
2020-09-14 17:02:32,372: INFO     Guide RNA candidates found: 45900
	Command being timed: "guidemaker -i ../../all_test_data/Pseudomonas_aeruginosa_PAO1_107.gbk --pamseq NGG --outdir TEST --pam_orientation 5prime --guidelength 20 --strand both --lcp 10 --dist 3 --before 100 --into 100 --knum 10 --controls 10 --log GuideMaker_58627099_4.log --threads 1"
	User time (seconds): 230.89
	System time (seconds): 4.28
	Percent of CPU this job got: 100%
	Elapsed (wall clock) time (h:mm:ss or m:ss): 3:53.44
	Average shared text size (kbytes): 0
	Average unshared data size (kbytes): 0
	Average stack size (kbytes): 0
	Average total size (kbytes): 0
	Maximum resident set size (kbytes): 2413520
	Average resident set size (kbytes): 0
	Major (requiring I/O) page faults: 0
	Minor (reclaiming a frame) page faults: 2380537
	Voluntary context switches: 3094
	Involuntary context switches: 1184457
	Swaps: 0
	File system inputs: 0
	File system outputs: 186520
	Socket messages sent: 0
	Socket messages received: 0
	Signals delivered: 0
	Page size (bytes): 4096
	Exit status: 0
My SLURM_ARRAY_TASK_ID:  4
My TMPDIR IS:  /tmp
Input Genome:>>>>>>>>>>>>>>>>>>>>>>>>>>>>>>>>>>>>>>>>>>>  Pseudomonas_aeruginosa_PAO1_107.gbk
Threads used:>>>>>>>>>>>>>>>>>>>>>>>>>>>>>>>>>>>>>>>>>>>  2
GuideMaker
Your CPU supports instructions that this binary was not compiled to use: SSE4.1 SSE4.2 AVX AVX2
For maximum performance, you can install NMSLIB from sources 
pip install --no-binary :all: nmslib
2020-09-14 17:02:35,281: INFO     Temp directory is: /tmp/guidemaker_c4lw42z6
2020-09-14 17:02:35,281: INFO     Writing fasta file from genbank file(s)
2020-09-14 17:02:35,282: INFO     check if ../../all_test_data/Pseudomonas_aeruginosa_PAO1_107.gbk is gzipped
/home/rp3448/.conda/envs/nonAVX2/lib/python3.7/site-packages/Bio/GenBank/Scanner.py:1400: BiopythonParserWarning: Truncated LOCUS line found - is this correct?
:'LOCUS       NC_002516            6264404 bp    dna     circular UNK \n'
  BiopythonParserWarning,
/home/rp3448/.conda/envs/nonAVX2/lib/python3.7/site-packages/Bio/GenBank/__init__.py:762: BiopythonParserWarning: Non-upper case molecule type in LOCUS line: dna
  BiopythonParserWarning,
2020-09-14 17:02:36,077: INFO     Identifying PAM sites in the genome
2020-09-14 17:03:33,088: INFO     Identifing guides that are unique near the PAM site
2020-09-14 17:03:34,607: INFO     Indexing all potential guide sites: 1171800. This is the longest step.
2020-09-14 17:03:39,655: INFO     M                   = 16
2020-09-14 17:03:39,656: INFO     indexThreadQty      = 2
2020-09-14 17:03:39,656: INFO     efConstruction      = 10
2020-09-14 17:03:39,656: INFO     maxM			          = 16
2020-09-14 17:03:39,656: INFO     maxM0			          = 32
2020-09-14 17:03:39,656: INFO     mult                = 0.360674
2020-09-14 17:03:39,656: INFO     skip_optimized_index= 0
2020-09-14 17:03:39,656: INFO     delaunay_type       = 2
2020-09-14 17:03:39,656: INFO     Set HNSW query-time parameters:
2020-09-14 17:03:39,656: INFO     ef(Search)         =20
2020-09-14 17:03:39,656: INFO     algoType           =2

0%   10   20   30   40   50   60   70   80   90   100%
|----|----|----|----|----|----|----|----|----|----|
***************************************************

0%   10   20   30   40   50   60   70   80   90   100%
|----|----|----|----|----|----|----|----|----|----|
****************************************************2020-09-14 17:05:08,205: INFO     No appropriate custom distance function for Hamming (bit-storage) space
2020-09-14 17:05:08,206: INFO     searchMethod			  = 0
2020-09-14 17:05:08,307: INFO     Identifying guides that have a hamming distance <= 3 to all other potential guides
2020-09-14 17:05:08,682: INFO     Set HNSW query-time parameters:
2020-09-14 17:05:08,682: INFO     ef(Search)         =9
2020-09-14 17:05:08,683: INFO     algoType           =2
2020-09-14 17:05:23,982: INFO     Formatting data for BedTools
2020-09-14 17:05:24,376: INFO     Create GuideMaker Annotation object
2020-09-14 17:05:24,377: INFO     Identify genomic features
2020-09-14 17:05:24,377: INFO     check if ../../all_test_data/Pseudomonas_aeruginosa_PAO1_107.gbk is gzipped
2020-09-14 17:05:25,748: INFO     Total number of CDS/locus in the input genome: 5584
2020-09-14 17:05:25,748: INFO     Find genomic features closest the guides
2020-09-14 17:05:28,347: INFO     Select guides that start between +100 and -100 of a feature start
2020-09-14 17:05:28,524: INFO     Select description columns
2020-09-14 17:05:28,572: INFO     Format the output
2020-09-14 17:05:29,656: INFO     creating random control guides
2020-09-14 17:05:29,837: INFO     Number of random control searched: 100
2020-09-14 17:05:29,838: INFO     Percentage of GC content in the input genome: 66.56
2020-09-14 17:05:29,838: INFO     Total length of the genome: 6.0 MB
2020-09-14 17:05:29,838: INFO     created 10 control guides with a minimum distance of 7 and a median distance of 7
2020-09-14 17:05:29,840: INFO     guidemaker completed, results are at TEST
2020-09-14 17:05:29,840: INFO     PAM sequence: NGG
2020-09-14 17:05:29,840: INFO     PAM orientation: 5prime
2020-09-14 17:05:29,840: INFO     Genome strand(s) searched: both
2020-09-14 17:05:29,841: INFO     Total PAM sites considered: 1171800
2020-09-14 17:05:29,841: INFO     Guide RNA candidates found: 45918
	Command being timed: "guidemaker -i ../../all_test_data/Pseudomonas_aeruginosa_PAO1_107.gbk --pamseq NGG --outdir TEST --pam_orientation 5prime --guidelength 20 --strand both --lcp 10 --dist 3 --before 100 --into 100 --knum 10 --controls 10 --log GuideMaker_58627099_4.log --threads 2"
	User time (seconds): 258.21
	System time (seconds): 15.86
	Percent of CPU this job got: 154%
	Elapsed (wall clock) time (h:mm:ss or m:ss): 2:57.54
	Average shared text size (kbytes): 0
	Average unshared data size (kbytes): 0
	Average stack size (kbytes): 0
	Average total size (kbytes): 0
	Maximum resident set size (kbytes): 2588276
	Average resident set size (kbytes): 0
	Major (requiring I/O) page faults: 0
	Minor (reclaiming a frame) page faults: 9096874
	Voluntary context switches: 74165
	Involuntary context switches: 671395
	Swaps: 0
	File system inputs: 0
	File system outputs: 186424
	Socket messages sent: 0
	Socket messages received: 0
	Signals delivered: 0
	Page size (bytes): 4096
	Exit status: 0
My SLURM_ARRAY_TASK_ID:  4
My TMPDIR IS:  /tmp
Input Genome:>>>>>>>>>>>>>>>>>>>>>>>>>>>>>>>>>>>>>>>>>>>  Pseudomonas_aeruginosa_PAO1_107.gbk
Threads used:>>>>>>>>>>>>>>>>>>>>>>>>>>>>>>>>>>>>>>>>>>>  4
GuideMaker
Your CPU supports instructions that this binary was not compiled to use: SSE4.1 SSE4.2 AVX AVX2
For maximum performance, you can install NMSLIB from sources 
pip install --no-binary :all: nmslib
2020-09-14 17:05:32,822: INFO     Temp directory is: /tmp/guidemaker_2vu54tqh
2020-09-14 17:05:32,823: INFO     Writing fasta file from genbank file(s)
2020-09-14 17:05:32,823: INFO     check if ../../all_test_data/Pseudomonas_aeruginosa_PAO1_107.gbk is gzipped
/home/rp3448/.conda/envs/nonAVX2/lib/python3.7/site-packages/Bio/GenBank/Scanner.py:1400: BiopythonParserWarning: Truncated LOCUS line found - is this correct?
:'LOCUS       NC_002516            6264404 bp    dna     circular UNK \n'
  BiopythonParserWarning,
/home/rp3448/.conda/envs/nonAVX2/lib/python3.7/site-packages/Bio/GenBank/__init__.py:762: BiopythonParserWarning: Non-upper case molecule type in LOCUS line: dna
  BiopythonParserWarning,
2020-09-14 17:05:33,627: INFO     Identifying PAM sites in the genome
2020-09-14 17:06:30,808: INFO     Identifing guides that are unique near the PAM site
2020-09-14 17:06:32,328: INFO     Indexing all potential guide sites: 1171800. This is the longest step.
2020-09-14 17:06:37,613: INFO     M                   = 16
2020-09-14 17:06:37,613: INFO     indexThreadQty      = 4
2020-09-14 17:06:37,613: INFO     efConstruction      = 10
2020-09-14 17:06:37,613: INFO     maxM			          = 16
2020-09-14 17:06:37,613: INFO     maxM0			          = 32
2020-09-14 17:06:37,613: INFO     mult                = 0.360674
2020-09-14 17:06:37,613: INFO     skip_optimized_index= 0
2020-09-14 17:06:37,613: INFO     delaunay_type       = 2
2020-09-14 17:06:37,614: INFO     Set HNSW query-time parameters:
2020-09-14 17:06:37,614: INFO     ef(Search)         =20
2020-09-14 17:06:37,614: INFO     algoType           =2

0%   10   20   30   40   50   60   70   80   90   100%
|----|----|----|----|----|----|----|----|----|----|
***************************************************

0%   10   20   30   40   50   60   70   80   90   100%
|----|----|----|----|----|----|----|----|----|----|
****************************************************2020-09-14 17:07:24,813: INFO     No appropriate custom distance function for Hamming (bit-storage) space
2020-09-14 17:07:24,813: INFO     searchMethod			  = 0
2020-09-14 17:07:24,913: INFO     Identifying guides that have a hamming distance <= 3 to all other potential guides
2020-09-14 17:07:25,299: INFO     Set HNSW query-time parameters:
2020-09-14 17:07:25,299: INFO     ef(Search)         =9
2020-09-14 17:07:25,299: INFO     algoType           =2
2020-09-14 17:07:36,854: INFO     Formatting data for BedTools
2020-09-14 17:07:37,247: INFO     Create GuideMaker Annotation object
2020-09-14 17:07:37,247: INFO     Identify genomic features
2020-09-14 17:07:37,248: INFO     check if ../../all_test_data/Pseudomonas_aeruginosa_PAO1_107.gbk is gzipped
2020-09-14 17:07:38,633: INFO     Total number of CDS/locus in the input genome: 5584
2020-09-14 17:07:38,633: INFO     Find genomic features closest the guides
2020-09-14 17:07:41,268: INFO     Select guides that start between +100 and -100 of a feature start
2020-09-14 17:07:41,444: INFO     Select description columns
2020-09-14 17:07:41,492: INFO     Format the output
2020-09-14 17:07:42,593: INFO     creating random control guides
2020-09-14 17:07:42,753: INFO     Number of random control searched: 100
2020-09-14 17:07:42,754: INFO     Percentage of GC content in the input genome: 66.56
2020-09-14 17:07:42,754: INFO     Total length of the genome: 6.0 MB
2020-09-14 17:07:42,754: INFO     created 10 control guides with a minimum distance of 7 and a median distance of 7
2020-09-14 17:07:42,757: INFO     guidemaker completed, results are at TEST
2020-09-14 17:07:42,757: INFO     PAM sequence: NGG
2020-09-14 17:07:42,757: INFO     PAM orientation: 5prime
2020-09-14 17:07:42,757: INFO     Genome strand(s) searched: both
2020-09-14 17:07:42,757: INFO     Total PAM sites considered: 1171800
2020-09-14 17:07:42,757: INFO     Guide RNA candidates found: 45905
	Command being timed: "guidemaker -i ../../all_test_data/Pseudomonas_aeruginosa_PAO1_107.gbk --pamseq NGG --outdir TEST --pam_orientation 5prime --guidelength 20 --strand both --lcp 10 --dist 3 --before 100 --into 100 --knum 10 --controls 10 --log GuideMaker_58627099_4.log --threads 4"
	User time (seconds): 269.23
	System time (seconds): 14.18
	Percent of CPU this job got: 213%
	Elapsed (wall clock) time (h:mm:ss or m:ss): 2:13.03
	Average shared text size (kbytes): 0
	Average unshared data size (kbytes): 0
	Average stack size (kbytes): 0
	Average total size (kbytes): 0
	Maximum resident set size (kbytes): 2588556
	Average resident set size (kbytes): 0
	Major (requiring I/O) page faults: 0
	Minor (reclaiming a frame) page faults: 6919573
	Voluntary context switches: 157760
	Involuntary context switches: 437300
	Swaps: 0
	File system inputs: 0
	File system outputs: 186440
	Socket messages sent: 0
	Socket messages received: 0
	Signals delivered: 0
	Page size (bytes): 4096
	Exit status: 0
My SLURM_ARRAY_TASK_ID:  4
My TMPDIR IS:  /tmp
Input Genome:>>>>>>>>>>>>>>>>>>>>>>>>>>>>>>>>>>>>>>>>>>>  Pseudomonas_aeruginosa_PAO1_107.gbk
Threads used:>>>>>>>>>>>>>>>>>>>>>>>>>>>>>>>>>>>>>>>>>>>  8
GuideMaker
Your CPU supports instructions that this binary was not compiled to use: SSE4.1 SSE4.2 AVX AVX2
For maximum performance, you can install NMSLIB from sources 
pip install --no-binary :all: nmslib
2020-09-14 17:07:45,871: INFO     Temp directory is: /tmp/guidemaker_idrsxs1q
2020-09-14 17:07:45,871: INFO     Writing fasta file from genbank file(s)
2020-09-14 17:07:45,871: INFO     check if ../../all_test_data/Pseudomonas_aeruginosa_PAO1_107.gbk is gzipped
/home/rp3448/.conda/envs/nonAVX2/lib/python3.7/site-packages/Bio/GenBank/Scanner.py:1400: BiopythonParserWarning: Truncated LOCUS line found - is this correct?
:'LOCUS       NC_002516            6264404 bp    dna     circular UNK \n'
  BiopythonParserWarning,
/home/rp3448/.conda/envs/nonAVX2/lib/python3.7/site-packages/Bio/GenBank/__init__.py:762: BiopythonParserWarning: Non-upper case molecule type in LOCUS line: dna
  BiopythonParserWarning,
2020-09-14 17:07:46,663: INFO     Identifying PAM sites in the genome
2020-09-14 17:08:43,915: INFO     Identifing guides that are unique near the PAM site
2020-09-14 17:08:45,482: INFO     Indexing all potential guide sites: 1171800. This is the longest step.
2020-09-14 17:08:51,144: INFO     M                   = 16
2020-09-14 17:08:51,144: INFO     indexThreadQty      = 8
2020-09-14 17:08:51,144: INFO     efConstruction      = 10
2020-09-14 17:08:51,144: INFO     maxM			          = 16
2020-09-14 17:08:51,144: INFO     maxM0			          = 32
2020-09-14 17:08:51,144: INFO     mult                = 0.360674
2020-09-14 17:08:51,144: INFO     skip_optimized_index= 0
2020-09-14 17:08:51,144: INFO     delaunay_type       = 2
2020-09-14 17:08:51,144: INFO     Set HNSW query-time parameters:
2020-09-14 17:08:51,144: INFO     ef(Search)         =20
2020-09-14 17:08:51,144: INFO     algoType           =2

0%   10   20   30   40   50   60   70   80   90   100%
|----|----|----|----|----|----|----|----|----|----|
***************************************************

0%   10   20   30   40   50   60   70   80   90   100%
|----|----|----|----|----|----|----|----|----|----|
****************************************************2020-09-14 17:09:16,119: INFO     No appropriate custom distance function for Hamming (bit-storage) space
2020-09-14 17:09:16,119: INFO     searchMethod			  = 0
2020-09-14 17:09:16,230: INFO     Identifying guides that have a hamming distance <= 3 to all other potential guides
2020-09-14 17:09:16,629: INFO     Set HNSW query-time parameters:
2020-09-14 17:09:16,629: INFO     ef(Search)         =9
2020-09-14 17:09:16,629: INFO     algoType           =2
2020-09-14 17:09:26,940: INFO     Formatting data for BedTools
2020-09-14 17:09:27,327: INFO     Create GuideMaker Annotation object
2020-09-14 17:09:27,327: INFO     Identify genomic features
2020-09-14 17:09:27,327: INFO     check if ../../all_test_data/Pseudomonas_aeruginosa_PAO1_107.gbk is gzipped
2020-09-14 17:09:28,700: INFO     Total number of CDS/locus in the input genome: 5584
2020-09-14 17:09:28,701: INFO     Find genomic features closest the guides
2020-09-14 17:09:31,305: INFO     Select guides that start between +100 and -100 of a feature start
2020-09-14 17:09:31,480: INFO     Select description columns
2020-09-14 17:09:31,528: INFO     Format the output
2020-09-14 17:09:32,599: INFO     creating random control guides
2020-09-14 17:09:32,739: INFO     Number of random control searched: 100
2020-09-14 17:09:32,739: INFO     Percentage of GC content in the input genome: 66.56
2020-09-14 17:09:32,739: INFO     Total length of the genome: 6.0 MB
2020-09-14 17:09:32,739: INFO     created 10 control guides with a minimum distance of 7 and a median distance of 7
2020-09-14 17:09:32,741: INFO     guidemaker completed, results are at TEST
2020-09-14 17:09:32,741: INFO     PAM sequence: NGG
2020-09-14 17:09:32,741: INFO     PAM orientation: 5prime
2020-09-14 17:09:32,741: INFO     Genome strand(s) searched: both
2020-09-14 17:09:32,741: INFO     Total PAM sites considered: 1171800
2020-09-14 17:09:32,741: INFO     Guide RNA candidates found: 45920
	Command being timed: "guidemaker -i ../../all_test_data/Pseudomonas_aeruginosa_PAO1_107.gbk --pamseq NGG --outdir TEST --pam_orientation 5prime --guidelength 20 --strand both --lcp 10 --dist 3 --before 100 --into 100 --knum 10 --controls 10 --log GuideMaker_58627099_4.log --threads 8"
	User time (seconds): 280.50
	System time (seconds): 12.97
	Percent of CPU this job got: 266%
	Elapsed (wall clock) time (h:mm:ss or m:ss): 1:49.95
	Average shared text size (kbytes): 0
	Average unshared data size (kbytes): 0
	Average stack size (kbytes): 0
	Average total size (kbytes): 0
	Maximum resident set size (kbytes): 2606216
	Average resident set size (kbytes): 0
	Major (requiring I/O) page faults: 0
	Minor (reclaiming a frame) page faults: 4733552
	Voluntary context switches: 259942
	Involuntary context switches: 146070
	Swaps: 0
	File system inputs: 0
	File system outputs: 186440
	Socket messages sent: 0
	Socket messages received: 0
	Signals delivered: 0
	Page size (bytes): 4096
	Exit status: 0
My SLURM_ARRAY_TASK_ID:  4
My TMPDIR IS:  /tmp
Input Genome:>>>>>>>>>>>>>>>>>>>>>>>>>>>>>>>>>>>>>>>>>>>  Pseudomonas_aeruginosa_PAO1_107.gbk
Threads used:>>>>>>>>>>>>>>>>>>>>>>>>>>>>>>>>>>>>>>>>>>>  16
GuideMaker
Your CPU supports instructions that this binary was not compiled to use: SSE4.1 SSE4.2 AVX AVX2
For maximum performance, you can install NMSLIB from sources 
pip install --no-binary :all: nmslib
2020-09-14 17:09:35,818: INFO     Temp directory is: /tmp/guidemaker_gr_xcb_6
2020-09-14 17:09:35,818: INFO     Writing fasta file from genbank file(s)
2020-09-14 17:09:35,818: INFO     check if ../../all_test_data/Pseudomonas_aeruginosa_PAO1_107.gbk is gzipped
/home/rp3448/.conda/envs/nonAVX2/lib/python3.7/site-packages/Bio/GenBank/Scanner.py:1400: BiopythonParserWarning: Truncated LOCUS line found - is this correct?
:'LOCUS       NC_002516            6264404 bp    dna     circular UNK \n'
  BiopythonParserWarning,
/home/rp3448/.conda/envs/nonAVX2/lib/python3.7/site-packages/Bio/GenBank/__init__.py:762: BiopythonParserWarning: Non-upper case molecule type in LOCUS line: dna
  BiopythonParserWarning,
2020-09-14 17:09:36,631: INFO     Identifying PAM sites in the genome
2020-09-14 17:10:32,890: INFO     Identifing guides that are unique near the PAM site
2020-09-14 17:10:34,392: INFO     Indexing all potential guide sites: 1171800. This is the longest step.
2020-09-14 17:10:39,421: INFO     M                   = 16
2020-09-14 17:10:39,421: INFO     indexThreadQty      = 16
2020-09-14 17:10:39,421: INFO     efConstruction      = 10
2020-09-14 17:10:39,421: INFO     maxM			          = 16
2020-09-14 17:10:39,421: INFO     maxM0			          = 32
2020-09-14 17:10:39,421: INFO     mult                = 0.360674
2020-09-14 17:10:39,422: INFO     skip_optimized_index= 0
2020-09-14 17:10:39,422: INFO     delaunay_type       = 2
2020-09-14 17:10:39,422: INFO     Set HNSW query-time parameters:
2020-09-14 17:10:39,422: INFO     ef(Search)         =20
2020-09-14 17:10:39,422: INFO     algoType           =2

0%   10   20   30   40   50   60   70   80   90   100%
|----|----|----|----|----|----|----|----|----|----|
***************************************************

0%   10   20   30   40   50   60   70   80   90   100%
|----|----|----|----|----|----|----|----|----|----|
*******************************************************
2020-09-14 17:10:53,034: INFO     No appropriate custom distance function for Hamming (bit-storage) space
2020-09-14 17:10:53,035: INFO     searchMethod			  = 0
2020-09-14 17:10:53,147: INFO     Identifying guides that have a hamming distance <= 3 to all other potential guides
2020-09-14 17:10:53,539: INFO     Set HNSW query-time parameters:
2020-09-14 17:10:53,539: INFO     ef(Search)         =9
2020-09-14 17:10:53,539: INFO     algoType           =2
2020-09-14 17:11:02,566: INFO     Formatting data for BedTools
2020-09-14 17:11:02,957: INFO     Create GuideMaker Annotation object
2020-09-14 17:11:02,957: INFO     Identify genomic features
2020-09-14 17:11:02,958: INFO     check if ../../all_test_data/Pseudomonas_aeruginosa_PAO1_107.gbk is gzipped
2020-09-14 17:11:04,336: INFO     Total number of CDS/locus in the input genome: 5584
2020-09-14 17:11:04,337: INFO     Find genomic features closest the guides
2020-09-14 17:11:06,963: INFO     Select guides that start between +100 and -100 of a feature start
2020-09-14 17:11:07,165: INFO     Select description columns
2020-09-14 17:11:07,214: INFO     Format the output
2020-09-14 17:11:08,306: INFO     creating random control guides
2020-09-14 17:11:08,435: INFO     Number of random control searched: 100
2020-09-14 17:11:08,435: INFO     Percentage of GC content in the input genome: 66.56
2020-09-14 17:11:08,435: INFO     Total length of the genome: 6.0 MB
2020-09-14 17:11:08,435: INFO     created 10 control guides with a minimum distance of 7 and a median distance of 7
2020-09-14 17:11:08,438: INFO     guidemaker completed, results are at TEST
2020-09-14 17:11:08,438: INFO     PAM sequence: NGG
2020-09-14 17:11:08,438: INFO     PAM orientation: 5prime
2020-09-14 17:11:08,438: INFO     Genome strand(s) searched: both
2020-09-14 17:11:08,439: INFO     Total PAM sites considered: 1171800
2020-09-14 17:11:08,439: INFO     Guide RNA candidates found: 45905
	Command being timed: "guidemaker -i ../../all_test_data/Pseudomonas_aeruginosa_PAO1_107.gbk --pamseq NGG --outdir TEST --pam_orientation 5prime --guidelength 20 --strand both --lcp 10 --dist 3 --before 100 --into 100 --knum 10 --controls 10 --log GuideMaker_58627099_4.log --threads 16"
	User time (seconds): 289.81
	System time (seconds): 14.58
	Percent of CPU this job got: 318%
	Elapsed (wall clock) time (h:mm:ss or m:ss): 1:35.64
	Average shared text size (kbytes): 0
	Average unshared data size (kbytes): 0
	Average stack size (kbytes): 0
	Average total size (kbytes): 0
	Maximum resident set size (kbytes): 2612248
	Average resident set size (kbytes): 0
	Major (requiring I/O) page faults: 0
	Minor (reclaiming a frame) page faults: 3382900
	Voluntary context switches: 583174
	Involuntary context switches: 144807
	Swaps: 0
	File system inputs: 0
	File system outputs: 186448
	Socket messages sent: 0
	Socket messages received: 0
	Signals delivered: 0
	Page size (bytes): 4096
	Exit status: 0
My SLURM_ARRAY_TASK_ID:  4
My TMPDIR IS:  /tmp
Input Genome:>>>>>>>>>>>>>>>>>>>>>>>>>>>>>>>>>>>>>>>>>>>  Pseudomonas_aeruginosa_PAO1_107.gbk
Threads used:>>>>>>>>>>>>>>>>>>>>>>>>>>>>>>>>>>>>>>>>>>>  32
GuideMaker
Your CPU supports instructions that this binary was not compiled to use: SSE4.1 SSE4.2 AVX AVX2
For maximum performance, you can install NMSLIB from sources 
pip install --no-binary :all: nmslib
2020-09-14 17:11:11,477: INFO     Temp directory is: /tmp/guidemaker_j8ju47q8
2020-09-14 17:11:11,477: INFO     Writing fasta file from genbank file(s)
2020-09-14 17:11:11,477: INFO     check if ../../all_test_data/Pseudomonas_aeruginosa_PAO1_107.gbk is gzipped
/home/rp3448/.conda/envs/nonAVX2/lib/python3.7/site-packages/Bio/GenBank/Scanner.py:1400: BiopythonParserWarning: Truncated LOCUS line found - is this correct?
:'LOCUS       NC_002516            6264404 bp    dna     circular UNK \n'
  BiopythonParserWarning,
/home/rp3448/.conda/envs/nonAVX2/lib/python3.7/site-packages/Bio/GenBank/__init__.py:762: BiopythonParserWarning: Non-upper case molecule type in LOCUS line: dna
  BiopythonParserWarning,
2020-09-14 17:11:12,270: INFO     Identifying PAM sites in the genome
2020-09-14 17:12:09,633: INFO     Identifing guides that are unique near the PAM site
2020-09-14 17:12:11,181: INFO     Indexing all potential guide sites: 1171800. This is the longest step.
2020-09-14 17:12:16,320: INFO     M                   = 16
2020-09-14 17:12:16,320: INFO     indexThreadQty      = 32
2020-09-14 17:12:16,321: INFO     efConstruction      = 10
2020-09-14 17:12:16,321: INFO     maxM			          = 16
2020-09-14 17:12:16,321: INFO     maxM0			          = 32
2020-09-14 17:12:16,321: INFO     mult                = 0.360674
2020-09-14 17:12:16,321: INFO     skip_optimized_index= 0
2020-09-14 17:12:16,321: INFO     delaunay_type       = 2
2020-09-14 17:12:16,321: INFO     Set HNSW query-time parameters:
2020-09-14 17:12:16,321: INFO     ef(Search)         =20
2020-09-14 17:12:16,321: INFO     algoType           =2

0%   10   20   30   40   50   60   70   80   90   100%
|----|----|----|----|----|----|----|----|----|----|
***************************************************

0%   10   20   30   40   50   60   70   80   90   100%
|----|----|----|----|----|----|----|----|----|----|
****************************************************2020-09-14 17:12:24,754: INFO     No appropriate custom distance function for Hamming (bit-storage) space
2020-09-14 17:12:24,755: INFO     searchMethod			  = 0
2020-09-14 17:12:24,870: INFO     Identifying guides that have a hamming distance <= 3 to all other potential guides
2020-09-14 17:12:25,235: INFO     Set HNSW query-time parameters:
2020-09-14 17:12:25,235: INFO     ef(Search)         =9
2020-09-14 17:12:25,235: INFO     algoType           =2
2020-09-14 17:12:35,443: INFO     Formatting data for BedTools
2020-09-14 17:12:35,871: INFO     Create GuideMaker Annotation object
2020-09-14 17:12:35,871: INFO     Identify genomic features
2020-09-14 17:12:35,872: INFO     check if ../../all_test_data/Pseudomonas_aeruginosa_PAO1_107.gbk is gzipped
2020-09-14 17:12:37,326: INFO     Total number of CDS/locus in the input genome: 5584
2020-09-14 17:12:37,326: INFO     Find genomic features closest the guides
2020-09-14 17:12:39,999: INFO     Select guides that start between +100 and -100 of a feature start
2020-09-14 17:12:40,205: INFO     Select description columns
2020-09-14 17:12:40,254: INFO     Format the output
2020-09-14 17:12:41,367: INFO     creating random control guides
2020-09-14 17:12:41,498: INFO     Number of random control searched: 100
2020-09-14 17:12:41,498: INFO     Percentage of GC content in the input genome: 66.56
2020-09-14 17:12:41,498: INFO     Total length of the genome: 6.0 MB
2020-09-14 17:12:41,498: INFO     created 10 control guides with a minimum distance of 7 and a median distance of 7
2020-09-14 17:12:41,501: INFO     guidemaker completed, results are at TEST
2020-09-14 17:12:41,501: INFO     PAM sequence: NGG
2020-09-14 17:12:41,501: INFO     PAM orientation: 5prime
2020-09-14 17:12:41,501: INFO     Genome strand(s) searched: both
2020-09-14 17:12:41,501: INFO     Total PAM sites considered: 1171800
2020-09-14 17:12:41,501: INFO     Guide RNA candidates found: 45915
	Command being timed: "guidemaker -i ../../all_test_data/Pseudomonas_aeruginosa_PAO1_107.gbk --pamseq NGG --outdir TEST --pam_orientation 5prime --guidelength 20 --strand both --lcp 10 --dist 3 --before 100 --into 100 --knum 10 --controls 10 --log GuideMaker_58627099_4.log --threads 32"
	User time (seconds): 306.82
	System time (seconds): 23.47
	Percent of CPU this job got: 354%
	Elapsed (wall clock) time (h:mm:ss or m:ss): 1:33.27
	Average shared text size (kbytes): 0
	Average unshared data size (kbytes): 0
	Average stack size (kbytes): 0
	Average total size (kbytes): 0
	Maximum resident set size (kbytes): 2631100
	Average resident set size (kbytes): 0
	Major (requiring I/O) page faults: 0
	Minor (reclaiming a frame) page faults: 3094586
	Voluntary context switches: 1111677
	Involuntary context switches: 144216
	Swaps: 0
	File system inputs: 0
	File system outputs: 186464
	Socket messages sent: 0
	Socket messages received: 0
	Signals delivered: 0
	Page size (bytes): 4096
	Exit status: 0
