Thu Feb  4 18:55:56 EST 2021
c29b-s22.ufhpc
/blue/garrett/rp3448/analysis/guidemaker/nonAVXGuidemaker

     active environment : NONAVX2
    active env location : /home/rp3448/.conda/envs/NONAVX2
            shell level : 3
       user config file : /home/rp3448/.condarc
 populated config files : /home/rp3448/.condarc
          conda version : 4.9.2
    conda-build version : not installed
         python version : 3.9.1.final.0
       virtual packages : __glibc=2.17=0
                          __unix=0=0
                          __archspec=1=x86_64
       base environment : /apps/conda/4.9.2  (read only)
           channel URLs : https://conda.anaconda.org/biobakery/linux-64
                          https://conda.anaconda.org/biobakery/noarch
                          https://conda.anaconda.org/conda-forge/linux-64
                          https://conda.anaconda.org/conda-forge/noarch
                          https://conda.anaconda.org/bioconda/linux-64
                          https://conda.anaconda.org/bioconda/noarch
                          https://repo.anaconda.com/pkgs/main/linux-64
                          https://repo.anaconda.com/pkgs/main/noarch
                          https://repo.anaconda.com/pkgs/r/linux-64
                          https://repo.anaconda.com/pkgs/r/noarch
          package cache : /apps/conda/4.9.2/pkgs
                          /home/rp3448/.conda/pkgs
       envs directories : /home/rp3448/.conda/envs
                          /apps/conda/4.9.2/envs
               platform : linux-64
             user-agent : conda/4.9.2 requests/2.25.1 CPython/3.9.1 Linux/3.10.0-1062.18.1.el7.x86_64 rhel/7.7 glibc/2.17
                UID:GID : 6472:3511
             netrc file : None
           offline mode : False

My SLURM_ARRAY_TASK_ID:  6
My TMPDIR IS:  /scratch/local/63829263
Input Genome:>>>>>>>>>>>>>>>>>>>>>>>>>>>>>>>>>>>>>>>>>>>  Burkholderia_thailandensis_E264_ATCC_700388_133.gbk
Input PAM:>>>>>>>>>>>>>>>>>>>>>>>>>>>>>>>>>>>>>>>>>>>  NGG
Threads used:>>>>>>>>>>>>>>>>>>>>>>>>>>>>>>>>>>>>>>>>>>>  1
GuideMaker
Your CPU supports instructions that this binary was not compiled to use: SSE4.1 SSE4.2 AVX AVX2
For maximum performance, you can install NMSLIB from sources 
pip install --no-binary :all: nmslib
2021-02-04 18:56:00,897: INFO     Temp directory is: /scratch/local/63829263/guidemaker_vgt6x0er
2021-02-04 18:56:00,898: INFO     Writing fasta file from genbank file(s)
2021-02-04 18:56:00,898: INFO     check if ../all_test_data/Burkholderia_thailandensis_E264_ATCC_700388_133.gbk is gzipped
2021-02-04 18:56:01,634: INFO     Identifying PAM sites in the genome
2021-02-04 18:56:23,886: INFO     Checking guides for restriction enzymes
2021-02-04 18:56:24,142: INFO     Number of guides removed after checking for restriction enzymes: 0
2021-02-04 18:56:24,142: INFO     Identifing guides that are unique near the PAM site
2021-02-04 18:56:25,724: INFO     Number of guides removed after checking for unique PAM: 592066
2021-02-04 18:56:25,724: INFO     Indexing all potential guide sites: 923228. This is the longest step.
2021-02-04 18:56:29,798: INFO     M                   = 16
2021-02-04 18:56:29,798: INFO     indexThreadQty      = 1
2021-02-04 18:56:29,798: INFO     efConstruction      = 10
2021-02-04 18:56:29,798: INFO     maxM			          = 16
2021-02-04 18:56:29,799: INFO     maxM0			          = 32
2021-02-04 18:56:29,799: INFO     mult                = 0.360674
2021-02-04 18:56:29,799: INFO     skip_optimized_index= 0
2021-02-04 18:56:29,799: INFO     delaunay_type       = 2
2021-02-04 18:56:29,799: INFO     Set HNSW query-time parameters:
2021-02-04 18:56:29,799: INFO     ef(Search)         =20
2021-02-04 18:56:29,799: INFO     algoType           =2

0%   10   20   30   40   50   60   70   80   90   100%
|----|----|----|----|----|----|----|----|----|----|
***************************************************

0%   10   20   30   40   50   60   70   80   90   100%
|----|----|----|----|----|----|----|----|----|----|
***************************************************
*2021-02-04 18:58:15,285: INFO     No appropriate custom distance function for Hamming (bit-storage) space
2021-02-04 18:58:15,285: INFO     searchMethod			  = 0
2021-02-04 18:58:15,359: INFO     Identifying guides that have a hamming distance <= 3 to all other potential guides
2021-02-04 18:58:15,929: INFO     Set HNSW query-time parameters:
2021-02-04 18:58:15,929: INFO     ef(Search)         =9
2021-02-04 18:58:15,929: INFO     algoType           =2
2021-02-04 18:58:49,022: INFO     Formatting data for BedTools
2021-02-04 18:58:49,703: INFO     Create GuideMaker Annotation object
2021-02-04 18:58:49,703: INFO     Identify genomic features
2021-02-04 18:58:49,703: INFO     check if ../all_test_data/Burkholderia_thailandensis_E264_ATCC_700388_133.gbk is gzipped
2021-02-04 18:58:50,412: INFO     Total number of CDS/locus in the input genome: 5633
2021-02-04 18:58:50,412: INFO     Find genomic features closest the guides
2021-02-04 18:58:54,707: INFO     Select guides that start between +500 and -500 of a feature start
2021-02-04 18:58:55,150: INFO     Select description columns
2021-02-04 18:58:55,199: INFO     Format the output
2021-02-04 18:58:57,723: INFO     Number of Guides within a gene coordinates i.e. zero Feature distance: 125152
2021-02-04 18:58:59,778: INFO     creating random control guides
2021-02-04 18:58:59,889: INFO     Number of random control searched: 100
2021-02-04 18:58:59,889: INFO     Percentage of GC content in the input genome: 67.63
2021-02-04 18:58:59,889: INFO     Total length of the genome: 6.4 MB
2021-02-04 18:58:59,889: INFO     created 10 control guides with a minimum distance of 7 and a median distance of 7
2021-02-04 18:58:59,892: INFO     guidemaker completed, results are at TEST
2021-02-04 18:58:59,892: INFO     PAM sequence: NGG
2021-02-04 18:58:59,892: INFO     PAM orientation: 3prime
2021-02-04 18:58:59,892: INFO     Genome strand(s) searched: both
2021-02-04 18:58:59,892: INFO     Total PAM sites considered: 923228
2021-02-04 18:58:59,892: INFO     Guide RNA candidates found: 233920
	Command being timed: "guidemaker -i ../all_test_data/Burkholderia_thailandensis_E264_ATCC_700388_133.gbk --pamseq NGG --outdir TEST --pam_orientation 3prime --guidelength 20 --strand both --lcp 11 --dist 3 --before 500 --into 500 --knum 10 --controls 10 --log GM_63829263_6.log --threads 1"
	User time (seconds): 179.80
	System time (seconds): 4.58
	Percent of CPU this job got: 101%
	Elapsed (wall clock) time (h:mm:ss or m:ss): 3:01.67
	Average shared text size (kbytes): 0
	Average unshared data size (kbytes): 0
	Average stack size (kbytes): 0
	Average total size (kbytes): 0
	Maximum resident set size (kbytes): 2153312
	Average resident set size (kbytes): 0
	Major (requiring I/O) page faults: 0
	Minor (reclaiming a frame) page faults: 2335132
	Voluntary context switches: 3092
	Involuntary context switches: 393137
	Swaps: 0
	File system inputs: 0
	File system outputs: 429624
	Socket messages sent: 0
	Socket messages received: 0
	Signals delivered: 0
	Page size (bytes): 4096
	Exit status: 0
My SLURM_ARRAY_TASK_ID:  6
My TMPDIR IS:  /scratch/local/63829263
Input Genome:>>>>>>>>>>>>>>>>>>>>>>>>>>>>>>>>>>>>>>>>>>>  Burkholderia_thailandensis_E264_ATCC_700388_133.gbk
Input PAM:>>>>>>>>>>>>>>>>>>>>>>>>>>>>>>>>>>>>>>>>>>>  NGG
Threads used:>>>>>>>>>>>>>>>>>>>>>>>>>>>>>>>>>>>>>>>>>>>  2
GuideMaker
Your CPU supports instructions that this binary was not compiled to use: SSE4.1 SSE4.2 AVX AVX2
For maximum performance, you can install NMSLIB from sources 
pip install --no-binary :all: nmslib
2021-02-04 18:59:02,607: INFO     Temp directory is: /scratch/local/63829263/guidemaker_kchjqys8
2021-02-04 18:59:02,607: INFO     Writing fasta file from genbank file(s)
2021-02-04 18:59:02,608: INFO     check if ../all_test_data/Burkholderia_thailandensis_E264_ATCC_700388_133.gbk is gzipped
2021-02-04 18:59:03,349: INFO     Identifying PAM sites in the genome
2021-02-04 18:59:26,545: INFO     Checking guides for restriction enzymes
2021-02-04 18:59:26,813: INFO     Number of guides removed after checking for restriction enzymes: 0
2021-02-04 18:59:26,814: INFO     Identifing guides that are unique near the PAM site
2021-02-04 18:59:28,424: INFO     Number of guides removed after checking for unique PAM: 592066
2021-02-04 18:59:28,424: INFO     Indexing all potential guide sites: 923228. This is the longest step.
2021-02-04 18:59:32,304: INFO     M                   = 16
2021-02-04 18:59:32,304: INFO     indexThreadQty      = 2
2021-02-04 18:59:32,304: INFO     efConstruction      = 10
2021-02-04 18:59:32,304: INFO     maxM			          = 16
2021-02-04 18:59:32,304: INFO     maxM0			          = 32
2021-02-04 18:59:32,305: INFO     mult                = 0.360674
2021-02-04 18:59:32,305: INFO     skip_optimized_index= 0
2021-02-04 18:59:32,305: INFO     delaunay_type       = 2
2021-02-04 18:59:32,305: INFO     Set HNSW query-time parameters:
2021-02-04 18:59:32,305: INFO     ef(Search)         =20
2021-02-04 18:59:32,305: INFO     algoType           =2

0%   10   20   30   40   50   60   70   80   90   100%
|----|----|----|----|----|----|----|----|----|----|
***************************************************

0%   10   20   30   40   50   60   70   80   90   100%
|----|----|----|----|----|----|----|----|----|----|
****************************************************2021-02-04 19:00:39,838: INFO     No appropriate custom distance function for Hamming (bit-storage) space
2021-02-04 19:00:39,838: INFO     searchMethod			  = 0
2021-02-04 19:00:39,934: INFO     Identifying guides that have a hamming distance <= 3 to all other potential guides
2021-02-04 19:00:40,557: INFO     Set HNSW query-time parameters:
2021-02-04 19:00:40,558: INFO     ef(Search)         =9
2021-02-04 19:00:40,558: INFO     algoType           =2
2021-02-04 19:01:08,171: INFO     Formatting data for BedTools
2021-02-04 19:01:08,848: INFO     Create GuideMaker Annotation object
2021-02-04 19:01:08,848: INFO     Identify genomic features
2021-02-04 19:01:08,848: INFO     check if ../all_test_data/Burkholderia_thailandensis_E264_ATCC_700388_133.gbk is gzipped
2021-02-04 19:01:09,562: INFO     Total number of CDS/locus in the input genome: 5633
2021-02-04 19:01:09,562: INFO     Find genomic features closest the guides
2021-02-04 19:01:14,117: INFO     Select guides that start between +500 and -500 of a feature start
2021-02-04 19:01:14,612: INFO     Select description columns
2021-02-04 19:01:14,663: INFO     Format the output
2021-02-04 19:01:17,243: INFO     Number of Guides within a gene coordinates i.e. zero Feature distance: 125141
2021-02-04 19:01:19,309: INFO     creating random control guides
2021-02-04 19:01:19,445: INFO     Number of random control searched: 100
2021-02-04 19:01:19,445: INFO     Percentage of GC content in the input genome: 67.63
2021-02-04 19:01:19,445: INFO     Total length of the genome: 6.4 MB
2021-02-04 19:01:19,445: INFO     created 10 control guides with a minimum distance of 7 and a median distance of 7
2021-02-04 19:01:19,449: INFO     guidemaker completed, results are at TEST
2021-02-04 19:01:19,449: INFO     PAM sequence: NGG
2021-02-04 19:01:19,449: INFO     PAM orientation: 3prime
2021-02-04 19:01:19,449: INFO     Genome strand(s) searched: both
2021-02-04 19:01:19,449: INFO     Total PAM sites considered: 923228
2021-02-04 19:01:19,449: INFO     Guide RNA candidates found: 233890
	Command being timed: "guidemaker -i ../all_test_data/Burkholderia_thailandensis_E264_ATCC_700388_133.gbk --pamseq NGG --outdir TEST --pam_orientation 3prime --guidelength 20 --strand both --lcp 11 --dist 3 --before 500 --into 500 --knum 10 --controls 10 --log GM_63829263_6.log --threads 2"
	User time (seconds): 207.28
	System time (seconds): 13.50
	Percent of CPU this job got: 157%
	Elapsed (wall clock) time (h:mm:ss or m:ss): 2:19.77
	Average shared text size (kbytes): 0
	Average unshared data size (kbytes): 0
	Average stack size (kbytes): 0
	Average total size (kbytes): 0
	Maximum resident set size (kbytes): 2406848
	Average resident set size (kbytes): 0
	Major (requiring I/O) page faults: 0
	Minor (reclaiming a frame) page faults: 7346216
	Voluntary context switches: 53689
	Involuntary context switches: 73483
	Swaps: 0
	File system inputs: 0
	File system outputs: 429456
	Socket messages sent: 0
	Socket messages received: 0
	Signals delivered: 0
	Page size (bytes): 4096
	Exit status: 0
My SLURM_ARRAY_TASK_ID:  6
My TMPDIR IS:  /scratch/local/63829263
Input Genome:>>>>>>>>>>>>>>>>>>>>>>>>>>>>>>>>>>>>>>>>>>>  Burkholderia_thailandensis_E264_ATCC_700388_133.gbk
Input PAM:>>>>>>>>>>>>>>>>>>>>>>>>>>>>>>>>>>>>>>>>>>>  NGG
Threads used:>>>>>>>>>>>>>>>>>>>>>>>>>>>>>>>>>>>>>>>>>>>  4
GuideMaker
Your CPU supports instructions that this binary was not compiled to use: SSE4.1 SSE4.2 AVX AVX2
For maximum performance, you can install NMSLIB from sources 
pip install --no-binary :all: nmslib
2021-02-04 19:01:22,357: INFO     Temp directory is: /scratch/local/63829263/guidemaker_g1vz0qru
2021-02-04 19:01:22,357: INFO     Writing fasta file from genbank file(s)
2021-02-04 19:01:22,357: INFO     check if ../all_test_data/Burkholderia_thailandensis_E264_ATCC_700388_133.gbk is gzipped
2021-02-04 19:01:23,085: INFO     Identifying PAM sites in the genome
2021-02-04 19:01:45,621: INFO     Checking guides for restriction enzymes
2021-02-04 19:01:45,879: INFO     Number of guides removed after checking for restriction enzymes: 0
2021-02-04 19:01:45,879: INFO     Identifing guides that are unique near the PAM site
2021-02-04 19:01:47,485: INFO     Number of guides removed after checking for unique PAM: 592066
2021-02-04 19:01:47,486: INFO     Indexing all potential guide sites: 923228. This is the longest step.
2021-02-04 19:01:51,487: INFO     M                   = 16
2021-02-04 19:01:51,487: INFO     indexThreadQty      = 4
2021-02-04 19:01:51,487: INFO     efConstruction      = 10
2021-02-04 19:01:51,487: INFO     maxM			          = 16
2021-02-04 19:01:51,487: INFO     maxM0			          = 32
2021-02-04 19:01:51,487: INFO     mult                = 0.360674
2021-02-04 19:01:51,487: INFO     skip_optimized_index= 0
2021-02-04 19:01:51,488: INFO     delaunay_type       = 2
2021-02-04 19:01:51,488: INFO     Set HNSW query-time parameters:
2021-02-04 19:01:51,488: INFO     ef(Search)         =20
2021-02-04 19:01:51,488: INFO     algoType           =2

0%   10   20   30   40   50   60   70   80   90   100%
|----|----|----|----|----|----|----|----|----|----|
***************************************************

0%   10   20   30   40   50   60   70   80   90   100%
|----|----|----|----|----|----|----|----|----|----|
****************************************************2021-02-04 19:02:27,411: INFO     No appropriate custom distance function for Hamming (bit-storage) space
2021-02-04 19:02:27,412: INFO     searchMethod			  = 0
2021-02-04 19:02:27,491: INFO     Identifying guides that have a hamming distance <= 3 to all other potential guides
2021-02-04 19:02:28,060: INFO     Set HNSW query-time parameters:
2021-02-04 19:02:28,060: INFO     ef(Search)         =9
2021-02-04 19:02:28,060: INFO     algoType           =2
2021-02-04 19:02:49,106: INFO     Formatting data for BedTools
2021-02-04 19:02:49,762: INFO     Create GuideMaker Annotation object
2021-02-04 19:02:49,762: INFO     Identify genomic features
2021-02-04 19:02:49,763: INFO     check if ../all_test_data/Burkholderia_thailandensis_E264_ATCC_700388_133.gbk is gzipped
2021-02-04 19:02:50,468: INFO     Total number of CDS/locus in the input genome: 5633
2021-02-04 19:02:50,468: INFO     Find genomic features closest the guides
2021-02-04 19:02:54,946: INFO     Select guides that start between +500 and -500 of a feature start
2021-02-04 19:02:55,399: INFO     Select description columns
2021-02-04 19:02:55,449: INFO     Format the output
2021-02-04 19:02:58,012: INFO     Number of Guides within a gene coordinates i.e. zero Feature distance: 125158
2021-02-04 19:03:00,074: INFO     creating random control guides
2021-02-04 19:03:00,245: INFO     Number of random control searched: 100
2021-02-04 19:03:00,245: INFO     Percentage of GC content in the input genome: 67.63
2021-02-04 19:03:00,245: INFO     Total length of the genome: 6.4 MB
2021-02-04 19:03:00,245: INFO     created 10 control guides with a minimum distance of 7 and a median distance of 7
2021-02-04 19:03:00,248: INFO     guidemaker completed, results are at TEST
2021-02-04 19:03:00,248: INFO     PAM sequence: NGG
2021-02-04 19:03:00,248: INFO     PAM orientation: 3prime
2021-02-04 19:03:00,248: INFO     Genome strand(s) searched: both
2021-02-04 19:03:00,248: INFO     Total PAM sites considered: 923228
2021-02-04 19:03:00,248: INFO     Guide RNA candidates found: 233911
	Command being timed: "guidemaker -i ../all_test_data/Burkholderia_thailandensis_E264_ATCC_700388_133.gbk --pamseq NGG --outdir TEST --pam_orientation 3prime --guidelength 20 --strand both --lcp 11 --dist 3 --before 500 --into 500 --knum 10 --controls 10 --log GM_63829263_6.log --threads 4"
	User time (seconds): 214.17
	System time (seconds): 11.76
	Percent of CPU this job got: 224%
	Elapsed (wall clock) time (h:mm:ss or m:ss): 1:40.86
	Average shared text size (kbytes): 0
	Average unshared data size (kbytes): 0
	Average stack size (kbytes): 0
	Average total size (kbytes): 0
	Maximum resident set size (kbytes): 2418696
	Average resident set size (kbytes): 0
	Major (requiring I/O) page faults: 0
	Minor (reclaiming a frame) page faults: 5384178
	Voluntary context switches: 131069
	Involuntary context switches: 144619
	Swaps: 0
	File system inputs: 8
	File system outputs: 429496
	Socket messages sent: 0
	Socket messages received: 0
	Signals delivered: 0
	Page size (bytes): 4096
	Exit status: 0
My SLURM_ARRAY_TASK_ID:  6
My TMPDIR IS:  /scratch/local/63829263
Input Genome:>>>>>>>>>>>>>>>>>>>>>>>>>>>>>>>>>>>>>>>>>>>  Burkholderia_thailandensis_E264_ATCC_700388_133.gbk
Input PAM:>>>>>>>>>>>>>>>>>>>>>>>>>>>>>>>>>>>>>>>>>>>  NGG
Threads used:>>>>>>>>>>>>>>>>>>>>>>>>>>>>>>>>>>>>>>>>>>>  8
GuideMaker
Your CPU supports instructions that this binary was not compiled to use: SSE4.1 SSE4.2 AVX AVX2
For maximum performance, you can install NMSLIB from sources 
pip install --no-binary :all: nmslib
2021-02-04 19:03:03,239: INFO     Temp directory is: /scratch/local/63829263/guidemaker_ee6hfj3y
2021-02-04 19:03:03,239: INFO     Writing fasta file from genbank file(s)
2021-02-04 19:03:03,240: INFO     check if ../all_test_data/Burkholderia_thailandensis_E264_ATCC_700388_133.gbk is gzipped
2021-02-04 19:03:03,999: INFO     Identifying PAM sites in the genome
2021-02-04 19:03:26,028: INFO     Checking guides for restriction enzymes
2021-02-04 19:03:26,287: INFO     Number of guides removed after checking for restriction enzymes: 0
2021-02-04 19:03:26,287: INFO     Identifing guides that are unique near the PAM site
2021-02-04 19:03:27,998: INFO     Number of guides removed after checking for unique PAM: 592066
2021-02-04 19:03:27,998: INFO     Indexing all potential guide sites: 923228. This is the longest step.
2021-02-04 19:03:32,656: INFO     M                   = 16
2021-02-04 19:03:32,656: INFO     indexThreadQty      = 8
2021-02-04 19:03:32,656: INFO     efConstruction      = 10
2021-02-04 19:03:32,656: INFO     maxM			          = 16
2021-02-04 19:03:32,656: INFO     maxM0			          = 32
2021-02-04 19:03:32,656: INFO     mult                = 0.360674
2021-02-04 19:03:32,656: INFO     skip_optimized_index= 0
2021-02-04 19:03:32,656: INFO     delaunay_type       = 2
2021-02-04 19:03:32,656: INFO     Set HNSW query-time parameters:
2021-02-04 19:03:32,656: INFO     ef(Search)         =20
2021-02-04 19:03:32,657: INFO     algoType           =2

0%   10   20   30   40   50   60   70   80   90   100%
|----|----|----|----|----|----|----|----|----|----|
***************************************************

0%   10   20   30   40   50   60   70   80   90   100%
|----|----|----|----|----|----|----|----|----|----|
****************************************************2021-02-04 19:03:51,891: INFO     No appropriate custom distance function for Hamming (bit-storage) space
2021-02-04 19:03:51,891: INFO     searchMethod			  = 0
2021-02-04 19:03:51,983: INFO     Identifying guides that have a hamming distance <= 3 to all other potential guides
2021-02-04 19:03:52,695: INFO     Set HNSW query-time parameters:
2021-02-04 19:03:52,695: INFO     ef(Search)         =9
2021-02-04 19:03:52,695: INFO     algoType           =2
2021-02-04 19:04:11,183: INFO     Formatting data for BedTools
2021-02-04 19:04:11,855: INFO     Create GuideMaker Annotation object
2021-02-04 19:04:11,855: INFO     Identify genomic features
2021-02-04 19:04:11,855: INFO     check if ../all_test_data/Burkholderia_thailandensis_E264_ATCC_700388_133.gbk is gzipped
2021-02-04 19:04:12,569: INFO     Total number of CDS/locus in the input genome: 5633
2021-02-04 19:04:12,569: INFO     Find genomic features closest the guides
2021-02-04 19:04:17,076: INFO     Select guides that start between +500 and -500 of a feature start
2021-02-04 19:04:17,580: INFO     Select description columns
2021-02-04 19:04:17,639: INFO     Format the output
2021-02-04 19:04:20,401: INFO     Number of Guides within a gene coordinates i.e. zero Feature distance: 125195
2021-02-04 19:04:22,456: INFO     creating random control guides
2021-02-04 19:04:22,653: INFO     Number of random control searched: 1000
2021-02-04 19:04:22,654: INFO     Percentage of GC content in the input genome: 67.63
2021-02-04 19:04:22,654: INFO     Total length of the genome: 6.4 MB
2021-02-04 19:04:22,654: INFO     created 10 control guides with a minimum distance of 8 and a median distance of 8
2021-02-04 19:04:22,656: INFO     guidemaker completed, results are at TEST
2021-02-04 19:04:22,656: INFO     PAM sequence: NGG
2021-02-04 19:04:22,656: INFO     PAM orientation: 3prime
2021-02-04 19:04:22,656: INFO     Genome strand(s) searched: both
2021-02-04 19:04:22,656: INFO     Total PAM sites considered: 923228
2021-02-04 19:04:22,657: INFO     Guide RNA candidates found: 233943
	Command being timed: "guidemaker -i ../all_test_data/Burkholderia_thailandensis_E264_ATCC_700388_133.gbk --pamseq NGG --outdir TEST --pam_orientation 3prime --guidelength 20 --strand both --lcp 11 --dist 3 --before 500 --into 500 --knum 10 --controls 10 --log GM_63829263_6.log --threads 8"
	User time (seconds): 224.77
	System time (seconds): 11.40
	Percent of CPU this job got: 286%
	Elapsed (wall clock) time (h:mm:ss or m:ss): 1:22.38
	Average shared text size (kbytes): 0
	Average unshared data size (kbytes): 0
	Average stack size (kbytes): 0
	Average total size (kbytes): 0
	Maximum resident set size (kbytes): 2429288
	Average resident set size (kbytes): 0
	Major (requiring I/O) page faults: 0
	Minor (reclaiming a frame) page faults: 4154672
	Voluntary context switches: 206894
	Involuntary context switches: 259167
	Swaps: 0
	File system inputs: 0
	File system outputs: 429544
	Socket messages sent: 0
	Socket messages received: 0
	Signals delivered: 0
	Page size (bytes): 4096
	Exit status: 0
My SLURM_ARRAY_TASK_ID:  6
My TMPDIR IS:  /scratch/local/63829263
Input Genome:>>>>>>>>>>>>>>>>>>>>>>>>>>>>>>>>>>>>>>>>>>>  Burkholderia_thailandensis_E264_ATCC_700388_133.gbk
Input PAM:>>>>>>>>>>>>>>>>>>>>>>>>>>>>>>>>>>>>>>>>>>>  NGG
Threads used:>>>>>>>>>>>>>>>>>>>>>>>>>>>>>>>>>>>>>>>>>>>  16
GuideMaker
Your CPU supports instructions that this binary was not compiled to use: SSE4.1 SSE4.2 AVX AVX2
For maximum performance, you can install NMSLIB from sources 
pip install --no-binary :all: nmslib
2021-02-04 19:04:25,617: INFO     Temp directory is: /scratch/local/63829263/guidemaker__6knlevs
2021-02-04 19:04:25,617: INFO     Writing fasta file from genbank file(s)
2021-02-04 19:04:25,617: INFO     check if ../all_test_data/Burkholderia_thailandensis_E264_ATCC_700388_133.gbk is gzipped
2021-02-04 19:04:26,345: INFO     Identifying PAM sites in the genome
2021-02-04 19:04:48,552: INFO     Checking guides for restriction enzymes
2021-02-04 19:04:48,815: INFO     Number of guides removed after checking for restriction enzymes: 0
2021-02-04 19:04:48,816: INFO     Identifing guides that are unique near the PAM site
2021-02-04 19:04:50,363: INFO     Number of guides removed after checking for unique PAM: 592066
2021-02-04 19:04:50,364: INFO     Indexing all potential guide sites: 923228. This is the longest step.
2021-02-04 19:04:54,203: INFO     M                   = 16
2021-02-04 19:04:54,203: INFO     indexThreadQty      = 16
2021-02-04 19:04:54,203: INFO     efConstruction      = 10
2021-02-04 19:04:54,203: INFO     maxM			          = 16
2021-02-04 19:04:54,203: INFO     maxM0			          = 32
2021-02-04 19:04:54,204: INFO     mult                = 0.360674
2021-02-04 19:04:54,204: INFO     skip_optimized_index= 0
2021-02-04 19:04:54,204: INFO     delaunay_type       = 2
2021-02-04 19:04:54,204: INFO     Set HNSW query-time parameters:
2021-02-04 19:04:54,204: INFO     ef(Search)         =20
2021-02-04 19:04:54,204: INFO     algoType           =2

0%   10   20   30   40   50   60   70   80   90   100%
|----|----|----|----|----|----|----|----|----|----|
***************************************************

0%   10   20   30   40   50   60   70   80   90   100%
|----|----|----|----|----|----|----|----|----|----|
*******************************************************2021-02-04 19:05:04,593: INFO     No appropriate custom distance function for Hamming (bit-storage) space
2021-02-04 19:05:04,594: INFO     searchMethod			  = 0
2021-02-04 19:05:04,668: INFO     Identifying guides that have a hamming distance <= 3 to all other potential guides
2021-02-04 19:05:05,179: INFO     Set HNSW query-time parameters:
2021-02-04 19:05:05,179: INFO     ef(Search)         =9
2021-02-04 19:05:05,179: INFO     algoType           =2
2021-02-04 19:05:22,155: INFO     Formatting data for BedTools
2021-02-04 19:05:22,833: INFO     Create GuideMaker Annotation object
2021-02-04 19:05:22,833: INFO     Identify genomic features
2021-02-04 19:05:22,834: INFO     check if ../all_test_data/Burkholderia_thailandensis_E264_ATCC_700388_133.gbk is gzipped
2021-02-04 19:05:23,553: INFO     Total number of CDS/locus in the input genome: 5633
2021-02-04 19:05:23,553: INFO     Find genomic features closest the guides
2021-02-04 19:05:28,011: INFO     Select guides that start between +500 and -500 of a feature start
2021-02-04 19:05:28,463: INFO     Select description columns
2021-02-04 19:05:28,512: INFO     Format the output
2021-02-04 19:05:31,098: INFO     Number of Guides within a gene coordinates i.e. zero Feature distance: 125135
2021-02-04 19:05:33,150: INFO     creating random control guides
2021-02-04 19:05:33,326: INFO     Number of random control searched: 100
2021-02-04 19:05:33,326: INFO     Percentage of GC content in the input genome: 67.63
2021-02-04 19:05:33,326: INFO     Total length of the genome: 6.4 MB
2021-02-04 19:05:33,326: INFO     created 10 control guides with a minimum distance of 7 and a median distance of 7
2021-02-04 19:05:33,329: INFO     guidemaker completed, results are at TEST
2021-02-04 19:05:33,329: INFO     PAM sequence: NGG
2021-02-04 19:05:33,329: INFO     PAM orientation: 3prime
2021-02-04 19:05:33,329: INFO     Genome strand(s) searched: both
2021-02-04 19:05:33,329: INFO     Total PAM sites considered: 923228
2021-02-04 19:05:33,329: INFO     Guide RNA candidates found: 233848
	Command being timed: "guidemaker -i ../all_test_data/Burkholderia_thailandensis_E264_ATCC_700388_133.gbk --pamseq NGG --outdir TEST --pam_orientation 3prime --guidelength 20 --strand both --lcp 11 --dist 3 --before 500 --into 500 --knum 10 --controls 10 --log GM_63829263_6.log --threads 16"
	User time (seconds): 233.21
	System time (seconds): 13.66
	Percent of CPU this job got: 349%
	Elapsed (wall clock) time (h:mm:ss or m:ss): 1:10.71
	Average shared text size (kbytes): 0
	Average unshared data size (kbytes): 0
	Average stack size (kbytes): 0
	Average total size (kbytes): 0
	Maximum resident set size (kbytes): 2438476
	Average resident set size (kbytes): 0
	Major (requiring I/O) page faults: 0
	Minor (reclaiming a frame) page faults: 3763206
	Voluntary context switches: 417871
	Involuntary context switches: 145400
	Swaps: 0
	File system inputs: 0
	File system outputs: 429368
	Socket messages sent: 0
	Socket messages received: 0
	Signals delivered: 0
	Page size (bytes): 4096
	Exit status: 0
My SLURM_ARRAY_TASK_ID:  6
My TMPDIR IS:  /scratch/local/63829263
Input Genome:>>>>>>>>>>>>>>>>>>>>>>>>>>>>>>>>>>>>>>>>>>>  Burkholderia_thailandensis_E264_ATCC_700388_133.gbk
Input PAM:>>>>>>>>>>>>>>>>>>>>>>>>>>>>>>>>>>>>>>>>>>>  NGG
Threads used:>>>>>>>>>>>>>>>>>>>>>>>>>>>>>>>>>>>>>>>>>>>  32
GuideMaker
Your CPU supports instructions that this binary was not compiled to use: SSE4.1 SSE4.2 AVX AVX2
For maximum performance, you can install NMSLIB from sources 
pip install --no-binary :all: nmslib
2021-02-04 19:05:36,316: INFO     Temp directory is: /scratch/local/63829263/guidemaker_gkbqntqd
2021-02-04 19:05:36,316: INFO     Writing fasta file from genbank file(s)
2021-02-04 19:05:36,317: INFO     check if ../all_test_data/Burkholderia_thailandensis_E264_ATCC_700388_133.gbk is gzipped
2021-02-04 19:05:37,043: INFO     Identifying PAM sites in the genome
2021-02-04 19:05:58,457: INFO     Checking guides for restriction enzymes
2021-02-04 19:05:58,726: INFO     Number of guides removed after checking for restriction enzymes: 0
2021-02-04 19:05:58,726: INFO     Identifing guides that are unique near the PAM site
2021-02-04 19:06:00,280: INFO     Number of guides removed after checking for unique PAM: 592066
2021-02-04 19:06:00,281: INFO     Indexing all potential guide sites: 923228. This is the longest step.
2021-02-04 19:06:04,102: INFO     M                   = 16
2021-02-04 19:06:04,102: INFO     indexThreadQty      = 32
2021-02-04 19:06:04,102: INFO     efConstruction      = 10
2021-02-04 19:06:04,102: INFO     maxM			          = 16
2021-02-04 19:06:04,102: INFO     maxM0			          = 32
2021-02-04 19:06:04,103: INFO     mult                = 0.360674
2021-02-04 19:06:04,103: INFO     skip_optimized_index= 0
2021-02-04 19:06:04,103: INFO     delaunay_type       = 2
2021-02-04 19:06:04,103: INFO     Set HNSW query-time parameters:
2021-02-04 19:06:04,103: INFO     ef(Search)         =20
2021-02-04 19:06:04,103: INFO     algoType           =2

0%   10   20   30   40   50   60   70   80   90   100%
|----|----|----|----|----|----|----|----|----|----|
***************************************************

0%   10   20   30   40   50   60   70   80   90   100%
|----|----|----|----|----|----|----|----|----|----|
****************************************************2021-02-04 19:06:10,613: INFO     No appropriate custom distance function for Hamming (bit-storage) space
2021-02-04 19:06:10,613: INFO     searchMethod			  = 0
2021-02-04 19:06:10,686: INFO     Identifying guides that have a hamming distance <= 3 to all other potential guides
2021-02-04 19:06:11,196: INFO     Set HNSW query-time parameters:
2021-02-04 19:06:11,196: INFO     ef(Search)         =9
2021-02-04 19:06:11,196: INFO     algoType           =2
2021-02-04 19:06:27,305: INFO     Formatting data for BedTools
2021-02-04 19:06:27,972: INFO     Create GuideMaker Annotation object
2021-02-04 19:06:27,972: INFO     Identify genomic features
2021-02-04 19:06:27,973: INFO     check if ../all_test_data/Burkholderia_thailandensis_E264_ATCC_700388_133.gbk is gzipped
2021-02-04 19:06:28,720: INFO     Total number of CDS/locus in the input genome: 5633
2021-02-04 19:06:28,720: INFO     Find genomic features closest the guides
2021-02-04 19:06:33,234: INFO     Select guides that start between +500 and -500 of a feature start
2021-02-04 19:06:33,720: INFO     Select description columns
2021-02-04 19:06:33,769: INFO     Format the output
2021-02-04 19:06:36,299: INFO     Number of Guides within a gene coordinates i.e. zero Feature distance: 125234
2021-02-04 19:06:38,355: INFO     creating random control guides
2021-02-04 19:06:38,526: INFO     Number of random control searched: 100
2021-02-04 19:06:38,526: INFO     Percentage of GC content in the input genome: 67.63
2021-02-04 19:06:38,526: INFO     Total length of the genome: 6.4 MB
2021-02-04 19:06:38,526: INFO     created 10 control guides with a minimum distance of 7 and a median distance of 7
2021-02-04 19:06:38,529: INFO     guidemaker completed, results are at TEST
2021-02-04 19:06:38,529: INFO     PAM sequence: NGG
2021-02-04 19:06:38,529: INFO     PAM orientation: 3prime
2021-02-04 19:06:38,529: INFO     Genome strand(s) searched: both
2021-02-04 19:06:38,529: INFO     Total PAM sites considered: 923228
2021-02-04 19:06:38,530: INFO     Guide RNA candidates found: 234030
	Command being timed: "guidemaker -i ../all_test_data/Burkholderia_thailandensis_E264_ATCC_700388_133.gbk --pamseq NGG --outdir TEST --pam_orientation 3prime --guidelength 20 --strand both --lcp 11 --dist 3 --before 500 --into 500 --knum 10 --controls 10 --log GM_63829263_6.log --threads 32"
	User time (seconds): 244.21
	System time (seconds): 19.01
	Percent of CPU this job got: 402%
	Elapsed (wall clock) time (h:mm:ss or m:ss): 1:05.39
	Average shared text size (kbytes): 0
	Average unshared data size (kbytes): 0
	Average stack size (kbytes): 0
	Average total size (kbytes): 0
	Maximum resident set size (kbytes): 2463288
	Average resident set size (kbytes): 0
	Major (requiring I/O) page faults: 0
	Minor (reclaiming a frame) page faults: 2506976
	Voluntary context switches: 962130
	Involuntary context switches: 602479
	Swaps: 0
	File system inputs: 0
	File system outputs: 429696
	Socket messages sent: 0
	Socket messages received: 0
	Signals delivered: 0
	Page size (bytes): 4096
	Exit status: 0
