Thu Feb  4 21:24:50 EST 2021
c22b-s27.ufhpc
/blue/garrett/rp3448/analysis/guidemaker/nonAVXGuidemaker

     active environment : NONAVX2
    active env location : /home/rp3448/.conda/envs/NONAVX2
            shell level : 3
       user config file : /home/rp3448/.condarc
 populated config files : /home/rp3448/.condarc
          conda version : 4.9.2
    conda-build version : not installed
         python version : 3.9.1.final.0
       virtual packages : __glibc=2.17=0
                          __unix=0=0
                          __archspec=1=x86_64
       base environment : /apps/conda/4.9.2  (read only)
           channel URLs : https://conda.anaconda.org/biobakery/linux-64
                          https://conda.anaconda.org/biobakery/noarch
                          https://conda.anaconda.org/conda-forge/linux-64
                          https://conda.anaconda.org/conda-forge/noarch
                          https://conda.anaconda.org/bioconda/linux-64
                          https://conda.anaconda.org/bioconda/noarch
                          https://repo.anaconda.com/pkgs/main/linux-64
                          https://repo.anaconda.com/pkgs/main/noarch
                          https://repo.anaconda.com/pkgs/r/linux-64
                          https://repo.anaconda.com/pkgs/r/noarch
          package cache : /apps/conda/4.9.2/pkgs
                          /home/rp3448/.conda/pkgs
       envs directories : /home/rp3448/.conda/envs
                          /apps/conda/4.9.2/envs
               platform : linux-64
             user-agent : conda/4.9.2 requests/2.25.1 CPython/3.9.1 Linux/3.10.0-1062.18.1.el7.x86_64 rhel/7.7 glibc/2.17
                UID:GID : 6472:3511
             netrc file : None
           offline mode : False

My SLURM_ARRAY_TASK_ID:  1
My TMPDIR IS:  /scratch/local/63833442
Input Genome:>>>>>>>>>>>>>>>>>>>>>>>>>>>>>>>>>>>>>>>>>>>  Arabidopsis_thaliana.gbk
Input PAM:>>>>>>>>>>>>>>>>>>>>>>>>>>>>>>>>>>>>>>>>>>>  NNAGAAW
Threads used:>>>>>>>>>>>>>>>>>>>>>>>>>>>>>>>>>>>>>>>>>>>  1
GuideMaker
Your CPU supports instructions that this binary was not compiled to use: SSE4.1 SSE4.2 AVX AVX2
For maximum performance, you can install NMSLIB from sources 
pip install --no-binary :all: nmslib
2021-02-04 21:24:55,846: INFO     Temp directory is: /scratch/local/63833442/guidemaker_313u_yv4
2021-02-04 21:24:55,847: INFO     Writing fasta file from genbank file(s)
2021-02-04 21:24:55,847: INFO     check if ../all_test_data/Arabidopsis_thaliana.gbk is gzipped
2021-02-04 21:25:21,298: INFO     Identifying PAM sites in the genome
2021-02-04 21:26:35,552: INFO     Checking guides for restriction enzymes
2021-02-04 21:26:35,951: INFO     Number of guides removed after checking for restriction enzymes: 0
2021-02-04 21:26:35,951: INFO     Identifing guides that are unique near the PAM site
2021-02-04 21:26:38,721: INFO     Number of guides removed after checking for unique PAM: 677745
2021-02-04 21:26:38,721: INFO     Indexing all potential guide sites: 1228658. This is the longest step.
2021-02-04 21:26:43,947: INFO     M                   = 16
2021-02-04 21:26:43,947: INFO     indexThreadQty      = 1
2021-02-04 21:26:43,948: INFO     efConstruction      = 10
2021-02-04 21:26:43,948: INFO     maxM			          = 16
2021-02-04 21:26:43,948: INFO     maxM0			          = 32
2021-02-04 21:26:43,948: INFO     mult                = 0.360674
2021-02-04 21:26:43,948: INFO     skip_optimized_index= 0
2021-02-04 21:26:43,948: INFO     delaunay_type       = 2
2021-02-04 21:26:43,948: INFO     Set HNSW query-time parameters:
2021-02-04 21:26:43,948: INFO     ef(Search)         =20
2021-02-04 21:26:43,948: INFO     algoType           =2

0%   10   20   30   40   50   60   70   80   90   100%
|----|----|----|----|----|----|----|----|----|----|
***************************************************

0%   10   20   30   40   50   60   70   80   90   100%
|----|----|----|----|----|----|----|----|----|----|
***************************************************
*2021-02-04 21:29:15,932: INFO     No appropriate custom distance function for Hamming (bit-storage) space
2021-02-04 21:29:15,932: INFO     searchMethod			  = 0
2021-02-04 21:29:16,035: INFO     Identifying guides that have a hamming distance <= 3 to all other potential guides
2021-02-04 21:29:16,879: INFO     Set HNSW query-time parameters:
2021-02-04 21:29:16,880: INFO     ef(Search)         =9
2021-02-04 21:29:16,880: INFO     algoType           =2
2021-02-04 21:30:15,116: INFO     Formatting data for BedTools
2021-02-04 21:30:16,229: INFO     Create GuideMaker Annotation object
2021-02-04 21:30:16,230: INFO     Identify genomic features
2021-02-04 21:30:16,230: INFO     check if ../all_test_data/Arabidopsis_thaliana.gbk is gzipped
2021-02-04 21:30:46,533: INFO     Total number of CDS/locus in the input genome: 48262
2021-02-04 21:30:46,533: INFO     Find genomic features closest the guides
2021-02-04 21:30:55,124: INFO     Select guides that start between +500 and -500 of a feature start
2021-02-04 21:30:55,643: INFO     Select description columns
2021-02-04 21:30:56,250: INFO     Format the output
2021-02-04 21:30:58,729: INFO     Number of Guides within a gene coordinates i.e. zero Feature distance: 67555
2021-02-04 21:31:01,533: INFO     creating random control guides
2021-02-04 21:31:02,899: INFO     Number of random control searched: 100
2021-02-04 21:31:02,899: INFO     Percentage of GC content in the input genome: 36.00
2021-02-04 21:31:02,899: INFO     Total length of the genome: 114.1 MB
2021-02-04 21:31:02,899: INFO     created 10 control guides with a minimum distance of 7 and a median distance of 7
2021-02-04 21:31:02,901: INFO     guidemaker completed, results are at TEST
2021-02-04 21:31:02,902: INFO     PAM sequence: NNAGAAW
2021-02-04 21:31:02,902: INFO     PAM orientation: 3prime
2021-02-04 21:31:02,902: INFO     Genome strand(s) searched: both
2021-02-04 21:31:02,902: INFO     Total PAM sites considered: 1228658
2021-02-04 21:31:02,902: INFO     Guide RNA candidates found: 142158
	Command being timed: "guidemaker -i ../all_test_data/Arabidopsis_thaliana.gbk --pamseq NNAGAAW --outdir TEST --pam_orientation 3prime --guidelength 20 --strand both --lcp 11 --dist 3 --before 500 --into 500 --knum 10 --controls 10 --log GM_63833442_1.log --threads 1"
	User time (seconds): 365.43
	System time (seconds): 7.52
	Percent of CPU this job got: 100%
	Elapsed (wall clock) time (h:mm:ss or m:ss): 6:10.66
	Average shared text size (kbytes): 0
	Average unshared data size (kbytes): 0
	Average stack size (kbytes): 0
	Average total size (kbytes): 0
	Maximum resident set size (kbytes): 3274828
	Average resident set size (kbytes): 0
	Major (requiring I/O) page faults: 0
	Minor (reclaiming a frame) page faults: 3727760
	Voluntary context switches: 2411
	Involuntary context switches: 863207
	Swaps: 0
	File system inputs: 624
	File system outputs: 933488
	Socket messages sent: 0
	Socket messages received: 0
	Signals delivered: 0
	Page size (bytes): 4096
	Exit status: 0
My SLURM_ARRAY_TASK_ID:  1
My TMPDIR IS:  /scratch/local/63833442
Input Genome:>>>>>>>>>>>>>>>>>>>>>>>>>>>>>>>>>>>>>>>>>>>  Arabidopsis_thaliana.gbk
Input PAM:>>>>>>>>>>>>>>>>>>>>>>>>>>>>>>>>>>>>>>>>>>>  NNAGAAW
Threads used:>>>>>>>>>>>>>>>>>>>>>>>>>>>>>>>>>>>>>>>>>>>  2
GuideMaker
Your CPU supports instructions that this binary was not compiled to use: SSE4.1 SSE4.2 AVX AVX2
For maximum performance, you can install NMSLIB from sources 
pip install --no-binary :all: nmslib
2021-02-04 21:31:06,699: INFO     Temp directory is: /scratch/local/63833442/guidemaker_hwz0ban_
2021-02-04 21:31:06,699: INFO     Writing fasta file from genbank file(s)
2021-02-04 21:31:06,699: INFO     check if ../all_test_data/Arabidopsis_thaliana.gbk is gzipped
2021-02-04 21:31:31,697: INFO     Identifying PAM sites in the genome
2021-02-04 21:32:44,591: INFO     Checking guides for restriction enzymes
2021-02-04 21:32:44,927: INFO     Number of guides removed after checking for restriction enzymes: 0
2021-02-04 21:32:44,927: INFO     Identifing guides that are unique near the PAM site
2021-02-04 21:32:47,659: INFO     Number of guides removed after checking for unique PAM: 677745
2021-02-04 21:32:47,659: INFO     Indexing all potential guide sites: 1228658. This is the longest step.
2021-02-04 21:32:52,809: INFO     M                   = 16
2021-02-04 21:32:52,809: INFO     indexThreadQty      = 2
2021-02-04 21:32:52,809: INFO     efConstruction      = 10
2021-02-04 21:32:52,809: INFO     maxM			          = 16
2021-02-04 21:32:52,809: INFO     maxM0			          = 32
2021-02-04 21:32:52,809: INFO     mult                = 0.360674
2021-02-04 21:32:52,810: INFO     skip_optimized_index= 0
2021-02-04 21:32:52,810: INFO     delaunay_type       = 2
2021-02-04 21:32:52,810: INFO     Set HNSW query-time parameters:
2021-02-04 21:32:52,810: INFO     ef(Search)         =20
2021-02-04 21:32:52,810: INFO     algoType           =2

0%   10   20   30   40   50   60   70   80   90   100%
|----|----|----|----|----|----|----|----|----|----|
***************************************************

0%   10   20   30   40   50   60   70   80   90   100%
|----|----|----|----|----|----|----|----|----|----|
****************************************************2021-02-04 21:34:24,891: INFO     No appropriate custom distance function for Hamming (bit-storage) space
2021-02-04 21:34:24,892: INFO     searchMethod			  = 0
2021-02-04 21:34:25,114: INFO     Identifying guides that have a hamming distance <= 3 to all other potential guides
2021-02-04 21:34:26,083: INFO     Set HNSW query-time parameters:
2021-02-04 21:34:26,083: INFO     ef(Search)         =9
2021-02-04 21:34:26,083: INFO     algoType           =2
2021-02-04 21:35:12,181: INFO     Formatting data for BedTools
2021-02-04 21:35:13,412: INFO     Create GuideMaker Annotation object
2021-02-04 21:35:13,412: INFO     Identify genomic features
2021-02-04 21:35:13,412: INFO     check if ../all_test_data/Arabidopsis_thaliana.gbk is gzipped
2021-02-04 21:35:43,761: INFO     Total number of CDS/locus in the input genome: 48262
2021-02-04 21:35:43,761: INFO     Find genomic features closest the guides
2021-02-04 21:35:52,104: INFO     Select guides that start between +500 and -500 of a feature start
2021-02-04 21:35:52,661: INFO     Select description columns
2021-02-04 21:35:53,110: INFO     Format the output
2021-02-04 21:35:55,155: INFO     Number of Guides within a gene coordinates i.e. zero Feature distance: 67556
2021-02-04 21:35:57,782: INFO     creating random control guides
2021-02-04 21:35:59,271: INFO     Number of random control searched: 100
2021-02-04 21:35:59,271: INFO     Percentage of GC content in the input genome: 36.00
2021-02-04 21:35:59,271: INFO     Total length of the genome: 114.1 MB
2021-02-04 21:35:59,271: INFO     created 10 control guides with a minimum distance of 7 and a median distance of 7
2021-02-04 21:35:59,274: INFO     guidemaker completed, results are at TEST
2021-02-04 21:35:59,274: INFO     PAM sequence: NNAGAAW
2021-02-04 21:35:59,274: INFO     PAM orientation: 3prime
2021-02-04 21:35:59,274: INFO     Genome strand(s) searched: both
2021-02-04 21:35:59,274: INFO     Total PAM sites considered: 1228658
2021-02-04 21:35:59,275: INFO     Guide RNA candidates found: 142170
	Command being timed: "guidemaker -i ../all_test_data/Arabidopsis_thaliana.gbk --pamseq NNAGAAW --outdir TEST --pam_orientation 3prime --guidelength 20 --strand both --lcp 11 --dist 3 --before 500 --into 500 --knum 10 --controls 10 --log GM_63833442_1.log --threads 2"
	User time (seconds): 388.85
	System time (seconds): 21.66
	Percent of CPU this job got: 138%
	Elapsed (wall clock) time (h:mm:ss or m:ss): 4:56.57
	Average shared text size (kbytes): 0
	Average unshared data size (kbytes): 0
	Average stack size (kbytes): 0
	Average total size (kbytes): 0
	Maximum resident set size (kbytes): 3744700
	Average resident set size (kbytes): 0
	Major (requiring I/O) page faults: 0
	Minor (reclaiming a frame) page faults: 11373584
	Voluntary context switches: 85070
	Involuntary context switches: 88139
	Swaps: 0
	File system inputs: 0
	File system outputs: 932464
	Socket messages sent: 0
	Socket messages received: 0
	Signals delivered: 0
	Page size (bytes): 4096
	Exit status: 0
My SLURM_ARRAY_TASK_ID:  1
My TMPDIR IS:  /scratch/local/63833442
Input Genome:>>>>>>>>>>>>>>>>>>>>>>>>>>>>>>>>>>>>>>>>>>>  Arabidopsis_thaliana.gbk
Input PAM:>>>>>>>>>>>>>>>>>>>>>>>>>>>>>>>>>>>>>>>>>>>  NNAGAAW
Threads used:>>>>>>>>>>>>>>>>>>>>>>>>>>>>>>>>>>>>>>>>>>>  4
GuideMaker
Your CPU supports instructions that this binary was not compiled to use: SSE4.1 SSE4.2 AVX AVX2
For maximum performance, you can install NMSLIB from sources 
pip install --no-binary :all: nmslib
2021-02-04 21:36:03,274: INFO     Temp directory is: /scratch/local/63833442/guidemaker_8ph1b854
2021-02-04 21:36:03,274: INFO     Writing fasta file from genbank file(s)
2021-02-04 21:36:03,274: INFO     check if ../all_test_data/Arabidopsis_thaliana.gbk is gzipped
2021-02-04 21:36:28,457: INFO     Identifying PAM sites in the genome
2021-02-04 21:37:42,075: INFO     Checking guides for restriction enzymes
2021-02-04 21:37:42,408: INFO     Number of guides removed after checking for restriction enzymes: 0
2021-02-04 21:37:42,408: INFO     Identifing guides that are unique near the PAM site
2021-02-04 21:37:45,136: INFO     Number of guides removed after checking for unique PAM: 677745
2021-02-04 21:37:45,136: INFO     Indexing all potential guide sites: 1228658. This is the longest step.
2021-02-04 21:37:50,376: INFO     M                   = 16
2021-02-04 21:37:50,376: INFO     indexThreadQty      = 4
2021-02-04 21:37:50,377: INFO     efConstruction      = 10
2021-02-04 21:37:50,377: INFO     maxM			          = 16
2021-02-04 21:37:50,377: INFO     maxM0			          = 32
2021-02-04 21:37:50,377: INFO     mult                = 0.360674
2021-02-04 21:37:50,377: INFO     skip_optimized_index= 0
2021-02-04 21:37:50,377: INFO     delaunay_type       = 2
2021-02-04 21:37:50,377: INFO     Set HNSW query-time parameters:
2021-02-04 21:37:50,377: INFO     ef(Search)         =20
2021-02-04 21:37:50,377: INFO     algoType           =2

0%   10   20   30   40   50   60   70   80   90   100%
|----|----|----|----|----|----|----|----|----|----|
***************************************************

0%   10   20   30   40   50   60   70   80   90   100%
|----|----|----|----|----|----|----|----|----|----|
****************************************************2021-02-04 21:38:38,313: INFO     No appropriate custom distance function for Hamming (bit-storage) space
2021-02-04 21:38:38,313: INFO     searchMethod			  = 0
2021-02-04 21:38:38,420: INFO     Identifying guides that have a hamming distance <= 3 to all other potential guides
2021-02-04 21:38:39,256: INFO     Set HNSW query-time parameters:
2021-02-04 21:38:39,257: INFO     ef(Search)         =9
2021-02-04 21:38:39,257: INFO     algoType           =2
2021-02-04 21:39:14,293: INFO     Formatting data for BedTools
2021-02-04 21:39:15,487: INFO     Create GuideMaker Annotation object
2021-02-04 21:39:15,487: INFO     Identify genomic features
2021-02-04 21:39:15,488: INFO     check if ../all_test_data/Arabidopsis_thaliana.gbk is gzipped
2021-02-04 21:39:44,986: INFO     Total number of CDS/locus in the input genome: 48262
2021-02-04 21:39:44,986: INFO     Find genomic features closest the guides
2021-02-04 21:39:53,860: INFO     Select guides that start between +500 and -500 of a feature start
2021-02-04 21:39:54,381: INFO     Select description columns
2021-02-04 21:39:54,904: INFO     Format the output
2021-02-04 21:39:57,362: INFO     Number of Guides within a gene coordinates i.e. zero Feature distance: 67567
2021-02-04 21:40:00,101: INFO     creating random control guides
2021-02-04 21:40:01,581: INFO     Number of random control searched: 100
2021-02-04 21:40:01,581: INFO     Percentage of GC content in the input genome: 36.00
2021-02-04 21:40:01,581: INFO     Total length of the genome: 114.1 MB
2021-02-04 21:40:01,581: INFO     created 10 control guides with a minimum distance of 7 and a median distance of 7
2021-02-04 21:40:01,584: INFO     guidemaker completed, results are at TEST
2021-02-04 21:40:01,585: INFO     PAM sequence: NNAGAAW
2021-02-04 21:40:01,585: INFO     PAM orientation: 3prime
2021-02-04 21:40:01,585: INFO     Genome strand(s) searched: both
2021-02-04 21:40:01,585: INFO     Total PAM sites considered: 1228658
2021-02-04 21:40:01,585: INFO     Guide RNA candidates found: 142140
	Command being timed: "guidemaker -i ../all_test_data/Arabidopsis_thaliana.gbk --pamseq NNAGAAW --outdir TEST --pam_orientation 3prime --guidelength 20 --strand both --lcp 11 --dist 3 --before 500 --into 500 --knum 10 --controls 10 --log GM_63833442_1.log --threads 4"
	User time (seconds): 398.26
	System time (seconds): 18.41
	Percent of CPU this job got: 171%
	Elapsed (wall clock) time (h:mm:ss or m:ss): 4:02.60
	Average shared text size (kbytes): 0
	Average unshared data size (kbytes): 0
	Average stack size (kbytes): 0
	Average total size (kbytes): 0
	Maximum resident set size (kbytes): 3787960
	Average resident set size (kbytes): 0
	Major (requiring I/O) page faults: 0
	Minor (reclaiming a frame) page faults: 9173642
	Voluntary context switches: 186141
	Involuntary context switches: 145102
	Swaps: 0
	File system inputs: 0
	File system outputs: 932320
	Socket messages sent: 0
	Socket messages received: 0
	Signals delivered: 0
	Page size (bytes): 4096
	Exit status: 0
My SLURM_ARRAY_TASK_ID:  1
My TMPDIR IS:  /scratch/local/63833442
Input Genome:>>>>>>>>>>>>>>>>>>>>>>>>>>>>>>>>>>>>>>>>>>>  Arabidopsis_thaliana.gbk
Input PAM:>>>>>>>>>>>>>>>>>>>>>>>>>>>>>>>>>>>>>>>>>>>  NNAGAAW
Threads used:>>>>>>>>>>>>>>>>>>>>>>>>>>>>>>>>>>>>>>>>>>>  8
GuideMaker
Your CPU supports instructions that this binary was not compiled to use: SSE4.1 SSE4.2 AVX AVX2
For maximum performance, you can install NMSLIB from sources 
pip install --no-binary :all: nmslib
2021-02-04 21:40:05,921: INFO     Temp directory is: /scratch/local/63833442/guidemaker_a8by23tj
2021-02-04 21:40:05,921: INFO     Writing fasta file from genbank file(s)
2021-02-04 21:40:05,922: INFO     check if ../all_test_data/Arabidopsis_thaliana.gbk is gzipped
2021-02-04 21:40:31,630: INFO     Identifying PAM sites in the genome
2021-02-04 21:41:47,957: INFO     Checking guides for restriction enzymes
2021-02-04 21:41:48,296: INFO     Number of guides removed after checking for restriction enzymes: 0
2021-02-04 21:41:48,296: INFO     Identifing guides that are unique near the PAM site
2021-02-04 21:41:50,980: INFO     Number of guides removed after checking for unique PAM: 677745
2021-02-04 21:41:50,980: INFO     Indexing all potential guide sites: 1228658. This is the longest step.
2021-02-04 21:41:56,212: INFO     M                   = 16
2021-02-04 21:41:56,212: INFO     indexThreadQty      = 8
2021-02-04 21:41:56,212: INFO     efConstruction      = 10
2021-02-04 21:41:56,212: INFO     maxM			          = 16
2021-02-04 21:41:56,212: INFO     maxM0			          = 32
2021-02-04 21:41:56,212: INFO     mult                = 0.360674
2021-02-04 21:41:56,212: INFO     skip_optimized_index= 0
2021-02-04 21:41:56,212: INFO     delaunay_type       = 2
2021-02-04 21:41:56,212: INFO     Set HNSW query-time parameters:
2021-02-04 21:41:56,212: INFO     ef(Search)         =20
2021-02-04 21:41:56,212: INFO     algoType           =2

0%   10   20   30   40   50   60   70   80   90   100%
|----|----|----|----|----|----|----|----|----|----|
***************************************************

0%   10   20   30   40   50   60   70   80   90   100%
|----|----|----|----|----|----|----|----|----|----|
****************************************************2021-02-04 21:42:22,313: INFO     No appropriate custom distance function for Hamming (bit-storage) space
2021-02-04 21:42:22,313: INFO     searchMethod			  = 0
2021-02-04 21:42:22,417: INFO     Identifying guides that have a hamming distance <= 3 to all other potential guides
2021-02-04 21:42:23,268: INFO     Set HNSW query-time parameters:
2021-02-04 21:42:23,268: INFO     ef(Search)         =9
2021-02-04 21:42:23,269: INFO     algoType           =2
2021-02-04 21:42:53,436: INFO     Formatting data for BedTools
2021-02-04 21:42:54,723: INFO     Create GuideMaker Annotation object
2021-02-04 21:42:54,723: INFO     Identify genomic features
2021-02-04 21:42:54,724: INFO     check if ../all_test_data/Arabidopsis_thaliana.gbk is gzipped
2021-02-04 21:43:26,080: INFO     Total number of CDS/locus in the input genome: 48262
2021-02-04 21:43:26,080: INFO     Find genomic features closest the guides
2021-02-04 21:43:34,958: INFO     Select guides that start between +500 and -500 of a feature start
2021-02-04 21:43:35,541: INFO     Select description columns
2021-02-04 21:43:36,070: INFO     Format the output
2021-02-04 21:43:38,515: INFO     Number of Guides within a gene coordinates i.e. zero Feature distance: 67633
2021-02-04 21:43:41,210: INFO     creating random control guides
2021-02-04 21:43:42,670: INFO     Number of random control searched: 100
2021-02-04 21:43:42,670: INFO     Percentage of GC content in the input genome: 36.00
2021-02-04 21:43:42,670: INFO     Total length of the genome: 114.1 MB
2021-02-04 21:43:42,670: INFO     created 10 control guides with a minimum distance of 7 and a median distance of 7
2021-02-04 21:43:42,673: INFO     guidemaker completed, results are at TEST
2021-02-04 21:43:42,673: INFO     PAM sequence: NNAGAAW
2021-02-04 21:43:42,673: INFO     PAM orientation: 3prime
2021-02-04 21:43:42,673: INFO     Genome strand(s) searched: both
2021-02-04 21:43:42,674: INFO     Total PAM sites considered: 1228658
2021-02-04 21:43:42,674: INFO     Guide RNA candidates found: 142241
	Command being timed: "guidemaker -i ../all_test_data/Arabidopsis_thaliana.gbk --pamseq NNAGAAW --outdir TEST --pam_orientation 3prime --guidelength 20 --strand both --lcp 11 --dist 3 --before 500 --into 500 --knum 10 --controls 10 --log GM_63833442_1.log --threads 8"
	User time (seconds): 419.79
	System time (seconds): 17.61
	Percent of CPU this job got: 197%
	Elapsed (wall clock) time (h:mm:ss or m:ss): 3:40.95
	Average shared text size (kbytes): 0
	Average unshared data size (kbytes): 0
	Average stack size (kbytes): 0
	Average total size (kbytes): 0
	Maximum resident set size (kbytes): 3775704
	Average resident set size (kbytes): 0
	Major (requiring I/O) page faults: 0
	Minor (reclaiming a frame) page faults: 7483125
	Voluntary context switches: 309460
	Involuntary context switches: 81297
	Swaps: 0
	File system inputs: 0
	File system outputs: 933432
	Socket messages sent: 0
	Socket messages received: 0
	Signals delivered: 0
	Page size (bytes): 4096
	Exit status: 0
My SLURM_ARRAY_TASK_ID:  1
My TMPDIR IS:  /scratch/local/63833442
Input Genome:>>>>>>>>>>>>>>>>>>>>>>>>>>>>>>>>>>>>>>>>>>>  Arabidopsis_thaliana.gbk
Input PAM:>>>>>>>>>>>>>>>>>>>>>>>>>>>>>>>>>>>>>>>>>>>  NNAGAAW
Threads used:>>>>>>>>>>>>>>>>>>>>>>>>>>>>>>>>>>>>>>>>>>>  16
GuideMaker
Your CPU supports instructions that this binary was not compiled to use: SSE4.1 SSE4.2 AVX AVX2
For maximum performance, you can install NMSLIB from sources 
pip install --no-binary :all: nmslib
2021-02-04 21:43:46,870: INFO     Temp directory is: /scratch/local/63833442/guidemaker_y5dqhrbd
2021-02-04 21:43:46,870: INFO     Writing fasta file from genbank file(s)
2021-02-04 21:43:46,871: INFO     check if ../all_test_data/Arabidopsis_thaliana.gbk is gzipped
2021-02-04 21:44:12,119: INFO     Identifying PAM sites in the genome
2021-02-04 21:45:24,392: INFO     Checking guides for restriction enzymes
2021-02-04 21:45:24,811: INFO     Number of guides removed after checking for restriction enzymes: 0
2021-02-04 21:45:24,812: INFO     Identifing guides that are unique near the PAM site
2021-02-04 21:45:27,740: INFO     Number of guides removed after checking for unique PAM: 677745
2021-02-04 21:45:27,740: INFO     Indexing all potential guide sites: 1228658. This is the longest step.
2021-02-04 21:45:33,241: INFO     M                   = 16
2021-02-04 21:45:33,242: INFO     indexThreadQty      = 16
2021-02-04 21:45:33,242: INFO     efConstruction      = 10
2021-02-04 21:45:33,242: INFO     maxM			          = 16
2021-02-04 21:45:33,242: INFO     maxM0			          = 32
2021-02-04 21:45:33,242: INFO     mult                = 0.360674
2021-02-04 21:45:33,242: INFO     skip_optimized_index= 0
2021-02-04 21:45:33,242: INFO     delaunay_type       = 2
2021-02-04 21:45:33,242: INFO     Set HNSW query-time parameters:
2021-02-04 21:45:33,242: INFO     ef(Search)         =20
2021-02-04 21:45:33,242: INFO     algoType           =2

0%   10   20   30   40   50   60   70   80   90   100%
|----|----|----|----|----|----|----|----|----|----|
***************************************************

0%   10   20   30   40   50   60   70   80   90   100%
|----|----|----|----|----|----|----|----|----|----|
****************************************************2021-02-04 21:45:47,714: INFO     No appropriate custom distance function for Hamming (bit-storage) space
2021-02-04 21:45:47,714: INFO     searchMethod			  = 0
2021-02-04 21:45:47,829: INFO     Identifying guides that have a hamming distance <= 3 to all other potential guides
2021-02-04 21:45:48,765: INFO     Set HNSW query-time parameters:
2021-02-04 21:45:48,766: INFO     ef(Search)         =9
2021-02-04 21:45:48,766: INFO     algoType           =2
2021-02-04 21:46:18,298: INFO     Formatting data for BedTools
2021-02-04 21:46:19,545: INFO     Create GuideMaker Annotation object
2021-02-04 21:46:19,545: INFO     Identify genomic features
2021-02-04 21:46:19,545: INFO     check if ../all_test_data/Arabidopsis_thaliana.gbk is gzipped
2021-02-04 21:46:49,112: INFO     Total number of CDS/locus in the input genome: 48262
2021-02-04 21:46:49,113: INFO     Find genomic features closest the guides
2021-02-04 21:46:57,577: INFO     Select guides that start between +500 and -500 of a feature start
2021-02-04 21:46:58,099: INFO     Select description columns
2021-02-04 21:46:58,613: INFO     Format the output
2021-02-04 21:47:01,069: INFO     Number of Guides within a gene coordinates i.e. zero Feature distance: 67552
2021-02-04 21:47:03,968: INFO     creating random control guides
2021-02-04 21:47:05,495: INFO     Number of random control searched: 100
2021-02-04 21:47:05,495: INFO     Percentage of GC content in the input genome: 36.00
2021-02-04 21:47:05,495: INFO     Total length of the genome: 114.1 MB
2021-02-04 21:47:05,496: INFO     created 10 control guides with a minimum distance of 7 and a median distance of 7
2021-02-04 21:47:05,499: INFO     guidemaker completed, results are at TEST
2021-02-04 21:47:05,499: INFO     PAM sequence: NNAGAAW
2021-02-04 21:47:05,499: INFO     PAM orientation: 3prime
2021-02-04 21:47:05,499: INFO     Genome strand(s) searched: both
2021-02-04 21:47:05,499: INFO     Total PAM sites considered: 1228658
2021-02-04 21:47:05,499: INFO     Guide RNA candidates found: 142139
	Command being timed: "guidemaker -i ../all_test_data/Arabidopsis_thaliana.gbk --pamseq NNAGAAW --outdir TEST --pam_orientation 3prime --guidelength 20 --strand both --lcp 11 --dist 3 --before 500 --into 500 --knum 10 --controls 10 --log GM_63833442_1.log --threads 16"
	User time (seconds): 431.70
	System time (seconds): 22.13
	Percent of CPU this job got: 223%
	Elapsed (wall clock) time (h:mm:ss or m:ss): 3:23.32
	Average shared text size (kbytes): 0
	Average unshared data size (kbytes): 0
	Average stack size (kbytes): 0
	Average total size (kbytes): 0
	Maximum resident set size (kbytes): 3817644
	Average resident set size (kbytes): 0
	Major (requiring I/O) page faults: 0
	Minor (reclaiming a frame) page faults: 6228095
	Voluntary context switches: 614987
	Involuntary context switches: 841
	Swaps: 0
	File system inputs: 296
	File system outputs: 932736
	Socket messages sent: 0
	Socket messages received: 0
	Signals delivered: 0
	Page size (bytes): 4096
	Exit status: 0
My SLURM_ARRAY_TASK_ID:  1
My TMPDIR IS:  /scratch/local/63833442
Input Genome:>>>>>>>>>>>>>>>>>>>>>>>>>>>>>>>>>>>>>>>>>>>  Arabidopsis_thaliana.gbk
Input PAM:>>>>>>>>>>>>>>>>>>>>>>>>>>>>>>>>>>>>>>>>>>>  NNAGAAW
Threads used:>>>>>>>>>>>>>>>>>>>>>>>>>>>>>>>>>>>>>>>>>>>  32
GuideMaker
Your CPU supports instructions that this binary was not compiled to use: SSE4.1 SSE4.2 AVX AVX2
For maximum performance, you can install NMSLIB from sources 
pip install --no-binary :all: nmslib
2021-02-04 21:47:10,284: INFO     Temp directory is: /scratch/local/63833442/guidemaker_8pyvjnz5
2021-02-04 21:47:10,284: INFO     Writing fasta file from genbank file(s)
2021-02-04 21:47:10,284: INFO     check if ../all_test_data/Arabidopsis_thaliana.gbk is gzipped
2021-02-04 21:47:34,951: INFO     Identifying PAM sites in the genome
2021-02-04 21:48:46,597: INFO     Checking guides for restriction enzymes
2021-02-04 21:48:46,929: INFO     Number of guides removed after checking for restriction enzymes: 0
2021-02-04 21:48:46,930: INFO     Identifing guides that are unique near the PAM site
2021-02-04 21:48:49,618: INFO     Number of guides removed after checking for unique PAM: 677745
2021-02-04 21:48:49,618: INFO     Indexing all potential guide sites: 1228658. This is the longest step.
2021-02-04 21:48:54,922: INFO     M                   = 16
2021-02-04 21:48:54,922: INFO     indexThreadQty      = 32
2021-02-04 21:48:54,922: INFO     efConstruction      = 10
2021-02-04 21:48:54,922: INFO     maxM			          = 16
2021-02-04 21:48:54,922: INFO     maxM0			          = 32
2021-02-04 21:48:54,922: INFO     mult                = 0.360674
2021-02-04 21:48:54,922: INFO     skip_optimized_index= 0
2021-02-04 21:48:54,922: INFO     delaunay_type       = 2
2021-02-04 21:48:54,922: INFO     Set HNSW query-time parameters:
2021-02-04 21:48:54,923: INFO     ef(Search)         =20
2021-02-04 21:48:54,923: INFO     algoType           =2

0%   10   20   30   40   50   60   70   80   90   100%
|----|----|----|----|----|----|----|----|----|----|
***************************************************

0%   10   20   30   40   50   60   70   80   90   100%
|----|----|----|----|----|----|----|----|----|----|
*******************************************************2021-02-04 21:49:03,873: INFO     No appropriate custom distance function for Hamming (bit-storage) space
2021-02-04 21:49:03,873: INFO     searchMethod			  = 0
2021-02-04 21:49:03,977: INFO     Identifying guides that have a hamming distance <= 3 to all other potential guides
2021-02-04 21:49:04,869: INFO     Set HNSW query-time parameters:
2021-02-04 21:49:04,870: INFO     ef(Search)         =9
2021-02-04 21:49:04,870: INFO     algoType           =2
2021-02-04 21:49:31,873: INFO     Formatting data for BedTools
2021-02-04 21:49:33,039: INFO     Create GuideMaker Annotation object
2021-02-04 21:49:33,039: INFO     Identify genomic features
2021-02-04 21:49:33,040: INFO     check if ../all_test_data/Arabidopsis_thaliana.gbk is gzipped
2021-02-04 21:50:03,384: INFO     Total number of CDS/locus in the input genome: 48262
2021-02-04 21:50:03,384: INFO     Find genomic features closest the guides
2021-02-04 21:50:12,040: INFO     Select guides that start between +500 and -500 of a feature start
2021-02-04 21:50:12,536: INFO     Select description columns
2021-02-04 21:50:13,056: INFO     Format the output
2021-02-04 21:50:15,310: INFO     Number of Guides within a gene coordinates i.e. zero Feature distance: 67635
2021-02-04 21:50:18,120: INFO     creating random control guides
2021-02-04 21:50:19,623: INFO     Number of random control searched: 100
2021-02-04 21:50:19,623: INFO     Percentage of GC content in the input genome: 36.00
2021-02-04 21:50:19,623: INFO     Total length of the genome: 114.1 MB
2021-02-04 21:50:19,623: INFO     created 10 control guides with a minimum distance of 7 and a median distance of 7
2021-02-04 21:50:19,626: INFO     guidemaker completed, results are at TEST
2021-02-04 21:50:19,626: INFO     PAM sequence: NNAGAAW
2021-02-04 21:50:19,626: INFO     PAM orientation: 3prime
2021-02-04 21:50:19,626: INFO     Genome strand(s) searched: both
2021-02-04 21:50:19,626: INFO     Total PAM sites considered: 1228658
2021-02-04 21:50:19,627: INFO     Guide RNA candidates found: 142243
	Command being timed: "guidemaker -i ../all_test_data/Arabidopsis_thaliana.gbk --pamseq NNAGAAW --outdir TEST --pam_orientation 3prime --guidelength 20 --strand both --lcp 11 --dist 3 --before 500 --into 500 --knum 10 --controls 10 --log GM_63833442_1.log --threads 32"
	User time (seconds): 448.99
	System time (seconds): 33.97
	Percent of CPU this job got: 249%
	Elapsed (wall clock) time (h:mm:ss or m:ss): 3:13.66
	Average shared text size (kbytes): 0
	Average unshared data size (kbytes): 0
	Average stack size (kbytes): 0
	Average total size (kbytes): 0
	Maximum resident set size (kbytes): 3805584
	Average resident set size (kbytes): 0
	Major (requiring I/O) page faults: 0
	Minor (reclaiming a frame) page faults: 7150280
	Voluntary context switches: 1585409
	Involuntary context switches: 775
	Swaps: 0
	File system inputs: 792
	File system outputs: 933848
	Socket messages sent: 0
	Socket messages received: 0
	Signals delivered: 0
	Page size (bytes): 4096
	Exit status: 0
