slurmstepd: error: Unable to create TMPDIR [/scratch/local/58616138]: Permission denied
slurmstepd: error: Setting TMPDIR to /tmp
Mon Sep 14 17:34:53 EDT 2020
c27b-s23.ufhpc
/blue/garrett/rp3448/analysis/guidemaker/nonAVXGuidemaker/GuideMaker

     active environment : nonAVX2
    active env location : /home/rp3448/.conda/envs/nonAVX2
            shell level : 2
       user config file : /home/rp3448/.condarc
 populated config files : /home/rp3448/.condarc
          conda version : 4.7.12
    conda-build version : not installed
         python version : 3.7.4.final.0
       virtual packages : 
       base environment : /apps/conda/4.7.12  (read only)
           channel URLs : https://conda.anaconda.org/biobakery/linux-64
                          https://conda.anaconda.org/biobakery/noarch
                          https://conda.anaconda.org/conda-forge/linux-64
                          https://conda.anaconda.org/conda-forge/noarch
                          https://conda.anaconda.org/bioconda/linux-64
                          https://conda.anaconda.org/bioconda/noarch
                          https://repo.anaconda.com/pkgs/main/linux-64
                          https://repo.anaconda.com/pkgs/main/noarch
                          https://repo.anaconda.com/pkgs/r/linux-64
                          https://repo.anaconda.com/pkgs/r/noarch
          package cache : /apps/conda/4.7.12/pkgs
                          /home/rp3448/.conda/pkgs
       envs directories : /home/rp3448/.conda/envs
                          /apps/conda/4.7.12/envs
               platform : linux-64
             user-agent : conda/4.7.12 requests/2.22.0 CPython/3.7.4 Linux/3.10.0-1062.18.1.el7.x86_64 rhel/7.7 glibc/2.17
                UID:GID : 6472:3511
             netrc file : None
           offline mode : False

My SLURM_ARRAY_TASK_ID:  6
My TMPDIR IS:  /tmp
Input Genome:>>>>>>>>>>>>>>>>>>>>>>>>>>>>>>>>>>>>>>>>>>>  Escherichia.coli_str_K-12_substr_MG1655.gbk
Threads used:>>>>>>>>>>>>>>>>>>>>>>>>>>>>>>>>>>>>>>>>>>>  1
GuideMaker
Your CPU supports instructions that this binary was not compiled to use: SSE4.1 SSE4.2 AVX AVX2
For maximum performance, you can install NMSLIB from sources 
pip install --no-binary :all: nmslib
2020-09-14 17:34:59,013: INFO     Temp directory is: /tmp/guidemaker_dafkftes
2020-09-14 17:34:59,014: INFO     Writing fasta file from genbank file(s)
2020-09-14 17:34:59,014: INFO     check if ../../all_test_data/Escherichia.coli_str_K-12_substr_MG1655.gbk is gzipped
2020-09-14 17:34:59,916: INFO     Identifying PAM sites in the genome
2020-09-14 17:35:27,525: INFO     Identifing guides that are unique near the PAM site
2020-09-14 17:35:28,278: INFO     Indexing all potential guide sites: 542073. This is the longest step.
2020-09-14 17:35:30,563: INFO     M                   = 16
2020-09-14 17:35:30,563: INFO     indexThreadQty      = 1
2020-09-14 17:35:30,563: INFO     efConstruction      = 10
2020-09-14 17:35:30,563: INFO     maxM			          = 16
2020-09-14 17:35:30,563: INFO     maxM0			          = 32
2020-09-14 17:35:30,563: INFO     mult                = 0.360674
2020-09-14 17:35:30,563: INFO     skip_optimized_index= 0
2020-09-14 17:35:30,563: INFO     delaunay_type       = 2
2020-09-14 17:35:30,564: INFO     Set HNSW query-time parameters:
2020-09-14 17:35:30,564: INFO     ef(Search)         =20
2020-09-14 17:35:30,564: INFO     algoType           =2

0%   10   20   30   40   50   60   70   80   90   100%
|----|----|----|----|----|----|----|----|----|----|
***************************************************

0%   10   20   30   40   50   60   70   80   90   100%
|----|----|----|----|----|----|----|----|----|----|
***************************************************
*2020-09-14 17:36:23,628: INFO     No appropriate custom distance function for Hamming (bit-storage) space
2020-09-14 17:36:23,629: INFO     searchMethod			  = 0
2020-09-14 17:36:23,681: INFO     Identifying guides that have a hamming distance <= 3 to all other potential guides
2020-09-14 17:36:24,065: INFO     Set HNSW query-time parameters:
2020-09-14 17:36:24,066: INFO     ef(Search)         =9
2020-09-14 17:36:24,066: INFO     algoType           =2
2020-09-14 17:36:45,323: INFO     Formatting data for BedTools
2020-09-14 17:36:45,753: INFO     Create GuideMaker Annotation object
2020-09-14 17:36:45,753: INFO     Identify genomic features
2020-09-14 17:36:45,754: INFO     check if ../../all_test_data/Escherichia.coli_str_K-12_substr_MG1655.gbk is gzipped
2020-09-14 17:36:47,166: INFO     Total number of CDS/locus in the input genome: 4357
2020-09-14 17:36:47,166: INFO     Find genomic features closest the guides
2020-09-14 17:36:50,586: INFO     Select guides that start between +100 and -100 of a feature start
2020-09-14 17:36:50,801: INFO     Select description columns
2020-09-14 17:36:50,887: INFO     Format the output
2020-09-14 17:36:51,728: INFO     creating random control guides
2020-09-14 17:36:51,799: INFO     Number of random control searched: 100
2020-09-14 17:36:51,799: INFO     Percentage of GC content in the input genome: 50.79
2020-09-14 17:36:51,799: INFO     Total length of the genome: 4.4 MB
2020-09-14 17:36:51,799: INFO     created 10 control guides with a minimum distance of 7 and a median distance of 8
2020-09-14 17:36:51,802: INFO     guidemaker completed, results are at TEST
2020-09-14 17:36:51,802: INFO     PAM sequence: NGG
2020-09-14 17:36:51,802: INFO     PAM orientation: 5prime
2020-09-14 17:36:51,802: INFO     Genome strand(s) searched: both
2020-09-14 17:36:51,802: INFO     Total PAM sites considered: 542073
2020-09-14 17:36:51,802: INFO     Guide RNA candidates found: 35979
	Command being timed: "guidemaker -i ../../all_test_data/Escherichia.coli_str_K-12_substr_MG1655.gbk --pamseq NGG --outdir TEST --pam_orientation 5prime --guidelength 20 --strand both --lcp 10 --dist 3 --before 100 --into 100 --knum 10 --controls 10 --log GuideMaker_58627555_6.log --threads 1"
	User time (seconds): 114.23
	System time (seconds): 3.69
	Percent of CPU this job got: 102%
	Elapsed (wall clock) time (h:mm:ss or m:ss): 1:55.19
	Average shared text size (kbytes): 0
	Average unshared data size (kbytes): 0
	Average stack size (kbytes): 0
	Average total size (kbytes): 0
	Maximum resident set size (kbytes): 1434096
	Average resident set size (kbytes): 0
	Major (requiring I/O) page faults: 20
	Minor (reclaiming a frame) page faults: 1438909
	Voluntary context switches: 3176
	Involuntary context switches: 145513
	Swaps: 0
	File system inputs: 117024
	File system outputs: 196808
	Socket messages sent: 0
	Socket messages received: 0
	Signals delivered: 0
	Page size (bytes): 4096
	Exit status: 0
My SLURM_ARRAY_TASK_ID:  6
My TMPDIR IS:  /tmp
Input Genome:>>>>>>>>>>>>>>>>>>>>>>>>>>>>>>>>>>>>>>>>>>>  Escherichia.coli_str_K-12_substr_MG1655.gbk
Threads used:>>>>>>>>>>>>>>>>>>>>>>>>>>>>>>>>>>>>>>>>>>>  2
GuideMaker
Your CPU supports instructions that this binary was not compiled to use: SSE4.1 SSE4.2 AVX AVX2
For maximum performance, you can install NMSLIB from sources 
pip install --no-binary :all: nmslib
2020-09-14 17:36:54,054: INFO     Temp directory is: /tmp/guidemaker_eq836e5b
2020-09-14 17:36:54,054: INFO     Writing fasta file from genbank file(s)
2020-09-14 17:36:54,055: INFO     check if ../../all_test_data/Escherichia.coli_str_K-12_substr_MG1655.gbk is gzipped
2020-09-14 17:36:54,951: INFO     Identifying PAM sites in the genome
2020-09-14 17:37:23,010: INFO     Identifing guides that are unique near the PAM site
2020-09-14 17:37:23,748: INFO     Indexing all potential guide sites: 542073. This is the longest step.
2020-09-14 17:37:26,074: INFO     M                   = 16
2020-09-14 17:37:26,074: INFO     indexThreadQty      = 2
2020-09-14 17:37:26,074: INFO     efConstruction      = 10
2020-09-14 17:37:26,074: INFO     maxM			          = 16
2020-09-14 17:37:26,074: INFO     maxM0			          = 32
2020-09-14 17:37:26,074: INFO     mult                = 0.360674
2020-09-14 17:37:26,074: INFO     skip_optimized_index= 0
2020-09-14 17:37:26,074: INFO     delaunay_type       = 2
2020-09-14 17:37:26,074: INFO     Set HNSW query-time parameters:
2020-09-14 17:37:26,075: INFO     ef(Search)         =20
2020-09-14 17:37:26,075: INFO     algoType           =2

0%   10   20   30   40   50   60   70   80   90   100%
|----|----|----|----|----|----|----|----|----|----|
***************************************************

0%   10   20   30   40   50   60   70   80   90   100%
|----|----|----|----|----|----|----|----|----|----|
****************************************************2020-09-14 17:37:58,520: INFO     No appropriate custom distance function for Hamming (bit-storage) space
2020-09-14 17:37:58,520: INFO     searchMethod			  = 0
2020-09-14 17:37:58,569: INFO     Identifying guides that have a hamming distance <= 3 to all other potential guides
2020-09-14 17:37:58,942: INFO     Set HNSW query-time parameters:
2020-09-14 17:37:58,942: INFO     ef(Search)         =9
2020-09-14 17:37:58,942: INFO     algoType           =2
2020-09-14 17:38:17,024: INFO     Formatting data for BedTools
2020-09-14 17:38:17,453: INFO     Create GuideMaker Annotation object
2020-09-14 17:38:17,453: INFO     Identify genomic features
2020-09-14 17:38:17,454: INFO     check if ../../all_test_data/Escherichia.coli_str_K-12_substr_MG1655.gbk is gzipped
2020-09-14 17:38:18,813: INFO     Total number of CDS/locus in the input genome: 4357
2020-09-14 17:38:18,813: INFO     Find genomic features closest the guides
2020-09-14 17:38:21,919: INFO     Select guides that start between +100 and -100 of a feature start
2020-09-14 17:38:22,139: INFO     Select description columns
2020-09-14 17:38:22,217: INFO     Format the output
2020-09-14 17:38:23,003: INFO     creating random control guides
2020-09-14 17:38:23,110: INFO     Number of random control searched: 100
2020-09-14 17:38:23,111: INFO     Percentage of GC content in the input genome: 50.79
2020-09-14 17:38:23,111: INFO     Total length of the genome: 4.4 MB
2020-09-14 17:38:23,111: INFO     created 10 control guides with a minimum distance of 7 and a median distance of 8
2020-09-14 17:38:23,115: INFO     guidemaker completed, results are at TEST
2020-09-14 17:38:23,115: INFO     PAM sequence: NGG
2020-09-14 17:38:23,115: INFO     PAM orientation: 5prime
2020-09-14 17:38:23,115: INFO     Genome strand(s) searched: both
2020-09-14 17:38:23,115: INFO     Total PAM sites considered: 542073
2020-09-14 17:38:23,115: INFO     Guide RNA candidates found: 35979
	Command being timed: "guidemaker -i ../../all_test_data/Escherichia.coli_str_K-12_substr_MG1655.gbk --pamseq NGG --outdir TEST --pam_orientation 5prime --guidelength 20 --strand both --lcp 10 --dist 3 --before 100 --into 100 --knum 10 --controls 10 --log GuideMaker_58627555_6.log --threads 2"
	User time (seconds): 126.54
	System time (seconds): 6.54
	Percent of CPU this job got: 145%
	Elapsed (wall clock) time (h:mm:ss or m:ss): 1:31.36
	Average shared text size (kbytes): 0
	Average unshared data size (kbytes): 0
	Average stack size (kbytes): 0
	Average total size (kbytes): 0
	Maximum resident set size (kbytes): 1593124
	Average resident set size (kbytes): 0
	Major (requiring I/O) page faults: 0
	Minor (reclaiming a frame) page faults: 3087423
	Voluntary context switches: 37999
	Involuntary context switches: 594
	Swaps: 0
	File system inputs: 0
	File system outputs: 196760
	Socket messages sent: 0
	Socket messages received: 0
	Signals delivered: 0
	Page size (bytes): 4096
	Exit status: 0
My SLURM_ARRAY_TASK_ID:  6
My TMPDIR IS:  /tmp
Input Genome:>>>>>>>>>>>>>>>>>>>>>>>>>>>>>>>>>>>>>>>>>>>  Escherichia.coli_str_K-12_substr_MG1655.gbk
Threads used:>>>>>>>>>>>>>>>>>>>>>>>>>>>>>>>>>>>>>>>>>>>  4
GuideMaker
Your CPU supports instructions that this binary was not compiled to use: SSE4.1 SSE4.2 AVX AVX2
For maximum performance, you can install NMSLIB from sources 
pip install --no-binary :all: nmslib
2020-09-14 17:38:25,403: INFO     Temp directory is: /tmp/guidemaker_wb06q0yh
2020-09-14 17:38:25,404: INFO     Writing fasta file from genbank file(s)
2020-09-14 17:38:25,404: INFO     check if ../../all_test_data/Escherichia.coli_str_K-12_substr_MG1655.gbk is gzipped
2020-09-14 17:38:26,293: INFO     Identifying PAM sites in the genome
2020-09-14 17:38:53,315: INFO     Identifing guides that are unique near the PAM site
2020-09-14 17:38:54,114: INFO     Indexing all potential guide sites: 542073. This is the longest step.
2020-09-14 17:38:56,687: INFO     M                   = 16
2020-09-14 17:38:56,687: INFO     indexThreadQty      = 4
2020-09-14 17:38:56,687: INFO     efConstruction      = 10
2020-09-14 17:38:56,687: INFO     maxM			          = 16
2020-09-14 17:38:56,687: INFO     maxM0			          = 32
2020-09-14 17:38:56,687: INFO     mult                = 0.360674
2020-09-14 17:38:56,688: INFO     skip_optimized_index= 0
2020-09-14 17:38:56,688: INFO     delaunay_type       = 2
2020-09-14 17:38:56,688: INFO     Set HNSW query-time parameters:
2020-09-14 17:38:56,688: INFO     ef(Search)         =20
2020-09-14 17:38:56,688: INFO     algoType           =2

0%   10   20   30   40   50   60   70   80   90   100%
|----|----|----|----|----|----|----|----|----|----|
***************************************************

0%   10   20   30   40   50   60   70   80   90   100%
|----|----|----|----|----|----|----|----|----|----|
****************************************************2020-09-14 17:39:13,590: INFO     No appropriate custom distance function for Hamming (bit-storage) space
2020-09-14 17:39:13,590: INFO     searchMethod			  = 0
2020-09-14 17:39:13,639: INFO     Identifying guides that have a hamming distance <= 3 to all other potential guides
2020-09-14 17:39:14,010: INFO     Set HNSW query-time parameters:
2020-09-14 17:39:14,010: INFO     ef(Search)         =9
2020-09-14 17:39:14,010: INFO     algoType           =2
2020-09-14 17:39:27,226: INFO     Formatting data for BedTools
2020-09-14 17:39:27,653: INFO     Create GuideMaker Annotation object
2020-09-14 17:39:27,653: INFO     Identify genomic features
2020-09-14 17:39:27,654: INFO     check if ../../all_test_data/Escherichia.coli_str_K-12_substr_MG1655.gbk is gzipped
2020-09-14 17:39:29,001: INFO     Total number of CDS/locus in the input genome: 4357
2020-09-14 17:39:29,001: INFO     Find genomic features closest the guides
2020-09-14 17:39:32,063: INFO     Select guides that start between +100 and -100 of a feature start
2020-09-14 17:39:32,250: INFO     Select description columns
2020-09-14 17:39:32,326: INFO     Format the output
2020-09-14 17:39:33,106: INFO     creating random control guides
2020-09-14 17:39:33,213: INFO     Number of random control searched: 100
2020-09-14 17:39:33,213: INFO     Percentage of GC content in the input genome: 50.79
2020-09-14 17:39:33,213: INFO     Total length of the genome: 4.4 MB
2020-09-14 17:39:33,213: INFO     created 10 control guides with a minimum distance of 7 and a median distance of 8
2020-09-14 17:39:33,217: INFO     guidemaker completed, results are at TEST
2020-09-14 17:39:33,217: INFO     PAM sequence: NGG
2020-09-14 17:39:33,217: INFO     PAM orientation: 5prime
2020-09-14 17:39:33,217: INFO     Genome strand(s) searched: both
2020-09-14 17:39:33,218: INFO     Total PAM sites considered: 542073
2020-09-14 17:39:33,218: INFO     Guide RNA candidates found: 35966
	Command being timed: "guidemaker -i ../../all_test_data/Escherichia.coli_str_K-12_substr_MG1655.gbk --pamseq NGG --outdir TEST --pam_orientation 5prime --guidelength 20 --strand both --lcp 10 --dist 3 --before 100 --into 100 --knum 10 --controls 10 --log GuideMaker_58627555_6.log --threads 4"
	User time (seconds): 126.50
	System time (seconds): 6.06
	Percent of CPU this job got: 189%
	Elapsed (wall clock) time (h:mm:ss or m:ss): 1:10.09
	Average shared text size (kbytes): 0
	Average unshared data size (kbytes): 0
	Average stack size (kbytes): 0
	Average total size (kbytes): 0
	Maximum resident set size (kbytes): 1594672
	Average resident set size (kbytes): 0
	Major (requiring I/O) page faults: 0
	Minor (reclaiming a frame) page faults: 2346637
	Voluntary context switches: 78091
	Involuntary context switches: 487
	Swaps: 0
	File system inputs: 0
	File system outputs: 196728
	Socket messages sent: 0
	Socket messages received: 0
	Signals delivered: 0
	Page size (bytes): 4096
	Exit status: 0
My SLURM_ARRAY_TASK_ID:  6
My TMPDIR IS:  /tmp
Input Genome:>>>>>>>>>>>>>>>>>>>>>>>>>>>>>>>>>>>>>>>>>>>  Escherichia.coli_str_K-12_substr_MG1655.gbk
Threads used:>>>>>>>>>>>>>>>>>>>>>>>>>>>>>>>>>>>>>>>>>>>  8
GuideMaker
Your CPU supports instructions that this binary was not compiled to use: SSE4.1 SSE4.2 AVX AVX2
For maximum performance, you can install NMSLIB from sources 
pip install --no-binary :all: nmslib
2020-09-14 17:39:35,520: INFO     Temp directory is: /tmp/guidemaker_vhibjry3
2020-09-14 17:39:35,520: INFO     Writing fasta file from genbank file(s)
2020-09-14 17:39:35,520: INFO     check if ../../all_test_data/Escherichia.coli_str_K-12_substr_MG1655.gbk is gzipped
2020-09-14 17:39:36,419: INFO     Identifying PAM sites in the genome
2020-09-14 17:40:03,532: INFO     Identifing guides that are unique near the PAM site
2020-09-14 17:40:04,279: INFO     Indexing all potential guide sites: 542073. This is the longest step.
2020-09-14 17:40:06,664: INFO     M                   = 16
2020-09-14 17:40:06,664: INFO     indexThreadQty      = 8
2020-09-14 17:40:06,665: INFO     efConstruction      = 10
2020-09-14 17:40:06,665: INFO     maxM			          = 16
2020-09-14 17:40:06,665: INFO     maxM0			          = 32
2020-09-14 17:40:06,665: INFO     mult                = 0.360674
2020-09-14 17:40:06,665: INFO     skip_optimized_index= 0
2020-09-14 17:40:06,665: INFO     delaunay_type       = 2
2020-09-14 17:40:06,665: INFO     Set HNSW query-time parameters:
2020-09-14 17:40:06,665: INFO     ef(Search)         =20
2020-09-14 17:40:06,665: INFO     algoType           =2

0%   10   20   30   40   50   60   70   80   90   100%
|----|----|----|----|----|----|----|----|----|----|
***************************************************

0%   10   20   30   40   50   60   70   80   90   100%
|----|----|----|----|----|----|----|----|----|----|
****************************************************2020-09-14 17:40:16,083: INFO     No appropriate custom distance function for Hamming (bit-storage) space
2020-09-14 17:40:16,083: INFO     searchMethod			  = 0
2020-09-14 17:40:16,130: INFO     Identifying guides that have a hamming distance <= 3 to all other potential guides
2020-09-14 17:40:16,513: INFO     Set HNSW query-time parameters:
2020-09-14 17:40:16,514: INFO     ef(Search)         =9
2020-09-14 17:40:16,514: INFO     algoType           =2
2020-09-14 17:40:28,067: INFO     Formatting data for BedTools
2020-09-14 17:40:28,498: INFO     Create GuideMaker Annotation object
2020-09-14 17:40:28,498: INFO     Identify genomic features
2020-09-14 17:40:28,499: INFO     check if ../../all_test_data/Escherichia.coli_str_K-12_substr_MG1655.gbk is gzipped
2020-09-14 17:40:29,832: INFO     Total number of CDS/locus in the input genome: 4357
2020-09-14 17:40:29,832: INFO     Find genomic features closest the guides
2020-09-14 17:40:32,918: INFO     Select guides that start between +100 and -100 of a feature start
2020-09-14 17:40:33,113: INFO     Select description columns
2020-09-14 17:40:33,189: INFO     Format the output
2020-09-14 17:40:33,990: INFO     creating random control guides
2020-09-14 17:40:34,073: INFO     Number of random control searched: 100
2020-09-14 17:40:34,073: INFO     Percentage of GC content in the input genome: 50.79
2020-09-14 17:40:34,073: INFO     Total length of the genome: 4.4 MB
2020-09-14 17:40:34,073: INFO     created 10 control guides with a minimum distance of 7 and a median distance of 7
2020-09-14 17:40:34,076: INFO     guidemaker completed, results are at TEST
2020-09-14 17:40:34,076: INFO     PAM sequence: NGG
2020-09-14 17:40:34,076: INFO     PAM orientation: 5prime
2020-09-14 17:40:34,076: INFO     Genome strand(s) searched: both
2020-09-14 17:40:34,076: INFO     Total PAM sites considered: 542073
2020-09-14 17:40:34,076: INFO     Guide RNA candidates found: 35969
	Command being timed: "guidemaker -i ../../all_test_data/Escherichia.coli_str_K-12_substr_MG1655.gbk --pamseq NGG --outdir TEST --pam_orientation 5prime --guidelength 20 --strand both --lcp 10 --dist 3 --before 100 --into 100 --knum 10 --controls 10 --log GuideMaker_58627555_6.log --threads 8"
	User time (seconds): 133.89
	System time (seconds): 6.03
	Percent of CPU this job got: 229%
	Elapsed (wall clock) time (h:mm:ss or m:ss): 1:00.84
	Average shared text size (kbytes): 0
	Average unshared data size (kbytes): 0
	Average stack size (kbytes): 0
	Average total size (kbytes): 0
	Maximum resident set size (kbytes): 1600296
	Average resident set size (kbytes): 0
	Major (requiring I/O) page faults: 0
	Minor (reclaiming a frame) page faults: 1844336
	Voluntary context switches: 134787
	Involuntary context switches: 539
	Swaps: 0
	File system inputs: 56
	File system outputs: 196720
	Socket messages sent: 0
	Socket messages received: 0
	Signals delivered: 0
	Page size (bytes): 4096
	Exit status: 0
My SLURM_ARRAY_TASK_ID:  6
My TMPDIR IS:  /tmp
Input Genome:>>>>>>>>>>>>>>>>>>>>>>>>>>>>>>>>>>>>>>>>>>>  Escherichia.coli_str_K-12_substr_MG1655.gbk
Threads used:>>>>>>>>>>>>>>>>>>>>>>>>>>>>>>>>>>>>>>>>>>>  16
GuideMaker
Your CPU supports instructions that this binary was not compiled to use: SSE4.1 SSE4.2 AVX AVX2
For maximum performance, you can install NMSLIB from sources 
pip install --no-binary :all: nmslib
2020-09-14 17:40:36,342: INFO     Temp directory is: /tmp/guidemaker_gdmqzkda
2020-09-14 17:40:36,342: INFO     Writing fasta file from genbank file(s)
2020-09-14 17:40:36,342: INFO     check if ../../all_test_data/Escherichia.coli_str_K-12_substr_MG1655.gbk is gzipped
2020-09-14 17:40:37,243: INFO     Identifying PAM sites in the genome
2020-09-14 17:41:03,945: INFO     Identifing guides that are unique near the PAM site
2020-09-14 17:41:04,695: INFO     Indexing all potential guide sites: 542073. This is the longest step.
2020-09-14 17:41:07,013: INFO     M                   = 16
2020-09-14 17:41:07,013: INFO     indexThreadQty      = 16
2020-09-14 17:41:07,013: INFO     efConstruction      = 10
2020-09-14 17:41:07,013: INFO     maxM			          = 16
2020-09-14 17:41:07,013: INFO     maxM0			          = 32
2020-09-14 17:41:07,013: INFO     mult                = 0.360674
2020-09-14 17:41:07,013: INFO     skip_optimized_index= 0
2020-09-14 17:41:07,013: INFO     delaunay_type       = 2
2020-09-14 17:41:07,013: INFO     Set HNSW query-time parameters:
2020-09-14 17:41:07,014: INFO     ef(Search)         =20
2020-09-14 17:41:07,014: INFO     algoType           =2

0%   10   20   30   40   50   60   70   80   90   100%
|----|----|----|----|----|----|----|----|----|----|
***************************************************

0%   10   20   30   40   50   60   70   80   90   100%
|----|----|----|----|----|----|----|----|----|----|
*******************************************************2020-09-14 17:41:12,079: INFO     No appropriate custom distance function for Hamming (bit-storage) space
2020-09-14 17:41:12,079: INFO     searchMethod			  = 0
2020-09-14 17:41:12,128: INFO     Identifying guides that have a hamming distance <= 3 to all other potential guides
2020-09-14 17:41:12,480: INFO     Set HNSW query-time parameters:
2020-09-14 17:41:12,480: INFO     ef(Search)         =9
2020-09-14 17:41:12,481: INFO     algoType           =2
2020-09-14 17:41:23,487: INFO     Formatting data for BedTools
2020-09-14 17:41:23,919: INFO     Create GuideMaker Annotation object
2020-09-14 17:41:23,920: INFO     Identify genomic features
2020-09-14 17:41:23,920: INFO     check if ../../all_test_data/Escherichia.coli_str_K-12_substr_MG1655.gbk is gzipped
2020-09-14 17:41:25,276: INFO     Total number of CDS/locus in the input genome: 4357
2020-09-14 17:41:25,277: INFO     Find genomic features closest the guides
2020-09-14 17:41:28,350: INFO     Select guides that start between +100 and -100 of a feature start
2020-09-14 17:41:28,539: INFO     Select description columns
2020-09-14 17:41:28,618: INFO     Format the output
2020-09-14 17:41:29,410: INFO     creating random control guides
2020-09-14 17:41:29,495: INFO     Number of random control searched: 100
2020-09-14 17:41:29,495: INFO     Percentage of GC content in the input genome: 50.79
2020-09-14 17:41:29,495: INFO     Total length of the genome: 4.4 MB
2020-09-14 17:41:29,495: INFO     created 10 control guides with a minimum distance of 7 and a median distance of 7
2020-09-14 17:41:29,498: INFO     guidemaker completed, results are at TEST
2020-09-14 17:41:29,498: INFO     PAM sequence: NGG
2020-09-14 17:41:29,498: INFO     PAM orientation: 5prime
2020-09-14 17:41:29,498: INFO     Genome strand(s) searched: both
2020-09-14 17:41:29,498: INFO     Total PAM sites considered: 542073
2020-09-14 17:41:29,498: INFO     Guide RNA candidates found: 35976
	Command being timed: "guidemaker -i ../../all_test_data/Escherichia.coli_str_K-12_substr_MG1655.gbk --pamseq NGG --outdir TEST --pam_orientation 5prime --guidelength 20 --strand both --lcp 10 --dist 3 --before 100 --into 100 --knum 10 --controls 10 --log GuideMaker_58627555_6.log --threads 16"
	User time (seconds): 137.12
	System time (seconds): 6.93
	Percent of CPU this job got: 259%
	Elapsed (wall clock) time (h:mm:ss or m:ss): 0:55.43
	Average shared text size (kbytes): 0
	Average unshared data size (kbytes): 0
	Average stack size (kbytes): 0
	Average total size (kbytes): 0
	Maximum resident set size (kbytes): 1607476
	Average resident set size (kbytes): 0
	Major (requiring I/O) page faults: 0
	Minor (reclaiming a frame) page faults: 1523279
	Voluntary context switches: 269578
	Involuntary context switches: 537
	Swaps: 0
	File system inputs: 0
	File system outputs: 196744
	Socket messages sent: 0
	Socket messages received: 0
	Signals delivered: 0
	Page size (bytes): 4096
	Exit status: 0
My SLURM_ARRAY_TASK_ID:  6
My TMPDIR IS:  /tmp
Input Genome:>>>>>>>>>>>>>>>>>>>>>>>>>>>>>>>>>>>>>>>>>>>  Escherichia.coli_str_K-12_substr_MG1655.gbk
Threads used:>>>>>>>>>>>>>>>>>>>>>>>>>>>>>>>>>>>>>>>>>>>  32
GuideMaker
Your CPU supports instructions that this binary was not compiled to use: SSE4.1 SSE4.2 AVX AVX2
For maximum performance, you can install NMSLIB from sources 
pip install --no-binary :all: nmslib
2020-09-14 17:41:31,482: INFO     Temp directory is: /tmp/guidemaker_itjqa5xu
2020-09-14 17:41:31,482: INFO     Writing fasta file from genbank file(s)
2020-09-14 17:41:31,482: INFO     check if ../../all_test_data/Escherichia.coli_str_K-12_substr_MG1655.gbk is gzipped
2020-09-14 17:41:32,391: INFO     Identifying PAM sites in the genome
2020-09-14 17:41:58,924: INFO     Identifing guides that are unique near the PAM site
2020-09-14 17:41:59,675: INFO     Indexing all potential guide sites: 542073. This is the longest step.
2020-09-14 17:42:01,977: INFO     M                   = 16
2020-09-14 17:42:01,977: INFO     indexThreadQty      = 32
2020-09-14 17:42:01,977: INFO     efConstruction      = 10
2020-09-14 17:42:01,977: INFO     maxM			          = 16
2020-09-14 17:42:01,977: INFO     maxM0			          = 32
2020-09-14 17:42:01,977: INFO     mult                = 0.360674
2020-09-14 17:42:01,978: INFO     skip_optimized_index= 0
2020-09-14 17:42:01,978: INFO     delaunay_type       = 2
2020-09-14 17:42:01,978: INFO     Set HNSW query-time parameters:
2020-09-14 17:42:01,978: INFO     ef(Search)         =20
2020-09-14 17:42:01,978: INFO     algoType           =2

0%   10   20   30   40   50   60   70   80   90   100%
|----|----|----|----|----|----|----|----|----|----|
***************************************************

0%   10   20   30   40   50   60   70   80   90   100%
|----|----|----|----|----|----|----|----|----|----|
*******************************************************2020-09-14 17:42:05,121: INFO     No appropriate custom distance function for Hamming (bit-storage) space
2020-09-14 17:42:05,122: INFO     searchMethod			  = 0
2020-09-14 17:42:05,167: INFO     Identifying guides that have a hamming distance <= 3 to all other potential guides
2020-09-14 17:42:05,507: INFO     Set HNSW query-time parameters:
2020-09-14 17:42:05,507: INFO     ef(Search)         =9
2020-09-14 17:42:05,507: INFO     algoType           =2
2020-09-14 17:42:18,004: INFO     Formatting data for BedTools
2020-09-14 17:42:18,438: INFO     Create GuideMaker Annotation object
2020-09-14 17:42:18,439: INFO     Identify genomic features
2020-09-14 17:42:18,439: INFO     check if ../../all_test_data/Escherichia.coli_str_K-12_substr_MG1655.gbk is gzipped
2020-09-14 17:42:19,825: INFO     Total number of CDS/locus in the input genome: 4357
2020-09-14 17:42:19,825: INFO     Find genomic features closest the guides
2020-09-14 17:42:22,922: INFO     Select guides that start between +100 and -100 of a feature start
2020-09-14 17:42:23,116: INFO     Select description columns
2020-09-14 17:42:23,196: INFO     Format the output
2020-09-14 17:42:24,025: INFO     creating random control guides
2020-09-14 17:42:24,137: INFO     Number of random control searched: 100
2020-09-14 17:42:24,137: INFO     Percentage of GC content in the input genome: 50.79
2020-09-14 17:42:24,137: INFO     Total length of the genome: 4.4 MB
2020-09-14 17:42:24,137: INFO     created 10 control guides with a minimum distance of 7 and a median distance of 7
2020-09-14 17:42:24,140: INFO     guidemaker completed, results are at TEST
2020-09-14 17:42:24,140: INFO     PAM sequence: NGG
2020-09-14 17:42:24,140: INFO     PAM orientation: 5prime
2020-09-14 17:42:24,140: INFO     Genome strand(s) searched: both
2020-09-14 17:42:24,140: INFO     Total PAM sites considered: 542073
2020-09-14 17:42:24,140: INFO     Guide RNA candidates found: 35977
	Command being timed: "guidemaker -i ../../all_test_data/Escherichia.coli_str_K-12_substr_MG1655.gbk --pamseq NGG --outdir TEST --pam_orientation 5prime --guidelength 20 --strand both --lcp 10 --dist 3 --before 100 --into 100 --knum 10 --controls 10 --log GuideMaker_58627555_6.log --threads 32"
	User time (seconds): 144.66
	System time (seconds): 10.04
	Percent of CPU this job got: 283%
	Elapsed (wall clock) time (h:mm:ss or m:ss): 0:54.64
	Average shared text size (kbytes): 0
	Average unshared data size (kbytes): 0
	Average stack size (kbytes): 0
	Average total size (kbytes): 0
	Maximum resident set size (kbytes): 1616496
	Average resident set size (kbytes): 0
	Major (requiring I/O) page faults: 0
	Minor (reclaiming a frame) page faults: 1331806
	Voluntary context switches: 662376
	Involuntary context switches: 1108100
	Swaps: 0
	File system inputs: 56
	File system outputs: 196720
	Socket messages sent: 0
	Socket messages received: 0
	Signals delivered: 0
	Page size (bytes): 4096
	Exit status: 0
