Thu Feb  4 18:45:02 EST 2021
c27b-s24.ufhpc
/blue/garrett/rp3448/analysis/guidemaker/nonAVXGuidemaker

     active environment : NONAVX2
    active env location : /home/rp3448/.conda/envs/NONAVX2
            shell level : 3
       user config file : /home/rp3448/.condarc
 populated config files : /home/rp3448/.condarc
          conda version : 4.9.2
    conda-build version : not installed
         python version : 3.9.1.final.0
       virtual packages : __glibc=2.17=0
                          __unix=0=0
                          __archspec=1=x86_64
       base environment : /apps/conda/4.9.2  (read only)
           channel URLs : https://conda.anaconda.org/biobakery/linux-64
                          https://conda.anaconda.org/biobakery/noarch
                          https://conda.anaconda.org/conda-forge/linux-64
                          https://conda.anaconda.org/conda-forge/noarch
                          https://conda.anaconda.org/bioconda/linux-64
                          https://conda.anaconda.org/bioconda/noarch
                          https://repo.anaconda.com/pkgs/main/linux-64
                          https://repo.anaconda.com/pkgs/main/noarch
                          https://repo.anaconda.com/pkgs/r/linux-64
                          https://repo.anaconda.com/pkgs/r/noarch
          package cache : /apps/conda/4.9.2/pkgs
                          /home/rp3448/.conda/pkgs
       envs directories : /home/rp3448/.conda/envs
                          /apps/conda/4.9.2/envs
               platform : linux-64
             user-agent : conda/4.9.2 requests/2.25.1 CPython/3.9.1 Linux/3.10.0-1062.18.1.el7.x86_64 rhel/7.7 glibc/2.17
                UID:GID : 6472:3511
             netrc file : None
           offline mode : False

My SLURM_ARRAY_TASK_ID:  2
My TMPDIR IS:  /scratch/local/63829189
Input Genome:>>>>>>>>>>>>>>>>>>>>>>>>>>>>>>>>>>>>>>>>>>>  Burkholderia_thailandensis_E264_ATCC_700388_133.gbk
Input PAM:>>>>>>>>>>>>>>>>>>>>>>>>>>>>>>>>>>>>>>>>>>>  NGG
Threads used:>>>>>>>>>>>>>>>>>>>>>>>>>>>>>>>>>>>>>>>>>>>  1
GuideMaker
Your CPU supports instructions that this binary was not compiled to use: SSE4.1 SSE4.2 AVX AVX2
For maximum performance, you can install NMSLIB from sources 
pip install --no-binary :all: nmslib
2021-02-04 18:45:07,420: INFO     Temp directory is: /scratch/local/63829189/guidemaker_gw6par2w
2021-02-04 18:45:07,420: INFO     Writing fasta file from genbank file(s)
2021-02-04 18:45:07,421: INFO     check if ../all_test_data/Burkholderia_thailandensis_E264_ATCC_700388_133.gbk is gzipped
2021-02-04 18:45:08,214: INFO     Identifying PAM sites in the genome
2021-02-04 18:45:30,414: INFO     Checking guides for restriction enzymes
2021-02-04 18:45:30,688: INFO     Number of guides removed after checking for restriction enzymes: 0
2021-02-04 18:45:30,689: INFO     Identifing guides that are unique near the PAM site
2021-02-04 18:45:32,291: INFO     Number of guides removed after checking for unique PAM: 592066
2021-02-04 18:45:32,291: INFO     Indexing all potential guide sites: 923228. This is the longest step.
2021-02-04 18:45:36,262: INFO     M                   = 16
2021-02-04 18:45:36,262: INFO     indexThreadQty      = 1
2021-02-04 18:45:36,262: INFO     efConstruction      = 10
2021-02-04 18:45:36,262: INFO     maxM			          = 16
2021-02-04 18:45:36,262: INFO     maxM0			          = 32
2021-02-04 18:45:36,262: INFO     mult                = 0.360674
2021-02-04 18:45:36,262: INFO     skip_optimized_index= 0
2021-02-04 18:45:36,262: INFO     delaunay_type       = 2
2021-02-04 18:45:36,262: INFO     Set HNSW query-time parameters:
2021-02-04 18:45:36,262: INFO     ef(Search)         =20
2021-02-04 18:45:36,262: INFO     algoType           =2

0%   10   20   30   40   50   60   70   80   90   100%
|----|----|----|----|----|----|----|----|----|----|
***************************************************

0%   10   20   30   40   50   60   70   80   90   100%
|----|----|----|----|----|----|----|----|----|----|
***************************************************
*2021-02-04 18:47:28,368: INFO     No appropriate custom distance function for Hamming (bit-storage) space
2021-02-04 18:47:28,369: INFO     searchMethod			  = 0
2021-02-04 18:47:28,444: INFO     Identifying guides that have a hamming distance <= 3 to all other potential guides
2021-02-04 18:47:28,956: INFO     Set HNSW query-time parameters:
2021-02-04 18:47:28,956: INFO     ef(Search)         =9
2021-02-04 18:47:28,957: INFO     algoType           =2
2021-02-04 18:48:02,529: INFO     Formatting data for BedTools
2021-02-04 18:48:03,193: INFO     Create GuideMaker Annotation object
2021-02-04 18:48:03,193: INFO     Identify genomic features
2021-02-04 18:48:03,193: INFO     check if ../all_test_data/Burkholderia_thailandensis_E264_ATCC_700388_133.gbk is gzipped
2021-02-04 18:48:03,920: INFO     Total number of CDS/locus in the input genome: 5633
2021-02-04 18:48:03,920: INFO     Find genomic features closest the guides
2021-02-04 18:48:08,278: INFO     Select guides that start between +500 and -500 of a feature start
2021-02-04 18:48:08,727: INFO     Select description columns
2021-02-04 18:48:08,777: INFO     Format the output
2021-02-04 18:48:11,326: INFO     Number of Guides within a gene coordinates i.e. zero Feature distance: 125152
2021-02-04 18:48:13,388: INFO     creating random control guides
2021-02-04 18:48:13,493: INFO     Number of random control searched: 100
2021-02-04 18:48:13,493: INFO     Percentage of GC content in the input genome: 67.63
2021-02-04 18:48:13,494: INFO     Total length of the genome: 6.4 MB
2021-02-04 18:48:13,494: INFO     created 10 control guides with a minimum distance of 7 and a median distance of 7
2021-02-04 18:48:13,496: INFO     guidemaker completed, results are at TEST
2021-02-04 18:48:13,496: INFO     PAM sequence: NGG
2021-02-04 18:48:13,497: INFO     PAM orientation: 3prime
2021-02-04 18:48:13,497: INFO     Genome strand(s) searched: both
2021-02-04 18:48:13,497: INFO     Total PAM sites considered: 923228
2021-02-04 18:48:13,497: INFO     Guide RNA candidates found: 233920
	Command being timed: "guidemaker -i ../all_test_data/Burkholderia_thailandensis_E264_ATCC_700388_133.gbk --pamseq NGG --outdir TEST --pam_orientation 3prime --guidelength 20 --strand both --lcp 11 --dist 3 --before 500 --into 500 --knum 10 --controls 10 --log GM_63829189_2.log --threads 1"
	User time (seconds): 187.35
	System time (seconds): 4.42
	Percent of CPU this job got: 101%
	Elapsed (wall clock) time (h:mm:ss or m:ss): 3:08.75
	Average shared text size (kbytes): 0
	Average unshared data size (kbytes): 0
	Average stack size (kbytes): 0
	Average total size (kbytes): 0
	Maximum resident set size (kbytes): 2153096
	Average resident set size (kbytes): 0
	Major (requiring I/O) page faults: 0
	Minor (reclaiming a frame) page faults: 2240346
	Voluntary context switches: 3125
	Involuntary context switches: 412
	Swaps: 0
	File system inputs: 27400
	File system outputs: 429640
	Socket messages sent: 0
	Socket messages received: 0
	Signals delivered: 0
	Page size (bytes): 4096
	Exit status: 0
My SLURM_ARRAY_TASK_ID:  2
My TMPDIR IS:  /scratch/local/63829189
Input Genome:>>>>>>>>>>>>>>>>>>>>>>>>>>>>>>>>>>>>>>>>>>>  Burkholderia_thailandensis_E264_ATCC_700388_133.gbk
Input PAM:>>>>>>>>>>>>>>>>>>>>>>>>>>>>>>>>>>>>>>>>>>>  NGG
Threads used:>>>>>>>>>>>>>>>>>>>>>>>>>>>>>>>>>>>>>>>>>>>  2
GuideMaker
Your CPU supports instructions that this binary was not compiled to use: SSE4.1 SSE4.2 AVX AVX2
For maximum performance, you can install NMSLIB from sources 
pip install --no-binary :all: nmslib
2021-02-04 18:48:16,215: INFO     Temp directory is: /scratch/local/63829189/guidemaker_r4itah7p
2021-02-04 18:48:16,215: INFO     Writing fasta file from genbank file(s)
2021-02-04 18:48:16,215: INFO     check if ../all_test_data/Burkholderia_thailandensis_E264_ATCC_700388_133.gbk is gzipped
2021-02-04 18:48:16,943: INFO     Identifying PAM sites in the genome
2021-02-04 18:48:39,700: INFO     Checking guides for restriction enzymes
2021-02-04 18:48:39,959: INFO     Number of guides removed after checking for restriction enzymes: 0
2021-02-04 18:48:39,959: INFO     Identifing guides that are unique near the PAM site
2021-02-04 18:48:41,503: INFO     Number of guides removed after checking for unique PAM: 592066
2021-02-04 18:48:41,504: INFO     Indexing all potential guide sites: 923228. This is the longest step.
2021-02-04 18:48:45,340: INFO     M                   = 16
2021-02-04 18:48:45,341: INFO     indexThreadQty      = 2
2021-02-04 18:48:45,341: INFO     efConstruction      = 10
2021-02-04 18:48:45,341: INFO     maxM			          = 16
2021-02-04 18:48:45,341: INFO     maxM0			          = 32
2021-02-04 18:48:45,341: INFO     mult                = 0.360674
2021-02-04 18:48:45,341: INFO     skip_optimized_index= 0
2021-02-04 18:48:45,341: INFO     delaunay_type       = 2
2021-02-04 18:48:45,341: INFO     Set HNSW query-time parameters:
2021-02-04 18:48:45,341: INFO     ef(Search)         =20
2021-02-04 18:48:45,341: INFO     algoType           =2

0%   10   20   30   40   50   60   70   80   90   100%
|----|----|----|----|----|----|----|----|----|----|
***************************************************

0%   10   20   30   40   50   60   70   80   90   100%
|----|----|----|----|----|----|----|----|----|----|
****************************************************2021-02-04 18:49:54,301: INFO     No appropriate custom distance function for Hamming (bit-storage) space
2021-02-04 18:49:54,302: INFO     searchMethod			  = 0
2021-02-04 18:49:54,381: INFO     Identifying guides that have a hamming distance <= 3 to all other potential guides
2021-02-04 18:49:54,896: INFO     Set HNSW query-time parameters:
2021-02-04 18:49:54,897: INFO     ef(Search)         =9
2021-02-04 18:49:54,897: INFO     algoType           =2
2021-02-04 18:50:22,184: INFO     Formatting data for BedTools
2021-02-04 18:50:22,857: INFO     Create GuideMaker Annotation object
2021-02-04 18:50:22,857: INFO     Identify genomic features
2021-02-04 18:50:22,858: INFO     check if ../all_test_data/Burkholderia_thailandensis_E264_ATCC_700388_133.gbk is gzipped
2021-02-04 18:50:23,564: INFO     Total number of CDS/locus in the input genome: 5633
2021-02-04 18:50:23,564: INFO     Find genomic features closest the guides
2021-02-04 18:50:28,412: INFO     Select guides that start between +500 and -500 of a feature start
2021-02-04 18:50:28,932: INFO     Select description columns
2021-02-04 18:50:28,985: INFO     Format the output
2021-02-04 18:50:31,673: INFO     Number of Guides within a gene coordinates i.e. zero Feature distance: 125178
2021-02-04 18:50:33,744: INFO     creating random control guides
2021-02-04 18:50:33,906: INFO     Number of random control searched: 100
2021-02-04 18:50:33,906: INFO     Percentage of GC content in the input genome: 67.63
2021-02-04 18:50:33,906: INFO     Total length of the genome: 6.4 MB
2021-02-04 18:50:33,906: INFO     created 10 control guides with a minimum distance of 7 and a median distance of 7
2021-02-04 18:50:33,909: INFO     guidemaker completed, results are at TEST
2021-02-04 18:50:33,909: INFO     PAM sequence: NGG
2021-02-04 18:50:33,909: INFO     PAM orientation: 3prime
2021-02-04 18:50:33,909: INFO     Genome strand(s) searched: both
2021-02-04 18:50:33,909: INFO     Total PAM sites considered: 923228
2021-02-04 18:50:33,909: INFO     Guide RNA candidates found: 233934
	Command being timed: "guidemaker -i ../all_test_data/Burkholderia_thailandensis_E264_ATCC_700388_133.gbk --pamseq NGG --outdir TEST --pam_orientation 3prime --guidelength 20 --strand both --lcp 11 --dist 3 --before 500 --into 500 --knum 10 --controls 10 --log GM_63829189_2.log --threads 2"
	User time (seconds): 209.20
	System time (seconds): 13.99
	Percent of CPU this job got: 158%
	Elapsed (wall clock) time (h:mm:ss or m:ss): 2:20.62
	Average shared text size (kbytes): 0
	Average unshared data size (kbytes): 0
	Average stack size (kbytes): 0
	Average total size (kbytes): 0
	Maximum resident set size (kbytes): 2406960
	Average resident set size (kbytes): 0
	Major (requiring I/O) page faults: 0
	Minor (reclaiming a frame) page faults: 7551259
	Voluntary context switches: 59719
	Involuntary context switches: 844
	Swaps: 0
	File system inputs: 8
	File system outputs: 429568
	Socket messages sent: 0
	Socket messages received: 0
	Signals delivered: 0
	Page size (bytes): 4096
	Exit status: 0
My SLURM_ARRAY_TASK_ID:  2
My TMPDIR IS:  /scratch/local/63829189
Input Genome:>>>>>>>>>>>>>>>>>>>>>>>>>>>>>>>>>>>>>>>>>>>  Burkholderia_thailandensis_E264_ATCC_700388_133.gbk
Input PAM:>>>>>>>>>>>>>>>>>>>>>>>>>>>>>>>>>>>>>>>>>>>  NGG
Threads used:>>>>>>>>>>>>>>>>>>>>>>>>>>>>>>>>>>>>>>>>>>>  4
GuideMaker
Your CPU supports instructions that this binary was not compiled to use: SSE4.1 SSE4.2 AVX AVX2
For maximum performance, you can install NMSLIB from sources 
pip install --no-binary :all: nmslib
2021-02-04 18:50:36,801: INFO     Temp directory is: /scratch/local/63829189/guidemaker__qnb1nne
2021-02-04 18:50:36,801: INFO     Writing fasta file from genbank file(s)
2021-02-04 18:50:36,802: INFO     check if ../all_test_data/Burkholderia_thailandensis_E264_ATCC_700388_133.gbk is gzipped
2021-02-04 18:50:37,542: INFO     Identifying PAM sites in the genome
2021-02-04 18:51:00,337: INFO     Checking guides for restriction enzymes
2021-02-04 18:51:00,616: INFO     Number of guides removed after checking for restriction enzymes: 0
2021-02-04 18:51:00,616: INFO     Identifing guides that are unique near the PAM site
2021-02-04 18:51:02,200: INFO     Number of guides removed after checking for unique PAM: 592066
2021-02-04 18:51:02,201: INFO     Indexing all potential guide sites: 923228. This is the longest step.
2021-02-04 18:51:06,019: INFO     M                   = 16
2021-02-04 18:51:06,019: INFO     indexThreadQty      = 4
2021-02-04 18:51:06,020: INFO     efConstruction      = 10
2021-02-04 18:51:06,020: INFO     maxM			          = 16
2021-02-04 18:51:06,020: INFO     maxM0			          = 32
2021-02-04 18:51:06,020: INFO     mult                = 0.360674
2021-02-04 18:51:06,020: INFO     skip_optimized_index= 0
2021-02-04 18:51:06,020: INFO     delaunay_type       = 2
2021-02-04 18:51:06,020: INFO     Set HNSW query-time parameters:
2021-02-04 18:51:06,020: INFO     ef(Search)         =20
2021-02-04 18:51:06,020: INFO     algoType           =2

0%   10   20   30   40   50   60   70   80   90   100%
|----|----|----|----|----|----|----|----|----|----|
***************************************************

0%   10   20   30   40   50   60   70   80   90   100%
|----|----|----|----|----|----|----|----|----|----|
****************************************************2021-02-04 18:51:41,413: INFO     No appropriate custom distance function for Hamming (bit-storage) space
2021-02-04 18:51:41,414: INFO     searchMethod			  = 0
2021-02-04 18:51:41,496: INFO     Identifying guides that have a hamming distance <= 3 to all other potential guides
2021-02-04 18:51:42,059: INFO     Set HNSW query-time parameters:
2021-02-04 18:51:42,059: INFO     ef(Search)         =9
2021-02-04 18:51:42,059: INFO     algoType           =2
2021-02-04 18:52:03,106: INFO     Formatting data for BedTools
2021-02-04 18:52:03,781: INFO     Create GuideMaker Annotation object
2021-02-04 18:52:03,782: INFO     Identify genomic features
2021-02-04 18:52:03,782: INFO     check if ../all_test_data/Burkholderia_thailandensis_E264_ATCC_700388_133.gbk is gzipped
2021-02-04 18:52:04,500: INFO     Total number of CDS/locus in the input genome: 5633
2021-02-04 18:52:04,501: INFO     Find genomic features closest the guides
2021-02-04 18:52:09,017: INFO     Select guides that start between +500 and -500 of a feature start
2021-02-04 18:52:09,455: INFO     Select description columns
2021-02-04 18:52:09,505: INFO     Format the output
2021-02-04 18:52:12,059: INFO     Number of Guides within a gene coordinates i.e. zero Feature distance: 125165
2021-02-04 18:52:14,123: INFO     creating random control guides
2021-02-04 18:52:14,260: INFO     Number of random control searched: 100
2021-02-04 18:52:14,260: INFO     Percentage of GC content in the input genome: 67.63
2021-02-04 18:52:14,260: INFO     Total length of the genome: 6.4 MB
2021-02-04 18:52:14,260: INFO     created 10 control guides with a minimum distance of 7 and a median distance of 7
2021-02-04 18:52:14,263: INFO     guidemaker completed, results are at TEST
2021-02-04 18:52:14,263: INFO     PAM sequence: NGG
2021-02-04 18:52:14,263: INFO     PAM orientation: 3prime
2021-02-04 18:52:14,263: INFO     Genome strand(s) searched: both
2021-02-04 18:52:14,263: INFO     Total PAM sites considered: 923228
2021-02-04 18:52:14,263: INFO     Guide RNA candidates found: 233927
	Command being timed: "guidemaker -i ../all_test_data/Burkholderia_thailandensis_E264_ATCC_700388_133.gbk --pamseq NGG --outdir TEST --pam_orientation 3prime --guidelength 20 --strand both --lcp 11 --dist 3 --before 500 --into 500 --knum 10 --controls 10 --log GM_63829189_2.log --threads 4"
	User time (seconds): 213.67
	System time (seconds): 10.70
	Percent of CPU this job got: 223%
	Elapsed (wall clock) time (h:mm:ss or m:ss): 1:40.36
	Average shared text size (kbytes): 0
	Average unshared data size (kbytes): 0
	Average stack size (kbytes): 0
	Average total size (kbytes): 0
	Maximum resident set size (kbytes): 2412244
	Average resident set size (kbytes): 0
	Major (requiring I/O) page faults: 0
	Minor (reclaiming a frame) page faults: 5072547
	Voluntary context switches: 113266
	Involuntary context switches: 145528
	Swaps: 0
	File system inputs: 0
	File system outputs: 429520
	Socket messages sent: 0
	Socket messages received: 0
	Signals delivered: 0
	Page size (bytes): 4096
	Exit status: 0
My SLURM_ARRAY_TASK_ID:  2
My TMPDIR IS:  /scratch/local/63829189
Input Genome:>>>>>>>>>>>>>>>>>>>>>>>>>>>>>>>>>>>>>>>>>>>  Burkholderia_thailandensis_E264_ATCC_700388_133.gbk
Input PAM:>>>>>>>>>>>>>>>>>>>>>>>>>>>>>>>>>>>>>>>>>>>  NGG
Threads used:>>>>>>>>>>>>>>>>>>>>>>>>>>>>>>>>>>>>>>>>>>>  8
GuideMaker
Your CPU supports instructions that this binary was not compiled to use: SSE4.1 SSE4.2 AVX AVX2
For maximum performance, you can install NMSLIB from sources 
pip install --no-binary :all: nmslib
2021-02-04 18:52:17,204: INFO     Temp directory is: /scratch/local/63829189/guidemaker_nzibbtj1
2021-02-04 18:52:17,204: INFO     Writing fasta file from genbank file(s)
2021-02-04 18:52:17,205: INFO     check if ../all_test_data/Burkholderia_thailandensis_E264_ATCC_700388_133.gbk is gzipped
2021-02-04 18:52:17,949: INFO     Identifying PAM sites in the genome
2021-02-04 18:52:40,221: INFO     Checking guides for restriction enzymes
2021-02-04 18:52:40,480: INFO     Number of guides removed after checking for restriction enzymes: 0
2021-02-04 18:52:40,481: INFO     Identifing guides that are unique near the PAM site
2021-02-04 18:52:42,086: INFO     Number of guides removed after checking for unique PAM: 592066
2021-02-04 18:52:42,087: INFO     Indexing all potential guide sites: 923228. This is the longest step.
2021-02-04 18:52:46,029: INFO     M                   = 16
2021-02-04 18:52:46,029: INFO     indexThreadQty      = 8
2021-02-04 18:52:46,029: INFO     efConstruction      = 10
2021-02-04 18:52:46,029: INFO     maxM			          = 16
2021-02-04 18:52:46,029: INFO     maxM0			          = 32
2021-02-04 18:52:46,030: INFO     mult                = 0.360674
2021-02-04 18:52:46,030: INFO     skip_optimized_index= 0
2021-02-04 18:52:46,030: INFO     delaunay_type       = 2
2021-02-04 18:52:46,030: INFO     Set HNSW query-time parameters:
2021-02-04 18:52:46,030: INFO     ef(Search)         =20
2021-02-04 18:52:46,030: INFO     algoType           =2

0%   10   20   30   40   50   60   70   80   90   100%
|----|----|----|----|----|----|----|----|----|----|
***************************************************

0%   10   20   30   40   50   60   70   80   90   100%
|----|----|----|----|----|----|----|----|----|----|
****************************************************2021-02-04 18:53:05,134: INFO     No appropriate custom distance function for Hamming (bit-storage) space
2021-02-04 18:53:05,134: INFO     searchMethod			  = 0
2021-02-04 18:53:05,211: INFO     Identifying guides that have a hamming distance <= 3 to all other potential guides
2021-02-04 18:53:05,766: INFO     Set HNSW query-time parameters:
2021-02-04 18:53:05,767: INFO     ef(Search)         =9
2021-02-04 18:53:05,767: INFO     algoType           =2
2021-02-04 18:53:24,000: INFO     Formatting data for BedTools
2021-02-04 18:53:24,670: INFO     Create GuideMaker Annotation object
2021-02-04 18:53:24,670: INFO     Identify genomic features
2021-02-04 18:53:24,670: INFO     check if ../all_test_data/Burkholderia_thailandensis_E264_ATCC_700388_133.gbk is gzipped
2021-02-04 18:53:25,390: INFO     Total number of CDS/locus in the input genome: 5633
2021-02-04 18:53:25,390: INFO     Find genomic features closest the guides
2021-02-04 18:53:29,868: INFO     Select guides that start between +500 and -500 of a feature start
2021-02-04 18:53:30,313: INFO     Select description columns
2021-02-04 18:53:30,363: INFO     Format the output
2021-02-04 18:53:32,929: INFO     Number of Guides within a gene coordinates i.e. zero Feature distance: 125121
2021-02-04 18:53:35,294: INFO     creating random control guides
2021-02-04 18:53:35,404: INFO     Number of random control searched: 100
2021-02-04 18:53:35,404: INFO     Percentage of GC content in the input genome: 67.63
2021-02-04 18:53:35,404: INFO     Total length of the genome: 6.4 MB
2021-02-04 18:53:35,404: INFO     created 10 control guides with a minimum distance of 7 and a median distance of 7
2021-02-04 18:53:35,406: INFO     guidemaker completed, results are at TEST
2021-02-04 18:53:35,407: INFO     PAM sequence: NGG
2021-02-04 18:53:35,407: INFO     PAM orientation: 3prime
2021-02-04 18:53:35,407: INFO     Genome strand(s) searched: both
2021-02-04 18:53:35,407: INFO     Total PAM sites considered: 923228
2021-02-04 18:53:35,407: INFO     Guide RNA candidates found: 233859
	Command being timed: "guidemaker -i ../all_test_data/Burkholderia_thailandensis_E264_ATCC_700388_133.gbk --pamseq NGG --outdir TEST --pam_orientation 3prime --guidelength 20 --strand both --lcp 11 --dist 3 --before 500 --into 500 --knum 10 --controls 10 --log GM_63829189_2.log --threads 8"
	User time (seconds): 223.11
	System time (seconds): 10.27
	Percent of CPU this job got: 287%
	Elapsed (wall clock) time (h:mm:ss or m:ss): 1:21.07
	Average shared text size (kbytes): 0
	Average unshared data size (kbytes): 0
	Average stack size (kbytes): 0
	Average total size (kbytes): 0
	Maximum resident set size (kbytes): 2421808
	Average resident set size (kbytes): 0
	Major (requiring I/O) page faults: 0
	Minor (reclaiming a frame) page faults: 3857086
	Voluntary context switches: 203986
	Involuntary context switches: 148117
	Swaps: 0
	File system inputs: 1520
	File system outputs: 429576
	Socket messages sent: 0
	Socket messages received: 0
	Signals delivered: 0
	Page size (bytes): 4096
	Exit status: 0
My SLURM_ARRAY_TASK_ID:  2
My TMPDIR IS:  /scratch/local/63829189
Input Genome:>>>>>>>>>>>>>>>>>>>>>>>>>>>>>>>>>>>>>>>>>>>  Burkholderia_thailandensis_E264_ATCC_700388_133.gbk
Input PAM:>>>>>>>>>>>>>>>>>>>>>>>>>>>>>>>>>>>>>>>>>>>  NGG
Threads used:>>>>>>>>>>>>>>>>>>>>>>>>>>>>>>>>>>>>>>>>>>>  16
GuideMaker
Your CPU supports instructions that this binary was not compiled to use: SSE4.1 SSE4.2 AVX AVX2
For maximum performance, you can install NMSLIB from sources 
pip install --no-binary :all: nmslib
2021-02-04 18:53:38,306: INFO     Temp directory is: /scratch/local/63829189/guidemaker_q7ge8p6i
2021-02-04 18:53:38,306: INFO     Writing fasta file from genbank file(s)
2021-02-04 18:53:38,307: INFO     check if ../all_test_data/Burkholderia_thailandensis_E264_ATCC_700388_133.gbk is gzipped
2021-02-04 18:53:39,042: INFO     Identifying PAM sites in the genome
2021-02-04 18:54:01,266: INFO     Checking guides for restriction enzymes
2021-02-04 18:54:01,524: INFO     Number of guides removed after checking for restriction enzymes: 0
2021-02-04 18:54:01,524: INFO     Identifing guides that are unique near the PAM site
2021-02-04 18:54:03,092: INFO     Number of guides removed after checking for unique PAM: 592066
2021-02-04 18:54:03,092: INFO     Indexing all potential guide sites: 923228. This is the longest step.
2021-02-04 18:54:06,980: INFO     M                   = 16
2021-02-04 18:54:06,981: INFO     indexThreadQty      = 16
2021-02-04 18:54:06,981: INFO     efConstruction      = 10
2021-02-04 18:54:06,981: INFO     maxM			          = 16
2021-02-04 18:54:06,981: INFO     maxM0			          = 32
2021-02-04 18:54:06,981: INFO     mult                = 0.360674
2021-02-04 18:54:06,981: INFO     skip_optimized_index= 0
2021-02-04 18:54:06,981: INFO     delaunay_type       = 2
2021-02-04 18:54:06,981: INFO     Set HNSW query-time parameters:
2021-02-04 18:54:06,981: INFO     ef(Search)         =20
2021-02-04 18:54:06,981: INFO     algoType           =2

0%   10   20   30   40   50   60   70   80   90   100%
|----|----|----|----|----|----|----|----|----|----|
***************************************************

0%   10   20   30   40   50   60   70   80   90   100%
|----|----|----|----|----|----|----|----|----|----|
*******************************************************2021-02-04 18:54:17,340: INFO     No appropriate custom distance function for Hamming (bit-storage) space
2021-02-04 18:54:17,341: INFO     searchMethod			  = 0
2021-02-04 18:54:17,418: INFO     Identifying guides that have a hamming distance <= 3 to all other potential guides
2021-02-04 18:54:17,951: INFO     Set HNSW query-time parameters:
2021-02-04 18:54:17,952: INFO     ef(Search)         =9
2021-02-04 18:54:17,952: INFO     algoType           =2
2021-02-04 18:54:34,936: INFO     Formatting data for BedTools
2021-02-04 18:54:35,614: INFO     Create GuideMaker Annotation object
2021-02-04 18:54:35,615: INFO     Identify genomic features
2021-02-04 18:54:35,615: INFO     check if ../all_test_data/Burkholderia_thailandensis_E264_ATCC_700388_133.gbk is gzipped
2021-02-04 18:54:36,342: INFO     Total number of CDS/locus in the input genome: 5633
2021-02-04 18:54:36,342: INFO     Find genomic features closest the guides
2021-02-04 18:54:41,049: INFO     Select guides that start between +500 and -500 of a feature start
2021-02-04 18:54:41,489: INFO     Select description columns
2021-02-04 18:54:41,538: INFO     Format the output
2021-02-04 18:54:44,091: INFO     Number of Guides within a gene coordinates i.e. zero Feature distance: 125150
2021-02-04 18:54:46,305: INFO     creating random control guides
2021-02-04 18:54:46,441: INFO     Number of random control searched: 100
2021-02-04 18:54:46,441: INFO     Percentage of GC content in the input genome: 67.63
2021-02-04 18:54:46,441: INFO     Total length of the genome: 6.4 MB
2021-02-04 18:54:46,441: INFO     created 10 control guides with a minimum distance of 7 and a median distance of 7
2021-02-04 18:54:46,444: INFO     guidemaker completed, results are at TEST
2021-02-04 18:54:46,444: INFO     PAM sequence: NGG
2021-02-04 18:54:46,444: INFO     PAM orientation: 3prime
2021-02-04 18:54:46,445: INFO     Genome strand(s) searched: both
2021-02-04 18:54:46,445: INFO     Total PAM sites considered: 923228
2021-02-04 18:54:46,445: INFO     Guide RNA candidates found: 233879
	Command being timed: "guidemaker -i ../all_test_data/Burkholderia_thailandensis_E264_ATCC_700388_133.gbk --pamseq NGG --outdir TEST --pam_orientation 3prime --guidelength 20 --strand both --lcp 11 --dist 3 --before 500 --into 500 --knum 10 --controls 10 --log GM_63829189_2.log --threads 16"
	User time (seconds): 232.86
	System time (seconds): 12.12
	Percent of CPU this job got: 344%
	Elapsed (wall clock) time (h:mm:ss or m:ss): 1:11.06
	Average shared text size (kbytes): 0
	Average unshared data size (kbytes): 0
	Average stack size (kbytes): 0
	Average total size (kbytes): 0
	Maximum resident set size (kbytes): 2433720
	Average resident set size (kbytes): 0
	Major (requiring I/O) page faults: 0
	Minor (reclaiming a frame) page faults: 2933027
	Voluntary context switches: 423947
	Involuntary context switches: 665
	Swaps: 0
	File system inputs: 112
	File system outputs: 429576
	Socket messages sent: 0
	Socket messages received: 0
	Signals delivered: 0
	Page size (bytes): 4096
	Exit status: 0
My SLURM_ARRAY_TASK_ID:  2
My TMPDIR IS:  /scratch/local/63829189
Input Genome:>>>>>>>>>>>>>>>>>>>>>>>>>>>>>>>>>>>>>>>>>>>  Burkholderia_thailandensis_E264_ATCC_700388_133.gbk
Input PAM:>>>>>>>>>>>>>>>>>>>>>>>>>>>>>>>>>>>>>>>>>>>  NGG
Threads used:>>>>>>>>>>>>>>>>>>>>>>>>>>>>>>>>>>>>>>>>>>>  32
GuideMaker
Your CPU supports instructions that this binary was not compiled to use: SSE4.1 SSE4.2 AVX AVX2
For maximum performance, you can install NMSLIB from sources 
pip install --no-binary :all: nmslib
2021-02-04 18:54:49,371: INFO     Temp directory is: /scratch/local/63829189/guidemaker_oxkh761x
2021-02-04 18:54:49,372: INFO     Writing fasta file from genbank file(s)
2021-02-04 18:54:49,372: INFO     check if ../all_test_data/Burkholderia_thailandensis_E264_ATCC_700388_133.gbk is gzipped
2021-02-04 18:54:50,106: INFO     Identifying PAM sites in the genome
2021-02-04 18:55:13,622: INFO     Checking guides for restriction enzymes
2021-02-04 18:55:13,881: INFO     Number of guides removed after checking for restriction enzymes: 0
2021-02-04 18:55:13,881: INFO     Identifing guides that are unique near the PAM site
2021-02-04 18:55:15,465: INFO     Number of guides removed after checking for unique PAM: 592066
2021-02-04 18:55:15,465: INFO     Indexing all potential guide sites: 923228. This is the longest step.
2021-02-04 18:55:19,292: INFO     M                   = 16
2021-02-04 18:55:19,292: INFO     indexThreadQty      = 32
2021-02-04 18:55:19,292: INFO     efConstruction      = 10
2021-02-04 18:55:19,292: INFO     maxM			          = 16
2021-02-04 18:55:19,292: INFO     maxM0			          = 32
2021-02-04 18:55:19,292: INFO     mult                = 0.360674
2021-02-04 18:55:19,292: INFO     skip_optimized_index= 0
2021-02-04 18:55:19,293: INFO     delaunay_type       = 2
2021-02-04 18:55:19,293: INFO     Set HNSW query-time parameters:
2021-02-04 18:55:19,293: INFO     ef(Search)         =20
2021-02-04 18:55:19,293: INFO     algoType           =2

0%   10   20   30   40   50   60   70   80   90   100%
|----|----|----|----|----|----|----|----|----|----|
***************************************************

0%   10   20   30   40   50   60   70   80   90   100%
|----|----|----|----|----|----|----|----|----|----|
***********************************************************2021-02-04 18:55:25,729: INFO     No appropriate custom distance function for Hamming (bit-storage) space
2021-02-04 18:55:25,729: INFO     searchMethod			  = 0
2021-02-04 18:55:25,817: INFO     Identifying guides that have a hamming distance <= 3 to all other potential guides
2021-02-04 18:55:26,360: INFO     Set HNSW query-time parameters:
2021-02-04 18:55:26,360: INFO     ef(Search)         =9
2021-02-04 18:55:26,360: INFO     algoType           =2
2021-02-04 18:55:46,259: INFO     Formatting data for BedTools
2021-02-04 18:55:46,971: INFO     Create GuideMaker Annotation object
2021-02-04 18:55:46,972: INFO     Identify genomic features
2021-02-04 18:55:46,972: INFO     check if ../all_test_data/Burkholderia_thailandensis_E264_ATCC_700388_133.gbk is gzipped
2021-02-04 18:55:47,709: INFO     Total number of CDS/locus in the input genome: 5633
2021-02-04 18:55:47,709: INFO     Find genomic features closest the guides
2021-02-04 18:55:52,376: INFO     Select guides that start between +500 and -500 of a feature start
2021-02-04 18:55:52,949: INFO     Select description columns
2021-02-04 18:55:53,011: INFO     Format the output
2021-02-04 18:55:55,986: INFO     Number of Guides within a gene coordinates i.e. zero Feature distance: 125238
2021-02-04 18:55:58,188: INFO     creating random control guides
2021-02-04 18:55:58,376: INFO     Number of random control searched: 100
2021-02-04 18:55:58,376: INFO     Percentage of GC content in the input genome: 67.63
2021-02-04 18:55:58,376: INFO     Total length of the genome: 6.4 MB
2021-02-04 18:55:58,376: INFO     created 10 control guides with a minimum distance of 7 and a median distance of 7
2021-02-04 18:55:58,379: INFO     guidemaker completed, results are at TEST
2021-02-04 18:55:58,379: INFO     PAM sequence: NGG
2021-02-04 18:55:58,379: INFO     PAM orientation: 3prime
2021-02-04 18:55:58,379: INFO     Genome strand(s) searched: both
2021-02-04 18:55:58,379: INFO     Total PAM sites considered: 923228
2021-02-04 18:55:58,379: INFO     Guide RNA candidates found: 234010
	Command being timed: "guidemaker -i ../all_test_data/Burkholderia_thailandensis_E264_ATCC_700388_133.gbk --pamseq NGG --outdir TEST --pam_orientation 3prime --guidelength 20 --strand both --lcp 11 --dist 3 --before 500 --into 500 --knum 10 --controls 10 --log GM_63829189_2.log --threads 32"
	User time (seconds): 249.97
	System time (seconds): 20.35
	Percent of CPU this job got: 375%
	Elapsed (wall clock) time (h:mm:ss or m:ss): 1:12.04
	Average shared text size (kbytes): 0
	Average unshared data size (kbytes): 0
	Average stack size (kbytes): 0
	Average total size (kbytes): 0
	Maximum resident set size (kbytes): 2469060
	Average resident set size (kbytes): 0
	Major (requiring I/O) page faults: 0
	Minor (reclaiming a frame) page faults: 3786938
	Voluntary context switches: 974153
	Involuntary context switches: 387169
	Swaps: 0
	File system inputs: 0
	File system outputs: 429696
	Socket messages sent: 0
	Socket messages received: 0
	Signals delivered: 0
	Page size (bytes): 4096
	Exit status: 0
