slurmstepd: error: Unable to create TMPDIR [/scratch/local/58616138]: Permission denied
slurmstepd: error: Setting TMPDIR to /tmp
Mon Sep 14 19:22:11 EDT 2020
c27b-s26.ufhpc
/blue/garrett/rp3448/analysis/guidemaker/nonAVXGuidemaker/GuideMaker

     active environment : nonAVX2
    active env location : /home/rp3448/.conda/envs/nonAVX2
            shell level : 2
       user config file : /home/rp3448/.condarc
 populated config files : /home/rp3448/.condarc
          conda version : 4.7.12
    conda-build version : not installed
         python version : 3.7.4.final.0
       virtual packages : 
       base environment : /apps/conda/4.7.12  (read only)
           channel URLs : https://conda.anaconda.org/biobakery/linux-64
                          https://conda.anaconda.org/biobakery/noarch
                          https://conda.anaconda.org/conda-forge/linux-64
                          https://conda.anaconda.org/conda-forge/noarch
                          https://conda.anaconda.org/bioconda/linux-64
                          https://conda.anaconda.org/bioconda/noarch
                          https://repo.anaconda.com/pkgs/main/linux-64
                          https://repo.anaconda.com/pkgs/main/noarch
                          https://repo.anaconda.com/pkgs/r/linux-64
                          https://repo.anaconda.com/pkgs/r/noarch
          package cache : /apps/conda/4.7.12/pkgs
                          /home/rp3448/.conda/pkgs
       envs directories : /home/rp3448/.conda/envs
                          /apps/conda/4.7.12/envs
               platform : linux-64
             user-agent : conda/4.7.12 requests/2.22.0 CPython/3.7.4 Linux/3.10.0-1062.18.1.el7.x86_64 rhel/7.7 glibc/2.17
                UID:GID : 6472:3511
             netrc file : None
           offline mode : False

My SLURM_ARRAY_TASK_ID:  7
My TMPDIR IS:  /tmp
Input Genome:>>>>>>>>>>>>>>>>>>>>>>>>>>>>>>>>>>>>>>>>>>>  Aspergillus_fumigatus.gbk
Threads used:>>>>>>>>>>>>>>>>>>>>>>>>>>>>>>>>>>>>>>>>>>>  1
GuideMaker
Your CPU supports instructions that this binary was not compiled to use: SSE4.1 SSE4.2 AVX AVX2
For maximum performance, you can install NMSLIB from sources 
pip install --no-binary :all: nmslib
2020-09-14 19:22:16,652: INFO     Temp directory is: /tmp/guidemaker_yx3k6i6f
2020-09-14 19:22:16,653: INFO     Writing fasta file from genbank file(s)
2020-09-14 19:22:16,653: INFO     check if ../../all_test_data/Aspergillus_fumigatus.gbk is gzipped
2020-09-14 19:22:19,734: INFO     Identifying PAM sites in the genome
2020-09-14 19:25:19,591: INFO     Identifing guides that are unique near the PAM site
2020-09-14 19:25:24,587: INFO     Indexing all potential guide sites: 3499744. This is the longest step.
2020-09-14 19:25:39,458: INFO     M                   = 16
2020-09-14 19:25:39,458: INFO     indexThreadQty      = 1
2020-09-14 19:25:39,459: INFO     efConstruction      = 10
2020-09-14 19:25:39,459: INFO     maxM			          = 16
2020-09-14 19:25:39,459: INFO     maxM0			          = 32
2020-09-14 19:25:39,459: INFO     mult                = 0.360674
2020-09-14 19:25:39,459: INFO     skip_optimized_index= 0
2020-09-14 19:25:39,459: INFO     delaunay_type       = 2
2020-09-14 19:25:39,459: INFO     Set HNSW query-time parameters:
2020-09-14 19:25:39,459: INFO     ef(Search)         =20
2020-09-14 19:25:39,459: INFO     algoType           =2

0%   10   20   30   40   50   60   70   80   90   100%
|----|----|----|----|----|----|----|----|----|----|
***************************************************

0%   10   20   30   40   50   60   70   80   90   100%
|----|----|----|----|----|----|----|----|----|----|
***************************************************
*2020-09-14 19:33:14,092: INFO     No appropriate custom distance function for Hamming (bit-storage) space
2020-09-14 19:33:14,553: INFO     searchMethod			  = 0
2020-09-14 19:33:14,848: INFO     Identifying guides that have a hamming distance <= 3 to all other potential guides
2020-09-14 19:33:15,288: INFO     Set HNSW query-time parameters:
2020-09-14 19:33:15,288: INFO     ef(Search)         =9
2020-09-14 19:33:15,288: INFO     algoType           =2
2020-09-14 19:33:37,334: INFO     Formatting data for BedTools
2020-09-14 19:33:37,876: INFO     Create GuideMaker Annotation object
2020-09-14 19:33:37,876: INFO     Identify genomic features
2020-09-14 19:33:37,876: INFO     check if ../../all_test_data/Aspergillus_fumigatus.gbk is gzipped
2020-09-14 19:33:42,040: INFO     Total number of CDS/locus in the input genome: 9630
2020-09-14 19:33:42,041: INFO     Find genomic features closest the guides
2020-09-14 19:33:45,332: INFO     Select guides that start between +100 and -100 of a feature start
2020-09-14 19:33:45,507: INFO     Select description columns
2020-09-14 19:33:45,621: INFO     Format the output
2020-09-14 19:33:45,948: INFO     creating random control guides
2020-09-14 19:33:46,342: INFO     Number of random control searched: 100
2020-09-14 19:33:46,342: INFO     Percentage of GC content in the input genome: 48.82
2020-09-14 19:33:46,342: INFO     Total length of the genome: 28.0 MB
2020-09-14 19:33:46,342: INFO     created 10 control guides with a minimum distance of 7 and a median distance of 7
2020-09-14 19:33:46,344: INFO     guidemaker completed, results are at TEST
2020-09-14 19:33:46,344: INFO     PAM sequence: NGG
2020-09-14 19:33:46,344: INFO     PAM orientation: 5prime
2020-09-14 19:33:46,345: INFO     Genome strand(s) searched: both
2020-09-14 19:33:46,345: INFO     Total PAM sites considered: 3499744
2020-09-14 19:33:46,345: INFO     Guide RNA candidates found: 11439
	Command being timed: "guidemaker -i ../../all_test_data/Aspergillus_fumigatus.gbk --pamseq NGG --outdir TEST --pam_orientation 5prime --guidelength 20 --strand both --lcp 10 --dist 3 --before 100 --into 100 --knum 10 --controls 10 --log GuideMaker_58628349_7.log --threads 1"
	User time (seconds): 686.51
	System time (seconds): 11.82
	Percent of CPU this job got: 100%
	Elapsed (wall clock) time (h:mm:ss or m:ss): 11:36.51
	Average shared text size (kbytes): 0
	Average unshared data size (kbytes): 0
	Average stack size (kbytes): 0
	Average total size (kbytes): 0
	Maximum resident set size (kbytes): 7083228
	Average resident set size (kbytes): 0
	Major (requiring I/O) page faults: 0
	Minor (reclaiming a frame) page faults: 10007962
	Voluntary context switches: 3091
	Involuntary context switches: 1317813
	Swaps: 0
	File system inputs: 0
	File system outputs: 192440
	Socket messages sent: 0
	Socket messages received: 0
	Signals delivered: 0
	Page size (bytes): 4096
	Exit status: 0
My SLURM_ARRAY_TASK_ID:  7
My TMPDIR IS:  /tmp
Input Genome:>>>>>>>>>>>>>>>>>>>>>>>>>>>>>>>>>>>>>>>>>>>  Aspergillus_fumigatus.gbk
Threads used:>>>>>>>>>>>>>>>>>>>>>>>>>>>>>>>>>>>>>>>>>>>  2
GuideMaker
Your CPU supports instructions that this binary was not compiled to use: SSE4.1 SSE4.2 AVX AVX2
For maximum performance, you can install NMSLIB from sources 
pip install --no-binary :all: nmslib
2020-09-14 19:33:53,186: INFO     Temp directory is: /tmp/guidemaker_f0elj94r
2020-09-14 19:33:53,186: INFO     Writing fasta file from genbank file(s)
2020-09-14 19:33:53,187: INFO     check if ../../all_test_data/Aspergillus_fumigatus.gbk is gzipped
2020-09-14 19:33:56,259: INFO     Identifying PAM sites in the genome
2020-09-14 19:36:47,659: INFO     Identifing guides that are unique near the PAM site
2020-09-14 19:36:52,497: INFO     Indexing all potential guide sites: 3499744. This is the longest step.
2020-09-14 19:37:07,358: INFO     M                   = 16
2020-09-14 19:37:07,358: INFO     indexThreadQty      = 2
2020-09-14 19:37:07,358: INFO     efConstruction      = 10
2020-09-14 19:37:07,358: INFO     maxM			          = 16
2020-09-14 19:37:07,358: INFO     maxM0			          = 32
2020-09-14 19:37:07,358: INFO     mult                = 0.360674
2020-09-14 19:37:07,358: INFO     skip_optimized_index= 0
2020-09-14 19:37:07,358: INFO     delaunay_type       = 2
2020-09-14 19:37:07,358: INFO     Set HNSW query-time parameters:
2020-09-14 19:37:07,358: INFO     ef(Search)         =20
2020-09-14 19:37:07,358: INFO     algoType           =2

0%   10   20   30   40   50   60   70   80   90   100%
|----|----|----|----|----|----|----|----|----|----|
***************************************************

0%   10   20   30   40   50   60   70   80   90   100%
|----|----|----|----|----|----|----|----|----|----|
****************************************************2020-09-14 19:42:06,151: INFO     No appropriate custom distance function for Hamming (bit-storage) space
2020-09-14 19:42:06,151: INFO     searchMethod			  = 0
2020-09-14 19:42:06,446: INFO     Identifying guides that have a hamming distance <= 3 to all other potential guides
2020-09-14 19:42:06,873: INFO     Set HNSW query-time parameters:
2020-09-14 19:42:06,873: INFO     ef(Search)         =9
2020-09-14 19:42:06,873: INFO     algoType           =2
2020-09-14 19:42:25,711: INFO     Formatting data for BedTools
2020-09-14 19:42:26,200: INFO     Create GuideMaker Annotation object
2020-09-14 19:42:26,200: INFO     Identify genomic features
2020-09-14 19:42:26,200: INFO     check if ../../all_test_data/Aspergillus_fumigatus.gbk is gzipped
2020-09-14 19:42:30,317: INFO     Total number of CDS/locus in the input genome: 9630
2020-09-14 19:42:30,317: INFO     Find genomic features closest the guides
2020-09-14 19:42:34,269: INFO     Select guides that start between +100 and -100 of a feature start
2020-09-14 19:42:34,463: INFO     Select description columns
2020-09-14 19:42:34,579: INFO     Format the output
2020-09-14 19:42:34,902: INFO     creating random control guides
2020-09-14 19:42:35,416: INFO     Number of random control searched: 100
2020-09-14 19:42:35,417: INFO     Percentage of GC content in the input genome: 48.82
2020-09-14 19:42:35,417: INFO     Total length of the genome: 28.0 MB
2020-09-14 19:42:35,417: INFO     created 10 control guides with a minimum distance of 7 and a median distance of 7
2020-09-14 19:42:35,420: INFO     guidemaker completed, results are at TEST
2020-09-14 19:42:35,420: INFO     PAM sequence: NGG
2020-09-14 19:42:35,420: INFO     PAM orientation: 5prime
2020-09-14 19:42:35,420: INFO     Genome strand(s) searched: both
2020-09-14 19:42:35,420: INFO     Total PAM sites considered: 3499744
2020-09-14 19:42:35,420: INFO     Guide RNA candidates found: 11438
	Command being timed: "guidemaker -i ../../all_test_data/Aspergillus_fumigatus.gbk --pamseq NGG --outdir TEST --pam_orientation 5prime --guidelength 20 --strand both --lcp 10 --dist 3 --before 100 --into 100 --knum 10 --controls 10 --log GuideMaker_58628349_7.log --threads 2"
	User time (seconds): 770.13
	System time (seconds): 63.55
	Percent of CPU this job got: 157%
	Elapsed (wall clock) time (h:mm:ss or m:ss): 8:50.30
	Average shared text size (kbytes): 0
	Average unshared data size (kbytes): 0
	Average stack size (kbytes): 0
	Average total size (kbytes): 0
	Maximum resident set size (kbytes): 7103108
	Average resident set size (kbytes): 0
	Major (requiring I/O) page faults: 0
	Minor (reclaiming a frame) page faults: 38192884
	Voluntary context switches: 308711
	Involuntary context switches: 852341
	Swaps: 0
	File system inputs: 0
	File system outputs: 192416
	Socket messages sent: 0
	Socket messages received: 0
	Signals delivered: 0
	Page size (bytes): 4096
	Exit status: 0
My SLURM_ARRAY_TASK_ID:  7
My TMPDIR IS:  /tmp
Input Genome:>>>>>>>>>>>>>>>>>>>>>>>>>>>>>>>>>>>>>>>>>>>  Aspergillus_fumigatus.gbk
Threads used:>>>>>>>>>>>>>>>>>>>>>>>>>>>>>>>>>>>>>>>>>>>  4
GuideMaker
Your CPU supports instructions that this binary was not compiled to use: SSE4.1 SSE4.2 AVX AVX2
For maximum performance, you can install NMSLIB from sources 
pip install --no-binary :all: nmslib
2020-09-14 19:42:43,640: INFO     Temp directory is: /tmp/guidemaker_56ixg2ir
2020-09-14 19:42:43,640: INFO     Writing fasta file from genbank file(s)
2020-09-14 19:42:43,641: INFO     check if ../../all_test_data/Aspergillus_fumigatus.gbk is gzipped
2020-09-14 19:42:46,727: INFO     Identifying PAM sites in the genome
2020-09-14 19:45:45,958: INFO     Identifing guides that are unique near the PAM site
2020-09-14 19:45:50,748: INFO     Indexing all potential guide sites: 3499744. This is the longest step.
2020-09-14 19:46:05,974: INFO     M                   = 16
2020-09-14 19:46:05,975: INFO     indexThreadQty      = 4
2020-09-14 19:46:05,975: INFO     efConstruction      = 10
2020-09-14 19:46:05,975: INFO     maxM			          = 16
2020-09-14 19:46:05,975: INFO     maxM0			          = 32
2020-09-14 19:46:05,975: INFO     mult                = 0.360674
2020-09-14 19:46:05,975: INFO     skip_optimized_index= 0
2020-09-14 19:46:05,975: INFO     delaunay_type       = 2
2020-09-14 19:46:05,975: INFO     Set HNSW query-time parameters:
2020-09-14 19:46:05,975: INFO     ef(Search)         =20
2020-09-14 19:46:05,975: INFO     algoType           =2

0%   10   20   30   40   50   60   70   80   90   100%
|----|----|----|----|----|----|----|----|----|----|
***************************************************

0%   10   20   30   40   50   60   70   80   90   100%
|----|----|----|----|----|----|----|----|----|----|
****************************************************2020-09-14 19:48:30,488: INFO     No appropriate custom distance function for Hamming (bit-storage) space
2020-09-14 19:48:30,488: INFO     searchMethod			  = 0
2020-09-14 19:48:30,792: INFO     Identifying guides that have a hamming distance <= 3 to all other potential guides
2020-09-14 19:48:31,247: INFO     Set HNSW query-time parameters:
2020-09-14 19:48:31,247: INFO     ef(Search)         =9
2020-09-14 19:48:31,247: INFO     algoType           =2
2020-09-14 19:48:44,146: INFO     Formatting data for BedTools
2020-09-14 19:48:44,641: INFO     Create GuideMaker Annotation object
2020-09-14 19:48:44,641: INFO     Identify genomic features
2020-09-14 19:48:44,642: INFO     check if ../../all_test_data/Aspergillus_fumigatus.gbk is gzipped
2020-09-14 19:48:48,864: INFO     Total number of CDS/locus in the input genome: 9630
2020-09-14 19:48:48,864: INFO     Find genomic features closest the guides
2020-09-14 19:48:52,478: INFO     Select guides that start between +100 and -100 of a feature start
2020-09-14 19:48:52,670: INFO     Select description columns
2020-09-14 19:48:52,780: INFO     Format the output
2020-09-14 19:48:53,085: INFO     creating random control guides
2020-09-14 19:48:53,554: INFO     Number of random control searched: 100
2020-09-14 19:48:53,554: INFO     Percentage of GC content in the input genome: 48.82
2020-09-14 19:48:53,554: INFO     Total length of the genome: 28.0 MB
2020-09-14 19:48:53,554: INFO     created 10 control guides with a minimum distance of 7 and a median distance of 7
2020-09-14 19:48:53,556: INFO     guidemaker completed, results are at TEST
2020-09-14 19:48:53,557: INFO     PAM sequence: NGG
2020-09-14 19:48:53,557: INFO     PAM orientation: 5prime
2020-09-14 19:48:53,557: INFO     Genome strand(s) searched: both
2020-09-14 19:48:53,557: INFO     Total PAM sites considered: 3499744
2020-09-14 19:48:53,557: INFO     Guide RNA candidates found: 11440
	Command being timed: "guidemaker -i ../../all_test_data/Aspergillus_fumigatus.gbk --pamseq NGG --outdir TEST --pam_orientation 5prime --guidelength 20 --strand both --lcp 10 --dist 3 --before 100 --into 100 --knum 10 --controls 10 --log GuideMaker_58628349_7.log --threads 4"
	User time (seconds): 782.87
	System time (seconds): 33.32
	Percent of CPU this job got: 216%
	Elapsed (wall clock) time (h:mm:ss or m:ss): 6:17.76
	Average shared text size (kbytes): 0
	Average unshared data size (kbytes): 0
	Average stack size (kbytes): 0
	Average total size (kbytes): 0
	Maximum resident set size (kbytes): 7118864
	Average resident set size (kbytes): 0
	Major (requiring I/O) page faults: 0
	Minor (reclaiming a frame) page faults: 17233979
	Voluntary context switches: 539412
	Involuntary context switches: 146217
	Swaps: 0
	File system inputs: 0
	File system outputs: 192344
	Socket messages sent: 0
	Socket messages received: 0
	Signals delivered: 0
	Page size (bytes): 4096
	Exit status: 0
My SLURM_ARRAY_TASK_ID:  7
My TMPDIR IS:  /tmp
Input Genome:>>>>>>>>>>>>>>>>>>>>>>>>>>>>>>>>>>>>>>>>>>>  Aspergillus_fumigatus.gbk
Threads used:>>>>>>>>>>>>>>>>>>>>>>>>>>>>>>>>>>>>>>>>>>>  8
GuideMaker
Your CPU supports instructions that this binary was not compiled to use: SSE4.1 SSE4.2 AVX AVX2
For maximum performance, you can install NMSLIB from sources 
pip install --no-binary :all: nmslib
2020-09-14 19:49:01,218: INFO     Temp directory is: /tmp/guidemaker_vjwei453
2020-09-14 19:49:01,218: INFO     Writing fasta file from genbank file(s)
2020-09-14 19:49:01,219: INFO     check if ../../all_test_data/Aspergillus_fumigatus.gbk is gzipped
2020-09-14 19:49:04,317: INFO     Identifying PAM sites in the genome
2020-09-14 19:51:57,258: INFO     Identifing guides that are unique near the PAM site
2020-09-14 19:52:02,134: INFO     Indexing all potential guide sites: 3499744. This is the longest step.
2020-09-14 19:52:17,348: INFO     M                   = 16
2020-09-14 19:52:17,348: INFO     indexThreadQty      = 8
2020-09-14 19:52:17,348: INFO     efConstruction      = 10
2020-09-14 19:52:17,348: INFO     maxM			          = 16
2020-09-14 19:52:17,348: INFO     maxM0			          = 32
2020-09-14 19:52:17,348: INFO     mult                = 0.360674
2020-09-14 19:52:17,349: INFO     skip_optimized_index= 0
2020-09-14 19:52:17,349: INFO     delaunay_type       = 2
2020-09-14 19:52:17,349: INFO     Set HNSW query-time parameters:
2020-09-14 19:52:17,349: INFO     ef(Search)         =20
2020-09-14 19:52:17,349: INFO     algoType           =2

0%   10   20   30   40   50   60   70   80   90   100%
|----|----|----|----|----|----|----|----|----|----|
***************************************************

0%   10   20   30   40   50   60   70   80   90   100%
|----|----|----|----|----|----|----|----|----|----|
****************************************************2020-09-14 19:53:37,614: INFO     No appropriate custom distance function for Hamming (bit-storage) space
2020-09-14 19:53:37,615: INFO     searchMethod			  = 0
2020-09-14 19:53:37,910: INFO     Identifying guides that have a hamming distance <= 3 to all other potential guides
2020-09-14 19:53:38,356: INFO     Set HNSW query-time parameters:
2020-09-14 19:53:38,356: INFO     ef(Search)         =9
2020-09-14 19:53:38,356: INFO     algoType           =2
2020-09-14 19:53:49,797: INFO     Formatting data for BedTools
2020-09-14 19:53:50,322: INFO     Create GuideMaker Annotation object
2020-09-14 19:53:50,322: INFO     Identify genomic features
2020-09-14 19:53:50,322: INFO     check if ../../all_test_data/Aspergillus_fumigatus.gbk is gzipped
2020-09-14 19:53:54,501: INFO     Total number of CDS/locus in the input genome: 9630
2020-09-14 19:53:54,502: INFO     Find genomic features closest the guides
2020-09-14 19:53:57,937: INFO     Select guides that start between +100 and -100 of a feature start
2020-09-14 19:53:58,088: INFO     Select description columns
2020-09-14 19:53:58,191: INFO     Format the output
2020-09-14 19:53:58,478: INFO     creating random control guides
2020-09-14 19:53:58,859: INFO     Number of random control searched: 100
2020-09-14 19:53:58,859: INFO     Percentage of GC content in the input genome: 48.82
2020-09-14 19:53:58,859: INFO     Total length of the genome: 28.0 MB
2020-09-14 19:53:58,859: INFO     created 10 control guides with a minimum distance of 7 and a median distance of 8
2020-09-14 19:53:58,863: INFO     guidemaker completed, results are at TEST
2020-09-14 19:53:58,863: INFO     PAM sequence: NGG
2020-09-14 19:53:58,863: INFO     PAM orientation: 5prime
2020-09-14 19:53:58,863: INFO     Genome strand(s) searched: both
2020-09-14 19:53:58,863: INFO     Total PAM sites considered: 3499744
2020-09-14 19:53:58,863: INFO     Guide RNA candidates found: 11437
	Command being timed: "guidemaker -i ../../all_test_data/Aspergillus_fumigatus.gbk --pamseq NGG --outdir TEST --pam_orientation 5prime --guidelength 20 --strand both --lcp 10 --dist 3 --before 100 --into 100 --knum 10 --controls 10 --log GuideMaker_58628349_7.log --threads 8"
	User time (seconds): 821.92
	System time (seconds): 38.78
	Percent of CPU this job got: 282%
	Elapsed (wall clock) time (h:mm:ss or m:ss): 5:05.10
	Average shared text size (kbytes): 0
	Average unshared data size (kbytes): 0
	Average stack size (kbytes): 0
	Average total size (kbytes): 0
	Maximum resident set size (kbytes): 7139680
	Average resident set size (kbytes): 0
	Major (requiring I/O) page faults: 0
	Minor (reclaiming a frame) page faults: 17134164
	Voluntary context switches: 1072273
	Involuntary context switches: 717514
	Swaps: 0
	File system inputs: 0
	File system outputs: 192296
	Socket messages sent: 0
	Socket messages received: 0
	Signals delivered: 0
	Page size (bytes): 4096
	Exit status: 0
My SLURM_ARRAY_TASK_ID:  7
My TMPDIR IS:  /tmp
Input Genome:>>>>>>>>>>>>>>>>>>>>>>>>>>>>>>>>>>>>>>>>>>>  Aspergillus_fumigatus.gbk
Threads used:>>>>>>>>>>>>>>>>>>>>>>>>>>>>>>>>>>>>>>>>>>>  16
GuideMaker
Your CPU supports instructions that this binary was not compiled to use: SSE4.1 SSE4.2 AVX AVX2
For maximum performance, you can install NMSLIB from sources 
pip install --no-binary :all: nmslib
2020-09-14 19:54:06,334: INFO     Temp directory is: /tmp/guidemaker_8_ih_54h
2020-09-14 19:54:06,334: INFO     Writing fasta file from genbank file(s)
2020-09-14 19:54:06,335: INFO     check if ../../all_test_data/Aspergillus_fumigatus.gbk is gzipped
2020-09-14 19:54:09,437: INFO     Identifying PAM sites in the genome
2020-09-14 19:57:11,185: INFO     Identifing guides that are unique near the PAM site
2020-09-14 19:57:16,231: INFO     Indexing all potential guide sites: 3499744. This is the longest step.
2020-09-14 19:57:30,898: INFO     M                   = 16
2020-09-14 19:57:30,898: INFO     indexThreadQty      = 16
2020-09-14 19:57:30,898: INFO     efConstruction      = 10
2020-09-14 19:57:30,898: INFO     maxM			          = 16
2020-09-14 19:57:30,898: INFO     maxM0			          = 32
2020-09-14 19:57:30,898: INFO     mult                = 0.360674
2020-09-14 19:57:30,899: INFO     skip_optimized_index= 0
2020-09-14 19:57:30,899: INFO     delaunay_type       = 2
2020-09-14 19:57:30,899: INFO     Set HNSW query-time parameters:
2020-09-14 19:57:30,899: INFO     ef(Search)         =20
2020-09-14 19:57:30,899: INFO     algoType           =2

0%   10   20   30   40   50   60   70   80   90   100%
|----|----|----|----|----|----|----|----|----|----|
***************************************************

0%   10   20   30   40   50   60   70   80   90   100%
|----|----|----|----|----|----|----|----|----|----|
*******************************************************2020-09-14 19:58:16,709: INFO     No appropriate custom distance function for Hamming (bit-storage) space
2020-09-14 19:58:16,709: INFO     searchMethod			  = 0
2020-09-14 19:58:17,017: INFO     Identifying guides that have a hamming distance <= 3 to all other potential guides
2020-09-14 19:58:17,444: INFO     Set HNSW query-time parameters:
2020-09-14 19:58:17,445: INFO     ef(Search)         =9
2020-09-14 19:58:17,445: INFO     algoType           =2
2020-09-14 19:58:27,563: INFO     Formatting data for BedTools
2020-09-14 19:58:28,119: INFO     Create GuideMaker Annotation object
2020-09-14 19:58:28,119: INFO     Identify genomic features
2020-09-14 19:58:28,120: INFO     check if ../../all_test_data/Aspergillus_fumigatus.gbk is gzipped
2020-09-14 19:58:32,639: INFO     Total number of CDS/locus in the input genome: 9630
2020-09-14 19:58:32,639: INFO     Find genomic features closest the guides
2020-09-14 19:58:36,139: INFO     Select guides that start between +100 and -100 of a feature start
2020-09-14 19:58:36,287: INFO     Select description columns
2020-09-14 19:58:36,386: INFO     Format the output
2020-09-14 19:58:36,673: INFO     creating random control guides
2020-09-14 19:58:37,098: INFO     Number of random control searched: 100
2020-09-14 19:58:37,099: INFO     Percentage of GC content in the input genome: 48.82
2020-09-14 19:58:37,099: INFO     Total length of the genome: 28.0 MB
2020-09-14 19:58:37,099: INFO     created 10 control guides with a minimum distance of 7 and a median distance of 7
2020-09-14 19:58:37,103: INFO     guidemaker completed, results are at TEST
2020-09-14 19:58:37,103: INFO     PAM sequence: NGG
2020-09-14 19:58:37,103: INFO     PAM orientation: 5prime
2020-09-14 19:58:37,104: INFO     Genome strand(s) searched: both
2020-09-14 19:58:37,104: INFO     Total PAM sites considered: 3499744
2020-09-14 19:58:37,104: INFO     Guide RNA candidates found: 11436
	Command being timed: "guidemaker -i ../../all_test_data/Aspergillus_fumigatus.gbk --pamseq NGG --outdir TEST --pam_orientation 5prime --guidelength 20 --strand both --lcp 10 --dist 3 --before 100 --into 100 --knum 10 --controls 10 --log GuideMaker_58628349_7.log --threads 16"
	User time (seconds): 880.47
	System time (seconds): 52.40
	Percent of CPU this job got: 335%
	Elapsed (wall clock) time (h:mm:ss or m:ss): 4:38.27
	Average shared text size (kbytes): 0
	Average unshared data size (kbytes): 0
	Average stack size (kbytes): 0
	Average total size (kbytes): 0
	Maximum resident set size (kbytes): 7194896
	Average resident set size (kbytes): 0
	Major (requiring I/O) page faults: 0
	Minor (reclaiming a frame) page faults: 14497916
	Voluntary context switches: 2136135
	Involuntary context switches: 1267
	Swaps: 0
	File system inputs: 0
	File system outputs: 192280
	Socket messages sent: 0
	Socket messages received: 0
	Signals delivered: 0
	Page size (bytes): 4096
	Exit status: 0
My SLURM_ARRAY_TASK_ID:  7
My TMPDIR IS:  /tmp
Input Genome:>>>>>>>>>>>>>>>>>>>>>>>>>>>>>>>>>>>>>>>>>>>  Aspergillus_fumigatus.gbk
Threads used:>>>>>>>>>>>>>>>>>>>>>>>>>>>>>>>>>>>>>>>>>>>  32
GuideMaker
Your CPU supports instructions that this binary was not compiled to use: SSE4.1 SSE4.2 AVX AVX2
For maximum performance, you can install NMSLIB from sources 
pip install --no-binary :all: nmslib
2020-09-14 19:58:44,629: INFO     Temp directory is: /tmp/guidemaker_22q5cycs
2020-09-14 19:58:44,629: INFO     Writing fasta file from genbank file(s)
2020-09-14 19:58:44,629: INFO     check if ../../all_test_data/Aspergillus_fumigatus.gbk is gzipped
2020-09-14 19:58:47,755: INFO     Identifying PAM sites in the genome
2020-09-14 20:01:47,867: INFO     Identifing guides that are unique near the PAM site
2020-09-14 20:01:52,952: INFO     Indexing all potential guide sites: 3499744. This is the longest step.
2020-09-14 20:02:08,119: INFO     M                   = 16
2020-09-14 20:02:08,119: INFO     indexThreadQty      = 32
2020-09-14 20:02:08,119: INFO     efConstruction      = 10
2020-09-14 20:02:08,119: INFO     maxM			          = 16
2020-09-14 20:02:08,119: INFO     maxM0			          = 32
2020-09-14 20:02:08,119: INFO     mult                = 0.360674
2020-09-14 20:02:08,119: INFO     skip_optimized_index= 0
2020-09-14 20:02:08,119: INFO     delaunay_type       = 2
2020-09-14 20:02:08,120: INFO     Set HNSW query-time parameters:
2020-09-14 20:02:08,120: INFO     ef(Search)         =20
2020-09-14 20:02:08,120: INFO     algoType           =2

0%   10   20   30   40   50   60   70   80   90   100%
|----|----|----|----|----|----|----|----|----|----|
***************************************************

0%   10   20   30   40   50   60   70   80   90   100%
|----|----|----|----|----|----|----|----|----|----|
**********************************************************
2020-09-14 20:02:37,424: INFO     No appropriate custom distance function for Hamming (bit-storage) space
2020-09-14 20:02:37,425: INFO     searchMethod			  = 0
2020-09-14 20:02:37,773: INFO     Identifying guides that have a hamming distance <= 3 to all other potential guides
2020-09-14 20:02:38,305: INFO     Set HNSW query-time parameters:
2020-09-14 20:02:38,305: INFO     ef(Search)         =9
2020-09-14 20:02:38,305: INFO     algoType           =2
2020-09-14 20:02:47,956: INFO     Formatting data for BedTools
2020-09-14 20:02:48,477: INFO     Create GuideMaker Annotation object
2020-09-14 20:02:48,478: INFO     Identify genomic features
2020-09-14 20:02:48,478: INFO     check if ../../all_test_data/Aspergillus_fumigatus.gbk is gzipped
2020-09-14 20:02:52,679: INFO     Total number of CDS/locus in the input genome: 9630
2020-09-14 20:02:52,679: INFO     Find genomic features closest the guides
2020-09-14 20:02:56,192: INFO     Select guides that start between +100 and -100 of a feature start
2020-09-14 20:02:56,341: INFO     Select description columns
2020-09-14 20:02:56,441: INFO     Format the output
2020-09-14 20:02:56,725: INFO     creating random control guides
2020-09-14 20:02:57,225: INFO     Number of random control searched: 100
2020-09-14 20:02:57,225: INFO     Percentage of GC content in the input genome: 48.82
2020-09-14 20:02:57,225: INFO     Total length of the genome: 28.0 MB
2020-09-14 20:02:57,225: INFO     created 10 control guides with a minimum distance of 7 and a median distance of 7
2020-09-14 20:02:57,227: INFO     guidemaker completed, results are at TEST
2020-09-14 20:02:57,228: INFO     PAM sequence: NGG
2020-09-14 20:02:57,228: INFO     PAM orientation: 5prime
2020-09-14 20:02:57,228: INFO     Genome strand(s) searched: both
2020-09-14 20:02:57,228: INFO     Total PAM sites considered: 3499744
2020-09-14 20:02:57,228: INFO     Guide RNA candidates found: 11437
	Command being timed: "guidemaker -i ../../all_test_data/Aspergillus_fumigatus.gbk --pamseq NGG --outdir TEST --pam_orientation 5prime --guidelength 20 --strand both --lcp 10 --dist 3 --before 100 --into 100 --knum 10 --controls 10 --log GuideMaker_58628349_7.log --threads 32"
	User time (seconds): 933.22
	System time (seconds): 83.66
	Percent of CPU this job got: 390%
	Elapsed (wall clock) time (h:mm:ss or m:ss): 4:20.43
	Average shared text size (kbytes): 0
	Average unshared data size (kbytes): 0
	Average stack size (kbytes): 0
	Average total size (kbytes): 0
	Maximum resident set size (kbytes): 7249284
	Average resident set size (kbytes): 0
	Major (requiring I/O) page faults: 0
	Minor (reclaiming a frame) page faults: 12737322
	Voluntary context switches: 4548129
	Involuntary context switches: 145931
	Swaps: 0
	File system inputs: 0
	File system outputs: 192232
	Socket messages sent: 0
	Socket messages received: 0
	Signals delivered: 0
	Page size (bytes): 4096
	Exit status: 0
