Fri Aug 28 20:58:10 EDT 2020
c40b-s3.ufhpc
/blue/garrett/rp3448/analysis/guidemaker/nonAVXGuidemaker/GuideMaker

     active environment : nonAVX2
    active env location : /home/rp3448/.conda/envs/nonAVX2
            shell level : 2
       user config file : /home/rp3448/.condarc
 populated config files : /home/rp3448/.condarc
          conda version : 4.8.4
    conda-build version : not installed
         python version : 3.8.3.final.0
       virtual packages : __glibc=2.17
       base environment : /apps/conda/4.8.4  (read only)
           channel URLs : https://conda.anaconda.org/biobakery/linux-64
                          https://conda.anaconda.org/biobakery/noarch
                          https://conda.anaconda.org/conda-forge/linux-64
                          https://conda.anaconda.org/conda-forge/noarch
                          https://conda.anaconda.org/bioconda/linux-64
                          https://conda.anaconda.org/bioconda/noarch
                          https://repo.anaconda.com/pkgs/main/linux-64
                          https://repo.anaconda.com/pkgs/main/noarch
                          https://repo.anaconda.com/pkgs/r/linux-64
                          https://repo.anaconda.com/pkgs/r/noarch
          package cache : /apps/conda/4.8.4/pkgs
                          /home/rp3448/.conda/pkgs
       envs directories : /home/rp3448/.conda/envs
                          /apps/conda/4.8.4/envs
               platform : linux-64
             user-agent : conda/4.8.4 requests/2.24.0 CPython/3.8.3 Linux/3.10.0-1062.12.1.el7.x86_64 rhel/7.7 glibc/2.17
                UID:GID : 6472:3511
             netrc file : None
           offline mode : False

My SLURM_ARRAY_TASK_ID:  1
My TMPDIR IS:  /scratch/local/57999692
Input Genome:>>>>>>>>>>>>>>>>>>>>>>>>>>>>>>>>>>>>>>>>>>>  Aspergillus_fumigatus.gbk
Threads used:>>>>>>>>>>>>>>>>>>>>>>>>>>>>>>>>>>>>>>>>>>>  1
GuideMaker
Your CPU supports instructions that this binary was not compiled to use: SSE4.1 SSE4.2 AVX AVX2
For maximum performance, you can install NMSLIB from sources 
pip install --no-binary :all: nmslib
2020-08-28 20:58:16,395: INFO     Temp directory is: /scratch/local/57999692/guidemaker_mgwubwi5
2020-08-28 20:58:16,396: INFO     Writing fasta file from genbank file(s)
2020-08-28 20:58:16,417: INFO     check if test/test_data/Aspergillus_fumigatus.gbk is gzipped
2020-08-28 20:58:19,525: INFO     Identifying PAM sites in the genome
2020-08-28 20:59:31,871: INFO     Identifing guides that are unique near the PAM site
2020-08-28 20:59:36,738: INFO     Indexing all potential guide sites: 3499744. This is the longest step.
2020-08-28 20:59:51,538: INFO     M                   = 16
2020-08-28 20:59:51,538: INFO     indexThreadQty      = 1
2020-08-28 20:59:51,538: INFO     efConstruction      = 64
2020-08-28 20:59:51,538: INFO     maxM			          = 16
2020-08-28 20:59:51,538: INFO     maxM0			          = 32
2020-08-28 20:59:51,538: INFO     mult                = 0.360674
2020-08-28 20:59:51,538: INFO     skip_optimized_index= 0
2020-08-28 20:59:51,538: INFO     delaunay_type       = 2
2020-08-28 20:59:51,538: INFO     Set HNSW query-time parameters:
2020-08-28 20:59:51,538: INFO     ef(Search)         =20
2020-08-28 20:59:51,538: INFO     algoType           =2

0%   10   20   30   40   50   60   70   80   90   100%
|----|----|----|----|----|----|----|----|----|----|
***************************************************

0%   10   20   30   40   50   60   70   80   90   100%
|----|----|----|----|----|----|----|----|----|----|
***************************************************
*2020-08-28 21:39:05,868: INFO     No appropriate custom distance function for Hamming (bit-storage) space
2020-08-28 21:39:06,780: INFO     searchMethod			  = 0
2020-08-28 21:39:07,046: INFO     Identifying guides that have a hamming distance <= 3 to all other potential guides
2020-08-28 21:39:07,476: INFO     Set HNSW query-time parameters:
2020-08-28 21:39:07,476: INFO     ef(Search)         =256
2020-08-28 21:39:07,476: INFO     algoType           =2
2020-08-28 21:42:34,165: INFO     Formatting data for BedTools
2020-08-28 21:42:34,747: INFO     Create GuideMaker Annotation object
2020-08-28 21:42:34,748: INFO     Identify genomic features
2020-08-28 21:42:34,749: INFO     check if test/test_data/Aspergillus_fumigatus.gbk is gzipped
2020-08-28 21:42:38,581: INFO     Total number of CDS/locus in the input genome: 9630
2020-08-28 21:42:38,581: INFO     Find genomic features closest the guides
2020-08-28 21:42:42,188: INFO     Select guides that start between +100 and -100 of a feature start
2020-08-28 21:42:42,360: INFO     Select description columns
2020-08-28 21:42:42,473: INFO     Format the output
2020-08-28 21:42:42,844: INFO     creating random control guides
2020-08-28 21:45:11,283: INFO     Number of random control searched: 100000
2020-08-28 21:45:11,287: INFO     Percentage of GC content in the input genome: 48.82
2020-08-28 21:45:11,290: INFO     Total length of the genome: 28.0 MB
2020-08-28 21:45:11,293: INFO     created 10 control guides with a minimum distance of 6 and a median distance of 6
2020-08-28 21:45:11,298: INFO     guidemaker completed, results are at TEST
2020-08-28 21:45:11,298: INFO     PAM sequence: NGG
2020-08-28 21:45:11,298: INFO     PAM orientation: 5prime
2020-08-28 21:45:11,298: INFO     Genome strand(s) searched: both
2020-08-28 21:45:11,298: INFO     Total PAM sites considered: 3499744
2020-08-28 21:45:11,298: INFO     Guide RNA candidates found: 11359
	Command being timed: "guidemaker -i test/test_data/Aspergillus_fumigatus.gbk --pamseq NGG --outdir TEST --pam_orientation 5prime --guidelength 20 --strand both --lcp 10 --dist 3 --before 100 --into 100 --knum 10 --controls 10 --log GuideMaker_57999692_1.log --threads 1"
	User time (seconds): 2784.98
	System time (seconds): 33.42
	Percent of CPU this job got: 99%
	Elapsed (wall clock) time (h:mm:ss or m:ss): 47:03.90
	Average shared text size (kbytes): 0
	Average unshared data size (kbytes): 0
	Average stack size (kbytes): 0
	Average total size (kbytes): 0
	Maximum resident set size (kbytes): 7830144
	Average resident set size (kbytes): 0
	Major (requiring I/O) page faults: 123
	Minor (reclaiming a frame) page faults: 39251904
	Voluntary context switches: 3983
	Involuntary context switches: 3157
	Swaps: 0
	File system inputs: 427912
	File system outputs: 190960
	Socket messages sent: 0
	Socket messages received: 0
	Signals delivered: 0
	Page size (bytes): 4096
	Exit status: 0
My SLURM_ARRAY_TASK_ID:  1
My TMPDIR IS:  /scratch/local/57999692
Input Genome:>>>>>>>>>>>>>>>>>>>>>>>>>>>>>>>>>>>>>>>>>>>  Aspergillus_fumigatus.gbk
Threads used:>>>>>>>>>>>>>>>>>>>>>>>>>>>>>>>>>>>>>>>>>>>  2
GuideMaker
Your CPU supports instructions that this binary was not compiled to use: SSE4.1 SSE4.2 AVX AVX2
For maximum performance, you can install NMSLIB from sources 
pip install --no-binary :all: nmslib
2020-08-28 21:45:19,022: INFO     Temp directory is: /scratch/local/57999692/guidemaker_2x8uqc_g
2020-08-28 21:45:19,022: INFO     Writing fasta file from genbank file(s)
2020-08-28 21:45:19,022: INFO     check if test/test_data/Aspergillus_fumigatus.gbk is gzipped
2020-08-28 21:45:21,909: INFO     Identifying PAM sites in the genome
2020-08-28 21:46:33,552: INFO     Identifing guides that are unique near the PAM site
2020-08-28 21:46:38,453: INFO     Indexing all potential guide sites: 3499744. This is the longest step.
2020-08-28 21:46:53,561: INFO     M                   = 16
2020-08-28 21:46:53,562: INFO     indexThreadQty      = 2
2020-08-28 21:46:53,562: INFO     efConstruction      = 64
2020-08-28 21:46:53,562: INFO     maxM			          = 16
2020-08-28 21:46:53,562: INFO     maxM0			          = 32
2020-08-28 21:46:53,562: INFO     mult                = 0.360674
2020-08-28 21:46:53,562: INFO     skip_optimized_index= 0
2020-08-28 21:46:53,562: INFO     delaunay_type       = 2
2020-08-28 21:46:53,562: INFO     Set HNSW query-time parameters:
2020-08-28 21:46:53,562: INFO     ef(Search)         =20
2020-08-28 21:46:53,562: INFO     algoType           =2

0%   10   20   30   40   50   60   70   80   90   100%
|----|----|----|----|----|----|----|----|----|----|
***************************************************

0%   10   20   30   40   50   60   70   80   90   100%
|----|----|----|----|----|----|----|----|----|----|
****************************************************2020-08-28 22:13:50,382: INFO     No appropriate custom distance function for Hamming (bit-storage) space
2020-08-28 22:13:50,382: INFO     searchMethod			  = 0
2020-08-28 22:13:50,650: INFO     Identifying guides that have a hamming distance <= 3 to all other potential guides
2020-08-28 22:13:51,063: INFO     Set HNSW query-time parameters:
2020-08-28 22:13:51,063: INFO     ef(Search)         =256
2020-08-28 22:13:51,063: INFO     algoType           =2
2020-08-28 22:16:21,567: INFO     Formatting data for BedTools
2020-08-28 22:16:22,090: INFO     Create GuideMaker Annotation object
2020-08-28 22:16:22,090: INFO     Identify genomic features
2020-08-28 22:16:22,090: INFO     check if test/test_data/Aspergillus_fumigatus.gbk is gzipped
2020-08-28 22:16:25,764: INFO     Total number of CDS/locus in the input genome: 9630
2020-08-28 22:16:25,764: INFO     Find genomic features closest the guides
2020-08-28 22:16:29,276: INFO     Select guides that start between +100 and -100 of a feature start
2020-08-28 22:16:29,451: INFO     Select description columns
2020-08-28 22:16:29,543: INFO     Format the output
2020-08-28 22:16:29,858: INFO     creating random control guides
2020-08-28 22:18:04,831: INFO     Number of random control searched: 100000
2020-08-28 22:18:04,831: INFO     Percentage of GC content in the input genome: 48.82
2020-08-28 22:18:04,832: INFO     Total length of the genome: 28.0 MB
2020-08-28 22:18:04,832: INFO     created 10 control guides with a minimum distance of 6 and a median distance of 6
2020-08-28 22:18:04,836: INFO     guidemaker completed, results are at TEST
2020-08-28 22:18:04,836: INFO     PAM sequence: NGG
2020-08-28 22:18:04,836: INFO     PAM orientation: 5prime
2020-08-28 22:18:04,836: INFO     Genome strand(s) searched: both
2020-08-28 22:18:04,836: INFO     Total PAM sites considered: 3499744
2020-08-28 22:18:04,836: INFO     Guide RNA candidates found: 11359
	Command being timed: "guidemaker -i test/test_data/Aspergillus_fumigatus.gbk --pamseq NGG --outdir TEST --pam_orientation 5prime --guidelength 20 --strand both --lcp 10 --dist 3 --before 100 --into 100 --knum 10 --controls 10 --log GuideMaker_57999692_1.log --threads 2"
	User time (seconds): 3663.08
	System time (seconds): 145.35
	Percent of CPU this job got: 193%
	Elapsed (wall clock) time (h:mm:ss or m:ss): 32:52.79
	Average shared text size (kbytes): 0
	Average unshared data size (kbytes): 0
	Average stack size (kbytes): 0
	Average total size (kbytes): 0
	Maximum resident set size (kbytes): 7657628
	Average resident set size (kbytes): 0
	Major (requiring I/O) page faults: 0
	Minor (reclaiming a frame) page faults: 70990574
	Voluntary context switches: 240965
	Involuntary context switches: 8326
	Swaps: 0
	File system inputs: 0
	File system outputs: 190848
	Socket messages sent: 0
	Socket messages received: 0
	Signals delivered: 0
	Page size (bytes): 4096
	Exit status: 0
My SLURM_ARRAY_TASK_ID:  1
My TMPDIR IS:  /scratch/local/57999692
Input Genome:>>>>>>>>>>>>>>>>>>>>>>>>>>>>>>>>>>>>>>>>>>>  Aspergillus_fumigatus.gbk
Threads used:>>>>>>>>>>>>>>>>>>>>>>>>>>>>>>>>>>>>>>>>>>>  4
GuideMaker
Your CPU supports instructions that this binary was not compiled to use: SSE4.1 SSE4.2 AVX AVX2
For maximum performance, you can install NMSLIB from sources 
pip install --no-binary :all: nmslib
2020-08-28 22:18:11,694: INFO     Temp directory is: /scratch/local/57999692/guidemaker_lyjcoeu6
2020-08-28 22:18:11,694: INFO     Writing fasta file from genbank file(s)
2020-08-28 22:18:11,694: INFO     check if test/test_data/Aspergillus_fumigatus.gbk is gzipped
2020-08-28 22:18:14,547: INFO     Identifying PAM sites in the genome
2020-08-28 22:19:26,674: INFO     Identifing guides that are unique near the PAM site
2020-08-28 22:19:31,513: INFO     Indexing all potential guide sites: 3499744. This is the longest step.
2020-08-28 22:19:46,295: INFO     M                   = 16
2020-08-28 22:19:46,295: INFO     indexThreadQty      = 4
2020-08-28 22:19:46,295: INFO     efConstruction      = 64
2020-08-28 22:19:46,295: INFO     maxM			          = 16
2020-08-28 22:19:46,295: INFO     maxM0			          = 32
2020-08-28 22:19:46,296: INFO     mult                = 0.360674
2020-08-28 22:19:46,296: INFO     skip_optimized_index= 0
2020-08-28 22:19:46,296: INFO     delaunay_type       = 2
2020-08-28 22:19:46,296: INFO     Set HNSW query-time parameters:
2020-08-28 22:19:46,296: INFO     ef(Search)         =20
2020-08-28 22:19:46,296: INFO     algoType           =2

0%   10   20   30   40   50   60   70   80   90   100%
|----|----|----|----|----|----|----|----|----|----|
***************************************************

0%   10   20   30   40   50   60   70   80   90   100%
|----|----|----|----|----|----|----|----|----|----|
****************************************************2020-08-28 22:33:36,753: INFO     No appropriate custom distance function for Hamming (bit-storage) space
2020-08-28 22:33:36,754: INFO     searchMethod			  = 0
2020-08-28 22:33:37,036: INFO     Identifying guides that have a hamming distance <= 3 to all other potential guides
2020-08-28 22:33:37,481: INFO     Set HNSW query-time parameters:
2020-08-28 22:33:37,481: INFO     ef(Search)         =256
2020-08-28 22:33:37,481: INFO     algoType           =2
2020-08-28 22:34:53,574: INFO     Formatting data for BedTools
2020-08-28 22:34:54,093: INFO     Create GuideMaker Annotation object
2020-08-28 22:34:54,093: INFO     Identify genomic features
2020-08-28 22:34:54,093: INFO     check if test/test_data/Aspergillus_fumigatus.gbk is gzipped
2020-08-28 22:34:57,754: INFO     Total number of CDS/locus in the input genome: 9630
2020-08-28 22:34:57,754: INFO     Find genomic features closest the guides
2020-08-28 22:35:01,441: INFO     Select guides that start between +100 and -100 of a feature start
2020-08-28 22:35:01,589: INFO     Select description columns
2020-08-28 22:35:01,694: INFO     Format the output
2020-08-28 22:35:02,017: INFO     creating random control guides
2020-08-28 22:35:50,809: INFO     Number of random control searched: 100000
2020-08-28 22:35:50,809: INFO     Percentage of GC content in the input genome: 48.82
2020-08-28 22:35:50,809: INFO     Total length of the genome: 28.0 MB
2020-08-28 22:35:50,809: INFO     created 10 control guides with a minimum distance of 6 and a median distance of 6
2020-08-28 22:35:50,811: INFO     guidemaker completed, results are at TEST
2020-08-28 22:35:50,812: INFO     PAM sequence: NGG
2020-08-28 22:35:50,812: INFO     PAM orientation: 5prime
2020-08-28 22:35:50,812: INFO     Genome strand(s) searched: both
2020-08-28 22:35:50,812: INFO     Total PAM sites considered: 3499744
2020-08-28 22:35:50,812: INFO     Guide RNA candidates found: 11359
	Command being timed: "guidemaker -i test/test_data/Aspergillus_fumigatus.gbk --pamseq NGG --outdir TEST --pam_orientation 5prime --guidelength 20 --strand both --lcp 10 --dist 3 --before 100 --into 100 --knum 10 --controls 10 --log GuideMaker_57999692_1.log --threads 4"
	User time (seconds): 3776.93
	System time (seconds): 92.88
	Percent of CPU this job got: 362%
	Elapsed (wall clock) time (h:mm:ss or m:ss): 17:46.97
	Average shared text size (kbytes): 0
	Average unshared data size (kbytes): 0
	Average stack size (kbytes): 0
	Average total size (kbytes): 0
	Maximum resident set size (kbytes): 7621828
	Average resident set size (kbytes): 0
	Major (requiring I/O) page faults: 0
	Minor (reclaiming a frame) page faults: 45422940
	Voluntary context switches: 560658
	Involuntary context switches: 256852
	Swaps: 0
	File system inputs: 0
	File system outputs: 190760
	Socket messages sent: 0
	Socket messages received: 0
	Signals delivered: 0
	Page size (bytes): 4096
	Exit status: 0
My SLURM_ARRAY_TASK_ID:  1
My TMPDIR IS:  /scratch/local/57999692
Input Genome:>>>>>>>>>>>>>>>>>>>>>>>>>>>>>>>>>>>>>>>>>>>  Aspergillus_fumigatus.gbk
Threads used:>>>>>>>>>>>>>>>>>>>>>>>>>>>>>>>>>>>>>>>>>>>  8
GuideMaker
Your CPU supports instructions that this binary was not compiled to use: SSE4.1 SSE4.2 AVX AVX2
For maximum performance, you can install NMSLIB from sources 
pip install --no-binary :all: nmslib
2020-08-28 22:35:58,789: INFO     Temp directory is: /scratch/local/57999692/guidemaker_hs8ctkjr
2020-08-28 22:35:58,789: INFO     Writing fasta file from genbank file(s)
2020-08-28 22:35:58,789: INFO     check if test/test_data/Aspergillus_fumigatus.gbk is gzipped
2020-08-28 22:36:01,640: INFO     Identifying PAM sites in the genome
2020-08-28 22:37:13,833: INFO     Identifing guides that are unique near the PAM site
2020-08-28 22:37:18,757: INFO     Indexing all potential guide sites: 3499744. This is the longest step.
2020-08-28 22:37:34,089: INFO     M                   = 16
2020-08-28 22:37:34,089: INFO     indexThreadQty      = 8
2020-08-28 22:37:34,089: INFO     efConstruction      = 64
2020-08-28 22:37:34,089: INFO     maxM			          = 16
2020-08-28 22:37:34,089: INFO     maxM0			          = 32
2020-08-28 22:37:34,089: INFO     mult                = 0.360674
2020-08-28 22:37:34,089: INFO     skip_optimized_index= 0
2020-08-28 22:37:34,089: INFO     delaunay_type       = 2
2020-08-28 22:37:34,089: INFO     Set HNSW query-time parameters:
2020-08-28 22:37:34,089: INFO     ef(Search)         =20
2020-08-28 22:37:34,089: INFO     algoType           =2

0%   10   20   30   40   50   60   70   80   90   100%
|----|----|----|----|----|----|----|----|----|----|
***************************************************

0%   10   20   30   40   50   60   70   80   90   100%
|----|----|----|----|----|----|----|----|----|----|
*******************************************************2020-08-28 22:44:47,642: INFO     No appropriate custom distance function for Hamming (bit-storage) space
2020-08-28 22:44:47,642: INFO     searchMethod			  = 0
2020-08-28 22:44:47,924: INFO     Identifying guides that have a hamming distance <= 3 to all other potential guides
2020-08-28 22:44:48,377: INFO     Set HNSW query-time parameters:
2020-08-28 22:44:48,377: INFO     ef(Search)         =256
2020-08-28 22:44:48,377: INFO     algoType           =2
2020-08-28 22:45:30,064: INFO     Formatting data for BedTools
2020-08-28 22:45:30,578: INFO     Create GuideMaker Annotation object
2020-08-28 22:45:30,579: INFO     Identify genomic features
2020-08-28 22:45:30,580: INFO     check if test/test_data/Aspergillus_fumigatus.gbk is gzipped
2020-08-28 22:45:34,281: INFO     Total number of CDS/locus in the input genome: 9630
2020-08-28 22:45:34,281: INFO     Find genomic features closest the guides
2020-08-28 22:45:38,001: INFO     Select guides that start between +100 and -100 of a feature start
2020-08-28 22:45:38,150: INFO     Select description columns
2020-08-28 22:45:38,254: INFO     Format the output
2020-08-28 22:45:38,601: INFO     creating random control guides
2020-08-28 22:46:04,965: INFO     Number of random control searched: 100000
2020-08-28 22:46:04,966: INFO     Percentage of GC content in the input genome: 48.82
2020-08-28 22:46:04,966: INFO     Total length of the genome: 28.0 MB
2020-08-28 22:46:04,966: INFO     created 10 control guides with a minimum distance of 6 and a median distance of 6
2020-08-28 22:46:04,968: INFO     guidemaker completed, results are at TEST
2020-08-28 22:46:04,968: INFO     PAM sequence: NGG
2020-08-28 22:46:04,968: INFO     PAM orientation: 5prime
2020-08-28 22:46:04,968: INFO     Genome strand(s) searched: both
2020-08-28 22:46:04,968: INFO     Total PAM sites considered: 3499744
2020-08-28 22:46:04,968: INFO     Guide RNA candidates found: 11359
	Command being timed: "guidemaker -i test/test_data/Aspergillus_fumigatus.gbk --pamseq NGG --outdir TEST --pam_orientation 5prime --guidelength 20 --strand both --lcp 10 --dist 3 --before 100 --into 100 --knum 10 --controls 10 --log GuideMaker_57999692_1.log --threads 8"
	User time (seconds): 3897.79
	System time (seconds): 86.07
	Percent of CPU this job got: 649%
	Elapsed (wall clock) time (h:mm:ss or m:ss): 10:13.75
	Average shared text size (kbytes): 0
	Average unshared data size (kbytes): 0
	Average stack size (kbytes): 0
	Average total size (kbytes): 0
	Maximum resident set size (kbytes): 7694256
	Average resident set size (kbytes): 0
	Major (requiring I/O) page faults: 0
	Minor (reclaiming a frame) page faults: 38059828
	Voluntary context switches: 1122023
	Involuntary context switches: 163080
	Swaps: 0
	File system inputs: 0
	File system outputs: 190712
	Socket messages sent: 0
	Socket messages received: 0
	Signals delivered: 0
	Page size (bytes): 4096
	Exit status: 0
My SLURM_ARRAY_TASK_ID:  1
My TMPDIR IS:  /scratch/local/57999692
Input Genome:>>>>>>>>>>>>>>>>>>>>>>>>>>>>>>>>>>>>>>>>>>>  Aspergillus_fumigatus.gbk
Threads used:>>>>>>>>>>>>>>>>>>>>>>>>>>>>>>>>>>>>>>>>>>>  16
GuideMaker
Your CPU supports instructions that this binary was not compiled to use: SSE4.1 SSE4.2 AVX AVX2
For maximum performance, you can install NMSLIB from sources 
pip install --no-binary :all: nmslib
2020-08-28 22:46:12,576: INFO     Temp directory is: /scratch/local/57999692/guidemaker_vxl3q2nh
2020-08-28 22:46:12,577: INFO     Writing fasta file from genbank file(s)
2020-08-28 22:46:12,577: INFO     check if test/test_data/Aspergillus_fumigatus.gbk is gzipped
2020-08-28 22:46:15,414: INFO     Identifying PAM sites in the genome
2020-08-28 22:47:27,848: INFO     Identifing guides that are unique near the PAM site
2020-08-28 22:47:32,667: INFO     Indexing all potential guide sites: 3499744. This is the longest step.
2020-08-28 22:47:47,853: INFO     M                   = 16
2020-08-28 22:47:47,853: INFO     indexThreadQty      = 16
2020-08-28 22:47:47,853: INFO     efConstruction      = 64
2020-08-28 22:47:47,853: INFO     maxM			          = 16
2020-08-28 22:47:47,853: INFO     maxM0			          = 32
2020-08-28 22:47:47,853: INFO     mult                = 0.360674
2020-08-28 22:47:47,853: INFO     skip_optimized_index= 0
2020-08-28 22:47:47,854: INFO     delaunay_type       = 2
2020-08-28 22:47:47,854: INFO     Set HNSW query-time parameters:
2020-08-28 22:47:47,854: INFO     ef(Search)         =20
2020-08-28 22:47:47,854: INFO     algoType           =2

0%   10   20   30   40   50   60   70   80   90   100%
|----|----|----|----|----|----|----|----|----|----|
***************************************************

0%   10   20   30   40   50   60   70   80   90   100%
|----|----|----|----|----|----|----|----|----|----|
****************************************************2020-08-28 22:51:37,911: INFO     No appropriate custom distance function for Hamming (bit-storage) space
2020-08-28 22:51:37,911: INFO     searchMethod			  = 0
2020-08-28 22:51:38,175: INFO     Identifying guides that have a hamming distance <= 3 to all other potential guides
2020-08-28 22:51:38,598: INFO     Set HNSW query-time parameters:
2020-08-28 22:51:38,598: INFO     ef(Search)         =256
2020-08-28 22:51:38,598: INFO     algoType           =2
2020-08-28 22:52:04,305: INFO     Formatting data for BedTools
2020-08-28 22:52:04,839: INFO     Create GuideMaker Annotation object
2020-08-28 22:52:04,839: INFO     Identify genomic features
2020-08-28 22:52:04,839: INFO     check if test/test_data/Aspergillus_fumigatus.gbk is gzipped
2020-08-28 22:52:08,534: INFO     Total number of CDS/locus in the input genome: 9630
2020-08-28 22:52:08,535: INFO     Find genomic features closest the guides
2020-08-28 22:52:12,320: INFO     Select guides that start between +100 and -100 of a feature start
2020-08-28 22:52:12,495: INFO     Select description columns
2020-08-28 22:52:12,599: INFO     Format the output
2020-08-28 22:52:12,950: INFO     creating random control guides
2020-08-28 22:52:28,997: INFO     Number of random control searched: 100000
2020-08-28 22:52:28,998: INFO     Percentage of GC content in the input genome: 48.82
2020-08-28 22:52:28,998: INFO     Total length of the genome: 28.0 MB
2020-08-28 22:52:28,998: INFO     created 10 control guides with a minimum distance of 6 and a median distance of 6
2020-08-28 22:52:29,001: INFO     guidemaker completed, results are at TEST
2020-08-28 22:52:29,001: INFO     PAM sequence: NGG
2020-08-28 22:52:29,001: INFO     PAM orientation: 5prime
2020-08-28 22:52:29,001: INFO     Genome strand(s) searched: both
2020-08-28 22:52:29,001: INFO     Total PAM sites considered: 3499744
2020-08-28 22:52:29,001: INFO     Guide RNA candidates found: 11359
	Command being timed: "guidemaker -i test/test_data/Aspergillus_fumigatus.gbk --pamseq NGG --outdir TEST --pam_orientation 5prime --guidelength 20 --strand both --lcp 10 --dist 3 --before 100 --into 100 --knum 10 --controls 10 --log GuideMaker_57999692_1.log --threads 16"
	User time (seconds): 4064.40
	System time (seconds): 88.18
	Percent of CPU this job got: 1076%
	Elapsed (wall clock) time (h:mm:ss or m:ss): 6:25.63
	Average shared text size (kbytes): 0
	Average unshared data size (kbytes): 0
	Average stack size (kbytes): 0
	Average total size (kbytes): 0
	Maximum resident set size (kbytes): 7835628
	Average resident set size (kbytes): 0
	Major (requiring I/O) page faults: 0
	Minor (reclaiming a frame) page faults: 31292695
	Voluntary context switches: 1619987
	Involuntary context switches: 164951
	Swaps: 0
	File system inputs: 0
	File system outputs: 190696
	Socket messages sent: 0
	Socket messages received: 0
	Signals delivered: 0
	Page size (bytes): 4096
	Exit status: 0
My SLURM_ARRAY_TASK_ID:  1
My TMPDIR IS:  /scratch/local/57999692
Input Genome:>>>>>>>>>>>>>>>>>>>>>>>>>>>>>>>>>>>>>>>>>>>  Aspergillus_fumigatus.gbk
Threads used:>>>>>>>>>>>>>>>>>>>>>>>>>>>>>>>>>>>>>>>>>>>  32
GuideMaker
Your CPU supports instructions that this binary was not compiled to use: SSE4.1 SSE4.2 AVX AVX2
For maximum performance, you can install NMSLIB from sources 
pip install --no-binary :all: nmslib
2020-08-28 22:52:38,138: INFO     Temp directory is: /scratch/local/57999692/guidemaker_d7mxy997
2020-08-28 22:52:38,138: INFO     Writing fasta file from genbank file(s)
2020-08-28 22:52:38,138: INFO     check if test/test_data/Aspergillus_fumigatus.gbk is gzipped
2020-08-28 22:52:41,020: INFO     Identifying PAM sites in the genome
2020-08-28 22:53:55,350: INFO     Identifing guides that are unique near the PAM site
2020-08-28 22:54:00,198: INFO     Indexing all potential guide sites: 3499744. This is the longest step.
2020-08-28 22:54:16,045: INFO     M                   = 16
2020-08-28 22:54:16,045: INFO     indexThreadQty      = 32
2020-08-28 22:54:16,045: INFO     efConstruction      = 64
2020-08-28 22:54:16,045: INFO     maxM			          = 16
2020-08-28 22:54:16,045: INFO     maxM0			          = 32
2020-08-28 22:54:16,045: INFO     mult                = 0.360674
2020-08-28 22:54:16,045: INFO     skip_optimized_index= 0
2020-08-28 22:54:16,045: INFO     delaunay_type       = 2
2020-08-28 22:54:16,045: INFO     Set HNSW query-time parameters:
2020-08-28 22:54:16,045: INFO     ef(Search)         =20
2020-08-28 22:54:16,045: INFO     algoType           =2

0%   10   20   30   40   50   60   70   80   90   100%
|----|----|----|----|----|----|----|----|----|----|
***************************************************

0%   10   20   30   40   50   60   70   80   90   100%
|----|----|----|----|----|----|----|----|----|----|
******************************************************2020-08-28 22:56:28,197: INFO     No appropriate custom distance function for Hamming (bit-storage) space
2020-08-28 22:56:28,197: INFO     searchMethod			  = 0
2020-08-28 22:56:28,481: INFO     Identifying guides that have a hamming distance <= 3 to all other potential guides
2020-08-28 22:56:28,911: INFO     Set HNSW query-time parameters:
2020-08-28 22:56:28,912: INFO     ef(Search)         =256
2020-08-28 22:56:28,912: INFO     algoType           =2
2020-08-28 22:56:46,790: INFO     Formatting data for BedTools
2020-08-28 22:56:47,310: INFO     Create GuideMaker Annotation object
2020-08-28 22:56:47,311: INFO     Identify genomic features
2020-08-28 22:56:47,311: INFO     check if test/test_data/Aspergillus_fumigatus.gbk is gzipped
2020-08-28 22:56:50,986: INFO     Total number of CDS/locus in the input genome: 9630
2020-08-28 22:56:50,987: INFO     Find genomic features closest the guides
2020-08-28 22:56:54,490: INFO     Select guides that start between +100 and -100 of a feature start
2020-08-28 22:56:54,636: INFO     Select description columns
2020-08-28 22:56:54,726: INFO     Format the output
2020-08-28 22:56:55,016: INFO     creating random control guides
2020-08-28 22:57:06,316: INFO     Number of random control searched: 100000
2020-08-28 22:57:06,317: INFO     Percentage of GC content in the input genome: 48.82
2020-08-28 22:57:06,317: INFO     Total length of the genome: 28.0 MB
2020-08-28 22:57:06,317: INFO     created 10 control guides with a minimum distance of 6 and a median distance of 6
2020-08-28 22:57:06,319: INFO     guidemaker completed, results are at TEST
2020-08-28 22:57:06,319: INFO     PAM sequence: NGG
2020-08-28 22:57:06,319: INFO     PAM orientation: 5prime
2020-08-28 22:57:06,319: INFO     Genome strand(s) searched: both
2020-08-28 22:57:06,319: INFO     Total PAM sites considered: 3499744
2020-08-28 22:57:06,319: INFO     Guide RNA candidates found: 11359
	Command being timed: "guidemaker -i test/test_data/Aspergillus_fumigatus.gbk --pamseq NGG --outdir TEST --pam_orientation 5prime --guidelength 20 --strand both --lcp 10 --dist 3 --before 100 --into 100 --knum 10 --controls 10 --log GuideMaker_57999692_1.log --threads 32"
	User time (seconds): 4357.29
	System time (seconds): 146.81
	Percent of CPU this job got: 1628%
	Elapsed (wall clock) time (h:mm:ss or m:ss): 4:36.50
	Average shared text size (kbytes): 0
	Average unshared data size (kbytes): 0
	Average stack size (kbytes): 0
	Average total size (kbytes): 0
	Maximum resident set size (kbytes): 7938852
	Average resident set size (kbytes): 0
	Major (requiring I/O) page faults: 0
	Minor (reclaiming a frame) page faults: 30148505
	Voluntary context switches: 4083011
	Involuntary context switches: 1195695
	Swaps: 0
	File system inputs: 0
	File system outputs: 190664
	Socket messages sent: 0
	Socket messages received: 0
	Signals delivered: 0
	Page size (bytes): 4096
	Exit status: 0
