Wed Aug 19 20:22:43 EDT 2020
c35b-s28.ufhpc
/blue/garrett/rp3448/analysis/guidemaker/nonAVXGuidemaker/GuideMaker

     active environment : nonAVX2
    active env location : /home/rp3448/.conda/envs/nonAVX2
            shell level : 2
       user config file : /home/rp3448/.condarc
 populated config files : /home/rp3448/.condarc
          conda version : 4.8.3
    conda-build version : not installed
         python version : 3.8.3.final.0
       virtual packages : __glibc=2.17
       base environment : /apps/conda/4.8.3.0  (read only)
           channel URLs : https://conda.anaconda.org/biobakery/linux-64
                          https://conda.anaconda.org/biobakery/noarch
                          https://conda.anaconda.org/conda-forge/linux-64
                          https://conda.anaconda.org/conda-forge/noarch
                          https://conda.anaconda.org/bioconda/linux-64
                          https://conda.anaconda.org/bioconda/noarch
                          https://repo.anaconda.com/pkgs/main/linux-64
                          https://repo.anaconda.com/pkgs/main/noarch
                          https://repo.anaconda.com/pkgs/r/linux-64
                          https://repo.anaconda.com/pkgs/r/noarch
          package cache : /apps/conda/4.8.3.0/pkgs
                          /home/rp3448/.conda/pkgs
       envs directories : /home/rp3448/.conda/envs
                          /apps/conda/4.8.3.0/envs
               platform : linux-64
             user-agent : conda/4.8.3 requests/2.23.0 CPython/3.8.3 Linux/3.10.0-1062.18.1.el7.x86_64 rhel/7.7 glibc/2.17
                UID:GID : 6472:3511
             netrc file : None
           offline mode : False

My SLURM_ARRAY_TASK_ID:  2
My TMPDIR IS:  /scratch/local/57682877
Input Genome:>>>>>>>>>>>>>>>>>>>>>>>>>>>>>>>>>>>>>>>>>>>  Pseudomonas_aeruginosa_PAO1_107.gbk
Threads used:>>>>>>>>>>>>>>>>>>>>>>>>>>>>>>>>>>>>>>>>>>>  1
GuideMaker
Your CPU supports instructions that this binary was not compiled to use: SSE4.1 SSE4.2 AVX AVX2
For maximum performance, you can install NMSLIB from sources 
pip install --no-binary :all: nmslib
2020-08-19 20:22:47,807: INFO     Temp directory is: /scratch/local/57682877/guidemaker_eyb8acpb
2020-08-19 20:22:47,807: INFO     Writing fasta file from genbank file(s)
2020-08-19 20:22:47,808: INFO     check if test/test_data/Pseudomonas_aeruginosa_PAO1_107.gbk is gzipped
/home/rp3448/.conda/envs/nonAVX2/lib/python3.7/site-packages/Bio/GenBank/Scanner.py:1400: BiopythonParserWarning: Truncated LOCUS line found - is this correct?
:'LOCUS       NC_002516            6264404 bp    dna     circular UNK \n'
  BiopythonParserWarning,
/home/rp3448/.conda/envs/nonAVX2/lib/python3.7/site-packages/Bio/GenBank/__init__.py:762: BiopythonParserWarning: Non-upper case molecule type in LOCUS line: dna
  BiopythonParserWarning,
2020-08-19 20:22:48,685: INFO     Identifying PAM sites in the genome
2020-08-19 20:23:13,613: INFO     Identifing guides that are unique near the PAM site
2020-08-19 20:23:15,189: INFO     Indexing all potential guide sites: 1171800. This is the longest step.
2020-08-19 20:23:20,398: INFO     M                   = 16
2020-08-19 20:23:20,398: INFO     indexThreadQty      = 1
2020-08-19 20:23:20,398: INFO     efConstruction      = 64
2020-08-19 20:23:20,398: INFO     maxM			          = 16
2020-08-19 20:23:20,398: INFO     maxM0			          = 32
2020-08-19 20:23:20,398: INFO     mult                = 0.360674
2020-08-19 20:23:20,399: INFO     skip_optimized_index= 0
2020-08-19 20:23:20,399: INFO     delaunay_type       = 2
2020-08-19 20:23:20,399: INFO     Set HNSW query-time parameters:
2020-08-19 20:23:20,399: INFO     ef(Search)         =20
2020-08-19 20:23:20,399: INFO     algoType           =2

0%   10   20   30   40   50   60   70   80   90   100%
|----|----|----|----|----|----|----|----|----|----|
***************************************************

0%   10   20   30   40   50   60   70   80   90   100%
|----|----|----|----|----|----|----|----|----|----|
***************************************************
*2020-08-19 20:35:42,364: INFO     No appropriate custom distance function for Hamming (bit-storage) space
2020-08-19 20:35:42,365: INFO     searchMethod			  = 0
2020-08-19 20:35:42,463: INFO     Identifying guides that have a hamming distance <= 3 to all other potential guides
2020-08-19 20:35:42,808: INFO     Set HNSW query-time parameters:
2020-08-19 20:35:42,808: INFO     ef(Search)         =256
2020-08-19 20:35:42,808: INFO     algoType           =2
2020-08-19 20:39:12,917: INFO     Formatting data for BedTools
2020-08-19 20:39:13,333: INFO     Create GuideMaker Annotation object
2020-08-19 20:39:13,333: INFO     Identify genomic features
2020-08-19 20:39:13,333: INFO     check if test/test_data/Pseudomonas_aeruginosa_PAO1_107.gbk is gzipped
2020-08-19 20:39:14,702: INFO     Total number of CDS/locus in the input genome: 5584
2020-08-19 20:39:14,702: INFO     Find genomic features closest the guides
2020-08-19 20:39:17,416: INFO     Select guides that start between +100 and -100 of a feature start
2020-08-19 20:39:17,610: INFO     Select description columns
2020-08-19 20:39:17,665: INFO     Format the output
2020-08-19 20:39:18,851: INFO     creating random control guides
2020-08-19 20:41:48,594: INFO     created 10 control guides with a minimum distance of 7 and a median distance of 7
2020-08-19 20:41:48,608: INFO     guidemaker completed, results are at TEST
2020-08-19 20:41:48,609: INFO     PAM sequence: NGG
2020-08-19 20:41:48,609: INFO     PAM orientation: 5prime
2020-08-19 20:41:48,609: INFO     Genome strand(s) searched: both
2020-08-19 20:41:48,609: INFO     Total PAM sites considered: 1171800
2020-08-19 20:41:48,609: INFO     Guide RNA candidates found: 45720
Number of random control searched:  100000
	Command being timed: "guidemaker -i test/test_data/Pseudomonas_aeruginosa_PAO1_107.gbk --pamseq NGG --outdir TEST --pam_orientation 5prime --guidelength 20 --strand both --lcp 10 --dist 3 --before 100 --into 100 --knum 10 --controls 10 --log GuideMaker_57682877_2.log --threads 1"
	User time (seconds): 1137.18
	System time (seconds): 9.69
	Percent of CPU this job got: 100%
	Elapsed (wall clock) time (h:mm:ss or m:ss): 19:04.30
	Average shared text size (kbytes): 0
	Average unshared data size (kbytes): 0
	Average stack size (kbytes): 0
	Average total size (kbytes): 0
	Maximum resident set size (kbytes): 2739648
	Average resident set size (kbytes): 0
	Major (requiring I/O) page faults: 0
	Minor (reclaiming a frame) page faults: 7635207
	Voluntary context switches: 3072
	Involuntary context switches: 295911
	Swaps: 0
	File system inputs: 29424
	File system outputs: 185560
	Socket messages sent: 0
	Socket messages received: 0
	Signals delivered: 0
	Page size (bytes): 4096
	Exit status: 0
My SLURM_ARRAY_TASK_ID:  2
My TMPDIR IS:  /scratch/local/57682877
Input Genome:>>>>>>>>>>>>>>>>>>>>>>>>>>>>>>>>>>>>>>>>>>>  Pseudomonas_aeruginosa_PAO1_107.gbk
Threads used:>>>>>>>>>>>>>>>>>>>>>>>>>>>>>>>>>>>>>>>>>>>  2
GuideMaker
Your CPU supports instructions that this binary was not compiled to use: SSE4.1 SSE4.2 AVX AVX2
For maximum performance, you can install NMSLIB from sources 
pip install --no-binary :all: nmslib
2020-08-19 20:41:52,168: INFO     Temp directory is: /scratch/local/57682877/guidemaker_4yi36oyc
2020-08-19 20:41:52,168: INFO     Writing fasta file from genbank file(s)
2020-08-19 20:41:52,169: INFO     check if test/test_data/Pseudomonas_aeruginosa_PAO1_107.gbk is gzipped
/home/rp3448/.conda/envs/nonAVX2/lib/python3.7/site-packages/Bio/GenBank/Scanner.py:1400: BiopythonParserWarning: Truncated LOCUS line found - is this correct?
:'LOCUS       NC_002516            6264404 bp    dna     circular UNK \n'
  BiopythonParserWarning,
/home/rp3448/.conda/envs/nonAVX2/lib/python3.7/site-packages/Bio/GenBank/__init__.py:762: BiopythonParserWarning: Non-upper case molecule type in LOCUS line: dna
  BiopythonParserWarning,
2020-08-19 20:41:52,962: INFO     Identifying PAM sites in the genome
2020-08-19 20:42:17,196: INFO     Identifing guides that are unique near the PAM site
2020-08-19 20:42:18,723: INFO     Indexing all potential guide sites: 1171800. This is the longest step.
2020-08-19 20:42:23,819: INFO     M                   = 16
2020-08-19 20:42:23,820: INFO     indexThreadQty      = 2
2020-08-19 20:42:23,820: INFO     efConstruction      = 64
2020-08-19 20:42:23,820: INFO     maxM			          = 16
2020-08-19 20:42:23,820: INFO     maxM0			          = 32
2020-08-19 20:42:23,820: INFO     mult                = 0.360674
2020-08-19 20:42:23,820: INFO     skip_optimized_index= 0
2020-08-19 20:42:23,820: INFO     delaunay_type       = 2
2020-08-19 20:42:23,820: INFO     Set HNSW query-time parameters:
2020-08-19 20:42:23,820: INFO     ef(Search)         =20
2020-08-19 20:42:23,820: INFO     algoType           =2

0%   10   20   30   40   50   60   70   80   90   100%
|----|----|----|----|----|----|----|----|----|----|
***************************************************

0%   10   20   30   40   50   60   70   80   90   100%
|----|----|----|----|----|----|----|----|----|----|
****************************************************2020-08-19 20:49:30,518: INFO     No appropriate custom distance function for Hamming (bit-storage) space
2020-08-19 20:49:30,519: INFO     searchMethod			  = 0
2020-08-19 20:49:30,623: INFO     Identifying guides that have a hamming distance <= 3 to all other potential guides
2020-08-19 20:49:31,005: INFO     Set HNSW query-time parameters:
2020-08-19 20:49:31,005: INFO     ef(Search)         =256
2020-08-19 20:49:31,005: INFO     algoType           =2
2020-08-19 20:51:37,981: INFO     Formatting data for BedTools
2020-08-19 20:51:38,371: INFO     Create GuideMaker Annotation object
2020-08-19 20:51:38,372: INFO     Identify genomic features
2020-08-19 20:51:38,372: INFO     check if test/test_data/Pseudomonas_aeruginosa_PAO1_107.gbk is gzipped
2020-08-19 20:51:39,746: INFO     Total number of CDS/locus in the input genome: 5584
2020-08-19 20:51:39,746: INFO     Find genomic features closest the guides
2020-08-19 20:51:42,389: INFO     Select guides that start between +100 and -100 of a feature start
2020-08-19 20:51:42,590: INFO     Select description columns
2020-08-19 20:51:42,639: INFO     Format the output
2020-08-19 20:51:43,695: INFO     creating random control guides
2020-08-19 20:53:09,753: INFO     created 10 control guides with a minimum distance of 7 and a median distance of 7
2020-08-19 20:53:09,759: INFO     guidemaker completed, results are at TEST
2020-08-19 20:53:09,759: INFO     PAM sequence: NGG
2020-08-19 20:53:09,759: INFO     PAM orientation: 5prime
2020-08-19 20:53:09,759: INFO     Genome strand(s) searched: both
2020-08-19 20:53:09,759: INFO     Total PAM sites considered: 1171800
2020-08-19 20:53:09,759: INFO     Guide RNA candidates found: 45720
Number of random control searched:  100000
	Command being timed: "guidemaker -i test/test_data/Pseudomonas_aeruginosa_PAO1_107.gbk --pamseq NGG --outdir TEST --pam_orientation 5prime --guidelength 20 --strand both --lcp 10 --dist 3 --before 100 --into 100 --knum 10 --controls 10 --log GuideMaker_57682877_2.log --threads 2"
	User time (seconds): 1260.60
	System time (seconds): 46.18
	Percent of CPU this job got: 191%
	Elapsed (wall clock) time (h:mm:ss or m:ss): 11:20.82
	Average shared text size (kbytes): 0
	Average unshared data size (kbytes): 0
	Average stack size (kbytes): 0
	Average total size (kbytes): 0
	Maximum resident set size (kbytes): 2853908
	Average resident set size (kbytes): 0
	Major (requiring I/O) page faults: 0
	Minor (reclaiming a frame) page faults: 25758125
	Voluntary context switches: 74592
	Involuntary context switches: 59937
	Swaps: 0
	File system inputs: 8
	File system outputs: 185392
	Socket messages sent: 0
	Socket messages received: 0
	Signals delivered: 0
	Page size (bytes): 4096
	Exit status: 0
My SLURM_ARRAY_TASK_ID:  2
My TMPDIR IS:  /scratch/local/57682877
Input Genome:>>>>>>>>>>>>>>>>>>>>>>>>>>>>>>>>>>>>>>>>>>>  Pseudomonas_aeruginosa_PAO1_107.gbk
Threads used:>>>>>>>>>>>>>>>>>>>>>>>>>>>>>>>>>>>>>>>>>>>  4
GuideMaker
Your CPU supports instructions that this binary was not compiled to use: SSE4.1 SSE4.2 AVX AVX2
For maximum performance, you can install NMSLIB from sources 
pip install --no-binary :all: nmslib
2020-08-19 20:53:13,020: INFO     Temp directory is: /scratch/local/57682877/guidemaker_m2_205oj
2020-08-19 20:53:13,021: INFO     Writing fasta file from genbank file(s)
2020-08-19 20:53:13,021: INFO     check if test/test_data/Pseudomonas_aeruginosa_PAO1_107.gbk is gzipped
/home/rp3448/.conda/envs/nonAVX2/lib/python3.7/site-packages/Bio/GenBank/Scanner.py:1400: BiopythonParserWarning: Truncated LOCUS line found - is this correct?
:'LOCUS       NC_002516            6264404 bp    dna     circular UNK \n'
  BiopythonParserWarning,
/home/rp3448/.conda/envs/nonAVX2/lib/python3.7/site-packages/Bio/GenBank/__init__.py:762: BiopythonParserWarning: Non-upper case molecule type in LOCUS line: dna
  BiopythonParserWarning,
2020-08-19 20:53:13,820: INFO     Identifying PAM sites in the genome
2020-08-19 20:53:39,050: INFO     Identifing guides that are unique near the PAM site
2020-08-19 20:53:40,561: INFO     Indexing all potential guide sites: 1171800. This is the longest step.
2020-08-19 20:53:46,201: INFO     M                   = 16
2020-08-19 20:53:46,202: INFO     indexThreadQty      = 4
2020-08-19 20:53:46,202: INFO     efConstruction      = 64
2020-08-19 20:53:46,202: INFO     maxM			          = 16
2020-08-19 20:53:46,202: INFO     maxM0			          = 32
2020-08-19 20:53:46,202: INFO     mult                = 0.360674
2020-08-19 20:53:46,202: INFO     skip_optimized_index= 0
2020-08-19 20:53:46,202: INFO     delaunay_type       = 2
2020-08-19 20:53:46,202: INFO     Set HNSW query-time parameters:
2020-08-19 20:53:46,202: INFO     ef(Search)         =20
2020-08-19 20:53:46,202: INFO     algoType           =2

0%   10   20   30   40   50   60   70   80   90   100%
|----|----|----|----|----|----|----|----|----|----|
***************************************************

0%   10   20   30   40   50   60   70   80   90   100%
|----|----|----|----|----|----|----|----|----|----|
****************************************************2020-08-19 20:57:24,318: INFO     No appropriate custom distance function for Hamming (bit-storage) space
2020-08-19 20:57:24,318: INFO     searchMethod			  = 0
2020-08-19 20:57:24,433: INFO     Identifying guides that have a hamming distance <= 3 to all other potential guides
2020-08-19 20:57:24,805: INFO     Set HNSW query-time parameters:
2020-08-19 20:57:24,805: INFO     ef(Search)         =256
2020-08-19 20:57:24,805: INFO     algoType           =2
2020-08-19 20:58:32,625: INFO     Formatting data for BedTools
2020-08-19 20:58:33,006: INFO     Create GuideMaker Annotation object
2020-08-19 20:58:33,006: INFO     Identify genomic features
2020-08-19 20:58:33,007: INFO     check if test/test_data/Pseudomonas_aeruginosa_PAO1_107.gbk is gzipped
2020-08-19 20:58:34,368: INFO     Total number of CDS/locus in the input genome: 5584
2020-08-19 20:58:34,368: INFO     Find genomic features closest the guides
2020-08-19 20:58:37,116: INFO     Select guides that start between +100 and -100 of a feature start
2020-08-19 20:58:37,289: INFO     Select description columns
2020-08-19 20:58:37,336: INFO     Format the output
2020-08-19 20:58:38,384: INFO     creating random control guides
2020-08-19 20:59:23,571: INFO     created 10 control guides with a minimum distance of 7 and a median distance of 7
2020-08-19 20:59:23,574: INFO     guidemaker completed, results are at TEST
2020-08-19 20:59:23,574: INFO     PAM sequence: NGG
2020-08-19 20:59:23,574: INFO     PAM orientation: 5prime
2020-08-19 20:59:23,574: INFO     Genome strand(s) searched: both
2020-08-19 20:59:23,574: INFO     Total PAM sites considered: 1171800
2020-08-19 20:59:23,574: INFO     Guide RNA candidates found: 45720
Number of random control searched:  100000
	Command being timed: "guidemaker -i test/test_data/Pseudomonas_aeruginosa_PAO1_107.gbk --pamseq NGG --outdir TEST --pam_orientation 5prime --guidelength 20 --strand both --lcp 10 --dist 3 --before 100 --into 100 --knum 10 --controls 10 --log GuideMaker_57682877_2.log --threads 4"
	User time (seconds): 1287.30
	System time (seconds): 32.58
	Percent of CPU this job got: 353%
	Elapsed (wall clock) time (h:mm:ss or m:ss): 6:13.79
	Average shared text size (kbytes): 0
	Average unshared data size (kbytes): 0
	Average stack size (kbytes): 0
	Average total size (kbytes): 0
	Maximum resident set size (kbytes): 2851208
	Average resident set size (kbytes): 0
	Major (requiring I/O) page faults: 0
	Minor (reclaiming a frame) page faults: 17126345
	Voluntary context switches: 158483
	Involuntary context switches: 243621
	Swaps: 0
	File system inputs: 0
	File system outputs: 185304
	Socket messages sent: 0
	Socket messages received: 0
	Signals delivered: 0
	Page size (bytes): 4096
	Exit status: 0
My SLURM_ARRAY_TASK_ID:  2
My TMPDIR IS:  /scratch/local/57682877
Input Genome:>>>>>>>>>>>>>>>>>>>>>>>>>>>>>>>>>>>>>>>>>>>  Pseudomonas_aeruginosa_PAO1_107.gbk
Threads used:>>>>>>>>>>>>>>>>>>>>>>>>>>>>>>>>>>>>>>>>>>>  8
GuideMaker
Your CPU supports instructions that this binary was not compiled to use: SSE4.1 SSE4.2 AVX AVX2
For maximum performance, you can install NMSLIB from sources 
pip install --no-binary :all: nmslib
2020-08-19 20:59:26,798: INFO     Temp directory is: /scratch/local/57682877/guidemaker_mopjz48i
2020-08-19 20:59:26,798: INFO     Writing fasta file from genbank file(s)
2020-08-19 20:59:26,798: INFO     check if test/test_data/Pseudomonas_aeruginosa_PAO1_107.gbk is gzipped
/home/rp3448/.conda/envs/nonAVX2/lib/python3.7/site-packages/Bio/GenBank/Scanner.py:1400: BiopythonParserWarning: Truncated LOCUS line found - is this correct?
:'LOCUS       NC_002516            6264404 bp    dna     circular UNK \n'
  BiopythonParserWarning,
/home/rp3448/.conda/envs/nonAVX2/lib/python3.7/site-packages/Bio/GenBank/__init__.py:762: BiopythonParserWarning: Non-upper case molecule type in LOCUS line: dna
  BiopythonParserWarning,
2020-08-19 20:59:27,594: INFO     Identifying PAM sites in the genome
2020-08-19 20:59:52,724: INFO     Identifing guides that are unique near the PAM site
2020-08-19 20:59:54,259: INFO     Indexing all potential guide sites: 1171800. This is the longest step.
2020-08-19 20:59:59,396: INFO     M                   = 16
2020-08-19 20:59:59,397: INFO     indexThreadQty      = 8
2020-08-19 20:59:59,397: INFO     efConstruction      = 64
2020-08-19 20:59:59,397: INFO     maxM			          = 16
2020-08-19 20:59:59,397: INFO     maxM0			          = 32
2020-08-19 20:59:59,397: INFO     mult                = 0.360674
2020-08-19 20:59:59,397: INFO     skip_optimized_index= 0
2020-08-19 20:59:59,397: INFO     delaunay_type       = 2
2020-08-19 20:59:59,397: INFO     Set HNSW query-time parameters:
2020-08-19 20:59:59,397: INFO     ef(Search)         =20
2020-08-19 20:59:59,397: INFO     algoType           =2

0%   10   20   30   40   50   60   70   80   90   100%
|----|----|----|----|----|----|----|----|----|----|
***************************************************

0%   10   20   30   40   50   60   70   80   90   100%
|----|----|----|----|----|----|----|----|----|----|
****************************************************2020-08-19 21:01:55,504: INFO     No appropriate custom distance function for Hamming (bit-storage) space
2020-08-19 21:01:55,504: INFO     searchMethod			  = 0
2020-08-19 21:01:55,613: INFO     Identifying guides that have a hamming distance <= 3 to all other potential guides
2020-08-19 21:01:55,974: INFO     Set HNSW query-time parameters:
2020-08-19 21:01:55,974: INFO     ef(Search)         =256
2020-08-19 21:01:55,974: INFO     algoType           =2
2020-08-19 21:02:34,448: INFO     Formatting data for BedTools
2020-08-19 21:02:34,832: INFO     Create GuideMaker Annotation object
2020-08-19 21:02:34,832: INFO     Identify genomic features
2020-08-19 21:02:34,833: INFO     check if test/test_data/Pseudomonas_aeruginosa_PAO1_107.gbk is gzipped
2020-08-19 21:02:36,200: INFO     Total number of CDS/locus in the input genome: 5584
2020-08-19 21:02:36,200: INFO     Find genomic features closest the guides
2020-08-19 21:02:38,842: INFO     Select guides that start between +100 and -100 of a feature start
2020-08-19 21:02:39,015: INFO     Select description columns
2020-08-19 21:02:39,063: INFO     Format the output
2020-08-19 21:02:40,092: INFO     creating random control guides
2020-08-19 21:03:06,279: INFO     created 10 control guides with a minimum distance of 7 and a median distance of 7
2020-08-19 21:03:06,281: INFO     guidemaker completed, results are at TEST
2020-08-19 21:03:06,282: INFO     PAM sequence: NGG
2020-08-19 21:03:06,282: INFO     PAM orientation: 5prime
2020-08-19 21:03:06,282: INFO     Genome strand(s) searched: both
2020-08-19 21:03:06,282: INFO     Total PAM sites considered: 1171800
2020-08-19 21:03:06,282: INFO     Guide RNA candidates found: 45720
Number of random control searched:  100000
	Command being timed: "guidemaker -i test/test_data/Pseudomonas_aeruginosa_PAO1_107.gbk --pamseq NGG --outdir TEST --pam_orientation 5prime --guidelength 20 --strand both --lcp 10 --dist 3 --before 100 --into 100 --knum 10 --controls 10 --log GuideMaker_57682877_2.log --threads 8"
	User time (seconds): 1343.05
	System time (seconds): 33.42
	Percent of CPU this job got: 617%
	Elapsed (wall clock) time (h:mm:ss or m:ss): 3:42.88
	Average shared text size (kbytes): 0
	Average unshared data size (kbytes): 0
	Average stack size (kbytes): 0
	Average total size (kbytes): 0
	Maximum resident set size (kbytes): 2880144
	Average resident set size (kbytes): 0
	Major (requiring I/O) page faults: 0
	Minor (reclaiming a frame) page faults: 16219014
	Voluntary context switches: 228386
	Involuntary context switches: 2859
	Swaps: 0
	File system inputs: 8
	File system outputs: 185256
	Socket messages sent: 0
	Socket messages received: 0
	Signals delivered: 0
	Page size (bytes): 4096
	Exit status: 0
My SLURM_ARRAY_TASK_ID:  2
My TMPDIR IS:  /scratch/local/57682877
Input Genome:>>>>>>>>>>>>>>>>>>>>>>>>>>>>>>>>>>>>>>>>>>>  Pseudomonas_aeruginosa_PAO1_107.gbk
Threads used:>>>>>>>>>>>>>>>>>>>>>>>>>>>>>>>>>>>>>>>>>>>  16
GuideMaker
Your CPU supports instructions that this binary was not compiled to use: SSE4.1 SSE4.2 AVX AVX2
For maximum performance, you can install NMSLIB from sources 
pip install --no-binary :all: nmslib
2020-08-19 21:03:09,703: INFO     Temp directory is: /scratch/local/57682877/guidemaker_3edfgap5
2020-08-19 21:03:09,704: INFO     Writing fasta file from genbank file(s)
2020-08-19 21:03:09,704: INFO     check if test/test_data/Pseudomonas_aeruginosa_PAO1_107.gbk is gzipped
/home/rp3448/.conda/envs/nonAVX2/lib/python3.7/site-packages/Bio/GenBank/Scanner.py:1400: BiopythonParserWarning: Truncated LOCUS line found - is this correct?
:'LOCUS       NC_002516            6264404 bp    dna     circular UNK \n'
  BiopythonParserWarning,
/home/rp3448/.conda/envs/nonAVX2/lib/python3.7/site-packages/Bio/GenBank/__init__.py:762: BiopythonParserWarning: Non-upper case molecule type in LOCUS line: dna
  BiopythonParserWarning,
2020-08-19 21:03:10,502: INFO     Identifying PAM sites in the genome
2020-08-19 21:03:34,900: INFO     Identifing guides that are unique near the PAM site
2020-08-19 21:03:36,439: INFO     Indexing all potential guide sites: 1171800. This is the longest step.
2020-08-19 21:03:41,438: INFO     M                   = 16
2020-08-19 21:03:41,439: INFO     indexThreadQty      = 16
2020-08-19 21:03:41,439: INFO     efConstruction      = 64
2020-08-19 21:03:41,439: INFO     maxM			          = 16
2020-08-19 21:03:41,439: INFO     maxM0			          = 32
2020-08-19 21:03:41,439: INFO     mult                = 0.360674
2020-08-19 21:03:41,439: INFO     skip_optimized_index= 0
2020-08-19 21:03:41,439: INFO     delaunay_type       = 2
2020-08-19 21:03:41,439: INFO     Set HNSW query-time parameters:
2020-08-19 21:03:41,439: INFO     ef(Search)         =20
2020-08-19 21:03:41,439: INFO     algoType           =2

0%   10   20   30   40   50   60   70   80   90   100%
|----|----|----|----|----|----|----|----|----|----|
***************************************************

0%   10   20   30   40   50   60   70   80   90   100%
|----|----|----|----|----|----|----|----|----|----|
****************************************************2020-08-19 21:04:46,853: INFO     No appropriate custom distance function for Hamming (bit-storage) space
2020-08-19 21:04:46,854: INFO     searchMethod			  = 0
2020-08-19 21:04:46,957: INFO     Identifying guides that have a hamming distance <= 3 to all other potential guides
2020-08-19 21:04:47,298: INFO     Set HNSW query-time parameters:
2020-08-19 21:04:47,298: INFO     ef(Search)         =256
2020-08-19 21:04:47,298: INFO     algoType           =2
2020-08-19 21:05:11,889: INFO     Formatting data for BedTools
2020-08-19 21:05:12,282: INFO     Create GuideMaker Annotation object
2020-08-19 21:05:12,282: INFO     Identify genomic features
2020-08-19 21:05:12,282: INFO     check if test/test_data/Pseudomonas_aeruginosa_PAO1_107.gbk is gzipped
2020-08-19 21:05:13,666: INFO     Total number of CDS/locus in the input genome: 5584
2020-08-19 21:05:13,667: INFO     Find genomic features closest the guides
2020-08-19 21:05:16,339: INFO     Select guides that start between +100 and -100 of a feature start
2020-08-19 21:05:16,516: INFO     Select description columns
2020-08-19 21:05:16,564: INFO     Format the output
2020-08-19 21:05:17,605: INFO     creating random control guides
2020-08-19 21:05:34,760: INFO     created 10 control guides with a minimum distance of 7 and a median distance of 7
2020-08-19 21:05:34,763: INFO     guidemaker completed, results are at TEST
2020-08-19 21:05:34,763: INFO     PAM sequence: NGG
2020-08-19 21:05:34,763: INFO     PAM orientation: 5prime
2020-08-19 21:05:34,763: INFO     Genome strand(s) searched: both
2020-08-19 21:05:34,763: INFO     Total PAM sites considered: 1171800
2020-08-19 21:05:34,763: INFO     Guide RNA candidates found: 45720
Number of random control searched:  100000
	Command being timed: "guidemaker -i test/test_data/Pseudomonas_aeruginosa_PAO1_107.gbk --pamseq NGG --outdir TEST --pam_orientation 5prime --guidelength 20 --strand both --lcp 10 --dist 3 --before 100 --into 100 --knum 10 --controls 10 --log GuideMaker_57682877_2.log --threads 16"
	User time (seconds): 1476.63
	System time (seconds): 42.02
	Percent of CPU this job got: 1021%
	Elapsed (wall clock) time (h:mm:ss or m:ss): 2:28.60
	Average shared text size (kbytes): 0
	Average unshared data size (kbytes): 0
	Average stack size (kbytes): 0
	Average total size (kbytes): 0
	Maximum resident set size (kbytes): 2927208
	Average resident set size (kbytes): 0
	Major (requiring I/O) page faults: 0
	Minor (reclaiming a frame) page faults: 12499557
	Voluntary context switches: 511490
	Involuntary context switches: 246707
	Swaps: 0
	File system inputs: 0
	File system outputs: 185216
	Socket messages sent: 0
	Socket messages received: 0
	Signals delivered: 0
	Page size (bytes): 4096
	Exit status: 0
My SLURM_ARRAY_TASK_ID:  2
My TMPDIR IS:  /scratch/local/57682877
Input Genome:>>>>>>>>>>>>>>>>>>>>>>>>>>>>>>>>>>>>>>>>>>>  Pseudomonas_aeruginosa_PAO1_107.gbk
Threads used:>>>>>>>>>>>>>>>>>>>>>>>>>>>>>>>>>>>>>>>>>>>  32
GuideMaker
Your CPU supports instructions that this binary was not compiled to use: SSE4.1 SSE4.2 AVX AVX2
For maximum performance, you can install NMSLIB from sources 
pip install --no-binary :all: nmslib
2020-08-19 21:05:38,307: INFO     Temp directory is: /scratch/local/57682877/guidemaker_q_3zeoxn
2020-08-19 21:05:38,308: INFO     Writing fasta file from genbank file(s)
2020-08-19 21:05:38,308: INFO     check if test/test_data/Pseudomonas_aeruginosa_PAO1_107.gbk is gzipped
/home/rp3448/.conda/envs/nonAVX2/lib/python3.7/site-packages/Bio/GenBank/Scanner.py:1400: BiopythonParserWarning: Truncated LOCUS line found - is this correct?
:'LOCUS       NC_002516            6264404 bp    dna     circular UNK \n'
  BiopythonParserWarning,
/home/rp3448/.conda/envs/nonAVX2/lib/python3.7/site-packages/Bio/GenBank/__init__.py:762: BiopythonParserWarning: Non-upper case molecule type in LOCUS line: dna
  BiopythonParserWarning,
2020-08-19 21:05:39,101: INFO     Identifying PAM sites in the genome
2020-08-19 21:06:05,201: INFO     Identifing guides that are unique near the PAM site
2020-08-19 21:06:06,723: INFO     Indexing all potential guide sites: 1171800. This is the longest step.
2020-08-19 21:06:11,634: INFO     M                   = 16
2020-08-19 21:06:11,634: INFO     indexThreadQty      = 32
2020-08-19 21:06:11,635: INFO     efConstruction      = 64
2020-08-19 21:06:11,635: INFO     maxM			          = 16
2020-08-19 21:06:11,635: INFO     maxM0			          = 32
2020-08-19 21:06:11,635: INFO     mult                = 0.360674
2020-08-19 21:06:11,635: INFO     skip_optimized_index= 0
2020-08-19 21:06:11,635: INFO     delaunay_type       = 2
2020-08-19 21:06:11,635: INFO     Set HNSW query-time parameters:
2020-08-19 21:06:11,635: INFO     ef(Search)         =20
2020-08-19 21:06:11,635: INFO     algoType           =2

0%   10   20   30   40   50   60   70   80   90   100%
|----|----|----|----|----|----|----|----|----|----|
***************************************************

0%   10   20   30   40   50   60   70   80   90   100%
|----|----|----|----|----|----|----|----|----|----|
****************************************************2020-08-19 21:06:47,440: INFO     No appropriate custom distance function for Hamming (bit-storage) space
2020-08-19 21:06:47,441: INFO     searchMethod			  = 0
2020-08-19 21:06:47,538: INFO     Identifying guides that have a hamming distance <= 3 to all other potential guides
2020-08-19 21:06:47,860: INFO     Set HNSW query-time parameters:
2020-08-19 21:06:47,861: INFO     ef(Search)         =256
2020-08-19 21:06:47,861: INFO     algoType           =2
2020-08-19 21:07:05,648: INFO     Formatting data for BedTools
2020-08-19 21:07:06,083: INFO     Create GuideMaker Annotation object
2020-08-19 21:07:06,084: INFO     Identify genomic features
2020-08-19 21:07:06,084: INFO     check if test/test_data/Pseudomonas_aeruginosa_PAO1_107.gbk is gzipped
2020-08-19 21:07:07,613: INFO     Total number of CDS/locus in the input genome: 5584
2020-08-19 21:07:07,613: INFO     Find genomic features closest the guides
2020-08-19 21:07:10,377: INFO     Select guides that start between +100 and -100 of a feature start
2020-08-19 21:07:10,550: INFO     Select description columns
2020-08-19 21:07:10,597: INFO     Format the output
2020-08-19 21:07:11,642: INFO     creating random control guides
2020-08-19 21:07:24,246: INFO     created 10 control guides with a minimum distance of 7 and a median distance of 7
2020-08-19 21:07:24,249: INFO     guidemaker completed, results are at TEST
2020-08-19 21:07:24,249: INFO     PAM sequence: NGG
2020-08-19 21:07:24,249: INFO     PAM orientation: 5prime
2020-08-19 21:07:24,249: INFO     Genome strand(s) searched: both
2020-08-19 21:07:24,249: INFO     Total PAM sites considered: 1171800
2020-08-19 21:07:24,249: INFO     Guide RNA candidates found: 45720
Number of random control searched:  100000
	Command being timed: "guidemaker -i test/test_data/Pseudomonas_aeruginosa_PAO1_107.gbk --pamseq NGG --outdir TEST --pam_orientation 5prime --guidelength 20 --strand both --lcp 10 --dist 3 --before 100 --into 100 --knum 10 --controls 10 --log GuideMaker_57682877_2.log --threads 32"
	User time (seconds): 1584.13
	System time (seconds): 58.84
	Percent of CPU this job got: 1492%
	Elapsed (wall clock) time (h:mm:ss or m:ss): 1:50.06
	Average shared text size (kbytes): 0
	Average unshared data size (kbytes): 0
	Average stack size (kbytes): 0
	Average total size (kbytes): 0
	Maximum resident set size (kbytes): 2942288
	Average resident set size (kbytes): 0
	Major (requiring I/O) page faults: 0
	Minor (reclaiming a frame) page faults: 9227195
	Voluntary context switches: 872843
	Involuntary context switches: 442181
	Swaps: 0
	File system inputs: 8
	File system outputs: 185200
	Socket messages sent: 0
	Socket messages received: 0
	Signals delivered: 0
	Page size (bytes): 4096
	Exit status: 0
