Thu Feb  4 21:28:01 EST 2021
c24b-s23.ufhpc
/blue/garrett/rp3448/analysis/guidemaker/nonAVXGuidemaker

     active environment : NONAVX2
    active env location : /home/rp3448/.conda/envs/NONAVX2
            shell level : 3
       user config file : /home/rp3448/.condarc
 populated config files : /home/rp3448/.condarc
          conda version : 4.9.2
    conda-build version : not installed
         python version : 3.9.1.final.0
       virtual packages : __glibc=2.17=0
                          __unix=0=0
                          __archspec=1=x86_64
       base environment : /apps/conda/4.9.2  (read only)
           channel URLs : https://conda.anaconda.org/biobakery/linux-64
                          https://conda.anaconda.org/biobakery/noarch
                          https://conda.anaconda.org/conda-forge/linux-64
                          https://conda.anaconda.org/conda-forge/noarch
                          https://conda.anaconda.org/bioconda/linux-64
                          https://conda.anaconda.org/bioconda/noarch
                          https://repo.anaconda.com/pkgs/main/linux-64
                          https://repo.anaconda.com/pkgs/main/noarch
                          https://repo.anaconda.com/pkgs/r/linux-64
                          https://repo.anaconda.com/pkgs/r/noarch
          package cache : /apps/conda/4.9.2/pkgs
                          /home/rp3448/.conda/pkgs
       envs directories : /home/rp3448/.conda/envs
                          /apps/conda/4.9.2/envs
               platform : linux-64
             user-agent : conda/4.9.2 requests/2.25.1 CPython/3.9.1 Linux/3.10.0-1062.18.1.el7.x86_64 rhel/7.7 glibc/2.17
                UID:GID : 6472:3511
             netrc file : None
           offline mode : False

My SLURM_ARRAY_TASK_ID:  7
My TMPDIR IS:  /scratch/local/63833513
Input Genome:>>>>>>>>>>>>>>>>>>>>>>>>>>>>>>>>>>>>>>>>>>>  Arabidopsis_thaliana.gbk
Input PAM:>>>>>>>>>>>>>>>>>>>>>>>>>>>>>>>>>>>>>>>>>>>  NNAGAAW
Threads used:>>>>>>>>>>>>>>>>>>>>>>>>>>>>>>>>>>>>>>>>>>>  1
GuideMaker
Your CPU supports instructions that this binary was not compiled to use: SSE4.1 SSE4.2 AVX AVX2
For maximum performance, you can install NMSLIB from sources 
pip install --no-binary :all: nmslib
2021-02-04 21:28:06,600: INFO     Temp directory is: /scratch/local/63833513/guidemaker_mcdz5l71
2021-02-04 21:28:06,601: INFO     Writing fasta file from genbank file(s)
2021-02-04 21:28:06,601: INFO     check if ../all_test_data/Arabidopsis_thaliana.gbk is gzipped
2021-02-04 21:28:32,718: INFO     Identifying PAM sites in the genome
2021-02-04 21:29:48,034: INFO     Checking guides for restriction enzymes
2021-02-04 21:29:48,365: INFO     Number of guides removed after checking for restriction enzymes: 0
2021-02-04 21:29:48,366: INFO     Identifing guides that are unique near the PAM site
2021-02-04 21:29:51,081: INFO     Number of guides removed after checking for unique PAM: 677745
2021-02-04 21:29:51,081: INFO     Indexing all potential guide sites: 1228658. This is the longest step.
2021-02-04 21:29:56,281: INFO     M                   = 16
2021-02-04 21:29:56,282: INFO     indexThreadQty      = 1
2021-02-04 21:29:56,282: INFO     efConstruction      = 10
2021-02-04 21:29:56,282: INFO     maxM			          = 16
2021-02-04 21:29:56,282: INFO     maxM0			          = 32
2021-02-04 21:29:56,282: INFO     mult                = 0.360674
2021-02-04 21:29:56,282: INFO     skip_optimized_index= 0
2021-02-04 21:29:56,282: INFO     delaunay_type       = 2
2021-02-04 21:29:56,282: INFO     Set HNSW query-time parameters:
2021-02-04 21:29:56,282: INFO     ef(Search)         =20
2021-02-04 21:29:56,282: INFO     algoType           =2

0%   10   20   30   40   50   60   70   80   90   100%
|----|----|----|----|----|----|----|----|----|----|
***************************************************

0%   10   20   30   40   50   60   70   80   90   100%
|----|----|----|----|----|----|----|----|----|----|
***************************************************
*2021-02-04 21:32:28,663: INFO     No appropriate custom distance function for Hamming (bit-storage) space
2021-02-04 21:32:28,663: INFO     searchMethod			  = 0
2021-02-04 21:32:28,762: INFO     Identifying guides that have a hamming distance <= 3 to all other potential guides
2021-02-04 21:32:29,603: INFO     Set HNSW query-time parameters:
2021-02-04 21:32:29,604: INFO     ef(Search)         =9
2021-02-04 21:32:29,604: INFO     algoType           =2
2021-02-04 21:33:27,967: INFO     Formatting data for BedTools
2021-02-04 21:33:29,091: INFO     Create GuideMaker Annotation object
2021-02-04 21:33:29,092: INFO     Identify genomic features
2021-02-04 21:33:29,092: INFO     check if ../all_test_data/Arabidopsis_thaliana.gbk is gzipped
2021-02-04 21:33:59,363: INFO     Total number of CDS/locus in the input genome: 48262
2021-02-04 21:33:59,363: INFO     Find genomic features closest the guides
2021-02-04 21:34:07,700: INFO     Select guides that start between +500 and -500 of a feature start
2021-02-04 21:34:08,193: INFO     Select description columns
2021-02-04 21:34:08,655: INFO     Format the output
2021-02-04 21:34:10,641: INFO     Number of Guides within a gene coordinates i.e. zero Feature distance: 67555
2021-02-04 21:34:13,349: INFO     creating random control guides
2021-02-04 21:34:14,715: INFO     Number of random control searched: 100
2021-02-04 21:34:14,715: INFO     Percentage of GC content in the input genome: 36.00
2021-02-04 21:34:14,715: INFO     Total length of the genome: 114.1 MB
2021-02-04 21:34:14,715: INFO     created 10 control guides with a minimum distance of 7 and a median distance of 7
2021-02-04 21:34:14,717: INFO     guidemaker completed, results are at TEST
2021-02-04 21:34:14,717: INFO     PAM sequence: NNAGAAW
2021-02-04 21:34:14,717: INFO     PAM orientation: 3prime
2021-02-04 21:34:14,717: INFO     Genome strand(s) searched: both
2021-02-04 21:34:14,718: INFO     Total PAM sites considered: 1228658
2021-02-04 21:34:14,718: INFO     Guide RNA candidates found: 142158
	Command being timed: "guidemaker -i ../all_test_data/Arabidopsis_thaliana.gbk --pamseq NNAGAAW --outdir TEST --pam_orientation 3prime --guidelength 20 --strand both --lcp 11 --dist 3 --before 500 --into 500 --knum 10 --controls 10 --log GM_63833513_7.log --threads 1"
	User time (seconds): 366.83
	System time (seconds): 7.23
	Percent of CPU this job got: 100%
	Elapsed (wall clock) time (h:mm:ss or m:ss): 6:11.85
	Average shared text size (kbytes): 0
	Average unshared data size (kbytes): 0
	Average stack size (kbytes): 0
	Average total size (kbytes): 0
	Maximum resident set size (kbytes): 3274824
	Average resident set size (kbytes): 0
	Major (requiring I/O) page faults: 0
	Minor (reclaiming a frame) page faults: 4437959
	Voluntary context switches: 3122
	Involuntary context switches: 245868
	Swaps: 0
	File system inputs: 8
	File system outputs: 933368
	Socket messages sent: 0
	Socket messages received: 0
	Signals delivered: 0
	Page size (bytes): 4096
	Exit status: 0
My SLURM_ARRAY_TASK_ID:  7
My TMPDIR IS:  /scratch/local/63833513
Input Genome:>>>>>>>>>>>>>>>>>>>>>>>>>>>>>>>>>>>>>>>>>>>  Arabidopsis_thaliana.gbk
Input PAM:>>>>>>>>>>>>>>>>>>>>>>>>>>>>>>>>>>>>>>>>>>>  NNAGAAW
Threads used:>>>>>>>>>>>>>>>>>>>>>>>>>>>>>>>>>>>>>>>>>>>  2
GuideMaker
Your CPU supports instructions that this binary was not compiled to use: SSE4.1 SSE4.2 AVX AVX2
For maximum performance, you can install NMSLIB from sources 
pip install --no-binary :all: nmslib
2021-02-04 21:34:18,405: INFO     Temp directory is: /scratch/local/63833513/guidemaker_spvbw4bj
2021-02-04 21:34:18,405: INFO     Writing fasta file from genbank file(s)
2021-02-04 21:34:18,406: INFO     check if ../all_test_data/Arabidopsis_thaliana.gbk is gzipped
2021-02-04 21:34:44,000: INFO     Identifying PAM sites in the genome
2021-02-04 21:35:56,542: INFO     Checking guides for restriction enzymes
2021-02-04 21:35:56,874: INFO     Number of guides removed after checking for restriction enzymes: 0
2021-02-04 21:35:56,875: INFO     Identifing guides that are unique near the PAM site
2021-02-04 21:35:59,584: INFO     Number of guides removed after checking for unique PAM: 677745
2021-02-04 21:35:59,584: INFO     Indexing all potential guide sites: 1228658. This is the longest step.
2021-02-04 21:36:04,966: INFO     M                   = 16
2021-02-04 21:36:04,967: INFO     indexThreadQty      = 2
2021-02-04 21:36:04,967: INFO     efConstruction      = 10
2021-02-04 21:36:04,967: INFO     maxM			          = 16
2021-02-04 21:36:04,967: INFO     maxM0			          = 32
2021-02-04 21:36:04,967: INFO     mult                = 0.360674
2021-02-04 21:36:04,967: INFO     skip_optimized_index= 0
2021-02-04 21:36:04,967: INFO     delaunay_type       = 2
2021-02-04 21:36:04,967: INFO     Set HNSW query-time parameters:
2021-02-04 21:36:04,967: INFO     ef(Search)         =20
2021-02-04 21:36:04,967: INFO     algoType           =2

0%   10   20   30   40   50   60   70   80   90   100%
|----|----|----|----|----|----|----|----|----|----|
***************************************************

0%   10   20   30   40   50   60   70   80   90   100%
|----|----|----|----|----|----|----|----|----|----|
****************************************************2021-02-04 21:37:38,565: INFO     No appropriate custom distance function for Hamming (bit-storage) space
2021-02-04 21:37:38,566: INFO     searchMethod			  = 0
2021-02-04 21:37:38,671: INFO     Identifying guides that have a hamming distance <= 3 to all other potential guides
2021-02-04 21:37:39,648: INFO     Set HNSW query-time parameters:
2021-02-04 21:37:39,648: INFO     ef(Search)         =9
2021-02-04 21:37:39,648: INFO     algoType           =2
2021-02-04 21:38:24,291: INFO     Formatting data for BedTools
2021-02-04 21:38:25,415: INFO     Create GuideMaker Annotation object
2021-02-04 21:38:25,415: INFO     Identify genomic features
2021-02-04 21:38:25,415: INFO     check if ../all_test_data/Arabidopsis_thaliana.gbk is gzipped
2021-02-04 21:38:55,778: INFO     Total number of CDS/locus in the input genome: 48262
2021-02-04 21:38:55,778: INFO     Find genomic features closest the guides
2021-02-04 21:39:03,890: INFO     Select guides that start between +500 and -500 of a feature start
2021-02-04 21:39:04,377: INFO     Select description columns
2021-02-04 21:39:04,833: INFO     Format the output
2021-02-04 21:39:06,840: INFO     Number of Guides within a gene coordinates i.e. zero Feature distance: 67629
2021-02-04 21:39:09,498: INFO     creating random control guides
2021-02-04 21:39:11,004: INFO     Number of random control searched: 100
2021-02-04 21:39:11,004: INFO     Percentage of GC content in the input genome: 36.00
2021-02-04 21:39:11,004: INFO     Total length of the genome: 114.1 MB
2021-02-04 21:39:11,004: INFO     created 10 control guides with a minimum distance of 7 and a median distance of 7
2021-02-04 21:39:11,006: INFO     guidemaker completed, results are at TEST
2021-02-04 21:39:11,007: INFO     PAM sequence: NNAGAAW
2021-02-04 21:39:11,007: INFO     PAM orientation: 3prime
2021-02-04 21:39:11,007: INFO     Genome strand(s) searched: both
2021-02-04 21:39:11,007: INFO     Total PAM sites considered: 1228658
2021-02-04 21:39:11,007: INFO     Guide RNA candidates found: 142242
	Command being timed: "guidemaker -i ../all_test_data/Arabidopsis_thaliana.gbk --pamseq NNAGAAW --outdir TEST --pam_orientation 3prime --guidelength 20 --strand both --lcp 11 --dist 3 --before 500 --into 500 --knum 10 --controls 10 --log GM_63833513_7.log --threads 2"
	User time (seconds): 390.05
	System time (seconds): 20.56
	Percent of CPU this job got: 138%
	Elapsed (wall clock) time (h:mm:ss or m:ss): 4:56.53
	Average shared text size (kbytes): 0
	Average unshared data size (kbytes): 0
	Average stack size (kbytes): 0
	Average total size (kbytes): 0
	Maximum resident set size (kbytes): 3752340
	Average resident set size (kbytes): 0
	Major (requiring I/O) page faults: 0
	Minor (reclaiming a frame) page faults: 12863254
	Voluntary context switches: 88806
	Involuntary context switches: 1017503
	Swaps: 0
	File system inputs: 8
	File system outputs: 933224
	Socket messages sent: 0
	Socket messages received: 0
	Signals delivered: 0
	Page size (bytes): 4096
	Exit status: 0
My SLURM_ARRAY_TASK_ID:  7
My TMPDIR IS:  /scratch/local/63833513
Input Genome:>>>>>>>>>>>>>>>>>>>>>>>>>>>>>>>>>>>>>>>>>>>  Arabidopsis_thaliana.gbk
Input PAM:>>>>>>>>>>>>>>>>>>>>>>>>>>>>>>>>>>>>>>>>>>>  NNAGAAW
Threads used:>>>>>>>>>>>>>>>>>>>>>>>>>>>>>>>>>>>>>>>>>>>  4
GuideMaker
Your CPU supports instructions that this binary was not compiled to use: SSE4.1 SSE4.2 AVX AVX2
For maximum performance, you can install NMSLIB from sources 
pip install --no-binary :all: nmslib
2021-02-04 21:39:14,980: INFO     Temp directory is: /scratch/local/63833513/guidemaker_1nhzeywd
2021-02-04 21:39:14,980: INFO     Writing fasta file from genbank file(s)
2021-02-04 21:39:14,981: INFO     check if ../all_test_data/Arabidopsis_thaliana.gbk is gzipped
2021-02-04 21:39:40,085: INFO     Identifying PAM sites in the genome
2021-02-04 21:40:54,079: INFO     Checking guides for restriction enzymes
2021-02-04 21:40:54,498: INFO     Number of guides removed after checking for restriction enzymes: 0
2021-02-04 21:40:54,498: INFO     Identifing guides that are unique near the PAM site
2021-02-04 21:40:57,510: INFO     Number of guides removed after checking for unique PAM: 677745
2021-02-04 21:40:57,511: INFO     Indexing all potential guide sites: 1228658. This is the longest step.
2021-02-04 21:41:03,161: INFO     M                   = 16
2021-02-04 21:41:03,161: INFO     indexThreadQty      = 4
2021-02-04 21:41:03,161: INFO     efConstruction      = 10
2021-02-04 21:41:03,161: INFO     maxM			          = 16
2021-02-04 21:41:03,161: INFO     maxM0			          = 32
2021-02-04 21:41:03,161: INFO     mult                = 0.360674
2021-02-04 21:41:03,162: INFO     skip_optimized_index= 0
2021-02-04 21:41:03,162: INFO     delaunay_type       = 2
2021-02-04 21:41:03,162: INFO     Set HNSW query-time parameters:
2021-02-04 21:41:03,162: INFO     ef(Search)         =20
2021-02-04 21:41:03,162: INFO     algoType           =2

0%   10   20   30   40   50   60   70   80   90   100%
|----|----|----|----|----|----|----|----|----|----|
***************************************************

0%   10   20   30   40   50   60   70   80   90   100%
|----|----|----|----|----|----|----|----|----|----|
****************************************************2021-02-04 21:41:51,805: INFO     No appropriate custom distance function for Hamming (bit-storage) space
2021-02-04 21:41:51,806: INFO     searchMethod			  = 0
2021-02-04 21:41:51,910: INFO     Identifying guides that have a hamming distance <= 3 to all other potential guides
2021-02-04 21:41:52,800: INFO     Set HNSW query-time parameters:
2021-02-04 21:41:52,800: INFO     ef(Search)         =9
2021-02-04 21:41:52,800: INFO     algoType           =2
2021-02-04 21:42:28,532: INFO     Formatting data for BedTools
2021-02-04 21:42:29,653: INFO     Create GuideMaker Annotation object
2021-02-04 21:42:29,653: INFO     Identify genomic features
2021-02-04 21:42:29,654: INFO     check if ../all_test_data/Arabidopsis_thaliana.gbk is gzipped
2021-02-04 21:42:59,978: INFO     Total number of CDS/locus in the input genome: 48262
2021-02-04 21:42:59,978: INFO     Find genomic features closest the guides
2021-02-04 21:43:08,730: INFO     Select guides that start between +500 and -500 of a feature start
2021-02-04 21:43:09,220: INFO     Select description columns
2021-02-04 21:43:09,680: INFO     Format the output
2021-02-04 21:43:11,672: INFO     Number of Guides within a gene coordinates i.e. zero Feature distance: 67556
2021-02-04 21:43:14,322: INFO     creating random control guides
2021-02-04 21:43:15,775: INFO     Number of random control searched: 100
2021-02-04 21:43:15,775: INFO     Percentage of GC content in the input genome: 36.00
2021-02-04 21:43:15,775: INFO     Total length of the genome: 114.1 MB
2021-02-04 21:43:15,775: INFO     created 10 control guides with a minimum distance of 7 and a median distance of 7
2021-02-04 21:43:15,778: INFO     guidemaker completed, results are at TEST
2021-02-04 21:43:15,778: INFO     PAM sequence: NNAGAAW
2021-02-04 21:43:15,778: INFO     PAM orientation: 3prime
2021-02-04 21:43:15,778: INFO     Genome strand(s) searched: both
2021-02-04 21:43:15,778: INFO     Total PAM sites considered: 1228658
2021-02-04 21:43:15,778: INFO     Guide RNA candidates found: 142146
	Command being timed: "guidemaker -i ../all_test_data/Arabidopsis_thaliana.gbk --pamseq NNAGAAW --outdir TEST --pam_orientation 3prime --guidelength 20 --strand both --lcp 11 --dist 3 --before 500 --into 500 --knum 10 --controls 10 --log GM_63833513_7.log --threads 4"
	User time (seconds): 401.70
	System time (seconds): 17.85
	Percent of CPU this job got: 171%
	Elapsed (wall clock) time (h:mm:ss or m:ss): 4:04.80
	Average shared text size (kbytes): 0
	Average unshared data size (kbytes): 0
	Average stack size (kbytes): 0
	Average total size (kbytes): 0
	Maximum resident set size (kbytes): 3757000
	Average resident set size (kbytes): 0
	Major (requiring I/O) page faults: 0
	Minor (reclaiming a frame) page faults: 9273358
	Voluntary context switches: 166301
	Involuntary context switches: 53087
	Swaps: 0
	File system inputs: 0
	File system outputs: 932552
	Socket messages sent: 0
	Socket messages received: 0
	Signals delivered: 0
	Page size (bytes): 4096
	Exit status: 0
My SLURM_ARRAY_TASK_ID:  7
My TMPDIR IS:  /scratch/local/63833513
Input Genome:>>>>>>>>>>>>>>>>>>>>>>>>>>>>>>>>>>>>>>>>>>>  Arabidopsis_thaliana.gbk
Input PAM:>>>>>>>>>>>>>>>>>>>>>>>>>>>>>>>>>>>>>>>>>>>  NNAGAAW
Threads used:>>>>>>>>>>>>>>>>>>>>>>>>>>>>>>>>>>>>>>>>>>>  8
GuideMaker
Your CPU supports instructions that this binary was not compiled to use: SSE4.1 SSE4.2 AVX AVX2
For maximum performance, you can install NMSLIB from sources 
pip install --no-binary :all: nmslib
2021-02-04 21:43:19,771: INFO     Temp directory is: /scratch/local/63833513/guidemaker_t07mo2rj
2021-02-04 21:43:19,771: INFO     Writing fasta file from genbank file(s)
2021-02-04 21:43:19,772: INFO     check if ../all_test_data/Arabidopsis_thaliana.gbk is gzipped
2021-02-04 21:43:44,956: INFO     Identifying PAM sites in the genome
2021-02-04 21:44:58,134: INFO     Checking guides for restriction enzymes
2021-02-04 21:44:58,470: INFO     Number of guides removed after checking for restriction enzymes: 0
2021-02-04 21:44:58,470: INFO     Identifing guides that are unique near the PAM site
2021-02-04 21:45:01,202: INFO     Number of guides removed after checking for unique PAM: 677745
2021-02-04 21:45:01,202: INFO     Indexing all potential guide sites: 1228658. This is the longest step.
2021-02-04 21:45:06,622: INFO     M                   = 16
2021-02-04 21:45:06,622: INFO     indexThreadQty      = 8
2021-02-04 21:45:06,623: INFO     efConstruction      = 10
2021-02-04 21:45:06,623: INFO     maxM			          = 16
2021-02-04 21:45:06,623: INFO     maxM0			          = 32
2021-02-04 21:45:06,623: INFO     mult                = 0.360674
2021-02-04 21:45:06,623: INFO     skip_optimized_index= 0
2021-02-04 21:45:06,623: INFO     delaunay_type       = 2
2021-02-04 21:45:06,623: INFO     Set HNSW query-time parameters:
2021-02-04 21:45:06,623: INFO     ef(Search)         =20
2021-02-04 21:45:06,623: INFO     algoType           =2

0%   10   20   30   40   50   60   70   80   90   100%
|----|----|----|----|----|----|----|----|----|----|
***************************************************

0%   10   20   30   40   50   60   70   80   90   100%
|----|----|----|----|----|----|----|----|----|----|
****************************************************2021-02-04 21:45:33,418: INFO     No appropriate custom distance function for Hamming (bit-storage) space
2021-02-04 21:45:33,418: INFO     searchMethod			  = 0
2021-02-04 21:45:33,523: INFO     Identifying guides that have a hamming distance <= 3 to all other potential guides
2021-02-04 21:45:34,437: INFO     Set HNSW query-time parameters:
2021-02-04 21:45:34,438: INFO     ef(Search)         =9
2021-02-04 21:45:34,438: INFO     algoType           =2
2021-02-04 21:46:06,570: INFO     Formatting data for BedTools
2021-02-04 21:46:07,701: INFO     Create GuideMaker Annotation object
2021-02-04 21:46:07,701: INFO     Identify genomic features
2021-02-04 21:46:07,701: INFO     check if ../all_test_data/Arabidopsis_thaliana.gbk is gzipped
2021-02-04 21:46:37,064: INFO     Total number of CDS/locus in the input genome: 48262
2021-02-04 21:46:37,065: INFO     Find genomic features closest the guides
2021-02-04 21:46:45,698: INFO     Select guides that start between +500 and -500 of a feature start
2021-02-04 21:46:46,397: INFO     Select description columns
2021-02-04 21:46:46,966: INFO     Format the output
2021-02-04 21:46:49,496: INFO     Number of Guides within a gene coordinates i.e. zero Feature distance: 67621
2021-02-04 21:46:52,224: INFO     creating random control guides
2021-02-04 21:46:53,645: INFO     Number of random control searched: 100
2021-02-04 21:46:53,645: INFO     Percentage of GC content in the input genome: 36.00
2021-02-04 21:46:53,645: INFO     Total length of the genome: 114.1 MB
2021-02-04 21:46:53,645: INFO     created 10 control guides with a minimum distance of 7 and a median distance of 8
2021-02-04 21:46:53,648: INFO     guidemaker completed, results are at TEST
2021-02-04 21:46:53,648: INFO     PAM sequence: NNAGAAW
2021-02-04 21:46:53,648: INFO     PAM orientation: 3prime
2021-02-04 21:46:53,648: INFO     Genome strand(s) searched: both
2021-02-04 21:46:53,648: INFO     Total PAM sites considered: 1228658
2021-02-04 21:46:53,648: INFO     Guide RNA candidates found: 142231
	Command being timed: "guidemaker -i ../all_test_data/Arabidopsis_thaliana.gbk --pamseq NNAGAAW --outdir TEST --pam_orientation 3prime --guidelength 20 --strand both --lcp 11 --dist 3 --before 500 --into 500 --knum 10 --controls 10 --log GM_63833513_7.log --threads 8"
	User time (seconds): 419.51
	System time (seconds): 18.27
	Percent of CPU this job got: 200%
	Elapsed (wall clock) time (h:mm:ss or m:ss): 3:38.13
	Average shared text size (kbytes): 0
	Average unshared data size (kbytes): 0
	Average stack size (kbytes): 0
	Average total size (kbytes): 0
	Maximum resident set size (kbytes): 3774716
	Average resident set size (kbytes): 0
	Major (requiring I/O) page faults: 0
	Minor (reclaiming a frame) page faults: 8067869
	Voluntary context switches: 314028
	Involuntary context switches: 412962
	Swaps: 0
	File system inputs: 8
	File system outputs: 933176
	Socket messages sent: 0
	Socket messages received: 0
	Signals delivered: 0
	Page size (bytes): 4096
	Exit status: 0
My SLURM_ARRAY_TASK_ID:  7
My TMPDIR IS:  /scratch/local/63833513
Input Genome:>>>>>>>>>>>>>>>>>>>>>>>>>>>>>>>>>>>>>>>>>>>  Arabidopsis_thaliana.gbk
Input PAM:>>>>>>>>>>>>>>>>>>>>>>>>>>>>>>>>>>>>>>>>>>>  NNAGAAW
Threads used:>>>>>>>>>>>>>>>>>>>>>>>>>>>>>>>>>>>>>>>>>>>  16
GuideMaker
Your CPU supports instructions that this binary was not compiled to use: SSE4.1 SSE4.2 AVX AVX2
For maximum performance, you can install NMSLIB from sources 
pip install --no-binary :all: nmslib
2021-02-04 21:46:57,914: INFO     Temp directory is: /scratch/local/63833513/guidemaker_7dhsvq73
2021-02-04 21:46:57,915: INFO     Writing fasta file from genbank file(s)
2021-02-04 21:46:57,915: INFO     check if ../all_test_data/Arabidopsis_thaliana.gbk is gzipped
2021-02-04 21:47:23,058: INFO     Identifying PAM sites in the genome
2021-02-04 21:48:34,885: INFO     Checking guides for restriction enzymes
2021-02-04 21:48:35,221: INFO     Number of guides removed after checking for restriction enzymes: 0
2021-02-04 21:48:35,221: INFO     Identifing guides that are unique near the PAM site
2021-02-04 21:48:37,945: INFO     Number of guides removed after checking for unique PAM: 677745
2021-02-04 21:48:37,946: INFO     Indexing all potential guide sites: 1228658. This is the longest step.
2021-02-04 21:48:43,141: INFO     M                   = 16
2021-02-04 21:48:43,141: INFO     indexThreadQty      = 16
2021-02-04 21:48:43,141: INFO     efConstruction      = 10
2021-02-04 21:48:43,141: INFO     maxM			          = 16
2021-02-04 21:48:43,141: INFO     maxM0			          = 32
2021-02-04 21:48:43,142: INFO     mult                = 0.360674
2021-02-04 21:48:43,142: INFO     skip_optimized_index= 0
2021-02-04 21:48:43,142: INFO     delaunay_type       = 2
2021-02-04 21:48:43,142: INFO     Set HNSW query-time parameters:
2021-02-04 21:48:43,142: INFO     ef(Search)         =20
2021-02-04 21:48:43,142: INFO     algoType           =2

0%   10   20   30   40   50   60   70   80   90   100%
|----|----|----|----|----|----|----|----|----|----|
***************************************************

0%   10   20   30   40   50   60   70   80   90   100%
|----|----|----|----|----|----|----|----|----|----|
*******************************************************
2021-02-04 21:48:57,683: INFO     No appropriate custom distance function for Hamming (bit-storage) space
2021-02-04 21:48:57,683: INFO     searchMethod			  = 0
2021-02-04 21:48:57,800: INFO     Identifying guides that have a hamming distance <= 3 to all other potential guides
2021-02-04 21:48:58,824: INFO     Set HNSW query-time parameters:
2021-02-04 21:48:58,824: INFO     ef(Search)         =9
2021-02-04 21:48:58,825: INFO     algoType           =2
2021-02-04 21:49:26,181: INFO     Formatting data for BedTools
2021-02-04 21:49:27,327: INFO     Create GuideMaker Annotation object
2021-02-04 21:49:27,327: INFO     Identify genomic features
2021-02-04 21:49:27,327: INFO     check if ../all_test_data/Arabidopsis_thaliana.gbk is gzipped
2021-02-04 21:49:57,017: INFO     Total number of CDS/locus in the input genome: 48262
2021-02-04 21:49:57,017: INFO     Find genomic features closest the guides
2021-02-04 21:50:05,710: INFO     Select guides that start between +500 and -500 of a feature start
2021-02-04 21:50:06,306: INFO     Select description columns
2021-02-04 21:50:06,895: INFO     Format the output
2021-02-04 21:50:09,500: INFO     Number of Guides within a gene coordinates i.e. zero Feature distance: 67498
2021-02-04 21:50:12,237: INFO     creating random control guides
2021-02-04 21:50:13,658: INFO     Number of random control searched: 100
2021-02-04 21:50:13,658: INFO     Percentage of GC content in the input genome: 36.00
2021-02-04 21:50:13,658: INFO     Total length of the genome: 114.1 MB
2021-02-04 21:50:13,658: INFO     created 10 control guides with a minimum distance of 7 and a median distance of 7
2021-02-04 21:50:13,661: INFO     guidemaker completed, results are at TEST
2021-02-04 21:50:13,661: INFO     PAM sequence: NNAGAAW
2021-02-04 21:50:13,661: INFO     PAM orientation: 3prime
2021-02-04 21:50:13,661: INFO     Genome strand(s) searched: both
2021-02-04 21:50:13,661: INFO     Total PAM sites considered: 1228658
2021-02-04 21:50:13,661: INFO     Guide RNA candidates found: 142075
	Command being timed: "guidemaker -i ../all_test_data/Arabidopsis_thaliana.gbk --pamseq NNAGAAW --outdir TEST --pam_orientation 3prime --guidelength 20 --strand both --lcp 11 --dist 3 --before 500 --into 500 --knum 10 --controls 10 --log GM_63833513_7.log --threads 16"
	User time (seconds): 426.71
	System time (seconds): 20.57
	Percent of CPU this job got: 223%
	Elapsed (wall clock) time (h:mm:ss or m:ss): 3:19.71
	Average shared text size (kbytes): 0
	Average unshared data size (kbytes): 0
	Average stack size (kbytes): 0
	Average total size (kbytes): 0
	Maximum resident set size (kbytes): 3817880
	Average resident set size (kbytes): 0
	Major (requiring I/O) page faults: 0
	Minor (reclaiming a frame) page faults: 6074052
	Voluntary context switches: 660666
	Involuntary context switches: 392864
	Swaps: 0
	File system inputs: 8
	File system outputs: 932520
	Socket messages sent: 0
	Socket messages received: 0
	Signals delivered: 0
	Page size (bytes): 4096
	Exit status: 0
My SLURM_ARRAY_TASK_ID:  7
My TMPDIR IS:  /scratch/local/63833513
Input Genome:>>>>>>>>>>>>>>>>>>>>>>>>>>>>>>>>>>>>>>>>>>>  Arabidopsis_thaliana.gbk
Input PAM:>>>>>>>>>>>>>>>>>>>>>>>>>>>>>>>>>>>>>>>>>>>  NNAGAAW
Threads used:>>>>>>>>>>>>>>>>>>>>>>>>>>>>>>>>>>>>>>>>>>>  32
GuideMaker
Your CPU supports instructions that this binary was not compiled to use: SSE4.1 SSE4.2 AVX AVX2
For maximum performance, you can install NMSLIB from sources 
pip install --no-binary :all: nmslib
2021-02-04 21:50:17,657: INFO     Temp directory is: /scratch/local/63833513/guidemaker_t_jqb5p8
2021-02-04 21:50:17,657: INFO     Writing fasta file from genbank file(s)
2021-02-04 21:50:17,658: INFO     check if ../all_test_data/Arabidopsis_thaliana.gbk is gzipped
2021-02-04 21:50:43,184: INFO     Identifying PAM sites in the genome
2021-02-04 21:51:58,343: INFO     Checking guides for restriction enzymes
2021-02-04 21:51:58,676: INFO     Number of guides removed after checking for restriction enzymes: 0
2021-02-04 21:51:58,676: INFO     Identifing guides that are unique near the PAM site
2021-02-04 21:52:01,402: INFO     Number of guides removed after checking for unique PAM: 677745
2021-02-04 21:52:01,402: INFO     Indexing all potential guide sites: 1228658. This is the longest step.
2021-02-04 21:52:06,656: INFO     M                   = 16
2021-02-04 21:52:06,656: INFO     indexThreadQty      = 32
2021-02-04 21:52:06,656: INFO     efConstruction      = 10
2021-02-04 21:52:06,656: INFO     maxM			          = 16
2021-02-04 21:52:06,656: INFO     maxM0			          = 32
2021-02-04 21:52:06,656: INFO     mult                = 0.360674
2021-02-04 21:52:06,656: INFO     skip_optimized_index= 0
2021-02-04 21:52:06,656: INFO     delaunay_type       = 2
2021-02-04 21:52:06,656: INFO     Set HNSW query-time parameters:
2021-02-04 21:52:06,657: INFO     ef(Search)         =20
2021-02-04 21:52:06,657: INFO     algoType           =2

0%   10   20   30   40   50   60   70   80   90   100%
|----|----|----|----|----|----|----|----|----|----|
***************************************************

0%   10   20   30   40   50   60   70   80   90   100%
|----|----|----|----|----|----|----|----|----|----|
*******************************************************2021-02-04 21:52:15,358: INFO     No appropriate custom distance function for Hamming (bit-storage) space
2021-02-04 21:52:15,359: INFO     searchMethod			  = 0
2021-02-04 21:52:15,457: INFO     Identifying guides that have a hamming distance <= 3 to all other potential guides
2021-02-04 21:52:16,304: INFO     Set HNSW query-time parameters:
2021-02-04 21:52:16,304: INFO     ef(Search)         =9
2021-02-04 21:52:16,304: INFO     algoType           =2
2021-02-04 21:52:43,206: INFO     Formatting data for BedTools
2021-02-04 21:52:44,427: INFO     Create GuideMaker Annotation object
2021-02-04 21:52:44,427: INFO     Identify genomic features
2021-02-04 21:52:44,427: INFO     check if ../all_test_data/Arabidopsis_thaliana.gbk is gzipped
2021-02-04 21:53:14,223: INFO     Total number of CDS/locus in the input genome: 48262
2021-02-04 21:53:14,224: INFO     Find genomic features closest the guides
2021-02-04 21:53:22,937: INFO     Select guides that start between +500 and -500 of a feature start
2021-02-04 21:53:23,462: INFO     Select description columns
2021-02-04 21:53:23,975: INFO     Format the output
2021-02-04 21:53:26,457: INFO     Number of Guides within a gene coordinates i.e. zero Feature distance: 67664
2021-02-04 21:53:29,124: INFO     creating random control guides
2021-02-04 21:53:30,636: INFO     Number of random control searched: 100
2021-02-04 21:53:30,636: INFO     Percentage of GC content in the input genome: 36.00
2021-02-04 21:53:30,636: INFO     Total length of the genome: 114.1 MB
2021-02-04 21:53:30,636: INFO     created 10 control guides with a minimum distance of 7 and a median distance of 7
2021-02-04 21:53:30,638: INFO     guidemaker completed, results are at TEST
2021-02-04 21:53:30,638: INFO     PAM sequence: NNAGAAW
2021-02-04 21:53:30,639: INFO     PAM orientation: 3prime
2021-02-04 21:53:30,639: INFO     Genome strand(s) searched: both
2021-02-04 21:53:30,639: INFO     Total PAM sites considered: 1228658
2021-02-04 21:53:30,639: INFO     Guide RNA candidates found: 142315
	Command being timed: "guidemaker -i ../all_test_data/Arabidopsis_thaliana.gbk --pamseq NNAGAAW --outdir TEST --pam_orientation 3prime --guidelength 20 --strand both --lcp 11 --dist 3 --before 500 --into 500 --knum 10 --controls 10 --log GM_63833513_7.log --threads 32"
	User time (seconds): 449.21
	System time (seconds): 27.23
	Percent of CPU this job got: 241%
	Elapsed (wall clock) time (h:mm:ss or m:ss): 3:17.36
	Average shared text size (kbytes): 0
	Average unshared data size (kbytes): 0
	Average stack size (kbytes): 0
	Average total size (kbytes): 0
	Maximum resident set size (kbytes): 3839756
	Average resident set size (kbytes): 0
	Major (requiring I/O) page faults: 0
	Minor (reclaiming a frame) page faults: 4936672
	Voluntary context switches: 1339207
	Involuntary context switches: 1404
	Swaps: 0
	File system inputs: 8
	File system outputs: 933760
	Socket messages sent: 0
	Socket messages received: 0
	Signals delivered: 0
	Page size (bytes): 4096
	Exit status: 0
