Thu Feb  4 19:58:11 EST 2021
c29b-s8.ufhpc
/blue/garrett/rp3448/analysis/guidemaker/nonAVXGuidemaker

     active environment : NONAVX2
    active env location : /home/rp3448/.conda/envs/NONAVX2
            shell level : 3
       user config file : /home/rp3448/.condarc
 populated config files : /home/rp3448/.condarc
          conda version : 4.9.2
    conda-build version : not installed
         python version : 3.9.1.final.0
       virtual packages : __glibc=2.17=0
                          __unix=0=0
                          __archspec=1=x86_64
       base environment : /apps/conda/4.9.2  (read only)
           channel URLs : https://conda.anaconda.org/biobakery/linux-64
                          https://conda.anaconda.org/biobakery/noarch
                          https://conda.anaconda.org/conda-forge/linux-64
                          https://conda.anaconda.org/conda-forge/noarch
                          https://conda.anaconda.org/bioconda/linux-64
                          https://conda.anaconda.org/bioconda/noarch
                          https://repo.anaconda.com/pkgs/main/linux-64
                          https://repo.anaconda.com/pkgs/main/noarch
                          https://repo.anaconda.com/pkgs/r/linux-64
                          https://repo.anaconda.com/pkgs/r/noarch
          package cache : /apps/conda/4.9.2/pkgs
                          /home/rp3448/.conda/pkgs
       envs directories : /home/rp3448/.conda/envs
                          /apps/conda/4.9.2/envs
               platform : linux-64
             user-agent : conda/4.9.2 requests/2.25.1 CPython/3.9.1 Linux/3.10.0-1062.18.1.el7.x86_64 rhel/7.7 glibc/2.17
                UID:GID : 6472:3511
             netrc file : None
           offline mode : False

My SLURM_ARRAY_TASK_ID:  3
My TMPDIR IS:  /scratch/local/63831116
Input Genome:>>>>>>>>>>>>>>>>>>>>>>>>>>>>>>>>>>>>>>>>>>>  Aspergillus_fumigatus.gbk
Input PAM:>>>>>>>>>>>>>>>>>>>>>>>>>>>>>>>>>>>>>>>>>>>  NGRRT
Threads used:>>>>>>>>>>>>>>>>>>>>>>>>>>>>>>>>>>>>>>>>>>>  1
GuideMaker
Your CPU supports instructions that this binary was not compiled to use: SSE4.1 SSE4.2 AVX AVX2
For maximum performance, you can install NMSLIB from sources 
pip install --no-binary :all: nmslib
2021-02-04 19:58:15,928: INFO     Temp directory is: /scratch/local/63831116/guidemaker_75lyj34d
2021-02-04 19:58:15,929: INFO     Writing fasta file from genbank file(s)
2021-02-04 19:58:15,929: INFO     check if ../all_test_data/Aspergillus_fumigatus.gbk is gzipped
2021-02-04 19:58:19,048: INFO     Identifying PAM sites in the genome
2021-02-04 19:58:49,750: INFO     Checking guides for restriction enzymes
2021-02-04 19:58:49,999: INFO     Number of guides removed after checking for restriction enzymes: 0
2021-02-04 19:58:50,000: INFO     Identifing guides that are unique near the PAM site
2021-02-04 19:58:51,936: INFO     Number of guides removed after checking for unique PAM: 228709
2021-02-04 19:58:51,937: INFO     Indexing all potential guide sites: 887427. This is the longest step.
2021-02-04 19:58:55,661: INFO     M                   = 16
2021-02-04 19:58:55,661: INFO     indexThreadQty      = 1
2021-02-04 19:58:55,661: INFO     efConstruction      = 10
2021-02-04 19:58:55,661: INFO     maxM			          = 16
2021-02-04 19:58:55,661: INFO     maxM0			          = 32
2021-02-04 19:58:55,661: INFO     mult                = 0.360674
2021-02-04 19:58:55,661: INFO     skip_optimized_index= 0
2021-02-04 19:58:55,661: INFO     delaunay_type       = 2
2021-02-04 19:58:55,661: INFO     Set HNSW query-time parameters:
2021-02-04 19:58:55,661: INFO     ef(Search)         =20
2021-02-04 19:58:55,662: INFO     algoType           =2

0%   10   20   30   40   50   60   70   80   90   100%
|----|----|----|----|----|----|----|----|----|----|
***************************************************

0%   10   20   30   40   50   60   70   80   90   100%
|----|----|----|----|----|----|----|----|----|----|
***************************************************
*2021-02-04 20:00:28,518: INFO     No appropriate custom distance function for Hamming (bit-storage) space
2021-02-04 20:00:28,519: INFO     searchMethod			  = 0
2021-02-04 20:00:28,592: INFO     Identifying guides that have a hamming distance <= 3 to all other potential guides
2021-02-04 20:00:29,488: INFO     Set HNSW query-time parameters:
2021-02-04 20:00:29,488: INFO     ef(Search)         =9
2021-02-04 20:00:29,489: INFO     algoType           =2
2021-02-04 20:01:37,707: INFO     Formatting data for BedTools
2021-02-04 20:01:38,987: INFO     Create GuideMaker Annotation object
2021-02-04 20:01:38,988: INFO     Identify genomic features
2021-02-04 20:01:38,988: INFO     check if ../all_test_data/Aspergillus_fumigatus.gbk is gzipped
2021-02-04 20:01:41,911: INFO     Total number of CDS/locus in the input genome: 9630
2021-02-04 20:01:41,911: INFO     Find genomic features closest the guides
2021-02-04 20:01:50,928: INFO     Select guides that start between +500 and -500 of a feature start
2021-02-04 20:01:51,556: INFO     Select description columns
2021-02-04 20:01:51,667: INFO     Format the output
2021-02-04 20:01:54,749: INFO     Number of Guides within a gene coordinates i.e. zero Feature distance: 109775
2021-02-04 20:01:56,920: INFO     creating random control guides
2021-02-04 20:01:57,291: INFO     Number of random control searched: 100
2021-02-04 20:01:57,292: INFO     Percentage of GC content in the input genome: 48.82
2021-02-04 20:01:57,292: INFO     Total length of the genome: 28.0 MB
2021-02-04 20:01:57,292: INFO     created 10 control guides with a minimum distance of 7 and a median distance of 7
2021-02-04 20:01:57,295: INFO     guidemaker completed, results are at TEST
2021-02-04 20:01:57,295: INFO     PAM sequence: NGRRT
2021-02-04 20:01:57,295: INFO     PAM orientation: 3prime
2021-02-04 20:01:57,295: INFO     Genome strand(s) searched: both
2021-02-04 20:01:57,295: INFO     Total PAM sites considered: 887427
2021-02-04 20:01:57,296: INFO     Guide RNA candidates found: 220143
	Command being timed: "guidemaker -i ../all_test_data/Aspergillus_fumigatus.gbk --pamseq NGRRT --outdir TEST --pam_orientation 3prime --guidelength 20 --strand both --lcp 11 --dist 3 --before 500 --into 500 --knum 10 --controls 10 --log GM_63831116_3.log --threads 1"
	User time (seconds): 221.47
	System time (seconds): 5.90
	Percent of CPU this job got: 100%
	Elapsed (wall clock) time (h:mm:ss or m:ss): 3:45.24
	Average shared text size (kbytes): 0
	Average unshared data size (kbytes): 0
	Average stack size (kbytes): 0
	Average total size (kbytes): 0
	Maximum resident set size (kbytes): 2782128
	Average resident set size (kbytes): 0
	Major (requiring I/O) page faults: 0
	Minor (reclaiming a frame) page faults: 2953123
	Voluntary context switches: 3501
	Involuntary context switches: 572869
	Swaps: 0
	File system inputs: 40
	File system outputs: 706608
	Socket messages sent: 0
	Socket messages received: 0
	Signals delivered: 0
	Page size (bytes): 4096
	Exit status: 0
My SLURM_ARRAY_TASK_ID:  3
My TMPDIR IS:  /scratch/local/63831116
Input Genome:>>>>>>>>>>>>>>>>>>>>>>>>>>>>>>>>>>>>>>>>>>>  Aspergillus_fumigatus.gbk
Input PAM:>>>>>>>>>>>>>>>>>>>>>>>>>>>>>>>>>>>>>>>>>>>  NGRRT
Threads used:>>>>>>>>>>>>>>>>>>>>>>>>>>>>>>>>>>>>>>>>>>>  2
GuideMaker
Your CPU supports instructions that this binary was not compiled to use: SSE4.1 SSE4.2 AVX AVX2
For maximum performance, you can install NMSLIB from sources 
pip install --no-binary :all: nmslib
2021-02-04 20:02:01,158: INFO     Temp directory is: /scratch/local/63831116/guidemaker_anawr34r
2021-02-04 20:02:01,158: INFO     Writing fasta file from genbank file(s)
2021-02-04 20:02:01,159: INFO     check if ../all_test_data/Aspergillus_fumigatus.gbk is gzipped
2021-02-04 20:02:04,270: INFO     Identifying PAM sites in the genome
2021-02-04 20:02:34,704: INFO     Checking guides for restriction enzymes
2021-02-04 20:02:34,953: INFO     Number of guides removed after checking for restriction enzymes: 0
2021-02-04 20:02:34,953: INFO     Identifing guides that are unique near the PAM site
2021-02-04 20:02:36,884: INFO     Number of guides removed after checking for unique PAM: 228709
2021-02-04 20:02:36,884: INFO     Indexing all potential guide sites: 887427. This is the longest step.
2021-02-04 20:02:40,636: INFO     M                   = 16
2021-02-04 20:02:40,636: INFO     indexThreadQty      = 2
2021-02-04 20:02:40,636: INFO     efConstruction      = 10
2021-02-04 20:02:40,637: INFO     maxM			          = 16
2021-02-04 20:02:40,637: INFO     maxM0			          = 32
2021-02-04 20:02:40,637: INFO     mult                = 0.360674
2021-02-04 20:02:40,637: INFO     skip_optimized_index= 0
2021-02-04 20:02:40,637: INFO     delaunay_type       = 2
2021-02-04 20:02:40,637: INFO     Set HNSW query-time parameters:
2021-02-04 20:02:40,637: INFO     ef(Search)         =20
2021-02-04 20:02:40,637: INFO     algoType           =2

0%   10   20   30   40   50   60   70   80   90   100%
|----|----|----|----|----|----|----|----|----|----|
***************************************************

0%   10   20   30   40   50   60   70   80   90   100%
|----|----|----|----|----|----|----|----|----|----|
****************************************************2021-02-04 20:03:38,801: INFO     No appropriate custom distance function for Hamming (bit-storage) space
2021-02-04 20:03:38,802: INFO     searchMethod			  = 0
2021-02-04 20:03:38,875: INFO     Identifying guides that have a hamming distance <= 3 to all other potential guides
2021-02-04 20:03:39,810: INFO     Set HNSW query-time parameters:
2021-02-04 20:03:39,811: INFO     ef(Search)         =9
2021-02-04 20:03:39,811: INFO     algoType           =2
2021-02-04 20:04:35,044: INFO     Formatting data for BedTools
2021-02-04 20:04:36,377: INFO     Create GuideMaker Annotation object
2021-02-04 20:04:36,377: INFO     Identify genomic features
2021-02-04 20:04:36,377: INFO     check if ../all_test_data/Aspergillus_fumigatus.gbk is gzipped
2021-02-04 20:04:39,278: INFO     Total number of CDS/locus in the input genome: 9630
2021-02-04 20:04:39,278: INFO     Find genomic features closest the guides
2021-02-04 20:04:48,315: INFO     Select guides that start between +500 and -500 of a feature start
2021-02-04 20:04:48,939: INFO     Select description columns
2021-02-04 20:04:49,050: INFO     Format the output
2021-02-04 20:04:52,098: INFO     Number of Guides within a gene coordinates i.e. zero Feature distance: 109762
2021-02-04 20:04:54,379: INFO     creating random control guides
2021-02-04 20:04:54,864: INFO     Number of random control searched: 100
2021-02-04 20:04:54,865: INFO     Percentage of GC content in the input genome: 48.82
2021-02-04 20:04:54,865: INFO     Total length of the genome: 28.0 MB
2021-02-04 20:04:54,865: INFO     created 10 control guides with a minimum distance of 7 and a median distance of 8
2021-02-04 20:04:54,868: INFO     guidemaker completed, results are at TEST
2021-02-04 20:04:54,868: INFO     PAM sequence: NGRRT
2021-02-04 20:04:54,868: INFO     PAM orientation: 3prime
2021-02-04 20:04:54,868: INFO     Genome strand(s) searched: both
2021-02-04 20:04:54,868: INFO     Total PAM sites considered: 887427
2021-02-04 20:04:54,868: INFO     Guide RNA candidates found: 220138
	Command being timed: "guidemaker -i ../all_test_data/Aspergillus_fumigatus.gbk --pamseq NGRRT --outdir TEST --pam_orientation 3prime --guidelength 20 --strand both --lcp 11 --dist 3 --before 500 --into 500 --knum 10 --controls 10 --log GM_63831116_3.log --threads 2"
	User time (seconds): 245.07
	System time (seconds): 14.73
	Percent of CPU this job got: 146%
	Elapsed (wall clock) time (h:mm:ss or m:ss): 2:57.67
	Average shared text size (kbytes): 0
	Average unshared data size (kbytes): 0
	Average stack size (kbytes): 0
	Average total size (kbytes): 0
	Maximum resident set size (kbytes): 3198112
	Average resident set size (kbytes): 0
	Major (requiring I/O) page faults: 0
	Minor (reclaiming a frame) page faults: 8370756
	Voluntary context switches: 67919
	Involuntary context switches: 802563
	Swaps: 0
	File system inputs: 648
	File system outputs: 706728
	Socket messages sent: 0
	Socket messages received: 0
	Signals delivered: 0
	Page size (bytes): 4096
	Exit status: 0
My SLURM_ARRAY_TASK_ID:  3
My TMPDIR IS:  /scratch/local/63831116
Input Genome:>>>>>>>>>>>>>>>>>>>>>>>>>>>>>>>>>>>>>>>>>>>  Aspergillus_fumigatus.gbk
Input PAM:>>>>>>>>>>>>>>>>>>>>>>>>>>>>>>>>>>>>>>>>>>>  NGRRT
Threads used:>>>>>>>>>>>>>>>>>>>>>>>>>>>>>>>>>>>>>>>>>>>  4
GuideMaker
Your CPU supports instructions that this binary was not compiled to use: SSE4.1 SSE4.2 AVX AVX2
For maximum performance, you can install NMSLIB from sources 
pip install --no-binary :all: nmslib
2021-02-04 20:04:58,941: INFO     Temp directory is: /scratch/local/63831116/guidemaker_jbis299d
2021-02-04 20:04:58,941: INFO     Writing fasta file from genbank file(s)
2021-02-04 20:04:58,941: INFO     check if ../all_test_data/Aspergillus_fumigatus.gbk is gzipped
2021-02-04 20:05:02,007: INFO     Identifying PAM sites in the genome
2021-02-04 20:05:32,255: INFO     Checking guides for restriction enzymes
2021-02-04 20:05:32,501: INFO     Number of guides removed after checking for restriction enzymes: 0
2021-02-04 20:05:32,502: INFO     Identifing guides that are unique near the PAM site
2021-02-04 20:05:34,390: INFO     Number of guides removed after checking for unique PAM: 228709
2021-02-04 20:05:34,390: INFO     Indexing all potential guide sites: 887427. This is the longest step.
2021-02-04 20:05:38,228: INFO     M                   = 16
2021-02-04 20:05:38,228: INFO     indexThreadQty      = 4
2021-02-04 20:05:38,228: INFO     efConstruction      = 10
2021-02-04 20:05:38,229: INFO     maxM			          = 16
2021-02-04 20:05:38,229: INFO     maxM0			          = 32
2021-02-04 20:05:38,229: INFO     mult                = 0.360674
2021-02-04 20:05:38,229: INFO     skip_optimized_index= 0
2021-02-04 20:05:38,229: INFO     delaunay_type       = 2
2021-02-04 20:05:38,229: INFO     Set HNSW query-time parameters:
2021-02-04 20:05:38,229: INFO     ef(Search)         =20
2021-02-04 20:05:38,229: INFO     algoType           =2

0%   10   20   30   40   50   60   70   80   90   100%
|----|----|----|----|----|----|----|----|----|----|
***************************************************

0%   10   20   30   40   50   60   70   80   90   100%
|----|----|----|----|----|----|----|----|----|----|
****************************************************2021-02-04 20:06:09,053: INFO     No appropriate custom distance function for Hamming (bit-storage) space
2021-02-04 20:06:09,053: INFO     searchMethod			  = 0
2021-02-04 20:06:09,128: INFO     Identifying guides that have a hamming distance <= 3 to all other potential guides
2021-02-04 20:06:10,146: INFO     Set HNSW query-time parameters:
2021-02-04 20:06:10,146: INFO     ef(Search)         =9
2021-02-04 20:06:10,146: INFO     algoType           =2
2021-02-04 20:06:53,696: INFO     Formatting data for BedTools
2021-02-04 20:06:54,965: INFO     Create GuideMaker Annotation object
2021-02-04 20:06:54,965: INFO     Identify genomic features
2021-02-04 20:06:54,965: INFO     check if ../all_test_data/Aspergillus_fumigatus.gbk is gzipped
2021-02-04 20:06:57,877: INFO     Total number of CDS/locus in the input genome: 9630
2021-02-04 20:06:57,877: INFO     Find genomic features closest the guides
2021-02-04 20:07:06,918: INFO     Select guides that start between +500 and -500 of a feature start
2021-02-04 20:07:07,629: INFO     Select description columns
2021-02-04 20:07:07,737: INFO     Format the output
2021-02-04 20:07:10,740: INFO     Number of Guides within a gene coordinates i.e. zero Feature distance: 109761
2021-02-04 20:07:12,834: INFO     creating random control guides
2021-02-04 20:07:13,235: INFO     Number of random control searched: 100
2021-02-04 20:07:13,235: INFO     Percentage of GC content in the input genome: 48.82
2021-02-04 20:07:13,235: INFO     Total length of the genome: 28.0 MB
2021-02-04 20:07:13,235: INFO     created 10 control guides with a minimum distance of 7 and a median distance of 8
2021-02-04 20:07:13,239: INFO     guidemaker completed, results are at TEST
2021-02-04 20:07:13,239: INFO     PAM sequence: NGRRT
2021-02-04 20:07:13,239: INFO     PAM orientation: 3prime
2021-02-04 20:07:13,239: INFO     Genome strand(s) searched: both
2021-02-04 20:07:13,239: INFO     Total PAM sites considered: 887427
2021-02-04 20:07:13,239: INFO     Guide RNA candidates found: 220140
	Command being timed: "guidemaker -i ../all_test_data/Aspergillus_fumigatus.gbk --pamseq NGRRT --outdir TEST --pam_orientation 3prime --guidelength 20 --strand both --lcp 11 --dist 3 --before 500 --into 500 --knum 10 --controls 10 --log GM_63831116_3.log --threads 4"
	User time (seconds): 252.77
	System time (seconds): 12.70
	Percent of CPU this job got: 192%
	Elapsed (wall clock) time (h:mm:ss or m:ss): 2:17.87
	Average shared text size (kbytes): 0
	Average unshared data size (kbytes): 0
	Average stack size (kbytes): 0
	Average total size (kbytes): 0
	Maximum resident set size (kbytes): 3200420
	Average resident set size (kbytes): 0
	Major (requiring I/O) page faults: 0
	Minor (reclaiming a frame) page faults: 6124378
	Voluntary context switches: 124454
	Involuntary context switches: 110931
	Swaps: 0
	File system inputs: 16
	File system outputs: 706520
	Socket messages sent: 0
	Socket messages received: 0
	Signals delivered: 0
	Page size (bytes): 4096
	Exit status: 0
My SLURM_ARRAY_TASK_ID:  3
My TMPDIR IS:  /scratch/local/63831116
Input Genome:>>>>>>>>>>>>>>>>>>>>>>>>>>>>>>>>>>>>>>>>>>>  Aspergillus_fumigatus.gbk
Input PAM:>>>>>>>>>>>>>>>>>>>>>>>>>>>>>>>>>>>>>>>>>>>  NGRRT
Threads used:>>>>>>>>>>>>>>>>>>>>>>>>>>>>>>>>>>>>>>>>>>>  8
GuideMaker
Your CPU supports instructions that this binary was not compiled to use: SSE4.1 SSE4.2 AVX AVX2
For maximum performance, you can install NMSLIB from sources 
pip install --no-binary :all: nmslib
2021-02-04 20:07:16,728: INFO     Temp directory is: /scratch/local/63831116/guidemaker_gkseq8bz
2021-02-04 20:07:16,728: INFO     Writing fasta file from genbank file(s)
2021-02-04 20:07:16,729: INFO     check if ../all_test_data/Aspergillus_fumigatus.gbk is gzipped
2021-02-04 20:07:19,836: INFO     Identifying PAM sites in the genome
2021-02-04 20:07:50,856: INFO     Checking guides for restriction enzymes
2021-02-04 20:07:51,119: INFO     Number of guides removed after checking for restriction enzymes: 0
2021-02-04 20:07:51,119: INFO     Identifing guides that are unique near the PAM site
2021-02-04 20:07:53,079: INFO     Number of guides removed after checking for unique PAM: 228709
2021-02-04 20:07:53,079: INFO     Indexing all potential guide sites: 887427. This is the longest step.
2021-02-04 20:07:56,840: INFO     M                   = 16
2021-02-04 20:07:56,840: INFO     indexThreadQty      = 8
2021-02-04 20:07:56,841: INFO     efConstruction      = 10
2021-02-04 20:07:56,841: INFO     maxM			          = 16
2021-02-04 20:07:56,841: INFO     maxM0			          = 32
2021-02-04 20:07:56,841: INFO     mult                = 0.360674
2021-02-04 20:07:56,841: INFO     skip_optimized_index= 0
2021-02-04 20:07:56,841: INFO     delaunay_type       = 2
2021-02-04 20:07:56,841: INFO     Set HNSW query-time parameters:
2021-02-04 20:07:56,841: INFO     ef(Search)         =20
2021-02-04 20:07:56,841: INFO     algoType           =2

0%   10   20   30   40   50   60   70   80   90   100%
|----|----|----|----|----|----|----|----|----|----|
***************************************************

0%   10   20   30   40   50   60   70   80   90   100%
|----|----|----|----|----|----|----|----|----|----|
*******************************************************
2021-02-04 20:08:13,474: INFO     No appropriate custom distance function for Hamming (bit-storage) space
2021-02-04 20:08:13,474: INFO     searchMethod			  = 0
2021-02-04 20:08:13,553: INFO     Identifying guides that have a hamming distance <= 3 to all other potential guides
2021-02-04 20:08:14,596: INFO     Set HNSW query-time parameters:
2021-02-04 20:08:14,596: INFO     ef(Search)         =9
2021-02-04 20:08:14,596: INFO     algoType           =2
2021-02-04 20:08:52,552: INFO     Formatting data for BedTools
2021-02-04 20:08:53,831: INFO     Create GuideMaker Annotation object
2021-02-04 20:08:53,831: INFO     Identify genomic features
2021-02-04 20:08:53,832: INFO     check if ../all_test_data/Aspergillus_fumigatus.gbk is gzipped
2021-02-04 20:08:56,765: INFO     Total number of CDS/locus in the input genome: 9630
2021-02-04 20:08:56,765: INFO     Find genomic features closest the guides
2021-02-04 20:09:06,398: INFO     Select guides that start between +500 and -500 of a feature start
2021-02-04 20:09:07,099: INFO     Select description columns
2021-02-04 20:09:07,201: INFO     Format the output
2021-02-04 20:09:09,752: INFO     Number of Guides within a gene coordinates i.e. zero Feature distance: 109749
2021-02-04 20:09:11,865: INFO     creating random control guides
2021-02-04 20:09:12,272: INFO     Number of random control searched: 100
2021-02-04 20:09:12,273: INFO     Percentage of GC content in the input genome: 48.82
2021-02-04 20:09:12,273: INFO     Total length of the genome: 28.0 MB
2021-02-04 20:09:12,273: INFO     created 10 control guides with a minimum distance of 7 and a median distance of 8
2021-02-04 20:09:12,276: INFO     guidemaker completed, results are at TEST
2021-02-04 20:09:12,276: INFO     PAM sequence: NGRRT
2021-02-04 20:09:12,276: INFO     PAM orientation: 3prime
2021-02-04 20:09:12,276: INFO     Genome strand(s) searched: both
2021-02-04 20:09:12,276: INFO     Total PAM sites considered: 887427
2021-02-04 20:09:12,276: INFO     Guide RNA candidates found: 220141
	Command being timed: "guidemaker -i ../all_test_data/Aspergillus_fumigatus.gbk --pamseq NGRRT --outdir TEST --pam_orientation 3prime --guidelength 20 --strand both --lcp 11 --dist 3 --before 500 --into 500 --knum 10 --controls 10 --log GM_63831116_3.log --threads 8"
	User time (seconds): 263.35
	System time (seconds): 12.84
	Percent of CPU this job got: 231%
	Elapsed (wall clock) time (h:mm:ss or m:ss): 1:59.11
	Average shared text size (kbytes): 0
	Average unshared data size (kbytes): 0
	Average stack size (kbytes): 0
	Average total size (kbytes): 0
	Maximum resident set size (kbytes): 3229932
	Average resident set size (kbytes): 0
	Major (requiring I/O) page faults: 0
	Minor (reclaiming a frame) page faults: 4889643
	Voluntary context switches: 234601
	Involuntary context switches: 99107
	Swaps: 0
	File system inputs: 16
	File system outputs: 706440
	Socket messages sent: 0
	Socket messages received: 0
	Signals delivered: 0
	Page size (bytes): 4096
	Exit status: 0
My SLURM_ARRAY_TASK_ID:  3
My TMPDIR IS:  /scratch/local/63831116
Input Genome:>>>>>>>>>>>>>>>>>>>>>>>>>>>>>>>>>>>>>>>>>>>  Aspergillus_fumigatus.gbk
Input PAM:>>>>>>>>>>>>>>>>>>>>>>>>>>>>>>>>>>>>>>>>>>>  NGRRT
Threads used:>>>>>>>>>>>>>>>>>>>>>>>>>>>>>>>>>>>>>>>>>>>  16
GuideMaker
Your CPU supports instructions that this binary was not compiled to use: SSE4.1 SSE4.2 AVX AVX2
For maximum performance, you can install NMSLIB from sources 
pip install --no-binary :all: nmslib
2021-02-04 20:09:15,874: INFO     Temp directory is: /scratch/local/63831116/guidemaker_rt3tza0v
2021-02-04 20:09:15,874: INFO     Writing fasta file from genbank file(s)
2021-02-04 20:09:15,874: INFO     check if ../all_test_data/Aspergillus_fumigatus.gbk is gzipped
2021-02-04 20:09:19,005: INFO     Identifying PAM sites in the genome
2021-02-04 20:09:49,896: INFO     Checking guides for restriction enzymes
2021-02-04 20:09:50,143: INFO     Number of guides removed after checking for restriction enzymes: 0
2021-02-04 20:09:50,143: INFO     Identifing guides that are unique near the PAM site
2021-02-04 20:09:52,104: INFO     Number of guides removed after checking for unique PAM: 228709
2021-02-04 20:09:52,105: INFO     Indexing all potential guide sites: 887427. This is the longest step.
2021-02-04 20:09:55,841: INFO     M                   = 16
2021-02-04 20:09:55,841: INFO     indexThreadQty      = 16
2021-02-04 20:09:55,841: INFO     efConstruction      = 10
2021-02-04 20:09:55,842: INFO     maxM			          = 16
2021-02-04 20:09:55,842: INFO     maxM0			          = 32
2021-02-04 20:09:55,842: INFO     mult                = 0.360674
2021-02-04 20:09:55,842: INFO     skip_optimized_index= 0
2021-02-04 20:09:55,842: INFO     delaunay_type       = 2
2021-02-04 20:09:55,842: INFO     Set HNSW query-time parameters:
2021-02-04 20:09:55,842: INFO     ef(Search)         =20
2021-02-04 20:09:55,842: INFO     algoType           =2

0%   10   20   30   40   50   60   70   80   90   100%
|----|----|----|----|----|----|----|----|----|----|
***************************************************

0%   10   20   30   40   50   60   70   80   90   100%
|----|----|----|----|----|----|----|----|----|----|
*******************************************************2021-02-04 20:10:04,959: INFO     No appropriate custom distance function for Hamming (bit-storage) space
2021-02-04 20:10:04,959: INFO     searchMethod			  = 0
2021-02-04 20:10:05,037: INFO     Identifying guides that have a hamming distance <= 3 to all other potential guides
2021-02-04 20:10:05,987: INFO     Set HNSW query-time parameters:
2021-02-04 20:10:05,987: INFO     ef(Search)         =9
2021-02-04 20:10:05,987: INFO     algoType           =2
2021-02-04 20:10:41,944: INFO     Formatting data for BedTools
2021-02-04 20:10:43,194: INFO     Create GuideMaker Annotation object
2021-02-04 20:10:43,194: INFO     Identify genomic features
2021-02-04 20:10:43,194: INFO     check if ../all_test_data/Aspergillus_fumigatus.gbk is gzipped
2021-02-04 20:10:46,134: INFO     Total number of CDS/locus in the input genome: 9630
2021-02-04 20:10:46,134: INFO     Find genomic features closest the guides
2021-02-04 20:10:55,147: INFO     Select guides that start between +500 and -500 of a feature start
2021-02-04 20:10:55,737: INFO     Select description columns
2021-02-04 20:10:55,839: INFO     Format the output
2021-02-04 20:10:58,355: INFO     Number of Guides within a gene coordinates i.e. zero Feature distance: 109777
2021-02-04 20:11:00,454: INFO     creating random control guides
2021-02-04 20:11:00,848: INFO     Number of random control searched: 100
2021-02-04 20:11:00,848: INFO     Percentage of GC content in the input genome: 48.82
2021-02-04 20:11:00,848: INFO     Total length of the genome: 28.0 MB
2021-02-04 20:11:00,848: INFO     created 10 control guides with a minimum distance of 7 and a median distance of 7
2021-02-04 20:11:00,851: INFO     guidemaker completed, results are at TEST
2021-02-04 20:11:00,851: INFO     PAM sequence: NGRRT
2021-02-04 20:11:00,851: INFO     PAM orientation: 3prime
2021-02-04 20:11:00,851: INFO     Genome strand(s) searched: both
2021-02-04 20:11:00,851: INFO     Total PAM sites considered: 887427
2021-02-04 20:11:00,851: INFO     Guide RNA candidates found: 220156
	Command being timed: "guidemaker -i ../all_test_data/Aspergillus_fumigatus.gbk --pamseq NGRRT --outdir TEST --pam_orientation 3prime --guidelength 20 --strand both --lcp 11 --dist 3 --before 500 --into 500 --knum 10 --controls 10 --log GM_63831116_3.log --threads 16"
	User time (seconds): 274.55
	System time (seconds): 15.29
	Percent of CPU this job got: 267%
	Elapsed (wall clock) time (h:mm:ss or m:ss): 1:48.48
	Average shared text size (kbytes): 0
	Average unshared data size (kbytes): 0
	Average stack size (kbytes): 0
	Average total size (kbytes): 0
	Maximum resident set size (kbytes): 3231160
	Average resident set size (kbytes): 0
	Major (requiring I/O) page faults: 0
	Minor (reclaiming a frame) page faults: 4051568
	Voluntary context switches: 506919
	Involuntary context switches: 907
	Swaps: 0
	File system inputs: 24
	File system outputs: 706512
	Socket messages sent: 0
	Socket messages received: 0
	Signals delivered: 0
	Page size (bytes): 4096
	Exit status: 0
My SLURM_ARRAY_TASK_ID:  3
My TMPDIR IS:  /scratch/local/63831116
Input Genome:>>>>>>>>>>>>>>>>>>>>>>>>>>>>>>>>>>>>>>>>>>>  Aspergillus_fumigatus.gbk
Input PAM:>>>>>>>>>>>>>>>>>>>>>>>>>>>>>>>>>>>>>>>>>>>  NGRRT
Threads used:>>>>>>>>>>>>>>>>>>>>>>>>>>>>>>>>>>>>>>>>>>>  32
GuideMaker
Your CPU supports instructions that this binary was not compiled to use: SSE4.1 SSE4.2 AVX AVX2
For maximum performance, you can install NMSLIB from sources 
pip install --no-binary :all: nmslib
2021-02-04 20:11:04,362: INFO     Temp directory is: /scratch/local/63831116/guidemaker_02ds063j
2021-02-04 20:11:04,362: INFO     Writing fasta file from genbank file(s)
2021-02-04 20:11:04,363: INFO     check if ../all_test_data/Aspergillus_fumigatus.gbk is gzipped
2021-02-04 20:11:07,443: INFO     Identifying PAM sites in the genome
2021-02-04 20:11:37,229: INFO     Checking guides for restriction enzymes
2021-02-04 20:11:37,474: INFO     Number of guides removed after checking for restriction enzymes: 0
2021-02-04 20:11:37,474: INFO     Identifing guides that are unique near the PAM site
2021-02-04 20:11:39,382: INFO     Number of guides removed after checking for unique PAM: 228709
2021-02-04 20:11:39,382: INFO     Indexing all potential guide sites: 887427. This is the longest step.
2021-02-04 20:11:43,204: INFO     M                   = 16
2021-02-04 20:11:43,204: INFO     indexThreadQty      = 32
2021-02-04 20:11:43,204: INFO     efConstruction      = 10
2021-02-04 20:11:43,204: INFO     maxM			          = 16
2021-02-04 20:11:43,204: INFO     maxM0			          = 32
2021-02-04 20:11:43,204: INFO     mult                = 0.360674
2021-02-04 20:11:43,205: INFO     skip_optimized_index= 0
2021-02-04 20:11:43,205: INFO     delaunay_type       = 2
2021-02-04 20:11:43,205: INFO     Set HNSW query-time parameters:
2021-02-04 20:11:43,205: INFO     ef(Search)         =20
2021-02-04 20:11:43,205: INFO     algoType           =2

0%   10   20   30   40   50   60   70   80   90   100%
|----|----|----|----|----|----|----|----|----|----|
***************************************************

0%   10   20   30   40   50   60   70   80   90   100%
|----|----|----|----|----|----|----|----|----|----|
**********************************************************
2021-02-04 20:11:48,847: INFO     No appropriate custom distance function for Hamming (bit-storage) space
2021-02-04 20:11:48,848: INFO     searchMethod			  = 0
2021-02-04 20:11:48,930: INFO     Identifying guides that have a hamming distance <= 3 to all other potential guides
2021-02-04 20:11:49,907: INFO     Set HNSW query-time parameters:
2021-02-04 20:11:49,908: INFO     ef(Search)         =9
2021-02-04 20:11:49,908: INFO     algoType           =2
2021-02-04 20:12:26,271: INFO     Formatting data for BedTools
2021-02-04 20:12:27,558: INFO     Create GuideMaker Annotation object
2021-02-04 20:12:27,558: INFO     Identify genomic features
2021-02-04 20:12:27,558: INFO     check if ../all_test_data/Aspergillus_fumigatus.gbk is gzipped
2021-02-04 20:12:30,471: INFO     Total number of CDS/locus in the input genome: 9630
2021-02-04 20:12:30,471: INFO     Find genomic features closest the guides
2021-02-04 20:12:39,531: INFO     Select guides that start between +500 and -500 of a feature start
2021-02-04 20:12:40,149: INFO     Select description columns
2021-02-04 20:12:40,259: INFO     Format the output
2021-02-04 20:12:43,289: INFO     Number of Guides within a gene coordinates i.e. zero Feature distance: 109791
2021-02-04 20:12:45,508: INFO     creating random control guides
2021-02-04 20:12:45,966: INFO     Number of random control searched: 100
2021-02-04 20:12:45,966: INFO     Percentage of GC content in the input genome: 48.82
2021-02-04 20:12:45,966: INFO     Total length of the genome: 28.0 MB
2021-02-04 20:12:45,966: INFO     created 10 control guides with a minimum distance of 7 and a median distance of 8
2021-02-04 20:12:45,970: INFO     guidemaker completed, results are at TEST
2021-02-04 20:12:45,970: INFO     PAM sequence: NGRRT
2021-02-04 20:12:45,970: INFO     PAM orientation: 3prime
2021-02-04 20:12:45,970: INFO     Genome strand(s) searched: both
2021-02-04 20:12:45,970: INFO     Total PAM sites considered: 887427
2021-02-04 20:12:45,970: INFO     Guide RNA candidates found: 220176
	Command being timed: "guidemaker -i ../all_test_data/Aspergillus_fumigatus.gbk --pamseq NGRRT --outdir TEST --pam_orientation 3prime --guidelength 20 --strand both --lcp 11 --dist 3 --before 500 --into 500 --knum 10 --controls 10 --log GM_63831116_3.log --threads 32"
	User time (seconds): 291.49
	System time (seconds): 24.59
	Percent of CPU this job got: 299%
	Elapsed (wall clock) time (h:mm:ss or m:ss): 1:45.63
	Average shared text size (kbytes): 0
	Average unshared data size (kbytes): 0
	Average stack size (kbytes): 0
	Average total size (kbytes): 0
	Maximum resident set size (kbytes): 3267560
	Average resident set size (kbytes): 0
	Major (requiring I/O) page faults: 0
	Minor (reclaiming a frame) page faults: 4617725
	Voluntary context switches: 1095208
	Involuntary context switches: 741
	Swaps: 0
	File system inputs: 2392
	File system outputs: 706656
	Socket messages sent: 0
	Socket messages received: 0
	Signals delivered: 0
	Page size (bytes): 4096
	Exit status: 0
