Thu Feb  4 21:16:42 EST 2021
c22b-s27.ufhpc
/blue/garrett/rp3448/analysis/guidemaker/nonAVXGuidemaker

     active environment : NONAVX2
    active env location : /home/rp3448/.conda/envs/NONAVX2
            shell level : 3
       user config file : /home/rp3448/.condarc
 populated config files : /home/rp3448/.condarc
          conda version : 4.9.2
    conda-build version : not installed
         python version : 3.9.1.final.0
       virtual packages : __glibc=2.17=0
                          __unix=0=0
                          __archspec=1=x86_64
       base environment : /apps/conda/4.9.2  (read only)
           channel URLs : https://conda.anaconda.org/biobakery/linux-64
                          https://conda.anaconda.org/biobakery/noarch
                          https://conda.anaconda.org/conda-forge/linux-64
                          https://conda.anaconda.org/conda-forge/noarch
                          https://conda.anaconda.org/bioconda/linux-64
                          https://conda.anaconda.org/bioconda/noarch
                          https://repo.anaconda.com/pkgs/main/linux-64
                          https://repo.anaconda.com/pkgs/main/noarch
                          https://repo.anaconda.com/pkgs/r/linux-64
                          https://repo.anaconda.com/pkgs/r/noarch
          package cache : /apps/conda/4.9.2/pkgs
                          /home/rp3448/.conda/pkgs
       envs directories : /home/rp3448/.conda/envs
                          /apps/conda/4.9.2/envs
               platform : linux-64
             user-agent : conda/4.9.2 requests/2.25.1 CPython/3.9.1 Linux/3.10.0-1062.18.1.el7.x86_64 rhel/7.7 glibc/2.17
                UID:GID : 6472:3511
             netrc file : None
           offline mode : False

My SLURM_ARRAY_TASK_ID:  7
My TMPDIR IS:  /scratch/local/63833314
Input Genome:>>>>>>>>>>>>>>>>>>>>>>>>>>>>>>>>>>>>>>>>>>>  Pseudomonas_aeruginosa_PAO1_107.gbk
Input PAM:>>>>>>>>>>>>>>>>>>>>>>>>>>>>>>>>>>>>>>>>>>>  NNAGAAW
Threads used:>>>>>>>>>>>>>>>>>>>>>>>>>>>>>>>>>>>>>>>>>>>  1
GuideMaker
Your CPU supports instructions that this binary was not compiled to use: SSE4.1 SSE4.2 AVX AVX2
For maximum performance, you can install NMSLIB from sources 
pip install --no-binary :all: nmslib
2021-02-04 21:16:48,057: INFO     Temp directory is: /scratch/local/63833314/guidemaker_57n6mrte
2021-02-04 21:16:48,058: INFO     Writing fasta file from genbank file(s)
2021-02-04 21:16:48,058: INFO     check if ../all_test_data/Pseudomonas_aeruginosa_PAO1_107.gbk is gzipped
/home/rp3448/.conda/envs/NONAVX2/lib/python3.7/site-packages/Bio/GenBank/Scanner.py:1400: BiopythonParserWarning: Truncated LOCUS line found - is this correct?
:'LOCUS       NC_002516            6264404 bp    dna     circular UNK \n'
  BiopythonParserWarning,
/home/rp3448/.conda/envs/NONAVX2/lib/python3.7/site-packages/Bio/GenBank/__init__.py:762: BiopythonParserWarning: Non-upper case molecule type in LOCUS line: dna
  BiopythonParserWarning,
2021-02-04 21:16:48,873: INFO     Identifying PAM sites in the genome
2021-02-04 21:16:51,294: INFO     Checking guides for restriction enzymes
2021-02-04 21:16:51,296: INFO     Number of guides removed after checking for restriction enzymes: 0
2021-02-04 21:16:51,296: INFO     Identifing guides that are unique near the PAM site
2021-02-04 21:16:51,303: INFO     Number of guides removed after checking for unique PAM: 201
2021-02-04 21:16:51,303: INFO     Indexing all potential guide sites: 7291. This is the longest step.
2021-02-04 21:16:51,333: INFO     M                   = 16
2021-02-04 21:16:51,333: INFO     indexThreadQty      = 1
2021-02-04 21:16:51,334: INFO     efConstruction      = 10
2021-02-04 21:16:51,334: INFO     maxM			          = 16
2021-02-04 21:16:51,334: INFO     maxM0			          = 32
2021-02-04 21:16:51,334: INFO     mult                = 0.360674
2021-02-04 21:16:51,334: INFO     skip_optimized_index= 0
2021-02-04 21:16:51,334: INFO     delaunay_type       = 2
2021-02-04 21:16:51,334: INFO     Set HNSW query-time parameters:
2021-02-04 21:16:51,334: INFO     ef(Search)         =20
2021-02-04 21:16:51,334: INFO     algoType           =2

0%   10   20   30   40   50   60   70   80   90   100%
|----|----|----|----|----|----|----|----|----|----|
***************************************************

0%   10   20   30   40   50   60   70   80   90   100%
|----|----|----|----|----|----|----|----|----|----|
***************************************************
*2021-02-04 21:16:51,600: INFO     No appropriate custom distance function for Hamming (bit-storage) space
2021-02-04 21:16:51,601: INFO     searchMethod			  = 0
2021-02-04 21:16:51,601: INFO     Identifying guides that have a hamming distance <= 3 to all other potential guides
2021-02-04 21:16:51,611: INFO     Set HNSW query-time parameters:
2021-02-04 21:16:51,611: INFO     ef(Search)         =9
2021-02-04 21:16:51,611: INFO     algoType           =2
2021-02-04 21:16:51,960: INFO     Formatting data for BedTools
2021-02-04 21:16:51,975: INFO     Create GuideMaker Annotation object
2021-02-04 21:16:51,975: INFO     Identify genomic features
2021-02-04 21:16:51,976: INFO     check if ../all_test_data/Pseudomonas_aeruginosa_PAO1_107.gbk is gzipped
2021-02-04 21:16:52,829: INFO     Total number of CDS/locus in the input genome: 5584
2021-02-04 21:16:52,829: INFO     Find genomic features closest the guides
2021-02-04 21:16:53,023: INFO     Select guides that start between +500 and -500 of a feature start
2021-02-04 21:16:53,084: INFO     Select description columns
2021-02-04 21:16:53,130: INFO     Format the output
2021-02-04 21:16:53,192: INFO     Number of Guides within a gene coordinates i.e. zero Feature distance: 2841
2021-02-04 21:16:53,277: INFO     creating random control guides
2021-02-04 21:16:53,366: INFO     Number of random control searched: 100
2021-02-04 21:16:53,366: INFO     Percentage of GC content in the input genome: 66.56
2021-02-04 21:16:53,366: INFO     Total length of the genome: 6.0 MB
2021-02-04 21:16:53,366: INFO     created 10 control guides with a minimum distance of 8 and a median distance of 9
2021-02-04 21:16:53,368: INFO     guidemaker completed, results are at TEST
2021-02-04 21:16:53,369: INFO     PAM sequence: NNAGAAW
2021-02-04 21:16:53,369: INFO     PAM orientation: 3prime
2021-02-04 21:16:53,369: INFO     Genome strand(s) searched: both
2021-02-04 21:16:53,369: INFO     Total PAM sites considered: 7291
2021-02-04 21:16:53,369: INFO     Guide RNA candidates found: 6404
	Command being timed: "guidemaker -i ../all_test_data/Pseudomonas_aeruginosa_PAO1_107.gbk --pamseq NNAGAAW --outdir TEST --pam_orientation 3prime --guidelength 20 --strand both --lcp 11 --dist 3 --before 500 --into 500 --knum 10 --controls 10 --log GM_63833314_7.log --threads 1"
	User time (seconds): 7.41
	System time (seconds): 1.96
	Percent of CPU this job got: 140%
	Elapsed (wall clock) time (h:mm:ss or m:ss): 0:06.67
	Average shared text size (kbytes): 0
	Average unshared data size (kbytes): 0
	Average stack size (kbytes): 0
	Average total size (kbytes): 0
	Maximum resident set size (kbytes): 149652
	Average resident set size (kbytes): 0
	Major (requiring I/O) page faults: 0
	Minor (reclaiming a frame) page faults: 180669
	Voluntary context switches: 3809
	Involuntary context switches: 424427
	Swaps: 0
	File system inputs: 0
	File system outputs: 26888
	Socket messages sent: 0
	Socket messages received: 0
	Signals delivered: 0
	Page size (bytes): 4096
	Exit status: 0
My SLURM_ARRAY_TASK_ID:  7
My TMPDIR IS:  /scratch/local/63833314
Input Genome:>>>>>>>>>>>>>>>>>>>>>>>>>>>>>>>>>>>>>>>>>>>  Pseudomonas_aeruginosa_PAO1_107.gbk
Input PAM:>>>>>>>>>>>>>>>>>>>>>>>>>>>>>>>>>>>>>>>>>>>  NNAGAAW
Threads used:>>>>>>>>>>>>>>>>>>>>>>>>>>>>>>>>>>>>>>>>>>>  2
GuideMaker
Your CPU supports instructions that this binary was not compiled to use: SSE4.1 SSE4.2 AVX AVX2
For maximum performance, you can install NMSLIB from sources 
pip install --no-binary :all: nmslib
2021-02-04 21:16:54,332: INFO     Temp directory is: /scratch/local/63833314/guidemaker_kwh2bxeb
2021-02-04 21:16:54,333: INFO     Writing fasta file from genbank file(s)
2021-02-04 21:16:54,333: INFO     check if ../all_test_data/Pseudomonas_aeruginosa_PAO1_107.gbk is gzipped
/home/rp3448/.conda/envs/NONAVX2/lib/python3.7/site-packages/Bio/GenBank/Scanner.py:1400: BiopythonParserWarning: Truncated LOCUS line found - is this correct?
:'LOCUS       NC_002516            6264404 bp    dna     circular UNK \n'
  BiopythonParserWarning,
/home/rp3448/.conda/envs/NONAVX2/lib/python3.7/site-packages/Bio/GenBank/__init__.py:762: BiopythonParserWarning: Non-upper case molecule type in LOCUS line: dna
  BiopythonParserWarning,
2021-02-04 21:16:55,129: INFO     Identifying PAM sites in the genome
2021-02-04 21:16:57,562: INFO     Checking guides for restriction enzymes
2021-02-04 21:16:57,564: INFO     Number of guides removed after checking for restriction enzymes: 0
2021-02-04 21:16:57,564: INFO     Identifing guides that are unique near the PAM site
2021-02-04 21:16:57,570: INFO     Number of guides removed after checking for unique PAM: 201
2021-02-04 21:16:57,570: INFO     Indexing all potential guide sites: 7291. This is the longest step.
2021-02-04 21:16:57,600: INFO     M                   = 16
2021-02-04 21:16:57,601: INFO     indexThreadQty      = 2
2021-02-04 21:16:57,601: INFO     efConstruction      = 10
2021-02-04 21:16:57,601: INFO     maxM			          = 16
2021-02-04 21:16:57,601: INFO     maxM0			          = 32
2021-02-04 21:16:57,601: INFO     mult                = 0.360674
2021-02-04 21:16:57,601: INFO     skip_optimized_index= 0
2021-02-04 21:16:57,601: INFO     delaunay_type       = 2
2021-02-04 21:16:57,601: INFO     Set HNSW query-time parameters:
2021-02-04 21:16:57,601: INFO     ef(Search)         =20
2021-02-04 21:16:57,601: INFO     algoType           =2

0%   10   20   30   40   50   60   70   80   90   100%
|----|----|----|----|----|----|----|----|----|----|
***************************************************

0%   10   20   30   40   50   60   70   80   90   100%
|----|----|----|----|----|----|----|----|----|----|
****************************************************2021-02-04 21:16:57,780: INFO     No appropriate custom distance function for Hamming (bit-storage) space
2021-02-04 21:16:57,780: INFO     searchMethod			  = 0
2021-02-04 21:16:57,780: INFO     Identifying guides that have a hamming distance <= 3 to all other potential guides
2021-02-04 21:16:57,788: INFO     Set HNSW query-time parameters:
2021-02-04 21:16:57,788: INFO     ef(Search)         =9
2021-02-04 21:16:57,788: INFO     algoType           =2
2021-02-04 21:16:58,091: INFO     Formatting data for BedTools
2021-02-04 21:16:58,105: INFO     Create GuideMaker Annotation object
2021-02-04 21:16:58,105: INFO     Identify genomic features
2021-02-04 21:16:58,105: INFO     check if ../all_test_data/Pseudomonas_aeruginosa_PAO1_107.gbk is gzipped
2021-02-04 21:16:58,959: INFO     Total number of CDS/locus in the input genome: 5584
2021-02-04 21:16:58,960: INFO     Find genomic features closest the guides
2021-02-04 21:16:59,148: INFO     Select guides that start between +500 and -500 of a feature start
2021-02-04 21:16:59,212: INFO     Select description columns
2021-02-04 21:16:59,259: INFO     Format the output
2021-02-04 21:16:59,322: INFO     Number of Guides within a gene coordinates i.e. zero Feature distance: 2841
2021-02-04 21:16:59,409: INFO     creating random control guides
2021-02-04 21:16:59,498: INFO     Number of random control searched: 100
2021-02-04 21:16:59,498: INFO     Percentage of GC content in the input genome: 66.56
2021-02-04 21:16:59,498: INFO     Total length of the genome: 6.0 MB
2021-02-04 21:16:59,499: INFO     created 10 control guides with a minimum distance of 8 and a median distance of 8
2021-02-04 21:16:59,501: INFO     guidemaker completed, results are at TEST
2021-02-04 21:16:59,501: INFO     PAM sequence: NNAGAAW
2021-02-04 21:16:59,501: INFO     PAM orientation: 3prime
2021-02-04 21:16:59,501: INFO     Genome strand(s) searched: both
2021-02-04 21:16:59,501: INFO     Total PAM sites considered: 7291
2021-02-04 21:16:59,502: INFO     Guide RNA candidates found: 6404
	Command being timed: "guidemaker -i ../all_test_data/Pseudomonas_aeruginosa_PAO1_107.gbk --pamseq NNAGAAW --outdir TEST --pam_orientation 3prime --guidelength 20 --strand both --lcp 11 --dist 3 --before 500 --into 500 --knum 10 --controls 10 --log GM_63833314_7.log --threads 2"
	User time (seconds): 7.55
	System time (seconds): 1.96
	Percent of CPU this job got: 155%
	Elapsed (wall clock) time (h:mm:ss or m:ss): 0:06.10
	Average shared text size (kbytes): 0
	Average unshared data size (kbytes): 0
	Average stack size (kbytes): 0
	Average total size (kbytes): 0
	Maximum resident set size (kbytes): 154004
	Average resident set size (kbytes): 0
	Major (requiring I/O) page faults: 0
	Minor (reclaiming a frame) page faults: 169977
	Voluntary context switches: 2961
	Involuntary context switches: 267167
	Swaps: 0
	File system inputs: 0
	File system outputs: 26888
	Socket messages sent: 0
	Socket messages received: 0
	Signals delivered: 0
	Page size (bytes): 4096
	Exit status: 0
My SLURM_ARRAY_TASK_ID:  7
My TMPDIR IS:  /scratch/local/63833314
Input Genome:>>>>>>>>>>>>>>>>>>>>>>>>>>>>>>>>>>>>>>>>>>>  Pseudomonas_aeruginosa_PAO1_107.gbk
Input PAM:>>>>>>>>>>>>>>>>>>>>>>>>>>>>>>>>>>>>>>>>>>>  NNAGAAW
Threads used:>>>>>>>>>>>>>>>>>>>>>>>>>>>>>>>>>>>>>>>>>>>  4
GuideMaker
Your CPU supports instructions that this binary was not compiled to use: SSE4.1 SSE4.2 AVX AVX2
For maximum performance, you can install NMSLIB from sources 
pip install --no-binary :all: nmslib
2021-02-04 21:17:00,549: INFO     Temp directory is: /scratch/local/63833314/guidemaker_qzzmbgh9
2021-02-04 21:17:00,550: INFO     Writing fasta file from genbank file(s)
2021-02-04 21:17:00,550: INFO     check if ../all_test_data/Pseudomonas_aeruginosa_PAO1_107.gbk is gzipped
/home/rp3448/.conda/envs/NONAVX2/lib/python3.7/site-packages/Bio/GenBank/Scanner.py:1400: BiopythonParserWarning: Truncated LOCUS line found - is this correct?
:'LOCUS       NC_002516            6264404 bp    dna     circular UNK \n'
  BiopythonParserWarning,
/home/rp3448/.conda/envs/NONAVX2/lib/python3.7/site-packages/Bio/GenBank/__init__.py:762: BiopythonParserWarning: Non-upper case molecule type in LOCUS line: dna
  BiopythonParserWarning,
2021-02-04 21:17:01,344: INFO     Identifying PAM sites in the genome
2021-02-04 21:17:03,807: INFO     Checking guides for restriction enzymes
2021-02-04 21:17:03,809: INFO     Number of guides removed after checking for restriction enzymes: 0
2021-02-04 21:17:03,809: INFO     Identifing guides that are unique near the PAM site
2021-02-04 21:17:03,816: INFO     Number of guides removed after checking for unique PAM: 201
2021-02-04 21:17:03,816: INFO     Indexing all potential guide sites: 7291. This is the longest step.
2021-02-04 21:17:03,847: INFO     M                   = 16
2021-02-04 21:17:03,847: INFO     indexThreadQty      = 4
2021-02-04 21:17:03,847: INFO     efConstruction      = 10
2021-02-04 21:17:03,847: INFO     maxM			          = 16
2021-02-04 21:17:03,847: INFO     maxM0			          = 32
2021-02-04 21:17:03,847: INFO     mult                = 0.360674
2021-02-04 21:17:03,847: INFO     skip_optimized_index= 0
2021-02-04 21:17:03,847: INFO     delaunay_type       = 2
2021-02-04 21:17:03,847: INFO     Set HNSW query-time parameters:
2021-02-04 21:17:03,847: INFO     ef(Search)         =20
2021-02-04 21:17:03,847: INFO     algoType           =2

0%   10   20   30   40   50   60   70   80   90   100%
|----|----|----|----|----|----|----|----|----|----|
***************************************************

0%   10   20   30   40   50   60   70   80   90   100%
|----|----|----|----|----|----|----|----|----|----|
****************************************************2021-02-04 21:17:03,947: INFO     No appropriate custom distance function for Hamming (bit-storage) space
2021-02-04 21:17:03,947: INFO     searchMethod			  = 0
2021-02-04 21:17:03,947: INFO     Identifying guides that have a hamming distance <= 3 to all other potential guides
2021-02-04 21:17:03,956: INFO     Set HNSW query-time parameters:
2021-02-04 21:17:03,956: INFO     ef(Search)         =9
2021-02-04 21:17:03,956: INFO     algoType           =2
2021-02-04 21:17:04,259: INFO     Formatting data for BedTools
2021-02-04 21:17:04,273: INFO     Create GuideMaker Annotation object
2021-02-04 21:17:04,273: INFO     Identify genomic features
2021-02-04 21:17:04,273: INFO     check if ../all_test_data/Pseudomonas_aeruginosa_PAO1_107.gbk is gzipped
2021-02-04 21:17:05,120: INFO     Total number of CDS/locus in the input genome: 5584
2021-02-04 21:17:05,120: INFO     Find genomic features closest the guides
2021-02-04 21:17:05,308: INFO     Select guides that start between +500 and -500 of a feature start
2021-02-04 21:17:05,367: INFO     Select description columns
2021-02-04 21:17:05,412: INFO     Format the output
2021-02-04 21:17:05,473: INFO     Number of Guides within a gene coordinates i.e. zero Feature distance: 2841
2021-02-04 21:17:05,604: INFO     creating random control guides
2021-02-04 21:17:05,692: INFO     Number of random control searched: 100
2021-02-04 21:17:05,692: INFO     Percentage of GC content in the input genome: 66.56
2021-02-04 21:17:05,692: INFO     Total length of the genome: 6.0 MB
2021-02-04 21:17:05,692: INFO     created 10 control guides with a minimum distance of 8 and a median distance of 8
2021-02-04 21:17:05,694: INFO     guidemaker completed, results are at TEST
2021-02-04 21:17:05,694: INFO     PAM sequence: NNAGAAW
2021-02-04 21:17:05,695: INFO     PAM orientation: 3prime
2021-02-04 21:17:05,695: INFO     Genome strand(s) searched: both
2021-02-04 21:17:05,695: INFO     Total PAM sites considered: 7291
2021-02-04 21:17:05,695: INFO     Guide RNA candidates found: 6404
	Command being timed: "guidemaker -i ../all_test_data/Pseudomonas_aeruginosa_PAO1_107.gbk --pamseq NNAGAAW --outdir TEST --pam_orientation 3prime --guidelength 20 --strand both --lcp 11 --dist 3 --before 500 --into 500 --knum 10 --controls 10 --log GM_63833314_7.log --threads 4"
	User time (seconds): 7.79
	System time (seconds): 1.89
	Percent of CPU this job got: 156%
	Elapsed (wall clock) time (h:mm:ss or m:ss): 0:06.18
	Average shared text size (kbytes): 0
	Average unshared data size (kbytes): 0
	Average stack size (kbytes): 0
	Average total size (kbytes): 0
	Maximum resident set size (kbytes): 153932
	Average resident set size (kbytes): 0
	Major (requiring I/O) page faults: 0
	Minor (reclaiming a frame) page faults: 170378
	Voluntary context switches: 5197
	Involuntary context switches: 98203
	Swaps: 0
	File system inputs: 16
	File system outputs: 26872
	Socket messages sent: 0
	Socket messages received: 0
	Signals delivered: 0
	Page size (bytes): 4096
	Exit status: 0
My SLURM_ARRAY_TASK_ID:  7
My TMPDIR IS:  /scratch/local/63833314
Input Genome:>>>>>>>>>>>>>>>>>>>>>>>>>>>>>>>>>>>>>>>>>>>  Pseudomonas_aeruginosa_PAO1_107.gbk
Input PAM:>>>>>>>>>>>>>>>>>>>>>>>>>>>>>>>>>>>>>>>>>>>  NNAGAAW
Threads used:>>>>>>>>>>>>>>>>>>>>>>>>>>>>>>>>>>>>>>>>>>>  8
GuideMaker
Your CPU supports instructions that this binary was not compiled to use: SSE4.1 SSE4.2 AVX AVX2
For maximum performance, you can install NMSLIB from sources 
pip install --no-binary :all: nmslib
2021-02-04 21:17:06,616: INFO     Temp directory is: /scratch/local/63833314/guidemaker_m_h5zpti
2021-02-04 21:17:06,616: INFO     Writing fasta file from genbank file(s)
2021-02-04 21:17:06,616: INFO     check if ../all_test_data/Pseudomonas_aeruginosa_PAO1_107.gbk is gzipped
/home/rp3448/.conda/envs/NONAVX2/lib/python3.7/site-packages/Bio/GenBank/Scanner.py:1400: BiopythonParserWarning: Truncated LOCUS line found - is this correct?
:'LOCUS       NC_002516            6264404 bp    dna     circular UNK \n'
  BiopythonParserWarning,
/home/rp3448/.conda/envs/NONAVX2/lib/python3.7/site-packages/Bio/GenBank/__init__.py:762: BiopythonParserWarning: Non-upper case molecule type in LOCUS line: dna
  BiopythonParserWarning,
2021-02-04 21:17:07,412: INFO     Identifying PAM sites in the genome
2021-02-04 21:17:09,942: INFO     Checking guides for restriction enzymes
2021-02-04 21:17:09,944: INFO     Number of guides removed after checking for restriction enzymes: 0
2021-02-04 21:17:09,945: INFO     Identifing guides that are unique near the PAM site
2021-02-04 21:17:09,951: INFO     Number of guides removed after checking for unique PAM: 201
2021-02-04 21:17:09,951: INFO     Indexing all potential guide sites: 7291. This is the longest step.
2021-02-04 21:17:09,982: INFO     M                   = 16
2021-02-04 21:17:09,982: INFO     indexThreadQty      = 8
2021-02-04 21:17:09,982: INFO     efConstruction      = 10
2021-02-04 21:17:09,982: INFO     maxM			          = 16
2021-02-04 21:17:09,982: INFO     maxM0			          = 32
2021-02-04 21:17:09,983: INFO     mult                = 0.360674
2021-02-04 21:17:09,983: INFO     skip_optimized_index= 0
2021-02-04 21:17:09,983: INFO     delaunay_type       = 2
2021-02-04 21:17:09,983: INFO     Set HNSW query-time parameters:
2021-02-04 21:17:09,983: INFO     ef(Search)         =20
2021-02-04 21:17:09,983: INFO     algoType           =2

0%   10   20   30   40   50   60   70   80   90   100%
|----|----|----|----|----|----|----|----|----|----|
***************************************************

0%   10   20   30   40   50   60   70   80   90   100%
|----|----|----|----|----|----|----|----|----|----|
****************************************************2021-02-04 21:17:10,046: INFO     No appropriate custom distance function for Hamming (bit-storage) space
2021-02-04 21:17:10,046: INFO     searchMethod			  = 0
2021-02-04 21:17:10,046: INFO     Identifying guides that have a hamming distance <= 3 to all other potential guides
2021-02-04 21:17:10,055: INFO     Set HNSW query-time parameters:
2021-02-04 21:17:10,055: INFO     ef(Search)         =9
2021-02-04 21:17:10,055: INFO     algoType           =2
2021-02-04 21:17:10,324: INFO     Formatting data for BedTools
2021-02-04 21:17:10,338: INFO     Create GuideMaker Annotation object
2021-02-04 21:17:10,338: INFO     Identify genomic features
2021-02-04 21:17:10,338: INFO     check if ../all_test_data/Pseudomonas_aeruginosa_PAO1_107.gbk is gzipped
2021-02-04 21:17:11,170: INFO     Total number of CDS/locus in the input genome: 5584
2021-02-04 21:17:11,170: INFO     Find genomic features closest the guides
2021-02-04 21:17:11,353: INFO     Select guides that start between +500 and -500 of a feature start
2021-02-04 21:17:11,416: INFO     Select description columns
2021-02-04 21:17:11,461: INFO     Format the output
2021-02-04 21:17:11,522: INFO     Number of Guides within a gene coordinates i.e. zero Feature distance: 2841
2021-02-04 21:17:11,724: INFO     creating random control guides
2021-02-04 21:17:11,812: INFO     Number of random control searched: 100
2021-02-04 21:17:11,812: INFO     Percentage of GC content in the input genome: 66.56
2021-02-04 21:17:11,812: INFO     Total length of the genome: 6.0 MB
2021-02-04 21:17:11,812: INFO     created 10 control guides with a minimum distance of 8 and a median distance of 8
2021-02-04 21:17:11,815: INFO     guidemaker completed, results are at TEST
2021-02-04 21:17:11,815: INFO     PAM sequence: NNAGAAW
2021-02-04 21:17:11,815: INFO     PAM orientation: 3prime
2021-02-04 21:17:11,815: INFO     Genome strand(s) searched: both
2021-02-04 21:17:11,815: INFO     Total PAM sites considered: 7291
2021-02-04 21:17:11,815: INFO     Guide RNA candidates found: 6404
	Command being timed: "guidemaker -i ../all_test_data/Pseudomonas_aeruginosa_PAO1_107.gbk --pamseq NNAGAAW --outdir TEST --pam_orientation 3prime --guidelength 20 --strand both --lcp 11 --dist 3 --before 500 --into 500 --knum 10 --controls 10 --log GM_63833314_7.log --threads 8"
	User time (seconds): 7.89
	System time (seconds): 1.94
	Percent of CPU this job got: 160%
	Elapsed (wall clock) time (h:mm:ss or m:ss): 0:06.11
	Average shared text size (kbytes): 0
	Average unshared data size (kbytes): 0
	Average stack size (kbytes): 0
	Average total size (kbytes): 0
	Maximum resident set size (kbytes): 154012
	Average resident set size (kbytes): 0
	Major (requiring I/O) page faults: 0
	Minor (reclaiming a frame) page faults: 169750
	Voluntary context switches: 7161
	Involuntary context switches: 79887
	Swaps: 0
	File system inputs: 16
	File system outputs: 26872
	Socket messages sent: 0
	Socket messages received: 0
	Signals delivered: 0
	Page size (bytes): 4096
	Exit status: 0
My SLURM_ARRAY_TASK_ID:  7
My TMPDIR IS:  /scratch/local/63833314
Input Genome:>>>>>>>>>>>>>>>>>>>>>>>>>>>>>>>>>>>>>>>>>>>  Pseudomonas_aeruginosa_PAO1_107.gbk
Input PAM:>>>>>>>>>>>>>>>>>>>>>>>>>>>>>>>>>>>>>>>>>>>  NNAGAAW
Threads used:>>>>>>>>>>>>>>>>>>>>>>>>>>>>>>>>>>>>>>>>>>>  16
GuideMaker
Your CPU supports instructions that this binary was not compiled to use: SSE4.1 SSE4.2 AVX AVX2
For maximum performance, you can install NMSLIB from sources 
pip install --no-binary :all: nmslib
2021-02-04 21:17:12,736: INFO     Temp directory is: /scratch/local/63833314/guidemaker_z2c519gu
2021-02-04 21:17:12,736: INFO     Writing fasta file from genbank file(s)
2021-02-04 21:17:12,737: INFO     check if ../all_test_data/Pseudomonas_aeruginosa_PAO1_107.gbk is gzipped
/home/rp3448/.conda/envs/NONAVX2/lib/python3.7/site-packages/Bio/GenBank/Scanner.py:1400: BiopythonParserWarning: Truncated LOCUS line found - is this correct?
:'LOCUS       NC_002516            6264404 bp    dna     circular UNK \n'
  BiopythonParserWarning,
/home/rp3448/.conda/envs/NONAVX2/lib/python3.7/site-packages/Bio/GenBank/__init__.py:762: BiopythonParserWarning: Non-upper case molecule type in LOCUS line: dna
  BiopythonParserWarning,
2021-02-04 21:17:13,541: INFO     Identifying PAM sites in the genome
2021-02-04 21:17:15,976: INFO     Checking guides for restriction enzymes
2021-02-04 21:17:15,979: INFO     Number of guides removed after checking for restriction enzymes: 0
2021-02-04 21:17:15,979: INFO     Identifing guides that are unique near the PAM site
2021-02-04 21:17:15,985: INFO     Number of guides removed after checking for unique PAM: 201
2021-02-04 21:17:15,985: INFO     Indexing all potential guide sites: 7291. This is the longest step.
2021-02-04 21:17:16,016: INFO     M                   = 16
2021-02-04 21:17:16,016: INFO     indexThreadQty      = 16
2021-02-04 21:17:16,016: INFO     efConstruction      = 10
2021-02-04 21:17:16,016: INFO     maxM			          = 16
2021-02-04 21:17:16,016: INFO     maxM0			          = 32
2021-02-04 21:17:16,016: INFO     mult                = 0.360674
2021-02-04 21:17:16,016: INFO     skip_optimized_index= 0
2021-02-04 21:17:16,016: INFO     delaunay_type       = 2
2021-02-04 21:17:16,017: INFO     Set HNSW query-time parameters:
2021-02-04 21:17:16,017: INFO     ef(Search)         =20
2021-02-04 21:17:16,017: INFO     algoType           =2

0%   10   20   30   40   50   60   70   80   90   100%
|----|----|----|----|----|----|----|----|----|----|
***************************************************

0%   10   20   30   40   50   60   70   80   90   100%
|----|----|----|----|----|----|----|----|----|----|
****************************************************2021-02-04 21:17:16,058: INFO     No appropriate custom distance function for Hamming (bit-storage) space
2021-02-04 21:17:16,058: INFO     searchMethod			  = 0
2021-02-04 21:17:16,058: INFO     Identifying guides that have a hamming distance <= 3 to all other potential guides
2021-02-04 21:17:16,068: INFO     Set HNSW query-time parameters:
2021-02-04 21:17:16,068: INFO     ef(Search)         =9
2021-02-04 21:17:16,068: INFO     algoType           =2
2021-02-04 21:17:16,339: INFO     Formatting data for BedTools
2021-02-04 21:17:16,353: INFO     Create GuideMaker Annotation object
2021-02-04 21:17:16,353: INFO     Identify genomic features
2021-02-04 21:17:16,353: INFO     check if ../all_test_data/Pseudomonas_aeruginosa_PAO1_107.gbk is gzipped
2021-02-04 21:17:17,200: INFO     Total number of CDS/locus in the input genome: 5584
2021-02-04 21:17:17,201: INFO     Find genomic features closest the guides
2021-02-04 21:17:17,387: INFO     Select guides that start between +500 and -500 of a feature start
2021-02-04 21:17:17,447: INFO     Select description columns
2021-02-04 21:17:17,492: INFO     Format the output
2021-02-04 21:17:17,553: INFO     Number of Guides within a gene coordinates i.e. zero Feature distance: 2841
2021-02-04 21:17:17,639: INFO     creating random control guides
2021-02-04 21:17:17,726: INFO     Number of random control searched: 100
2021-02-04 21:17:17,726: INFO     Percentage of GC content in the input genome: 66.56
2021-02-04 21:17:17,726: INFO     Total length of the genome: 6.0 MB
2021-02-04 21:17:17,727: INFO     created 10 control guides with a minimum distance of 8 and a median distance of 9
2021-02-04 21:17:17,729: INFO     guidemaker completed, results are at TEST
2021-02-04 21:17:17,729: INFO     PAM sequence: NNAGAAW
2021-02-04 21:17:17,729: INFO     PAM orientation: 3prime
2021-02-04 21:17:17,729: INFO     Genome strand(s) searched: both
2021-02-04 21:17:17,729: INFO     Total PAM sites considered: 7291
2021-02-04 21:17:17,729: INFO     Guide RNA candidates found: 6404
	Command being timed: "guidemaker -i ../all_test_data/Pseudomonas_aeruginosa_PAO1_107.gbk --pamseq NNAGAAW --outdir TEST --pam_orientation 3prime --guidelength 20 --strand both --lcp 11 --dist 3 --before 500 --into 500 --knum 10 --controls 10 --log GM_63833314_7.log --threads 16"
	User time (seconds): 7.95
	System time (seconds): 2.01
	Percent of CPU this job got: 168%
	Elapsed (wall clock) time (h:mm:ss or m:ss): 0:05.90
	Average shared text size (kbytes): 0
	Average unshared data size (kbytes): 0
	Average stack size (kbytes): 0
	Average total size (kbytes): 0
	Maximum resident set size (kbytes): 154032
	Average resident set size (kbytes): 0
	Major (requiring I/O) page faults: 0
	Minor (reclaiming a frame) page faults: 169635
	Voluntary context switches: 12475
	Involuntary context switches: 241
	Swaps: 0
	File system inputs: 0
	File system outputs: 26888
	Socket messages sent: 0
	Socket messages received: 0
	Signals delivered: 0
	Page size (bytes): 4096
	Exit status: 0
My SLURM_ARRAY_TASK_ID:  7
My TMPDIR IS:  /scratch/local/63833314
Input Genome:>>>>>>>>>>>>>>>>>>>>>>>>>>>>>>>>>>>>>>>>>>>  Pseudomonas_aeruginosa_PAO1_107.gbk
Input PAM:>>>>>>>>>>>>>>>>>>>>>>>>>>>>>>>>>>>>>>>>>>>  NNAGAAW
Threads used:>>>>>>>>>>>>>>>>>>>>>>>>>>>>>>>>>>>>>>>>>>>  32
GuideMaker
Your CPU supports instructions that this binary was not compiled to use: SSE4.1 SSE4.2 AVX AVX2
For maximum performance, you can install NMSLIB from sources 
pip install --no-binary :all: nmslib
2021-02-04 21:17:18,690: INFO     Temp directory is: /scratch/local/63833314/guidemaker_645ef2fc
2021-02-04 21:17:18,690: INFO     Writing fasta file from genbank file(s)
2021-02-04 21:17:18,690: INFO     check if ../all_test_data/Pseudomonas_aeruginosa_PAO1_107.gbk is gzipped
/home/rp3448/.conda/envs/NONAVX2/lib/python3.7/site-packages/Bio/GenBank/Scanner.py:1400: BiopythonParserWarning: Truncated LOCUS line found - is this correct?
:'LOCUS       NC_002516            6264404 bp    dna     circular UNK \n'
  BiopythonParserWarning,
/home/rp3448/.conda/envs/NONAVX2/lib/python3.7/site-packages/Bio/GenBank/__init__.py:762: BiopythonParserWarning: Non-upper case molecule type in LOCUS line: dna
  BiopythonParserWarning,
2021-02-04 21:17:19,475: INFO     Identifying PAM sites in the genome
2021-02-04 21:17:21,997: INFO     Checking guides for restriction enzymes
2021-02-04 21:17:22,000: INFO     Number of guides removed after checking for restriction enzymes: 0
2021-02-04 21:17:22,000: INFO     Identifing guides that are unique near the PAM site
2021-02-04 21:17:22,007: INFO     Number of guides removed after checking for unique PAM: 201
2021-02-04 21:17:22,008: INFO     Indexing all potential guide sites: 7291. This is the longest step.
2021-02-04 21:17:22,039: INFO     M                   = 16
2021-02-04 21:17:22,039: INFO     indexThreadQty      = 32
2021-02-04 21:17:22,039: INFO     efConstruction      = 10
2021-02-04 21:17:22,039: INFO     maxM			          = 16
2021-02-04 21:17:22,039: INFO     maxM0			          = 32
2021-02-04 21:17:22,039: INFO     mult                = 0.360674
2021-02-04 21:17:22,039: INFO     skip_optimized_index= 0
2021-02-04 21:17:22,039: INFO     delaunay_type       = 2
2021-02-04 21:17:22,039: INFO     Set HNSW query-time parameters:
2021-02-04 21:17:22,039: INFO     ef(Search)         =20
2021-02-04 21:17:22,039: INFO     algoType           =2

0%   10   20   30   40   50   60   70   80   90   100%
|----|----|----|----|----|----|----|----|----|----|
***************************************************

0%   10   20   30   40   50   60   70   80   90   100%
|----|----|----|----|----|----|----|----|----|----|
*******************************************************2021-02-04 21:17:22,077: INFO     No appropriate custom distance function for Hamming (bit-storage) space
2021-02-04 21:17:22,077: INFO     searchMethod			  = 0
2021-02-04 21:17:22,077: INFO     Identifying guides that have a hamming distance <= 3 to all other potential guides
2021-02-04 21:17:22,087: INFO     Set HNSW query-time parameters:
2021-02-04 21:17:22,087: INFO     ef(Search)         =9
2021-02-04 21:17:22,087: INFO     algoType           =2
2021-02-04 21:17:22,370: INFO     Formatting data for BedTools
2021-02-04 21:17:22,384: INFO     Create GuideMaker Annotation object
2021-02-04 21:17:22,384: INFO     Identify genomic features
2021-02-04 21:17:22,385: INFO     check if ../all_test_data/Pseudomonas_aeruginosa_PAO1_107.gbk is gzipped
2021-02-04 21:17:23,221: INFO     Total number of CDS/locus in the input genome: 5584
2021-02-04 21:17:23,221: INFO     Find genomic features closest the guides
2021-02-04 21:17:23,404: INFO     Select guides that start between +500 and -500 of a feature start
2021-02-04 21:17:23,476: INFO     Select description columns
2021-02-04 21:17:23,532: INFO     Format the output
2021-02-04 21:17:23,606: INFO     Number of Guides within a gene coordinates i.e. zero Feature distance: 2841
2021-02-04 21:17:23,737: INFO     creating random control guides
2021-02-04 21:17:23,838: INFO     Number of random control searched: 100
2021-02-04 21:17:23,838: INFO     Percentage of GC content in the input genome: 66.56
2021-02-04 21:17:23,838: INFO     Total length of the genome: 6.0 MB
2021-02-04 21:17:23,838: INFO     created 10 control guides with a minimum distance of 8 and a median distance of 8
2021-02-04 21:17:23,841: INFO     guidemaker completed, results are at TEST
2021-02-04 21:17:23,841: INFO     PAM sequence: NNAGAAW
2021-02-04 21:17:23,841: INFO     PAM orientation: 3prime
2021-02-04 21:17:23,841: INFO     Genome strand(s) searched: both
2021-02-04 21:17:23,841: INFO     Total PAM sites considered: 7291
2021-02-04 21:17:23,841: INFO     Guide RNA candidates found: 6404
	Command being timed: "guidemaker -i ../all_test_data/Pseudomonas_aeruginosa_PAO1_107.gbk --pamseq NNAGAAW --outdir TEST --pam_orientation 3prime --guidelength 20 --strand both --lcp 11 --dist 3 --before 500 --into 500 --knum 10 --controls 10 --log GM_63833314_7.log --threads 32"
	User time (seconds): 8.01
	System time (seconds): 2.19
	Percent of CPU this job got: 167%
	Elapsed (wall clock) time (h:mm:ss or m:ss): 0:06.10
	Average shared text size (kbytes): 0
	Average unshared data size (kbytes): 0
	Average stack size (kbytes): 0
	Average total size (kbytes): 0
	Maximum resident set size (kbytes): 154196
	Average resident set size (kbytes): 0
	Major (requiring I/O) page faults: 0
	Minor (reclaiming a frame) page faults: 170064
	Voluntary context switches: 23201
	Involuntary context switches: 144239
	Swaps: 0
	File system inputs: 0
	File system outputs: 26896
	Socket messages sent: 0
	Socket messages received: 0
	Signals delivered: 0
	Page size (bytes): 4096
	Exit status: 0
