Thu Feb  4 20:40:47 EST 2021
c24b-s23.ufhpc
/blue/garrett/rp3448/analysis/guidemaker/nonAVXGuidemaker

     active environment : NONAVX2
    active env location : /home/rp3448/.conda/envs/NONAVX2
            shell level : 3
       user config file : /home/rp3448/.condarc
 populated config files : /home/rp3448/.condarc
          conda version : 4.9.2
    conda-build version : not installed
         python version : 3.9.1.final.0
       virtual packages : __glibc=2.17=0
                          __unix=0=0
                          __archspec=1=x86_64
       base environment : /apps/conda/4.9.2  (read only)
           channel URLs : https://conda.anaconda.org/biobakery/linux-64
                          https://conda.anaconda.org/biobakery/noarch
                          https://conda.anaconda.org/conda-forge/linux-64
                          https://conda.anaconda.org/conda-forge/noarch
                          https://conda.anaconda.org/bioconda/linux-64
                          https://conda.anaconda.org/bioconda/noarch
                          https://repo.anaconda.com/pkgs/main/linux-64
                          https://repo.anaconda.com/pkgs/main/noarch
                          https://repo.anaconda.com/pkgs/r/linux-64
                          https://repo.anaconda.com/pkgs/r/noarch
          package cache : /apps/conda/4.9.2/pkgs
                          /home/rp3448/.conda/pkgs
       envs directories : /home/rp3448/.conda/envs
                          /apps/conda/4.9.2/envs
               platform : linux-64
             user-agent : conda/4.9.2 requests/2.25.1 CPython/3.9.1 Linux/3.10.0-1062.18.1.el7.x86_64 rhel/7.7 glibc/2.17
                UID:GID : 6472:3511
             netrc file : None
           offline mode : False

My SLURM_ARRAY_TASK_ID:  4
My TMPDIR IS:  /scratch/local/63832443
Input Genome:>>>>>>>>>>>>>>>>>>>>>>>>>>>>>>>>>>>>>>>>>>>  Arabidopsis_thaliana.gbk
Input PAM:>>>>>>>>>>>>>>>>>>>>>>>>>>>>>>>>>>>>>>>>>>>  NGRRT
Threads used:>>>>>>>>>>>>>>>>>>>>>>>>>>>>>>>>>>>>>>>>>>>  1
GuideMaker
Your CPU supports instructions that this binary was not compiled to use: SSE4.1 SSE4.2 AVX AVX2
For maximum performance, you can install NMSLIB from sources 
pip install --no-binary :all: nmslib
2021-02-04 20:40:54,901: INFO     Temp directory is: /scratch/local/63832443/guidemaker_64a1j869
2021-02-04 20:40:54,901: INFO     Writing fasta file from genbank file(s)
2021-02-04 20:40:54,902: INFO     check if ../all_test_data/Arabidopsis_thaliana.gbk is gzipped
2021-02-04 20:41:20,076: INFO     Identifying PAM sites in the genome
2021-02-04 20:43:21,331: INFO     Checking guides for restriction enzymes
2021-02-04 20:43:22,243: INFO     Number of guides removed after checking for restriction enzymes: 0
2021-02-04 20:43:22,244: INFO     Identifing guides that are unique near the PAM site
2021-02-04 20:43:28,293: INFO     Number of guides removed after checking for unique PAM: 2398454
2021-02-04 20:43:28,293: INFO     Indexing all potential guide sites: 3282648. This is the longest step.
2021-02-04 20:43:42,409: INFO     M                   = 16
2021-02-04 20:43:42,409: INFO     indexThreadQty      = 1
2021-02-04 20:43:42,409: INFO     efConstruction      = 10
2021-02-04 20:43:42,409: INFO     maxM			          = 16
2021-02-04 20:43:42,409: INFO     maxM0			          = 32
2021-02-04 20:43:42,409: INFO     mult                = 0.360674
2021-02-04 20:43:42,409: INFO     skip_optimized_index= 0
2021-02-04 20:43:42,409: INFO     delaunay_type       = 2
2021-02-04 20:43:42,409: INFO     Set HNSW query-time parameters:
2021-02-04 20:43:42,409: INFO     ef(Search)         =20
2021-02-04 20:43:42,410: INFO     algoType           =2

0%   10   20   30   40   50   60   70   80   90   100%
|----|----|----|----|----|----|----|----|----|----|
***************************************************

0%   10   20   30   40   50   60   70   80   90   100%
|----|----|----|----|----|----|----|----|----|----|
***************************************************
*2021-02-04 20:51:02,971: INFO     No appropriate custom distance function for Hamming (bit-storage) space
2021-02-04 20:51:02,971: INFO     searchMethod			  = 0
2021-02-04 20:51:03,250: INFO     Identifying guides that have a hamming distance <= 3 to all other potential guides
2021-02-04 20:51:04,717: INFO     Set HNSW query-time parameters:
2021-02-04 20:51:04,717: INFO     ef(Search)         =9
2021-02-04 20:51:04,717: INFO     algoType           =2
2021-02-04 20:52:49,660: INFO     Formatting data for BedTools
2021-02-04 20:52:52,136: INFO     Create GuideMaker Annotation object
2021-02-04 20:52:52,136: INFO     Identify genomic features
2021-02-04 20:52:52,137: INFO     check if ../all_test_data/Arabidopsis_thaliana.gbk is gzipped
2021-02-04 20:53:23,498: INFO     Total number of CDS/locus in the input genome: 48262
2021-02-04 20:53:23,498: INFO     Find genomic features closest the guides
2021-02-04 20:53:36,625: INFO     Select guides that start between +500 and -500 of a feature start
2021-02-04 20:53:37,508: INFO     Select description columns
2021-02-04 20:53:37,959: INFO     Format the output
2021-02-04 20:53:41,381: INFO     Number of Guides within a gene coordinates i.e. zero Feature distance: 131923
2021-02-04 20:53:45,862: INFO     creating random control guides
2021-02-04 20:53:47,258: INFO     Number of random control searched: 100
2021-02-04 20:53:47,258: INFO     Percentage of GC content in the input genome: 36.00
2021-02-04 20:53:47,258: INFO     Total length of the genome: 114.1 MB
2021-02-04 20:53:47,259: INFO     created 10 control guides with a minimum distance of 7 and a median distance of 7
2021-02-04 20:53:47,261: INFO     guidemaker completed, results are at TEST
2021-02-04 20:53:47,261: INFO     PAM sequence: NGRRT
2021-02-04 20:53:47,261: INFO     PAM orientation: 3prime
2021-02-04 20:53:47,261: INFO     Genome strand(s) searched: both
2021-02-04 20:53:47,261: INFO     Total PAM sites considered: 3282648
2021-02-04 20:53:47,261: INFO     Guide RNA candidates found: 226170
	Command being timed: "guidemaker -i ../all_test_data/Arabidopsis_thaliana.gbk --pamseq NGRRT --outdir TEST --pam_orientation 3prime --guidelength 20 --strand both --lcp 11 --dist 3 --before 500 --into 500 --knum 10 --controls 10 --log GM_63832443_4.log --threads 1"
	User time (seconds): 768.42
	System time (seconds): 13.53
	Percent of CPU this job got: 100%
	Elapsed (wall clock) time (h:mm:ss or m:ss): 13:01.83
	Average shared text size (kbytes): 0
	Average unshared data size (kbytes): 0
	Average stack size (kbytes): 0
	Average total size (kbytes): 0
	Maximum resident set size (kbytes): 7220596
	Average resident set size (kbytes): 0
	Major (requiring I/O) page faults: 122
	Minor (reclaiming a frame) page faults: 11830395
	Voluntary context switches: 3968
	Involuntary context switches: 61720
	Swaps: 0
	File system inputs: 447040
	File system outputs: 1368816
	Socket messages sent: 0
	Socket messages received: 0
	Signals delivered: 0
	Page size (bytes): 4096
	Exit status: 0
My SLURM_ARRAY_TASK_ID:  4
My TMPDIR IS:  /scratch/local/63832443
Input Genome:>>>>>>>>>>>>>>>>>>>>>>>>>>>>>>>>>>>>>>>>>>>  Arabidopsis_thaliana.gbk
Input PAM:>>>>>>>>>>>>>>>>>>>>>>>>>>>>>>>>>>>>>>>>>>>  NGRRT
Threads used:>>>>>>>>>>>>>>>>>>>>>>>>>>>>>>>>>>>>>>>>>>>  2
GuideMaker
Your CPU supports instructions that this binary was not compiled to use: SSE4.1 SSE4.2 AVX AVX2
For maximum performance, you can install NMSLIB from sources 
pip install --no-binary :all: nmslib
2021-02-04 20:53:54,777: INFO     Temp directory is: /scratch/local/63832443/guidemaker_b16pezxj
2021-02-04 20:53:54,777: INFO     Writing fasta file from genbank file(s)
2021-02-04 20:53:54,778: INFO     check if ../all_test_data/Arabidopsis_thaliana.gbk is gzipped
2021-02-04 20:54:20,109: INFO     Identifying PAM sites in the genome
2021-02-04 20:56:22,147: INFO     Checking guides for restriction enzymes
2021-02-04 20:56:23,050: INFO     Number of guides removed after checking for restriction enzymes: 0
2021-02-04 20:56:23,050: INFO     Identifing guides that are unique near the PAM site
2021-02-04 20:56:29,102: INFO     Number of guides removed after checking for unique PAM: 2398454
2021-02-04 20:56:29,102: INFO     Indexing all potential guide sites: 3282648. This is the longest step.
2021-02-04 20:56:44,011: INFO     M                   = 16
2021-02-04 20:56:44,011: INFO     indexThreadQty      = 2
2021-02-04 20:56:44,011: INFO     efConstruction      = 10
2021-02-04 20:56:44,011: INFO     maxM			          = 16
2021-02-04 20:56:44,011: INFO     maxM0			          = 32
2021-02-04 20:56:44,011: INFO     mult                = 0.360674
2021-02-04 20:56:44,011: INFO     skip_optimized_index= 0
2021-02-04 20:56:44,012: INFO     delaunay_type       = 2
2021-02-04 20:56:44,012: INFO     Set HNSW query-time parameters:
2021-02-04 20:56:44,012: INFO     ef(Search)         =20
2021-02-04 20:56:44,012: INFO     algoType           =2

0%   10   20   30   40   50   60   70   80   90   100%
|----|----|----|----|----|----|----|----|----|----|
***************************************************

0%   10   20   30   40   50   60   70   80   90   100%
|----|----|----|----|----|----|----|----|----|----|
****************************************************2021-02-04 21:01:21,455: INFO     No appropriate custom distance function for Hamming (bit-storage) space
2021-02-04 21:01:21,456: INFO     searchMethod			  = 0
2021-02-04 21:01:21,717: INFO     Identifying guides that have a hamming distance <= 3 to all other potential guides
2021-02-04 21:01:23,167: INFO     Set HNSW query-time parameters:
2021-02-04 21:01:23,167: INFO     ef(Search)         =9
2021-02-04 21:01:23,167: INFO     algoType           =2
2021-02-04 21:02:48,332: INFO     Formatting data for BedTools
2021-02-04 21:02:50,478: INFO     Create GuideMaker Annotation object
2021-02-04 21:02:50,478: INFO     Identify genomic features
2021-02-04 21:02:50,479: INFO     check if ../all_test_data/Arabidopsis_thaliana.gbk is gzipped
2021-02-04 21:03:21,890: INFO     Total number of CDS/locus in the input genome: 48262
2021-02-04 21:03:21,890: INFO     Find genomic features closest the guides
2021-02-04 21:03:36,097: INFO     Select guides that start between +500 and -500 of a feature start
2021-02-04 21:03:36,880: INFO     Select description columns
2021-02-04 21:03:37,337: INFO     Format the output
2021-02-04 21:03:40,590: INFO     Number of Guides within a gene coordinates i.e. zero Feature distance: 132075
2021-02-04 21:03:45,081: INFO     creating random control guides
2021-02-04 21:03:46,871: INFO     Number of random control searched: 100
2021-02-04 21:03:46,871: INFO     Percentage of GC content in the input genome: 36.00
2021-02-04 21:03:46,872: INFO     Total length of the genome: 114.1 MB
2021-02-04 21:03:46,872: INFO     created 10 control guides with a minimum distance of 7 and a median distance of 7
2021-02-04 21:03:46,874: INFO     guidemaker completed, results are at TEST
2021-02-04 21:03:46,874: INFO     PAM sequence: NGRRT
2021-02-04 21:03:46,875: INFO     PAM orientation: 3prime
2021-02-04 21:03:46,875: INFO     Genome strand(s) searched: both
2021-02-04 21:03:46,875: INFO     Total PAM sites considered: 3282648
2021-02-04 21:03:46,875: INFO     Guide RNA candidates found: 226315
	Command being timed: "guidemaker -i ../all_test_data/Arabidopsis_thaliana.gbk --pamseq NGRRT --outdir TEST --pam_orientation 3prime --guidelength 20 --strand both --lcp 11 --dist 3 --before 500 --into 500 --knum 10 --controls 10 --log GM_63832443_4.log --threads 2"
	User time (seconds): 855.26
	System time (seconds): 60.37
	Percent of CPU this job got: 152%
	Elapsed (wall clock) time (h:mm:ss or m:ss): 9:59.93
	Average shared text size (kbytes): 0
	Average unshared data size (kbytes): 0
	Average stack size (kbytes): 0
	Average total size (kbytes): 0
	Maximum resident set size (kbytes): 7902636
	Average resident set size (kbytes): 0
	Major (requiring I/O) page faults: 0
	Minor (reclaiming a frame) page faults: 38137053
	Voluntary context switches: 273320
	Involuntary context switches: 247017
	Swaps: 0
	File system inputs: 8
	File system outputs: 1369136
	Socket messages sent: 0
	Socket messages received: 0
	Signals delivered: 0
	Page size (bytes): 4096
	Exit status: 0
My SLURM_ARRAY_TASK_ID:  4
My TMPDIR IS:  /scratch/local/63832443
Input Genome:>>>>>>>>>>>>>>>>>>>>>>>>>>>>>>>>>>>>>>>>>>>  Arabidopsis_thaliana.gbk
Input PAM:>>>>>>>>>>>>>>>>>>>>>>>>>>>>>>>>>>>>>>>>>>>  NGRRT
Threads used:>>>>>>>>>>>>>>>>>>>>>>>>>>>>>>>>>>>>>>>>>>>  4
GuideMaker
Your CPU supports instructions that this binary was not compiled to use: SSE4.1 SSE4.2 AVX AVX2
For maximum performance, you can install NMSLIB from sources 
pip install --no-binary :all: nmslib
2021-02-04 21:03:54,627: INFO     Temp directory is: /scratch/local/63832443/guidemaker_u7gnvvmi
2021-02-04 21:03:54,628: INFO     Writing fasta file from genbank file(s)
2021-02-04 21:03:54,628: INFO     check if ../all_test_data/Arabidopsis_thaliana.gbk is gzipped
2021-02-04 21:04:19,647: INFO     Identifying PAM sites in the genome
2021-02-04 21:06:17,100: INFO     Checking guides for restriction enzymes
2021-02-04 21:06:18,014: INFO     Number of guides removed after checking for restriction enzymes: 0
2021-02-04 21:06:18,014: INFO     Identifing guides that are unique near the PAM site
2021-02-04 21:06:24,039: INFO     Number of guides removed after checking for unique PAM: 2398454
2021-02-04 21:06:24,039: INFO     Indexing all potential guide sites: 3282648. This is the longest step.
2021-02-04 21:06:38,304: INFO     M                   = 16
2021-02-04 21:06:38,304: INFO     indexThreadQty      = 4
2021-02-04 21:06:38,304: INFO     efConstruction      = 10
2021-02-04 21:06:38,304: INFO     maxM			          = 16
2021-02-04 21:06:38,304: INFO     maxM0			          = 32
2021-02-04 21:06:38,304: INFO     mult                = 0.360674
2021-02-04 21:06:38,304: INFO     skip_optimized_index= 0
2021-02-04 21:06:38,304: INFO     delaunay_type       = 2
2021-02-04 21:06:38,304: INFO     Set HNSW query-time parameters:
2021-02-04 21:06:38,304: INFO     ef(Search)         =20
2021-02-04 21:06:38,305: INFO     algoType           =2

0%   10   20   30   40   50   60   70   80   90   100%
|----|----|----|----|----|----|----|----|----|----|
***************************************************

0%   10   20   30   40   50   60   70   80   90   100%
|----|----|----|----|----|----|----|----|----|----|
****************************************************2021-02-04 21:09:11,799: INFO     No appropriate custom distance function for Hamming (bit-storage) space
2021-02-04 21:09:11,800: INFO     searchMethod			  = 0
2021-02-04 21:09:12,088: INFO     Identifying guides that have a hamming distance <= 3 to all other potential guides
2021-02-04 21:09:13,838: INFO     Set HNSW query-time parameters:
2021-02-04 21:09:13,838: INFO     ef(Search)         =9
2021-02-04 21:09:13,839: INFO     algoType           =2
2021-02-04 21:10:15,936: INFO     Formatting data for BedTools
2021-02-04 21:10:18,074: INFO     Create GuideMaker Annotation object
2021-02-04 21:10:18,075: INFO     Identify genomic features
2021-02-04 21:10:18,075: INFO     check if ../all_test_data/Arabidopsis_thaliana.gbk is gzipped
2021-02-04 21:10:48,666: INFO     Total number of CDS/locus in the input genome: 48262
2021-02-04 21:10:48,666: INFO     Find genomic features closest the guides
2021-02-04 21:11:02,738: INFO     Select guides that start between +500 and -500 of a feature start
2021-02-04 21:11:03,509: INFO     Select description columns
2021-02-04 21:11:03,950: INFO     Format the output
2021-02-04 21:11:07,087: INFO     Number of Guides within a gene coordinates i.e. zero Feature distance: 132073
2021-02-04 21:11:11,491: INFO     creating random control guides
2021-02-04 21:11:13,149: INFO     Number of random control searched: 100
2021-02-04 21:11:13,149: INFO     Percentage of GC content in the input genome: 36.00
2021-02-04 21:11:13,149: INFO     Total length of the genome: 114.1 MB
2021-02-04 21:11:13,149: INFO     created 10 control guides with a minimum distance of 7 and a median distance of 7
2021-02-04 21:11:13,151: INFO     guidemaker completed, results are at TEST
2021-02-04 21:11:13,151: INFO     PAM sequence: NGRRT
2021-02-04 21:11:13,151: INFO     PAM orientation: 3prime
2021-02-04 21:11:13,151: INFO     Genome strand(s) searched: both
2021-02-04 21:11:13,151: INFO     Total PAM sites considered: 3282648
2021-02-04 21:11:13,151: INFO     Guide RNA candidates found: 226326
	Command being timed: "guidemaker -i ../all_test_data/Arabidopsis_thaliana.gbk --pamseq NGRRT --outdir TEST --pam_orientation 3prime --guidelength 20 --strand both --lcp 11 --dist 3 --before 500 --into 500 --knum 10 --controls 10 --log GM_63832443_4.log --threads 4"
	User time (seconds): 893.16
	System time (seconds): 59.39
	Percent of CPU this job got: 213%
	Elapsed (wall clock) time (h:mm:ss or m:ss): 7:26.41
	Average shared text size (kbytes): 0
	Average unshared data size (kbytes): 0
	Average stack size (kbytes): 0
	Average total size (kbytes): 0
	Maximum resident set size (kbytes): 7926788
	Average resident set size (kbytes): 0
	Major (requiring I/O) page faults: 0
	Minor (reclaiming a frame) page faults: 34875907
	Voluntary context switches: 577721
	Involuntary context switches: 1805
	Swaps: 0
	File system inputs: 8
	File system outputs: 1369584
	Socket messages sent: 0
	Socket messages received: 0
	Signals delivered: 0
	Page size (bytes): 4096
	Exit status: 0
My SLURM_ARRAY_TASK_ID:  4
My TMPDIR IS:  /scratch/local/63832443
Input Genome:>>>>>>>>>>>>>>>>>>>>>>>>>>>>>>>>>>>>>>>>>>>  Arabidopsis_thaliana.gbk
Input PAM:>>>>>>>>>>>>>>>>>>>>>>>>>>>>>>>>>>>>>>>>>>>  NGRRT
Threads used:>>>>>>>>>>>>>>>>>>>>>>>>>>>>>>>>>>>>>>>>>>>  8
GuideMaker
Your CPU supports instructions that this binary was not compiled to use: SSE4.1 SSE4.2 AVX AVX2
For maximum performance, you can install NMSLIB from sources 
pip install --no-binary :all: nmslib
2021-02-04 21:11:21,053: INFO     Temp directory is: /scratch/local/63832443/guidemaker_1t2xy27j
2021-02-04 21:11:21,053: INFO     Writing fasta file from genbank file(s)
2021-02-04 21:11:21,053: INFO     check if ../all_test_data/Arabidopsis_thaliana.gbk is gzipped
2021-02-04 21:11:46,887: INFO     Identifying PAM sites in the genome
2021-02-04 21:13:49,079: INFO     Checking guides for restriction enzymes
2021-02-04 21:13:50,036: INFO     Number of guides removed after checking for restriction enzymes: 0
2021-02-04 21:13:50,036: INFO     Identifing guides that are unique near the PAM site
2021-02-04 21:13:56,067: INFO     Number of guides removed after checking for unique PAM: 2398454
2021-02-04 21:13:56,067: INFO     Indexing all potential guide sites: 3282648. This is the longest step.
2021-02-04 21:14:10,552: INFO     M                   = 16
2021-02-04 21:14:10,552: INFO     indexThreadQty      = 8
2021-02-04 21:14:10,552: INFO     efConstruction      = 10
2021-02-04 21:14:10,552: INFO     maxM			          = 16
2021-02-04 21:14:10,552: INFO     maxM0			          = 32
2021-02-04 21:14:10,552: INFO     mult                = 0.360674
2021-02-04 21:14:10,552: INFO     skip_optimized_index= 0
2021-02-04 21:14:10,553: INFO     delaunay_type       = 2
2021-02-04 21:14:10,553: INFO     Set HNSW query-time parameters:
2021-02-04 21:14:10,553: INFO     ef(Search)         =20
2021-02-04 21:14:10,553: INFO     algoType           =2

0%   10   20   30   40   50   60   70   80   90   100%
|----|----|----|----|----|----|----|----|----|----|
***************************************************

0%   10   20   30   40   50   60   70   80   90   100%
|----|----|----|----|----|----|----|----|----|----|
****************************************************2021-02-04 21:15:30,887: INFO     No appropriate custom distance function for Hamming (bit-storage) space
2021-02-04 21:15:30,888: INFO     searchMethod			  = 0
2021-02-04 21:15:31,176: INFO     Identifying guides that have a hamming distance <= 3 to all other potential guides
2021-02-04 21:15:32,820: INFO     Set HNSW query-time parameters:
2021-02-04 21:15:32,820: INFO     ef(Search)         =9
2021-02-04 21:15:32,820: INFO     algoType           =2
2021-02-04 21:16:26,021: INFO     Formatting data for BedTools
2021-02-04 21:16:28,142: INFO     Create GuideMaker Annotation object
2021-02-04 21:16:28,142: INFO     Identify genomic features
2021-02-04 21:16:28,142: INFO     check if ../all_test_data/Arabidopsis_thaliana.gbk is gzipped
2021-02-04 21:16:59,193: INFO     Total number of CDS/locus in the input genome: 48262
2021-02-04 21:16:59,194: INFO     Find genomic features closest the guides
2021-02-04 21:17:14,631: INFO     Select guides that start between +500 and -500 of a feature start
2021-02-04 21:17:15,415: INFO     Select description columns
2021-02-04 21:17:15,873: INFO     Format the output
2021-02-04 21:17:19,098: INFO     Number of Guides within a gene coordinates i.e. zero Feature distance: 132068
2021-02-04 21:17:23,478: INFO     creating random control guides
2021-02-04 21:17:25,019: INFO     Number of random control searched: 100
2021-02-04 21:17:25,019: INFO     Percentage of GC content in the input genome: 36.00
2021-02-04 21:17:25,019: INFO     Total length of the genome: 114.1 MB
2021-02-04 21:17:25,019: INFO     created 10 control guides with a minimum distance of 7 and a median distance of 7
2021-02-04 21:17:25,022: INFO     guidemaker completed, results are at TEST
2021-02-04 21:17:25,022: INFO     PAM sequence: NGRRT
2021-02-04 21:17:25,022: INFO     PAM orientation: 3prime
2021-02-04 21:17:25,022: INFO     Genome strand(s) searched: both
2021-02-04 21:17:25,022: INFO     Total PAM sites considered: 3282648
2021-02-04 21:17:25,022: INFO     Guide RNA candidates found: 226350
	Command being timed: "guidemaker -i ../all_test_data/Arabidopsis_thaliana.gbk --pamseq NGRRT --outdir TEST --pam_orientation 3prime --guidelength 20 --strand both --lcp 11 --dist 3 --before 500 --into 500 --knum 10 --controls 10 --log GM_63832443_4.log --threads 8"
	User time (seconds): 934.51
	System time (seconds): 49.29
	Percent of CPU this job got: 264%
	Elapsed (wall clock) time (h:mm:ss or m:ss): 6:12.47
	Average shared text size (kbytes): 0
	Average unshared data size (kbytes): 0
	Average stack size (kbytes): 0
	Average total size (kbytes): 0
	Maximum resident set size (kbytes): 7953724
	Average resident set size (kbytes): 0
	Major (requiring I/O) page faults: 0
	Minor (reclaiming a frame) page faults: 24107790
	Voluntary context switches: 970734
	Involuntary context switches: 138360
	Swaps: 0
	File system inputs: 24
	File system outputs: 1369392
	Socket messages sent: 0
	Socket messages received: 0
	Signals delivered: 0
	Page size (bytes): 4096
	Exit status: 0
My SLURM_ARRAY_TASK_ID:  4
My TMPDIR IS:  /scratch/local/63832443
Input Genome:>>>>>>>>>>>>>>>>>>>>>>>>>>>>>>>>>>>>>>>>>>>  Arabidopsis_thaliana.gbk
Input PAM:>>>>>>>>>>>>>>>>>>>>>>>>>>>>>>>>>>>>>>>>>>>  NGRRT
Threads used:>>>>>>>>>>>>>>>>>>>>>>>>>>>>>>>>>>>>>>>>>>>  16
GuideMaker
Your CPU supports instructions that this binary was not compiled to use: SSE4.1 SSE4.2 AVX AVX2
For maximum performance, you can install NMSLIB from sources 
pip install --no-binary :all: nmslib
2021-02-04 21:17:33,497: INFO     Temp directory is: /scratch/local/63832443/guidemaker_c0jmjlfy
2021-02-04 21:17:33,497: INFO     Writing fasta file from genbank file(s)
2021-02-04 21:17:33,498: INFO     check if ../all_test_data/Arabidopsis_thaliana.gbk is gzipped
2021-02-04 21:17:58,542: INFO     Identifying PAM sites in the genome
2021-02-04 21:19:56,627: INFO     Checking guides for restriction enzymes
2021-02-04 21:19:57,532: INFO     Number of guides removed after checking for restriction enzymes: 0
2021-02-04 21:19:57,532: INFO     Identifing guides that are unique near the PAM site
2021-02-04 21:20:03,579: INFO     Number of guides removed after checking for unique PAM: 2398454
2021-02-04 21:20:03,580: INFO     Indexing all potential guide sites: 3282648. This is the longest step.
2021-02-04 21:20:17,549: INFO     M                   = 16
2021-02-04 21:20:17,549: INFO     indexThreadQty      = 16
2021-02-04 21:20:17,549: INFO     efConstruction      = 10
2021-02-04 21:20:17,550: INFO     maxM			          = 16
2021-02-04 21:20:17,550: INFO     maxM0			          = 32
2021-02-04 21:20:17,550: INFO     mult                = 0.360674
2021-02-04 21:20:17,550: INFO     skip_optimized_index= 0
2021-02-04 21:20:17,550: INFO     delaunay_type       = 2
2021-02-04 21:20:17,550: INFO     Set HNSW query-time parameters:
2021-02-04 21:20:17,550: INFO     ef(Search)         =20
2021-02-04 21:20:17,550: INFO     algoType           =2

0%   10   20   30   40   50   60   70   80   90   100%
|----|----|----|----|----|----|----|----|----|----|
***************************************************

0%   10   20   30   40   50   60   70   80   90   100%
|----|----|----|----|----|----|----|----|----|----|
****************************************************2021-02-04 21:21:00,708: INFO     No appropriate custom distance function for Hamming (bit-storage) space
2021-02-04 21:21:00,709: INFO     searchMethod			  = 0
2021-02-04 21:21:00,980: INFO     Identifying guides that have a hamming distance <= 3 to all other potential guides
2021-02-04 21:21:02,554: INFO     Set HNSW query-time parameters:
2021-02-04 21:21:02,555: INFO     ef(Search)         =9
2021-02-04 21:21:02,555: INFO     algoType           =2
2021-02-04 21:21:49,670: INFO     Formatting data for BedTools
2021-02-04 21:21:51,844: INFO     Create GuideMaker Annotation object
2021-02-04 21:21:51,844: INFO     Identify genomic features
2021-02-04 21:21:51,845: INFO     check if ../all_test_data/Arabidopsis_thaliana.gbk is gzipped
2021-02-04 21:22:22,317: INFO     Total number of CDS/locus in the input genome: 48262
2021-02-04 21:22:22,318: INFO     Find genomic features closest the guides
2021-02-04 21:22:36,037: INFO     Select guides that start between +500 and -500 of a feature start
2021-02-04 21:22:36,832: INFO     Select description columns
2021-02-04 21:22:37,279: INFO     Format the output
2021-02-04 21:22:40,413: INFO     Number of Guides within a gene coordinates i.e. zero Feature distance: 131988
2021-02-04 21:22:44,749: INFO     creating random control guides
2021-02-04 21:22:46,286: INFO     Number of random control searched: 100
2021-02-04 21:22:46,286: INFO     Percentage of GC content in the input genome: 36.00
2021-02-04 21:22:46,286: INFO     Total length of the genome: 114.1 MB
2021-02-04 21:22:46,286: INFO     created 10 control guides with a minimum distance of 7 and a median distance of 7
2021-02-04 21:22:46,289: INFO     guidemaker completed, results are at TEST
2021-02-04 21:22:46,289: INFO     PAM sequence: NGRRT
2021-02-04 21:22:46,289: INFO     PAM orientation: 3prime
2021-02-04 21:22:46,289: INFO     Genome strand(s) searched: both
2021-02-04 21:22:46,289: INFO     Total PAM sites considered: 3282648
2021-02-04 21:22:46,289: INFO     Guide RNA candidates found: 226279
	Command being timed: "guidemaker -i ../all_test_data/Arabidopsis_thaliana.gbk --pamseq NGRRT --outdir TEST --pam_orientation 3prime --guidelength 20 --strand both --lcp 11 --dist 3 --before 500 --into 500 --knum 10 --controls 10 --log GM_63832443_4.log --threads 16"
	User time (seconds): 952.04
	System time (seconds): 53.77
	Percent of CPU this job got: 313%
	Elapsed (wall clock) time (h:mm:ss or m:ss): 5:20.95
	Average shared text size (kbytes): 0
	Average unshared data size (kbytes): 0
	Average stack size (kbytes): 0
	Average total size (kbytes): 0
	Maximum resident set size (kbytes): 7995892
	Average resident set size (kbytes): 0
	Major (requiring I/O) page faults: 0
	Minor (reclaiming a frame) page faults: 17875381
	Voluntary context switches: 1808039
	Involuntary context switches: 1282066
	Swaps: 0
	File system inputs: 8
	File system outputs: 1369136
	Socket messages sent: 0
	Socket messages received: 0
	Signals delivered: 0
	Page size (bytes): 4096
	Exit status: 0
My SLURM_ARRAY_TASK_ID:  4
My TMPDIR IS:  /scratch/local/63832443
Input Genome:>>>>>>>>>>>>>>>>>>>>>>>>>>>>>>>>>>>>>>>>>>>  Arabidopsis_thaliana.gbk
Input PAM:>>>>>>>>>>>>>>>>>>>>>>>>>>>>>>>>>>>>>>>>>>>  NGRRT
Threads used:>>>>>>>>>>>>>>>>>>>>>>>>>>>>>>>>>>>>>>>>>>>  32
GuideMaker
Your CPU supports instructions that this binary was not compiled to use: SSE4.1 SSE4.2 AVX AVX2
For maximum performance, you can install NMSLIB from sources 
pip install --no-binary :all: nmslib
2021-02-04 21:22:54,504: INFO     Temp directory is: /scratch/local/63832443/guidemaker_j13ljm2f
2021-02-04 21:22:54,504: INFO     Writing fasta file from genbank file(s)
2021-02-04 21:22:54,505: INFO     check if ../all_test_data/Arabidopsis_thaliana.gbk is gzipped
2021-02-04 21:23:19,387: INFO     Identifying PAM sites in the genome
2021-02-04 21:25:17,265: INFO     Checking guides for restriction enzymes
2021-02-04 21:25:18,170: INFO     Number of guides removed after checking for restriction enzymes: 0
2021-02-04 21:25:18,170: INFO     Identifing guides that are unique near the PAM site
2021-02-04 21:25:24,176: INFO     Number of guides removed after checking for unique PAM: 2398454
2021-02-04 21:25:24,176: INFO     Indexing all potential guide sites: 3282648. This is the longest step.
2021-02-04 21:25:38,426: INFO     M                   = 16
2021-02-04 21:25:38,426: INFO     indexThreadQty      = 32
2021-02-04 21:25:38,426: INFO     efConstruction      = 10
2021-02-04 21:25:38,426: INFO     maxM			          = 16
2021-02-04 21:25:38,426: INFO     maxM0			          = 32
2021-02-04 21:25:38,427: INFO     mult                = 0.360674
2021-02-04 21:25:38,427: INFO     skip_optimized_index= 0
2021-02-04 21:25:38,427: INFO     delaunay_type       = 2
2021-02-04 21:25:38,427: INFO     Set HNSW query-time parameters:
2021-02-04 21:25:38,427: INFO     ef(Search)         =20
2021-02-04 21:25:38,427: INFO     algoType           =2

0%   10   20   30   40   50   60   70   80   90   100%
|----|----|----|----|----|----|----|----|----|----|
***************************************************

0%   10   20   30   40   50   60   70   80   90   100%
|----|----|----|----|----|----|----|----|----|----|
******************************************************



2021-02-04 21:26:05,849: INFO     No appropriate custom distance function for Hamming (bit-storage) space
2021-02-04 21:26:05,849: INFO     searchMethod			  = 0
2021-02-04 21:26:06,110: INFO     Identifying guides that have a hamming distance <= 3 to all other potential guides
2021-02-04 21:26:07,656: INFO     Set HNSW query-time parameters:
2021-02-04 21:26:07,656: INFO     ef(Search)         =9
2021-02-04 21:26:07,656: INFO     algoType           =2
2021-02-04 21:26:53,420: INFO     Formatting data for BedTools
2021-02-04 21:26:55,592: INFO     Create GuideMaker Annotation object
2021-02-04 21:26:55,592: INFO     Identify genomic features
2021-02-04 21:26:55,593: INFO     check if ../all_test_data/Arabidopsis_thaliana.gbk is gzipped
2021-02-04 21:27:26,021: INFO     Total number of CDS/locus in the input genome: 48262
2021-02-04 21:27:26,022: INFO     Find genomic features closest the guides
2021-02-04 21:27:39,637: INFO     Select guides that start between +500 and -500 of a feature start
2021-02-04 21:27:40,413: INFO     Select description columns
2021-02-04 21:27:40,872: INFO     Format the output
2021-02-04 21:27:43,947: INFO     Number of Guides within a gene coordinates i.e. zero Feature distance: 131846
2021-02-04 21:27:48,358: INFO     creating random control guides
2021-02-04 21:27:50,093: INFO     Number of random control searched: 100
2021-02-04 21:27:50,093: INFO     Percentage of GC content in the input genome: 36.00
2021-02-04 21:27:50,093: INFO     Total length of the genome: 114.1 MB
2021-02-04 21:27:50,093: INFO     created 10 control guides with a minimum distance of 7 and a median distance of 7
2021-02-04 21:27:50,096: INFO     guidemaker completed, results are at TEST
2021-02-04 21:27:50,096: INFO     PAM sequence: NGRRT
2021-02-04 21:27:50,096: INFO     PAM orientation: 3prime
2021-02-04 21:27:50,096: INFO     Genome strand(s) searched: both
2021-02-04 21:27:50,097: INFO     Total PAM sites considered: 3282648
2021-02-04 21:27:50,097: INFO     Guide RNA candidates found: 226023
	Command being timed: "guidemaker -i ../all_test_data/Arabidopsis_thaliana.gbk --pamseq NGRRT --outdir TEST --pam_orientation 3prime --guidelength 20 --strand both --lcp 11 --dist 3 --before 500 --into 500 --knum 10 --controls 10 --log GM_63832443_4.log --threads 32"
	User time (seconds): 1010.70
	System time (seconds): 87.18
	Percent of CPU this job got: 361%
	Elapsed (wall clock) time (h:mm:ss or m:ss): 5:03.52
	Average shared text size (kbytes): 0
	Average unshared data size (kbytes): 0
	Average stack size (kbytes): 0
	Average total size (kbytes): 0
	Maximum resident set size (kbytes): 8034544
	Average resident set size (kbytes): 0
	Major (requiring I/O) page faults: 0
	Minor (reclaiming a frame) page faults: 14419685
	Voluntary context switches: 3779869
	Involuntary context switches: 284364
	Swaps: 0
	File system inputs: 0
	File system outputs: 1368120
	Socket messages sent: 0
	Socket messages received: 0
	Signals delivered: 0
	Page size (bytes): 4096
	Exit status: 0
