Thu Feb  4 19:58:10 EST 2021
c26b-s24.ufhpc
/blue/garrett/rp3448/analysis/guidemaker/nonAVXGuidemaker

     active environment : NONAVX2
    active env location : /home/rp3448/.conda/envs/NONAVX2
            shell level : 3
       user config file : /home/rp3448/.condarc
 populated config files : /home/rp3448/.condarc
          conda version : 4.9.2
    conda-build version : not installed
         python version : 3.9.1.final.0
       virtual packages : __glibc=2.17=0
                          __unix=0=0
                          __archspec=1=x86_64
       base environment : /apps/conda/4.9.2  (read only)
           channel URLs : https://conda.anaconda.org/biobakery/linux-64
                          https://conda.anaconda.org/biobakery/noarch
                          https://conda.anaconda.org/conda-forge/linux-64
                          https://conda.anaconda.org/conda-forge/noarch
                          https://conda.anaconda.org/bioconda/linux-64
                          https://conda.anaconda.org/bioconda/noarch
                          https://repo.anaconda.com/pkgs/main/linux-64
                          https://repo.anaconda.com/pkgs/main/noarch
                          https://repo.anaconda.com/pkgs/r/linux-64
                          https://repo.anaconda.com/pkgs/r/noarch
          package cache : /apps/conda/4.9.2/pkgs
                          /home/rp3448/.conda/pkgs
       envs directories : /home/rp3448/.conda/envs
                          /apps/conda/4.9.2/envs
               platform : linux-64
             user-agent : conda/4.9.2 requests/2.25.1 CPython/3.9.1 Linux/3.10.0-1062.18.1.el7.x86_64 rhel/7.7 glibc/2.17
                UID:GID : 6472:3511
             netrc file : None
           offline mode : False

My SLURM_ARRAY_TASK_ID:  1
My TMPDIR IS:  /scratch/local/63831114
Input Genome:>>>>>>>>>>>>>>>>>>>>>>>>>>>>>>>>>>>>>>>>>>>  Aspergillus_fumigatus.gbk
Input PAM:>>>>>>>>>>>>>>>>>>>>>>>>>>>>>>>>>>>>>>>>>>>  NGRRT
Threads used:>>>>>>>>>>>>>>>>>>>>>>>>>>>>>>>>>>>>>>>>>>>  1
GuideMaker
Your CPU supports instructions that this binary was not compiled to use: SSE4.1 SSE4.2 AVX AVX2
For maximum performance, you can install NMSLIB from sources 
pip install --no-binary :all: nmslib
2021-02-04 19:58:15,844: INFO     Temp directory is: /scratch/local/63831114/guidemaker_22x3f0j0
2021-02-04 19:58:15,844: INFO     Writing fasta file from genbank file(s)
2021-02-04 19:58:15,845: INFO     check if ../all_test_data/Aspergillus_fumigatus.gbk is gzipped
2021-02-04 19:58:18,974: INFO     Identifying PAM sites in the genome
2021-02-04 19:58:49,397: INFO     Checking guides for restriction enzymes
2021-02-04 19:58:49,642: INFO     Number of guides removed after checking for restriction enzymes: 0
2021-02-04 19:58:49,642: INFO     Identifing guides that are unique near the PAM site
2021-02-04 19:58:51,523: INFO     Number of guides removed after checking for unique PAM: 228709
2021-02-04 19:58:51,523: INFO     Indexing all potential guide sites: 887427. This is the longest step.
2021-02-04 19:58:55,221: INFO     M                   = 16
2021-02-04 19:58:55,221: INFO     indexThreadQty      = 1
2021-02-04 19:58:55,221: INFO     efConstruction      = 10
2021-02-04 19:58:55,221: INFO     maxM			          = 16
2021-02-04 19:58:55,221: INFO     maxM0			          = 32
2021-02-04 19:58:55,221: INFO     mult                = 0.360674
2021-02-04 19:58:55,221: INFO     skip_optimized_index= 0
2021-02-04 19:58:55,221: INFO     delaunay_type       = 2
2021-02-04 19:58:55,222: INFO     Set HNSW query-time parameters:
2021-02-04 19:58:55,222: INFO     ef(Search)         =20
2021-02-04 19:58:55,222: INFO     algoType           =2

0%   10   20   30   40   50   60   70   80   90   100%
|----|----|----|----|----|----|----|----|----|----|
***************************************************

0%   10   20   30   40   50   60   70   80   90   100%
|----|----|----|----|----|----|----|----|----|----|
***************************************************
*2021-02-04 20:00:25,233: INFO     No appropriate custom distance function for Hamming (bit-storage) space
2021-02-04 20:00:25,233: INFO     searchMethod			  = 0
2021-02-04 20:00:25,305: INFO     Identifying guides that have a hamming distance <= 3 to all other potential guides
2021-02-04 20:00:26,202: INFO     Set HNSW query-time parameters:
2021-02-04 20:00:26,202: INFO     ef(Search)         =9
2021-02-04 20:00:26,202: INFO     algoType           =2
2021-02-04 20:01:34,574: INFO     Formatting data for BedTools
2021-02-04 20:01:35,834: INFO     Create GuideMaker Annotation object
2021-02-04 20:01:35,834: INFO     Identify genomic features
2021-02-04 20:01:35,835: INFO     check if ../all_test_data/Aspergillus_fumigatus.gbk is gzipped
2021-02-04 20:01:38,731: INFO     Total number of CDS/locus in the input genome: 9630
2021-02-04 20:01:38,731: INFO     Find genomic features closest the guides
2021-02-04 20:01:47,451: INFO     Select guides that start between +500 and -500 of a feature start
2021-02-04 20:01:48,042: INFO     Select description columns
2021-02-04 20:01:48,141: INFO     Format the output
2021-02-04 20:01:50,643: INFO     Number of Guides within a gene coordinates i.e. zero Feature distance: 109775
2021-02-04 20:01:52,768: INFO     creating random control guides
2021-02-04 20:01:53,118: INFO     Number of random control searched: 100
2021-02-04 20:01:53,118: INFO     Percentage of GC content in the input genome: 48.82
2021-02-04 20:01:53,118: INFO     Total length of the genome: 28.0 MB
2021-02-04 20:01:53,118: INFO     created 10 control guides with a minimum distance of 7 and a median distance of 8
2021-02-04 20:01:53,120: INFO     guidemaker completed, results are at TEST
2021-02-04 20:01:53,120: INFO     PAM sequence: NGRRT
2021-02-04 20:01:53,120: INFO     PAM orientation: 3prime
2021-02-04 20:01:53,120: INFO     Genome strand(s) searched: both
2021-02-04 20:01:53,120: INFO     Total PAM sites considered: 887427
2021-02-04 20:01:53,121: INFO     Guide RNA candidates found: 220143
	Command being timed: "guidemaker -i ../all_test_data/Aspergillus_fumigatus.gbk --pamseq NGRRT --outdir TEST --pam_orientation 3prime --guidelength 20 --strand both --lcp 11 --dist 3 --before 500 --into 500 --knum 10 --controls 10 --log GM_63831114_1.log --threads 1"
	User time (seconds): 218.18
	System time (seconds): 5.36
	Percent of CPU this job got: 101%
	Elapsed (wall clock) time (h:mm:ss or m:ss): 3:40.63
	Average shared text size (kbytes): 0
	Average unshared data size (kbytes): 0
	Average stack size (kbytes): 0
	Average total size (kbytes): 0
	Maximum resident set size (kbytes): 2782128
	Average resident set size (kbytes): 0
	Major (requiring I/O) page faults: 0
	Minor (reclaiming a frame) page faults: 2945114
	Voluntary context switches: 3252
	Involuntary context switches: 919
	Swaps: 0
	File system inputs: 108424
	File system outputs: 706600
	Socket messages sent: 0
	Socket messages received: 0
	Signals delivered: 0
	Page size (bytes): 4096
	Exit status: 0
My SLURM_ARRAY_TASK_ID:  1
My TMPDIR IS:  /scratch/local/63831114
Input Genome:>>>>>>>>>>>>>>>>>>>>>>>>>>>>>>>>>>>>>>>>>>>  Aspergillus_fumigatus.gbk
Input PAM:>>>>>>>>>>>>>>>>>>>>>>>>>>>>>>>>>>>>>>>>>>>  NGRRT
Threads used:>>>>>>>>>>>>>>>>>>>>>>>>>>>>>>>>>>>>>>>>>>>  2
GuideMaker
Your CPU supports instructions that this binary was not compiled to use: SSE4.1 SSE4.2 AVX AVX2
For maximum performance, you can install NMSLIB from sources 
pip install --no-binary :all: nmslib
2021-02-04 20:01:56,444: INFO     Temp directory is: /scratch/local/63831114/guidemaker_wgg139u9
2021-02-04 20:01:56,444: INFO     Writing fasta file from genbank file(s)
2021-02-04 20:01:56,444: INFO     check if ../all_test_data/Aspergillus_fumigatus.gbk is gzipped
2021-02-04 20:01:59,490: INFO     Identifying PAM sites in the genome
2021-02-04 20:02:29,731: INFO     Checking guides for restriction enzymes
2021-02-04 20:02:29,984: INFO     Number of guides removed after checking for restriction enzymes: 0
2021-02-04 20:02:29,984: INFO     Identifing guides that are unique near the PAM site
2021-02-04 20:02:31,872: INFO     Number of guides removed after checking for unique PAM: 228709
2021-02-04 20:02:31,872: INFO     Indexing all potential guide sites: 887427. This is the longest step.
2021-02-04 20:02:35,616: INFO     M                   = 16
2021-02-04 20:02:35,616: INFO     indexThreadQty      = 2
2021-02-04 20:02:35,616: INFO     efConstruction      = 10
2021-02-04 20:02:35,616: INFO     maxM			          = 16
2021-02-04 20:02:35,616: INFO     maxM0			          = 32
2021-02-04 20:02:35,616: INFO     mult                = 0.360674
2021-02-04 20:02:35,616: INFO     skip_optimized_index= 0
2021-02-04 20:02:35,616: INFO     delaunay_type       = 2
2021-02-04 20:02:35,616: INFO     Set HNSW query-time parameters:
2021-02-04 20:02:35,616: INFO     ef(Search)         =20
2021-02-04 20:02:35,616: INFO     algoType           =2

0%   10   20   30   40   50   60   70   80   90   100%
|----|----|----|----|----|----|----|----|----|----|
***************************************************

0%   10   20   30   40   50   60   70   80   90   100%
|----|----|----|----|----|----|----|----|----|----|
****************************************************2021-02-04 20:03:35,048: INFO     No appropriate custom distance function for Hamming (bit-storage) space
2021-02-04 20:03:35,048: INFO     searchMethod			  = 0
2021-02-04 20:03:35,127: INFO     Identifying guides that have a hamming distance <= 3 to all other potential guides
2021-02-04 20:03:36,163: INFO     Set HNSW query-time parameters:
2021-02-04 20:03:36,163: INFO     ef(Search)         =9
2021-02-04 20:03:36,163: INFO     algoType           =2
2021-02-04 20:04:30,167: INFO     Formatting data for BedTools
2021-02-04 20:04:31,464: INFO     Create GuideMaker Annotation object
2021-02-04 20:04:31,464: INFO     Identify genomic features
2021-02-04 20:04:31,465: INFO     check if ../all_test_data/Aspergillus_fumigatus.gbk is gzipped
2021-02-04 20:04:34,388: INFO     Total number of CDS/locus in the input genome: 9630
2021-02-04 20:04:34,388: INFO     Find genomic features closest the guides
2021-02-04 20:04:43,309: INFO     Select guides that start between +500 and -500 of a feature start
2021-02-04 20:04:43,992: INFO     Select description columns
2021-02-04 20:04:44,091: INFO     Format the output
2021-02-04 20:04:46,581: INFO     Number of Guides within a gene coordinates i.e. zero Feature distance: 109778
2021-02-04 20:04:48,714: INFO     creating random control guides
2021-02-04 20:04:49,119: INFO     Number of random control searched: 100
2021-02-04 20:04:49,119: INFO     Percentage of GC content in the input genome: 48.82
2021-02-04 20:04:49,119: INFO     Total length of the genome: 28.0 MB
2021-02-04 20:04:49,119: INFO     created 10 control guides with a minimum distance of 7 and a median distance of 8
2021-02-04 20:04:49,122: INFO     guidemaker completed, results are at TEST
2021-02-04 20:04:49,122: INFO     PAM sequence: NGRRT
2021-02-04 20:04:49,122: INFO     PAM orientation: 3prime
2021-02-04 20:04:49,122: INFO     Genome strand(s) searched: both
2021-02-04 20:04:49,122: INFO     Total PAM sites considered: 887427
2021-02-04 20:04:49,122: INFO     Guide RNA candidates found: 220159
	Command being timed: "guidemaker -i ../all_test_data/Aspergillus_fumigatus.gbk --pamseq NGRRT --outdir TEST --pam_orientation 3prime --guidelength 20 --strand both --lcp 11 --dist 3 --before 500 --into 500 --knum 10 --controls 10 --log GM_63831114_1.log --threads 2"
	User time (seconds): 244.98
	System time (seconds): 14.89
	Percent of CPU this job got: 147%
	Elapsed (wall clock) time (h:mm:ss or m:ss): 2:56.04
	Average shared text size (kbytes): 0
	Average unshared data size (kbytes): 0
	Average stack size (kbytes): 0
	Average total size (kbytes): 0
	Maximum resident set size (kbytes): 3232976
	Average resident set size (kbytes): 0
	Major (requiring I/O) page faults: 0
	Minor (reclaiming a frame) page faults: 8719722
	Voluntary context switches: 53935
	Involuntary context switches: 584719
	Swaps: 0
	File system inputs: 8
	File system outputs: 706528
	Socket messages sent: 0
	Socket messages received: 0
	Signals delivered: 0
	Page size (bytes): 4096
	Exit status: 0
My SLURM_ARRAY_TASK_ID:  1
My TMPDIR IS:  /scratch/local/63831114
Input Genome:>>>>>>>>>>>>>>>>>>>>>>>>>>>>>>>>>>>>>>>>>>>  Aspergillus_fumigatus.gbk
Input PAM:>>>>>>>>>>>>>>>>>>>>>>>>>>>>>>>>>>>>>>>>>>>  NGRRT
Threads used:>>>>>>>>>>>>>>>>>>>>>>>>>>>>>>>>>>>>>>>>>>>  4
GuideMaker
Your CPU supports instructions that this binary was not compiled to use: SSE4.1 SSE4.2 AVX AVX2
For maximum performance, you can install NMSLIB from sources 
pip install --no-binary :all: nmslib
2021-02-04 20:04:52,520: INFO     Temp directory is: /scratch/local/63831114/guidemaker_hcvu4tzw
2021-02-04 20:04:52,520: INFO     Writing fasta file from genbank file(s)
2021-02-04 20:04:52,520: INFO     check if ../all_test_data/Aspergillus_fumigatus.gbk is gzipped
2021-02-04 20:04:55,604: INFO     Identifying PAM sites in the genome
2021-02-04 20:05:26,585: INFO     Checking guides for restriction enzymes
2021-02-04 20:05:26,831: INFO     Number of guides removed after checking for restriction enzymes: 0
2021-02-04 20:05:26,831: INFO     Identifing guides that are unique near the PAM site
2021-02-04 20:05:28,744: INFO     Number of guides removed after checking for unique PAM: 228709
2021-02-04 20:05:28,745: INFO     Indexing all potential guide sites: 887427. This is the longest step.
2021-02-04 20:05:32,508: INFO     M                   = 16
2021-02-04 20:05:32,508: INFO     indexThreadQty      = 4
2021-02-04 20:05:32,508: INFO     efConstruction      = 10
2021-02-04 20:05:32,508: INFO     maxM			          = 16
2021-02-04 20:05:32,508: INFO     maxM0			          = 32
2021-02-04 20:05:32,508: INFO     mult                = 0.360674
2021-02-04 20:05:32,508: INFO     skip_optimized_index= 0
2021-02-04 20:05:32,508: INFO     delaunay_type       = 2
2021-02-04 20:05:32,508: INFO     Set HNSW query-time parameters:
2021-02-04 20:05:32,509: INFO     ef(Search)         =20
2021-02-04 20:05:32,509: INFO     algoType           =2

0%   10   20   30   40   50   60   70   80   90   100%
|----|----|----|----|----|----|----|----|----|----|
***************************************************

0%   10   20   30   40   50   60   70   80   90   100%
|----|----|----|----|----|----|----|----|----|----|
****************************************************2021-02-04 20:06:03,724: INFO     No appropriate custom distance function for Hamming (bit-storage) space
2021-02-04 20:06:03,724: INFO     searchMethod			  = 0
2021-02-04 20:06:03,805: INFO     Identifying guides that have a hamming distance <= 3 to all other potential guides
2021-02-04 20:06:04,824: INFO     Set HNSW query-time parameters:
2021-02-04 20:06:04,824: INFO     ef(Search)         =9
2021-02-04 20:06:04,824: INFO     algoType           =2
2021-02-04 20:06:50,668: INFO     Formatting data for BedTools
2021-02-04 20:06:51,962: INFO     Create GuideMaker Annotation object
2021-02-04 20:06:51,962: INFO     Identify genomic features
2021-02-04 20:06:51,963: INFO     check if ../all_test_data/Aspergillus_fumigatus.gbk is gzipped
2021-02-04 20:06:54,898: INFO     Total number of CDS/locus in the input genome: 9630
2021-02-04 20:06:54,898: INFO     Find genomic features closest the guides
2021-02-04 20:07:03,916: INFO     Select guides that start between +500 and -500 of a feature start
2021-02-04 20:07:04,532: INFO     Select description columns
2021-02-04 20:07:04,635: INFO     Format the output
2021-02-04 20:07:07,209: INFO     Number of Guides within a gene coordinates i.e. zero Feature distance: 109776
2021-02-04 20:07:09,386: INFO     creating random control guides
2021-02-04 20:07:09,801: INFO     Number of random control searched: 100
2021-02-04 20:07:09,801: INFO     Percentage of GC content in the input genome: 48.82
2021-02-04 20:07:09,802: INFO     Total length of the genome: 28.0 MB
2021-02-04 20:07:09,802: INFO     created 10 control guides with a minimum distance of 7 and a median distance of 7
2021-02-04 20:07:09,804: INFO     guidemaker completed, results are at TEST
2021-02-04 20:07:09,804: INFO     PAM sequence: NGRRT
2021-02-04 20:07:09,804: INFO     PAM orientation: 3prime
2021-02-04 20:07:09,804: INFO     Genome strand(s) searched: both
2021-02-04 20:07:09,804: INFO     Total PAM sites considered: 887427
2021-02-04 20:07:09,804: INFO     Guide RNA candidates found: 220176
	Command being timed: "guidemaker -i ../all_test_data/Aspergillus_fumigatus.gbk --pamseq NGRRT --outdir TEST --pam_orientation 3prime --guidelength 20 --strand both --lcp 11 --dist 3 --before 500 --into 500 --knum 10 --controls 10 --log GM_63831114_1.log --threads 4"
	User time (seconds): 257.23
	System time (seconds): 12.98
	Percent of CPU this job got: 191%
	Elapsed (wall clock) time (h:mm:ss or m:ss): 2:20.80
	Average shared text size (kbytes): 0
	Average unshared data size (kbytes): 0
	Average stack size (kbytes): 0
	Average total size (kbytes): 0
	Maximum resident set size (kbytes): 3200360
	Average resident set size (kbytes): 0
	Major (requiring I/O) page faults: 0
	Minor (reclaiming a frame) page faults: 6464189
	Voluntary context switches: 124366
	Involuntary context switches: 47969
	Swaps: 0
	File system inputs: 0
	File system outputs: 706600
	Socket messages sent: 0
	Socket messages received: 0
	Signals delivered: 0
	Page size (bytes): 4096
	Exit status: 0
My SLURM_ARRAY_TASK_ID:  1
My TMPDIR IS:  /scratch/local/63831114
Input Genome:>>>>>>>>>>>>>>>>>>>>>>>>>>>>>>>>>>>>>>>>>>>  Aspergillus_fumigatus.gbk
Input PAM:>>>>>>>>>>>>>>>>>>>>>>>>>>>>>>>>>>>>>>>>>>>  NGRRT
Threads used:>>>>>>>>>>>>>>>>>>>>>>>>>>>>>>>>>>>>>>>>>>>  8
GuideMaker
Your CPU supports instructions that this binary was not compiled to use: SSE4.1 SSE4.2 AVX AVX2
For maximum performance, you can install NMSLIB from sources 
pip install --no-binary :all: nmslib
2021-02-04 20:07:13,327: INFO     Temp directory is: /scratch/local/63831114/guidemaker_so29_1rq
2021-02-04 20:07:13,328: INFO     Writing fasta file from genbank file(s)
2021-02-04 20:07:13,328: INFO     check if ../all_test_data/Aspergillus_fumigatus.gbk is gzipped
2021-02-04 20:07:16,365: INFO     Identifying PAM sites in the genome
2021-02-04 20:07:46,498: INFO     Checking guides for restriction enzymes
2021-02-04 20:07:46,743: INFO     Number of guides removed after checking for restriction enzymes: 0
2021-02-04 20:07:46,743: INFO     Identifing guides that are unique near the PAM site
2021-02-04 20:07:48,634: INFO     Number of guides removed after checking for unique PAM: 228709
2021-02-04 20:07:48,635: INFO     Indexing all potential guide sites: 887427. This is the longest step.
2021-02-04 20:07:52,455: INFO     M                   = 16
2021-02-04 20:07:52,455: INFO     indexThreadQty      = 8
2021-02-04 20:07:52,455: INFO     efConstruction      = 10
2021-02-04 20:07:52,455: INFO     maxM			          = 16
2021-02-04 20:07:52,455: INFO     maxM0			          = 32
2021-02-04 20:07:52,455: INFO     mult                = 0.360674
2021-02-04 20:07:52,455: INFO     skip_optimized_index= 0
2021-02-04 20:07:52,455: INFO     delaunay_type       = 2
2021-02-04 20:07:52,455: INFO     Set HNSW query-time parameters:
2021-02-04 20:07:52,455: INFO     ef(Search)         =20
2021-02-04 20:07:52,455: INFO     algoType           =2

0%   10   20   30   40   50   60   70   80   90   100%
|----|----|----|----|----|----|----|----|----|----|
***************************************************

0%   10   20   30   40   50   60   70   80   90   100%
|----|----|----|----|----|----|----|----|----|----|
*******************************************************2021-02-04 20:08:09,232: INFO     No appropriate custom distance function for Hamming (bit-storage) space
2021-02-04 20:08:09,232: INFO     searchMethod			  = 0
2021-02-04 20:08:09,310: INFO     Identifying guides that have a hamming distance <= 3 to all other potential guides
2021-02-04 20:08:10,439: INFO     Set HNSW query-time parameters:
2021-02-04 20:08:10,439: INFO     ef(Search)         =9
2021-02-04 20:08:10,439: INFO     algoType           =2
2021-02-04 20:08:47,852: INFO     Formatting data for BedTools
2021-02-04 20:08:49,103: INFO     Create GuideMaker Annotation object
2021-02-04 20:08:49,103: INFO     Identify genomic features
2021-02-04 20:08:49,103: INFO     check if ../all_test_data/Aspergillus_fumigatus.gbk is gzipped
2021-02-04 20:08:51,987: INFO     Total number of CDS/locus in the input genome: 9630
2021-02-04 20:08:51,987: INFO     Find genomic features closest the guides
2021-02-04 20:09:00,978: INFO     Select guides that start between +500 and -500 of a feature start
2021-02-04 20:09:01,582: INFO     Select description columns
2021-02-04 20:09:01,685: INFO     Format the output
2021-02-04 20:09:04,203: INFO     Number of Guides within a gene coordinates i.e. zero Feature distance: 109748
2021-02-04 20:09:06,427: INFO     creating random control guides
2021-02-04 20:09:06,813: INFO     Number of random control searched: 100
2021-02-04 20:09:06,813: INFO     Percentage of GC content in the input genome: 48.82
2021-02-04 20:09:06,814: INFO     Total length of the genome: 28.0 MB
2021-02-04 20:09:06,814: INFO     created 10 control guides with a minimum distance of 7 and a median distance of 7
2021-02-04 20:09:06,816: INFO     guidemaker completed, results are at TEST
2021-02-04 20:09:06,817: INFO     PAM sequence: NGRRT
2021-02-04 20:09:06,817: INFO     PAM orientation: 3prime
2021-02-04 20:09:06,817: INFO     Genome strand(s) searched: both
2021-02-04 20:09:06,817: INFO     Total PAM sites considered: 887427
2021-02-04 20:09:06,817: INFO     Guide RNA candidates found: 220128
	Command being timed: "guidemaker -i ../all_test_data/Aspergillus_fumigatus.gbk --pamseq NGRRT --outdir TEST --pam_orientation 3prime --guidelength 20 --strand both --lcp 11 --dist 3 --before 500 --into 500 --knum 10 --controls 10 --log GM_63831114_1.log --threads 8"
	User time (seconds): 262.39
	System time (seconds): 12.43
	Percent of CPU this job got: 235%
	Elapsed (wall clock) time (h:mm:ss or m:ss): 1:56.91
	Average shared text size (kbytes): 0
	Average unshared data size (kbytes): 0
	Average stack size (kbytes): 0
	Average total size (kbytes): 0
	Maximum resident set size (kbytes): 3188092
	Average resident set size (kbytes): 0
	Major (requiring I/O) page faults: 0
	Minor (reclaiming a frame) page faults: 4786827
	Voluntary context switches: 234615
	Involuntary context switches: 291988
	Swaps: 0
	File system inputs: 0
	File system outputs: 706480
	Socket messages sent: 0
	Socket messages received: 0
	Signals delivered: 0
	Page size (bytes): 4096
	Exit status: 0
My SLURM_ARRAY_TASK_ID:  1
My TMPDIR IS:  /scratch/local/63831114
Input Genome:>>>>>>>>>>>>>>>>>>>>>>>>>>>>>>>>>>>>>>>>>>>  Aspergillus_fumigatus.gbk
Input PAM:>>>>>>>>>>>>>>>>>>>>>>>>>>>>>>>>>>>>>>>>>>>  NGRRT
Threads used:>>>>>>>>>>>>>>>>>>>>>>>>>>>>>>>>>>>>>>>>>>>  16
GuideMaker
Your CPU supports instructions that this binary was not compiled to use: SSE4.1 SSE4.2 AVX AVX2
For maximum performance, you can install NMSLIB from sources 
pip install --no-binary :all: nmslib
2021-02-04 20:09:10,235: INFO     Temp directory is: /scratch/local/63831114/guidemaker_yvzlaf0c
2021-02-04 20:09:10,235: INFO     Writing fasta file from genbank file(s)
2021-02-04 20:09:10,236: INFO     check if ../all_test_data/Aspergillus_fumigatus.gbk is gzipped
2021-02-04 20:09:13,324: INFO     Identifying PAM sites in the genome
2021-02-04 20:09:43,634: INFO     Checking guides for restriction enzymes
2021-02-04 20:09:43,879: INFO     Number of guides removed after checking for restriction enzymes: 0
2021-02-04 20:09:43,879: INFO     Identifing guides that are unique near the PAM site
2021-02-04 20:09:45,768: INFO     Number of guides removed after checking for unique PAM: 228709
2021-02-04 20:09:45,768: INFO     Indexing all potential guide sites: 887427. This is the longest step.
2021-02-04 20:09:49,511: INFO     M                   = 16
2021-02-04 20:09:49,511: INFO     indexThreadQty      = 16
2021-02-04 20:09:49,511: INFO     efConstruction      = 10
2021-02-04 20:09:49,511: INFO     maxM			          = 16
2021-02-04 20:09:49,511: INFO     maxM0			          = 32
2021-02-04 20:09:49,512: INFO     mult                = 0.360674
2021-02-04 20:09:49,512: INFO     skip_optimized_index= 0
2021-02-04 20:09:49,512: INFO     delaunay_type       = 2
2021-02-04 20:09:49,512: INFO     Set HNSW query-time parameters:
2021-02-04 20:09:49,512: INFO     ef(Search)         =20
2021-02-04 20:09:49,512: INFO     algoType           =2

0%   10   20   30   40   50   60   70   80   90   100%
|----|----|----|----|----|----|----|----|----|----|
***************************************************

0%   10   20   30   40   50   60   70   80   90   100%
|----|----|----|----|----|----|----|----|----|----|
****************************************************2021-02-04 20:09:58,468: INFO     No appropriate custom distance function for Hamming (bit-storage) space
2021-02-04 20:09:58,469: INFO     searchMethod			  = 0
2021-02-04 20:09:58,551: INFO     Identifying guides that have a hamming distance <= 3 to all other potential guides
2021-02-04 20:09:59,576: INFO     Set HNSW query-time parameters:
2021-02-04 20:09:59,577: INFO     ef(Search)         =9
2021-02-04 20:09:59,577: INFO     algoType           =2
2021-02-04 20:10:34,337: INFO     Formatting data for BedTools
2021-02-04 20:10:35,602: INFO     Create GuideMaker Annotation object
2021-02-04 20:10:35,602: INFO     Identify genomic features
2021-02-04 20:10:35,602: INFO     check if ../all_test_data/Aspergillus_fumigatus.gbk is gzipped
2021-02-04 20:10:38,508: INFO     Total number of CDS/locus in the input genome: 9630
2021-02-04 20:10:38,509: INFO     Find genomic features closest the guides
2021-02-04 20:10:47,452: INFO     Select guides that start between +500 and -500 of a feature start
2021-02-04 20:10:48,177: INFO     Select description columns
2021-02-04 20:10:48,281: INFO     Format the output
2021-02-04 20:10:50,832: INFO     Number of Guides within a gene coordinates i.e. zero Feature distance: 109760
2021-02-04 20:10:52,971: INFO     creating random control guides
2021-02-04 20:10:53,403: INFO     Number of random control searched: 100
2021-02-04 20:10:53,403: INFO     Percentage of GC content in the input genome: 48.82
2021-02-04 20:10:53,403: INFO     Total length of the genome: 28.0 MB
2021-02-04 20:10:53,403: INFO     created 10 control guides with a minimum distance of 7 and a median distance of 8
2021-02-04 20:10:53,405: INFO     guidemaker completed, results are at TEST
2021-02-04 20:10:53,405: INFO     PAM sequence: NGRRT
2021-02-04 20:10:53,406: INFO     PAM orientation: 3prime
2021-02-04 20:10:53,406: INFO     Genome strand(s) searched: both
2021-02-04 20:10:53,406: INFO     Total PAM sites considered: 887427
2021-02-04 20:10:53,406: INFO     Guide RNA candidates found: 220142
	Command being timed: "guidemaker -i ../all_test_data/Aspergillus_fumigatus.gbk --pamseq NGRRT --outdir TEST --pam_orientation 3prime --guidelength 20 --strand both --lcp 11 --dist 3 --before 500 --into 500 --knum 10 --controls 10 --log GM_63831114_1.log --threads 16"
	User time (seconds): 270.97
	System time (seconds): 15.18
	Percent of CPU this job got: 268%
	Elapsed (wall clock) time (h:mm:ss or m:ss): 1:46.64
	Average shared text size (kbytes): 0
	Average unshared data size (kbytes): 0
	Average stack size (kbytes): 0
	Average total size (kbytes): 0
	Maximum resident set size (kbytes): 3231088
	Average resident set size (kbytes): 0
	Major (requiring I/O) page faults: 0
	Minor (reclaiming a frame) page faults: 4007291
	Voluntary context switches: 500294
	Involuntary context switches: 85856
	Swaps: 0
	File system inputs: 0
	File system outputs: 706472
	Socket messages sent: 0
	Socket messages received: 0
	Signals delivered: 0
	Page size (bytes): 4096
	Exit status: 0
My SLURM_ARRAY_TASK_ID:  1
My TMPDIR IS:  /scratch/local/63831114
Input Genome:>>>>>>>>>>>>>>>>>>>>>>>>>>>>>>>>>>>>>>>>>>>  Aspergillus_fumigatus.gbk
Input PAM:>>>>>>>>>>>>>>>>>>>>>>>>>>>>>>>>>>>>>>>>>>>  NGRRT
Threads used:>>>>>>>>>>>>>>>>>>>>>>>>>>>>>>>>>>>>>>>>>>>  32
GuideMaker
Your CPU supports instructions that this binary was not compiled to use: SSE4.1 SSE4.2 AVX AVX2
For maximum performance, you can install NMSLIB from sources 
pip install --no-binary :all: nmslib
2021-02-04 20:10:56,902: INFO     Temp directory is: /scratch/local/63831114/guidemaker_08agjw0z
2021-02-04 20:10:56,902: INFO     Writing fasta file from genbank file(s)
2021-02-04 20:10:56,903: INFO     check if ../all_test_data/Aspergillus_fumigatus.gbk is gzipped
2021-02-04 20:10:59,989: INFO     Identifying PAM sites in the genome
2021-02-04 20:11:30,198: INFO     Checking guides for restriction enzymes
2021-02-04 20:11:30,445: INFO     Number of guides removed after checking for restriction enzymes: 0
2021-02-04 20:11:30,445: INFO     Identifing guides that are unique near the PAM site
2021-02-04 20:11:32,354: INFO     Number of guides removed after checking for unique PAM: 228709
2021-02-04 20:11:32,354: INFO     Indexing all potential guide sites: 887427. This is the longest step.
2021-02-04 20:11:36,136: INFO     M                   = 16
2021-02-04 20:11:36,136: INFO     indexThreadQty      = 32
2021-02-04 20:11:36,136: INFO     efConstruction      = 10
2021-02-04 20:11:36,136: INFO     maxM			          = 16
2021-02-04 20:11:36,136: INFO     maxM0			          = 32
2021-02-04 20:11:36,136: INFO     mult                = 0.360674
2021-02-04 20:11:36,136: INFO     skip_optimized_index= 0
2021-02-04 20:11:36,136: INFO     delaunay_type       = 2
2021-02-04 20:11:36,137: INFO     Set HNSW query-time parameters:
2021-02-04 20:11:36,137: INFO     ef(Search)         =20
2021-02-04 20:11:36,137: INFO     algoType           =2

0%   10   20   30   40   50   60   70   80   90   100%
|----|----|----|----|----|----|----|----|----|----|
***************************************************

0%   10   20   30   40   50   60   70   80   90   100%
|----|----|----|----|----|----|----|----|----|----|
****************************************************2021-02-04 20:11:42,021: INFO     No appropriate custom distance function for Hamming (bit-storage) space
2021-02-04 20:11:42,021: INFO     searchMethod			  = 0
2021-02-04 20:11:42,093: INFO     Identifying guides that have a hamming distance <= 3 to all other potential guides
2021-02-04 20:11:43,032: INFO     Set HNSW query-time parameters:
2021-02-04 20:11:43,032: INFO     ef(Search)         =9
2021-02-04 20:11:43,032: INFO     algoType           =2
2021-02-04 20:12:15,512: INFO     Formatting data for BedTools
2021-02-04 20:12:16,757: INFO     Create GuideMaker Annotation object
2021-02-04 20:12:16,757: INFO     Identify genomic features
2021-02-04 20:12:16,757: INFO     check if ../all_test_data/Aspergillus_fumigatus.gbk is gzipped
2021-02-04 20:12:19,653: INFO     Total number of CDS/locus in the input genome: 9630
2021-02-04 20:12:19,653: INFO     Find genomic features closest the guides
2021-02-04 20:12:28,553: INFO     Select guides that start between +500 and -500 of a feature start
2021-02-04 20:12:29,144: INFO     Select description columns
2021-02-04 20:12:29,245: INFO     Format the output
2021-02-04 20:12:31,765: INFO     Number of Guides within a gene coordinates i.e. zero Feature distance: 109792
2021-02-04 20:12:33,931: INFO     creating random control guides
2021-02-04 20:12:34,372: INFO     Number of random control searched: 100
2021-02-04 20:12:34,372: INFO     Percentage of GC content in the input genome: 48.82
2021-02-04 20:12:34,372: INFO     Total length of the genome: 28.0 MB
2021-02-04 20:12:34,373: INFO     created 10 control guides with a minimum distance of 7 and a median distance of 7
2021-02-04 20:12:34,375: INFO     guidemaker completed, results are at TEST
2021-02-04 20:12:34,375: INFO     PAM sequence: NGRRT
2021-02-04 20:12:34,375: INFO     PAM orientation: 3prime
2021-02-04 20:12:34,375: INFO     Genome strand(s) searched: both
2021-02-04 20:12:34,375: INFO     Total PAM sites considered: 887427
2021-02-04 20:12:34,375: INFO     Guide RNA candidates found: 220184
	Command being timed: "guidemaker -i ../all_test_data/Aspergillus_fumigatus.gbk --pamseq NGRRT --outdir TEST --pam_orientation 3prime --guidelength 20 --strand both --lcp 11 --dist 3 --before 500 --into 500 --knum 10 --controls 10 --log GM_63831114_1.log --threads 32"
	User time (seconds): 286.12
	System time (seconds): 20.50
	Percent of CPU this job got: 303%
	Elapsed (wall clock) time (h:mm:ss or m:ss): 1:41.09
	Average shared text size (kbytes): 0
	Average unshared data size (kbytes): 0
	Average stack size (kbytes): 0
	Average total size (kbytes): 0
	Maximum resident set size (kbytes): 3268924
	Average resident set size (kbytes): 0
	Major (requiring I/O) page faults: 0
	Minor (reclaiming a frame) page faults: 3402898
	Voluntary context switches: 1139467
	Involuntary context switches: 143039
	Swaps: 0
	File system inputs: 0
	File system outputs: 706712
	Socket messages sent: 0
	Socket messages received: 0
	Signals delivered: 0
	Page size (bytes): 4096
	Exit status: 0
