Thu Feb  4 18:44:19 EST 2021
c27b-s38.ufhpc
/blue/garrett/rp3448/analysis/guidemaker/nonAVXGuidemaker

     active environment : NONAVX2
    active env location : /home/rp3448/.conda/envs/NONAVX2
            shell level : 3
       user config file : /home/rp3448/.condarc
 populated config files : /home/rp3448/.condarc
          conda version : 4.9.2
    conda-build version : not installed
         python version : 3.9.1.final.0
       virtual packages : __glibc=2.17=0
                          __unix=0=0
                          __archspec=1=x86_64
       base environment : /apps/conda/4.9.2  (read only)
           channel URLs : https://conda.anaconda.org/biobakery/linux-64
                          https://conda.anaconda.org/biobakery/noarch
                          https://conda.anaconda.org/conda-forge/linux-64
                          https://conda.anaconda.org/conda-forge/noarch
                          https://conda.anaconda.org/bioconda/linux-64
                          https://conda.anaconda.org/bioconda/noarch
                          https://repo.anaconda.com/pkgs/main/linux-64
                          https://repo.anaconda.com/pkgs/main/noarch
                          https://repo.anaconda.com/pkgs/r/linux-64
                          https://repo.anaconda.com/pkgs/r/noarch
          package cache : /apps/conda/4.9.2/pkgs
                          /home/rp3448/.conda/pkgs
       envs directories : /home/rp3448/.conda/envs
                          /apps/conda/4.9.2/envs
               platform : linux-64
             user-agent : conda/4.9.2 requests/2.25.1 CPython/3.9.1 Linux/3.10.0-1062.18.1.el7.x86_64 rhel/7.7 glibc/2.17
                UID:GID : 6472:3511
             netrc file : None
           offline mode : False

My SLURM_ARRAY_TASK_ID:  9
My TMPDIR IS:  /scratch/local/63829185
Input Genome:>>>>>>>>>>>>>>>>>>>>>>>>>>>>>>>>>>>>>>>>>>>  Pseudomonas_aeruginosa_PAO1_107.gbk
Input PAM:>>>>>>>>>>>>>>>>>>>>>>>>>>>>>>>>>>>>>>>>>>>  NGG
Threads used:>>>>>>>>>>>>>>>>>>>>>>>>>>>>>>>>>>>>>>>>>>>  1
GuideMaker
Your CPU supports instructions that this binary was not compiled to use: SSE4.1 SSE4.2 AVX AVX2
For maximum performance, you can install NMSLIB from sources 
pip install --no-binary :all: nmslib
2021-02-04 18:44:25,682: INFO     Temp directory is: /scratch/local/63829185/guidemaker_685o_8gm
2021-02-04 18:44:25,683: INFO     Writing fasta file from genbank file(s)
2021-02-04 18:44:25,684: INFO     check if ../all_test_data/Pseudomonas_aeruginosa_PAO1_107.gbk is gzipped
/home/rp3448/.conda/envs/NONAVX2/lib/python3.7/site-packages/Bio/GenBank/Scanner.py:1400: BiopythonParserWarning: Truncated LOCUS line found - is this correct?
:'LOCUS       NC_002516            6264404 bp    dna     circular UNK \n'
  BiopythonParserWarning,
/home/rp3448/.conda/envs/NONAVX2/lib/python3.7/site-packages/Bio/GenBank/__init__.py:762: BiopythonParserWarning: Non-upper case molecule type in LOCUS line: dna
  BiopythonParserWarning,
2021-02-04 18:44:26,486: INFO     Identifying PAM sites in the genome
2021-02-04 18:44:55,413: INFO     Checking guides for restriction enzymes
2021-02-04 18:44:55,790: INFO     Number of guides removed after checking for restriction enzymes: 0
2021-02-04 18:44:55,791: INFO     Identifing guides that are unique near the PAM site
2021-02-04 18:44:57,912: INFO     Number of guides removed after checking for unique PAM: 780424
2021-02-04 18:44:57,912: INFO     Indexing all potential guide sites: 1171798. This is the longest step.
2021-02-04 18:45:02,833: INFO     M                   = 16
2021-02-04 18:45:02,833: INFO     indexThreadQty      = 1
2021-02-04 18:45:02,833: INFO     efConstruction      = 10
2021-02-04 18:45:02,833: INFO     maxM			          = 16
2021-02-04 18:45:02,834: INFO     maxM0			          = 32
2021-02-04 18:45:02,834: INFO     mult                = 0.360674
2021-02-04 18:45:02,834: INFO     skip_optimized_index= 0
2021-02-04 18:45:02,834: INFO     delaunay_type       = 2
2021-02-04 18:45:02,834: INFO     Set HNSW query-time parameters:
2021-02-04 18:45:02,834: INFO     ef(Search)         =20
2021-02-04 18:45:02,834: INFO     algoType           =2

0%   10   20   30   40   50   60   70   80   90   100%
|----|----|----|----|----|----|----|----|----|----|
***************************************************

0%   10   20   30   40   50   60   70   80   90   100%
|----|----|----|----|----|----|----|----|----|----|
***************************************************
*2021-02-04 18:47:26,912: INFO     No appropriate custom distance function for Hamming (bit-storage) space
2021-02-04 18:47:26,912: INFO     searchMethod			  = 0
2021-02-04 18:47:27,015: INFO     Identifying guides that have a hamming distance <= 3 to all other potential guides
2021-02-04 18:47:27,689: INFO     Set HNSW query-time parameters:
2021-02-04 18:47:27,689: INFO     ef(Search)         =9
2021-02-04 18:47:27,689: INFO     algoType           =2
2021-02-04 18:48:09,639: INFO     Formatting data for BedTools
2021-02-04 18:48:10,446: INFO     Create GuideMaker Annotation object
2021-02-04 18:48:10,446: INFO     Identify genomic features
2021-02-04 18:48:10,447: INFO     check if ../all_test_data/Pseudomonas_aeruginosa_PAO1_107.gbk is gzipped
2021-02-04 18:48:11,224: INFO     Total number of CDS/locus in the input genome: 5584
2021-02-04 18:48:11,224: INFO     Find genomic features closest the guides
2021-02-04 18:48:16,794: INFO     Select guides that start between +500 and -500 of a feature start
2021-02-04 18:48:17,359: INFO     Select description columns
2021-02-04 18:48:17,411: INFO     Format the output
2021-02-04 18:48:20,754: INFO     Number of Guides within a gene coordinates i.e. zero Feature distance: 157822
2021-02-04 18:48:24,353: INFO     creating random control guides
2021-02-04 18:48:24,453: INFO     Number of random control searched: 100
2021-02-04 18:48:24,454: INFO     Percentage of GC content in the input genome: 66.56
2021-02-04 18:48:24,454: INFO     Total length of the genome: 6.0 MB
2021-02-04 18:48:24,454: INFO     created 10 control guides with a minimum distance of 7 and a median distance of 7
2021-02-04 18:48:24,456: INFO     guidemaker completed, results are at TEST
2021-02-04 18:48:24,456: INFO     PAM sequence: NGG
2021-02-04 18:48:24,456: INFO     PAM orientation: 3prime
2021-02-04 18:48:24,456: INFO     Genome strand(s) searched: both
2021-02-04 18:48:24,456: INFO     Total PAM sites considered: 1171798
2021-02-04 18:48:24,456: INFO     Guide RNA candidates found: 292692
	Command being timed: "guidemaker -i ../all_test_data/Pseudomonas_aeruginosa_PAO1_107.gbk --pamseq NGG --outdir TEST --pam_orientation 3prime --guidelength 20 --strand both --lcp 11 --dist 3 --before 500 --into 500 --knum 10 --controls 10 --log GM_63829185_9.log --threads 1"
	User time (seconds): 239.44
	System time (seconds): 5.16
	Percent of CPU this job got: 100%
	Elapsed (wall clock) time (h:mm:ss or m:ss): 4:02.85
	Average shared text size (kbytes): 0
	Average unshared data size (kbytes): 0
	Average stack size (kbytes): 0
	Average total size (kbytes): 0
	Maximum resident set size (kbytes): 2690952
	Average resident set size (kbytes): 0
	Major (requiring I/O) page faults: 122
	Minor (reclaiming a frame) page faults: 2995345
	Voluntary context switches: 4031
	Involuntary context switches: 146612
	Swaps: 0
	File system inputs: 308832
	File system outputs: 641120
	Socket messages sent: 0
	Socket messages received: 0
	Signals delivered: 0
	Page size (bytes): 4096
	Exit status: 0
My SLURM_ARRAY_TASK_ID:  9
My TMPDIR IS:  /scratch/local/63829185
Input Genome:>>>>>>>>>>>>>>>>>>>>>>>>>>>>>>>>>>>>>>>>>>>  Pseudomonas_aeruginosa_PAO1_107.gbk
Input PAM:>>>>>>>>>>>>>>>>>>>>>>>>>>>>>>>>>>>>>>>>>>>  NGG
Threads used:>>>>>>>>>>>>>>>>>>>>>>>>>>>>>>>>>>>>>>>>>>>  2
GuideMaker
Your CPU supports instructions that this binary was not compiled to use: SSE4.1 SSE4.2 AVX AVX2
For maximum performance, you can install NMSLIB from sources 
pip install --no-binary :all: nmslib
2021-02-04 18:48:27,582: INFO     Temp directory is: /scratch/local/63829185/guidemaker_i0lsh_mn
2021-02-04 18:48:27,582: INFO     Writing fasta file from genbank file(s)
2021-02-04 18:48:27,582: INFO     check if ../all_test_data/Pseudomonas_aeruginosa_PAO1_107.gbk is gzipped
/home/rp3448/.conda/envs/NONAVX2/lib/python3.7/site-packages/Bio/GenBank/Scanner.py:1400: BiopythonParserWarning: Truncated LOCUS line found - is this correct?
:'LOCUS       NC_002516            6264404 bp    dna     circular UNK \n'
  BiopythonParserWarning,
/home/rp3448/.conda/envs/NONAVX2/lib/python3.7/site-packages/Bio/GenBank/__init__.py:762: BiopythonParserWarning: Non-upper case molecule type in LOCUS line: dna
  BiopythonParserWarning,
2021-02-04 18:48:28,373: INFO     Identifying PAM sites in the genome
2021-02-04 18:48:55,761: INFO     Checking guides for restriction enzymes
2021-02-04 18:48:56,082: INFO     Number of guides removed after checking for restriction enzymes: 0
2021-02-04 18:48:56,083: INFO     Identifing guides that are unique near the PAM site
2021-02-04 18:48:58,110: INFO     Number of guides removed after checking for unique PAM: 780424
2021-02-04 18:48:58,110: INFO     Indexing all potential guide sites: 1171798. This is the longest step.
2021-02-04 18:49:03,059: INFO     M                   = 16
2021-02-04 18:49:03,060: INFO     indexThreadQty      = 2
2021-02-04 18:49:03,060: INFO     efConstruction      = 10
2021-02-04 18:49:03,060: INFO     maxM			          = 16
2021-02-04 18:49:03,060: INFO     maxM0			          = 32
2021-02-04 18:49:03,060: INFO     mult                = 0.360674
2021-02-04 18:49:03,060: INFO     skip_optimized_index= 0
2021-02-04 18:49:03,060: INFO     delaunay_type       = 2
2021-02-04 18:49:03,060: INFO     Set HNSW query-time parameters:
2021-02-04 18:49:03,060: INFO     ef(Search)         =20
2021-02-04 18:49:03,060: INFO     algoType           =2

0%   10   20   30   40   50   60   70   80   90   100%
|----|----|----|----|----|----|----|----|----|----|
***************************************************

0%   10   20   30   40   50   60   70   80   90   100%
|----|----|----|----|----|----|----|----|----|----|
****************************************************


2021-02-04 18:50:31,805: INFO     No appropriate custom distance function for Hamming (bit-storage) space
2021-02-04 18:50:31,806: INFO     searchMethod			  = 0
2021-02-04 18:50:31,903: INFO     Identifying guides that have a hamming distance <= 3 to all other potential guides
2021-02-04 18:50:32,543: INFO     Set HNSW query-time parameters:
2021-02-04 18:50:32,543: INFO     ef(Search)         =9
2021-02-04 18:50:32,543: INFO     algoType           =2
2021-02-04 18:51:06,465: INFO     Formatting data for BedTools
2021-02-04 18:51:07,278: INFO     Create GuideMaker Annotation object
2021-02-04 18:51:07,278: INFO     Identify genomic features
2021-02-04 18:51:07,279: INFO     check if ../all_test_data/Pseudomonas_aeruginosa_PAO1_107.gbk is gzipped
2021-02-04 18:51:08,049: INFO     Total number of CDS/locus in the input genome: 5584
2021-02-04 18:51:08,049: INFO     Find genomic features closest the guides
2021-02-04 18:51:13,354: INFO     Select guides that start between +500 and -500 of a feature start
2021-02-04 18:51:13,894: INFO     Select description columns
2021-02-04 18:51:13,942: INFO     Format the output
2021-02-04 18:51:17,174: INFO     Number of Guides within a gene coordinates i.e. zero Feature distance: 157750
2021-02-04 18:51:20,730: INFO     creating random control guides
2021-02-04 18:51:20,918: INFO     Number of random control searched: 100
2021-02-04 18:51:20,918: INFO     Percentage of GC content in the input genome: 66.56
2021-02-04 18:51:20,918: INFO     Total length of the genome: 6.0 MB
2021-02-04 18:51:20,918: INFO     created 10 control guides with a minimum distance of 7 and a median distance of 7
2021-02-04 18:51:20,921: INFO     guidemaker completed, results are at TEST
2021-02-04 18:51:20,921: INFO     PAM sequence: NGG
2021-02-04 18:51:20,921: INFO     PAM orientation: 3prime
2021-02-04 18:51:20,921: INFO     Genome strand(s) searched: both
2021-02-04 18:51:20,921: INFO     Total PAM sites considered: 1171798
2021-02-04 18:51:20,921: INFO     Guide RNA candidates found: 292646
	Command being timed: "guidemaker -i ../all_test_data/Pseudomonas_aeruginosa_PAO1_107.gbk --pamseq NGG --outdir TEST --pam_orientation 3prime --guidelength 20 --strand both --lcp 11 --dist 3 --before 500 --into 500 --knum 10 --controls 10 --log GM_63829185_9.log --threads 2"
	User time (seconds): 265.07
	System time (seconds): 16.94
	Percent of CPU this job got: 159%
	Elapsed (wall clock) time (h:mm:ss or m:ss): 2:56.69
	Average shared text size (kbytes): 0
	Average unshared data size (kbytes): 0
	Average stack size (kbytes): 0
	Average total size (kbytes): 0
	Maximum resident set size (kbytes): 2997176
	Average resident set size (kbytes): 0
	Major (requiring I/O) page faults: 0
	Minor (reclaiming a frame) page faults: 9775454
	Voluntary context switches: 68454
	Involuntary context switches: 144413
	Swaps: 0
	File system inputs: 632
	File system outputs: 641000
	Socket messages sent: 0
	Socket messages received: 0
	Signals delivered: 0
	Page size (bytes): 4096
	Exit status: 0
My SLURM_ARRAY_TASK_ID:  9
My TMPDIR IS:  /scratch/local/63829185
Input Genome:>>>>>>>>>>>>>>>>>>>>>>>>>>>>>>>>>>>>>>>>>>>  Pseudomonas_aeruginosa_PAO1_107.gbk
Input PAM:>>>>>>>>>>>>>>>>>>>>>>>>>>>>>>>>>>>>>>>>>>>  NGG
Threads used:>>>>>>>>>>>>>>>>>>>>>>>>>>>>>>>>>>>>>>>>>>>  4
GuideMaker
Your CPU supports instructions that this binary was not compiled to use: SSE4.1 SSE4.2 AVX AVX2
For maximum performance, you can install NMSLIB from sources 
pip install --no-binary :all: nmslib
2021-02-04 18:51:24,273: INFO     Temp directory is: /scratch/local/63829185/guidemaker_gc4ax2e4
2021-02-04 18:51:24,274: INFO     Writing fasta file from genbank file(s)
2021-02-04 18:51:24,274: INFO     check if ../all_test_data/Pseudomonas_aeruginosa_PAO1_107.gbk is gzipped
/home/rp3448/.conda/envs/NONAVX2/lib/python3.7/site-packages/Bio/GenBank/Scanner.py:1400: BiopythonParserWarning: Truncated LOCUS line found - is this correct?
:'LOCUS       NC_002516            6264404 bp    dna     circular UNK \n'
  BiopythonParserWarning,
/home/rp3448/.conda/envs/NONAVX2/lib/python3.7/site-packages/Bio/GenBank/__init__.py:762: BiopythonParserWarning: Non-upper case molecule type in LOCUS line: dna
  BiopythonParserWarning,
2021-02-04 18:51:25,070: INFO     Identifying PAM sites in the genome
2021-02-04 18:51:52,617: INFO     Checking guides for restriction enzymes
2021-02-04 18:51:52,942: INFO     Number of guides removed after checking for restriction enzymes: 0
2021-02-04 18:51:52,942: INFO     Identifing guides that are unique near the PAM site
2021-02-04 18:51:55,025: INFO     Number of guides removed after checking for unique PAM: 780424
2021-02-04 18:51:55,025: INFO     Indexing all potential guide sites: 1171798. This is the longest step.
2021-02-04 18:51:59,928: INFO     M                   = 16
2021-02-04 18:51:59,928: INFO     indexThreadQty      = 4
2021-02-04 18:51:59,928: INFO     efConstruction      = 10
2021-02-04 18:51:59,928: INFO     maxM			          = 16
2021-02-04 18:51:59,928: INFO     maxM0			          = 32
2021-02-04 18:51:59,928: INFO     mult                = 0.360674
2021-02-04 18:51:59,928: INFO     skip_optimized_index= 0
2021-02-04 18:51:59,928: INFO     delaunay_type       = 2
2021-02-04 18:51:59,929: INFO     Set HNSW query-time parameters:
2021-02-04 18:51:59,929: INFO     ef(Search)         =20
2021-02-04 18:51:59,929: INFO     algoType           =2

0%   10   20   30   40   50   60   70   80   90   100%
|----|----|----|----|----|----|----|----|----|----|
***************************************************

0%   10   20   30   40   50   60   70   80   90   100%
|----|----|----|----|----|----|----|----|----|----|
***************************************************


2021-02-04 18:52:47,952: INFO     No appropriate custom distance function for Hamming (bit-storage) space
2021-02-04 18:52:47,952: INFO     searchMethod			  = 0
2021-02-04 18:52:48,060: INFO     Identifying guides that have a hamming distance <= 3 to all other potential guides
2021-02-04 18:52:48,754: INFO     Set HNSW query-time parameters:
2021-02-04 18:52:48,754: INFO     ef(Search)         =9
2021-02-04 18:52:48,754: INFO     algoType           =2
2021-02-04 18:53:16,480: INFO     Formatting data for BedTools
2021-02-04 18:53:17,406: INFO     Create GuideMaker Annotation object
2021-02-04 18:53:17,406: INFO     Identify genomic features
2021-02-04 18:53:17,406: INFO     check if ../all_test_data/Pseudomonas_aeruginosa_PAO1_107.gbk is gzipped
2021-02-04 18:53:18,175: INFO     Total number of CDS/locus in the input genome: 5584
2021-02-04 18:53:18,176: INFO     Find genomic features closest the guides
2021-02-04 18:53:23,605: INFO     Select guides that start between +500 and -500 of a feature start
2021-02-04 18:53:24,155: INFO     Select description columns
2021-02-04 18:53:24,206: INFO     Format the output
2021-02-04 18:53:27,712: INFO     Number of Guides within a gene coordinates i.e. zero Feature distance: 157687
2021-02-04 18:53:31,259: INFO     creating random control guides
2021-02-04 18:53:31,413: INFO     Number of random control searched: 100
2021-02-04 18:53:31,413: INFO     Percentage of GC content in the input genome: 66.56
2021-02-04 18:53:31,413: INFO     Total length of the genome: 6.0 MB
2021-02-04 18:53:31,414: INFO     created 10 control guides with a minimum distance of 7 and a median distance of 7
2021-02-04 18:53:31,417: INFO     guidemaker completed, results are at TEST
2021-02-04 18:53:31,417: INFO     PAM sequence: NGG
2021-02-04 18:53:31,417: INFO     PAM orientation: 3prime
2021-02-04 18:53:31,417: INFO     Genome strand(s) searched: both
2021-02-04 18:53:31,417: INFO     Total PAM sites considered: 1171798
2021-02-04 18:53:31,417: INFO     Guide RNA candidates found: 292561
	Command being timed: "guidemaker -i ../all_test_data/Pseudomonas_aeruginosa_PAO1_107.gbk --pamseq NGG --outdir TEST --pam_orientation 3prime --guidelength 20 --strand both --lcp 11 --dist 3 --before 500 --into 500 --knum 10 --controls 10 --log GM_63829185_9.log --threads 4"
	User time (seconds): 279.91
	System time (seconds): 16.10
	Percent of CPU this job got: 226%
	Elapsed (wall clock) time (h:mm:ss or m:ss): 2:10.56
	Average shared text size (kbytes): 0
	Average unshared data size (kbytes): 0
	Average stack size (kbytes): 0
	Average total size (kbytes): 0
	Maximum resident set size (kbytes): 3013312
	Average resident set size (kbytes): 0
	Major (requiring I/O) page faults: 0
	Minor (reclaiming a frame) page faults: 8303934
	Voluntary context switches: 164649
	Involuntary context switches: 258839
	Swaps: 0
	File system inputs: 424
	File system outputs: 640864
	Socket messages sent: 0
	Socket messages received: 0
	Signals delivered: 0
	Page size (bytes): 4096
	Exit status: 0
My SLURM_ARRAY_TASK_ID:  9
My TMPDIR IS:  /scratch/local/63829185
Input Genome:>>>>>>>>>>>>>>>>>>>>>>>>>>>>>>>>>>>>>>>>>>>  Pseudomonas_aeruginosa_PAO1_107.gbk
Input PAM:>>>>>>>>>>>>>>>>>>>>>>>>>>>>>>>>>>>>>>>>>>>  NGG
Threads used:>>>>>>>>>>>>>>>>>>>>>>>>>>>>>>>>>>>>>>>>>>>  8
GuideMaker
Your CPU supports instructions that this binary was not compiled to use: SSE4.1 SSE4.2 AVX AVX2
For maximum performance, you can install NMSLIB from sources 
pip install --no-binary :all: nmslib
2021-02-04 18:53:34,842: INFO     Temp directory is: /scratch/local/63829185/guidemaker_4c4_dawd
2021-02-04 18:53:34,842: INFO     Writing fasta file from genbank file(s)
2021-02-04 18:53:34,842: INFO     check if ../all_test_data/Pseudomonas_aeruginosa_PAO1_107.gbk is gzipped
/home/rp3448/.conda/envs/NONAVX2/lib/python3.7/site-packages/Bio/GenBank/Scanner.py:1400: BiopythonParserWarning: Truncated LOCUS line found - is this correct?
:'LOCUS       NC_002516            6264404 bp    dna     circular UNK \n'
  BiopythonParserWarning,
/home/rp3448/.conda/envs/NONAVX2/lib/python3.7/site-packages/Bio/GenBank/__init__.py:762: BiopythonParserWarning: Non-upper case molecule type in LOCUS line: dna
  BiopythonParserWarning,
2021-02-04 18:53:35,639: INFO     Identifying PAM sites in the genome
2021-02-04 18:54:04,139: INFO     Checking guides for restriction enzymes
2021-02-04 18:54:04,460: INFO     Number of guides removed after checking for restriction enzymes: 0
2021-02-04 18:54:04,460: INFO     Identifing guides that are unique near the PAM site
2021-02-04 18:54:06,591: INFO     Number of guides removed after checking for unique PAM: 780424
2021-02-04 18:54:06,592: INFO     Indexing all potential guide sites: 1171798. This is the longest step.
2021-02-04 18:54:12,107: INFO     M                   = 16
2021-02-04 18:54:12,108: INFO     indexThreadQty      = 8
2021-02-04 18:54:12,108: INFO     efConstruction      = 10
2021-02-04 18:54:12,108: INFO     maxM			          = 16
2021-02-04 18:54:12,108: INFO     maxM0			          = 32
2021-02-04 18:54:12,108: INFO     mult                = 0.360674
2021-02-04 18:54:12,108: INFO     skip_optimized_index= 0
2021-02-04 18:54:12,108: INFO     delaunay_type       = 2
2021-02-04 18:54:12,108: INFO     Set HNSW query-time parameters:
2021-02-04 18:54:12,108: INFO     ef(Search)         =20
2021-02-04 18:54:12,108: INFO     algoType           =2

0%   10   20   30   40   50   60   70   80   90   100%
|----|----|----|----|----|----|----|----|----|----|
***************************************************

0%   10   20   30   40   50   60   70   80   90   100%
|----|----|----|----|----|----|----|----|----|----|
****************************************************2021-02-04 18:54:36,951: INFO     No appropriate custom distance function for Hamming (bit-storage) space
2021-02-04 18:54:36,952: INFO     searchMethod			  = 0
2021-02-04 18:54:37,054: INFO     Identifying guides that have a hamming distance <= 3 to all other potential guides
2021-02-04 18:54:37,713: INFO     Set HNSW query-time parameters:
2021-02-04 18:54:37,713: INFO     ef(Search)         =9
2021-02-04 18:54:37,714: INFO     algoType           =2
2021-02-04 18:55:01,043: INFO     Formatting data for BedTools
2021-02-04 18:55:01,845: INFO     Create GuideMaker Annotation object
2021-02-04 18:55:01,845: INFO     Identify genomic features
2021-02-04 18:55:01,846: INFO     check if ../all_test_data/Pseudomonas_aeruginosa_PAO1_107.gbk is gzipped
2021-02-04 18:55:02,621: INFO     Total number of CDS/locus in the input genome: 5584
2021-02-04 18:55:02,621: INFO     Find genomic features closest the guides
2021-02-04 18:55:08,317: INFO     Select guides that start between +500 and -500 of a feature start
2021-02-04 18:55:08,916: INFO     Select description columns
2021-02-04 18:55:08,965: INFO     Format the output
2021-02-04 18:55:12,254: INFO     Number of Guides within a gene coordinates i.e. zero Feature distance: 157761
2021-02-04 18:55:15,859: INFO     creating random control guides
2021-02-04 18:55:16,039: INFO     Number of random control searched: 1000
2021-02-04 18:55:16,039: INFO     Percentage of GC content in the input genome: 66.56
2021-02-04 18:55:16,039: INFO     Total length of the genome: 6.0 MB
2021-02-04 18:55:16,039: INFO     created 10 control guides with a minimum distance of 8 and a median distance of 8
2021-02-04 18:55:16,041: INFO     guidemaker completed, results are at TEST
2021-02-04 18:55:16,042: INFO     PAM sequence: NGG
2021-02-04 18:55:16,042: INFO     PAM orientation: 3prime
2021-02-04 18:55:16,042: INFO     Genome strand(s) searched: both
2021-02-04 18:55:16,042: INFO     Total PAM sites considered: 1171798
2021-02-04 18:55:16,042: INFO     Guide RNA candidates found: 292613
	Command being timed: "guidemaker -i ../all_test_data/Pseudomonas_aeruginosa_PAO1_107.gbk --pamseq NGG --outdir TEST --pam_orientation 3prime --guidelength 20 --strand both --lcp 11 --dist 3 --before 500 --into 500 --knum 10 --controls 10 --log GM_63829185_9.log --threads 8"
	User time (seconds): 289.70
	System time (seconds): 13.99
	Percent of CPU this job got: 290%
	Elapsed (wall clock) time (h:mm:ss or m:ss): 1:44.51
	Average shared text size (kbytes): 0
	Average unshared data size (kbytes): 0
	Average stack size (kbytes): 0
	Average total size (kbytes): 0
	Maximum resident set size (kbytes): 3025740
	Average resident set size (kbytes): 0
	Major (requiring I/O) page faults: 0
	Minor (reclaiming a frame) page faults: 5718139
	Voluntary context switches: 209484
	Involuntary context switches: 43001
	Swaps: 0
	File system inputs: 1584
	File system outputs: 640864
	Socket messages sent: 0
	Socket messages received: 0
	Signals delivered: 0
	Page size (bytes): 4096
	Exit status: 0
My SLURM_ARRAY_TASK_ID:  9
My TMPDIR IS:  /scratch/local/63829185
Input Genome:>>>>>>>>>>>>>>>>>>>>>>>>>>>>>>>>>>>>>>>>>>>  Pseudomonas_aeruginosa_PAO1_107.gbk
Input PAM:>>>>>>>>>>>>>>>>>>>>>>>>>>>>>>>>>>>>>>>>>>>  NGG
Threads used:>>>>>>>>>>>>>>>>>>>>>>>>>>>>>>>>>>>>>>>>>>>  16
GuideMaker
Your CPU supports instructions that this binary was not compiled to use: SSE4.1 SSE4.2 AVX AVX2
For maximum performance, you can install NMSLIB from sources 
pip install --no-binary :all: nmslib
2021-02-04 18:55:19,320: INFO     Temp directory is: /scratch/local/63829185/guidemaker_ewekk0lm
2021-02-04 18:55:19,320: INFO     Writing fasta file from genbank file(s)
2021-02-04 18:55:19,321: INFO     check if ../all_test_data/Pseudomonas_aeruginosa_PAO1_107.gbk is gzipped
/home/rp3448/.conda/envs/NONAVX2/lib/python3.7/site-packages/Bio/GenBank/Scanner.py:1400: BiopythonParserWarning: Truncated LOCUS line found - is this correct?
:'LOCUS       NC_002516            6264404 bp    dna     circular UNK \n'
  BiopythonParserWarning,
/home/rp3448/.conda/envs/NONAVX2/lib/python3.7/site-packages/Bio/GenBank/__init__.py:762: BiopythonParserWarning: Non-upper case molecule type in LOCUS line: dna
  BiopythonParserWarning,
2021-02-04 18:55:20,133: INFO     Identifying PAM sites in the genome
2021-02-04 18:55:47,875: INFO     Checking guides for restriction enzymes
2021-02-04 18:55:48,213: INFO     Number of guides removed after checking for restriction enzymes: 0
2021-02-04 18:55:48,213: INFO     Identifing guides that are unique near the PAM site
2021-02-04 18:55:50,255: INFO     Number of guides removed after checking for unique PAM: 780424
2021-02-04 18:55:50,255: INFO     Indexing all potential guide sites: 1171798. This is the longest step.
2021-02-04 18:55:55,152: INFO     M                   = 16
2021-02-04 18:55:55,152: INFO     indexThreadQty      = 16
2021-02-04 18:55:55,152: INFO     efConstruction      = 10
2021-02-04 18:55:55,152: INFO     maxM			          = 16
2021-02-04 18:55:55,152: INFO     maxM0			          = 32
2021-02-04 18:55:55,152: INFO     mult                = 0.360674
2021-02-04 18:55:55,153: INFO     skip_optimized_index= 0
2021-02-04 18:55:55,153: INFO     delaunay_type       = 2
2021-02-04 18:55:55,153: INFO     Set HNSW query-time parameters:
2021-02-04 18:55:55,153: INFO     ef(Search)         =20
2021-02-04 18:55:55,153: INFO     algoType           =2

0%   10   20   30   40   50   60   70   80   90   100%
|----|----|----|----|----|----|----|----|----|----|
***************************************************

0%   10   20   30   40   50   60   70   80   90   100%
|----|----|----|----|----|----|----|----|----|----|
********************************************************2021-02-04 18:56:08,491: INFO     No appropriate custom distance function for Hamming (bit-storage) space
2021-02-04 18:56:08,492: INFO     searchMethod			  = 0
2021-02-04 18:56:08,589: INFO     Identifying guides that have a hamming distance <= 3 to all other potential guides
2021-02-04 18:56:09,228: INFO     Set HNSW query-time parameters:
2021-02-04 18:56:09,228: INFO     ef(Search)         =9
2021-02-04 18:56:09,228: INFO     algoType           =2
2021-02-04 18:56:29,263: INFO     Formatting data for BedTools
2021-02-04 18:56:30,054: INFO     Create GuideMaker Annotation object
2021-02-04 18:56:30,055: INFO     Identify genomic features
2021-02-04 18:56:30,055: INFO     check if ../all_test_data/Pseudomonas_aeruginosa_PAO1_107.gbk is gzipped
2021-02-04 18:56:30,826: INFO     Total number of CDS/locus in the input genome: 5584
2021-02-04 18:56:30,826: INFO     Find genomic features closest the guides
2021-02-04 18:56:36,350: INFO     Select guides that start between +500 and -500 of a feature start
2021-02-04 18:56:36,917: INFO     Select description columns
2021-02-04 18:56:36,967: INFO     Format the output
2021-02-04 18:56:40,346: INFO     Number of Guides within a gene coordinates i.e. zero Feature distance: 157667
2021-02-04 18:56:43,913: INFO     creating random control guides
2021-02-04 18:56:44,065: INFO     Number of random control searched: 100
2021-02-04 18:56:44,065: INFO     Percentage of GC content in the input genome: 66.56
2021-02-04 18:56:44,066: INFO     Total length of the genome: 6.0 MB
2021-02-04 18:56:44,066: INFO     created 10 control guides with a minimum distance of 7 and a median distance of 7
2021-02-04 18:56:44,069: INFO     guidemaker completed, results are at TEST
2021-02-04 18:56:44,069: INFO     PAM sequence: NGG
2021-02-04 18:56:44,069: INFO     PAM orientation: 3prime
2021-02-04 18:56:44,069: INFO     Genome strand(s) searched: both
2021-02-04 18:56:44,069: INFO     Total PAM sites considered: 1171798
2021-02-04 18:56:44,069: INFO     Guide RNA candidates found: 292536
	Command being timed: "guidemaker -i ../all_test_data/Pseudomonas_aeruginosa_PAO1_107.gbk --pamseq NGG --outdir TEST --pam_orientation 3prime --guidelength 20 --strand both --lcp 11 --dist 3 --before 500 --into 500 --knum 10 --controls 10 --log GM_63829185_9.log --threads 16"
	User time (seconds): 294.48
	System time (seconds): 14.88
	Percent of CPU this job got: 351%
	Elapsed (wall clock) time (h:mm:ss or m:ss): 1:28.03
	Average shared text size (kbytes): 0
	Average unshared data size (kbytes): 0
	Average stack size (kbytes): 0
	Average total size (kbytes): 0
	Maximum resident set size (kbytes): 3040104
	Average resident set size (kbytes): 0
	Major (requiring I/O) page faults: 0
	Minor (reclaiming a frame) page faults: 4121499
	Voluntary context switches: 603319
	Involuntary context switches: 849892
	Swaps: 0
	File system inputs: 792
	File system outputs: 640808
	Socket messages sent: 0
	Socket messages received: 0
	Signals delivered: 0
	Page size (bytes): 4096
	Exit status: 0
My SLURM_ARRAY_TASK_ID:  9
My TMPDIR IS:  /scratch/local/63829185
Input Genome:>>>>>>>>>>>>>>>>>>>>>>>>>>>>>>>>>>>>>>>>>>>  Pseudomonas_aeruginosa_PAO1_107.gbk
Input PAM:>>>>>>>>>>>>>>>>>>>>>>>>>>>>>>>>>>>>>>>>>>>  NGG
Threads used:>>>>>>>>>>>>>>>>>>>>>>>>>>>>>>>>>>>>>>>>>>>  32
GuideMaker
Your CPU supports instructions that this binary was not compiled to use: SSE4.1 SSE4.2 AVX AVX2
For maximum performance, you can install NMSLIB from sources 
pip install --no-binary :all: nmslib
2021-02-04 18:56:47,456: INFO     Temp directory is: /scratch/local/63829185/guidemaker_ekb6sm0k
2021-02-04 18:56:47,457: INFO     Writing fasta file from genbank file(s)
2021-02-04 18:56:47,457: INFO     check if ../all_test_data/Pseudomonas_aeruginosa_PAO1_107.gbk is gzipped
/home/rp3448/.conda/envs/NONAVX2/lib/python3.7/site-packages/Bio/GenBank/Scanner.py:1400: BiopythonParserWarning: Truncated LOCUS line found - is this correct?
:'LOCUS       NC_002516            6264404 bp    dna     circular UNK \n'
  BiopythonParserWarning,
/home/rp3448/.conda/envs/NONAVX2/lib/python3.7/site-packages/Bio/GenBank/__init__.py:762: BiopythonParserWarning: Non-upper case molecule type in LOCUS line: dna
  BiopythonParserWarning,
2021-02-04 18:56:48,254: INFO     Identifying PAM sites in the genome
2021-02-04 18:57:15,583: INFO     Checking guides for restriction enzymes
2021-02-04 18:57:15,905: INFO     Number of guides removed after checking for restriction enzymes: 0
2021-02-04 18:57:15,905: INFO     Identifing guides that are unique near the PAM site
2021-02-04 18:57:17,951: INFO     Number of guides removed after checking for unique PAM: 780424
2021-02-04 18:57:17,951: INFO     Indexing all potential guide sites: 1171798. This is the longest step.
2021-02-04 18:57:22,853: INFO     M                   = 16
2021-02-04 18:57:22,853: INFO     indexThreadQty      = 32
2021-02-04 18:57:22,853: INFO     efConstruction      = 10
2021-02-04 18:57:22,854: INFO     maxM			          = 16
2021-02-04 18:57:22,854: INFO     maxM0			          = 32
2021-02-04 18:57:22,854: INFO     mult                = 0.360674
2021-02-04 18:57:22,854: INFO     skip_optimized_index= 0
2021-02-04 18:57:22,854: INFO     delaunay_type       = 2
2021-02-04 18:57:22,854: INFO     Set HNSW query-time parameters:
2021-02-04 18:57:22,854: INFO     ef(Search)         =20
2021-02-04 18:57:22,854: INFO     algoType           =2

0%   10   20   30   40   50   60   70   80   90   100%
|----|----|----|----|----|----|----|----|----|----|
***************************************************

0%   10   20   30   40   50   60   70   80   90   100%
|----|----|----|----|----|----|----|----|----|----|
******************************************************



2021-02-04 18:57:31,249: INFO     No appropriate custom distance function for Hamming (bit-storage) space
2021-02-04 18:57:31,250: INFO     searchMethod			  = 0
2021-02-04 18:57:31,341: INFO     Identifying guides that have a hamming distance <= 3 to all other potential guides
2021-02-04 18:57:31,955: INFO     Set HNSW query-time parameters:
2021-02-04 18:57:31,955: INFO     ef(Search)         =9
2021-02-04 18:57:31,955: INFO     algoType           =2
2021-02-04 18:57:52,161: INFO     Formatting data for BedTools
2021-02-04 18:57:52,968: INFO     Create GuideMaker Annotation object
2021-02-04 18:57:52,968: INFO     Identify genomic features
2021-02-04 18:57:52,968: INFO     check if ../all_test_data/Pseudomonas_aeruginosa_PAO1_107.gbk is gzipped
2021-02-04 18:57:53,738: INFO     Total number of CDS/locus in the input genome: 5584
2021-02-04 18:57:53,738: INFO     Find genomic features closest the guides
2021-02-04 18:57:59,336: INFO     Select guides that start between +500 and -500 of a feature start
2021-02-04 18:57:59,881: INFO     Select description columns
2021-02-04 18:57:59,929: INFO     Format the output
2021-02-04 18:58:03,215: INFO     Number of Guides within a gene coordinates i.e. zero Feature distance: 157823
2021-02-04 18:58:06,758: INFO     creating random control guides
2021-02-04 18:58:06,932: INFO     Number of random control searched: 100
2021-02-04 18:58:06,932: INFO     Percentage of GC content in the input genome: 66.56
2021-02-04 18:58:06,932: INFO     Total length of the genome: 6.0 MB
2021-02-04 18:58:06,932: INFO     created 10 control guides with a minimum distance of 7 and a median distance of 7
2021-02-04 18:58:06,935: INFO     guidemaker completed, results are at TEST
2021-02-04 18:58:06,935: INFO     PAM sequence: NGG
2021-02-04 18:58:06,935: INFO     PAM orientation: 3prime
2021-02-04 18:58:06,935: INFO     Genome strand(s) searched: both
2021-02-04 18:58:06,935: INFO     Total PAM sites considered: 1171798
2021-02-04 18:58:06,935: INFO     Guide RNA candidates found: 292713
	Command being timed: "guidemaker -i ../all_test_data/Pseudomonas_aeruginosa_PAO1_107.gbk --pamseq NGG --outdir TEST --pam_orientation 3prime --guidelength 20 --strand both --lcp 11 --dist 3 --before 500 --into 500 --knum 10 --controls 10 --log GM_63829185_9.log --threads 32"
	User time (seconds): 317.71
	System time (seconds): 23.38
	Percent of CPU this job got: 411%
	Elapsed (wall clock) time (h:mm:ss or m:ss): 1:22.87
	Average shared text size (kbytes): 0
	Average unshared data size (kbytes): 0
	Average stack size (kbytes): 0
	Average total size (kbytes): 0
	Maximum resident set size (kbytes): 3059044
	Average resident set size (kbytes): 0
	Major (requiring I/O) page faults: 0
	Minor (reclaiming a frame) page faults: 3548382
	Voluntary context switches: 1206441
	Involuntary context switches: 690
	Swaps: 0
	File system inputs: 64
	File system outputs: 641120
	Socket messages sent: 0
	Socket messages received: 0
	Signals delivered: 0
	Page size (bytes): 4096
	Exit status: 0
