Thu Feb  4 18:44:19 EST 2021
c22b-s27.ufhpc
/blue/garrett/rp3448/analysis/guidemaker/nonAVXGuidemaker

     active environment : NONAVX2
    active env location : /home/rp3448/.conda/envs/NONAVX2
            shell level : 3
       user config file : /home/rp3448/.condarc
 populated config files : /home/rp3448/.condarc
          conda version : 4.9.2
    conda-build version : not installed
         python version : 3.9.1.final.0
       virtual packages : __glibc=2.17=0
                          __unix=0=0
                          __archspec=1=x86_64
       base environment : /apps/conda/4.9.2  (read only)
           channel URLs : https://conda.anaconda.org/biobakery/linux-64
                          https://conda.anaconda.org/biobakery/noarch
                          https://conda.anaconda.org/conda-forge/linux-64
                          https://conda.anaconda.org/conda-forge/noarch
                          https://conda.anaconda.org/bioconda/linux-64
                          https://conda.anaconda.org/bioconda/noarch
                          https://repo.anaconda.com/pkgs/main/linux-64
                          https://repo.anaconda.com/pkgs/main/noarch
                          https://repo.anaconda.com/pkgs/r/linux-64
                          https://repo.anaconda.com/pkgs/r/noarch
          package cache : /apps/conda/4.9.2/pkgs
                          /home/rp3448/.conda/pkgs
       envs directories : /home/rp3448/.conda/envs
                          /apps/conda/4.9.2/envs
               platform : linux-64
             user-agent : conda/4.9.2 requests/2.25.1 CPython/3.9.1 Linux/3.10.0-1062.18.1.el7.x86_64 rhel/7.7 glibc/2.17
                UID:GID : 6472:3511
             netrc file : None
           offline mode : False

My SLURM_ARRAY_TASK_ID:  6
My TMPDIR IS:  /scratch/local/63829182
Input Genome:>>>>>>>>>>>>>>>>>>>>>>>>>>>>>>>>>>>>>>>>>>>  Pseudomonas_aeruginosa_PAO1_107.gbk
Input PAM:>>>>>>>>>>>>>>>>>>>>>>>>>>>>>>>>>>>>>>>>>>>  NGG
Threads used:>>>>>>>>>>>>>>>>>>>>>>>>>>>>>>>>>>>>>>>>>>>  1
GuideMaker
Your CPU supports instructions that this binary was not compiled to use: SSE4.1 SSE4.2 AVX AVX2
For maximum performance, you can install NMSLIB from sources 
pip install --no-binary :all: nmslib
2021-02-04 18:44:26,468: INFO     Temp directory is: /scratch/local/63829182/guidemaker_tnn__osh
2021-02-04 18:44:26,469: INFO     Writing fasta file from genbank file(s)
2021-02-04 18:44:26,469: INFO     check if ../all_test_data/Pseudomonas_aeruginosa_PAO1_107.gbk is gzipped
/home/rp3448/.conda/envs/NONAVX2/lib/python3.7/site-packages/Bio/GenBank/Scanner.py:1400: BiopythonParserWarning: Truncated LOCUS line found - is this correct?
:'LOCUS       NC_002516            6264404 bp    dna     circular UNK \n'
  BiopythonParserWarning,
/home/rp3448/.conda/envs/NONAVX2/lib/python3.7/site-packages/Bio/GenBank/__init__.py:762: BiopythonParserWarning: Non-upper case molecule type in LOCUS line: dna
  BiopythonParserWarning,
2021-02-04 18:44:27,297: INFO     Identifying PAM sites in the genome
2021-02-04 18:44:55,302: INFO     Checking guides for restriction enzymes
2021-02-04 18:44:55,624: INFO     Number of guides removed after checking for restriction enzymes: 0
2021-02-04 18:44:55,625: INFO     Identifing guides that are unique near the PAM site
2021-02-04 18:44:57,704: INFO     Number of guides removed after checking for unique PAM: 780424
2021-02-04 18:44:57,704: INFO     Indexing all potential guide sites: 1171798. This is the longest step.
2021-02-04 18:45:02,684: INFO     M                   = 16
2021-02-04 18:45:02,684: INFO     indexThreadQty      = 1
2021-02-04 18:45:02,684: INFO     efConstruction      = 10
2021-02-04 18:45:02,684: INFO     maxM			          = 16
2021-02-04 18:45:02,684: INFO     maxM0			          = 32
2021-02-04 18:45:02,684: INFO     mult                = 0.360674
2021-02-04 18:45:02,684: INFO     skip_optimized_index= 0
2021-02-04 18:45:02,684: INFO     delaunay_type       = 2
2021-02-04 18:45:02,684: INFO     Set HNSW query-time parameters:
2021-02-04 18:45:02,685: INFO     ef(Search)         =20
2021-02-04 18:45:02,685: INFO     algoType           =2

0%   10   20   30   40   50   60   70   80   90   100%
|----|----|----|----|----|----|----|----|----|----|
***************************************************

0%   10   20   30   40   50   60   70   80   90   100%
|----|----|----|----|----|----|----|----|----|----|
***************************************************
*2021-02-04 18:47:29,150: INFO     No appropriate custom distance function for Hamming (bit-storage) space
2021-02-04 18:47:29,150: INFO     searchMethod			  = 0
2021-02-04 18:47:29,249: INFO     Identifying guides that have a hamming distance <= 3 to all other potential guides
2021-02-04 18:47:29,889: INFO     Set HNSW query-time parameters:
2021-02-04 18:47:29,890: INFO     ef(Search)         =9
2021-02-04 18:47:29,890: INFO     algoType           =2
2021-02-04 18:48:13,586: INFO     Formatting data for BedTools
2021-02-04 18:48:14,429: INFO     Create GuideMaker Annotation object
2021-02-04 18:48:14,429: INFO     Identify genomic features
2021-02-04 18:48:14,430: INFO     check if ../all_test_data/Pseudomonas_aeruginosa_PAO1_107.gbk is gzipped
2021-02-04 18:48:15,235: INFO     Total number of CDS/locus in the input genome: 5584
2021-02-04 18:48:15,235: INFO     Find genomic features closest the guides
2021-02-04 18:48:20,511: INFO     Select guides that start between +500 and -500 of a feature start
2021-02-04 18:48:21,042: INFO     Select description columns
2021-02-04 18:48:21,091: INFO     Format the output
2021-02-04 18:48:24,294: INFO     Number of Guides within a gene coordinates i.e. zero Feature distance: 157822
2021-02-04 18:48:27,799: INFO     creating random control guides
2021-02-04 18:48:27,901: INFO     Number of random control searched: 100
2021-02-04 18:48:27,902: INFO     Percentage of GC content in the input genome: 66.56
2021-02-04 18:48:27,902: INFO     Total length of the genome: 6.0 MB
2021-02-04 18:48:27,902: INFO     created 10 control guides with a minimum distance of 7 and a median distance of 7
2021-02-04 18:48:27,905: INFO     guidemaker completed, results are at TEST
2021-02-04 18:48:27,905: INFO     PAM sequence: NGG
2021-02-04 18:48:27,905: INFO     PAM orientation: 3prime
2021-02-04 18:48:27,905: INFO     Genome strand(s) searched: both
2021-02-04 18:48:27,905: INFO     Total PAM sites considered: 1171798
2021-02-04 18:48:27,905: INFO     Guide RNA candidates found: 292692
	Command being timed: "guidemaker -i ../all_test_data/Pseudomonas_aeruginosa_PAO1_107.gbk --pamseq NGG --outdir TEST --pam_orientation 3prime --guidelength 20 --strand both --lcp 11 --dist 3 --before 500 --into 500 --knum 10 --controls 10 --log GM_63829182_6.log --threads 1"
	User time (seconds): 242.03
	System time (seconds): 5.55
	Percent of CPU this job got: 100%
	Elapsed (wall clock) time (h:mm:ss or m:ss): 4:06.29
	Average shared text size (kbytes): 0
	Average unshared data size (kbytes): 0
	Average stack size (kbytes): 0
	Average total size (kbytes): 0
	Maximum resident set size (kbytes): 2690956
	Average resident set size (kbytes): 0
	Major (requiring I/O) page faults: 122
	Minor (reclaiming a frame) page faults: 3105986
	Voluntary context switches: 3993
	Involuntary context switches: 142078
	Swaps: 0
	File system inputs: 308944
	File system outputs: 641008
	Socket messages sent: 0
	Socket messages received: 0
	Signals delivered: 0
	Page size (bytes): 4096
	Exit status: 0
My SLURM_ARRAY_TASK_ID:  6
My TMPDIR IS:  /scratch/local/63829182
Input Genome:>>>>>>>>>>>>>>>>>>>>>>>>>>>>>>>>>>>>>>>>>>>  Pseudomonas_aeruginosa_PAO1_107.gbk
Input PAM:>>>>>>>>>>>>>>>>>>>>>>>>>>>>>>>>>>>>>>>>>>>  NGG
Threads used:>>>>>>>>>>>>>>>>>>>>>>>>>>>>>>>>>>>>>>>>>>>  2
GuideMaker
Your CPU supports instructions that this binary was not compiled to use: SSE4.1 SSE4.2 AVX AVX2
For maximum performance, you can install NMSLIB from sources 
pip install --no-binary :all: nmslib
2021-02-04 18:48:31,128: INFO     Temp directory is: /scratch/local/63829182/guidemaker__4cmfcva
2021-02-04 18:48:31,129: INFO     Writing fasta file from genbank file(s)
2021-02-04 18:48:31,129: INFO     check if ../all_test_data/Pseudomonas_aeruginosa_PAO1_107.gbk is gzipped
/home/rp3448/.conda/envs/NONAVX2/lib/python3.7/site-packages/Bio/GenBank/Scanner.py:1400: BiopythonParserWarning: Truncated LOCUS line found - is this correct?
:'LOCUS       NC_002516            6264404 bp    dna     circular UNK \n'
  BiopythonParserWarning,
/home/rp3448/.conda/envs/NONAVX2/lib/python3.7/site-packages/Bio/GenBank/__init__.py:762: BiopythonParserWarning: Non-upper case molecule type in LOCUS line: dna
  BiopythonParserWarning,
2021-02-04 18:48:31,932: INFO     Identifying PAM sites in the genome
2021-02-04 18:48:59,199: INFO     Checking guides for restriction enzymes
2021-02-04 18:48:59,521: INFO     Number of guides removed after checking for restriction enzymes: 0
2021-02-04 18:48:59,522: INFO     Identifing guides that are unique near the PAM site
2021-02-04 18:49:01,568: INFO     Number of guides removed after checking for unique PAM: 780424
2021-02-04 18:49:01,568: INFO     Indexing all potential guide sites: 1171798. This is the longest step.
2021-02-04 18:49:06,467: INFO     M                   = 16
2021-02-04 18:49:06,468: INFO     indexThreadQty      = 2
2021-02-04 18:49:06,468: INFO     efConstruction      = 10
2021-02-04 18:49:06,468: INFO     maxM			          = 16
2021-02-04 18:49:06,468: INFO     maxM0			          = 32
2021-02-04 18:49:06,468: INFO     mult                = 0.360674
2021-02-04 18:49:06,468: INFO     skip_optimized_index= 0
2021-02-04 18:49:06,468: INFO     delaunay_type       = 2
2021-02-04 18:49:06,468: INFO     Set HNSW query-time parameters:
2021-02-04 18:49:06,468: INFO     ef(Search)         =20
2021-02-04 18:49:06,468: INFO     algoType           =2

0%   10   20   30   40   50   60   70   80   90   100%
|----|----|----|----|----|----|----|----|----|----|
***************************************************

0%   10   20   30   40   50   60   70   80   90   100%
|----|----|----|----|----|----|----|----|----|----|
****************************************************


2021-02-04 18:50:35,993: INFO     No appropriate custom distance function for Hamming (bit-storage) space
2021-02-04 18:50:35,994: INFO     searchMethod			  = 0
2021-02-04 18:50:36,095: INFO     Identifying guides that have a hamming distance <= 3 to all other potential guides
2021-02-04 18:50:36,716: INFO     Set HNSW query-time parameters:
2021-02-04 18:50:36,716: INFO     ef(Search)         =9
2021-02-04 18:50:36,716: INFO     algoType           =2
2021-02-04 18:51:11,610: INFO     Formatting data for BedTools
2021-02-04 18:51:12,413: INFO     Create GuideMaker Annotation object
2021-02-04 18:51:12,413: INFO     Identify genomic features
2021-02-04 18:51:12,413: INFO     check if ../all_test_data/Pseudomonas_aeruginosa_PAO1_107.gbk is gzipped
2021-02-04 18:51:13,194: INFO     Total number of CDS/locus in the input genome: 5584
2021-02-04 18:51:13,194: INFO     Find genomic features closest the guides
2021-02-04 18:51:18,567: INFO     Select guides that start between +500 and -500 of a feature start
2021-02-04 18:51:19,109: INFO     Select description columns
2021-02-04 18:51:19,157: INFO     Format the output
2021-02-04 18:51:22,432: INFO     Number of Guides within a gene coordinates i.e. zero Feature distance: 157789
2021-02-04 18:51:25,909: INFO     creating random control guides
2021-02-04 18:51:26,131: INFO     Number of random control searched: 100
2021-02-04 18:51:26,131: INFO     Percentage of GC content in the input genome: 66.56
2021-02-04 18:51:26,131: INFO     Total length of the genome: 6.0 MB
2021-02-04 18:51:26,131: INFO     created 10 control guides with a minimum distance of 7 and a median distance of 7
2021-02-04 18:51:26,134: INFO     guidemaker completed, results are at TEST
2021-02-04 18:51:26,134: INFO     PAM sequence: NGG
2021-02-04 18:51:26,134: INFO     PAM orientation: 3prime
2021-02-04 18:51:26,134: INFO     Genome strand(s) searched: both
2021-02-04 18:51:26,134: INFO     Total PAM sites considered: 1171798
2021-02-04 18:51:26,134: INFO     Guide RNA candidates found: 292713
	Command being timed: "guidemaker -i ../all_test_data/Pseudomonas_aeruginosa_PAO1_107.gbk --pamseq NGG --outdir TEST --pam_orientation 3prime --guidelength 20 --strand both --lcp 11 --dist 3 --before 500 --into 500 --knum 10 --controls 10 --log GM_63829182_6.log --threads 2"
	User time (seconds): 266.26
	System time (seconds): 18.07
	Percent of CPU this job got: 159%
	Elapsed (wall clock) time (h:mm:ss or m:ss): 2:58.50
	Average shared text size (kbytes): 0
	Average unshared data size (kbytes): 0
	Average stack size (kbytes): 0
	Average total size (kbytes): 0
	Maximum resident set size (kbytes): 2997152
	Average resident set size (kbytes): 0
	Major (requiring I/O) page faults: 0
	Minor (reclaiming a frame) page faults: 10530766
	Voluntary context switches: 74680
	Involuntary context switches: 202121
	Swaps: 0
	File system inputs: 0
	File system outputs: 641064
	Socket messages sent: 0
	Socket messages received: 0
	Signals delivered: 0
	Page size (bytes): 4096
	Exit status: 0
My SLURM_ARRAY_TASK_ID:  6
My TMPDIR IS:  /scratch/local/63829182
Input Genome:>>>>>>>>>>>>>>>>>>>>>>>>>>>>>>>>>>>>>>>>>>>  Pseudomonas_aeruginosa_PAO1_107.gbk
Input PAM:>>>>>>>>>>>>>>>>>>>>>>>>>>>>>>>>>>>>>>>>>>>  NGG
Threads used:>>>>>>>>>>>>>>>>>>>>>>>>>>>>>>>>>>>>>>>>>>>  4
GuideMaker
Your CPU supports instructions that this binary was not compiled to use: SSE4.1 SSE4.2 AVX AVX2
For maximum performance, you can install NMSLIB from sources 
pip install --no-binary :all: nmslib
2021-02-04 18:51:29,598: INFO     Temp directory is: /scratch/local/63829182/guidemaker_h63_1o65
2021-02-04 18:51:29,598: INFO     Writing fasta file from genbank file(s)
2021-02-04 18:51:29,598: INFO     check if ../all_test_data/Pseudomonas_aeruginosa_PAO1_107.gbk is gzipped
/home/rp3448/.conda/envs/NONAVX2/lib/python3.7/site-packages/Bio/GenBank/Scanner.py:1400: BiopythonParserWarning: Truncated LOCUS line found - is this correct?
:'LOCUS       NC_002516            6264404 bp    dna     circular UNK \n'
  BiopythonParserWarning,
/home/rp3448/.conda/envs/NONAVX2/lib/python3.7/site-packages/Bio/GenBank/__init__.py:762: BiopythonParserWarning: Non-upper case molecule type in LOCUS line: dna
  BiopythonParserWarning,
2021-02-04 18:51:30,399: INFO     Identifying PAM sites in the genome
2021-02-04 18:51:58,633: INFO     Checking guides for restriction enzymes
2021-02-04 18:51:58,956: INFO     Number of guides removed after checking for restriction enzymes: 0
2021-02-04 18:51:58,956: INFO     Identifing guides that are unique near the PAM site
2021-02-04 18:52:01,059: INFO     Number of guides removed after checking for unique PAM: 780424
2021-02-04 18:52:01,059: INFO     Indexing all potential guide sites: 1171798. This is the longest step.
2021-02-04 18:52:05,996: INFO     M                   = 16
2021-02-04 18:52:05,996: INFO     indexThreadQty      = 4
2021-02-04 18:52:05,996: INFO     efConstruction      = 10
2021-02-04 18:52:05,996: INFO     maxM			          = 16
2021-02-04 18:52:05,996: INFO     maxM0			          = 32
2021-02-04 18:52:05,996: INFO     mult                = 0.360674
2021-02-04 18:52:05,996: INFO     skip_optimized_index= 0
2021-02-04 18:52:05,996: INFO     delaunay_type       = 2
2021-02-04 18:52:05,996: INFO     Set HNSW query-time parameters:
2021-02-04 18:52:05,996: INFO     ef(Search)         =20
2021-02-04 18:52:05,997: INFO     algoType           =2

0%   10   20   30   40   50   60   70   80   90   100%
|----|----|----|----|----|----|----|----|----|----|
***************************************************

0%   10   20   30   40   50   60   70   80   90   100%
|----|----|----|----|----|----|----|----|----|----|
****************************************************


2021-02-04 18:52:53,440: INFO     No appropriate custom distance function for Hamming (bit-storage) space
2021-02-04 18:52:53,441: INFO     searchMethod			  = 0
2021-02-04 18:52:53,544: INFO     Identifying guides that have a hamming distance <= 3 to all other potential guides
2021-02-04 18:52:54,188: INFO     Set HNSW query-time parameters:
2021-02-04 18:52:54,189: INFO     ef(Search)         =9
2021-02-04 18:52:54,189: INFO     algoType           =2
2021-02-04 18:53:20,943: INFO     Formatting data for BedTools
2021-02-04 18:53:21,746: INFO     Create GuideMaker Annotation object
2021-02-04 18:53:21,746: INFO     Identify genomic features
2021-02-04 18:53:21,746: INFO     check if ../all_test_data/Pseudomonas_aeruginosa_PAO1_107.gbk is gzipped
2021-02-04 18:53:22,524: INFO     Total number of CDS/locus in the input genome: 5584
2021-02-04 18:53:22,524: INFO     Find genomic features closest the guides
2021-02-04 18:53:27,896: INFO     Select guides that start between +500 and -500 of a feature start
2021-02-04 18:53:28,436: INFO     Select description columns
2021-02-04 18:53:28,484: INFO     Format the output
2021-02-04 18:53:31,757: INFO     Number of Guides within a gene coordinates i.e. zero Feature distance: 157794
2021-02-04 18:53:35,399: INFO     creating random control guides
2021-02-04 18:53:35,589: INFO     Number of random control searched: 100
2021-02-04 18:53:35,590: INFO     Percentage of GC content in the input genome: 66.56
2021-02-04 18:53:35,590: INFO     Total length of the genome: 6.0 MB
2021-02-04 18:53:35,590: INFO     created 10 control guides with a minimum distance of 7 and a median distance of 7
2021-02-04 18:53:35,593: INFO     guidemaker completed, results are at TEST
2021-02-04 18:53:35,593: INFO     PAM sequence: NGG
2021-02-04 18:53:35,593: INFO     PAM orientation: 3prime
2021-02-04 18:53:35,593: INFO     Genome strand(s) searched: both
2021-02-04 18:53:35,593: INFO     Total PAM sites considered: 1171798
2021-02-04 18:53:35,593: INFO     Guide RNA candidates found: 292580
	Command being timed: "guidemaker -i ../all_test_data/Pseudomonas_aeruginosa_PAO1_107.gbk --pamseq NGG --outdir TEST --pam_orientation 3prime --guidelength 20 --strand both --lcp 11 --dist 3 --before 500 --into 500 --knum 10 --controls 10 --log GM_63829182_6.log --threads 4"
	User time (seconds): 276.04
	System time (seconds): 16.40
	Percent of CPU this job got: 225%
	Elapsed (wall clock) time (h:mm:ss or m:ss): 2:09.41
	Average shared text size (kbytes): 0
	Average unshared data size (kbytes): 0
	Average stack size (kbytes): 0
	Average total size (kbytes): 0
	Maximum resident set size (kbytes): 3013692
	Average resident set size (kbytes): 0
	Major (requiring I/O) page faults: 0
	Minor (reclaiming a frame) page faults: 8122301
	Voluntary context switches: 166280
	Involuntary context switches: 438513
	Swaps: 0
	File system inputs: 192
	File system outputs: 640992
	Socket messages sent: 0
	Socket messages received: 0
	Signals delivered: 0
	Page size (bytes): 4096
	Exit status: 0
My SLURM_ARRAY_TASK_ID:  6
My TMPDIR IS:  /scratch/local/63829182
Input Genome:>>>>>>>>>>>>>>>>>>>>>>>>>>>>>>>>>>>>>>>>>>>  Pseudomonas_aeruginosa_PAO1_107.gbk
Input PAM:>>>>>>>>>>>>>>>>>>>>>>>>>>>>>>>>>>>>>>>>>>>  NGG
Threads used:>>>>>>>>>>>>>>>>>>>>>>>>>>>>>>>>>>>>>>>>>>>  8
GuideMaker
Your CPU supports instructions that this binary was not compiled to use: SSE4.1 SSE4.2 AVX AVX2
For maximum performance, you can install NMSLIB from sources 
pip install --no-binary :all: nmslib
2021-02-04 18:53:39,118: INFO     Temp directory is: /scratch/local/63829182/guidemaker_5u7n5l7y
2021-02-04 18:53:39,119: INFO     Writing fasta file from genbank file(s)
2021-02-04 18:53:39,119: INFO     check if ../all_test_data/Pseudomonas_aeruginosa_PAO1_107.gbk is gzipped
/home/rp3448/.conda/envs/NONAVX2/lib/python3.7/site-packages/Bio/GenBank/Scanner.py:1400: BiopythonParserWarning: Truncated LOCUS line found - is this correct?
:'LOCUS       NC_002516            6264404 bp    dna     circular UNK \n'
  BiopythonParserWarning,
/home/rp3448/.conda/envs/NONAVX2/lib/python3.7/site-packages/Bio/GenBank/__init__.py:762: BiopythonParserWarning: Non-upper case molecule type in LOCUS line: dna
  BiopythonParserWarning,
2021-02-04 18:53:39,932: INFO     Identifying PAM sites in the genome
2021-02-04 18:54:08,035: INFO     Checking guides for restriction enzymes
2021-02-04 18:54:08,356: INFO     Number of guides removed after checking for restriction enzymes: 0
2021-02-04 18:54:08,356: INFO     Identifing guides that are unique near the PAM site
2021-02-04 18:54:10,418: INFO     Number of guides removed after checking for unique PAM: 780424
2021-02-04 18:54:10,418: INFO     Indexing all potential guide sites: 1171798. This is the longest step.
2021-02-04 18:54:15,332: INFO     M                   = 16
2021-02-04 18:54:15,332: INFO     indexThreadQty      = 8
2021-02-04 18:54:15,332: INFO     efConstruction      = 10
2021-02-04 18:54:15,332: INFO     maxM			          = 16
2021-02-04 18:54:15,333: INFO     maxM0			          = 32
2021-02-04 18:54:15,333: INFO     mult                = 0.360674
2021-02-04 18:54:15,333: INFO     skip_optimized_index= 0
2021-02-04 18:54:15,333: INFO     delaunay_type       = 2
2021-02-04 18:54:15,333: INFO     Set HNSW query-time parameters:
2021-02-04 18:54:15,333: INFO     ef(Search)         =20
2021-02-04 18:54:15,333: INFO     algoType           =2

0%   10   20   30   40   50   60   70   80   90   100%
|----|----|----|----|----|----|----|----|----|----|
***************************************************

0%   10   20   30   40   50   60   70   80   90   100%
|----|----|----|----|----|----|----|----|----|----|
****************************************************2021-02-04 18:54:40,158: INFO     No appropriate custom distance function for Hamming (bit-storage) space
2021-02-04 18:54:40,158: INFO     searchMethod			  = 0
2021-02-04 18:54:40,260: INFO     Identifying guides that have a hamming distance <= 3 to all other potential guides
2021-02-04 18:54:40,872: INFO     Set HNSW query-time parameters:
2021-02-04 18:54:40,872: INFO     ef(Search)         =9
2021-02-04 18:54:40,873: INFO     algoType           =2
2021-02-04 18:55:04,471: INFO     Formatting data for BedTools
2021-02-04 18:55:05,283: INFO     Create GuideMaker Annotation object
2021-02-04 18:55:05,283: INFO     Identify genomic features
2021-02-04 18:55:05,284: INFO     check if ../all_test_data/Pseudomonas_aeruginosa_PAO1_107.gbk is gzipped
2021-02-04 18:55:06,076: INFO     Total number of CDS/locus in the input genome: 5584
2021-02-04 18:55:06,076: INFO     Find genomic features closest the guides
2021-02-04 18:55:11,427: INFO     Select guides that start between +500 and -500 of a feature start
2021-02-04 18:55:11,969: INFO     Select description columns
2021-02-04 18:55:12,018: INFO     Format the output
2021-02-04 18:55:15,387: INFO     Number of Guides within a gene coordinates i.e. zero Feature distance: 157714
2021-02-04 18:55:18,966: INFO     creating random control guides
2021-02-04 18:55:19,111: INFO     Number of random control searched: 100
2021-02-04 18:55:19,111: INFO     Percentage of GC content in the input genome: 66.56
2021-02-04 18:55:19,111: INFO     Total length of the genome: 6.0 MB
2021-02-04 18:55:19,111: INFO     created 10 control guides with a minimum distance of 7 and a median distance of 7
2021-02-04 18:55:19,114: INFO     guidemaker completed, results are at TEST
2021-02-04 18:55:19,114: INFO     PAM sequence: NGG
2021-02-04 18:55:19,114: INFO     PAM orientation: 3prime
2021-02-04 18:55:19,114: INFO     Genome strand(s) searched: both
2021-02-04 18:55:19,114: INFO     Total PAM sites considered: 1171798
2021-02-04 18:55:19,114: INFO     Guide RNA candidates found: 292545
	Command being timed: "guidemaker -i ../all_test_data/Pseudomonas_aeruginosa_PAO1_107.gbk --pamseq NGG --outdir TEST --pam_orientation 3prime --guidelength 20 --strand both --lcp 11 --dist 3 --before 500 --into 500 --knum 10 --controls 10 --log GM_63829182_6.log --threads 8"
	User time (seconds): 286.18
	System time (seconds): 14.54
	Percent of CPU this job got: 290%
	Elapsed (wall clock) time (h:mm:ss or m:ss): 1:43.55
	Average shared text size (kbytes): 0
	Average unshared data size (kbytes): 0
	Average stack size (kbytes): 0
	Average total size (kbytes): 0
	Maximum resident set size (kbytes): 3025424
	Average resident set size (kbytes): 0
	Major (requiring I/O) page faults: 0
	Minor (reclaiming a frame) page faults: 5859139
	Voluntary context switches: 266495
	Involuntary context switches: 253777
	Swaps: 0
	File system inputs: 1056
	File system outputs: 640720
	Socket messages sent: 0
	Socket messages received: 0
	Signals delivered: 0
	Page size (bytes): 4096
	Exit status: 0
My SLURM_ARRAY_TASK_ID:  6
My TMPDIR IS:  /scratch/local/63829182
Input Genome:>>>>>>>>>>>>>>>>>>>>>>>>>>>>>>>>>>>>>>>>>>>  Pseudomonas_aeruginosa_PAO1_107.gbk
Input PAM:>>>>>>>>>>>>>>>>>>>>>>>>>>>>>>>>>>>>>>>>>>>  NGG
Threads used:>>>>>>>>>>>>>>>>>>>>>>>>>>>>>>>>>>>>>>>>>>>  16
GuideMaker
Your CPU supports instructions that this binary was not compiled to use: SSE4.1 SSE4.2 AVX AVX2
For maximum performance, you can install NMSLIB from sources 
pip install --no-binary :all: nmslib
2021-02-04 18:55:22,624: INFO     Temp directory is: /scratch/local/63829182/guidemaker_5pwkduqq
2021-02-04 18:55:22,624: INFO     Writing fasta file from genbank file(s)
2021-02-04 18:55:22,625: INFO     check if ../all_test_data/Pseudomonas_aeruginosa_PAO1_107.gbk is gzipped
/home/rp3448/.conda/envs/NONAVX2/lib/python3.7/site-packages/Bio/GenBank/Scanner.py:1400: BiopythonParserWarning: Truncated LOCUS line found - is this correct?
:'LOCUS       NC_002516            6264404 bp    dna     circular UNK \n'
  BiopythonParserWarning,
/home/rp3448/.conda/envs/NONAVX2/lib/python3.7/site-packages/Bio/GenBank/__init__.py:762: BiopythonParserWarning: Non-upper case molecule type in LOCUS line: dna
  BiopythonParserWarning,
2021-02-04 18:55:23,435: INFO     Identifying PAM sites in the genome
2021-02-04 18:55:50,715: INFO     Checking guides for restriction enzymes
2021-02-04 18:55:51,039: INFO     Number of guides removed after checking for restriction enzymes: 0
2021-02-04 18:55:51,039: INFO     Identifing guides that are unique near the PAM site
2021-02-04 18:55:53,125: INFO     Number of guides removed after checking for unique PAM: 780424
2021-02-04 18:55:53,126: INFO     Indexing all potential guide sites: 1171798. This is the longest step.
2021-02-04 18:55:58,022: INFO     M                   = 16
2021-02-04 18:55:58,023: INFO     indexThreadQty      = 16
2021-02-04 18:55:58,023: INFO     efConstruction      = 10
2021-02-04 18:55:58,023: INFO     maxM			          = 16
2021-02-04 18:55:58,023: INFO     maxM0			          = 32
2021-02-04 18:55:58,023: INFO     mult                = 0.360674
2021-02-04 18:55:58,023: INFO     skip_optimized_index= 0
2021-02-04 18:55:58,023: INFO     delaunay_type       = 2
2021-02-04 18:55:58,023: INFO     Set HNSW query-time parameters:
2021-02-04 18:55:58,023: INFO     ef(Search)         =20
2021-02-04 18:55:58,023: INFO     algoType           =2

0%   10   20   30   40   50   60   70   80   90   100%
|----|----|----|----|----|----|----|----|----|----|
***************************************************

0%   10   20   30   40   50   60   70   80   90   100%
|----|----|----|----|----|----|----|----|----|----|
*******************************************************2021-02-04 18:56:11,698: INFO     No appropriate custom distance function for Hamming (bit-storage) space
2021-02-04 18:56:11,698: INFO     searchMethod			  = 0
2021-02-04 18:56:11,816: INFO     Identifying guides that have a hamming distance <= 3 to all other potential guides
2021-02-04 18:56:12,545: INFO     Set HNSW query-time parameters:
2021-02-04 18:56:12,545: INFO     ef(Search)         =9
2021-02-04 18:56:12,545: INFO     algoType           =2
2021-02-04 18:56:33,354: INFO     Formatting data for BedTools
2021-02-04 18:56:34,150: INFO     Create GuideMaker Annotation object
2021-02-04 18:56:34,150: INFO     Identify genomic features
2021-02-04 18:56:34,151: INFO     check if ../all_test_data/Pseudomonas_aeruginosa_PAO1_107.gbk is gzipped
2021-02-04 18:56:34,942: INFO     Total number of CDS/locus in the input genome: 5584
2021-02-04 18:56:34,943: INFO     Find genomic features closest the guides
2021-02-04 18:56:40,327: INFO     Select guides that start between +500 and -500 of a feature start
2021-02-04 18:56:40,863: INFO     Select description columns
2021-02-04 18:56:40,910: INFO     Format the output
2021-02-04 18:56:44,168: INFO     Number of Guides within a gene coordinates i.e. zero Feature distance: 157690
2021-02-04 18:56:47,635: INFO     creating random control guides
2021-02-04 18:56:47,769: INFO     Number of random control searched: 100
2021-02-04 18:56:47,769: INFO     Percentage of GC content in the input genome: 66.56
2021-02-04 18:56:47,769: INFO     Total length of the genome: 6.0 MB
2021-02-04 18:56:47,769: INFO     created 10 control guides with a minimum distance of 7 and a median distance of 7
2021-02-04 18:56:47,772: INFO     guidemaker completed, results are at TEST
2021-02-04 18:56:47,772: INFO     PAM sequence: NGG
2021-02-04 18:56:47,772: INFO     PAM orientation: 3prime
2021-02-04 18:56:47,772: INFO     Genome strand(s) searched: both
2021-02-04 18:56:47,773: INFO     Total PAM sites considered: 1171798
2021-02-04 18:56:47,773: INFO     Guide RNA candidates found: 292528
	Command being timed: "guidemaker -i ../all_test_data/Pseudomonas_aeruginosa_PAO1_107.gbk --pamseq NGG --outdir TEST --pam_orientation 3prime --guidelength 20 --strand both --lcp 11 --dist 3 --before 500 --into 500 --knum 10 --controls 10 --log GM_63829182_6.log --threads 16"
	User time (seconds): 301.10
	System time (seconds): 16.57
	Percent of CPU this job got: 358%
	Elapsed (wall clock) time (h:mm:ss or m:ss): 1:28.56
	Average shared text size (kbytes): 0
	Average unshared data size (kbytes): 0
	Average stack size (kbytes): 0
	Average total size (kbytes): 0
	Maximum resident set size (kbytes): 3040368
	Average resident set size (kbytes): 0
	Major (requiring I/O) page faults: 0
	Minor (reclaiming a frame) page faults: 4343938
	Voluntary context switches: 604684
	Involuntary context switches: 228231
	Swaps: 0
	File system inputs: 8
	File system outputs: 640648
	Socket messages sent: 0
	Socket messages received: 0
	Signals delivered: 0
	Page size (bytes): 4096
	Exit status: 0
My SLURM_ARRAY_TASK_ID:  6
My TMPDIR IS:  /scratch/local/63829182
Input Genome:>>>>>>>>>>>>>>>>>>>>>>>>>>>>>>>>>>>>>>>>>>>  Pseudomonas_aeruginosa_PAO1_107.gbk
Input PAM:>>>>>>>>>>>>>>>>>>>>>>>>>>>>>>>>>>>>>>>>>>>  NGG
Threads used:>>>>>>>>>>>>>>>>>>>>>>>>>>>>>>>>>>>>>>>>>>>  32
GuideMaker
Your CPU supports instructions that this binary was not compiled to use: SSE4.1 SSE4.2 AVX AVX2
For maximum performance, you can install NMSLIB from sources 
pip install --no-binary :all: nmslib
2021-02-04 18:56:51,185: INFO     Temp directory is: /scratch/local/63829182/guidemaker_z0hx3hz4
2021-02-04 18:56:51,185: INFO     Writing fasta file from genbank file(s)
2021-02-04 18:56:51,186: INFO     check if ../all_test_data/Pseudomonas_aeruginosa_PAO1_107.gbk is gzipped
/home/rp3448/.conda/envs/NONAVX2/lib/python3.7/site-packages/Bio/GenBank/Scanner.py:1400: BiopythonParserWarning: Truncated LOCUS line found - is this correct?
:'LOCUS       NC_002516            6264404 bp    dna     circular UNK \n'
  BiopythonParserWarning,
/home/rp3448/.conda/envs/NONAVX2/lib/python3.7/site-packages/Bio/GenBank/__init__.py:762: BiopythonParserWarning: Non-upper case molecule type in LOCUS line: dna
  BiopythonParserWarning,
2021-02-04 18:56:51,993: INFO     Identifying PAM sites in the genome
2021-02-04 18:57:20,217: INFO     Checking guides for restriction enzymes
2021-02-04 18:57:20,565: INFO     Number of guides removed after checking for restriction enzymes: 0
2021-02-04 18:57:20,565: INFO     Identifing guides that are unique near the PAM site
2021-02-04 18:57:22,640: INFO     Number of guides removed after checking for unique PAM: 780424
2021-02-04 18:57:22,640: INFO     Indexing all potential guide sites: 1171798. This is the longest step.
2021-02-04 18:57:27,671: INFO     M                   = 16
2021-02-04 18:57:27,671: INFO     indexThreadQty      = 32
2021-02-04 18:57:27,672: INFO     efConstruction      = 10
2021-02-04 18:57:27,672: INFO     maxM			          = 16
2021-02-04 18:57:27,672: INFO     maxM0			          = 32
2021-02-04 18:57:27,672: INFO     mult                = 0.360674
2021-02-04 18:57:27,672: INFO     skip_optimized_index= 0
2021-02-04 18:57:27,672: INFO     delaunay_type       = 2
2021-02-04 18:57:27,672: INFO     Set HNSW query-time parameters:
2021-02-04 18:57:27,672: INFO     ef(Search)         =20
2021-02-04 18:57:27,672: INFO     algoType           =2

0%   10   20   30   40   50   60   70   80   90   100%
|----|----|----|----|----|----|----|----|----|----|
***************************************************

0%   10   20   30   40   50   60   70   80   90   100%
|----|----|----|----|----|----|----|----|----|----|
****************************************************2021-02-04 18:57:36,117: INFO     No appropriate custom distance function for Hamming (bit-storage) space
2021-02-04 18:57:36,117: INFO     searchMethod			  = 0
2021-02-04 18:57:36,218: INFO     Identifying guides that have a hamming distance <= 3 to all other potential guides
2021-02-04 18:57:36,890: INFO     Set HNSW query-time parameters:
2021-02-04 18:57:36,890: INFO     ef(Search)         =9
2021-02-04 18:57:36,890: INFO     algoType           =2
2021-02-04 18:57:56,549: INFO     Formatting data for BedTools
2021-02-04 18:57:57,351: INFO     Create GuideMaker Annotation object
2021-02-04 18:57:57,351: INFO     Identify genomic features
2021-02-04 18:57:57,351: INFO     check if ../all_test_data/Pseudomonas_aeruginosa_PAO1_107.gbk is gzipped
2021-02-04 18:57:58,126: INFO     Total number of CDS/locus in the input genome: 5584
2021-02-04 18:57:58,126: INFO     Find genomic features closest the guides
2021-02-04 18:58:03,560: INFO     Select guides that start between +500 and -500 of a feature start
2021-02-04 18:58:04,101: INFO     Select description columns
2021-02-04 18:58:04,150: INFO     Format the output
2021-02-04 18:58:07,414: INFO     Number of Guides within a gene coordinates i.e. zero Feature distance: 157754
2021-02-04 18:58:11,016: INFO     creating random control guides
2021-02-04 18:58:11,184: INFO     Number of random control searched: 100
2021-02-04 18:58:11,184: INFO     Percentage of GC content in the input genome: 66.56
2021-02-04 18:58:11,184: INFO     Total length of the genome: 6.0 MB
2021-02-04 18:58:11,184: INFO     created 10 control guides with a minimum distance of 7 and a median distance of 8
2021-02-04 18:58:11,189: INFO     guidemaker completed, results are at TEST
2021-02-04 18:58:11,189: INFO     PAM sequence: NGG
2021-02-04 18:58:11,189: INFO     PAM orientation: 3prime
2021-02-04 18:58:11,189: INFO     Genome strand(s) searched: both
2021-02-04 18:58:11,189: INFO     Total PAM sites considered: 1171798
2021-02-04 18:58:11,189: INFO     Guide RNA candidates found: 292604
	Command being timed: "guidemaker -i ../all_test_data/Pseudomonas_aeruginosa_PAO1_107.gbk --pamseq NGG --outdir TEST --pam_orientation 3prime --guidelength 20 --strand both --lcp 11 --dist 3 --before 500 --into 500 --knum 10 --controls 10 --log GM_63829182_6.log --threads 32"
	User time (seconds): 318.76
	System time (seconds): 25.47
	Percent of CPU this job got: 412%
	Elapsed (wall clock) time (h:mm:ss or m:ss): 1:23.41
	Average shared text size (kbytes): 0
	Average unshared data size (kbytes): 0
	Average stack size (kbytes): 0
	Average total size (kbytes): 0
	Maximum resident set size (kbytes): 3050088
	Average resident set size (kbytes): 0
	Major (requiring I/O) page faults: 0
	Minor (reclaiming a frame) page faults: 3539872
	Voluntary context switches: 1268439
	Involuntary context switches: 715
	Swaps: 0
	File system inputs: 2048
	File system outputs: 640984
	Socket messages sent: 0
	Socket messages received: 0
	Signals delivered: 0
	Page size (bytes): 4096
	Exit status: 0
