Thu Feb  4 18:43:29 EST 2021
c23b-s36.ufhpc
/blue/garrett/rp3448/analysis/guidemaker/nonAVXGuidemaker

     active environment : NONAVX2
    active env location : /home/rp3448/.conda/envs/NONAVX2
            shell level : 3
       user config file : /home/rp3448/.condarc
 populated config files : /home/rp3448/.condarc
          conda version : 4.9.2
    conda-build version : not installed
         python version : 3.9.1.final.0
       virtual packages : __glibc=2.17=0
                          __unix=0=0
                          __archspec=1=x86_64
       base environment : /apps/conda/4.9.2  (read only)
           channel URLs : https://conda.anaconda.org/biobakery/linux-64
                          https://conda.anaconda.org/biobakery/noarch
                          https://conda.anaconda.org/conda-forge/linux-64
                          https://conda.anaconda.org/conda-forge/noarch
                          https://conda.anaconda.org/bioconda/linux-64
                          https://conda.anaconda.org/bioconda/noarch
                          https://repo.anaconda.com/pkgs/main/linux-64
                          https://repo.anaconda.com/pkgs/main/noarch
                          https://repo.anaconda.com/pkgs/r/linux-64
                          https://repo.anaconda.com/pkgs/r/noarch
          package cache : /apps/conda/4.9.2/pkgs
                          /home/rp3448/.conda/pkgs
       envs directories : /home/rp3448/.conda/envs
                          /apps/conda/4.9.2/envs
               platform : linux-64
             user-agent : conda/4.9.2 requests/2.25.1 CPython/3.9.1 Linux/3.10.0-1062.18.1.el7.x86_64 rhel/7.7 glibc/2.17
                UID:GID : 6472:3511
             netrc file : None
           offline mode : False

My SLURM_ARRAY_TASK_ID:  2
My TMPDIR IS:  /scratch/local/63829174
Input Genome:>>>>>>>>>>>>>>>>>>>>>>>>>>>>>>>>>>>>>>>>>>>  Pseudomonas_aeruginosa_PAO1_107.gbk
Input PAM:>>>>>>>>>>>>>>>>>>>>>>>>>>>>>>>>>>>>>>>>>>>  NGG
Threads used:>>>>>>>>>>>>>>>>>>>>>>>>>>>>>>>>>>>>>>>>>>>  1
GuideMaker
Your CPU supports instructions that this binary was not compiled to use: SSE4.1 SSE4.2 AVX AVX2
For maximum performance, you can install NMSLIB from sources 
pip install --no-binary :all: nmslib
2021-02-04 18:43:37,208: INFO     Temp directory is: /scratch/local/63829174/guidemaker_8ib006k5
2021-02-04 18:43:37,209: INFO     Writing fasta file from genbank file(s)
2021-02-04 18:43:37,209: INFO     check if ../all_test_data/Pseudomonas_aeruginosa_PAO1_107.gbk is gzipped
/home/rp3448/.conda/envs/NONAVX2/lib/python3.7/site-packages/Bio/GenBank/Scanner.py:1400: BiopythonParserWarning: Truncated LOCUS line found - is this correct?
:'LOCUS       NC_002516            6264404 bp    dna     circular UNK \n'
  BiopythonParserWarning,
/home/rp3448/.conda/envs/NONAVX2/lib/python3.7/site-packages/Bio/GenBank/__init__.py:762: BiopythonParserWarning: Non-upper case molecule type in LOCUS line: dna
  BiopythonParserWarning,
2021-02-04 18:43:38,145: INFO     Identifying PAM sites in the genome
2021-02-04 18:44:06,773: INFO     Checking guides for restriction enzymes
2021-02-04 18:44:07,106: INFO     Number of guides removed after checking for restriction enzymes: 0
2021-02-04 18:44:07,107: INFO     Identifing guides that are unique near the PAM site
2021-02-04 18:44:09,145: INFO     Number of guides removed after checking for unique PAM: 780424
2021-02-04 18:44:09,145: INFO     Indexing all potential guide sites: 1171798. This is the longest step.
2021-02-04 18:44:14,754: INFO     M                   = 16
2021-02-04 18:44:14,754: INFO     indexThreadQty      = 1
2021-02-04 18:44:14,754: INFO     efConstruction      = 10
2021-02-04 18:44:14,754: INFO     maxM			          = 16
2021-02-04 18:44:14,754: INFO     maxM0			          = 32
2021-02-04 18:44:14,754: INFO     mult                = 0.360674
2021-02-04 18:44:14,754: INFO     skip_optimized_index= 0
2021-02-04 18:44:14,754: INFO     delaunay_type       = 2
2021-02-04 18:44:14,754: INFO     Set HNSW query-time parameters:
2021-02-04 18:44:14,754: INFO     ef(Search)         =20
2021-02-04 18:44:14,755: INFO     algoType           =2

0%   10   20   30   40   50   60   70   80   90   100%
|----|----|----|----|----|----|----|----|----|----|
***************************************************

0%   10   20   30   40   50   60   70   80   90   100%
|----|----|----|----|----|----|----|----|----|----|
***************************************************
*2021-02-04 18:46:41,137: INFO     No appropriate custom distance function for Hamming (bit-storage) space
2021-02-04 18:46:41,137: INFO     searchMethod			  = 0
2021-02-04 18:46:41,251: INFO     Identifying guides that have a hamming distance <= 3 to all other potential guides
2021-02-04 18:46:41,978: INFO     Set HNSW query-time parameters:
2021-02-04 18:46:41,978: INFO     ef(Search)         =9
2021-02-04 18:46:41,978: INFO     algoType           =2
2021-02-04 18:47:24,944: INFO     Formatting data for BedTools
2021-02-04 18:47:25,778: INFO     Create GuideMaker Annotation object
2021-02-04 18:47:25,778: INFO     Identify genomic features
2021-02-04 18:47:25,778: INFO     check if ../all_test_data/Pseudomonas_aeruginosa_PAO1_107.gbk is gzipped
2021-02-04 18:47:26,548: INFO     Total number of CDS/locus in the input genome: 5584
2021-02-04 18:47:26,549: INFO     Find genomic features closest the guides
2021-02-04 18:47:31,902: INFO     Select guides that start between +500 and -500 of a feature start
2021-02-04 18:47:32,428: INFO     Select description columns
2021-02-04 18:47:32,475: INFO     Format the output
2021-02-04 18:47:35,622: INFO     Number of Guides within a gene coordinates i.e. zero Feature distance: 157822
2021-02-04 18:47:39,095: INFO     creating random control guides
2021-02-04 18:47:39,226: INFO     Number of random control searched: 100
2021-02-04 18:47:39,227: INFO     Percentage of GC content in the input genome: 66.56
2021-02-04 18:47:39,227: INFO     Total length of the genome: 6.0 MB
2021-02-04 18:47:39,227: INFO     created 10 control guides with a minimum distance of 7 and a median distance of 7
2021-02-04 18:47:39,229: INFO     guidemaker completed, results are at TEST
2021-02-04 18:47:39,230: INFO     PAM sequence: NGG
2021-02-04 18:47:39,230: INFO     PAM orientation: 3prime
2021-02-04 18:47:39,230: INFO     Genome strand(s) searched: both
2021-02-04 18:47:39,230: INFO     Total PAM sites considered: 1171798
2021-02-04 18:47:39,230: INFO     Guide RNA candidates found: 292692
	Command being timed: "guidemaker -i ../all_test_data/Pseudomonas_aeruginosa_PAO1_107.gbk --pamseq NGG --outdir TEST --pam_orientation 3prime --guidelength 20 --strand both --lcp 11 --dist 3 --before 500 --into 500 --knum 10 --controls 10 --log GM_63829174_2.log --threads 1"
	User time (seconds): 242.57
	System time (seconds): 5.61
	Percent of CPU this job got: 100%
	Elapsed (wall clock) time (h:mm:ss or m:ss): 4:06.90
	Average shared text size (kbytes): 0
	Average unshared data size (kbytes): 0
	Average stack size (kbytes): 0
	Average total size (kbytes): 0
	Maximum resident set size (kbytes): 2690948
	Average resident set size (kbytes): 0
	Major (requiring I/O) page faults: 122
	Minor (reclaiming a frame) page faults: 3056599
	Voluntary context switches: 3948
	Involuntary context switches: 1131
	Swaps: 0
	File system inputs: 337200
	File system outputs: 641008
	Socket messages sent: 0
	Socket messages received: 0
	Signals delivered: 0
	Page size (bytes): 4096
	Exit status: 0
My SLURM_ARRAY_TASK_ID:  2
My TMPDIR IS:  /scratch/local/63829174
Input Genome:>>>>>>>>>>>>>>>>>>>>>>>>>>>>>>>>>>>>>>>>>>>  Pseudomonas_aeruginosa_PAO1_107.gbk
Input PAM:>>>>>>>>>>>>>>>>>>>>>>>>>>>>>>>>>>>>>>>>>>>  NGG
Threads used:>>>>>>>>>>>>>>>>>>>>>>>>>>>>>>>>>>>>>>>>>>>  2
GuideMaker
Your CPU supports instructions that this binary was not compiled to use: SSE4.1 SSE4.2 AVX AVX2
For maximum performance, you can install NMSLIB from sources 
pip install --no-binary :all: nmslib
2021-02-04 18:47:42,414: INFO     Temp directory is: /scratch/local/63829174/guidemaker_6bu49cmi
2021-02-04 18:47:42,415: INFO     Writing fasta file from genbank file(s)
2021-02-04 18:47:42,415: INFO     check if ../all_test_data/Pseudomonas_aeruginosa_PAO1_107.gbk is gzipped
/home/rp3448/.conda/envs/NONAVX2/lib/python3.7/site-packages/Bio/GenBank/Scanner.py:1400: BiopythonParserWarning: Truncated LOCUS line found - is this correct?
:'LOCUS       NC_002516            6264404 bp    dna     circular UNK \n'
  BiopythonParserWarning,
/home/rp3448/.conda/envs/NONAVX2/lib/python3.7/site-packages/Bio/GenBank/__init__.py:762: BiopythonParserWarning: Non-upper case molecule type in LOCUS line: dna
  BiopythonParserWarning,
2021-02-04 18:47:43,202: INFO     Identifying PAM sites in the genome
2021-02-04 18:48:10,707: INFO     Checking guides for restriction enzymes
2021-02-04 18:48:11,031: INFO     Number of guides removed after checking for restriction enzymes: 0
2021-02-04 18:48:11,031: INFO     Identifing guides that are unique near the PAM site
2021-02-04 18:48:13,082: INFO     Number of guides removed after checking for unique PAM: 780424
2021-02-04 18:48:13,083: INFO     Indexing all potential guide sites: 1171798. This is the longest step.
2021-02-04 18:48:17,998: INFO     M                   = 16
2021-02-04 18:48:17,999: INFO     indexThreadQty      = 2
2021-02-04 18:48:17,999: INFO     efConstruction      = 10
2021-02-04 18:48:17,999: INFO     maxM			          = 16
2021-02-04 18:48:17,999: INFO     maxM0			          = 32
2021-02-04 18:48:17,999: INFO     mult                = 0.360674
2021-02-04 18:48:17,999: INFO     skip_optimized_index= 0
2021-02-04 18:48:17,999: INFO     delaunay_type       = 2
2021-02-04 18:48:17,999: INFO     Set HNSW query-time parameters:
2021-02-04 18:48:17,999: INFO     ef(Search)         =20
2021-02-04 18:48:17,999: INFO     algoType           =2

0%   10   20   30   40   50   60   70   80   90   100%
|----|----|----|----|----|----|----|----|----|----|
***************************************************

0%   10   20   30   40   50   60   70   80   90   100%
|----|----|----|----|----|----|----|----|----|----|
****************************************************2021-02-04 18:49:47,966: INFO     No appropriate custom distance function for Hamming (bit-storage) space
2021-02-04 18:49:47,966: INFO     searchMethod			  = 0
2021-02-04 18:49:48,068: INFO     Identifying guides that have a hamming distance <= 3 to all other potential guides
2021-02-04 18:49:48,736: INFO     Set HNSW query-time parameters:
2021-02-04 18:49:48,736: INFO     ef(Search)         =9
2021-02-04 18:49:48,736: INFO     algoType           =2
2021-02-04 18:50:23,706: INFO     Formatting data for BedTools
2021-02-04 18:50:24,499: INFO     Create GuideMaker Annotation object
2021-02-04 18:50:24,499: INFO     Identify genomic features
2021-02-04 18:50:24,499: INFO     check if ../all_test_data/Pseudomonas_aeruginosa_PAO1_107.gbk is gzipped
2021-02-04 18:50:25,273: INFO     Total number of CDS/locus in the input genome: 5584
2021-02-04 18:50:25,273: INFO     Find genomic features closest the guides
2021-02-04 18:50:31,117: INFO     Select guides that start between +500 and -500 of a feature start
2021-02-04 18:50:31,655: INFO     Select description columns
2021-02-04 18:50:31,702: INFO     Format the output
2021-02-04 18:50:34,936: INFO     Number of Guides within a gene coordinates i.e. zero Feature distance: 157800
2021-02-04 18:50:38,495: INFO     creating random control guides
2021-02-04 18:50:38,654: INFO     Number of random control searched: 100
2021-02-04 18:50:38,654: INFO     Percentage of GC content in the input genome: 66.56
2021-02-04 18:50:38,654: INFO     Total length of the genome: 6.0 MB
2021-02-04 18:50:38,654: INFO     created 10 control guides with a minimum distance of 7 and a median distance of 7
2021-02-04 18:50:38,657: INFO     guidemaker completed, results are at TEST
2021-02-04 18:50:38,657: INFO     PAM sequence: NGG
2021-02-04 18:50:38,657: INFO     PAM orientation: 3prime
2021-02-04 18:50:38,657: INFO     Genome strand(s) searched: both
2021-02-04 18:50:38,657: INFO     Total PAM sites considered: 1171798
2021-02-04 18:50:38,658: INFO     Guide RNA candidates found: 292652
	Command being timed: "guidemaker -i ../all_test_data/Pseudomonas_aeruginosa_PAO1_107.gbk --pamseq NGG --outdir TEST --pam_orientation 3prime --guidelength 20 --strand both --lcp 11 --dist 3 --before 500 --into 500 --knum 10 --controls 10 --log GM_63829174_2.log --threads 2"
	User time (seconds): 266.77
	System time (seconds): 18.44
	Percent of CPU this job got: 158%
	Elapsed (wall clock) time (h:mm:ss or m:ss): 2:59.59
	Average shared text size (kbytes): 0
	Average unshared data size (kbytes): 0
	Average stack size (kbytes): 0
	Average total size (kbytes): 0
	Maximum resident set size (kbytes): 3007988
	Average resident set size (kbytes): 0
	Major (requiring I/O) page faults: 0
	Minor (reclaiming a frame) page faults: 10254923
	Voluntary context switches: 74725
	Involuntary context switches: 1018381
	Swaps: 0
	File system inputs: 48
	File system outputs: 641048
	Socket messages sent: 0
	Socket messages received: 0
	Signals delivered: 0
	Page size (bytes): 4096
	Exit status: 0
My SLURM_ARRAY_TASK_ID:  2
My TMPDIR IS:  /scratch/local/63829174
Input Genome:>>>>>>>>>>>>>>>>>>>>>>>>>>>>>>>>>>>>>>>>>>>  Pseudomonas_aeruginosa_PAO1_107.gbk
Input PAM:>>>>>>>>>>>>>>>>>>>>>>>>>>>>>>>>>>>>>>>>>>>  NGG
Threads used:>>>>>>>>>>>>>>>>>>>>>>>>>>>>>>>>>>>>>>>>>>>  4
GuideMaker
Your CPU supports instructions that this binary was not compiled to use: SSE4.1 SSE4.2 AVX AVX2
For maximum performance, you can install NMSLIB from sources 
pip install --no-binary :all: nmslib
2021-02-04 18:50:41,971: INFO     Temp directory is: /scratch/local/63829174/guidemaker_e7dvqspg
2021-02-04 18:50:41,972: INFO     Writing fasta file from genbank file(s)
2021-02-04 18:50:41,972: INFO     check if ../all_test_data/Pseudomonas_aeruginosa_PAO1_107.gbk is gzipped
/home/rp3448/.conda/envs/NONAVX2/lib/python3.7/site-packages/Bio/GenBank/Scanner.py:1400: BiopythonParserWarning: Truncated LOCUS line found - is this correct?
:'LOCUS       NC_002516            6264404 bp    dna     circular UNK \n'
  BiopythonParserWarning,
/home/rp3448/.conda/envs/NONAVX2/lib/python3.7/site-packages/Bio/GenBank/__init__.py:762: BiopythonParserWarning: Non-upper case molecule type in LOCUS line: dna
  BiopythonParserWarning,
2021-02-04 18:50:42,774: INFO     Identifying PAM sites in the genome
2021-02-04 18:51:11,380: INFO     Checking guides for restriction enzymes
2021-02-04 18:51:11,704: INFO     Number of guides removed after checking for restriction enzymes: 0
2021-02-04 18:51:11,705: INFO     Identifing guides that are unique near the PAM site
2021-02-04 18:51:13,748: INFO     Number of guides removed after checking for unique PAM: 780424
2021-02-04 18:51:13,748: INFO     Indexing all potential guide sites: 1171798. This is the longest step.
2021-02-04 18:51:19,349: INFO     M                   = 16
2021-02-04 18:51:19,349: INFO     indexThreadQty      = 4
2021-02-04 18:51:19,349: INFO     efConstruction      = 10
2021-02-04 18:51:19,350: INFO     maxM			          = 16
2021-02-04 18:51:19,350: INFO     maxM0			          = 32
2021-02-04 18:51:19,350: INFO     mult                = 0.360674
2021-02-04 18:51:19,350: INFO     skip_optimized_index= 0
2021-02-04 18:51:19,350: INFO     delaunay_type       = 2
2021-02-04 18:51:19,350: INFO     Set HNSW query-time parameters:
2021-02-04 18:51:19,350: INFO     ef(Search)         =20
2021-02-04 18:51:19,350: INFO     algoType           =2

0%   10   20   30   40   50   60   70   80   90   100%
|----|----|----|----|----|----|----|----|----|----|
***************************************************

0%   10   20   30   40   50   60   70   80   90   100%
|----|----|----|----|----|----|----|----|----|----|
****************************************************2021-02-04 18:52:07,812: INFO     No appropriate custom distance function for Hamming (bit-storage) space
2021-02-04 18:52:07,813: INFO     searchMethod			  = 0
2021-02-04 18:52:07,926: INFO     Identifying guides that have a hamming distance <= 3 to all other potential guides
2021-02-04 18:52:08,706: INFO     Set HNSW query-time parameters:
2021-02-04 18:52:08,706: INFO     ef(Search)         =9
2021-02-04 18:52:08,706: INFO     algoType           =2
2021-02-04 18:52:34,938: INFO     Formatting data for BedTools
2021-02-04 18:52:35,819: INFO     Create GuideMaker Annotation object
2021-02-04 18:52:35,819: INFO     Identify genomic features
2021-02-04 18:52:35,819: INFO     check if ../all_test_data/Pseudomonas_aeruginosa_PAO1_107.gbk is gzipped
2021-02-04 18:52:36,653: INFO     Total number of CDS/locus in the input genome: 5584
2021-02-04 18:52:36,653: INFO     Find genomic features closest the guides
2021-02-04 18:52:41,988: INFO     Select guides that start between +500 and -500 of a feature start
2021-02-04 18:52:42,525: INFO     Select description columns
2021-02-04 18:52:42,573: INFO     Format the output
2021-02-04 18:52:45,780: INFO     Number of Guides within a gene coordinates i.e. zero Feature distance: 157783
2021-02-04 18:52:49,292: INFO     creating random control guides
2021-02-04 18:52:49,465: INFO     Number of random control searched: 100
2021-02-04 18:52:49,465: INFO     Percentage of GC content in the input genome: 66.56
2021-02-04 18:52:49,465: INFO     Total length of the genome: 6.0 MB
2021-02-04 18:52:49,466: INFO     created 10 control guides with a minimum distance of 7 and a median distance of 7
2021-02-04 18:52:49,468: INFO     guidemaker completed, results are at TEST
2021-02-04 18:52:49,468: INFO     PAM sequence: NGG
2021-02-04 18:52:49,468: INFO     PAM orientation: 3prime
2021-02-04 18:52:49,468: INFO     Genome strand(s) searched: both
2021-02-04 18:52:49,469: INFO     Total PAM sites considered: 1171798
2021-02-04 18:52:49,469: INFO     Guide RNA candidates found: 292666
	Command being timed: "guidemaker -i ../all_test_data/Pseudomonas_aeruginosa_PAO1_107.gbk --pamseq NGG --outdir TEST --pam_orientation 3prime --guidelength 20 --strand both --lcp 11 --dist 3 --before 500 --into 500 --knum 10 --controls 10 --log GM_63829174_2.log --threads 4"
	User time (seconds): 282.04
	System time (seconds): 15.66
	Percent of CPU this job got: 227%
	Elapsed (wall clock) time (h:mm:ss or m:ss): 2:10.91
	Average shared text size (kbytes): 0
	Average unshared data size (kbytes): 0
	Average stack size (kbytes): 0
	Average total size (kbytes): 0
	Maximum resident set size (kbytes): 3014204
	Average resident set size (kbytes): 0
	Major (requiring I/O) page faults: 0
	Minor (reclaiming a frame) page faults: 8069858
	Voluntary context switches: 141743
	Involuntary context switches: 69357
	Swaps: 0
	File system inputs: 0
	File system outputs: 640944
	Socket messages sent: 0
	Socket messages received: 0
	Signals delivered: 0
	Page size (bytes): 4096
	Exit status: 0
My SLURM_ARRAY_TASK_ID:  2
My TMPDIR IS:  /scratch/local/63829174
Input Genome:>>>>>>>>>>>>>>>>>>>>>>>>>>>>>>>>>>>>>>>>>>>  Pseudomonas_aeruginosa_PAO1_107.gbk
Input PAM:>>>>>>>>>>>>>>>>>>>>>>>>>>>>>>>>>>>>>>>>>>>  NGG
Threads used:>>>>>>>>>>>>>>>>>>>>>>>>>>>>>>>>>>>>>>>>>>>  8
GuideMaker
Your CPU supports instructions that this binary was not compiled to use: SSE4.1 SSE4.2 AVX AVX2
For maximum performance, you can install NMSLIB from sources 
pip install --no-binary :all: nmslib
2021-02-04 18:52:52,898: INFO     Temp directory is: /scratch/local/63829174/guidemaker_ffk35kzh
2021-02-04 18:52:52,898: INFO     Writing fasta file from genbank file(s)
2021-02-04 18:52:52,899: INFO     check if ../all_test_data/Pseudomonas_aeruginosa_PAO1_107.gbk is gzipped
/home/rp3448/.conda/envs/NONAVX2/lib/python3.7/site-packages/Bio/GenBank/Scanner.py:1400: BiopythonParserWarning: Truncated LOCUS line found - is this correct?
:'LOCUS       NC_002516            6264404 bp    dna     circular UNK \n'
  BiopythonParserWarning,
/home/rp3448/.conda/envs/NONAVX2/lib/python3.7/site-packages/Bio/GenBank/__init__.py:762: BiopythonParserWarning: Non-upper case molecule type in LOCUS line: dna
  BiopythonParserWarning,
2021-02-04 18:52:53,700: INFO     Identifying PAM sites in the genome
2021-02-04 18:53:23,070: INFO     Checking guides for restriction enzymes
2021-02-04 18:53:23,448: INFO     Number of guides removed after checking for restriction enzymes: 0
2021-02-04 18:53:23,449: INFO     Identifing guides that are unique near the PAM site
2021-02-04 18:53:25,640: INFO     Number of guides removed after checking for unique PAM: 780424
2021-02-04 18:53:25,640: INFO     Indexing all potential guide sites: 1171798. This is the longest step.
2021-02-04 18:53:30,668: INFO     M                   = 16
2021-02-04 18:53:30,668: INFO     indexThreadQty      = 8
2021-02-04 18:53:30,668: INFO     efConstruction      = 10
2021-02-04 18:53:30,668: INFO     maxM			          = 16
2021-02-04 18:53:30,668: INFO     maxM0			          = 32
2021-02-04 18:53:30,669: INFO     mult                = 0.360674
2021-02-04 18:53:30,669: INFO     skip_optimized_index= 0
2021-02-04 18:53:30,669: INFO     delaunay_type       = 2
2021-02-04 18:53:30,669: INFO     Set HNSW query-time parameters:
2021-02-04 18:53:30,669: INFO     ef(Search)         =20
2021-02-04 18:53:30,669: INFO     algoType           =2

0%   10   20   30   40   50   60   70   80   90   100%
|----|----|----|----|----|----|----|----|----|----|
***************************************************

0%   10   20   30   40   50   60   70   80   90   100%
|----|----|----|----|----|----|----|----|----|----|
****************************************************2021-02-04 18:53:56,246: INFO     No appropriate custom distance function for Hamming (bit-storage) space
2021-02-04 18:53:56,247: INFO     searchMethod			  = 0
2021-02-04 18:53:56,351: INFO     Identifying guides that have a hamming distance <= 3 to all other potential guides
2021-02-04 18:53:57,022: INFO     Set HNSW query-time parameters:
2021-02-04 18:53:57,022: INFO     ef(Search)         =9
2021-02-04 18:53:57,022: INFO     algoType           =2
2021-02-04 18:54:20,238: INFO     Formatting data for BedTools
2021-02-04 18:54:21,022: INFO     Create GuideMaker Annotation object
2021-02-04 18:54:21,022: INFO     Identify genomic features
2021-02-04 18:54:21,023: INFO     check if ../all_test_data/Pseudomonas_aeruginosa_PAO1_107.gbk is gzipped
2021-02-04 18:54:21,792: INFO     Total number of CDS/locus in the input genome: 5584
2021-02-04 18:54:21,792: INFO     Find genomic features closest the guides
2021-02-04 18:54:27,114: INFO     Select guides that start between +500 and -500 of a feature start
2021-02-04 18:54:27,648: INFO     Select description columns
2021-02-04 18:54:27,695: INFO     Format the output
2021-02-04 18:54:30,942: INFO     Number of Guides within a gene coordinates i.e. zero Feature distance: 157743
2021-02-04 18:54:34,455: INFO     creating random control guides
2021-02-04 18:54:34,604: INFO     Number of random control searched: 100
2021-02-04 18:54:34,604: INFO     Percentage of GC content in the input genome: 66.56
2021-02-04 18:54:34,604: INFO     Total length of the genome: 6.0 MB
2021-02-04 18:54:34,604: INFO     created 10 control guides with a minimum distance of 7 and a median distance of 7
2021-02-04 18:54:34,608: INFO     guidemaker completed, results are at TEST
2021-02-04 18:54:34,609: INFO     PAM sequence: NGG
2021-02-04 18:54:34,609: INFO     PAM orientation: 3prime
2021-02-04 18:54:34,609: INFO     Genome strand(s) searched: both
2021-02-04 18:54:34,609: INFO     Total PAM sites considered: 1171798
2021-02-04 18:54:34,609: INFO     Guide RNA candidates found: 292622
	Command being timed: "guidemaker -i ../all_test_data/Pseudomonas_aeruginosa_PAO1_107.gbk --pamseq NGG --outdir TEST --pam_orientation 3prime --guidelength 20 --strand both --lcp 11 --dist 3 --before 500 --into 500 --knum 10 --controls 10 --log GM_63829174_2.log --threads 8"
	User time (seconds): 294.01
	System time (seconds): 14.72
	Percent of CPU this job got: 293%
	Elapsed (wall clock) time (h:mm:ss or m:ss): 1:45.17
	Average shared text size (kbytes): 0
	Average unshared data size (kbytes): 0
	Average stack size (kbytes): 0
	Average total size (kbytes): 0
	Maximum resident set size (kbytes): 3026140
	Average resident set size (kbytes): 0
	Major (requiring I/O) page faults: 0
	Minor (reclaiming a frame) page faults: 5923212
	Voluntary context switches: 251829
	Involuntary context switches: 804
	Swaps: 0
	File system inputs: 0
	File system outputs: 640896
	Socket messages sent: 0
	Socket messages received: 0
	Signals delivered: 0
	Page size (bytes): 4096
	Exit status: 0
My SLURM_ARRAY_TASK_ID:  2
My TMPDIR IS:  /scratch/local/63829174
Input Genome:>>>>>>>>>>>>>>>>>>>>>>>>>>>>>>>>>>>>>>>>>>>  Pseudomonas_aeruginosa_PAO1_107.gbk
Input PAM:>>>>>>>>>>>>>>>>>>>>>>>>>>>>>>>>>>>>>>>>>>>  NGG
Threads used:>>>>>>>>>>>>>>>>>>>>>>>>>>>>>>>>>>>>>>>>>>>  16
GuideMaker
Your CPU supports instructions that this binary was not compiled to use: SSE4.1 SSE4.2 AVX AVX2
For maximum performance, you can install NMSLIB from sources 
pip install --no-binary :all: nmslib
2021-02-04 18:54:38,078: INFO     Temp directory is: /scratch/local/63829174/guidemaker_mntoiixr
2021-02-04 18:54:38,078: INFO     Writing fasta file from genbank file(s)
2021-02-04 18:54:38,078: INFO     check if ../all_test_data/Pseudomonas_aeruginosa_PAO1_107.gbk is gzipped
/home/rp3448/.conda/envs/NONAVX2/lib/python3.7/site-packages/Bio/GenBank/Scanner.py:1400: BiopythonParserWarning: Truncated LOCUS line found - is this correct?
:'LOCUS       NC_002516            6264404 bp    dna     circular UNK \n'
  BiopythonParserWarning,
/home/rp3448/.conda/envs/NONAVX2/lib/python3.7/site-packages/Bio/GenBank/__init__.py:762: BiopythonParserWarning: Non-upper case molecule type in LOCUS line: dna
  BiopythonParserWarning,
2021-02-04 18:54:38,873: INFO     Identifying PAM sites in the genome
2021-02-04 18:55:06,423: INFO     Checking guides for restriction enzymes
2021-02-04 18:55:06,765: INFO     Number of guides removed after checking for restriction enzymes: 0
2021-02-04 18:55:06,765: INFO     Identifing guides that are unique near the PAM site
2021-02-04 18:55:08,890: INFO     Number of guides removed after checking for unique PAM: 780424
2021-02-04 18:55:08,890: INFO     Indexing all potential guide sites: 1171798. This is the longest step.
2021-02-04 18:55:13,915: INFO     M                   = 16
2021-02-04 18:55:13,915: INFO     indexThreadQty      = 16
2021-02-04 18:55:13,915: INFO     efConstruction      = 10
2021-02-04 18:55:13,915: INFO     maxM			          = 16
2021-02-04 18:55:13,915: INFO     maxM0			          = 32
2021-02-04 18:55:13,915: INFO     mult                = 0.360674
2021-02-04 18:55:13,915: INFO     skip_optimized_index= 0
2021-02-04 18:55:13,916: INFO     delaunay_type       = 2
2021-02-04 18:55:13,916: INFO     Set HNSW query-time parameters:
2021-02-04 18:55:13,916: INFO     ef(Search)         =20
2021-02-04 18:55:13,916: INFO     algoType           =2

0%   10   20   30   40   50   60   70   80   90   100%
|----|----|----|----|----|----|----|----|----|----|
***************************************************

0%   10   20   30   40   50   60   70   80   90   100%
|----|----|----|----|----|----|----|----|----|----|
*****************************************************

2021-02-04 18:55:27,619: INFO     No appropriate custom distance function for Hamming (bit-storage) space
2021-02-04 18:55:27,619: INFO     searchMethod			  = 0
2021-02-04 18:55:27,732: INFO     Identifying guides that have a hamming distance <= 3 to all other potential guides
2021-02-04 18:55:28,484: INFO     Set HNSW query-time parameters:
2021-02-04 18:55:28,484: INFO     ef(Search)         =9
2021-02-04 18:55:28,484: INFO     algoType           =2
2021-02-04 18:55:49,654: INFO     Formatting data for BedTools
2021-02-04 18:55:50,485: INFO     Create GuideMaker Annotation object
2021-02-04 18:55:50,485: INFO     Identify genomic features
2021-02-04 18:55:50,486: INFO     check if ../all_test_data/Pseudomonas_aeruginosa_PAO1_107.gbk is gzipped
2021-02-04 18:55:51,257: INFO     Total number of CDS/locus in the input genome: 5584
2021-02-04 18:55:51,257: INFO     Find genomic features closest the guides
2021-02-04 18:55:56,999: INFO     Select guides that start between +500 and -500 of a feature start
2021-02-04 18:55:57,535: INFO     Select description columns
2021-02-04 18:55:57,582: INFO     Format the output
2021-02-04 18:56:00,832: INFO     Number of Guides within a gene coordinates i.e. zero Feature distance: 157710
2021-02-04 18:56:04,329: INFO     creating random control guides
2021-02-04 18:56:04,459: INFO     Number of random control searched: 100
2021-02-04 18:56:04,459: INFO     Percentage of GC content in the input genome: 66.56
2021-02-04 18:56:04,459: INFO     Total length of the genome: 6.0 MB
2021-02-04 18:56:04,459: INFO     created 10 control guides with a minimum distance of 7 and a median distance of 7
2021-02-04 18:56:04,462: INFO     guidemaker completed, results are at TEST
2021-02-04 18:56:04,463: INFO     PAM sequence: NGG
2021-02-04 18:56:04,463: INFO     PAM orientation: 3prime
2021-02-04 18:56:04,463: INFO     Genome strand(s) searched: both
2021-02-04 18:56:04,463: INFO     Total PAM sites considered: 1171798
2021-02-04 18:56:04,463: INFO     Guide RNA candidates found: 292586
	Command being timed: "guidemaker -i ../all_test_data/Pseudomonas_aeruginosa_PAO1_107.gbk --pamseq NGG --outdir TEST --pam_orientation 3prime --guidelength 20 --strand both --lcp 11 --dist 3 --before 500 --into 500 --knum 10 --controls 10 --log GM_63829174_2.log --threads 16"
	User time (seconds): 301.99
	System time (seconds): 16.86
	Percent of CPU this job got: 355%
	Elapsed (wall clock) time (h:mm:ss or m:ss): 1:29.76
	Average shared text size (kbytes): 0
	Average unshared data size (kbytes): 0
	Average stack size (kbytes): 0
	Average total size (kbytes): 0
	Maximum resident set size (kbytes): 3031128
	Average resident set size (kbytes): 0
	Major (requiring I/O) page faults: 0
	Minor (reclaiming a frame) page faults: 4447274
	Voluntary context switches: 520623
	Involuntary context switches: 101838
	Swaps: 0
	File system inputs: 0
	File system outputs: 640792
	Socket messages sent: 0
	Socket messages received: 0
	Signals delivered: 0
	Page size (bytes): 4096
	Exit status: 0
My SLURM_ARRAY_TASK_ID:  2
My TMPDIR IS:  /scratch/local/63829174
Input Genome:>>>>>>>>>>>>>>>>>>>>>>>>>>>>>>>>>>>>>>>>>>>  Pseudomonas_aeruginosa_PAO1_107.gbk
Input PAM:>>>>>>>>>>>>>>>>>>>>>>>>>>>>>>>>>>>>>>>>>>>  NGG
Threads used:>>>>>>>>>>>>>>>>>>>>>>>>>>>>>>>>>>>>>>>>>>>  32
GuideMaker
Your CPU supports instructions that this binary was not compiled to use: SSE4.1 SSE4.2 AVX AVX2
For maximum performance, you can install NMSLIB from sources 
pip install --no-binary :all: nmslib
2021-02-04 18:56:07,862: INFO     Temp directory is: /scratch/local/63829174/guidemaker_hvyawpos
2021-02-04 18:56:07,862: INFO     Writing fasta file from genbank file(s)
2021-02-04 18:56:07,863: INFO     check if ../all_test_data/Pseudomonas_aeruginosa_PAO1_107.gbk is gzipped
/home/rp3448/.conda/envs/NONAVX2/lib/python3.7/site-packages/Bio/GenBank/Scanner.py:1400: BiopythonParserWarning: Truncated LOCUS line found - is this correct?
:'LOCUS       NC_002516            6264404 bp    dna     circular UNK \n'
  BiopythonParserWarning,
/home/rp3448/.conda/envs/NONAVX2/lib/python3.7/site-packages/Bio/GenBank/__init__.py:762: BiopythonParserWarning: Non-upper case molecule type in LOCUS line: dna
  BiopythonParserWarning,
2021-02-04 18:56:08,670: INFO     Identifying PAM sites in the genome
2021-02-04 18:56:36,253: INFO     Checking guides for restriction enzymes
2021-02-04 18:56:36,573: INFO     Number of guides removed after checking for restriction enzymes: 0
2021-02-04 18:56:36,574: INFO     Identifing guides that are unique near the PAM site
2021-02-04 18:56:38,623: INFO     Number of guides removed after checking for unique PAM: 780424
2021-02-04 18:56:38,623: INFO     Indexing all potential guide sites: 1171798. This is the longest step.
2021-02-04 18:56:43,998: INFO     M                   = 16
2021-02-04 18:56:43,998: INFO     indexThreadQty      = 32
2021-02-04 18:56:43,998: INFO     efConstruction      = 10
2021-02-04 18:56:43,998: INFO     maxM			          = 16
2021-02-04 18:56:43,998: INFO     maxM0			          = 32
2021-02-04 18:56:43,998: INFO     mult                = 0.360674
2021-02-04 18:56:43,998: INFO     skip_optimized_index= 0
2021-02-04 18:56:43,999: INFO     delaunay_type       = 2
2021-02-04 18:56:43,999: INFO     Set HNSW query-time parameters:
2021-02-04 18:56:43,999: INFO     ef(Search)         =20
2021-02-04 18:56:43,999: INFO     algoType           =2

0%   10   20   30   40   50   60   70   80   90   100%
|----|----|----|----|----|----|----|----|----|----|
***************************************************

0%   10   20   30   40   50   60   70   80   90   100%
|----|----|----|----|----|----|----|----|----|----|
*******************************************************2021-02-04 18:56:52,515: INFO     No appropriate custom distance function for Hamming (bit-storage) space
2021-02-04 18:56:52,516: INFO     searchMethod			  = 0
2021-02-04 18:56:52,613: INFO     Identifying guides that have a hamming distance <= 3 to all other potential guides
2021-02-04 18:56:53,264: INFO     Set HNSW query-time parameters:
2021-02-04 18:56:53,265: INFO     ef(Search)         =9
2021-02-04 18:56:53,265: INFO     algoType           =2
2021-02-04 18:57:14,443: INFO     Formatting data for BedTools
2021-02-04 18:57:15,351: INFO     Create GuideMaker Annotation object
2021-02-04 18:57:15,351: INFO     Identify genomic features
2021-02-04 18:57:15,352: INFO     check if ../all_test_data/Pseudomonas_aeruginosa_PAO1_107.gbk is gzipped
2021-02-04 18:57:16,142: INFO     Total number of CDS/locus in the input genome: 5584
2021-02-04 18:57:16,142: INFO     Find genomic features closest the guides
2021-02-04 18:57:21,619: INFO     Select guides that start between +500 and -500 of a feature start
2021-02-04 18:57:22,183: INFO     Select description columns
2021-02-04 18:57:22,232: INFO     Format the output
2021-02-04 18:57:25,815: INFO     Number of Guides within a gene coordinates i.e. zero Feature distance: 157839
2021-02-04 18:57:29,423: INFO     creating random control guides
2021-02-04 18:57:29,636: INFO     Number of random control searched: 1000
2021-02-04 18:57:29,636: INFO     Percentage of GC content in the input genome: 66.56
2021-02-04 18:57:29,636: INFO     Total length of the genome: 6.0 MB
2021-02-04 18:57:29,636: INFO     created 10 control guides with a minimum distance of 8 and a median distance of 8
2021-02-04 18:57:29,639: INFO     guidemaker completed, results are at TEST
2021-02-04 18:57:29,639: INFO     PAM sequence: NGG
2021-02-04 18:57:29,639: INFO     PAM orientation: 3prime
2021-02-04 18:57:29,639: INFO     Genome strand(s) searched: both
2021-02-04 18:57:29,639: INFO     Total PAM sites considered: 1171798
2021-02-04 18:57:29,639: INFO     Guide RNA candidates found: 292721
	Command being timed: "guidemaker -i ../all_test_data/Pseudomonas_aeruginosa_PAO1_107.gbk --pamseq NGG --outdir TEST --pam_orientation 3prime --guidelength 20 --strand both --lcp 11 --dist 3 --before 500 --into 500 --knum 10 --controls 10 --log GM_63829174_2.log --threads 32"
	User time (seconds): 320.81
	System time (seconds): 25.54
	Percent of CPU this job got: 405%
	Elapsed (wall clock) time (h:mm:ss or m:ss): 1:25.34
	Average shared text size (kbytes): 0
	Average unshared data size (kbytes): 0
	Average stack size (kbytes): 0
	Average total size (kbytes): 0
	Maximum resident set size (kbytes): 3065040
	Average resident set size (kbytes): 0
	Major (requiring I/O) page faults: 0
	Minor (reclaiming a frame) page faults: 3626091
	Voluntary context switches: 1200497
	Involuntary context switches: 145431
	Swaps: 0
	File system inputs: 80
	File system outputs: 641200
	Socket messages sent: 0
	Socket messages received: 0
	Signals delivered: 0
	Page size (bytes): 4096
	Exit status: 0
