Thu Feb  4 21:19:51 EST 2021
c22b-s38.ufhpc
/blue/garrett/rp3448/analysis/guidemaker/nonAVXGuidemaker

     active environment : NONAVX2
    active env location : /home/rp3448/.conda/envs/NONAVX2
            shell level : 3
       user config file : /home/rp3448/.condarc
 populated config files : /home/rp3448/.condarc
          conda version : 4.9.2
    conda-build version : not installed
         python version : 3.9.1.final.0
       virtual packages : __glibc=2.17=0
                          __unix=0=0
                          __archspec=1=x86_64
       base environment : /apps/conda/4.9.2  (read only)
           channel URLs : https://conda.anaconda.org/biobakery/linux-64
                          https://conda.anaconda.org/biobakery/noarch
                          https://conda.anaconda.org/conda-forge/linux-64
                          https://conda.anaconda.org/conda-forge/noarch
                          https://conda.anaconda.org/bioconda/linux-64
                          https://conda.anaconda.org/bioconda/noarch
                          https://repo.anaconda.com/pkgs/main/linux-64
                          https://repo.anaconda.com/pkgs/main/noarch
                          https://repo.anaconda.com/pkgs/r/linux-64
                          https://repo.anaconda.com/pkgs/r/noarch
          package cache : /apps/conda/4.9.2/pkgs
                          /home/rp3448/.conda/pkgs
       envs directories : /home/rp3448/.conda/envs
                          /apps/conda/4.9.2/envs
               platform : linux-64
             user-agent : conda/4.9.2 requests/2.25.1 CPython/3.9.1 Linux/3.10.0-1062.18.1.el7.x86_64 rhel/7.7 glibc/2.17
                UID:GID : 6472:3511
             netrc file : None
           offline mode : False

My SLURM_ARRAY_TASK_ID:  9
My TMPDIR IS:  /scratch/local/63833350
Input Genome:>>>>>>>>>>>>>>>>>>>>>>>>>>>>>>>>>>>>>>>>>>>  Burkholderia_thailandensis_E264_ATCC_700388_133.gbk
Input PAM:>>>>>>>>>>>>>>>>>>>>>>>>>>>>>>>>>>>>>>>>>>>  NNAGAAW
Threads used:>>>>>>>>>>>>>>>>>>>>>>>>>>>>>>>>>>>>>>>>>>>  1
GuideMaker
Your CPU supports instructions that this binary was not compiled to use: SSE4.1 SSE4.2 AVX AVX2
For maximum performance, you can install NMSLIB from sources 
pip install --no-binary :all: nmslib
2021-02-04 21:19:58,436: INFO     Temp directory is: /scratch/local/63833350/guidemaker_phd9378s
2021-02-04 21:19:58,437: INFO     Writing fasta file from genbank file(s)
2021-02-04 21:19:58,437: INFO     check if ../all_test_data/Burkholderia_thailandensis_E264_ATCC_700388_133.gbk is gzipped
2021-02-04 21:19:59,220: INFO     Identifying PAM sites in the genome
2021-02-04 21:20:02,053: INFO     Checking guides for restriction enzymes
2021-02-04 21:20:02,055: INFO     Number of guides removed after checking for restriction enzymes: 0
2021-02-04 21:20:02,055: INFO     Identifing guides that are unique near the PAM site
2021-02-04 21:20:02,063: INFO     Number of guides removed after checking for unique PAM: 422
2021-02-04 21:20:02,063: INFO     Indexing all potential guide sites: 8607. This is the longest step.
2021-02-04 21:20:02,100: INFO     M                   = 16
2021-02-04 21:20:02,101: INFO     indexThreadQty      = 1
2021-02-04 21:20:02,101: INFO     efConstruction      = 10
2021-02-04 21:20:02,101: INFO     maxM			          = 16
2021-02-04 21:20:02,101: INFO     maxM0			          = 32
2021-02-04 21:20:02,101: INFO     mult                = 0.360674
2021-02-04 21:20:02,101: INFO     skip_optimized_index= 0
2021-02-04 21:20:02,101: INFO     delaunay_type       = 2
2021-02-04 21:20:02,101: INFO     Set HNSW query-time parameters:
2021-02-04 21:20:02,101: INFO     ef(Search)         =20
2021-02-04 21:20:02,101: INFO     algoType           =2

0%   10   20   30   40   50   60   70   80   90   100%
|----|----|----|----|----|----|----|----|----|----|
***************************************************

0%   10   20   30   40   50   60   70   80   90   100%
|----|----|----|----|----|----|----|----|----|----|
***************************************************
*2021-02-04 21:20:02,429: INFO     No appropriate custom distance function for Hamming (bit-storage) space
2021-02-04 21:20:02,429: INFO     searchMethod			  = 0
2021-02-04 21:20:02,430: INFO     Identifying guides that have a hamming distance <= 3 to all other potential guides
2021-02-04 21:20:02,440: INFO     Set HNSW query-time parameters:
2021-02-04 21:20:02,441: INFO     ef(Search)         =9
2021-02-04 21:20:02,441: INFO     algoType           =2
2021-02-04 21:20:02,854: INFO     Formatting data for BedTools
2021-02-04 21:20:02,870: INFO     Create GuideMaker Annotation object
2021-02-04 21:20:02,870: INFO     Identify genomic features
2021-02-04 21:20:02,870: INFO     check if ../all_test_data/Burkholderia_thailandensis_E264_ATCC_700388_133.gbk is gzipped
2021-02-04 21:20:03,665: INFO     Total number of CDS/locus in the input genome: 5633
2021-02-04 21:20:03,665: INFO     Find genomic features closest the guides
2021-02-04 21:20:03,870: INFO     Select guides that start between +500 and -500 of a feature start
2021-02-04 21:20:03,936: INFO     Select description columns
2021-02-04 21:20:03,987: INFO     Format the output
2021-02-04 21:20:04,052: INFO     Number of Guides within a gene coordinates i.e. zero Feature distance: 3304
2021-02-04 21:20:04,146: INFO     creating random control guides
2021-02-04 21:20:04,238: INFO     Number of random control searched: 100
2021-02-04 21:20:04,238: INFO     Percentage of GC content in the input genome: 67.63
2021-02-04 21:20:04,238: INFO     Total length of the genome: 6.4 MB
2021-02-04 21:20:04,238: INFO     created 10 control guides with a minimum distance of 8 and a median distance of 8
2021-02-04 21:20:04,241: INFO     guidemaker completed, results are at TEST
2021-02-04 21:20:04,241: INFO     PAM sequence: NNAGAAW
2021-02-04 21:20:04,241: INFO     PAM orientation: 3prime
2021-02-04 21:20:04,242: INFO     Genome strand(s) searched: both
2021-02-04 21:20:04,242: INFO     Total PAM sites considered: 8607
2021-02-04 21:20:04,242: INFO     Guide RNA candidates found: 6330
	Command being timed: "guidemaker -i ../all_test_data/Burkholderia_thailandensis_E264_ATCC_700388_133.gbk --pamseq NNAGAAW --outdir TEST --pam_orientation 3prime --guidelength 20 --strand both --lcp 11 --dist 3 --before 500 --into 500 --knum 10 --controls 10 --log GM_63833350_9.log --threads 1"
	User time (seconds): 8.63
	System time (seconds): 1.53
	Percent of CPU this job got: 116%
	Elapsed (wall clock) time (h:mm:ss or m:ss): 0:08.76
	Average shared text size (kbytes): 0
	Average unshared data size (kbytes): 0
	Average stack size (kbytes): 0
	Average total size (kbytes): 0
	Maximum resident set size (kbytes): 137948
	Average resident set size (kbytes): 0
	Major (requiring I/O) page faults: 122
	Minor (reclaiming a frame) page faults: 175188
	Voluntary context switches: 4620
	Involuntary context switches: 85536
	Swaps: 0
	File system inputs: 331080
	File system outputs: 25752
	Socket messages sent: 0
	Socket messages received: 0
	Signals delivered: 0
	Page size (bytes): 4096
	Exit status: 0
My SLURM_ARRAY_TASK_ID:  9
My TMPDIR IS:  /scratch/local/63833350
Input Genome:>>>>>>>>>>>>>>>>>>>>>>>>>>>>>>>>>>>>>>>>>>>  Burkholderia_thailandensis_E264_ATCC_700388_133.gbk
Input PAM:>>>>>>>>>>>>>>>>>>>>>>>>>>>>>>>>>>>>>>>>>>>  NNAGAAW
Threads used:>>>>>>>>>>>>>>>>>>>>>>>>>>>>>>>>>>>>>>>>>>>  2
GuideMaker
Your CPU supports instructions that this binary was not compiled to use: SSE4.1 SSE4.2 AVX AVX2
For maximum performance, you can install NMSLIB from sources 
pip install --no-binary :all: nmslib
2021-02-04 21:20:05,498: INFO     Temp directory is: /scratch/local/63833350/guidemaker_w87zvc_s
2021-02-04 21:20:05,499: INFO     Writing fasta file from genbank file(s)
2021-02-04 21:20:05,499: INFO     check if ../all_test_data/Burkholderia_thailandensis_E264_ATCC_700388_133.gbk is gzipped
2021-02-04 21:20:06,231: INFO     Identifying PAM sites in the genome
2021-02-04 21:20:08,922: INFO     Checking guides for restriction enzymes
2021-02-04 21:20:08,924: INFO     Number of guides removed after checking for restriction enzymes: 0
2021-02-04 21:20:08,925: INFO     Identifing guides that are unique near the PAM site
2021-02-04 21:20:08,932: INFO     Number of guides removed after checking for unique PAM: 422
2021-02-04 21:20:08,932: INFO     Indexing all potential guide sites: 8607. This is the longest step.
2021-02-04 21:20:08,969: INFO     M                   = 16
2021-02-04 21:20:08,970: INFO     indexThreadQty      = 2
2021-02-04 21:20:08,970: INFO     efConstruction      = 10
2021-02-04 21:20:08,970: INFO     maxM			          = 16
2021-02-04 21:20:08,970: INFO     maxM0			          = 32
2021-02-04 21:20:08,970: INFO     mult                = 0.360674
2021-02-04 21:20:08,970: INFO     skip_optimized_index= 0
2021-02-04 21:20:08,970: INFO     delaunay_type       = 2
2021-02-04 21:20:08,970: INFO     Set HNSW query-time parameters:
2021-02-04 21:20:08,970: INFO     ef(Search)         =20
2021-02-04 21:20:08,970: INFO     algoType           =2

0%   10   20   30   40   50   60   70   80   90   100%
|----|----|----|----|----|----|----|----|----|----|
***************************************************

0%   10   20   30   40   50   60   70   80   90   100%
|----|----|----|----|----|----|----|----|----|----|
****************************************************2021-02-04 21:20:09,191: INFO     No appropriate custom distance function for Hamming (bit-storage) space
2021-02-04 21:20:09,191: INFO     searchMethod			  = 0
2021-02-04 21:20:09,192: INFO     Identifying guides that have a hamming distance <= 3 to all other potential guides
2021-02-04 21:20:09,203: INFO     Set HNSW query-time parameters:
2021-02-04 21:20:09,203: INFO     ef(Search)         =9
2021-02-04 21:20:09,203: INFO     algoType           =2
2021-02-04 21:20:09,548: INFO     Formatting data for BedTools
2021-02-04 21:20:09,564: INFO     Create GuideMaker Annotation object
2021-02-04 21:20:09,564: INFO     Identify genomic features
2021-02-04 21:20:09,565: INFO     check if ../all_test_data/Burkholderia_thailandensis_E264_ATCC_700388_133.gbk is gzipped
2021-02-04 21:20:10,340: INFO     Total number of CDS/locus in the input genome: 5633
2021-02-04 21:20:10,340: INFO     Find genomic features closest the guides
2021-02-04 21:20:10,542: INFO     Select guides that start between +500 and -500 of a feature start
2021-02-04 21:20:10,604: INFO     Select description columns
2021-02-04 21:20:10,653: INFO     Format the output
2021-02-04 21:20:10,714: INFO     Number of Guides within a gene coordinates i.e. zero Feature distance: 3305
2021-02-04 21:20:10,777: INFO     creating random control guides
2021-02-04 21:20:10,867: INFO     Number of random control searched: 100
2021-02-04 21:20:10,867: INFO     Percentage of GC content in the input genome: 67.63
2021-02-04 21:20:10,867: INFO     Total length of the genome: 6.4 MB
2021-02-04 21:20:10,867: INFO     created 10 control guides with a minimum distance of 8 and a median distance of 8
2021-02-04 21:20:10,870: INFO     guidemaker completed, results are at TEST
2021-02-04 21:20:10,870: INFO     PAM sequence: NNAGAAW
2021-02-04 21:20:10,870: INFO     PAM orientation: 3prime
2021-02-04 21:20:10,870: INFO     Genome strand(s) searched: both
2021-02-04 21:20:10,870: INFO     Total PAM sites considered: 8607
2021-02-04 21:20:10,870: INFO     Guide RNA candidates found: 6331
	Command being timed: "guidemaker -i ../all_test_data/Burkholderia_thailandensis_E264_ATCC_700388_133.gbk --pamseq NNAGAAW --outdir TEST --pam_orientation 3prime --guidelength 20 --strand both --lcp 11 --dist 3 --before 500 --into 500 --knum 10 --controls 10 --log GM_63833350_9.log --threads 2"
	User time (seconds): 7.07
	System time (seconds): 1.83
	Percent of CPU this job got: 134%
	Elapsed (wall clock) time (h:mm:ss or m:ss): 0:06.62
	Average shared text size (kbytes): 0
	Average unshared data size (kbytes): 0
	Average stack size (kbytes): 0
	Average total size (kbytes): 0
	Maximum resident set size (kbytes): 141420
	Average resident set size (kbytes): 0
	Major (requiring I/O) page faults: 0
	Minor (reclaiming a frame) page faults: 175072
	Voluntary context switches: 4616
	Involuntary context switches: 1324758
	Swaps: 0
	File system inputs: 0
	File system outputs: 25728
	Socket messages sent: 0
	Socket messages received: 0
	Signals delivered: 0
	Page size (bytes): 4096
	Exit status: 0
My SLURM_ARRAY_TASK_ID:  9
My TMPDIR IS:  /scratch/local/63833350
Input Genome:>>>>>>>>>>>>>>>>>>>>>>>>>>>>>>>>>>>>>>>>>>>  Burkholderia_thailandensis_E264_ATCC_700388_133.gbk
Input PAM:>>>>>>>>>>>>>>>>>>>>>>>>>>>>>>>>>>>>>>>>>>>  NNAGAAW
Threads used:>>>>>>>>>>>>>>>>>>>>>>>>>>>>>>>>>>>>>>>>>>>  4
GuideMaker
Your CPU supports instructions that this binary was not compiled to use: SSE4.1 SSE4.2 AVX AVX2
For maximum performance, you can install NMSLIB from sources 
pip install --no-binary :all: nmslib
2021-02-04 21:20:11,974: INFO     Temp directory is: /scratch/local/63833350/guidemaker_9la375kl
2021-02-04 21:20:11,975: INFO     Writing fasta file from genbank file(s)
2021-02-04 21:20:11,975: INFO     check if ../all_test_data/Burkholderia_thailandensis_E264_ATCC_700388_133.gbk is gzipped
2021-02-04 21:20:12,713: INFO     Identifying PAM sites in the genome
2021-02-04 21:20:15,614: INFO     Checking guides for restriction enzymes
2021-02-04 21:20:15,616: INFO     Number of guides removed after checking for restriction enzymes: 0
2021-02-04 21:20:15,616: INFO     Identifing guides that are unique near the PAM site
2021-02-04 21:20:15,624: INFO     Number of guides removed after checking for unique PAM: 422
2021-02-04 21:20:15,624: INFO     Indexing all potential guide sites: 8607. This is the longest step.
2021-02-04 21:20:15,660: INFO     M                   = 16
2021-02-04 21:20:15,660: INFO     indexThreadQty      = 4
2021-02-04 21:20:15,660: INFO     efConstruction      = 10
2021-02-04 21:20:15,660: INFO     maxM			          = 16
2021-02-04 21:20:15,660: INFO     maxM0			          = 32
2021-02-04 21:20:15,660: INFO     mult                = 0.360674
2021-02-04 21:20:15,660: INFO     skip_optimized_index= 0
2021-02-04 21:20:15,660: INFO     delaunay_type       = 2
2021-02-04 21:20:15,660: INFO     Set HNSW query-time parameters:
2021-02-04 21:20:15,660: INFO     ef(Search)         =20
2021-02-04 21:20:15,660: INFO     algoType           =2

0%   10   20   30   40   50   60   70   80   90   100%
|----|----|----|----|----|----|----|----|----|----|
***************************************************

0%   10   20   30   40   50   60   70   80   90   100%
|----|----|----|----|----|----|----|----|----|----|
****************************************************2021-02-04 21:20:15,782: INFO     No appropriate custom distance function for Hamming (bit-storage) space
2021-02-04 21:20:15,782: INFO     searchMethod			  = 0
2021-02-04 21:20:15,782: INFO     Identifying guides that have a hamming distance <= 3 to all other potential guides
2021-02-04 21:20:15,792: INFO     Set HNSW query-time parameters:
2021-02-04 21:20:15,792: INFO     ef(Search)         =9
2021-02-04 21:20:15,792: INFO     algoType           =2
2021-02-04 21:20:16,110: INFO     Formatting data for BedTools
2021-02-04 21:20:16,126: INFO     Create GuideMaker Annotation object
2021-02-04 21:20:16,126: INFO     Identify genomic features
2021-02-04 21:20:16,127: INFO     check if ../all_test_data/Burkholderia_thailandensis_E264_ATCC_700388_133.gbk is gzipped
2021-02-04 21:20:16,896: INFO     Total number of CDS/locus in the input genome: 5633
2021-02-04 21:20:16,896: INFO     Find genomic features closest the guides
2021-02-04 21:20:17,098: INFO     Select guides that start between +500 and -500 of a feature start
2021-02-04 21:20:17,160: INFO     Select description columns
2021-02-04 21:20:17,211: INFO     Format the output
2021-02-04 21:20:17,274: INFO     Number of Guides within a gene coordinates i.e. zero Feature distance: 3304
2021-02-04 21:20:17,337: INFO     creating random control guides
2021-02-04 21:20:17,427: INFO     Number of random control searched: 100
2021-02-04 21:20:17,427: INFO     Percentage of GC content in the input genome: 67.63
2021-02-04 21:20:17,427: INFO     Total length of the genome: 6.4 MB
2021-02-04 21:20:17,427: INFO     created 10 control guides with a minimum distance of 8 and a median distance of 8
2021-02-04 21:20:17,429: INFO     guidemaker completed, results are at TEST
2021-02-04 21:20:17,429: INFO     PAM sequence: NNAGAAW
2021-02-04 21:20:17,430: INFO     PAM orientation: 3prime
2021-02-04 21:20:17,430: INFO     Genome strand(s) searched: both
2021-02-04 21:20:17,430: INFO     Total PAM sites considered: 8607
2021-02-04 21:20:17,430: INFO     Guide RNA candidates found: 6330
	Command being timed: "guidemaker -i ../all_test_data/Burkholderia_thailandensis_E264_ATCC_700388_133.gbk --pamseq NNAGAAW --outdir TEST --pam_orientation 3prime --guidelength 20 --strand both --lcp 11 --dist 3 --before 500 --into 500 --knum 10 --controls 10 --log GM_63833350_9.log --threads 4"
	User time (seconds): 8.27
	System time (seconds): 1.91
	Percent of CPU this job got: 155%
	Elapsed (wall clock) time (h:mm:ss or m:ss): 0:06.55
	Average shared text size (kbytes): 0
	Average unshared data size (kbytes): 0
	Average stack size (kbytes): 0
	Average total size (kbytes): 0
	Maximum resident set size (kbytes): 141396
	Average resident set size (kbytes): 0
	Major (requiring I/O) page faults: 0
	Minor (reclaiming a frame) page faults: 175254
	Voluntary context switches: 5140
	Involuntary context switches: 72270
	Swaps: 0
	File system inputs: 0
	File system outputs: 25744
	Socket messages sent: 0
	Socket messages received: 0
	Signals delivered: 0
	Page size (bytes): 4096
	Exit status: 0
My SLURM_ARRAY_TASK_ID:  9
My TMPDIR IS:  /scratch/local/63833350
Input Genome:>>>>>>>>>>>>>>>>>>>>>>>>>>>>>>>>>>>>>>>>>>>  Burkholderia_thailandensis_E264_ATCC_700388_133.gbk
Input PAM:>>>>>>>>>>>>>>>>>>>>>>>>>>>>>>>>>>>>>>>>>>>  NNAGAAW
Threads used:>>>>>>>>>>>>>>>>>>>>>>>>>>>>>>>>>>>>>>>>>>>  8
GuideMaker
Your CPU supports instructions that this binary was not compiled to use: SSE4.1 SSE4.2 AVX AVX2
For maximum performance, you can install NMSLIB from sources 
pip install --no-binary :all: nmslib
2021-02-04 21:20:18,556: INFO     Temp directory is: /scratch/local/63833350/guidemaker_5txkjj0t
2021-02-04 21:20:18,556: INFO     Writing fasta file from genbank file(s)
2021-02-04 21:20:18,556: INFO     check if ../all_test_data/Burkholderia_thailandensis_E264_ATCC_700388_133.gbk is gzipped
2021-02-04 21:20:19,288: INFO     Identifying PAM sites in the genome
2021-02-04 21:20:22,047: INFO     Checking guides for restriction enzymes
2021-02-04 21:20:22,049: INFO     Number of guides removed after checking for restriction enzymes: 0
2021-02-04 21:20:22,049: INFO     Identifing guides that are unique near the PAM site
2021-02-04 21:20:22,057: INFO     Number of guides removed after checking for unique PAM: 422
2021-02-04 21:20:22,057: INFO     Indexing all potential guide sites: 8607. This is the longest step.
2021-02-04 21:20:22,093: INFO     M                   = 16
2021-02-04 21:20:22,093: INFO     indexThreadQty      = 8
2021-02-04 21:20:22,093: INFO     efConstruction      = 10
2021-02-04 21:20:22,093: INFO     maxM			          = 16
2021-02-04 21:20:22,093: INFO     maxM0			          = 32
2021-02-04 21:20:22,093: INFO     mult                = 0.360674
2021-02-04 21:20:22,093: INFO     skip_optimized_index= 0
2021-02-04 21:20:22,093: INFO     delaunay_type       = 2
2021-02-04 21:20:22,093: INFO     Set HNSW query-time parameters:
2021-02-04 21:20:22,093: INFO     ef(Search)         =20
2021-02-04 21:20:22,093: INFO     algoType           =2

0%   10   20   30   40   50   60   70   80   90   100%
|----|----|----|----|----|----|----|----|----|----|
***************************************************

0%   10   20   30   40   50   60   70   80   90   100%
|----|----|----|----|----|----|----|----|----|----|
****************************************************2021-02-04 21:20:22,167: INFO     No appropriate custom distance function for Hamming (bit-storage) space
2021-02-04 21:20:22,167: INFO     searchMethod			  = 0
2021-02-04 21:20:22,167: INFO     Identifying guides that have a hamming distance <= 3 to all other potential guides
2021-02-04 21:20:22,177: INFO     Set HNSW query-time parameters:
2021-02-04 21:20:22,177: INFO     ef(Search)         =9
2021-02-04 21:20:22,177: INFO     algoType           =2
2021-02-04 21:20:22,488: INFO     Formatting data for BedTools
2021-02-04 21:20:22,504: INFO     Create GuideMaker Annotation object
2021-02-04 21:20:22,504: INFO     Identify genomic features
2021-02-04 21:20:22,505: INFO     check if ../all_test_data/Burkholderia_thailandensis_E264_ATCC_700388_133.gbk is gzipped
2021-02-04 21:20:23,282: INFO     Total number of CDS/locus in the input genome: 5633
2021-02-04 21:20:23,282: INFO     Find genomic features closest the guides
2021-02-04 21:20:23,485: INFO     Select guides that start between +500 and -500 of a feature start
2021-02-04 21:20:23,547: INFO     Select description columns
2021-02-04 21:20:23,595: INFO     Format the output
2021-02-04 21:20:23,656: INFO     Number of Guides within a gene coordinates i.e. zero Feature distance: 3304
2021-02-04 21:20:23,719: INFO     creating random control guides
2021-02-04 21:20:23,808: INFO     Number of random control searched: 100
2021-02-04 21:20:23,808: INFO     Percentage of GC content in the input genome: 67.63
2021-02-04 21:20:23,808: INFO     Total length of the genome: 6.4 MB
2021-02-04 21:20:23,809: INFO     created 10 control guides with a minimum distance of 8 and a median distance of 8
2021-02-04 21:20:23,811: INFO     guidemaker completed, results are at TEST
2021-02-04 21:20:23,811: INFO     PAM sequence: NNAGAAW
2021-02-04 21:20:23,811: INFO     PAM orientation: 3prime
2021-02-04 21:20:23,811: INFO     Genome strand(s) searched: both
2021-02-04 21:20:23,811: INFO     Total PAM sites considered: 8607
2021-02-04 21:20:23,811: INFO     Guide RNA candidates found: 6330
	Command being timed: "guidemaker -i ../all_test_data/Burkholderia_thailandensis_E264_ATCC_700388_133.gbk --pamseq NNAGAAW --outdir TEST --pam_orientation 3prime --guidelength 20 --strand both --lcp 11 --dist 3 --before 500 --into 500 --knum 10 --controls 10 --log GM_63833350_9.log --threads 8"
	User time (seconds): 8.13
	System time (seconds): 1.89
	Percent of CPU this job got: 157%
	Elapsed (wall clock) time (h:mm:ss or m:ss): 0:06.37
	Average shared text size (kbytes): 0
	Average unshared data size (kbytes): 0
	Average stack size (kbytes): 0
	Average total size (kbytes): 0
	Maximum resident set size (kbytes): 141508
	Average resident set size (kbytes): 0
	Major (requiring I/O) page faults: 0
	Minor (reclaiming a frame) page faults: 175756
	Voluntary context switches: 8025
	Involuntary context switches: 144623
	Swaps: 0
	File system inputs: 0
	File system outputs: 25752
	Socket messages sent: 0
	Socket messages received: 0
	Signals delivered: 0
	Page size (bytes): 4096
	Exit status: 0
My SLURM_ARRAY_TASK_ID:  9
My TMPDIR IS:  /scratch/local/63833350
Input Genome:>>>>>>>>>>>>>>>>>>>>>>>>>>>>>>>>>>>>>>>>>>>  Burkholderia_thailandensis_E264_ATCC_700388_133.gbk
Input PAM:>>>>>>>>>>>>>>>>>>>>>>>>>>>>>>>>>>>>>>>>>>>  NNAGAAW
Threads used:>>>>>>>>>>>>>>>>>>>>>>>>>>>>>>>>>>>>>>>>>>>  16
GuideMaker
Your CPU supports instructions that this binary was not compiled to use: SSE4.1 SSE4.2 AVX AVX2
For maximum performance, you can install NMSLIB from sources 
pip install --no-binary :all: nmslib
2021-02-04 21:20:24,904: INFO     Temp directory is: /scratch/local/63833350/guidemaker_9rl8byo9
2021-02-04 21:20:24,904: INFO     Writing fasta file from genbank file(s)
2021-02-04 21:20:24,905: INFO     check if ../all_test_data/Burkholderia_thailandensis_E264_ATCC_700388_133.gbk is gzipped
2021-02-04 21:20:25,648: INFO     Identifying PAM sites in the genome
2021-02-04 21:20:28,343: INFO     Checking guides for restriction enzymes
2021-02-04 21:20:28,345: INFO     Number of guides removed after checking for restriction enzymes: 0
2021-02-04 21:20:28,345: INFO     Identifing guides that are unique near the PAM site
2021-02-04 21:20:28,353: INFO     Number of guides removed after checking for unique PAM: 422
2021-02-04 21:20:28,353: INFO     Indexing all potential guide sites: 8607. This is the longest step.
2021-02-04 21:20:28,392: INFO     M                   = 16
2021-02-04 21:20:28,393: INFO     indexThreadQty      = 16
2021-02-04 21:20:28,393: INFO     efConstruction      = 10
2021-02-04 21:20:28,393: INFO     maxM			          = 16
2021-02-04 21:20:28,393: INFO     maxM0			          = 32
2021-02-04 21:20:28,393: INFO     mult                = 0.360674
2021-02-04 21:20:28,393: INFO     skip_optimized_index= 0
2021-02-04 21:20:28,393: INFO     delaunay_type       = 2
2021-02-04 21:20:28,393: INFO     Set HNSW query-time parameters:
2021-02-04 21:20:28,393: INFO     ef(Search)         =20
2021-02-04 21:20:28,393: INFO     algoType           =2

0%   10   20   30   40   50   60   70   80   90   100%
|----|----|----|----|----|----|----|----|----|----|
***************************************************

0%   10   20   30   40   50   60   70   80   90   100%
|----|----|----|----|----|----|----|----|----|----|
*****************************************************2021-02-04 21:20:28,442: INFO     No appropriate custom distance function for Hamming (bit-storage) space
2021-02-04 21:20:28,442: INFO     searchMethod			  = 0
2021-02-04 21:20:28,442: INFO     Identifying guides that have a hamming distance <= 3 to all other potential guides
2021-02-04 21:20:28,453: INFO     Set HNSW query-time parameters:
2021-02-04 21:20:28,453: INFO     ef(Search)         =9
2021-02-04 21:20:28,453: INFO     algoType           =2
2021-02-04 21:20:28,783: INFO     Formatting data for BedTools
2021-02-04 21:20:28,800: INFO     Create GuideMaker Annotation object
2021-02-04 21:20:28,800: INFO     Identify genomic features
2021-02-04 21:20:28,801: INFO     check if ../all_test_data/Burkholderia_thailandensis_E264_ATCC_700388_133.gbk is gzipped
2021-02-04 21:20:29,585: INFO     Total number of CDS/locus in the input genome: 5633
2021-02-04 21:20:29,585: INFO     Find genomic features closest the guides
2021-02-04 21:20:29,784: INFO     Select guides that start between +500 and -500 of a feature start
2021-02-04 21:20:29,848: INFO     Select description columns
2021-02-04 21:20:29,898: INFO     Format the output
2021-02-04 21:20:29,962: INFO     Number of Guides within a gene coordinates i.e. zero Feature distance: 3304
2021-02-04 21:20:30,025: INFO     creating random control guides
2021-02-04 21:20:30,114: INFO     Number of random control searched: 100
2021-02-04 21:20:30,115: INFO     Percentage of GC content in the input genome: 67.63
2021-02-04 21:20:30,115: INFO     Total length of the genome: 6.4 MB
2021-02-04 21:20:30,115: INFO     created 10 control guides with a minimum distance of 8 and a median distance of 8
2021-02-04 21:20:30,117: INFO     guidemaker completed, results are at TEST
2021-02-04 21:20:30,117: INFO     PAM sequence: NNAGAAW
2021-02-04 21:20:30,117: INFO     PAM orientation: 3prime
2021-02-04 21:20:30,117: INFO     Genome strand(s) searched: both
2021-02-04 21:20:30,117: INFO     Total PAM sites considered: 8607
2021-02-04 21:20:30,117: INFO     Guide RNA candidates found: 6330
	Command being timed: "guidemaker -i ../all_test_data/Burkholderia_thailandensis_E264_ATCC_700388_133.gbk --pamseq NNAGAAW --outdir TEST --pam_orientation 3prime --guidelength 20 --strand both --lcp 11 --dist 3 --before 500 --into 500 --knum 10 --controls 10 --log GM_63833350_9.log --threads 16"
	User time (seconds): 8.41
	System time (seconds): 1.94
	Percent of CPU this job got: 164%
	Elapsed (wall clock) time (h:mm:ss or m:ss): 0:06.30
	Average shared text size (kbytes): 0
	Average unshared data size (kbytes): 0
	Average stack size (kbytes): 0
	Average total size (kbytes): 0
	Maximum resident set size (kbytes): 141576
	Average resident set size (kbytes): 0
	Major (requiring I/O) page faults: 0
	Minor (reclaiming a frame) page faults: 174940
	Voluntary context switches: 14269
	Involuntary context switches: 292
	Swaps: 0
	File system inputs: 0
	File system outputs: 25728
	Socket messages sent: 0
	Socket messages received: 0
	Signals delivered: 0
	Page size (bytes): 4096
	Exit status: 0
My SLURM_ARRAY_TASK_ID:  9
My TMPDIR IS:  /scratch/local/63833350
Input Genome:>>>>>>>>>>>>>>>>>>>>>>>>>>>>>>>>>>>>>>>>>>>  Burkholderia_thailandensis_E264_ATCC_700388_133.gbk
Input PAM:>>>>>>>>>>>>>>>>>>>>>>>>>>>>>>>>>>>>>>>>>>>  NNAGAAW
Threads used:>>>>>>>>>>>>>>>>>>>>>>>>>>>>>>>>>>>>>>>>>>>  32
GuideMaker
Your CPU supports instructions that this binary was not compiled to use: SSE4.1 SSE4.2 AVX AVX2
For maximum performance, you can install NMSLIB from sources 
pip install --no-binary :all: nmslib
2021-02-04 21:20:31,252: INFO     Temp directory is: /scratch/local/63833350/guidemaker_2z_0t6lr
2021-02-04 21:20:31,252: INFO     Writing fasta file from genbank file(s)
2021-02-04 21:20:31,252: INFO     check if ../all_test_data/Burkholderia_thailandensis_E264_ATCC_700388_133.gbk is gzipped
2021-02-04 21:20:31,993: INFO     Identifying PAM sites in the genome
2021-02-04 21:20:34,688: INFO     Checking guides for restriction enzymes
2021-02-04 21:20:34,690: INFO     Number of guides removed after checking for restriction enzymes: 0
2021-02-04 21:20:34,691: INFO     Identifing guides that are unique near the PAM site
2021-02-04 21:20:34,698: INFO     Number of guides removed after checking for unique PAM: 422
2021-02-04 21:20:34,698: INFO     Indexing all potential guide sites: 8607. This is the longest step.
2021-02-04 21:20:34,737: INFO     M                   = 16
2021-02-04 21:20:34,737: INFO     indexThreadQty      = 32
2021-02-04 21:20:34,737: INFO     efConstruction      = 10
2021-02-04 21:20:34,737: INFO     maxM			          = 16
2021-02-04 21:20:34,738: INFO     maxM0			          = 32
2021-02-04 21:20:34,738: INFO     mult                = 0.360674
2021-02-04 21:20:34,738: INFO     skip_optimized_index= 0
2021-02-04 21:20:34,738: INFO     delaunay_type       = 2
2021-02-04 21:20:34,738: INFO     Set HNSW query-time parameters:
2021-02-04 21:20:34,738: INFO     ef(Search)         =20
2021-02-04 21:20:34,738: INFO     algoType           =2

0%   10   20   30   40   50   60   70   80   90   100%
|----|----|----|----|----|----|----|----|----|----|
***************************************************

0%   10   20   30   40   50   60   70   80   90   100%
|----|----|----|----|----|----|----|----|----|----|
*******************************************************2021-02-04 21:20:34,778: INFO     No appropriate custom distance function for Hamming (bit-storage) space
2021-02-04 21:20:34,778: INFO     searchMethod			  = 0
2021-02-04 21:20:34,778: INFO     Identifying guides that have a hamming distance <= 3 to all other potential guides
2021-02-04 21:20:34,790: INFO     Set HNSW query-time parameters:
2021-02-04 21:20:34,790: INFO     ef(Search)         =9
2021-02-04 21:20:34,791: INFO     algoType           =2
2021-02-04 21:20:35,097: INFO     Formatting data for BedTools
2021-02-04 21:20:35,115: INFO     Create GuideMaker Annotation object
2021-02-04 21:20:35,115: INFO     Identify genomic features
2021-02-04 21:20:35,116: INFO     check if ../all_test_data/Burkholderia_thailandensis_E264_ATCC_700388_133.gbk is gzipped
2021-02-04 21:20:35,913: INFO     Total number of CDS/locus in the input genome: 5633
2021-02-04 21:20:35,914: INFO     Find genomic features closest the guides
2021-02-04 21:20:36,115: INFO     Select guides that start between +500 and -500 of a feature start
2021-02-04 21:20:36,177: INFO     Select description columns
2021-02-04 21:20:36,228: INFO     Format the output
2021-02-04 21:20:36,291: INFO     Number of Guides within a gene coordinates i.e. zero Feature distance: 3304
2021-02-04 21:20:36,358: INFO     creating random control guides
2021-02-04 21:20:36,448: INFO     Number of random control searched: 100
2021-02-04 21:20:36,448: INFO     Percentage of GC content in the input genome: 67.63
2021-02-04 21:20:36,448: INFO     Total length of the genome: 6.4 MB
2021-02-04 21:20:36,448: INFO     created 10 control guides with a minimum distance of 8 and a median distance of 8
2021-02-04 21:20:36,450: INFO     guidemaker completed, results are at TEST
2021-02-04 21:20:36,450: INFO     PAM sequence: NNAGAAW
2021-02-04 21:20:36,450: INFO     PAM orientation: 3prime
2021-02-04 21:20:36,450: INFO     Genome strand(s) searched: both
2021-02-04 21:20:36,451: INFO     Total PAM sites considered: 8607
2021-02-04 21:20:36,451: INFO     Guide RNA candidates found: 6330
	Command being timed: "guidemaker -i ../all_test_data/Burkholderia_thailandensis_E264_ATCC_700388_133.gbk --pamseq NNAGAAW --outdir TEST --pam_orientation 3prime --guidelength 20 --strand both --lcp 11 --dist 3 --before 500 --into 500 --knum 10 --controls 10 --log GM_63833350_9.log --threads 32"
	User time (seconds): 8.31
	System time (seconds): 2.21
	Percent of CPU this job got: 166%
	Elapsed (wall clock) time (h:mm:ss or m:ss): 0:06.32
	Average shared text size (kbytes): 0
	Average unshared data size (kbytes): 0
	Average stack size (kbytes): 0
	Average total size (kbytes): 0
	Maximum resident set size (kbytes): 141648
	Average resident set size (kbytes): 0
	Major (requiring I/O) page faults: 0
	Minor (reclaiming a frame) page faults: 174364
	Voluntary context switches: 26573
	Involuntary context switches: 148458
	Swaps: 0
	File system inputs: 0
	File system outputs: 25728
	Socket messages sent: 0
	Socket messages received: 0
	Signals delivered: 0
	Page size (bytes): 4096
	Exit status: 0
