Thu Feb  4 20:00:38 EST 2021
c27b-s26.ufhpc
/blue/garrett/rp3448/analysis/guidemaker/nonAVXGuidemaker

     active environment : NONAVX2
    active env location : /home/rp3448/.conda/envs/NONAVX2
            shell level : 3
       user config file : /home/rp3448/.condarc
 populated config files : /home/rp3448/.condarc
          conda version : 4.9.2
    conda-build version : not installed
         python version : 3.9.1.final.0
       virtual packages : __glibc=2.17=0
                          __unix=0=0
                          __archspec=1=x86_64
       base environment : /apps/conda/4.9.2  (read only)
           channel URLs : https://conda.anaconda.org/biobakery/linux-64
                          https://conda.anaconda.org/biobakery/noarch
                          https://conda.anaconda.org/conda-forge/linux-64
                          https://conda.anaconda.org/conda-forge/noarch
                          https://conda.anaconda.org/bioconda/linux-64
                          https://conda.anaconda.org/bioconda/noarch
                          https://repo.anaconda.com/pkgs/main/linux-64
                          https://repo.anaconda.com/pkgs/main/noarch
                          https://repo.anaconda.com/pkgs/r/linux-64
                          https://repo.anaconda.com/pkgs/r/noarch
          package cache : /apps/conda/4.9.2/pkgs
                          /home/rp3448/.conda/pkgs
       envs directories : /home/rp3448/.conda/envs
                          /apps/conda/4.9.2/envs
               platform : linux-64
             user-agent : conda/4.9.2 requests/2.25.1 CPython/3.9.1 Linux/3.10.0-1062.18.1.el7.x86_64 rhel/7.7 glibc/2.17
                UID:GID : 6472:3511
             netrc file : None
           offline mode : False

My SLURM_ARRAY_TASK_ID:  5
My TMPDIR IS:  /scratch/local/63831129
Input Genome:>>>>>>>>>>>>>>>>>>>>>>>>>>>>>>>>>>>>>>>>>>>  Aspergillus_fumigatus.gbk
Input PAM:>>>>>>>>>>>>>>>>>>>>>>>>>>>>>>>>>>>>>>>>>>>  NGRRT
Threads used:>>>>>>>>>>>>>>>>>>>>>>>>>>>>>>>>>>>>>>>>>>>  1
GuideMaker
Your CPU supports instructions that this binary was not compiled to use: SSE4.1 SSE4.2 AVX AVX2
For maximum performance, you can install NMSLIB from sources 
pip install --no-binary :all: nmslib
2021-02-04 20:00:43,411: INFO     Temp directory is: /scratch/local/63831129/guidemaker_ae_lzzul
2021-02-04 20:00:43,411: INFO     Writing fasta file from genbank file(s)
2021-02-04 20:00:43,412: INFO     check if ../all_test_data/Aspergillus_fumigatus.gbk is gzipped
2021-02-04 20:00:46,480: INFO     Identifying PAM sites in the genome
2021-02-04 20:01:16,754: INFO     Checking guides for restriction enzymes
2021-02-04 20:01:17,002: INFO     Number of guides removed after checking for restriction enzymes: 0
2021-02-04 20:01:17,002: INFO     Identifing guides that are unique near the PAM site
2021-02-04 20:01:18,906: INFO     Number of guides removed after checking for unique PAM: 228709
2021-02-04 20:01:18,906: INFO     Indexing all potential guide sites: 887427. This is the longest step.
2021-02-04 20:01:22,946: INFO     M                   = 16
2021-02-04 20:01:22,946: INFO     indexThreadQty      = 1
2021-02-04 20:01:22,946: INFO     efConstruction      = 10
2021-02-04 20:01:22,946: INFO     maxM			          = 16
2021-02-04 20:01:22,946: INFO     maxM0			          = 32
2021-02-04 20:01:22,946: INFO     mult                = 0.360674
2021-02-04 20:01:22,947: INFO     skip_optimized_index= 0
2021-02-04 20:01:22,947: INFO     delaunay_type       = 2
2021-02-04 20:01:22,947: INFO     Set HNSW query-time parameters:
2021-02-04 20:01:22,947: INFO     ef(Search)         =20
2021-02-04 20:01:22,947: INFO     algoType           =2

0%   10   20   30   40   50   60   70   80   90   100%
|----|----|----|----|----|----|----|----|----|----|
***************************************************

0%   10   20   30   40   50   60   70   80   90   100%
|----|----|----|----|----|----|----|----|----|----|
***************************************************
*2021-02-04 20:02:53,729: INFO     No appropriate custom distance function for Hamming (bit-storage) space
2021-02-04 20:02:53,729: INFO     searchMethod			  = 0
2021-02-04 20:02:53,801: INFO     Identifying guides that have a hamming distance <= 3 to all other potential guides
2021-02-04 20:02:54,830: INFO     Set HNSW query-time parameters:
2021-02-04 20:02:54,830: INFO     ef(Search)         =9
2021-02-04 20:02:54,830: INFO     algoType           =2
2021-02-04 20:04:02,295: INFO     Formatting data for BedTools
2021-02-04 20:04:03,574: INFO     Create GuideMaker Annotation object
2021-02-04 20:04:03,574: INFO     Identify genomic features
2021-02-04 20:04:03,574: INFO     check if ../all_test_data/Aspergillus_fumigatus.gbk is gzipped
2021-02-04 20:04:06,475: INFO     Total number of CDS/locus in the input genome: 9630
2021-02-04 20:04:06,475: INFO     Find genomic features closest the guides
2021-02-04 20:04:15,089: INFO     Select guides that start between +500 and -500 of a feature start
2021-02-04 20:04:15,685: INFO     Select description columns
2021-02-04 20:04:15,786: INFO     Format the output
2021-02-04 20:04:18,342: INFO     Number of Guides within a gene coordinates i.e. zero Feature distance: 109775
2021-02-04 20:04:20,423: INFO     creating random control guides
2021-02-04 20:04:20,793: INFO     Number of random control searched: 100
2021-02-04 20:04:20,793: INFO     Percentage of GC content in the input genome: 48.82
2021-02-04 20:04:20,793: INFO     Total length of the genome: 28.0 MB
2021-02-04 20:04:20,793: INFO     created 10 control guides with a minimum distance of 7 and a median distance of 8
2021-02-04 20:04:20,796: INFO     guidemaker completed, results are at TEST
2021-02-04 20:04:20,796: INFO     PAM sequence: NGRRT
2021-02-04 20:04:20,796: INFO     PAM orientation: 3prime
2021-02-04 20:04:20,796: INFO     Genome strand(s) searched: both
2021-02-04 20:04:20,796: INFO     Total PAM sites considered: 887427
2021-02-04 20:04:20,796: INFO     Guide RNA candidates found: 220143
	Command being timed: "guidemaker -i ../all_test_data/Aspergillus_fumigatus.gbk --pamseq NGRRT --outdir TEST --pam_orientation 3prime --guidelength 20 --strand both --lcp 11 --dist 3 --before 500 --into 500 --knum 10 --controls 10 --log GM_63831129_5.log --threads 1"
	User time (seconds): 217.73
	System time (seconds): 5.47
	Percent of CPU this job got: 101%
	Elapsed (wall clock) time (h:mm:ss or m:ss): 3:40.68
	Average shared text size (kbytes): 0
	Average unshared data size (kbytes): 0
	Average stack size (kbytes): 0
	Average total size (kbytes): 0
	Maximum resident set size (kbytes): 2782164
	Average resident set size (kbytes): 0
	Major (requiring I/O) page faults: 0
	Minor (reclaiming a frame) page faults: 2911738
	Voluntary context switches: 3011
	Involuntary context switches: 581246
	Swaps: 0
	File system inputs: 16
	File system outputs: 706600
	Socket messages sent: 0
	Socket messages received: 0
	Signals delivered: 0
	Page size (bytes): 4096
	Exit status: 0
My SLURM_ARRAY_TASK_ID:  5
My TMPDIR IS:  /scratch/local/63831129
Input Genome:>>>>>>>>>>>>>>>>>>>>>>>>>>>>>>>>>>>>>>>>>>>  Aspergillus_fumigatus.gbk
Input PAM:>>>>>>>>>>>>>>>>>>>>>>>>>>>>>>>>>>>>>>>>>>>  NGRRT
Threads used:>>>>>>>>>>>>>>>>>>>>>>>>>>>>>>>>>>>>>>>>>>>  2
GuideMaker
Your CPU supports instructions that this binary was not compiled to use: SSE4.1 SSE4.2 AVX AVX2
For maximum performance, you can install NMSLIB from sources 
pip install --no-binary :all: nmslib
2021-02-04 20:04:24,125: INFO     Temp directory is: /scratch/local/63831129/guidemaker_1ayk4kp1
2021-02-04 20:04:24,125: INFO     Writing fasta file from genbank file(s)
2021-02-04 20:04:24,125: INFO     check if ../all_test_data/Aspergillus_fumigatus.gbk is gzipped
2021-02-04 20:04:27,262: INFO     Identifying PAM sites in the genome
2021-02-04 20:04:58,210: INFO     Checking guides for restriction enzymes
2021-02-04 20:04:58,458: INFO     Number of guides removed after checking for restriction enzymes: 0
2021-02-04 20:04:58,458: INFO     Identifing guides that are unique near the PAM site
2021-02-04 20:05:00,405: INFO     Number of guides removed after checking for unique PAM: 228709
2021-02-04 20:05:00,406: INFO     Indexing all potential guide sites: 887427. This is the longest step.
2021-02-04 20:05:04,204: INFO     M                   = 16
2021-02-04 20:05:04,204: INFO     indexThreadQty      = 2
2021-02-04 20:05:04,204: INFO     efConstruction      = 10
2021-02-04 20:05:04,205: INFO     maxM			          = 16
2021-02-04 20:05:04,205: INFO     maxM0			          = 32
2021-02-04 20:05:04,205: INFO     mult                = 0.360674
2021-02-04 20:05:04,205: INFO     skip_optimized_index= 0
2021-02-04 20:05:04,205: INFO     delaunay_type       = 2
2021-02-04 20:05:04,205: INFO     Set HNSW query-time parameters:
2021-02-04 20:05:04,205: INFO     ef(Search)         =20
2021-02-04 20:05:04,205: INFO     algoType           =2

0%   10   20   30   40   50   60   70   80   90   100%
|----|----|----|----|----|----|----|----|----|----|
***************************************************

0%   10   20   30   40   50   60   70   80   90   100%
|----|----|----|----|----|----|----|----|----|----|
****************************************************2021-02-04 20:06:01,848: INFO     No appropriate custom distance function for Hamming (bit-storage) space
2021-02-04 20:06:01,849: INFO     searchMethod			  = 0
2021-02-04 20:06:01,927: INFO     Identifying guides that have a hamming distance <= 3 to all other potential guides
2021-02-04 20:06:02,938: INFO     Set HNSW query-time parameters:
2021-02-04 20:06:02,938: INFO     ef(Search)         =9
2021-02-04 20:06:02,938: INFO     algoType           =2
2021-02-04 20:06:59,111: INFO     Formatting data for BedTools
2021-02-04 20:07:00,406: INFO     Create GuideMaker Annotation object
2021-02-04 20:07:00,406: INFO     Identify genomic features
2021-02-04 20:07:00,407: INFO     check if ../all_test_data/Aspergillus_fumigatus.gbk is gzipped
2021-02-04 20:07:03,338: INFO     Total number of CDS/locus in the input genome: 9630
2021-02-04 20:07:03,338: INFO     Find genomic features closest the guides
2021-02-04 20:07:12,237: INFO     Select guides that start between +500 and -500 of a feature start
2021-02-04 20:07:12,938: INFO     Select description columns
2021-02-04 20:07:13,041: INFO     Format the output
2021-02-04 20:07:15,628: INFO     Number of Guides within a gene coordinates i.e. zero Feature distance: 109768
2021-02-04 20:07:17,741: INFO     creating random control guides
2021-02-04 20:07:18,186: INFO     Number of random control searched: 100
2021-02-04 20:07:18,186: INFO     Percentage of GC content in the input genome: 48.82
2021-02-04 20:07:18,186: INFO     Total length of the genome: 28.0 MB
2021-02-04 20:07:18,186: INFO     created 10 control guides with a minimum distance of 7 and a median distance of 7
2021-02-04 20:07:18,189: INFO     guidemaker completed, results are at TEST
2021-02-04 20:07:18,189: INFO     PAM sequence: NGRRT
2021-02-04 20:07:18,189: INFO     PAM orientation: 3prime
2021-02-04 20:07:18,190: INFO     Genome strand(s) searched: both
2021-02-04 20:07:18,190: INFO     Total PAM sites considered: 887427
2021-02-04 20:07:18,190: INFO     Guide RNA candidates found: 220154
	Command being timed: "guidemaker -i ../all_test_data/Aspergillus_fumigatus.gbk --pamseq NGRRT --outdir TEST --pam_orientation 3prime --guidelength 20 --strand both --lcp 11 --dist 3 --before 500 --into 500 --knum 10 --controls 10 --log GM_63831129_5.log --threads 2"
	User time (seconds): 246.21
	System time (seconds): 14.57
	Percent of CPU this job got: 146%
	Elapsed (wall clock) time (h:mm:ss or m:ss): 2:57.59
	Average shared text size (kbytes): 0
	Average unshared data size (kbytes): 0
	Average stack size (kbytes): 0
	Average total size (kbytes): 0
	Maximum resident set size (kbytes): 3197756
	Average resident set size (kbytes): 0
	Major (requiring I/O) page faults: 0
	Minor (reclaiming a frame) page faults: 7666789
	Voluntary context switches: 58842
	Involuntary context switches: 675
	Swaps: 0
	File system inputs: 0
	File system outputs: 706536
	Socket messages sent: 0
	Socket messages received: 0
	Signals delivered: 0
	Page size (bytes): 4096
	Exit status: 0
My SLURM_ARRAY_TASK_ID:  5
My TMPDIR IS:  /scratch/local/63831129
Input Genome:>>>>>>>>>>>>>>>>>>>>>>>>>>>>>>>>>>>>>>>>>>>  Aspergillus_fumigatus.gbk
Input PAM:>>>>>>>>>>>>>>>>>>>>>>>>>>>>>>>>>>>>>>>>>>>  NGRRT
Threads used:>>>>>>>>>>>>>>>>>>>>>>>>>>>>>>>>>>>>>>>>>>>  4
GuideMaker
Your CPU supports instructions that this binary was not compiled to use: SSE4.1 SSE4.2 AVX AVX2
For maximum performance, you can install NMSLIB from sources 
pip install --no-binary :all: nmslib
2021-02-04 20:07:21,725: INFO     Temp directory is: /scratch/local/63831129/guidemaker_eg912xes
2021-02-04 20:07:21,725: INFO     Writing fasta file from genbank file(s)
2021-02-04 20:07:21,725: INFO     check if ../all_test_data/Aspergillus_fumigatus.gbk is gzipped
2021-02-04 20:07:24,771: INFO     Identifying PAM sites in the genome
2021-02-04 20:07:54,734: INFO     Checking guides for restriction enzymes
2021-02-04 20:07:54,979: INFO     Number of guides removed after checking for restriction enzymes: 0
2021-02-04 20:07:54,979: INFO     Identifing guides that are unique near the PAM site
2021-02-04 20:07:56,872: INFO     Number of guides removed after checking for unique PAM: 228709
2021-02-04 20:07:56,873: INFO     Indexing all potential guide sites: 887427. This is the longest step.
2021-02-04 20:08:00,675: INFO     M                   = 16
2021-02-04 20:08:00,675: INFO     indexThreadQty      = 4
2021-02-04 20:08:00,675: INFO     efConstruction      = 10
2021-02-04 20:08:00,675: INFO     maxM			          = 16
2021-02-04 20:08:00,675: INFO     maxM0			          = 32
2021-02-04 20:08:00,675: INFO     mult                = 0.360674
2021-02-04 20:08:00,675: INFO     skip_optimized_index= 0
2021-02-04 20:08:00,675: INFO     delaunay_type       = 2
2021-02-04 20:08:00,675: INFO     Set HNSW query-time parameters:
2021-02-04 20:08:00,675: INFO     ef(Search)         =20
2021-02-04 20:08:00,675: INFO     algoType           =2

0%   10   20   30   40   50   60   70   80   90   100%
|----|----|----|----|----|----|----|----|----|----|
***************************************************

0%   10   20   30   40   50   60   70   80   90   100%
|----|----|----|----|----|----|----|----|----|----|
****************************************************2021-02-04 20:08:30,904: INFO     No appropriate custom distance function for Hamming (bit-storage) space
2021-02-04 20:08:30,905: INFO     searchMethod			  = 0
2021-02-04 20:08:30,984: INFO     Identifying guides that have a hamming distance <= 3 to all other potential guides
2021-02-04 20:08:32,050: INFO     Set HNSW query-time parameters:
2021-02-04 20:08:32,051: INFO     ef(Search)         =9
2021-02-04 20:08:32,051: INFO     algoType           =2
2021-02-04 20:09:17,048: INFO     Formatting data for BedTools
2021-02-04 20:09:18,339: INFO     Create GuideMaker Annotation object
2021-02-04 20:09:18,339: INFO     Identify genomic features
2021-02-04 20:09:18,340: INFO     check if ../all_test_data/Aspergillus_fumigatus.gbk is gzipped
2021-02-04 20:09:21,230: INFO     Total number of CDS/locus in the input genome: 9630
2021-02-04 20:09:21,230: INFO     Find genomic features closest the guides
2021-02-04 20:09:30,115: INFO     Select guides that start between +500 and -500 of a feature start
2021-02-04 20:09:30,707: INFO     Select description columns
2021-02-04 20:09:30,809: INFO     Format the output
2021-02-04 20:09:33,351: INFO     Number of Guides within a gene coordinates i.e. zero Feature distance: 109780
2021-02-04 20:09:35,425: INFO     creating random control guides
2021-02-04 20:09:35,833: INFO     Number of random control searched: 100
2021-02-04 20:09:35,833: INFO     Percentage of GC content in the input genome: 48.82
2021-02-04 20:09:35,833: INFO     Total length of the genome: 28.0 MB
2021-02-04 20:09:35,833: INFO     created 10 control guides with a minimum distance of 7 and a median distance of 8
2021-02-04 20:09:35,835: INFO     guidemaker completed, results are at TEST
2021-02-04 20:09:35,835: INFO     PAM sequence: NGRRT
2021-02-04 20:09:35,835: INFO     PAM orientation: 3prime
2021-02-04 20:09:35,835: INFO     Genome strand(s) searched: both
2021-02-04 20:09:35,835: INFO     Total PAM sites considered: 887427
2021-02-04 20:09:35,836: INFO     Guide RNA candidates found: 220154
	Command being timed: "guidemaker -i ../all_test_data/Aspergillus_fumigatus.gbk --pamseq NGRRT --outdir TEST --pam_orientation 3prime --guidelength 20 --strand both --lcp 11 --dist 3 --before 500 --into 500 --knum 10 --controls 10 --log GM_63831129_5.log --threads 4"
	User time (seconds): 250.72
	System time (seconds): 12.51
	Percent of CPU this job got: 191%
	Elapsed (wall clock) time (h:mm:ss or m:ss): 2:17.62
	Average shared text size (kbytes): 0
	Average unshared data size (kbytes): 0
	Average stack size (kbytes): 0
	Average total size (kbytes): 0
	Maximum resident set size (kbytes): 3210208
	Average resident set size (kbytes): 0
	Major (requiring I/O) page faults: 0
	Minor (reclaiming a frame) page faults: 5978306
	Voluntary context switches: 131528
	Involuntary context switches: 144089
	Swaps: 0
	File system inputs: 0
	File system outputs: 706496
	Socket messages sent: 0
	Socket messages received: 0
	Signals delivered: 0
	Page size (bytes): 4096
	Exit status: 0
My SLURM_ARRAY_TASK_ID:  5
My TMPDIR IS:  /scratch/local/63831129
Input Genome:>>>>>>>>>>>>>>>>>>>>>>>>>>>>>>>>>>>>>>>>>>>  Aspergillus_fumigatus.gbk
Input PAM:>>>>>>>>>>>>>>>>>>>>>>>>>>>>>>>>>>>>>>>>>>>  NGRRT
Threads used:>>>>>>>>>>>>>>>>>>>>>>>>>>>>>>>>>>>>>>>>>>>  8
GuideMaker
Your CPU supports instructions that this binary was not compiled to use: SSE4.1 SSE4.2 AVX AVX2
For maximum performance, you can install NMSLIB from sources 
pip install --no-binary :all: nmslib
2021-02-04 20:09:39,357: INFO     Temp directory is: /scratch/local/63831129/guidemaker_guzmh9vu
2021-02-04 20:09:39,357: INFO     Writing fasta file from genbank file(s)
2021-02-04 20:09:39,357: INFO     check if ../all_test_data/Aspergillus_fumigatus.gbk is gzipped
2021-02-04 20:09:42,576: INFO     Identifying PAM sites in the genome
2021-02-04 20:10:13,651: INFO     Checking guides for restriction enzymes
2021-02-04 20:10:13,899: INFO     Number of guides removed after checking for restriction enzymes: 0
2021-02-04 20:10:13,900: INFO     Identifing guides that are unique near the PAM site
2021-02-04 20:10:15,855: INFO     Number of guides removed after checking for unique PAM: 228709
2021-02-04 20:10:15,856: INFO     Indexing all potential guide sites: 887427. This is the longest step.
2021-02-04 20:10:19,586: INFO     M                   = 16
2021-02-04 20:10:19,586: INFO     indexThreadQty      = 8
2021-02-04 20:10:19,587: INFO     efConstruction      = 10
2021-02-04 20:10:19,587: INFO     maxM			          = 16
2021-02-04 20:10:19,587: INFO     maxM0			          = 32
2021-02-04 20:10:19,587: INFO     mult                = 0.360674
2021-02-04 20:10:19,587: INFO     skip_optimized_index= 0
2021-02-04 20:10:19,587: INFO     delaunay_type       = 2
2021-02-04 20:10:19,587: INFO     Set HNSW query-time parameters:
2021-02-04 20:10:19,587: INFO     ef(Search)         =20
2021-02-04 20:10:19,587: INFO     algoType           =2

0%   10   20   30   40   50   60   70   80   90   100%
|----|----|----|----|----|----|----|----|----|----|
***************************************************

0%   10   20   30   40   50   60   70   80   90   100%
|----|----|----|----|----|----|----|----|----|----|
*******************************************************



2021-02-04 20:10:35,244: INFO     No appropriate custom distance function for Hamming (bit-storage) space
2021-02-04 20:10:35,245: INFO     searchMethod			  = 0
2021-02-04 20:10:35,318: INFO     Identifying guides that have a hamming distance <= 3 to all other potential guides
2021-02-04 20:10:36,219: INFO     Set HNSW query-time parameters:
2021-02-04 20:10:36,219: INFO     ef(Search)         =9
2021-02-04 20:10:36,219: INFO     algoType           =2
2021-02-04 20:11:14,251: INFO     Formatting data for BedTools
2021-02-04 20:11:15,538: INFO     Create GuideMaker Annotation object
2021-02-04 20:11:15,538: INFO     Identify genomic features
2021-02-04 20:11:15,539: INFO     check if ../all_test_data/Aspergillus_fumigatus.gbk is gzipped
2021-02-04 20:11:18,462: INFO     Total number of CDS/locus in the input genome: 9630
2021-02-04 20:11:18,462: INFO     Find genomic features closest the guides
2021-02-04 20:11:27,634: INFO     Select guides that start between +500 and -500 of a feature start
2021-02-04 20:11:28,252: INFO     Select description columns
2021-02-04 20:11:28,363: INFO     Format the output
2021-02-04 20:11:31,408: INFO     Number of Guides within a gene coordinates i.e. zero Feature distance: 109743
2021-02-04 20:11:33,595: INFO     creating random control guides
2021-02-04 20:11:33,986: INFO     Number of random control searched: 100
2021-02-04 20:11:33,986: INFO     Percentage of GC content in the input genome: 48.82
2021-02-04 20:11:33,987: INFO     Total length of the genome: 28.0 MB
2021-02-04 20:11:33,987: INFO     created 10 control guides with a minimum distance of 7 and a median distance of 7
2021-02-04 20:11:33,989: INFO     guidemaker completed, results are at TEST
2021-02-04 20:11:33,989: INFO     PAM sequence: NGRRT
2021-02-04 20:11:33,989: INFO     PAM orientation: 3prime
2021-02-04 20:11:33,990: INFO     Genome strand(s) searched: both
2021-02-04 20:11:33,990: INFO     Total PAM sites considered: 887427
2021-02-04 20:11:33,990: INFO     Guide RNA candidates found: 220122
	Command being timed: "guidemaker -i ../all_test_data/Aspergillus_fumigatus.gbk --pamseq NGRRT --outdir TEST --pam_orientation 3prime --guidelength 20 --strand both --lcp 11 --dist 3 --before 500 --into 500 --knum 10 --controls 10 --log GM_63831129_5.log --threads 8"
	User time (seconds): 256.08
	System time (seconds): 11.90
	Percent of CPU this job got: 226%
	Elapsed (wall clock) time (h:mm:ss or m:ss): 1:58.57
	Average shared text size (kbytes): 0
	Average unshared data size (kbytes): 0
	Average stack size (kbytes): 0
	Average total size (kbytes): 0
	Maximum resident set size (kbytes): 3223648
	Average resident set size (kbytes): 0
	Major (requiring I/O) page faults: 0
	Minor (reclaiming a frame) page faults: 4632200
	Voluntary context switches: 240074
	Involuntary context switches: 145850
	Swaps: 0
	File system inputs: 0
	File system outputs: 706368
	Socket messages sent: 0
	Socket messages received: 0
	Signals delivered: 0
	Page size (bytes): 4096
	Exit status: 0
My SLURM_ARRAY_TASK_ID:  5
My TMPDIR IS:  /scratch/local/63831129
Input Genome:>>>>>>>>>>>>>>>>>>>>>>>>>>>>>>>>>>>>>>>>>>>  Aspergillus_fumigatus.gbk
Input PAM:>>>>>>>>>>>>>>>>>>>>>>>>>>>>>>>>>>>>>>>>>>>  NGRRT
Threads used:>>>>>>>>>>>>>>>>>>>>>>>>>>>>>>>>>>>>>>>>>>>  16
GuideMaker
Your CPU supports instructions that this binary was not compiled to use: SSE4.1 SSE4.2 AVX AVX2
For maximum performance, you can install NMSLIB from sources 
pip install --no-binary :all: nmslib
2021-02-04 20:11:37,937: INFO     Temp directory is: /scratch/local/63831129/guidemaker_7jnryqln
2021-02-04 20:11:37,937: INFO     Writing fasta file from genbank file(s)
2021-02-04 20:11:37,938: INFO     check if ../all_test_data/Aspergillus_fumigatus.gbk is gzipped
2021-02-04 20:11:41,064: INFO     Identifying PAM sites in the genome
2021-02-04 20:12:12,299: INFO     Checking guides for restriction enzymes
2021-02-04 20:12:12,569: INFO     Number of guides removed after checking for restriction enzymes: 0
2021-02-04 20:12:12,569: INFO     Identifing guides that are unique near the PAM site
2021-02-04 20:12:14,711: INFO     Number of guides removed after checking for unique PAM: 228709
2021-02-04 20:12:14,712: INFO     Indexing all potential guide sites: 887427. This is the longest step.
2021-02-04 20:12:19,016: INFO     M                   = 16
2021-02-04 20:12:19,016: INFO     indexThreadQty      = 16
2021-02-04 20:12:19,016: INFO     efConstruction      = 10
2021-02-04 20:12:19,017: INFO     maxM			          = 16
2021-02-04 20:12:19,017: INFO     maxM0			          = 32
2021-02-04 20:12:19,017: INFO     mult                = 0.360674
2021-02-04 20:12:19,017: INFO     skip_optimized_index= 0
2021-02-04 20:12:19,017: INFO     delaunay_type       = 2
2021-02-04 20:12:19,017: INFO     Set HNSW query-time parameters:
2021-02-04 20:12:19,017: INFO     ef(Search)         =20
2021-02-04 20:12:19,017: INFO     algoType           =2

0%   10   20   30   40   50   60   70   80   90   100%
|----|----|----|----|----|----|----|----|----|----|
***************************************************

0%   10   20   30   40   50   60   70   80   90   100%
|----|----|----|----|----|----|----|----|----|----|
****************************************************2021-02-04 20:12:28,064: INFO     No appropriate custom distance function for Hamming (bit-storage) space
2021-02-04 20:12:28,065: INFO     searchMethod			  = 0
2021-02-04 20:12:28,138: INFO     Identifying guides that have a hamming distance <= 3 to all other potential guides
2021-02-04 20:12:29,038: INFO     Set HNSW query-time parameters:
2021-02-04 20:12:29,038: INFO     ef(Search)         =9
2021-02-04 20:12:29,038: INFO     algoType           =2
2021-02-04 20:13:06,590: INFO     Formatting data for BedTools
2021-02-04 20:13:07,881: INFO     Create GuideMaker Annotation object
2021-02-04 20:13:07,882: INFO     Identify genomic features
2021-02-04 20:13:07,882: INFO     check if ../all_test_data/Aspergillus_fumigatus.gbk is gzipped
2021-02-04 20:13:10,810: INFO     Total number of CDS/locus in the input genome: 9630
2021-02-04 20:13:10,811: INFO     Find genomic features closest the guides
2021-02-04 20:13:20,034: INFO     Select guides that start between +500 and -500 of a feature start
2021-02-04 20:13:20,638: INFO     Select description columns
2021-02-04 20:13:20,743: INFO     Format the output
2021-02-04 20:13:23,329: INFO     Number of Guides within a gene coordinates i.e. zero Feature distance: 109775
2021-02-04 20:13:25,531: INFO     creating random control guides
2021-02-04 20:13:25,907: INFO     Number of random control searched: 100
2021-02-04 20:13:25,907: INFO     Percentage of GC content in the input genome: 48.82
2021-02-04 20:13:25,907: INFO     Total length of the genome: 28.0 MB
2021-02-04 20:13:25,907: INFO     created 10 control guides with a minimum distance of 7 and a median distance of 7
2021-02-04 20:13:25,910: INFO     guidemaker completed, results are at TEST
2021-02-04 20:13:25,910: INFO     PAM sequence: NGRRT
2021-02-04 20:13:25,910: INFO     PAM orientation: 3prime
2021-02-04 20:13:25,910: INFO     Genome strand(s) searched: both
2021-02-04 20:13:25,910: INFO     Total PAM sites considered: 887427
2021-02-04 20:13:25,910: INFO     Guide RNA candidates found: 220157
	Command being timed: "guidemaker -i ../all_test_data/Aspergillus_fumigatus.gbk --pamseq NGRRT --outdir TEST --pam_orientation 3prime --guidelength 20 --strand both --lcp 11 --dist 3 --before 500 --into 500 --knum 10 --controls 10 --log GM_63831129_5.log --threads 16"
	User time (seconds): 274.94
	System time (seconds): 14.50
	Percent of CPU this job got: 259%
	Elapsed (wall clock) time (h:mm:ss or m:ss): 1:51.57
	Average shared text size (kbytes): 0
	Average unshared data size (kbytes): 0
	Average stack size (kbytes): 0
	Average total size (kbytes): 0
	Maximum resident set size (kbytes): 3231184
	Average resident set size (kbytes): 0
	Major (requiring I/O) page faults: 0
	Minor (reclaiming a frame) page faults: 3898641
	Voluntary context switches: 511812
	Involuntary context switches: 145137
	Swaps: 0
	File system inputs: 0
	File system outputs: 706520
	Socket messages sent: 0
	Socket messages received: 0
	Signals delivered: 0
	Page size (bytes): 4096
	Exit status: 0
My SLURM_ARRAY_TASK_ID:  5
My TMPDIR IS:  /scratch/local/63831129
Input Genome:>>>>>>>>>>>>>>>>>>>>>>>>>>>>>>>>>>>>>>>>>>>  Aspergillus_fumigatus.gbk
Input PAM:>>>>>>>>>>>>>>>>>>>>>>>>>>>>>>>>>>>>>>>>>>>  NGRRT
Threads used:>>>>>>>>>>>>>>>>>>>>>>>>>>>>>>>>>>>>>>>>>>>  32
GuideMaker
Your CPU supports instructions that this binary was not compiled to use: SSE4.1 SSE4.2 AVX AVX2
For maximum performance, you can install NMSLIB from sources 
pip install --no-binary :all: nmslib
2021-02-04 20:13:29,489: INFO     Temp directory is: /scratch/local/63831129/guidemaker_m3b2_l_r
2021-02-04 20:13:29,489: INFO     Writing fasta file from genbank file(s)
2021-02-04 20:13:29,490: INFO     check if ../all_test_data/Aspergillus_fumigatus.gbk is gzipped
2021-02-04 20:13:32,589: INFO     Identifying PAM sites in the genome
2021-02-04 20:14:02,823: INFO     Checking guides for restriction enzymes
2021-02-04 20:14:03,086: INFO     Number of guides removed after checking for restriction enzymes: 0
2021-02-04 20:14:03,086: INFO     Identifing guides that are unique near the PAM site
2021-02-04 20:14:05,005: INFO     Number of guides removed after checking for unique PAM: 228709
2021-02-04 20:14:05,005: INFO     Indexing all potential guide sites: 887427. This is the longest step.
2021-02-04 20:14:08,755: INFO     M                   = 16
2021-02-04 20:14:08,755: INFO     indexThreadQty      = 32
2021-02-04 20:14:08,755: INFO     efConstruction      = 10
2021-02-04 20:14:08,755: INFO     maxM			          = 16
2021-02-04 20:14:08,755: INFO     maxM0			          = 32
2021-02-04 20:14:08,756: INFO     mult                = 0.360674
2021-02-04 20:14:08,756: INFO     skip_optimized_index= 0
2021-02-04 20:14:08,756: INFO     delaunay_type       = 2
2021-02-04 20:14:08,756: INFO     Set HNSW query-time parameters:
2021-02-04 20:14:08,756: INFO     ef(Search)         =20
2021-02-04 20:14:08,756: INFO     algoType           =2

0%   10   20   30   40   50   60   70   80   90   100%
|----|----|----|----|----|----|----|----|----|----|
***************************************************

0%   10   20   30   40   50   60   70   80   90   100%
|----|----|----|----|----|----|----|----|----|----|
**********************************************************
2021-02-04 20:14:14,376: INFO     No appropriate custom distance function for Hamming (bit-storage) space
2021-02-04 20:14:14,376: INFO     searchMethod			  = 0
2021-02-04 20:14:14,449: INFO     Identifying guides that have a hamming distance <= 3 to all other potential guides
2021-02-04 20:14:15,344: INFO     Set HNSW query-time parameters:
2021-02-04 20:14:15,344: INFO     ef(Search)         =9
2021-02-04 20:14:15,344: INFO     algoType           =2
2021-02-04 20:14:50,583: INFO     Formatting data for BedTools
2021-02-04 20:14:51,944: INFO     Create GuideMaker Annotation object
2021-02-04 20:14:51,944: INFO     Identify genomic features
2021-02-04 20:14:51,945: INFO     check if ../all_test_data/Aspergillus_fumigatus.gbk is gzipped
2021-02-04 20:14:54,916: INFO     Total number of CDS/locus in the input genome: 9630
2021-02-04 20:14:54,916: INFO     Find genomic features closest the guides
2021-02-04 20:15:03,775: INFO     Select guides that start between +500 and -500 of a feature start
2021-02-04 20:15:04,366: INFO     Select description columns
2021-02-04 20:15:04,466: INFO     Format the output
2021-02-04 20:15:06,972: INFO     Number of Guides within a gene coordinates i.e. zero Feature distance: 109775
2021-02-04 20:15:09,228: INFO     creating random control guides
2021-02-04 20:15:09,682: INFO     Number of random control searched: 100
2021-02-04 20:15:09,682: INFO     Percentage of GC content in the input genome: 48.82
2021-02-04 20:15:09,682: INFO     Total length of the genome: 28.0 MB
2021-02-04 20:15:09,682: INFO     created 10 control guides with a minimum distance of 8 and a median distance of 8
2021-02-04 20:15:09,684: INFO     guidemaker completed, results are at TEST
2021-02-04 20:15:09,684: INFO     PAM sequence: NGRRT
2021-02-04 20:15:09,684: INFO     PAM orientation: 3prime
2021-02-04 20:15:09,685: INFO     Genome strand(s) searched: both
2021-02-04 20:15:09,685: INFO     Total PAM sites considered: 887427
2021-02-04 20:15:09,685: INFO     Guide RNA candidates found: 220167
	Command being timed: "guidemaker -i ../all_test_data/Aspergillus_fumigatus.gbk --pamseq NGRRT --outdir TEST --pam_orientation 3prime --guidelength 20 --strand both --lcp 11 --dist 3 --before 500 --into 500 --knum 10 --controls 10 --log GM_63831129_5.log --threads 32"
	User time (seconds): 289.11
	System time (seconds): 21.76
	Percent of CPU this job got: 298%
	Elapsed (wall clock) time (h:mm:ss or m:ss): 1:44.14
	Average shared text size (kbytes): 0
	Average unshared data size (kbytes): 0
	Average stack size (kbytes): 0
	Average total size (kbytes): 0
	Maximum resident set size (kbytes): 3268668
	Average resident set size (kbytes): 0
	Major (requiring I/O) page faults: 0
	Minor (reclaiming a frame) page faults: 3379585
	Voluntary context switches: 1088323
	Involuntary context switches: 288739
	Swaps: 0
	File system inputs: 8
	File system outputs: 706704
	Socket messages sent: 0
	Socket messages received: 0
	Signals delivered: 0
	Page size (bytes): 4096
	Exit status: 0
