Wed Aug 19 21:20:06 EDT 2020
c22b-s3.ufhpc
/blue/garrett/rp3448/analysis/guidemaker/nonAVXGuidemaker/GuideMaker

     active environment : nonAVX2
    active env location : /home/rp3448/.conda/envs/nonAVX2
            shell level : 2
       user config file : /home/rp3448/.condarc
 populated config files : /home/rp3448/.condarc
          conda version : 4.8.3
    conda-build version : not installed
         python version : 3.8.3.final.0
       virtual packages : __glibc=2.17
       base environment : /apps/conda/4.8.3.0  (read only)
           channel URLs : https://conda.anaconda.org/biobakery/linux-64
                          https://conda.anaconda.org/biobakery/noarch
                          https://conda.anaconda.org/conda-forge/linux-64
                          https://conda.anaconda.org/conda-forge/noarch
                          https://conda.anaconda.org/bioconda/linux-64
                          https://conda.anaconda.org/bioconda/noarch
                          https://repo.anaconda.com/pkgs/main/linux-64
                          https://repo.anaconda.com/pkgs/main/noarch
                          https://repo.anaconda.com/pkgs/r/linux-64
                          https://repo.anaconda.com/pkgs/r/noarch
          package cache : /apps/conda/4.8.3.0/pkgs
                          /home/rp3448/.conda/pkgs
       envs directories : /home/rp3448/.conda/envs
                          /apps/conda/4.8.3.0/envs
               platform : linux-64
             user-agent : conda/4.8.3 requests/2.23.0 CPython/3.8.3 Linux/3.10.0-1062.18.1.el7.x86_64 rhel/7.7 glibc/2.17
                UID:GID : 6472:3511
             netrc file : None
           offline mode : False

My SLURM_ARRAY_TASK_ID:  9
My TMPDIR IS:  /scratch/local/57683638
Input Genome:>>>>>>>>>>>>>>>>>>>>>>>>>>>>>>>>>>>>>>>>>>>  Pseudomonas_aeruginosa_PAO1_107.gbk
Threads used:>>>>>>>>>>>>>>>>>>>>>>>>>>>>>>>>>>>>>>>>>>>  1
GuideMaker
Your CPU supports instructions that this binary was not compiled to use: SSE4.1 SSE4.2 AVX AVX2
For maximum performance, you can install NMSLIB from sources 
pip install --no-binary :all: nmslib
2020-08-19 21:20:13,392: INFO     Temp directory is: /scratch/local/57683638/guidemaker_vy1pk45n
2020-08-19 21:20:13,393: INFO     Writing fasta file from genbank file(s)
2020-08-19 21:20:13,394: INFO     check if test/test_data/Pseudomonas_aeruginosa_PAO1_107.gbk is gzipped
/home/rp3448/.conda/envs/nonAVX2/lib/python3.7/site-packages/Bio/GenBank/Scanner.py:1400: BiopythonParserWarning: Truncated LOCUS line found - is this correct?
:'LOCUS       NC_002516            6264404 bp    dna     circular UNK \n'
  BiopythonParserWarning,
/home/rp3448/.conda/envs/nonAVX2/lib/python3.7/site-packages/Bio/GenBank/__init__.py:762: BiopythonParserWarning: Non-upper case molecule type in LOCUS line: dna
  BiopythonParserWarning,
2020-08-19 21:20:14,249: INFO     Identifying PAM sites in the genome
2020-08-19 21:20:39,211: INFO     Identifing guides that are unique near the PAM site
2020-08-19 21:20:40,760: INFO     Indexing all potential guide sites: 1171800. This is the longest step.
2020-08-19 21:20:45,950: INFO     M                   = 16
2020-08-19 21:20:45,950: INFO     indexThreadQty      = 1
2020-08-19 21:20:45,950: INFO     efConstruction      = 64
2020-08-19 21:20:45,950: INFO     maxM			          = 16
2020-08-19 21:20:45,950: INFO     maxM0			          = 32
2020-08-19 21:20:45,950: INFO     mult                = 0.360674
2020-08-19 21:20:45,950: INFO     skip_optimized_index= 0
2020-08-19 21:20:45,951: INFO     delaunay_type       = 2
2020-08-19 21:20:45,951: INFO     Set HNSW query-time parameters:
2020-08-19 21:20:45,951: INFO     ef(Search)         =20
2020-08-19 21:20:45,951: INFO     algoType           =2

0%   10   20   30   40   50   60   70   80   90   100%
|----|----|----|----|----|----|----|----|----|----|
***************************************************

0%   10   20   30   40   50   60   70   80   90   100%
|----|----|----|----|----|----|----|----|----|----|
***************************************************
*2020-08-19 21:33:15,377: INFO     No appropriate custom distance function for Hamming (bit-storage) space
2020-08-19 21:33:15,379: INFO     searchMethod			  = 0
2020-08-19 21:33:15,477: INFO     Identifying guides that have a hamming distance <= 3 to all other potential guides
2020-08-19 21:33:15,803: INFO     Set HNSW query-time parameters:
2020-08-19 21:33:15,803: INFO     ef(Search)         =256
2020-08-19 21:33:15,803: INFO     algoType           =2
2020-08-19 21:36:48,902: INFO     Formatting data for BedTools
2020-08-19 21:36:49,323: INFO     Create GuideMaker Annotation object
2020-08-19 21:36:49,323: INFO     Identify genomic features
2020-08-19 21:36:49,323: INFO     check if test/test_data/Pseudomonas_aeruginosa_PAO1_107.gbk is gzipped
2020-08-19 21:36:50,720: INFO     Total number of CDS/locus in the input genome: 5584
2020-08-19 21:36:50,720: INFO     Find genomic features closest the guides
2020-08-19 21:36:53,305: INFO     Select guides that start between +100 and -100 of a feature start
2020-08-19 21:36:53,494: INFO     Select description columns
2020-08-19 21:36:53,546: INFO     Format the output
2020-08-19 21:36:54,629: INFO     creating random control guides
2020-08-19 21:39:13,513: INFO     created 10 control guides with a minimum distance of 7 and a median distance of 7
2020-08-19 21:39:13,526: INFO     guidemaker completed, results are at TEST
2020-08-19 21:39:13,526: INFO     PAM sequence: NGG
2020-08-19 21:39:13,526: INFO     PAM orientation: 5prime
2020-08-19 21:39:13,526: INFO     Genome strand(s) searched: both
2020-08-19 21:39:13,526: INFO     Total PAM sites considered: 1171800
2020-08-19 21:39:13,526: INFO     Guide RNA candidates found: 45720
Number of random control searched:  100000
	Command being timed: "guidemaker -i test/test_data/Pseudomonas_aeruginosa_PAO1_107.gbk --pamseq NGG --outdir TEST --pam_orientation 5prime --guidelength 20 --strand both --lcp 10 --dist 3 --before 100 --into 100 --knum 10 --controls 10 --log GuideMaker_57683638_9.log --threads 1"
	User time (seconds): 1138.49
	System time (seconds): 7.77
	Percent of CPU this job got: 100%
	Elapsed (wall clock) time (h:mm:ss or m:ss): 19:06.02
	Average shared text size (kbytes): 0
	Average unshared data size (kbytes): 0
	Average stack size (kbytes): 0
	Average total size (kbytes): 0
	Maximum resident set size (kbytes): 2739656
	Average resident set size (kbytes): 0
	Major (requiring I/O) page faults: 122
	Minor (reclaiming a frame) page faults: 7351999
	Voluntary context switches: 3901
	Involuntary context switches: 47203
	Swaps: 0
	File system inputs: 337224
	File system outputs: 185504
	Socket messages sent: 0
	Socket messages received: 0
	Signals delivered: 0
	Page size (bytes): 4096
	Exit status: 0
My SLURM_ARRAY_TASK_ID:  9
My TMPDIR IS:  /scratch/local/57683638
Input Genome:>>>>>>>>>>>>>>>>>>>>>>>>>>>>>>>>>>>>>>>>>>>  Pseudomonas_aeruginosa_PAO1_107.gbk
Threads used:>>>>>>>>>>>>>>>>>>>>>>>>>>>>>>>>>>>>>>>>>>>  2
GuideMaker
Your CPU supports instructions that this binary was not compiled to use: SSE4.1 SSE4.2 AVX AVX2
For maximum performance, you can install NMSLIB from sources 
pip install --no-binary :all: nmslib
2020-08-19 21:39:16,637: INFO     Temp directory is: /scratch/local/57683638/guidemaker_ny8agapy
2020-08-19 21:39:16,637: INFO     Writing fasta file from genbank file(s)
2020-08-19 21:39:16,638: INFO     check if test/test_data/Pseudomonas_aeruginosa_PAO1_107.gbk is gzipped
/home/rp3448/.conda/envs/nonAVX2/lib/python3.7/site-packages/Bio/GenBank/Scanner.py:1400: BiopythonParserWarning: Truncated LOCUS line found - is this correct?
:'LOCUS       NC_002516            6264404 bp    dna     circular UNK \n'
  BiopythonParserWarning,
/home/rp3448/.conda/envs/nonAVX2/lib/python3.7/site-packages/Bio/GenBank/__init__.py:762: BiopythonParserWarning: Non-upper case molecule type in LOCUS line: dna
  BiopythonParserWarning,
2020-08-19 21:39:17,437: INFO     Identifying PAM sites in the genome
2020-08-19 21:39:42,371: INFO     Identifing guides that are unique near the PAM site
2020-08-19 21:39:43,908: INFO     Indexing all potential guide sites: 1171800. This is the longest step.
2020-08-19 21:39:49,008: INFO     M                   = 16
2020-08-19 21:39:49,008: INFO     indexThreadQty      = 2
2020-08-19 21:39:49,008: INFO     efConstruction      = 64
2020-08-19 21:39:49,008: INFO     maxM			          = 16
2020-08-19 21:39:49,008: INFO     maxM0			          = 32
2020-08-19 21:39:49,008: INFO     mult                = 0.360674
2020-08-19 21:39:49,008: INFO     skip_optimized_index= 0
2020-08-19 21:39:49,008: INFO     delaunay_type       = 2
2020-08-19 21:39:49,008: INFO     Set HNSW query-time parameters:
2020-08-19 21:39:49,009: INFO     ef(Search)         =20
2020-08-19 21:39:49,009: INFO     algoType           =2

0%   10   20   30   40   50   60   70   80   90   100%
|----|----|----|----|----|----|----|----|----|----|
***************************************************

0%   10   20   30   40   50   60   70   80   90   100%
|----|----|----|----|----|----|----|----|----|----|
****************************************************


2020-08-19 21:46:45,006: INFO     No appropriate custom distance function for Hamming (bit-storage) space
2020-08-19 21:46:45,007: INFO     searchMethod			  = 0
2020-08-19 21:46:45,105: INFO     Identifying guides that have a hamming distance <= 3 to all other potential guides
2020-08-19 21:46:45,457: INFO     Set HNSW query-time parameters:
2020-08-19 21:46:45,457: INFO     ef(Search)         =256
2020-08-19 21:46:45,458: INFO     algoType           =2
2020-08-19 21:48:49,155: INFO     Formatting data for BedTools
2020-08-19 21:48:49,548: INFO     Create GuideMaker Annotation object
2020-08-19 21:48:49,548: INFO     Identify genomic features
2020-08-19 21:48:49,550: INFO     check if test/test_data/Pseudomonas_aeruginosa_PAO1_107.gbk is gzipped
2020-08-19 21:48:50,928: INFO     Total number of CDS/locus in the input genome: 5584
2020-08-19 21:48:50,928: INFO     Find genomic features closest the guides
2020-08-19 21:48:53,615: INFO     Select guides that start between +100 and -100 of a feature start
2020-08-19 21:48:53,792: INFO     Select description columns
2020-08-19 21:48:53,841: INFO     Format the output
2020-08-19 21:48:54,885: INFO     creating random control guides
2020-08-19 21:50:19,082: INFO     created 10 control guides with a minimum distance of 7 and a median distance of 7
2020-08-19 21:50:19,088: INFO     guidemaker completed, results are at TEST
2020-08-19 21:50:19,088: INFO     PAM sequence: NGG
2020-08-19 21:50:19,088: INFO     PAM orientation: 5prime
2020-08-19 21:50:19,088: INFO     Genome strand(s) searched: both
2020-08-19 21:50:19,088: INFO     Total PAM sites considered: 1171800
2020-08-19 21:50:19,088: INFO     Guide RNA candidates found: 45720
Number of random control searched:  100000
	Command being timed: "guidemaker -i test/test_data/Pseudomonas_aeruginosa_PAO1_107.gbk --pamseq NGG --outdir TEST --pam_orientation 5prime --guidelength 20 --strand both --lcp 10 --dist 3 --before 100 --into 100 --knum 10 --controls 10 --log GuideMaker_57683638_9.log --threads 2"
	User time (seconds): 1236.95
	System time (seconds): 38.76
	Percent of CPU this job got: 191%
	Elapsed (wall clock) time (h:mm:ss or m:ss): 11:05.61
	Average shared text size (kbytes): 0
	Average unshared data size (kbytes): 0
	Average stack size (kbytes): 0
	Average total size (kbytes): 0
	Maximum resident set size (kbytes): 2855072
	Average resident set size (kbytes): 0
	Major (requiring I/O) page faults: 0
	Minor (reclaiming a frame) page faults: 20186839
	Voluntary context switches: 80572
	Involuntary context switches: 147235
	Swaps: 0
	File system inputs: 0
	File system outputs: 185368
	Socket messages sent: 0
	Socket messages received: 0
	Signals delivered: 0
	Page size (bytes): 4096
	Exit status: 0
My SLURM_ARRAY_TASK_ID:  9
My TMPDIR IS:  /scratch/local/57683638
Input Genome:>>>>>>>>>>>>>>>>>>>>>>>>>>>>>>>>>>>>>>>>>>>  Pseudomonas_aeruginosa_PAO1_107.gbk
Threads used:>>>>>>>>>>>>>>>>>>>>>>>>>>>>>>>>>>>>>>>>>>>  4
GuideMaker
Your CPU supports instructions that this binary was not compiled to use: SSE4.1 SSE4.2 AVX AVX2
For maximum performance, you can install NMSLIB from sources 
pip install --no-binary :all: nmslib
2020-08-19 21:50:22,265: INFO     Temp directory is: /scratch/local/57683638/guidemaker_j198e7xi
2020-08-19 21:50:22,265: INFO     Writing fasta file from genbank file(s)
2020-08-19 21:50:22,265: INFO     check if test/test_data/Pseudomonas_aeruginosa_PAO1_107.gbk is gzipped
/home/rp3448/.conda/envs/nonAVX2/lib/python3.7/site-packages/Bio/GenBank/Scanner.py:1400: BiopythonParserWarning: Truncated LOCUS line found - is this correct?
:'LOCUS       NC_002516            6264404 bp    dna     circular UNK \n'
  BiopythonParserWarning,
/home/rp3448/.conda/envs/nonAVX2/lib/python3.7/site-packages/Bio/GenBank/__init__.py:762: BiopythonParserWarning: Non-upper case molecule type in LOCUS line: dna
  BiopythonParserWarning,
2020-08-19 21:50:23,055: INFO     Identifying PAM sites in the genome
2020-08-19 21:50:48,097: INFO     Identifing guides that are unique near the PAM site
2020-08-19 21:50:49,632: INFO     Indexing all potential guide sites: 1171800. This is the longest step.
2020-08-19 21:50:54,665: INFO     M                   = 16
2020-08-19 21:50:54,665: INFO     indexThreadQty      = 4
2020-08-19 21:50:54,665: INFO     efConstruction      = 64
2020-08-19 21:50:54,666: INFO     maxM			          = 16
2020-08-19 21:50:54,666: INFO     maxM0			          = 32
2020-08-19 21:50:54,666: INFO     mult                = 0.360674
2020-08-19 21:50:54,666: INFO     skip_optimized_index= 0
2020-08-19 21:50:54,666: INFO     delaunay_type       = 2
2020-08-19 21:50:54,666: INFO     Set HNSW query-time parameters:
2020-08-19 21:50:54,666: INFO     ef(Search)         =20
2020-08-19 21:50:54,666: INFO     algoType           =2

0%   10   20   30   40   50   60   70   80   90   100%
|----|----|----|----|----|----|----|----|----|----|
***************************************************

0%   10   20   30   40   50   60   70   80   90   100%
|----|----|----|----|----|----|----|----|----|----|
****************************************************2020-08-19 21:54:31,524: INFO     No appropriate custom distance function for Hamming (bit-storage) space
2020-08-19 21:54:31,525: INFO     searchMethod			  = 0
2020-08-19 21:54:31,629: INFO     Identifying guides that have a hamming distance <= 3 to all other potential guides
2020-08-19 21:54:31,993: INFO     Set HNSW query-time parameters:
2020-08-19 21:54:31,993: INFO     ef(Search)         =256
2020-08-19 21:54:31,993: INFO     algoType           =2
2020-08-19 21:55:37,803: INFO     Formatting data for BedTools
2020-08-19 21:55:38,189: INFO     Create GuideMaker Annotation object
2020-08-19 21:55:38,189: INFO     Identify genomic features
2020-08-19 21:55:38,190: INFO     check if test/test_data/Pseudomonas_aeruginosa_PAO1_107.gbk is gzipped
2020-08-19 21:55:39,557: INFO     Total number of CDS/locus in the input genome: 5584
2020-08-19 21:55:39,557: INFO     Find genomic features closest the guides
2020-08-19 21:55:42,196: INFO     Select guides that start between +100 and -100 of a feature start
2020-08-19 21:55:42,373: INFO     Select description columns
2020-08-19 21:55:42,421: INFO     Format the output
2020-08-19 21:55:43,466: INFO     creating random control guides
2020-08-19 21:56:27,926: INFO     created 10 control guides with a minimum distance of 7 and a median distance of 7
2020-08-19 21:56:27,929: INFO     guidemaker completed, results are at TEST
2020-08-19 21:56:27,929: INFO     PAM sequence: NGG
2020-08-19 21:56:27,929: INFO     PAM orientation: 5prime
2020-08-19 21:56:27,929: INFO     Genome strand(s) searched: both
2020-08-19 21:56:27,929: INFO     Total PAM sites considered: 1171800
2020-08-19 21:56:27,929: INFO     Guide RNA candidates found: 45720
Number of random control searched:  100000
	Command being timed: "guidemaker -i test/test_data/Pseudomonas_aeruginosa_PAO1_107.gbk --pamseq NGG --outdir TEST --pam_orientation 5prime --guidelength 20 --strand both --lcp 10 --dist 3 --before 100 --into 100 --knum 10 --controls 10 --log GuideMaker_57683638_9.log --threads 4"
	User time (seconds): 1268.40
	System time (seconds): 34.76
	Percent of CPU this job got: 353%
	Elapsed (wall clock) time (h:mm:ss or m:ss): 6:08.86
	Average shared text size (kbytes): 0
	Average unshared data size (kbytes): 0
	Average stack size (kbytes): 0
	Average total size (kbytes): 0
	Maximum resident set size (kbytes): 2851472
	Average resident set size (kbytes): 0
	Major (requiring I/O) page faults: 0
	Minor (reclaiming a frame) page faults: 18437838
	Voluntary context switches: 166924
	Involuntary context switches: 474872
	Swaps: 0
	File system inputs: 0
	File system outputs: 185296
	Socket messages sent: 0
	Socket messages received: 0
	Signals delivered: 0
	Page size (bytes): 4096
	Exit status: 0
My SLURM_ARRAY_TASK_ID:  9
My TMPDIR IS:  /scratch/local/57683638
Input Genome:>>>>>>>>>>>>>>>>>>>>>>>>>>>>>>>>>>>>>>>>>>>  Pseudomonas_aeruginosa_PAO1_107.gbk
Threads used:>>>>>>>>>>>>>>>>>>>>>>>>>>>>>>>>>>>>>>>>>>>  8
GuideMaker
Your CPU supports instructions that this binary was not compiled to use: SSE4.1 SSE4.2 AVX AVX2
For maximum performance, you can install NMSLIB from sources 
pip install --no-binary :all: nmslib
2020-08-19 21:56:31,122: INFO     Temp directory is: /scratch/local/57683638/guidemaker_a0fe8yhh
2020-08-19 21:56:31,122: INFO     Writing fasta file from genbank file(s)
2020-08-19 21:56:31,122: INFO     check if test/test_data/Pseudomonas_aeruginosa_PAO1_107.gbk is gzipped
/home/rp3448/.conda/envs/nonAVX2/lib/python3.7/site-packages/Bio/GenBank/Scanner.py:1400: BiopythonParserWarning: Truncated LOCUS line found - is this correct?
:'LOCUS       NC_002516            6264404 bp    dna     circular UNK \n'
  BiopythonParserWarning,
/home/rp3448/.conda/envs/nonAVX2/lib/python3.7/site-packages/Bio/GenBank/__init__.py:762: BiopythonParserWarning: Non-upper case molecule type in LOCUS line: dna
  BiopythonParserWarning,
2020-08-19 21:56:31,912: INFO     Identifying PAM sites in the genome
2020-08-19 21:56:56,863: INFO     Identifing guides that are unique near the PAM site
2020-08-19 21:56:58,384: INFO     Indexing all potential guide sites: 1171800. This is the longest step.
2020-08-19 21:57:03,343: INFO     M                   = 16
2020-08-19 21:57:03,343: INFO     indexThreadQty      = 8
2020-08-19 21:57:03,343: INFO     efConstruction      = 64
2020-08-19 21:57:03,344: INFO     maxM			          = 16
2020-08-19 21:57:03,344: INFO     maxM0			          = 32
2020-08-19 21:57:03,344: INFO     mult                = 0.360674
2020-08-19 21:57:03,344: INFO     skip_optimized_index= 0
2020-08-19 21:57:03,344: INFO     delaunay_type       = 2
2020-08-19 21:57:03,344: INFO     Set HNSW query-time parameters:
2020-08-19 21:57:03,344: INFO     ef(Search)         =20
2020-08-19 21:57:03,344: INFO     algoType           =2

0%   10   20   30   40   50   60   70   80   90   100%
|----|----|----|----|----|----|----|----|----|----|
***************************************************

0%   10   20   30   40   50   60   70   80   90   100%
|----|----|----|----|----|----|----|----|----|----|
*********************************************************
2020-08-19 21:58:59,444: INFO     No appropriate custom distance function for Hamming (bit-storage) space
2020-08-19 21:58:59,445: INFO     searchMethod			  = 0
2020-08-19 21:58:59,551: INFO     Identifying guides that have a hamming distance <= 3 to all other potential guides
2020-08-19 21:58:59,927: INFO     Set HNSW query-time parameters:
2020-08-19 21:58:59,928: INFO     ef(Search)         =256
2020-08-19 21:58:59,928: INFO     algoType           =2
2020-08-19 21:59:38,472: INFO     Formatting data for BedTools
2020-08-19 21:59:38,872: INFO     Create GuideMaker Annotation object
2020-08-19 21:59:38,872: INFO     Identify genomic features
2020-08-19 21:59:38,873: INFO     check if test/test_data/Pseudomonas_aeruginosa_PAO1_107.gbk is gzipped
2020-08-19 21:59:40,282: INFO     Total number of CDS/locus in the input genome: 5584
2020-08-19 21:59:40,282: INFO     Find genomic features closest the guides
2020-08-19 21:59:42,914: INFO     Select guides that start between +100 and -100 of a feature start
2020-08-19 21:59:43,086: INFO     Select description columns
2020-08-19 21:59:43,133: INFO     Format the output
2020-08-19 21:59:44,173: INFO     creating random control guides
2020-08-19 22:00:10,415: INFO     created 10 control guides with a minimum distance of 7 and a median distance of 7
2020-08-19 22:00:10,418: INFO     guidemaker completed, results are at TEST
2020-08-19 22:00:10,418: INFO     PAM sequence: NGG
2020-08-19 22:00:10,418: INFO     PAM orientation: 5prime
2020-08-19 22:00:10,418: INFO     Genome strand(s) searched: both
2020-08-19 22:00:10,418: INFO     Total PAM sites considered: 1171800
2020-08-19 22:00:10,418: INFO     Guide RNA candidates found: 45720
Number of random control searched:  100000
	Command being timed: "guidemaker -i test/test_data/Pseudomonas_aeruginosa_PAO1_107.gbk --pamseq NGG --outdir TEST --pam_orientation 5prime --guidelength 20 --strand both --lcp 10 --dist 3 --before 100 --into 100 --knum 10 --controls 10 --log GuideMaker_57683638_9.log --threads 8"
	User time (seconds): 1347.08
	System time (seconds): 33.53
	Percent of CPU this job got: 620%
	Elapsed (wall clock) time (h:mm:ss or m:ss): 3:42.63
	Average shared text size (kbytes): 0
	Average unshared data size (kbytes): 0
	Average stack size (kbytes): 0
	Average total size (kbytes): 0
	Maximum resident set size (kbytes): 2882616
	Average resident set size (kbytes): 0
	Major (requiring I/O) page faults: 0
	Minor (reclaiming a frame) page faults: 15065832
	Voluntary context switches: 225286
	Involuntary context switches: 3453
	Swaps: 0
	File system inputs: 0
	File system outputs: 185256
	Socket messages sent: 0
	Socket messages received: 0
	Signals delivered: 0
	Page size (bytes): 4096
	Exit status: 0
My SLURM_ARRAY_TASK_ID:  9
My TMPDIR IS:  /scratch/local/57683638
Input Genome:>>>>>>>>>>>>>>>>>>>>>>>>>>>>>>>>>>>>>>>>>>>  Pseudomonas_aeruginosa_PAO1_107.gbk
Threads used:>>>>>>>>>>>>>>>>>>>>>>>>>>>>>>>>>>>>>>>>>>>  16
GuideMaker
Your CPU supports instructions that this binary was not compiled to use: SSE4.1 SSE4.2 AVX AVX2
For maximum performance, you can install NMSLIB from sources 
pip install --no-binary :all: nmslib
2020-08-19 22:00:13,799: INFO     Temp directory is: /scratch/local/57683638/guidemaker_po5gugqr
2020-08-19 22:00:13,800: INFO     Writing fasta file from genbank file(s)
2020-08-19 22:00:13,800: INFO     check if test/test_data/Pseudomonas_aeruginosa_PAO1_107.gbk is gzipped
/home/rp3448/.conda/envs/nonAVX2/lib/python3.7/site-packages/Bio/GenBank/Scanner.py:1400: BiopythonParserWarning: Truncated LOCUS line found - is this correct?
:'LOCUS       NC_002516            6264404 bp    dna     circular UNK \n'
  BiopythonParserWarning,
/home/rp3448/.conda/envs/nonAVX2/lib/python3.7/site-packages/Bio/GenBank/__init__.py:762: BiopythonParserWarning: Non-upper case molecule type in LOCUS line: dna
  BiopythonParserWarning,
2020-08-19 22:00:14,601: INFO     Identifying PAM sites in the genome
2020-08-19 22:00:39,453: INFO     Identifing guides that are unique near the PAM site
2020-08-19 22:00:40,969: INFO     Indexing all potential guide sites: 1171800. This is the longest step.
2020-08-19 22:00:45,888: INFO     M                   = 16
2020-08-19 22:00:45,888: INFO     indexThreadQty      = 16
2020-08-19 22:00:45,888: INFO     efConstruction      = 64
2020-08-19 22:00:45,888: INFO     maxM			          = 16
2020-08-19 22:00:45,888: INFO     maxM0			          = 32
2020-08-19 22:00:45,888: INFO     mult                = 0.360674
2020-08-19 22:00:45,888: INFO     skip_optimized_index= 0
2020-08-19 22:00:45,889: INFO     delaunay_type       = 2
2020-08-19 22:00:45,889: INFO     Set HNSW query-time parameters:
2020-08-19 22:00:45,889: INFO     ef(Search)         =20
2020-08-19 22:00:45,889: INFO     algoType           =2

0%   10   20   30   40   50   60   70   80   90   100%
|----|----|----|----|----|----|----|----|----|----|
***************************************************

0%   10   20   30   40   50   60   70   80   90   100%
|----|----|----|----|----|----|----|----|----|----|
******************************************************




2020-08-19 22:01:51,096: INFO     No appropriate custom distance function for Hamming (bit-storage) space
2020-08-19 22:01:51,097: INFO     searchMethod			  = 0
2020-08-19 22:01:51,203: INFO     Identifying guides that have a hamming distance <= 3 to all other potential guides
2020-08-19 22:01:51,582: INFO     Set HNSW query-time parameters:
2020-08-19 22:01:51,582: INFO     ef(Search)         =256
2020-08-19 22:01:51,582: INFO     algoType           =2
2020-08-19 22:02:16,032: INFO     Formatting data for BedTools
2020-08-19 22:02:16,421: INFO     Create GuideMaker Annotation object
2020-08-19 22:02:16,421: INFO     Identify genomic features
2020-08-19 22:02:16,422: INFO     check if test/test_data/Pseudomonas_aeruginosa_PAO1_107.gbk is gzipped
2020-08-19 22:02:17,795: INFO     Total number of CDS/locus in the input genome: 5584
2020-08-19 22:02:17,795: INFO     Find genomic features closest the guides
2020-08-19 22:02:20,446: INFO     Select guides that start between +100 and -100 of a feature start
2020-08-19 22:02:20,648: INFO     Select description columns
2020-08-19 22:02:20,697: INFO     Format the output
2020-08-19 22:02:21,748: INFO     creating random control guides
2020-08-19 22:02:39,209: INFO     created 10 control guides with a minimum distance of 7 and a median distance of 7
2020-08-19 22:02:39,212: INFO     guidemaker completed, results are at TEST
2020-08-19 22:02:39,212: INFO     PAM sequence: NGG
2020-08-19 22:02:39,212: INFO     PAM orientation: 5prime
2020-08-19 22:02:39,212: INFO     Genome strand(s) searched: both
2020-08-19 22:02:39,212: INFO     Total PAM sites considered: 1171800
2020-08-19 22:02:39,212: INFO     Guide RNA candidates found: 45720
Number of random control searched:  100000
	Command being timed: "guidemaker -i test/test_data/Pseudomonas_aeruginosa_PAO1_107.gbk --pamseq NGG --outdir TEST --pam_orientation 5prime --guidelength 20 --strand both --lcp 10 --dist 3 --before 100 --into 100 --knum 10 --controls 10 --log GuideMaker_57683638_9.log --threads 16"
	User time (seconds): 1473.68
	System time (seconds): 41.92
	Percent of CPU this job got: 1017%
	Elapsed (wall clock) time (h:mm:ss or m:ss): 2:28.97
	Average shared text size (kbytes): 0
	Average unshared data size (kbytes): 0
	Average stack size (kbytes): 0
	Average total size (kbytes): 0
	Maximum resident set size (kbytes): 2927184
	Average resident set size (kbytes): 0
	Major (requiring I/O) page faults: 0
	Minor (reclaiming a frame) page faults: 12629622
	Voluntary context switches: 506387
	Involuntary context switches: 97416
	Swaps: 0
	File system inputs: 0
	File system outputs: 185224
	Socket messages sent: 0
	Socket messages received: 0
	Signals delivered: 0
	Page size (bytes): 4096
	Exit status: 0
My SLURM_ARRAY_TASK_ID:  9
My TMPDIR IS:  /scratch/local/57683638
Input Genome:>>>>>>>>>>>>>>>>>>>>>>>>>>>>>>>>>>>>>>>>>>>  Pseudomonas_aeruginosa_PAO1_107.gbk
Threads used:>>>>>>>>>>>>>>>>>>>>>>>>>>>>>>>>>>>>>>>>>>>  32
GuideMaker
Your CPU supports instructions that this binary was not compiled to use: SSE4.1 SSE4.2 AVX AVX2
For maximum performance, you can install NMSLIB from sources 
pip install --no-binary :all: nmslib
2020-08-19 22:02:43,024: INFO     Temp directory is: /scratch/local/57683638/guidemaker__j46muts
2020-08-19 22:02:43,024: INFO     Writing fasta file from genbank file(s)
2020-08-19 22:02:43,025: INFO     check if test/test_data/Pseudomonas_aeruginosa_PAO1_107.gbk is gzipped
/home/rp3448/.conda/envs/nonAVX2/lib/python3.7/site-packages/Bio/GenBank/Scanner.py:1400: BiopythonParserWarning: Truncated LOCUS line found - is this correct?
:'LOCUS       NC_002516            6264404 bp    dna     circular UNK \n'
  BiopythonParserWarning,
/home/rp3448/.conda/envs/nonAVX2/lib/python3.7/site-packages/Bio/GenBank/__init__.py:762: BiopythonParserWarning: Non-upper case molecule type in LOCUS line: dna
  BiopythonParserWarning,
2020-08-19 22:02:43,834: INFO     Identifying PAM sites in the genome
2020-08-19 22:03:09,407: INFO     Identifing guides that are unique near the PAM site
2020-08-19 22:03:10,932: INFO     Indexing all potential guide sites: 1171800. This is the longest step.
2020-08-19 22:03:15,889: INFO     M                   = 16
2020-08-19 22:03:15,889: INFO     indexThreadQty      = 32
2020-08-19 22:03:15,889: INFO     efConstruction      = 64
2020-08-19 22:03:15,889: INFO     maxM			          = 16
2020-08-19 22:03:15,890: INFO     maxM0			          = 32
2020-08-19 22:03:15,890: INFO     mult                = 0.360674
2020-08-19 22:03:15,890: INFO     skip_optimized_index= 0
2020-08-19 22:03:15,890: INFO     delaunay_type       = 2
2020-08-19 22:03:15,890: INFO     Set HNSW query-time parameters:
2020-08-19 22:03:15,890: INFO     ef(Search)         =20
2020-08-19 22:03:15,890: INFO     algoType           =2

0%   10   20   30   40   50   60   70   80   90   100%
|----|----|----|----|----|----|----|----|----|----|
***************************************************

0%   10   20   30   40   50   60   70   80   90   100%
|----|----|----|----|----|----|----|----|----|----|
******************************************************
**


2020-08-19 22:03:51,402: INFO     No appropriate custom distance function for Hamming (bit-storage) space
2020-08-19 22:03:51,403: INFO     searchMethod			  = 0
2020-08-19 22:03:51,502: INFO     Identifying guides that have a hamming distance <= 3 to all other potential guides
2020-08-19 22:03:51,841: INFO     Set HNSW query-time parameters:
2020-08-19 22:03:51,842: INFO     ef(Search)         =256
2020-08-19 22:03:51,842: INFO     algoType           =2
2020-08-19 22:04:09,871: INFO     Formatting data for BedTools
2020-08-19 22:04:10,272: INFO     Create GuideMaker Annotation object
2020-08-19 22:04:10,272: INFO     Identify genomic features
2020-08-19 22:04:10,272: INFO     check if test/test_data/Pseudomonas_aeruginosa_PAO1_107.gbk is gzipped
2020-08-19 22:04:11,735: INFO     Total number of CDS/locus in the input genome: 5584
2020-08-19 22:04:11,735: INFO     Find genomic features closest the guides
2020-08-19 22:04:14,489: INFO     Select guides that start between +100 and -100 of a feature start
2020-08-19 22:04:14,677: INFO     Select description columns
2020-08-19 22:04:14,729: INFO     Format the output
2020-08-19 22:04:15,839: INFO     creating random control guides
2020-08-19 22:04:28,654: INFO     created 10 control guides with a minimum distance of 7 and a median distance of 7
2020-08-19 22:04:28,656: INFO     guidemaker completed, results are at TEST
2020-08-19 22:04:28,656: INFO     PAM sequence: NGG
2020-08-19 22:04:28,657: INFO     PAM orientation: 5prime
2020-08-19 22:04:28,657: INFO     Genome strand(s) searched: both
2020-08-19 22:04:28,657: INFO     Total PAM sites considered: 1171800
2020-08-19 22:04:28,657: INFO     Guide RNA candidates found: 45720
Number of random control searched:  100000
	Command being timed: "guidemaker -i test/test_data/Pseudomonas_aeruginosa_PAO1_107.gbk --pamseq NGG --outdir TEST --pam_orientation 5prime --guidelength 20 --strand both --lcp 10 --dist 3 --before 100 --into 100 --knum 10 --controls 10 --log GuideMaker_57683638_9.log --threads 32"
	User time (seconds): 1592.09
	System time (seconds): 60.42
	Percent of CPU this job got: 1510%
	Elapsed (wall clock) time (h:mm:ss or m:ss): 1:49.39
	Average shared text size (kbytes): 0
	Average unshared data size (kbytes): 0
	Average stack size (kbytes): 0
	Average total size (kbytes): 0
	Maximum resident set size (kbytes): 2943068
	Average resident set size (kbytes): 0
	Major (requiring I/O) page faults: 0
	Minor (reclaiming a frame) page faults: 9870844
	Voluntary context switches: 791309
	Involuntary context switches: 5809
	Swaps: 0
	File system inputs: 0
	File system outputs: 185200
	Socket messages sent: 0
	Socket messages received: 0
	Signals delivered: 0
	Page size (bytes): 4096
	Exit status: 0
