Thu Feb  4 18:58:27 EST 2021
c26b-s36.ufhpc
/blue/garrett/rp3448/analysis/guidemaker/nonAVXGuidemaker

     active environment : NONAVX2
    active env location : /home/rp3448/.conda/envs/NONAVX2
            shell level : 3
       user config file : /home/rp3448/.condarc
 populated config files : /home/rp3448/.condarc
          conda version : 4.9.2
    conda-build version : not installed
         python version : 3.9.1.final.0
       virtual packages : __glibc=2.17=0
                          __unix=0=0
                          __archspec=1=x86_64
       base environment : /apps/conda/4.9.2  (read only)
           channel URLs : https://conda.anaconda.org/biobakery/linux-64
                          https://conda.anaconda.org/biobakery/noarch
                          https://conda.anaconda.org/conda-forge/linux-64
                          https://conda.anaconda.org/conda-forge/noarch
                          https://conda.anaconda.org/bioconda/linux-64
                          https://conda.anaconda.org/bioconda/noarch
                          https://repo.anaconda.com/pkgs/main/linux-64
                          https://repo.anaconda.com/pkgs/main/noarch
                          https://repo.anaconda.com/pkgs/r/linux-64
                          https://repo.anaconda.com/pkgs/r/noarch
          package cache : /apps/conda/4.9.2/pkgs
                          /home/rp3448/.conda/pkgs
       envs directories : /home/rp3448/.conda/envs
                          /apps/conda/4.9.2/envs
               platform : linux-64
             user-agent : conda/4.9.2 requests/2.25.1 CPython/3.9.1 Linux/3.10.0-1062.18.1.el7.x86_64 rhel/7.7 glibc/2.17
                UID:GID : 6472:3511
             netrc file : None
           offline mode : False

My SLURM_ARRAY_TASK_ID:  6
My TMPDIR IS:  /scratch/local/63829313
Input Genome:>>>>>>>>>>>>>>>>>>>>>>>>>>>>>>>>>>>>>>>>>>>  Aspergillus_fumigatus.gbk
Input PAM:>>>>>>>>>>>>>>>>>>>>>>>>>>>>>>>>>>>>>>>>>>>  NGG
Threads used:>>>>>>>>>>>>>>>>>>>>>>>>>>>>>>>>>>>>>>>>>>>  1
GuideMaker
Your CPU supports instructions that this binary was not compiled to use: SSE4.1 SSE4.2 AVX AVX2
For maximum performance, you can install NMSLIB from sources 
pip install --no-binary :all: nmslib
2021-02-04 18:58:32,188: INFO     Temp directory is: /scratch/local/63829313/guidemaker_zh5b0dh6
2021-02-04 18:58:32,188: INFO     Writing fasta file from genbank file(s)
2021-02-04 18:58:32,189: INFO     check if ../all_test_data/Aspergillus_fumigatus.gbk is gzipped
2021-02-04 18:58:35,389: INFO     Identifying PAM sites in the genome
2021-02-04 19:00:03,017: INFO     Checking guides for restriction enzymes
2021-02-04 19:00:04,021: INFO     Number of guides removed after checking for restriction enzymes: 0
2021-02-04 19:00:04,021: INFO     Identifing guides that are unique near the PAM site
2021-02-04 19:00:12,056: INFO     Number of guides removed after checking for unique PAM: 2195823
2021-02-04 19:00:12,056: INFO     Indexing all potential guide sites: 3499847. This is the longest step.
2021-02-04 19:00:26,930: INFO     M                   = 16
2021-02-04 19:00:26,930: INFO     indexThreadQty      = 1
2021-02-04 19:00:26,930: INFO     efConstruction      = 10
2021-02-04 19:00:26,930: INFO     maxM			          = 16
2021-02-04 19:00:26,930: INFO     maxM0			          = 32
2021-02-04 19:00:26,931: INFO     mult                = 0.360674
2021-02-04 19:00:26,931: INFO     skip_optimized_index= 0
2021-02-04 19:00:26,931: INFO     delaunay_type       = 2
2021-02-04 19:00:26,931: INFO     Set HNSW query-time parameters:
2021-02-04 19:00:26,931: INFO     ef(Search)         =20
2021-02-04 19:00:26,931: INFO     algoType           =2

0%   10   20   30   40   50   60   70   80   90   100%
|----|----|----|----|----|----|----|----|----|----|
***************************************************

0%   10   20   30   40   50   60   70   80   90   100%
|----|----|----|----|----|----|----|----|----|----|
***************************************************
*2021-02-04 19:07:43,712: INFO     No appropriate custom distance function for Hamming (bit-storage) space
2021-02-04 19:07:44,166: INFO     searchMethod			  = 0
2021-02-04 19:07:44,457: INFO     Identifying guides that have a hamming distance <= 3 to all other potential guides
2021-02-04 19:07:46,553: INFO     Set HNSW query-time parameters:
2021-02-04 19:07:46,553: INFO     ef(Search)         =9
2021-02-04 19:07:46,553: INFO     algoType           =2
2021-02-04 19:10:19,361: INFO     Formatting data for BedTools
2021-02-04 19:10:22,470: INFO     Create GuideMaker Annotation object
2021-02-04 19:10:22,470: INFO     Identify genomic features
2021-02-04 19:10:22,470: INFO     check if ../all_test_data/Aspergillus_fumigatus.gbk is gzipped
2021-02-04 19:10:25,356: INFO     Total number of CDS/locus in the input genome: 9630
2021-02-04 19:10:25,356: INFO     Find genomic features closest the guides
2021-02-04 19:10:45,578: INFO     Select guides that start between +500 and -500 of a feature start
2021-02-04 19:10:46,751: INFO     Select description columns
2021-02-04 19:10:46,858: INFO     Format the output
2021-02-04 19:10:52,004: INFO     Number of Guides within a gene coordinates i.e. zero Feature distance: 231795
2021-02-04 19:10:56,347: INFO     creating random control guides
2021-02-04 19:10:56,761: INFO     Number of random control searched: 100
2021-02-04 19:10:56,762: INFO     Percentage of GC content in the input genome: 48.82
2021-02-04 19:10:56,762: INFO     Total length of the genome: 28.0 MB
2021-02-04 19:10:56,762: INFO     created 10 control guides with a minimum distance of 7 and a median distance of 7
2021-02-04 19:10:56,764: INFO     guidemaker completed, results are at TEST
2021-02-04 19:10:56,764: INFO     PAM sequence: NGG
2021-02-04 19:10:56,764: INFO     PAM orientation: 3prime
2021-02-04 19:10:56,764: INFO     Genome strand(s) searched: both
2021-02-04 19:10:56,764: INFO     Total PAM sites considered: 3499847
2021-02-04 19:10:56,765: INFO     Guide RNA candidates found: 435702
	Command being timed: "guidemaker -i ../all_test_data/Aspergillus_fumigatus.gbk --pamseq NGG --outdir TEST --pam_orientation 3prime --guidelength 20 --strand both --lcp 11 --dist 3 --before 500 --into 500 --knum 10 --controls 10 --log GM_63829313_6.log --threads 1"
	User time (seconds): 738.02
	System time (seconds): 15.58
	Percent of CPU this job got: 100%
	Elapsed (wall clock) time (h:mm:ss or m:ss): 12:33.37
	Average shared text size (kbytes): 0
	Average unshared data size (kbytes): 0
	Average stack size (kbytes): 0
	Average total size (kbytes): 0
	Maximum resident set size (kbytes): 8267088
	Average resident set size (kbytes): 0
	Major (requiring I/O) page faults: 0
	Minor (reclaiming a frame) page faults: 14621241
	Voluntary context switches: 3184
	Involuntary context switches: 653
	Swaps: 0
	File system inputs: 108432
	File system outputs: 1338424
	Socket messages sent: 0
	Socket messages received: 0
	Signals delivered: 0
	Page size (bytes): 4096
	Exit status: 0
My SLURM_ARRAY_TASK_ID:  6
My TMPDIR IS:  /scratch/local/63829313
Input Genome:>>>>>>>>>>>>>>>>>>>>>>>>>>>>>>>>>>>>>>>>>>>  Aspergillus_fumigatus.gbk
Input PAM:>>>>>>>>>>>>>>>>>>>>>>>>>>>>>>>>>>>>>>>>>>>  NGG
Threads used:>>>>>>>>>>>>>>>>>>>>>>>>>>>>>>>>>>>>>>>>>>>  2
GuideMaker
Your CPU supports instructions that this binary was not compiled to use: SSE4.1 SSE4.2 AVX AVX2
For maximum performance, you can install NMSLIB from sources 
pip install --no-binary :all: nmslib
2021-02-04 19:11:05,510: INFO     Temp directory is: /scratch/local/63829313/guidemaker_1pr25s44
2021-02-04 19:11:05,511: INFO     Writing fasta file from genbank file(s)
2021-02-04 19:11:05,511: INFO     check if ../all_test_data/Aspergillus_fumigatus.gbk is gzipped
2021-02-04 19:11:08,699: INFO     Identifying PAM sites in the genome
2021-02-04 19:12:35,151: INFO     Checking guides for restriction enzymes
2021-02-04 19:12:36,149: INFO     Number of guides removed after checking for restriction enzymes: 0
2021-02-04 19:12:36,149: INFO     Identifing guides that are unique near the PAM site
2021-02-04 19:12:44,353: INFO     Number of guides removed after checking for unique PAM: 2195823
2021-02-04 19:12:44,353: INFO     Indexing all potential guide sites: 3499847. This is the longest step.
2021-02-04 19:12:59,273: INFO     M                   = 16
2021-02-04 19:12:59,273: INFO     indexThreadQty      = 2
2021-02-04 19:12:59,273: INFO     efConstruction      = 10
2021-02-04 19:12:59,274: INFO     maxM			          = 16
2021-02-04 19:12:59,274: INFO     maxM0			          = 32
2021-02-04 19:12:59,274: INFO     mult                = 0.360674
2021-02-04 19:12:59,274: INFO     skip_optimized_index= 0
2021-02-04 19:12:59,274: INFO     delaunay_type       = 2
2021-02-04 19:12:59,274: INFO     Set HNSW query-time parameters:
2021-02-04 19:12:59,274: INFO     ef(Search)         =20
2021-02-04 19:12:59,274: INFO     algoType           =2

0%   10   20   30   40   50   60   70   80   90   100%
|----|----|----|----|----|----|----|----|----|----|
***************************************************

0%   10   20   30   40   50   60   70   80   90   100%
|----|----|----|----|----|----|----|----|----|----|
****************************************************2021-02-04 19:18:04,791: INFO     No appropriate custom distance function for Hamming (bit-storage) space
2021-02-04 19:18:04,792: INFO     searchMethod			  = 0
2021-02-04 19:18:05,089: INFO     Identifying guides that have a hamming distance <= 3 to all other potential guides
2021-02-04 19:18:07,143: INFO     Set HNSW query-time parameters:
2021-02-04 19:18:07,143: INFO     ef(Search)         =9
2021-02-04 19:18:07,143: INFO     algoType           =2
2021-02-04 19:20:15,388: INFO     Formatting data for BedTools
2021-02-04 19:20:18,360: INFO     Create GuideMaker Annotation object
2021-02-04 19:20:18,361: INFO     Identify genomic features
2021-02-04 19:20:18,361: INFO     check if ../all_test_data/Aspergillus_fumigatus.gbk is gzipped
2021-02-04 19:20:21,283: INFO     Total number of CDS/locus in the input genome: 9630
2021-02-04 19:20:21,283: INFO     Find genomic features closest the guides
2021-02-04 19:20:41,700: INFO     Select guides that start between +500 and -500 of a feature start
2021-02-04 19:20:42,894: INFO     Select description columns
2021-02-04 19:20:42,999: INFO     Format the output
2021-02-04 19:20:48,538: INFO     Number of Guides within a gene coordinates i.e. zero Feature distance: 231789
2021-02-04 19:20:53,071: INFO     creating random control guides
2021-02-04 19:20:53,981: INFO     Number of random control searched: 100
2021-02-04 19:20:53,981: INFO     Percentage of GC content in the input genome: 48.82
2021-02-04 19:20:53,981: INFO     Total length of the genome: 28.0 MB
2021-02-04 19:20:53,981: INFO     created 10 control guides with a minimum distance of 7 and a median distance of 7
2021-02-04 19:20:53,985: INFO     guidemaker completed, results are at TEST
2021-02-04 19:20:53,985: INFO     PAM sequence: NGG
2021-02-04 19:20:53,985: INFO     PAM orientation: 3prime
2021-02-04 19:20:53,985: INFO     Genome strand(s) searched: both
2021-02-04 19:20:53,985: INFO     Total PAM sites considered: 3499847
2021-02-04 19:20:53,985: INFO     Guide RNA candidates found: 435697
	Command being timed: "guidemaker -i ../all_test_data/Aspergillus_fumigatus.gbk --pamseq NGG --outdir TEST --pam_orientation 3prime --guidelength 20 --strand both --lcp 11 --dist 3 --before 500 --into 500 --knum 10 --controls 10 --log GM_63829313_6.log --threads 2"
	User time (seconds): 876.05
	System time (seconds): 84.18
	Percent of CPU this job got: 160%
	Elapsed (wall clock) time (h:mm:ss or m:ss): 9:58.03
	Average shared text size (kbytes): 0
	Average unshared data size (kbytes): 0
	Average stack size (kbytes): 0
	Average total size (kbytes): 0
	Maximum resident set size (kbytes): 9071896
	Average resident set size (kbytes): 0
	Major (requiring I/O) page faults: 0
	Minor (reclaiming a frame) page faults: 52776696
	Voluntary context switches: 296395
	Involuntary context switches: 564443
	Swaps: 0
	File system inputs: 1048
	File system outputs: 1338752
	Socket messages sent: 0
	Socket messages received: 0
	Signals delivered: 0
	Page size (bytes): 4096
	Exit status: 0
My SLURM_ARRAY_TASK_ID:  6
My TMPDIR IS:  /scratch/local/63829313
Input Genome:>>>>>>>>>>>>>>>>>>>>>>>>>>>>>>>>>>>>>>>>>>>  Aspergillus_fumigatus.gbk
Input PAM:>>>>>>>>>>>>>>>>>>>>>>>>>>>>>>>>>>>>>>>>>>>  NGG
Threads used:>>>>>>>>>>>>>>>>>>>>>>>>>>>>>>>>>>>>>>>>>>>  4
GuideMaker
Your CPU supports instructions that this binary was not compiled to use: SSE4.1 SSE4.2 AVX AVX2
For maximum performance, you can install NMSLIB from sources 
pip install --no-binary :all: nmslib
2021-02-04 19:21:03,514: INFO     Temp directory is: /scratch/local/63829313/guidemaker_5zi21bgd
2021-02-04 19:21:03,515: INFO     Writing fasta file from genbank file(s)
2021-02-04 19:21:03,515: INFO     check if ../all_test_data/Aspergillus_fumigatus.gbk is gzipped
2021-02-04 19:21:06,636: INFO     Identifying PAM sites in the genome
2021-02-04 19:22:36,092: INFO     Checking guides for restriction enzymes
2021-02-04 19:22:37,068: INFO     Number of guides removed after checking for restriction enzymes: 0
2021-02-04 19:22:37,068: INFO     Identifing guides that are unique near the PAM site
2021-02-04 19:22:45,272: INFO     Number of guides removed after checking for unique PAM: 2195823
2021-02-04 19:22:45,272: INFO     Indexing all potential guide sites: 3499847. This is the longest step.
2021-02-04 19:23:00,704: INFO     M                   = 16
2021-02-04 19:23:00,704: INFO     indexThreadQty      = 4
2021-02-04 19:23:00,704: INFO     efConstruction      = 10
2021-02-04 19:23:00,704: INFO     maxM			          = 16
2021-02-04 19:23:00,704: INFO     maxM0			          = 32
2021-02-04 19:23:00,705: INFO     mult                = 0.360674
2021-02-04 19:23:00,705: INFO     skip_optimized_index= 0
2021-02-04 19:23:00,705: INFO     delaunay_type       = 2
2021-02-04 19:23:00,705: INFO     Set HNSW query-time parameters:
2021-02-04 19:23:00,705: INFO     ef(Search)         =20
2021-02-04 19:23:00,705: INFO     algoType           =2

0%   10   20   30   40   50   60   70   80   90   100%
|----|----|----|----|----|----|----|----|----|----|
***************************************************

0%   10   20   30   40   50   60   70   80   90   100%
|----|----|----|----|----|----|----|----|----|----|
****************************************************2021-02-04 19:25:41,297: INFO     No appropriate custom distance function for Hamming (bit-storage) space
2021-02-04 19:25:41,298: INFO     searchMethod			  = 0
2021-02-04 19:25:41,636: INFO     Identifying guides that have a hamming distance <= 3 to all other potential guides
2021-02-04 19:25:44,059: INFO     Set HNSW query-time parameters:
2021-02-04 19:25:44,059: INFO     ef(Search)         =9
2021-02-04 19:25:44,059: INFO     algoType           =2
2021-02-04 19:27:20,293: INFO     Formatting data for BedTools
2021-02-04 19:27:23,238: INFO     Create GuideMaker Annotation object
2021-02-04 19:27:23,238: INFO     Identify genomic features
2021-02-04 19:27:23,239: INFO     check if ../all_test_data/Aspergillus_fumigatus.gbk is gzipped
2021-02-04 19:27:26,163: INFO     Total number of CDS/locus in the input genome: 9630
2021-02-04 19:27:26,163: INFO     Find genomic features closest the guides
2021-02-04 19:27:47,259: INFO     Select guides that start between +500 and -500 of a feature start
2021-02-04 19:27:48,459: INFO     Select description columns
2021-02-04 19:27:48,568: INFO     Format the output
2021-02-04 19:27:54,989: INFO     Number of Guides within a gene coordinates i.e. zero Feature distance: 231746
2021-02-04 19:27:59,532: INFO     creating random control guides
2021-02-04 19:28:00,237: INFO     Number of random control searched: 100
2021-02-04 19:28:00,237: INFO     Percentage of GC content in the input genome: 48.82
2021-02-04 19:28:00,237: INFO     Total length of the genome: 28.0 MB
2021-02-04 19:28:00,237: INFO     created 10 control guides with a minimum distance of 7 and a median distance of 7
2021-02-04 19:28:00,241: INFO     guidemaker completed, results are at TEST
2021-02-04 19:28:00,241: INFO     PAM sequence: NGG
2021-02-04 19:28:00,241: INFO     PAM orientation: 3prime
2021-02-04 19:28:00,241: INFO     Genome strand(s) searched: both
2021-02-04 19:28:00,241: INFO     Total PAM sites considered: 3499847
2021-02-04 19:28:00,241: INFO     Guide RNA candidates found: 435625
	Command being timed: "guidemaker -i ../all_test_data/Aspergillus_fumigatus.gbk --pamseq NGG --outdir TEST --pam_orientation 3prime --guidelength 20 --strand both --lcp 11 --dist 3 --before 500 --into 500 --knum 10 --controls 10 --log GM_63829313_6.log --threads 4"
	User time (seconds): 915.29
	System time (seconds): 69.93
	Percent of CPU this job got: 230%
	Elapsed (wall clock) time (h:mm:ss or m:ss): 7:07.54
	Average shared text size (kbytes): 0
	Average unshared data size (kbytes): 0
	Average stack size (kbytes): 0
	Average total size (kbytes): 0
	Maximum resident set size (kbytes): 9085544
	Average resident set size (kbytes): 0
	Major (requiring I/O) page faults: 0
	Minor (reclaiming a frame) page faults: 41750161
	Voluntary context switches: 658100
	Involuntary context switches: 569830
	Swaps: 0
	File system inputs: 128
	File system outputs: 1338216
	Socket messages sent: 0
	Socket messages received: 0
	Signals delivered: 0
	Page size (bytes): 4096
	Exit status: 0
My SLURM_ARRAY_TASK_ID:  6
My TMPDIR IS:  /scratch/local/63829313
Input Genome:>>>>>>>>>>>>>>>>>>>>>>>>>>>>>>>>>>>>>>>>>>>  Aspergillus_fumigatus.gbk
Input PAM:>>>>>>>>>>>>>>>>>>>>>>>>>>>>>>>>>>>>>>>>>>>  NGG
Threads used:>>>>>>>>>>>>>>>>>>>>>>>>>>>>>>>>>>>>>>>>>>>  8
GuideMaker
Your CPU supports instructions that this binary was not compiled to use: SSE4.1 SSE4.2 AVX AVX2
For maximum performance, you can install NMSLIB from sources 
pip install --no-binary :all: nmslib
2021-02-04 19:28:11,039: INFO     Temp directory is: /scratch/local/63829313/guidemaker_4kdja9hv
2021-02-04 19:28:11,039: INFO     Writing fasta file from genbank file(s)
2021-02-04 19:28:11,039: INFO     check if ../all_test_data/Aspergillus_fumigatus.gbk is gzipped
2021-02-04 19:28:14,163: INFO     Identifying PAM sites in the genome
2021-02-04 19:29:44,040: INFO     Checking guides for restriction enzymes
2021-02-04 19:29:45,018: INFO     Number of guides removed after checking for restriction enzymes: 0
2021-02-04 19:29:45,018: INFO     Identifing guides that are unique near the PAM site
2021-02-04 19:29:53,232: INFO     Number of guides removed after checking for unique PAM: 2195823
2021-02-04 19:29:53,232: INFO     Indexing all potential guide sites: 3499847. This is the longest step.
2021-02-04 19:30:08,704: INFO     M                   = 16
2021-02-04 19:30:08,705: INFO     indexThreadQty      = 8
2021-02-04 19:30:08,705: INFO     efConstruction      = 10
2021-02-04 19:30:08,705: INFO     maxM			          = 16
2021-02-04 19:30:08,705: INFO     maxM0			          = 32
2021-02-04 19:30:08,705: INFO     mult                = 0.360674
2021-02-04 19:30:08,705: INFO     skip_optimized_index= 0
2021-02-04 19:30:08,705: INFO     delaunay_type       = 2
2021-02-04 19:30:08,705: INFO     Set HNSW query-time parameters:
2021-02-04 19:30:08,705: INFO     ef(Search)         =20
2021-02-04 19:30:08,705: INFO     algoType           =2

0%   10   20   30   40   50   60   70   80   90   100%
|----|----|----|----|----|----|----|----|----|----|
***************************************************

0%   10   20   30   40   50   60   70   80   90   100%
|----|----|----|----|----|----|----|----|----|----|
****************************************************


2021-02-04 19:31:33,083: INFO     No appropriate custom distance function for Hamming (bit-storage) space
2021-02-04 19:31:33,083: INFO     searchMethod			  = 0
2021-02-04 19:31:33,421: INFO     Identifying guides that have a hamming distance <= 3 to all other potential guides
2021-02-04 19:31:35,553: INFO     Set HNSW query-time parameters:
2021-02-04 19:31:35,553: INFO     ef(Search)         =9
2021-02-04 19:31:35,553: INFO     algoType           =2
2021-02-04 19:32:56,482: INFO     Formatting data for BedTools
2021-02-04 19:32:59,462: INFO     Create GuideMaker Annotation object
2021-02-04 19:32:59,462: INFO     Identify genomic features
2021-02-04 19:32:59,463: INFO     check if ../all_test_data/Aspergillus_fumigatus.gbk is gzipped
2021-02-04 19:33:02,382: INFO     Total number of CDS/locus in the input genome: 9630
2021-02-04 19:33:02,382: INFO     Find genomic features closest the guides
2021-02-04 19:33:23,030: INFO     Select guides that start between +500 and -500 of a feature start
2021-02-04 19:33:24,238: INFO     Select description columns
2021-02-04 19:33:24,353: INFO     Format the output
2021-02-04 19:33:30,588: INFO     Number of Guides within a gene coordinates i.e. zero Feature distance: 231782
2021-02-04 19:33:35,045: INFO     creating random control guides
2021-02-04 19:33:35,638: INFO     Number of random control searched: 100
2021-02-04 19:33:35,638: INFO     Percentage of GC content in the input genome: 48.82
2021-02-04 19:33:35,638: INFO     Total length of the genome: 28.0 MB
2021-02-04 19:33:35,638: INFO     created 10 control guides with a minimum distance of 7 and a median distance of 7
2021-02-04 19:33:35,642: INFO     guidemaker completed, results are at TEST
2021-02-04 19:33:35,642: INFO     PAM sequence: NGG
2021-02-04 19:33:35,642: INFO     PAM orientation: 3prime
2021-02-04 19:33:35,642: INFO     Genome strand(s) searched: both
2021-02-04 19:33:35,643: INFO     Total PAM sites considered: 3499847
2021-02-04 19:33:35,643: INFO     Guide RNA candidates found: 435681
	Command being timed: "guidemaker -i ../all_test_data/Aspergillus_fumigatus.gbk --pamseq NGG --outdir TEST --pam_orientation 3prime --guidelength 20 --strand both --lcp 11 --dist 3 --before 500 --into 500 --knum 10 --controls 10 --log GM_63829313_6.log --threads 8"
	User time (seconds): 952.27
	System time (seconds): 56.86
	Percent of CPU this job got: 301%
	Elapsed (wall clock) time (h:mm:ss or m:ss): 5:34.80
	Average shared text size (kbytes): 0
	Average unshared data size (kbytes): 0
	Average stack size (kbytes): 0
	Average total size (kbytes): 0
	Maximum resident set size (kbytes): 9161296
	Average resident set size (kbytes): 0
	Major (requiring I/O) page faults: 0
	Minor (reclaiming a frame) page faults: 28146160
	Voluntary context switches: 1114531
	Involuntary context switches: 956857
	Swaps: 0
	File system inputs: 72
	File system outputs: 1338168
	Socket messages sent: 0
	Socket messages received: 0
	Signals delivered: 0
	Page size (bytes): 4096
	Exit status: 0
My SLURM_ARRAY_TASK_ID:  6
My TMPDIR IS:  /scratch/local/63829313
Input Genome:>>>>>>>>>>>>>>>>>>>>>>>>>>>>>>>>>>>>>>>>>>>  Aspergillus_fumigatus.gbk
Input PAM:>>>>>>>>>>>>>>>>>>>>>>>>>>>>>>>>>>>>>>>>>>>  NGG
Threads used:>>>>>>>>>>>>>>>>>>>>>>>>>>>>>>>>>>>>>>>>>>>  16
GuideMaker
Your CPU supports instructions that this binary was not compiled to use: SSE4.1 SSE4.2 AVX AVX2
For maximum performance, you can install NMSLIB from sources 
pip install --no-binary :all: nmslib
2021-02-04 19:33:45,895: INFO     Temp directory is: /scratch/local/63829313/guidemaker_t0fab2vn
2021-02-04 19:33:45,896: INFO     Writing fasta file from genbank file(s)
2021-02-04 19:33:45,896: INFO     check if ../all_test_data/Aspergillus_fumigatus.gbk is gzipped
2021-02-04 19:33:49,035: INFO     Identifying PAM sites in the genome
2021-02-04 19:35:16,244: INFO     Checking guides for restriction enzymes
2021-02-04 19:35:17,227: INFO     Number of guides removed after checking for restriction enzymes: 0
2021-02-04 19:35:17,227: INFO     Identifing guides that are unique near the PAM site
2021-02-04 19:35:25,413: INFO     Number of guides removed after checking for unique PAM: 2195823
2021-02-04 19:35:25,414: INFO     Indexing all potential guide sites: 3499847. This is the longest step.
2021-02-04 19:35:40,317: INFO     M                   = 16
2021-02-04 19:35:40,317: INFO     indexThreadQty      = 16
2021-02-04 19:35:40,317: INFO     efConstruction      = 10
2021-02-04 19:35:40,317: INFO     maxM			          = 16
2021-02-04 19:35:40,317: INFO     maxM0			          = 32
2021-02-04 19:35:40,318: INFO     mult                = 0.360674
2021-02-04 19:35:40,318: INFO     skip_optimized_index= 0
2021-02-04 19:35:40,318: INFO     delaunay_type       = 2
2021-02-04 19:35:40,318: INFO     Set HNSW query-time parameters:
2021-02-04 19:35:40,318: INFO     ef(Search)         =20
2021-02-04 19:35:40,318: INFO     algoType           =2

0%   10   20   30   40   50   60   70   80   90   100%
|----|----|----|----|----|----|----|----|----|----|
***************************************************

0%   10   20   30   40   50   60   70   80   90   100%
|----|----|----|----|----|----|----|----|----|----|
****************************************************


2021-02-04 19:36:26,662: INFO     No appropriate custom distance function for Hamming (bit-storage) space
2021-02-04 19:36:26,662: INFO     searchMethod			  = 0
2021-02-04 19:36:26,959: INFO     Identifying guides that have a hamming distance <= 3 to all other potential guides
2021-02-04 19:36:29,021: INFO     Set HNSW query-time parameters:
2021-02-04 19:36:29,021: INFO     ef(Search)         =9
2021-02-04 19:36:29,021: INFO     algoType           =2
2021-02-04 19:37:40,595: INFO     Formatting data for BedTools
2021-02-04 19:37:43,571: INFO     Create GuideMaker Annotation object
2021-02-04 19:37:43,571: INFO     Identify genomic features
2021-02-04 19:37:43,572: INFO     check if ../all_test_data/Aspergillus_fumigatus.gbk is gzipped
2021-02-04 19:37:46,541: INFO     Total number of CDS/locus in the input genome: 9630
2021-02-04 19:37:46,542: INFO     Find genomic features closest the guides
2021-02-04 19:38:06,555: INFO     Select guides that start between +500 and -500 of a feature start
2021-02-04 19:38:07,700: INFO     Select description columns
2021-02-04 19:38:07,801: INFO     Format the output
2021-02-04 19:38:13,051: INFO     Number of Guides within a gene coordinates i.e. zero Feature distance: 231785
2021-02-04 19:38:17,648: INFO     creating random control guides
2021-02-04 19:38:18,346: INFO     Number of random control searched: 100
2021-02-04 19:38:18,347: INFO     Percentage of GC content in the input genome: 48.82
2021-02-04 19:38:18,347: INFO     Total length of the genome: 28.0 MB
2021-02-04 19:38:18,347: INFO     created 10 control guides with a minimum distance of 7 and a median distance of 7
2021-02-04 19:38:18,349: INFO     guidemaker completed, results are at TEST
2021-02-04 19:38:18,350: INFO     PAM sequence: NGG
2021-02-04 19:38:18,350: INFO     PAM orientation: 3prime
2021-02-04 19:38:18,350: INFO     Genome strand(s) searched: both
2021-02-04 19:38:18,350: INFO     Total PAM sites considered: 3499847
2021-02-04 19:38:18,350: INFO     Guide RNA candidates found: 435643
	Command being timed: "guidemaker -i ../all_test_data/Aspergillus_fumigatus.gbk --pamseq NGG --outdir TEST --pam_orientation 3prime --guidelength 20 --strand both --lcp 11 --dist 3 --before 500 --into 500 --knum 10 --controls 10 --log GM_63829313_6.log --threads 16"
	User time (seconds): 983.95
	System time (seconds): 62.24
	Percent of CPU this job got: 371%
	Elapsed (wall clock) time (h:mm:ss or m:ss): 4:41.67
	Average shared text size (kbytes): 0
	Average unshared data size (kbytes): 0
	Average stack size (kbytes): 0
	Average total size (kbytes): 0
	Maximum resident set size (kbytes): 9160472
	Average resident set size (kbytes): 0
	Major (requiring I/O) page faults: 0
	Minor (reclaiming a frame) page faults: 21033216
	Voluntary context switches: 2130406
	Involuntary context switches: 137237
	Swaps: 0
	File system inputs: 1272
	File system outputs: 1338448
	Socket messages sent: 0
	Socket messages received: 0
	Signals delivered: 0
	Page size (bytes): 4096
	Exit status: 0
My SLURM_ARRAY_TASK_ID:  6
My TMPDIR IS:  /scratch/local/63829313
Input Genome:>>>>>>>>>>>>>>>>>>>>>>>>>>>>>>>>>>>>>>>>>>>  Aspergillus_fumigatus.gbk
Input PAM:>>>>>>>>>>>>>>>>>>>>>>>>>>>>>>>>>>>>>>>>>>>  NGG
Threads used:>>>>>>>>>>>>>>>>>>>>>>>>>>>>>>>>>>>>>>>>>>>  32
GuideMaker
Your CPU supports instructions that this binary was not compiled to use: SSE4.1 SSE4.2 AVX AVX2
For maximum performance, you can install NMSLIB from sources 
pip install --no-binary :all: nmslib
2021-02-04 19:38:27,543: INFO     Temp directory is: /scratch/local/63829313/guidemaker__03v2aax
2021-02-04 19:38:27,543: INFO     Writing fasta file from genbank file(s)
2021-02-04 19:38:27,543: INFO     check if ../all_test_data/Aspergillus_fumigatus.gbk is gzipped
2021-02-04 19:38:30,677: INFO     Identifying PAM sites in the genome
2021-02-04 19:40:02,134: INFO     Checking guides for restriction enzymes
2021-02-04 19:40:03,197: INFO     Number of guides removed after checking for restriction enzymes: 0
2021-02-04 19:40:03,198: INFO     Identifing guides that are unique near the PAM site
2021-02-04 19:40:11,607: INFO     Number of guides removed after checking for unique PAM: 2195823
2021-02-04 19:40:11,607: INFO     Indexing all potential guide sites: 3499847. This is the longest step.
2021-02-04 19:40:26,823: INFO     M                   = 16
2021-02-04 19:40:26,823: INFO     indexThreadQty      = 32
2021-02-04 19:40:26,823: INFO     efConstruction      = 10
2021-02-04 19:40:26,823: INFO     maxM			          = 16
2021-02-04 19:40:26,823: INFO     maxM0			          = 32
2021-02-04 19:40:26,823: INFO     mult                = 0.360674
2021-02-04 19:40:26,824: INFO     skip_optimized_index= 0
2021-02-04 19:40:26,824: INFO     delaunay_type       = 2
2021-02-04 19:40:26,824: INFO     Set HNSW query-time parameters:
2021-02-04 19:40:26,824: INFO     ef(Search)         =20
2021-02-04 19:40:26,824: INFO     algoType           =2

0%   10   20   30   40   50   60   70   80   90   100%
|----|----|----|----|----|----|----|----|----|----|
***************************************************

0%   10   20   30   40   50   60   70   80   90   100%
|----|----|----|----|----|----|----|----|----|----|
*******************************************************2021-02-04 19:40:56,024: INFO     No appropriate custom distance function for Hamming (bit-storage) space
2021-02-04 19:40:56,024: INFO     searchMethod			  = 0
2021-02-04 19:40:56,322: INFO     Identifying guides that have a hamming distance <= 3 to all other potential guides
2021-02-04 19:40:58,482: INFO     Set HNSW query-time parameters:
2021-02-04 19:40:58,482: INFO     ef(Search)         =9
2021-02-04 19:40:58,482: INFO     algoType           =2
2021-02-04 19:42:12,185: INFO     Formatting data for BedTools
2021-02-04 19:42:15,189: INFO     Create GuideMaker Annotation object
2021-02-04 19:42:15,189: INFO     Identify genomic features
2021-02-04 19:42:15,190: INFO     check if ../all_test_data/Aspergillus_fumigatus.gbk is gzipped
2021-02-04 19:42:18,155: INFO     Total number of CDS/locus in the input genome: 9630
2021-02-04 19:42:18,155: INFO     Find genomic features closest the guides
2021-02-04 19:42:39,169: INFO     Select guides that start between +500 and -500 of a feature start
2021-02-04 19:42:40,375: INFO     Select description columns
2021-02-04 19:42:40,487: INFO     Format the output
2021-02-04 19:42:46,784: INFO     Number of Guides within a gene coordinates i.e. zero Feature distance: 231758
2021-02-04 19:42:51,630: INFO     creating random control guides
2021-02-04 19:42:52,432: INFO     Number of random control searched: 100
2021-02-04 19:42:52,432: INFO     Percentage of GC content in the input genome: 48.82
2021-02-04 19:42:52,432: INFO     Total length of the genome: 28.0 MB
2021-02-04 19:42:52,432: INFO     created 10 control guides with a minimum distance of 7 and a median distance of 7
2021-02-04 19:42:52,435: INFO     guidemaker completed, results are at TEST
2021-02-04 19:42:52,436: INFO     PAM sequence: NGG
2021-02-04 19:42:52,436: INFO     PAM orientation: 3prime
2021-02-04 19:42:52,436: INFO     Genome strand(s) searched: both
2021-02-04 19:42:52,436: INFO     Total PAM sites considered: 3499847
2021-02-04 19:42:52,436: INFO     Guide RNA candidates found: 435608
	Command being timed: "guidemaker -i ../all_test_data/Aspergillus_fumigatus.gbk --pamseq NGG --outdir TEST --pam_orientation 3prime --guidelength 20 --strand both --lcp 11 --dist 3 --before 500 --into 500 --knum 10 --controls 10 --log GM_63829313_6.log --threads 32"
	User time (seconds): 1064.19
	System time (seconds): 102.72
	Percent of CPU this job got: 424%
	Elapsed (wall clock) time (h:mm:ss or m:ss): 4:34.83
	Average shared text size (kbytes): 0
	Average unshared data size (kbytes): 0
	Average stack size (kbytes): 0
	Average total size (kbytes): 0
	Maximum resident set size (kbytes): 9246316
	Average resident set size (kbytes): 0
	Major (requiring I/O) page faults: 0
	Minor (reclaiming a frame) page faults: 17097946
	Voluntary context switches: 4767937
	Involuntary context switches: 209394
	Swaps: 0
	File system inputs: 1856
	File system outputs: 1338072
	Socket messages sent: 0
	Socket messages received: 0
	Signals delivered: 0
	Page size (bytes): 4096
	Exit status: 0
