Thu Feb  4 21:20:39 EST 2021
c27b-s35.ufhpc
/blue/garrett/rp3448/analysis/guidemaker/nonAVXGuidemaker

     active environment : NONAVX2
    active env location : /home/rp3448/.conda/envs/NONAVX2
            shell level : 3
       user config file : /home/rp3448/.condarc
 populated config files : /home/rp3448/.condarc
          conda version : 4.9.2
    conda-build version : not installed
         python version : 3.9.1.final.0
       virtual packages : __glibc=2.17=0
                          __unix=0=0
                          __archspec=1=x86_64
       base environment : /apps/conda/4.9.2  (read only)
           channel URLs : https://conda.anaconda.org/biobakery/linux-64
                          https://conda.anaconda.org/biobakery/noarch
                          https://conda.anaconda.org/conda-forge/linux-64
                          https://conda.anaconda.org/conda-forge/noarch
                          https://conda.anaconda.org/bioconda/linux-64
                          https://conda.anaconda.org/bioconda/noarch
                          https://repo.anaconda.com/pkgs/main/linux-64
                          https://repo.anaconda.com/pkgs/main/noarch
                          https://repo.anaconda.com/pkgs/r/linux-64
                          https://repo.anaconda.com/pkgs/r/noarch
          package cache : /apps/conda/4.9.2/pkgs
                          /home/rp3448/.conda/pkgs
       envs directories : /home/rp3448/.conda/envs
                          /apps/conda/4.9.2/envs
               platform : linux-64
             user-agent : conda/4.9.2 requests/2.25.1 CPython/3.9.1 Linux/3.10.0-1062.18.1.el7.x86_64 rhel/7.7 glibc/2.17
                UID:GID : 6472:3511
             netrc file : None
           offline mode : False

My SLURM_ARRAY_TASK_ID:  5
My TMPDIR IS:  /scratch/local/63833372
Input Genome:>>>>>>>>>>>>>>>>>>>>>>>>>>>>>>>>>>>>>>>>>>>  Aspergillus_fumigatus.gbk
Input PAM:>>>>>>>>>>>>>>>>>>>>>>>>>>>>>>>>>>>>>>>>>>>  NNAGAAW
Threads used:>>>>>>>>>>>>>>>>>>>>>>>>>>>>>>>>>>>>>>>>>>>  1
GuideMaker
Your CPU supports instructions that this binary was not compiled to use: SSE4.1 SSE4.2 AVX AVX2
For maximum performance, you can install NMSLIB from sources 
pip install --no-binary :all: nmslib
2021-02-04 21:20:44,065: INFO     Temp directory is: /scratch/local/63833372/guidemaker_2zkw9yc6
2021-02-04 21:20:44,065: INFO     Writing fasta file from genbank file(s)
2021-02-04 21:20:44,066: INFO     check if ../all_test_data/Aspergillus_fumigatus.gbk is gzipped
2021-02-04 21:20:47,157: INFO     Identifying PAM sites in the genome
2021-02-04 21:21:01,553: INFO     Checking guides for restriction enzymes
2021-02-04 21:21:01,606: INFO     Number of guides removed after checking for restriction enzymes: 0
2021-02-04 21:21:01,607: INFO     Identifing guides that are unique near the PAM site
2021-02-04 21:21:01,881: INFO     Number of guides removed after checking for unique PAM: 16937
2021-02-04 21:21:01,881: INFO     Indexing all potential guide sites: 160756. This is the longest step.
2021-02-04 21:21:02,777: INFO     M                   = 16
2021-02-04 21:21:02,778: INFO     indexThreadQty      = 1
2021-02-04 21:21:02,778: INFO     efConstruction      = 10
2021-02-04 21:21:02,778: INFO     maxM			          = 16
2021-02-04 21:21:02,778: INFO     maxM0			          = 32
2021-02-04 21:21:02,778: INFO     mult                = 0.360674
2021-02-04 21:21:02,778: INFO     skip_optimized_index= 0
2021-02-04 21:21:02,778: INFO     delaunay_type       = 2
2021-02-04 21:21:02,778: INFO     Set HNSW query-time parameters:
2021-02-04 21:21:02,778: INFO     ef(Search)         =20
2021-02-04 21:21:02,778: INFO     algoType           =2

0%   10   20   30   40   50   60   70   80   90   100%
|----|----|----|----|----|----|----|----|----|----|
***************************************************

0%   10   20   30   40   50   60   70   80   90   100%
|----|----|----|----|----|----|----|----|----|----|
***************************************************
*2021-02-04 21:21:15,088: INFO     No appropriate custom distance function for Hamming (bit-storage) space
2021-02-04 21:21:15,089: INFO     searchMethod			  = 0
2021-02-04 21:21:15,102: INFO     Identifying guides that have a hamming distance <= 3 to all other potential guides
2021-02-04 21:21:15,306: INFO     Set HNSW query-time parameters:
2021-02-04 21:21:15,306: INFO     ef(Search)         =9
2021-02-04 21:21:15,307: INFO     algoType           =2
2021-02-04 21:21:26,701: INFO     Formatting data for BedTools
2021-02-04 21:21:27,014: INFO     Create GuideMaker Annotation object
2021-02-04 21:21:27,014: INFO     Identify genomic features
2021-02-04 21:21:27,015: INFO     check if ../all_test_data/Aspergillus_fumigatus.gbk is gzipped
2021-02-04 21:21:31,528: INFO     Total number of CDS/locus in the input genome: 9630
2021-02-04 21:21:31,528: INFO     Find genomic features closest the guides
2021-02-04 21:21:33,846: INFO     Select guides that start between +500 and -500 of a feature start
2021-02-04 21:21:34,034: INFO     Select description columns
2021-02-04 21:21:34,146: INFO     Format the output
2021-02-04 21:21:34,706: INFO     Number of Guides within a gene coordinates i.e. zero Feature distance: 20835
2021-02-04 21:21:35,336: INFO     creating random control guides
2021-02-04 21:21:35,696: INFO     Number of random control searched: 100
2021-02-04 21:21:35,696: INFO     Percentage of GC content in the input genome: 48.82
2021-02-04 21:21:35,696: INFO     Total length of the genome: 28.0 MB
2021-02-04 21:21:35,696: INFO     created 10 control guides with a minimum distance of 8 and a median distance of 8
2021-02-04 21:21:35,699: INFO     guidemaker completed, results are at TEST
2021-02-04 21:21:35,700: INFO     PAM sequence: NNAGAAW
2021-02-04 21:21:35,700: INFO     PAM orientation: 3prime
2021-02-04 21:21:35,700: INFO     Genome strand(s) searched: both
2021-02-04 21:21:35,700: INFO     Total PAM sites considered: 160756
2021-02-04 21:21:35,700: INFO     Guide RNA candidates found: 49327
	Command being timed: "guidemaker -i ../all_test_data/Aspergillus_fumigatus.gbk --pamseq NNAGAAW --outdir TEST --pam_orientation 3prime --guidelength 20 --strand both --lcp 11 --dist 3 --before 500 --into 500 --knum 10 --controls 10 --log GM_63833372_5.log --threads 1"
	User time (seconds): 53.22
	System time (seconds): 2.62
	Percent of CPU this job got: 105%
	Elapsed (wall clock) time (h:mm:ss or m:ss): 0:52.93
	Average shared text size (kbytes): 0
	Average unshared data size (kbytes): 0
	Average stack size (kbytes): 0
	Average total size (kbytes): 0
	Maximum resident set size (kbytes): 662364
	Average resident set size (kbytes): 0
	Major (requiring I/O) page faults: 0
	Minor (reclaiming a frame) page faults: 713575
	Voluntary context switches: 1591
	Involuntary context switches: 288184
	Swaps: 0
	File system inputs: 600
	File system outputs: 202880
	Socket messages sent: 0
	Socket messages received: 0
	Signals delivered: 0
	Page size (bytes): 4096
	Exit status: 0
My SLURM_ARRAY_TASK_ID:  5
My TMPDIR IS:  /scratch/local/63833372
Input Genome:>>>>>>>>>>>>>>>>>>>>>>>>>>>>>>>>>>>>>>>>>>>  Aspergillus_fumigatus.gbk
Input PAM:>>>>>>>>>>>>>>>>>>>>>>>>>>>>>>>>>>>>>>>>>>>  NNAGAAW
Threads used:>>>>>>>>>>>>>>>>>>>>>>>>>>>>>>>>>>>>>>>>>>>  2
GuideMaker
Your CPU supports instructions that this binary was not compiled to use: SSE4.1 SSE4.2 AVX AVX2
For maximum performance, you can install NMSLIB from sources 
pip install --no-binary :all: nmslib
2021-02-04 21:21:37,317: INFO     Temp directory is: /scratch/local/63833372/guidemaker_3y5r41um
2021-02-04 21:21:37,317: INFO     Writing fasta file from genbank file(s)
2021-02-04 21:21:37,318: INFO     check if ../all_test_data/Aspergillus_fumigatus.gbk is gzipped
2021-02-04 21:21:40,377: INFO     Identifying PAM sites in the genome
2021-02-04 21:21:55,484: INFO     Checking guides for restriction enzymes
2021-02-04 21:21:55,538: INFO     Number of guides removed after checking for restriction enzymes: 0
2021-02-04 21:21:55,538: INFO     Identifing guides that are unique near the PAM site
2021-02-04 21:21:55,811: INFO     Number of guides removed after checking for unique PAM: 16937
2021-02-04 21:21:55,811: INFO     Indexing all potential guide sites: 160756. This is the longest step.
2021-02-04 21:21:56,708: INFO     M                   = 16
2021-02-04 21:21:56,709: INFO     indexThreadQty      = 2
2021-02-04 21:21:56,709: INFO     efConstruction      = 10
2021-02-04 21:21:56,709: INFO     maxM			          = 16
2021-02-04 21:21:56,709: INFO     maxM0			          = 32
2021-02-04 21:21:56,709: INFO     mult                = 0.360674
2021-02-04 21:21:56,709: INFO     skip_optimized_index= 0
2021-02-04 21:21:56,709: INFO     delaunay_type       = 2
2021-02-04 21:21:56,709: INFO     Set HNSW query-time parameters:
2021-02-04 21:21:56,709: INFO     ef(Search)         =20
2021-02-04 21:21:56,709: INFO     algoType           =2

0%   10   20   30   40   50   60   70   80   90   100%
|----|----|----|----|----|----|----|----|----|----|
***************************************************

0%   10   20   30   40   50   60   70   80   90   100%
|----|----|----|----|----|----|----|----|----|----|
****************************************************


2021-02-04 21:22:03,624: INFO     No appropriate custom distance function for Hamming (bit-storage) space
2021-02-04 21:22:03,625: INFO     searchMethod			  = 0
2021-02-04 21:22:03,639: INFO     Identifying guides that have a hamming distance <= 3 to all other potential guides
2021-02-04 21:22:03,880: INFO     Set HNSW query-time parameters:
2021-02-04 21:22:03,880: INFO     ef(Search)         =9
2021-02-04 21:22:03,880: INFO     algoType           =2
2021-02-04 21:22:12,605: INFO     Formatting data for BedTools
2021-02-04 21:22:12,861: INFO     Create GuideMaker Annotation object
2021-02-04 21:22:12,862: INFO     Identify genomic features
2021-02-04 21:22:12,862: INFO     check if ../all_test_data/Aspergillus_fumigatus.gbk is gzipped
2021-02-04 21:22:16,618: INFO     Total number of CDS/locus in the input genome: 9630
2021-02-04 21:22:16,618: INFO     Find genomic features closest the guides
2021-02-04 21:22:18,838: INFO     Select guides that start between +500 and -500 of a feature start
2021-02-04 21:22:19,016: INFO     Select description columns
2021-02-04 21:22:19,130: INFO     Format the output
2021-02-04 21:22:19,757: INFO     Number of Guides within a gene coordinates i.e. zero Feature distance: 20832
2021-02-04 21:22:20,314: INFO     creating random control guides
2021-02-04 21:22:20,712: INFO     Number of random control searched: 100
2021-02-04 21:22:20,712: INFO     Percentage of GC content in the input genome: 48.82
2021-02-04 21:22:20,712: INFO     Total length of the genome: 28.0 MB
2021-02-04 21:22:20,712: INFO     created 10 control guides with a minimum distance of 8 and a median distance of 8
2021-02-04 21:22:20,715: INFO     guidemaker completed, results are at TEST
2021-02-04 21:22:20,715: INFO     PAM sequence: NNAGAAW
2021-02-04 21:22:20,715: INFO     PAM orientation: 3prime
2021-02-04 21:22:20,716: INFO     Genome strand(s) searched: both
2021-02-04 21:22:20,716: INFO     Total PAM sites considered: 160756
2021-02-04 21:22:20,716: INFO     Guide RNA candidates found: 49314
	Command being timed: "guidemaker -i ../all_test_data/Aspergillus_fumigatus.gbk --pamseq NNAGAAW --outdir TEST --pam_orientation 3prime --guidelength 20 --strand both --lcp 11 --dist 3 --before 500 --into 500 --knum 10 --controls 10 --log GM_63833372_5.log --threads 2"
	User time (seconds): 54.34
	System time (seconds): 3.15
	Percent of CPU this job got: 127%
	Elapsed (wall clock) time (h:mm:ss or m:ss): 0:45.17
	Average shared text size (kbytes): 0
	Average unshared data size (kbytes): 0
	Average stack size (kbytes): 0
	Average total size (kbytes): 0
	Maximum resident set size (kbytes): 716552
	Average resident set size (kbytes): 0
	Major (requiring I/O) page faults: 0
	Minor (reclaiming a frame) page faults: 961668
	Voluntary context switches: 14966
	Involuntary context switches: 431
	Swaps: 0
	File system inputs: 64
	File system outputs: 202792
	Socket messages sent: 0
	Socket messages received: 0
	Signals delivered: 0
	Page size (bytes): 4096
	Exit status: 0
My SLURM_ARRAY_TASK_ID:  5
My TMPDIR IS:  /scratch/local/63833372
Input Genome:>>>>>>>>>>>>>>>>>>>>>>>>>>>>>>>>>>>>>>>>>>>  Aspergillus_fumigatus.gbk
Input PAM:>>>>>>>>>>>>>>>>>>>>>>>>>>>>>>>>>>>>>>>>>>>  NNAGAAW
Threads used:>>>>>>>>>>>>>>>>>>>>>>>>>>>>>>>>>>>>>>>>>>>  4
GuideMaker
Your CPU supports instructions that this binary was not compiled to use: SSE4.1 SSE4.2 AVX AVX2
For maximum performance, you can install NMSLIB from sources 
pip install --no-binary :all: nmslib
2021-02-04 21:22:22,265: INFO     Temp directory is: /scratch/local/63833372/guidemaker_ls5h6ha0
2021-02-04 21:22:22,265: INFO     Writing fasta file from genbank file(s)
2021-02-04 21:22:22,265: INFO     check if ../all_test_data/Aspergillus_fumigatus.gbk is gzipped
2021-02-04 21:22:25,369: INFO     Identifying PAM sites in the genome
2021-02-04 21:22:39,858: INFO     Checking guides for restriction enzymes
2021-02-04 21:22:39,900: INFO     Number of guides removed after checking for restriction enzymes: 0
2021-02-04 21:22:39,900: INFO     Identifing guides that are unique near the PAM site
2021-02-04 21:22:40,134: INFO     Number of guides removed after checking for unique PAM: 16937
2021-02-04 21:22:40,134: INFO     Indexing all potential guide sites: 160756. This is the longest step.
2021-02-04 21:22:40,830: INFO     M                   = 16
2021-02-04 21:22:40,830: INFO     indexThreadQty      = 4
2021-02-04 21:22:40,830: INFO     efConstruction      = 10
2021-02-04 21:22:40,830: INFO     maxM			          = 16
2021-02-04 21:22:40,830: INFO     maxM0			          = 32
2021-02-04 21:22:40,830: INFO     mult                = 0.360674
2021-02-04 21:22:40,830: INFO     skip_optimized_index= 0
2021-02-04 21:22:40,830: INFO     delaunay_type       = 2
2021-02-04 21:22:40,830: INFO     Set HNSW query-time parameters:
2021-02-04 21:22:40,831: INFO     ef(Search)         =20
2021-02-04 21:22:40,831: INFO     algoType           =2

0%   10   20   30   40   50   60   70   80   90   100%
|----|----|----|----|----|----|----|----|----|----|
***************************************************

0%   10   20   30   40   50   60   70   80   90   100%
|----|----|----|----|----|----|----|----|----|----|
****************************************************2021-02-04 21:22:44,859: INFO     No appropriate custom distance function for Hamming (bit-storage) space
2021-02-04 21:22:44,860: INFO     searchMethod			  = 0
2021-02-04 21:22:44,873: INFO     Identifying guides that have a hamming distance <= 3 to all other potential guides
2021-02-04 21:22:45,070: INFO     Set HNSW query-time parameters:
2021-02-04 21:22:45,070: INFO     ef(Search)         =9
2021-02-04 21:22:45,070: INFO     algoType           =2
2021-02-04 21:22:52,619: INFO     Formatting data for BedTools
2021-02-04 21:22:52,874: INFO     Create GuideMaker Annotation object
2021-02-04 21:22:52,874: INFO     Identify genomic features
2021-02-04 21:22:52,874: INFO     check if ../all_test_data/Aspergillus_fumigatus.gbk is gzipped
2021-02-04 21:22:56,691: INFO     Total number of CDS/locus in the input genome: 9630
2021-02-04 21:22:56,691: INFO     Find genomic features closest the guides
2021-02-04 21:22:58,733: INFO     Select guides that start between +500 and -500 of a feature start
2021-02-04 21:22:58,923: INFO     Select description columns
2021-02-04 21:22:59,026: INFO     Format the output
2021-02-04 21:22:59,562: INFO     Number of Guides within a gene coordinates i.e. zero Feature distance: 20833
2021-02-04 21:23:00,170: INFO     creating random control guides
2021-02-04 21:23:00,525: INFO     Number of random control searched: 100
2021-02-04 21:23:00,525: INFO     Percentage of GC content in the input genome: 48.82
2021-02-04 21:23:00,525: INFO     Total length of the genome: 28.0 MB
2021-02-04 21:23:00,525: INFO     created 10 control guides with a minimum distance of 8 and a median distance of 8
2021-02-04 21:23:00,528: INFO     guidemaker completed, results are at TEST
2021-02-04 21:23:00,528: INFO     PAM sequence: NNAGAAW
2021-02-04 21:23:00,528: INFO     PAM orientation: 3prime
2021-02-04 21:23:00,528: INFO     Genome strand(s) searched: both
2021-02-04 21:23:00,528: INFO     Total PAM sites considered: 160756
2021-02-04 21:23:00,528: INFO     Guide RNA candidates found: 49313
	Command being timed: "guidemaker -i ../all_test_data/Aspergillus_fumigatus.gbk --pamseq NNAGAAW --outdir TEST --pam_orientation 3prime --guidelength 20 --strand both --lcp 11 --dist 3 --before 500 --into 500 --knum 10 --controls 10 --log GM_63833372_5.log --threads 4"
	User time (seconds): 54.87
	System time (seconds): 3.15
	Percent of CPU this job got: 146%
	Elapsed (wall clock) time (h:mm:ss or m:ss): 0:39.68
	Average shared text size (kbytes): 0
	Average unshared data size (kbytes): 0
	Average stack size (kbytes): 0
	Average total size (kbytes): 0
	Maximum resident set size (kbytes): 716996
	Average resident set size (kbytes): 0
	Major (requiring I/O) page faults: 0
	Minor (reclaiming a frame) page faults: 766725
	Voluntary context switches: 29350
	Involuntary context switches: 503526
	Swaps: 0
	File system inputs: 8
	File system outputs: 202768
	Socket messages sent: 0
	Socket messages received: 0
	Signals delivered: 0
	Page size (bytes): 4096
	Exit status: 0
My SLURM_ARRAY_TASK_ID:  5
My TMPDIR IS:  /scratch/local/63833372
Input Genome:>>>>>>>>>>>>>>>>>>>>>>>>>>>>>>>>>>>>>>>>>>>  Aspergillus_fumigatus.gbk
Input PAM:>>>>>>>>>>>>>>>>>>>>>>>>>>>>>>>>>>>>>>>>>>>  NNAGAAW
Threads used:>>>>>>>>>>>>>>>>>>>>>>>>>>>>>>>>>>>>>>>>>>>  8
GuideMaker
Your CPU supports instructions that this binary was not compiled to use: SSE4.1 SSE4.2 AVX AVX2
For maximum performance, you can install NMSLIB from sources 
pip install --no-binary :all: nmslib
2021-02-04 21:23:02,264: INFO     Temp directory is: /scratch/local/63833372/guidemaker_nvk7jsep
2021-02-04 21:23:02,264: INFO     Writing fasta file from genbank file(s)
2021-02-04 21:23:02,264: INFO     check if ../all_test_data/Aspergillus_fumigatus.gbk is gzipped
2021-02-04 21:23:05,347: INFO     Identifying PAM sites in the genome
2021-02-04 21:23:20,807: INFO     Checking guides for restriction enzymes
2021-02-04 21:23:20,848: INFO     Number of guides removed after checking for restriction enzymes: 0
2021-02-04 21:23:20,848: INFO     Identifing guides that are unique near the PAM site
2021-02-04 21:23:21,084: INFO     Number of guides removed after checking for unique PAM: 16937
2021-02-04 21:23:21,085: INFO     Indexing all potential guide sites: 160756. This is the longest step.
2021-02-04 21:23:21,761: INFO     M                   = 16
2021-02-04 21:23:21,761: INFO     indexThreadQty      = 8
2021-02-04 21:23:21,761: INFO     efConstruction      = 10
2021-02-04 21:23:21,761: INFO     maxM			          = 16
2021-02-04 21:23:21,761: INFO     maxM0			          = 32
2021-02-04 21:23:21,761: INFO     mult                = 0.360674
2021-02-04 21:23:21,761: INFO     skip_optimized_index= 0
2021-02-04 21:23:21,761: INFO     delaunay_type       = 2
2021-02-04 21:23:21,762: INFO     Set HNSW query-time parameters:
2021-02-04 21:23:21,762: INFO     ef(Search)         =20
2021-02-04 21:23:21,762: INFO     algoType           =2

0%   10   20   30   40   50   60   70   80   90   100%
|----|----|----|----|----|----|----|----|----|----|
***************************************************

0%   10   20   30   40   50   60   70   80   90   100%
|----|----|----|----|----|----|----|----|----|----|
****************************************************2021-02-04 21:23:23,820: INFO     No appropriate custom distance function for Hamming (bit-storage) space
2021-02-04 21:23:23,821: INFO     searchMethod			  = 0
2021-02-04 21:23:23,830: INFO     Identifying guides that have a hamming distance <= 3 to all other potential guides
2021-02-04 21:23:24,047: INFO     Set HNSW query-time parameters:
2021-02-04 21:23:24,047: INFO     ef(Search)         =9
2021-02-04 21:23:24,047: INFO     algoType           =2
2021-02-04 21:23:31,735: INFO     Formatting data for BedTools
2021-02-04 21:23:32,007: INFO     Create GuideMaker Annotation object
2021-02-04 21:23:32,008: INFO     Identify genomic features
2021-02-04 21:23:32,008: INFO     check if ../all_test_data/Aspergillus_fumigatus.gbk is gzipped
2021-02-04 21:23:35,879: INFO     Total number of CDS/locus in the input genome: 9630
2021-02-04 21:23:35,879: INFO     Find genomic features closest the guides
2021-02-04 21:23:37,915: INFO     Select guides that start between +500 and -500 of a feature start
2021-02-04 21:23:38,083: INFO     Select description columns
2021-02-04 21:23:38,188: INFO     Format the output
2021-02-04 21:23:38,754: INFO     Number of Guides within a gene coordinates i.e. zero Feature distance: 20836
2021-02-04 21:23:39,239: INFO     creating random control guides
2021-02-04 21:23:39,602: INFO     Number of random control searched: 100
2021-02-04 21:23:39,602: INFO     Percentage of GC content in the input genome: 48.82
2021-02-04 21:23:39,602: INFO     Total length of the genome: 28.0 MB
2021-02-04 21:23:39,602: INFO     created 10 control guides with a minimum distance of 8 and a median distance of 8
2021-02-04 21:23:39,605: INFO     guidemaker completed, results are at TEST
2021-02-04 21:23:39,605: INFO     PAM sequence: NNAGAAW
2021-02-04 21:23:39,605: INFO     PAM orientation: 3prime
2021-02-04 21:23:39,605: INFO     Genome strand(s) searched: both
2021-02-04 21:23:39,605: INFO     Total PAM sites considered: 160756
2021-02-04 21:23:39,606: INFO     Guide RNA candidates found: 49318
	Command being timed: "guidemaker -i ../all_test_data/Aspergillus_fumigatus.gbk --pamseq NNAGAAW --outdir TEST --pam_orientation 3prime --guidelength 20 --strand both --lcp 11 --dist 3 --before 500 --into 500 --knum 10 --controls 10 --log GM_63833372_5.log --threads 8"
	User time (seconds): 57.14
	System time (seconds): 3.18
	Percent of CPU this job got: 154%
	Elapsed (wall clock) time (h:mm:ss or m:ss): 0:39.08
	Average shared text size (kbytes): 0
	Average unshared data size (kbytes): 0
	Average stack size (kbytes): 0
	Average total size (kbytes): 0
	Maximum resident set size (kbytes): 719236
	Average resident set size (kbytes): 0
	Major (requiring I/O) page faults: 0
	Minor (reclaiming a frame) page faults: 675075
	Voluntary context switches: 54736
	Involuntary context switches: 425311
	Swaps: 0
	File system inputs: 0
	File system outputs: 202776
	Socket messages sent: 0
	Socket messages received: 0
	Signals delivered: 0
	Page size (bytes): 4096
	Exit status: 0
My SLURM_ARRAY_TASK_ID:  5
My TMPDIR IS:  /scratch/local/63833372
Input Genome:>>>>>>>>>>>>>>>>>>>>>>>>>>>>>>>>>>>>>>>>>>>  Aspergillus_fumigatus.gbk
Input PAM:>>>>>>>>>>>>>>>>>>>>>>>>>>>>>>>>>>>>>>>>>>>  NNAGAAW
Threads used:>>>>>>>>>>>>>>>>>>>>>>>>>>>>>>>>>>>>>>>>>>>  16
GuideMaker
Your CPU supports instructions that this binary was not compiled to use: SSE4.1 SSE4.2 AVX AVX2
For maximum performance, you can install NMSLIB from sources 
pip install --no-binary :all: nmslib
2021-02-04 21:23:40,968: INFO     Temp directory is: /scratch/local/63833372/guidemaker_mpfebouu
2021-02-04 21:23:40,968: INFO     Writing fasta file from genbank file(s)
2021-02-04 21:23:40,969: INFO     check if ../all_test_data/Aspergillus_fumigatus.gbk is gzipped
2021-02-04 21:23:44,030: INFO     Identifying PAM sites in the genome
2021-02-04 21:23:58,677: INFO     Checking guides for restriction enzymes
2021-02-04 21:23:58,724: INFO     Number of guides removed after checking for restriction enzymes: 0
2021-02-04 21:23:58,724: INFO     Identifing guides that are unique near the PAM site
2021-02-04 21:23:58,967: INFO     Number of guides removed after checking for unique PAM: 16937
2021-02-04 21:23:58,967: INFO     Indexing all potential guide sites: 160756. This is the longest step.
2021-02-04 21:23:59,708: INFO     M                   = 16
2021-02-04 21:23:59,708: INFO     indexThreadQty      = 16
2021-02-04 21:23:59,708: INFO     efConstruction      = 10
2021-02-04 21:23:59,708: INFO     maxM			          = 16
2021-02-04 21:23:59,708: INFO     maxM0			          = 32
2021-02-04 21:23:59,708: INFO     mult                = 0.360674
2021-02-04 21:23:59,709: INFO     skip_optimized_index= 0
2021-02-04 21:23:59,709: INFO     delaunay_type       = 2
2021-02-04 21:23:59,709: INFO     Set HNSW query-time parameters:
2021-02-04 21:23:59,709: INFO     ef(Search)         =20
2021-02-04 21:23:59,709: INFO     algoType           =2

0%   10   20   30   40   50   60   70   80   90   100%
|----|----|----|----|----|----|----|----|----|----|
***************************************************

0%   10   20   30   40   50   60   70   80   90   100%
|----|----|----|----|----|----|----|----|----|----|
****************************************************2021-02-04 21:24:00,912: INFO     No appropriate custom distance function for Hamming (bit-storage) space
2021-02-04 21:24:00,912: INFO     searchMethod			  = 0
2021-02-04 21:24:00,920: INFO     Identifying guides that have a hamming distance <= 3 to all other potential guides
2021-02-04 21:24:01,128: INFO     Set HNSW query-time parameters:
2021-02-04 21:24:01,128: INFO     ef(Search)         =9
2021-02-04 21:24:01,128: INFO     algoType           =2
2021-02-04 21:24:07,972: INFO     Formatting data for BedTools
2021-02-04 21:24:08,228: INFO     Create GuideMaker Annotation object
2021-02-04 21:24:08,229: INFO     Identify genomic features
2021-02-04 21:24:08,229: INFO     check if ../all_test_data/Aspergillus_fumigatus.gbk is gzipped
2021-02-04 21:24:11,992: INFO     Total number of CDS/locus in the input genome: 9630
2021-02-04 21:24:11,992: INFO     Find genomic features closest the guides
2021-02-04 21:24:13,980: INFO     Select guides that start between +500 and -500 of a feature start
2021-02-04 21:24:14,144: INFO     Select description columns
2021-02-04 21:24:14,243: INFO     Format the output
2021-02-04 21:24:14,762: INFO     Number of Guides within a gene coordinates i.e. zero Feature distance: 20836
2021-02-04 21:24:15,297: INFO     creating random control guides
2021-02-04 21:24:15,652: INFO     Number of random control searched: 100
2021-02-04 21:24:15,653: INFO     Percentage of GC content in the input genome: 48.82
2021-02-04 21:24:15,653: INFO     Total length of the genome: 28.0 MB
2021-02-04 21:24:15,653: INFO     created 10 control guides with a minimum distance of 8 and a median distance of 8
2021-02-04 21:24:15,655: INFO     guidemaker completed, results are at TEST
2021-02-04 21:24:15,655: INFO     PAM sequence: NNAGAAW
2021-02-04 21:24:15,655: INFO     PAM orientation: 3prime
2021-02-04 21:24:15,655: INFO     Genome strand(s) searched: both
2021-02-04 21:24:15,656: INFO     Total PAM sites considered: 160756
2021-02-04 21:24:15,656: INFO     Guide RNA candidates found: 49312
	Command being timed: "guidemaker -i ../all_test_data/Aspergillus_fumigatus.gbk --pamseq NNAGAAW --outdir TEST --pam_orientation 3prime --guidelength 20 --strand both --lcp 11 --dist 3 --before 500 --into 500 --knum 10 --controls 10 --log GM_63833372_5.log --threads 16"
	User time (seconds): 57.84
	System time (seconds): 3.54
	Percent of CPU this job got: 170%
	Elapsed (wall clock) time (h:mm:ss or m:ss): 0:36.00
	Average shared text size (kbytes): 0
	Average unshared data size (kbytes): 0
	Average stack size (kbytes): 0
	Average total size (kbytes): 0
	Maximum resident set size (kbytes): 720884
	Average resident set size (kbytes): 0
	Major (requiring I/O) page faults: 0
	Minor (reclaiming a frame) page faults: 671509
	Voluntary context switches: 109547
	Involuntary context switches: 286891
	Swaps: 0
	File system inputs: 72
	File system outputs: 202784
	Socket messages sent: 0
	Socket messages received: 0
	Signals delivered: 0
	Page size (bytes): 4096
	Exit status: 0
My SLURM_ARRAY_TASK_ID:  5
My TMPDIR IS:  /scratch/local/63833372
Input Genome:>>>>>>>>>>>>>>>>>>>>>>>>>>>>>>>>>>>>>>>>>>>  Aspergillus_fumigatus.gbk
Input PAM:>>>>>>>>>>>>>>>>>>>>>>>>>>>>>>>>>>>>>>>>>>>  NNAGAAW
Threads used:>>>>>>>>>>>>>>>>>>>>>>>>>>>>>>>>>>>>>>>>>>>  32
GuideMaker
Your CPU supports instructions that this binary was not compiled to use: SSE4.1 SSE4.2 AVX AVX2
For maximum performance, you can install NMSLIB from sources 
pip install --no-binary :all: nmslib
2021-02-04 21:24:17,303: INFO     Temp directory is: /scratch/local/63833372/guidemaker_ne2wptzj
2021-02-04 21:24:17,303: INFO     Writing fasta file from genbank file(s)
2021-02-04 21:24:17,304: INFO     check if ../all_test_data/Aspergillus_fumigatus.gbk is gzipped
2021-02-04 21:24:20,405: INFO     Identifying PAM sites in the genome
2021-02-04 21:24:35,796: INFO     Checking guides for restriction enzymes
2021-02-04 21:24:35,837: INFO     Number of guides removed after checking for restriction enzymes: 0
2021-02-04 21:24:35,838: INFO     Identifing guides that are unique near the PAM site
2021-02-04 21:24:36,072: INFO     Number of guides removed after checking for unique PAM: 16937
2021-02-04 21:24:36,072: INFO     Indexing all potential guide sites: 160756. This is the longest step.
2021-02-04 21:24:36,764: INFO     M                   = 16
2021-02-04 21:24:36,764: INFO     indexThreadQty      = 32
2021-02-04 21:24:36,764: INFO     efConstruction      = 10
2021-02-04 21:24:36,764: INFO     maxM			          = 16
2021-02-04 21:24:36,764: INFO     maxM0			          = 32
2021-02-04 21:24:36,764: INFO     mult                = 0.360674
2021-02-04 21:24:36,765: INFO     skip_optimized_index= 0
2021-02-04 21:24:36,765: INFO     delaunay_type       = 2
2021-02-04 21:24:36,765: INFO     Set HNSW query-time parameters:
2021-02-04 21:24:36,765: INFO     ef(Search)         =20
2021-02-04 21:24:36,765: INFO     algoType           =2

0%   10   20   30   40   50   60   70   80   90   100%
|----|----|----|----|----|----|----|----|----|----|
***************************************************

0%   10   20   30   40   50   60   70   80   90   100%
|----|----|----|----|----|----|----|----|----|----|
*******************************************************2021-02-04 21:24:37,545: INFO     No appropriate custom distance function for Hamming (bit-storage) space
2021-02-04 21:24:37,546: INFO     searchMethod			  = 0
2021-02-04 21:24:37,555: INFO     Identifying guides that have a hamming distance <= 3 to all other potential guides
2021-02-04 21:24:37,793: INFO     Set HNSW query-time parameters:
2021-02-04 21:24:37,793: INFO     ef(Search)         =9
2021-02-04 21:24:37,793: INFO     algoType           =2
2021-02-04 21:24:44,700: INFO     Formatting data for BedTools
2021-02-04 21:24:44,963: INFO     Create GuideMaker Annotation object
2021-02-04 21:24:44,963: INFO     Identify genomic features
2021-02-04 21:24:44,964: INFO     check if ../all_test_data/Aspergillus_fumigatus.gbk is gzipped
2021-02-04 21:24:49,190: INFO     Total number of CDS/locus in the input genome: 9630
2021-02-04 21:24:49,190: INFO     Find genomic features closest the guides
2021-02-04 21:24:51,404: INFO     Select guides that start between +500 and -500 of a feature start
2021-02-04 21:24:51,580: INFO     Select description columns
2021-02-04 21:24:51,686: INFO     Format the output
2021-02-04 21:24:52,271: INFO     Number of Guides within a gene coordinates i.e. zero Feature distance: 20832
2021-02-04 21:24:52,765: INFO     creating random control guides
2021-02-04 21:24:53,119: INFO     Number of random control searched: 100
2021-02-04 21:24:53,119: INFO     Percentage of GC content in the input genome: 48.82
2021-02-04 21:24:53,119: INFO     Total length of the genome: 28.0 MB
2021-02-04 21:24:53,119: INFO     created 10 control guides with a minimum distance of 8 and a median distance of 8
2021-02-04 21:24:53,122: INFO     guidemaker completed, results are at TEST
2021-02-04 21:24:53,122: INFO     PAM sequence: NNAGAAW
2021-02-04 21:24:53,122: INFO     PAM orientation: 3prime
2021-02-04 21:24:53,122: INFO     Genome strand(s) searched: both
2021-02-04 21:24:53,122: INFO     Total PAM sites considered: 160756
2021-02-04 21:24:53,122: INFO     Guide RNA candidates found: 49323
	Command being timed: "guidemaker -i ../all_test_data/Aspergillus_fumigatus.gbk --pamseq NNAGAAW --outdir TEST --pam_orientation 3prime --guidelength 20 --strand both --lcp 11 --dist 3 --before 500 --into 500 --knum 10 --controls 10 --log GM_63833372_5.log --threads 32"
	User time (seconds): 61.22
	System time (seconds): 4.93
	Percent of CPU this job got: 176%
	Elapsed (wall clock) time (h:mm:ss or m:ss): 0:37.54
	Average shared text size (kbytes): 0
	Average unshared data size (kbytes): 0
	Average stack size (kbytes): 0
	Average total size (kbytes): 0
	Maximum resident set size (kbytes): 714576
	Average resident set size (kbytes): 0
	Major (requiring I/O) page faults: 0
	Minor (reclaiming a frame) page faults: 664207
	Voluntary context switches: 253899
	Involuntary context switches: 143612
	Swaps: 0
	File system inputs: 0
	File system outputs: 202824
	Socket messages sent: 0
	Socket messages received: 0
	Signals delivered: 0
	Page size (bytes): 4096
	Exit status: 0
