Thu Feb  4 19:50:36 EST 2021
c26b-s8.ufhpc
/blue/garrett/rp3448/analysis/guidemaker/nonAVXGuidemaker

     active environment : NONAVX2
    active env location : /home/rp3448/.conda/envs/NONAVX2
            shell level : 3
       user config file : /home/rp3448/.condarc
 populated config files : /home/rp3448/.condarc
          conda version : 4.9.2
    conda-build version : not installed
         python version : 3.9.1.final.0
       virtual packages : __glibc=2.17=0
                          __unix=0=0
                          __archspec=1=x86_64
       base environment : /apps/conda/4.9.2  (read only)
           channel URLs : https://conda.anaconda.org/biobakery/linux-64
                          https://conda.anaconda.org/biobakery/noarch
                          https://conda.anaconda.org/conda-forge/linux-64
                          https://conda.anaconda.org/conda-forge/noarch
                          https://conda.anaconda.org/bioconda/linux-64
                          https://conda.anaconda.org/bioconda/noarch
                          https://repo.anaconda.com/pkgs/main/linux-64
                          https://repo.anaconda.com/pkgs/main/noarch
                          https://repo.anaconda.com/pkgs/r/linux-64
                          https://repo.anaconda.com/pkgs/r/noarch
          package cache : /apps/conda/4.9.2/pkgs
                          /home/rp3448/.conda/pkgs
       envs directories : /home/rp3448/.conda/envs
                          /apps/conda/4.9.2/envs
               platform : linux-64
             user-agent : conda/4.9.2 requests/2.25.1 CPython/3.9.1 Linux/3.10.0-1062.18.1.el7.x86_64 rhel/7.7 glibc/2.17
                UID:GID : 6472:3511
             netrc file : None
           offline mode : False

My SLURM_ARRAY_TASK_ID:  4
My TMPDIR IS:  /scratch/local/63831069
Input Genome:>>>>>>>>>>>>>>>>>>>>>>>>>>>>>>>>>>>>>>>>>>>  Escherichia.coli_str_K-12_substr_MG1655.gbk
Input PAM:>>>>>>>>>>>>>>>>>>>>>>>>>>>>>>>>>>>>>>>>>>>  NGRRT
Threads used:>>>>>>>>>>>>>>>>>>>>>>>>>>>>>>>>>>>>>>>>>>>  1
GuideMaker
Your CPU supports instructions that this binary was not compiled to use: SSE4.1 SSE4.2 AVX AVX2
For maximum performance, you can install NMSLIB from sources 
pip install --no-binary :all: nmslib
2021-02-04 19:50:41,808: INFO     Temp directory is: /scratch/local/63831069/guidemaker_t9lw096i
2021-02-04 19:50:41,809: INFO     Writing fasta file from genbank file(s)
2021-02-04 19:50:41,809: INFO     check if ../all_test_data/Escherichia.coli_str_K-12_substr_MG1655.gbk is gzipped
2021-02-04 19:50:42,700: INFO     Identifying PAM sites in the genome
2021-02-04 19:50:47,266: INFO     Checking guides for restriction enzymes
2021-02-04 19:50:47,302: INFO     Number of guides removed after checking for restriction enzymes: 0
2021-02-04 19:50:47,303: INFO     Identifing guides that are unique near the PAM site
2021-02-04 19:50:47,487: INFO     Number of guides removed after checking for unique PAM: 11268
2021-02-04 19:50:47,488: INFO     Indexing all potential guide sites: 115034. This is the longest step.
2021-02-04 19:50:48,028: INFO     M                   = 16
2021-02-04 19:50:48,028: INFO     indexThreadQty      = 1
2021-02-04 19:50:48,028: INFO     efConstruction      = 10
2021-02-04 19:50:48,028: INFO     maxM			          = 16
2021-02-04 19:50:48,028: INFO     maxM0			          = 32
2021-02-04 19:50:48,028: INFO     mult                = 0.360674
2021-02-04 19:50:48,028: INFO     skip_optimized_index= 0
2021-02-04 19:50:48,028: INFO     delaunay_type       = 2
2021-02-04 19:50:48,028: INFO     Set HNSW query-time parameters:
2021-02-04 19:50:48,029: INFO     ef(Search)         =20
2021-02-04 19:50:48,029: INFO     algoType           =2

0%   10   20   30   40   50   60   70   80   90   100%
|----|----|----|----|----|----|----|----|----|----|
***************************************************

0%   10   20   30   40   50   60   70   80   90   100%
|----|----|----|----|----|----|----|----|----|----|
***************************************************
*2021-02-04 19:50:55,759: INFO     No appropriate custom distance function for Hamming (bit-storage) space
2021-02-04 19:50:55,760: INFO     searchMethod			  = 0
2021-02-04 19:50:55,770: INFO     Identifying guides that have a hamming distance <= 3 to all other potential guides
2021-02-04 19:50:55,919: INFO     Set HNSW query-time parameters:
2021-02-04 19:50:55,919: INFO     ef(Search)         =9
2021-02-04 19:50:55,920: INFO     algoType           =2
2021-02-04 19:51:03,359: INFO     Formatting data for BedTools
2021-02-04 19:51:03,539: INFO     Create GuideMaker Annotation object
2021-02-04 19:51:03,539: INFO     Identify genomic features
2021-02-04 19:51:03,540: INFO     check if ../all_test_data/Escherichia.coli_str_K-12_substr_MG1655.gbk is gzipped
2021-02-04 19:51:04,604: INFO     Total number of CDS/locus in the input genome: 4357
2021-02-04 19:51:04,604: INFO     Find genomic features closest the guides
2021-02-04 19:51:06,038: INFO     Select guides that start between +500 and -500 of a feature start
2021-02-04 19:51:06,203: INFO     Select description columns
2021-02-04 19:51:06,280: INFO     Format the output
2021-02-04 19:51:07,042: INFO     Number of Guides within a gene coordinates i.e. zero Feature distance: 43498
2021-02-04 19:51:07,903: INFO     creating random control guides
2021-02-04 19:51:07,971: INFO     Number of random control searched: 100
2021-02-04 19:51:07,971: INFO     Percentage of GC content in the input genome: 50.79
2021-02-04 19:51:07,971: INFO     Total length of the genome: 4.4 MB
2021-02-04 19:51:07,971: INFO     created 10 control guides with a minimum distance of 8 and a median distance of 8
2021-02-04 19:51:07,974: INFO     guidemaker completed, results are at TEST
2021-02-04 19:51:07,974: INFO     PAM sequence: NGRRT
2021-02-04 19:51:07,974: INFO     PAM orientation: 3prime
2021-02-04 19:51:07,975: INFO     Genome strand(s) searched: both
2021-02-04 19:51:07,975: INFO     Total PAM sites considered: 115034
2021-02-04 19:51:07,975: INFO     Guide RNA candidates found: 76595
	Command being timed: "guidemaker -i ../all_test_data/Escherichia.coli_str_K-12_substr_MG1655.gbk --pamseq NGRRT --outdir TEST --pam_orientation 3prime --guidelength 20 --strand both --lcp 11 --dist 3 --before 500 --into 500 --knum 10 --controls 10 --log GM_63831069_4.log --threads 1"
	User time (seconds): 28.33
	System time (seconds): 2.43
	Percent of CPU this job got: 111%
	Elapsed (wall clock) time (h:mm:ss or m:ss): 0:27.71
	Average shared text size (kbytes): 0
	Average unshared data size (kbytes): 0
	Average stack size (kbytes): 0
	Average total size (kbytes): 0
	Maximum resident set size (kbytes): 523824
	Average resident set size (kbytes): 0
	Major (requiring I/O) page faults: 0
	Minor (reclaiming a frame) page faults: 550792
	Voluntary context switches: 3683
	Involuntary context switches: 410
	Swaps: 0
	File system inputs: 0
	File system outputs: 161776
	Socket messages sent: 0
	Socket messages received: 0
	Signals delivered: 0
	Page size (bytes): 4096
	Exit status: 0
My SLURM_ARRAY_TASK_ID:  4
My TMPDIR IS:  /scratch/local/63831069
Input Genome:>>>>>>>>>>>>>>>>>>>>>>>>>>>>>>>>>>>>>>>>>>>  Escherichia.coli_str_K-12_substr_MG1655.gbk
Input PAM:>>>>>>>>>>>>>>>>>>>>>>>>>>>>>>>>>>>>>>>>>>>  NGRRT
Threads used:>>>>>>>>>>>>>>>>>>>>>>>>>>>>>>>>>>>>>>>>>>>  2
GuideMaker
Your CPU supports instructions that this binary was not compiled to use: SSE4.1 SSE4.2 AVX AVX2
For maximum performance, you can install NMSLIB from sources 
pip install --no-binary :all: nmslib
2021-02-04 19:51:09,145: INFO     Temp directory is: /scratch/local/63831069/guidemaker_e6qzjx4x
2021-02-04 19:51:09,145: INFO     Writing fasta file from genbank file(s)
2021-02-04 19:51:09,145: INFO     check if ../all_test_data/Escherichia.coli_str_K-12_substr_MG1655.gbk is gzipped
2021-02-04 19:51:10,034: INFO     Identifying PAM sites in the genome
2021-02-04 19:51:14,150: INFO     Checking guides for restriction enzymes
2021-02-04 19:51:14,180: INFO     Number of guides removed after checking for restriction enzymes: 0
2021-02-04 19:51:14,181: INFO     Identifing guides that are unique near the PAM site
2021-02-04 19:51:14,347: INFO     Number of guides removed after checking for unique PAM: 11268
2021-02-04 19:51:14,347: INFO     Indexing all potential guide sites: 115034. This is the longest step.
2021-02-04 19:51:14,835: INFO     M                   = 16
2021-02-04 19:51:14,835: INFO     indexThreadQty      = 2
2021-02-04 19:51:14,835: INFO     efConstruction      = 10
2021-02-04 19:51:14,835: INFO     maxM			          = 16
2021-02-04 19:51:14,835: INFO     maxM0			          = 32
2021-02-04 19:51:14,836: INFO     mult                = 0.360674
2021-02-04 19:51:14,836: INFO     skip_optimized_index= 0
2021-02-04 19:51:14,836: INFO     delaunay_type       = 2
2021-02-04 19:51:14,836: INFO     Set HNSW query-time parameters:
2021-02-04 19:51:14,836: INFO     ef(Search)         =20
2021-02-04 19:51:14,836: INFO     algoType           =2

0%   10   20   30   40   50   60   70   80   90   100%
|----|----|----|----|----|----|----|----|----|----|
***************************************************

0%   10   20   30   40   50   60   70   80   90   100%
|----|----|----|----|----|----|----|----|----|----|
****************************************************2021-02-04 19:51:19,542: INFO     No appropriate custom distance function for Hamming (bit-storage) space
2021-02-04 19:51:19,543: INFO     searchMethod			  = 0
2021-02-04 19:51:19,553: INFO     Identifying guides that have a hamming distance <= 3 to all other potential guides
2021-02-04 19:51:19,706: INFO     Set HNSW query-time parameters:
2021-02-04 19:51:19,706: INFO     ef(Search)         =9
2021-02-04 19:51:19,706: INFO     algoType           =2
2021-02-04 19:51:25,684: INFO     Formatting data for BedTools
2021-02-04 19:51:25,865: INFO     Create GuideMaker Annotation object
2021-02-04 19:51:25,865: INFO     Identify genomic features
2021-02-04 19:51:25,865: INFO     check if ../all_test_data/Escherichia.coli_str_K-12_substr_MG1655.gbk is gzipped
2021-02-04 19:51:26,924: INFO     Total number of CDS/locus in the input genome: 4357
2021-02-04 19:51:26,924: INFO     Find genomic features closest the guides
2021-02-04 19:51:28,381: INFO     Select guides that start between +500 and -500 of a feature start
2021-02-04 19:51:28,549: INFO     Select description columns
2021-02-04 19:51:28,627: INFO     Format the output
2021-02-04 19:51:29,378: INFO     Number of Guides within a gene coordinates i.e. zero Feature distance: 43511
2021-02-04 19:51:30,247: INFO     creating random control guides
2021-02-04 19:51:30,330: INFO     Number of random control searched: 100
2021-02-04 19:51:30,330: INFO     Percentage of GC content in the input genome: 50.79
2021-02-04 19:51:30,330: INFO     Total length of the genome: 4.4 MB
2021-02-04 19:51:30,330: INFO     created 10 control guides with a minimum distance of 8 and a median distance of 8
2021-02-04 19:51:30,333: INFO     guidemaker completed, results are at TEST
2021-02-04 19:51:30,333: INFO     PAM sequence: NGRRT
2021-02-04 19:51:30,333: INFO     PAM orientation: 3prime
2021-02-04 19:51:30,333: INFO     Genome strand(s) searched: both
2021-02-04 19:51:30,333: INFO     Total PAM sites considered: 115034
2021-02-04 19:51:30,333: INFO     Guide RNA candidates found: 76622
	Command being timed: "guidemaker -i ../all_test_data/Escherichia.coli_str_K-12_substr_MG1655.gbk --pamseq NGRRT --outdir TEST --pam_orientation 3prime --guidelength 20 --strand both --lcp 11 --dist 3 --before 500 --into 500 --knum 10 --controls 10 --log GM_63831069_4.log --threads 2"
	User time (seconds): 29.29
	System time (seconds): 2.59
	Percent of CPU this job got: 142%
	Elapsed (wall clock) time (h:mm:ss or m:ss): 0:22.38
	Average shared text size (kbytes): 0
	Average unshared data size (kbytes): 0
	Average stack size (kbytes): 0
	Average total size (kbytes): 0
	Maximum resident set size (kbytes): 570832
	Average resident set size (kbytes): 0
	Major (requiring I/O) page faults: 0
	Minor (reclaiming a frame) page faults: 578538
	Voluntary context switches: 11005
	Involuntary context switches: 94989
	Swaps: 0
	File system inputs: 72
	File system outputs: 161768
	Socket messages sent: 0
	Socket messages received: 0
	Signals delivered: 0
	Page size (bytes): 4096
	Exit status: 0
My SLURM_ARRAY_TASK_ID:  4
My TMPDIR IS:  /scratch/local/63831069
Input Genome:>>>>>>>>>>>>>>>>>>>>>>>>>>>>>>>>>>>>>>>>>>>  Escherichia.coli_str_K-12_substr_MG1655.gbk
Input PAM:>>>>>>>>>>>>>>>>>>>>>>>>>>>>>>>>>>>>>>>>>>>  NGRRT
Threads used:>>>>>>>>>>>>>>>>>>>>>>>>>>>>>>>>>>>>>>>>>>>  4
GuideMaker
Your CPU supports instructions that this binary was not compiled to use: SSE4.1 SSE4.2 AVX AVX2
For maximum performance, you can install NMSLIB from sources 
pip install --no-binary :all: nmslib
2021-02-04 19:51:31,544: INFO     Temp directory is: /scratch/local/63831069/guidemaker_ahd8g8vg
2021-02-04 19:51:31,544: INFO     Writing fasta file from genbank file(s)
2021-02-04 19:51:31,545: INFO     check if ../all_test_data/Escherichia.coli_str_K-12_substr_MG1655.gbk is gzipped
2021-02-04 19:51:32,441: INFO     Identifying PAM sites in the genome
2021-02-04 19:51:36,884: INFO     Checking guides for restriction enzymes
2021-02-04 19:51:36,919: INFO     Number of guides removed after checking for restriction enzymes: 0
2021-02-04 19:51:36,919: INFO     Identifing guides that are unique near the PAM site
2021-02-04 19:51:37,097: INFO     Number of guides removed after checking for unique PAM: 11268
2021-02-04 19:51:37,097: INFO     Indexing all potential guide sites: 115034. This is the longest step.
2021-02-04 19:51:37,643: INFO     M                   = 16
2021-02-04 19:51:37,643: INFO     indexThreadQty      = 4
2021-02-04 19:51:37,643: INFO     efConstruction      = 10
2021-02-04 19:51:37,643: INFO     maxM			          = 16
2021-02-04 19:51:37,643: INFO     maxM0			          = 32
2021-02-04 19:51:37,643: INFO     mult                = 0.360674
2021-02-04 19:51:37,643: INFO     skip_optimized_index= 0
2021-02-04 19:51:37,644: INFO     delaunay_type       = 2
2021-02-04 19:51:37,644: INFO     Set HNSW query-time parameters:
2021-02-04 19:51:37,644: INFO     ef(Search)         =20
2021-02-04 19:51:37,644: INFO     algoType           =2

0%   10   20   30   40   50   60   70   80   90   100%
|----|----|----|----|----|----|----|----|----|----|
***************************************************

0%   10   20   30   40   50   60   70   80   90   100%
|----|----|----|----|----|----|----|----|----|----|
****************************************************


2021-02-04 19:51:40,388: INFO     No appropriate custom distance function for Hamming (bit-storage) space
2021-02-04 19:51:40,389: INFO     searchMethod			  = 0
2021-02-04 19:51:40,399: INFO     Identifying guides that have a hamming distance <= 3 to all other potential guides
2021-02-04 19:51:40,558: INFO     Set HNSW query-time parameters:
2021-02-04 19:51:40,558: INFO     ef(Search)         =9
2021-02-04 19:51:40,559: INFO     algoType           =2
2021-02-04 19:51:45,855: INFO     Formatting data for BedTools
2021-02-04 19:51:46,036: INFO     Create GuideMaker Annotation object
2021-02-04 19:51:46,037: INFO     Identify genomic features
2021-02-04 19:51:46,037: INFO     check if ../all_test_data/Escherichia.coli_str_K-12_substr_MG1655.gbk is gzipped
2021-02-04 19:51:47,103: INFO     Total number of CDS/locus in the input genome: 4357
2021-02-04 19:51:47,103: INFO     Find genomic features closest the guides
2021-02-04 19:51:48,563: INFO     Select guides that start between +500 and -500 of a feature start
2021-02-04 19:51:48,742: INFO     Select description columns
2021-02-04 19:51:48,818: INFO     Format the output
2021-02-04 19:51:49,583: INFO     Number of Guides within a gene coordinates i.e. zero Feature distance: 43527
2021-02-04 19:51:50,446: INFO     creating random control guides
2021-02-04 19:51:50,539: INFO     Number of random control searched: 100
2021-02-04 19:51:50,539: INFO     Percentage of GC content in the input genome: 50.79
2021-02-04 19:51:50,539: INFO     Total length of the genome: 4.4 MB
2021-02-04 19:51:50,539: INFO     created 10 control guides with a minimum distance of 8 and a median distance of 8
2021-02-04 19:51:50,542: INFO     guidemaker completed, results are at TEST
2021-02-04 19:51:50,542: INFO     PAM sequence: NGRRT
2021-02-04 19:51:50,542: INFO     PAM orientation: 3prime
2021-02-04 19:51:50,542: INFO     Genome strand(s) searched: both
2021-02-04 19:51:50,542: INFO     Total PAM sites considered: 115034
2021-02-04 19:51:50,542: INFO     Guide RNA candidates found: 76643
	Command being timed: "guidemaker -i ../all_test_data/Escherichia.coli_str_K-12_substr_MG1655.gbk --pamseq NGRRT --outdir TEST --pam_orientation 3prime --guidelength 20 --strand both --lcp 11 --dist 3 --before 500 --into 500 --knum 10 --controls 10 --log GM_63831069_4.log --threads 4"
	User time (seconds): 31.51
	System time (seconds): 2.68
	Percent of CPU this job got: 169%
	Elapsed (wall clock) time (h:mm:ss or m:ss): 0:20.20
	Average shared text size (kbytes): 0
	Average unshared data size (kbytes): 0
	Average stack size (kbytes): 0
	Average total size (kbytes): 0
	Maximum resident set size (kbytes): 569428
	Average resident set size (kbytes): 0
	Major (requiring I/O) page faults: 0
	Minor (reclaiming a frame) page faults: 588492
	Voluntary context switches: 22425
	Involuntary context switches: 283
	Swaps: 0
	File system inputs: 0
	File system outputs: 161792
	Socket messages sent: 0
	Socket messages received: 0
	Signals delivered: 0
	Page size (bytes): 4096
	Exit status: 0
My SLURM_ARRAY_TASK_ID:  4
My TMPDIR IS:  /scratch/local/63831069
Input Genome:>>>>>>>>>>>>>>>>>>>>>>>>>>>>>>>>>>>>>>>>>>>  Escherichia.coli_str_K-12_substr_MG1655.gbk
Input PAM:>>>>>>>>>>>>>>>>>>>>>>>>>>>>>>>>>>>>>>>>>>>  NGRRT
Threads used:>>>>>>>>>>>>>>>>>>>>>>>>>>>>>>>>>>>>>>>>>>>  8
GuideMaker
Your CPU supports instructions that this binary was not compiled to use: SSE4.1 SSE4.2 AVX AVX2
For maximum performance, you can install NMSLIB from sources 
pip install --no-binary :all: nmslib
2021-02-04 19:51:52,121: INFO     Temp directory is: /scratch/local/63831069/guidemaker_ch0_7zs8
2021-02-04 19:51:52,122: INFO     Writing fasta file from genbank file(s)
2021-02-04 19:51:52,122: INFO     check if ../all_test_data/Escherichia.coli_str_K-12_substr_MG1655.gbk is gzipped
2021-02-04 19:51:53,038: INFO     Identifying PAM sites in the genome
2021-02-04 19:51:57,105: INFO     Checking guides for restriction enzymes
2021-02-04 19:51:57,136: INFO     Number of guides removed after checking for restriction enzymes: 0
2021-02-04 19:51:57,136: INFO     Identifing guides that are unique near the PAM site
2021-02-04 19:51:57,301: INFO     Number of guides removed after checking for unique PAM: 11268
2021-02-04 19:51:57,301: INFO     Indexing all potential guide sites: 115034. This is the longest step.
2021-02-04 19:51:57,781: INFO     M                   = 16
2021-02-04 19:51:57,781: INFO     indexThreadQty      = 8
2021-02-04 19:51:57,781: INFO     efConstruction      = 10
2021-02-04 19:51:57,781: INFO     maxM			          = 16
2021-02-04 19:51:57,781: INFO     maxM0			          = 32
2021-02-04 19:51:57,782: INFO     mult                = 0.360674
2021-02-04 19:51:57,782: INFO     skip_optimized_index= 0
2021-02-04 19:51:57,782: INFO     delaunay_type       = 2
2021-02-04 19:51:57,782: INFO     Set HNSW query-time parameters:
2021-02-04 19:51:57,782: INFO     ef(Search)         =20
2021-02-04 19:51:57,782: INFO     algoType           =2

0%   10   20   30   40   50   60   70   80   90   100%
|----|----|----|----|----|----|----|----|----|----|
***************************************************

0%   10   20   30   40   50   60   70   80   90   100%
|----|----|----|----|----|----|----|----|----|----|
****************************************************2021-02-04 19:51:59,186: INFO     No appropriate custom distance function for Hamming (bit-storage) space
2021-02-04 19:51:59,186: INFO     searchMethod			  = 0
2021-02-04 19:51:59,192: INFO     Identifying guides that have a hamming distance <= 3 to all other potential guides
2021-02-04 19:51:59,333: INFO     Set HNSW query-time parameters:
2021-02-04 19:51:59,334: INFO     ef(Search)         =9
2021-02-04 19:51:59,334: INFO     algoType           =2
2021-02-04 19:52:04,711: INFO     Formatting data for BedTools
2021-02-04 19:52:04,911: INFO     Create GuideMaker Annotation object
2021-02-04 19:52:04,912: INFO     Identify genomic features
2021-02-04 19:52:04,912: INFO     check if ../all_test_data/Escherichia.coli_str_K-12_substr_MG1655.gbk is gzipped
2021-02-04 19:52:06,052: INFO     Total number of CDS/locus in the input genome: 4357
2021-02-04 19:52:06,052: INFO     Find genomic features closest the guides
2021-02-04 19:52:07,562: INFO     Select guides that start between +500 and -500 of a feature start
2021-02-04 19:52:07,749: INFO     Select description columns
2021-02-04 19:52:07,828: INFO     Format the output
2021-02-04 19:52:08,592: INFO     Number of Guides within a gene coordinates i.e. zero Feature distance: 43502
2021-02-04 19:52:09,460: INFO     creating random control guides
2021-02-04 19:52:09,541: INFO     Number of random control searched: 100
2021-02-04 19:52:09,541: INFO     Percentage of GC content in the input genome: 50.79
2021-02-04 19:52:09,541: INFO     Total length of the genome: 4.4 MB
2021-02-04 19:52:09,541: INFO     created 10 control guides with a minimum distance of 8 and a median distance of 8
2021-02-04 19:52:09,544: INFO     guidemaker completed, results are at TEST
2021-02-04 19:52:09,544: INFO     PAM sequence: NGRRT
2021-02-04 19:52:09,544: INFO     PAM orientation: 3prime
2021-02-04 19:52:09,544: INFO     Genome strand(s) searched: both
2021-02-04 19:52:09,544: INFO     Total PAM sites considered: 115034
2021-02-04 19:52:09,544: INFO     Guide RNA candidates found: 76613
	Command being timed: "guidemaker -i ../all_test_data/Escherichia.coli_str_K-12_substr_MG1655.gbk --pamseq NGRRT --outdir TEST --pam_orientation 3prime --guidelength 20 --strand both --lcp 11 --dist 3 --before 500 --into 500 --knum 10 --controls 10 --log GM_63831069_4.log --threads 8"
	User time (seconds): 31.71
	System time (seconds): 2.86
	Percent of CPU this job got: 182%
	Elapsed (wall clock) time (h:mm:ss or m:ss): 0:18.98
	Average shared text size (kbytes): 0
	Average unshared data size (kbytes): 0
	Average stack size (kbytes): 0
	Average total size (kbytes): 0
	Maximum resident set size (kbytes): 572256
	Average resident set size (kbytes): 0
	Major (requiring I/O) page faults: 0
	Minor (reclaiming a frame) page faults: 506742
	Voluntary context switches: 37753
	Involuntary context switches: 404
	Swaps: 0
	File system inputs: 0
	File system outputs: 161776
	Socket messages sent: 0
	Socket messages received: 0
	Signals delivered: 0
	Page size (bytes): 4096
	Exit status: 0
My SLURM_ARRAY_TASK_ID:  4
My TMPDIR IS:  /scratch/local/63831069
Input Genome:>>>>>>>>>>>>>>>>>>>>>>>>>>>>>>>>>>>>>>>>>>>  Escherichia.coli_str_K-12_substr_MG1655.gbk
Input PAM:>>>>>>>>>>>>>>>>>>>>>>>>>>>>>>>>>>>>>>>>>>>  NGRRT
Threads used:>>>>>>>>>>>>>>>>>>>>>>>>>>>>>>>>>>>>>>>>>>>  16
GuideMaker
Your CPU supports instructions that this binary was not compiled to use: SSE4.1 SSE4.2 AVX AVX2
For maximum performance, you can install NMSLIB from sources 
pip install --no-binary :all: nmslib
2021-02-04 19:52:10,761: INFO     Temp directory is: /scratch/local/63831069/guidemaker_h603ytdm
2021-02-04 19:52:10,761: INFO     Writing fasta file from genbank file(s)
2021-02-04 19:52:10,762: INFO     check if ../all_test_data/Escherichia.coli_str_K-12_substr_MG1655.gbk is gzipped
2021-02-04 19:52:11,666: INFO     Identifying PAM sites in the genome
2021-02-04 19:52:15,903: INFO     Checking guides for restriction enzymes
2021-02-04 19:52:15,933: INFO     Number of guides removed after checking for restriction enzymes: 0
2021-02-04 19:52:15,933: INFO     Identifing guides that are unique near the PAM site
2021-02-04 19:52:16,101: INFO     Number of guides removed after checking for unique PAM: 11268
2021-02-04 19:52:16,101: INFO     Indexing all potential guide sites: 115034. This is the longest step.
2021-02-04 19:52:16,588: INFO     M                   = 16
2021-02-04 19:52:16,589: INFO     indexThreadQty      = 16
2021-02-04 19:52:16,589: INFO     efConstruction      = 10
2021-02-04 19:52:16,589: INFO     maxM			          = 16
2021-02-04 19:52:16,589: INFO     maxM0			          = 32
2021-02-04 19:52:16,589: INFO     mult                = 0.360674
2021-02-04 19:52:16,589: INFO     skip_optimized_index= 0
2021-02-04 19:52:16,589: INFO     delaunay_type       = 2
2021-02-04 19:52:16,589: INFO     Set HNSW query-time parameters:
2021-02-04 19:52:16,589: INFO     ef(Search)         =20
2021-02-04 19:52:16,589: INFO     algoType           =2

0%   10   20   30   40   50   60   70   80   90   100%
|----|----|----|----|----|----|----|----|----|----|
***************************************************

0%   10   20   30   40   50   60   70   80   90   100%
|----|----|----|----|----|----|----|----|----|----|
*******************************************************2021-02-04 19:52:17,396: INFO     No appropriate custom distance function for Hamming (bit-storage) space
2021-02-04 19:52:17,396: INFO     searchMethod			  = 0
2021-02-04 19:52:17,405: INFO     Identifying guides that have a hamming distance <= 3 to all other potential guides
2021-02-04 19:52:17,547: INFO     Set HNSW query-time parameters:
2021-02-04 19:52:17,547: INFO     ef(Search)         =9
2021-02-04 19:52:17,547: INFO     algoType           =2
2021-02-04 19:52:22,755: INFO     Formatting data for BedTools
2021-02-04 19:52:22,940: INFO     Create GuideMaker Annotation object
2021-02-04 19:52:22,940: INFO     Identify genomic features
2021-02-04 19:52:22,941: INFO     check if ../all_test_data/Escherichia.coli_str_K-12_substr_MG1655.gbk is gzipped
2021-02-04 19:52:24,069: INFO     Total number of CDS/locus in the input genome: 4357
2021-02-04 19:52:24,069: INFO     Find genomic features closest the guides
2021-02-04 19:52:25,501: INFO     Select guides that start between +500 and -500 of a feature start
2021-02-04 19:52:25,672: INFO     Select description columns
2021-02-04 19:52:25,756: INFO     Format the output
2021-02-04 19:52:26,546: INFO     Number of Guides within a gene coordinates i.e. zero Feature distance: 43508
2021-02-04 19:52:27,435: INFO     creating random control guides
2021-02-04 19:52:27,513: INFO     Number of random control searched: 100
2021-02-04 19:52:27,514: INFO     Percentage of GC content in the input genome: 50.79
2021-02-04 19:52:27,514: INFO     Total length of the genome: 4.4 MB
2021-02-04 19:52:27,514: INFO     created 10 control guides with a minimum distance of 8 and a median distance of 8
2021-02-04 19:52:27,517: INFO     guidemaker completed, results are at TEST
2021-02-04 19:52:27,518: INFO     PAM sequence: NGRRT
2021-02-04 19:52:27,518: INFO     PAM orientation: 3prime
2021-02-04 19:52:27,518: INFO     Genome strand(s) searched: both
2021-02-04 19:52:27,518: INFO     Total PAM sites considered: 115034
2021-02-04 19:52:27,518: INFO     Guide RNA candidates found: 76607
	Command being timed: "guidemaker -i ../all_test_data/Escherichia.coli_str_K-12_substr_MG1655.gbk --pamseq NGRRT --outdir TEST --pam_orientation 3prime --guidelength 20 --strand both --lcp 11 --dist 3 --before 500 --into 500 --knum 10 --controls 10 --log GM_63831069_4.log --threads 16"
	User time (seconds): 33.31
	System time (seconds): 3.00
	Percent of CPU this job got: 202%
	Elapsed (wall clock) time (h:mm:ss or m:ss): 0:17.97
	Average shared text size (kbytes): 0
	Average unshared data size (kbytes): 0
	Average stack size (kbytes): 0
	Average total size (kbytes): 0
	Maximum resident set size (kbytes): 573528
	Average resident set size (kbytes): 0
	Major (requiring I/O) page faults: 0
	Minor (reclaiming a frame) page faults: 534095
	Voluntary context switches: 85389
	Involuntary context switches: 312
	Swaps: 0
	File system inputs: 8
	File system outputs: 161760
	Socket messages sent: 0
	Socket messages received: 0
	Signals delivered: 0
	Page size (bytes): 4096
	Exit status: 0
My SLURM_ARRAY_TASK_ID:  4
My TMPDIR IS:  /scratch/local/63831069
Input Genome:>>>>>>>>>>>>>>>>>>>>>>>>>>>>>>>>>>>>>>>>>>>  Escherichia.coli_str_K-12_substr_MG1655.gbk
Input PAM:>>>>>>>>>>>>>>>>>>>>>>>>>>>>>>>>>>>>>>>>>>>  NGRRT
Threads used:>>>>>>>>>>>>>>>>>>>>>>>>>>>>>>>>>>>>>>>>>>>  32
GuideMaker
Your CPU supports instructions that this binary was not compiled to use: SSE4.1 SSE4.2 AVX AVX2
For maximum performance, you can install NMSLIB from sources 
pip install --no-binary :all: nmslib
2021-02-04 19:52:28,735: INFO     Temp directory is: /scratch/local/63831069/guidemaker_lfn6zhtk
2021-02-04 19:52:28,735: INFO     Writing fasta file from genbank file(s)
2021-02-04 19:52:28,736: INFO     check if ../all_test_data/Escherichia.coli_str_K-12_substr_MG1655.gbk is gzipped
2021-02-04 19:52:29,627: INFO     Identifying PAM sites in the genome
2021-02-04 19:52:33,686: INFO     Checking guides for restriction enzymes
2021-02-04 19:52:33,717: INFO     Number of guides removed after checking for restriction enzymes: 0
2021-02-04 19:52:33,717: INFO     Identifing guides that are unique near the PAM site
2021-02-04 19:52:33,884: INFO     Number of guides removed after checking for unique PAM: 11268
2021-02-04 19:52:33,885: INFO     Indexing all potential guide sites: 115034. This is the longest step.
2021-02-04 19:52:34,370: INFO     M                   = 16
2021-02-04 19:52:34,370: INFO     indexThreadQty      = 32
2021-02-04 19:52:34,370: INFO     efConstruction      = 10
2021-02-04 19:52:34,370: INFO     maxM			          = 16
2021-02-04 19:52:34,370: INFO     maxM0			          = 32
2021-02-04 19:52:34,370: INFO     mult                = 0.360674
2021-02-04 19:52:34,371: INFO     skip_optimized_index= 0
2021-02-04 19:52:34,371: INFO     delaunay_type       = 2
2021-02-04 19:52:34,371: INFO     Set HNSW query-time parameters:
2021-02-04 19:52:34,371: INFO     ef(Search)         =20
2021-02-04 19:52:34,371: INFO     algoType           =2

0%   10   20   30   40   50   60   70   80   90   100%
|----|----|----|----|----|----|----|----|----|----|
***************************************************

0%   10   20   30   40   50   60   70   80   90   100%
|----|----|----|----|----|----|----|----|----|----|
****************************************************2021-02-04 19:52:34,914: INFO     No appropriate custom distance function for Hamming (bit-storage) space
2021-02-04 19:52:34,914: INFO     searchMethod			  = 0
2021-02-04 19:52:34,921: INFO     Identifying guides that have a hamming distance <= 3 to all other potential guides
2021-02-04 19:52:35,081: INFO     Set HNSW query-time parameters:
2021-02-04 19:52:35,081: INFO     ef(Search)         =9
2021-02-04 19:52:35,081: INFO     algoType           =2
2021-02-04 19:52:39,642: INFO     Formatting data for BedTools
2021-02-04 19:52:39,822: INFO     Create GuideMaker Annotation object
2021-02-04 19:52:39,822: INFO     Identify genomic features
2021-02-04 19:52:39,822: INFO     check if ../all_test_data/Escherichia.coli_str_K-12_substr_MG1655.gbk is gzipped
2021-02-04 19:52:40,877: INFO     Total number of CDS/locus in the input genome: 4357
2021-02-04 19:52:40,877: INFO     Find genomic features closest the guides
2021-02-04 19:52:42,320: INFO     Select guides that start between +500 and -500 of a feature start
2021-02-04 19:52:42,484: INFO     Select description columns
2021-02-04 19:52:42,560: INFO     Format the output
2021-02-04 19:52:43,296: INFO     Number of Guides within a gene coordinates i.e. zero Feature distance: 43508
2021-02-04 19:52:44,210: INFO     creating random control guides
2021-02-04 19:52:44,305: INFO     Number of random control searched: 100
2021-02-04 19:52:44,305: INFO     Percentage of GC content in the input genome: 50.79
2021-02-04 19:52:44,305: INFO     Total length of the genome: 4.4 MB
2021-02-04 19:52:44,306: INFO     created 10 control guides with a minimum distance of 8 and a median distance of 8
2021-02-04 19:52:44,308: INFO     guidemaker completed, results are at TEST
2021-02-04 19:52:44,308: INFO     PAM sequence: NGRRT
2021-02-04 19:52:44,308: INFO     PAM orientation: 3prime
2021-02-04 19:52:44,308: INFO     Genome strand(s) searched: both
2021-02-04 19:52:44,308: INFO     Total PAM sites considered: 115034
2021-02-04 19:52:44,308: INFO     Guide RNA candidates found: 76610
	Command being timed: "guidemaker -i ../all_test_data/Escherichia.coli_str_K-12_substr_MG1655.gbk --pamseq NGRRT --outdir TEST --pam_orientation 3prime --guidelength 20 --strand both --lcp 11 --dist 3 --before 500 --into 500 --knum 10 --controls 10 --log GM_63831069_4.log --threads 32"
	User time (seconds): 33.50
	System time (seconds): 4.85
	Percent of CPU this job got: 228%
	Elapsed (wall clock) time (h:mm:ss or m:ss): 0:16.79
	Average shared text size (kbytes): 0
	Average unshared data size (kbytes): 0
	Average stack size (kbytes): 0
	Average total size (kbytes): 0
	Maximum resident set size (kbytes): 576300
	Average resident set size (kbytes): 0
	Major (requiring I/O) page faults: 0
	Minor (reclaiming a frame) page faults: 535888
	Voluntary context switches: 196200
	Involuntary context switches: 79918
	Swaps: 0
	File system inputs: 8
	File system outputs: 161744
	Socket messages sent: 0
	Socket messages received: 0
	Signals delivered: 0
	Page size (bytes): 4096
	Exit status: 0
