slurmstepd: error: Unable to create TMPDIR [/scratch/local/58616138]: Permission denied
slurmstepd: error: Setting TMPDIR to /tmp
Mon Sep 14 16:52:39 EDT 2020
c25b-s41.ufhpc
/blue/garrett/rp3448/analysis/guidemaker/nonAVXGuidemaker/GuideMaker

     active environment : nonAVX2
    active env location : /home/rp3448/.conda/envs/nonAVX2
            shell level : 2
       user config file : /home/rp3448/.condarc
 populated config files : /home/rp3448/.condarc
          conda version : 4.7.12
    conda-build version : not installed
         python version : 3.7.4.final.0
       virtual packages : 
       base environment : /apps/conda/4.7.12  (read only)
           channel URLs : https://conda.anaconda.org/biobakery/linux-64
                          https://conda.anaconda.org/biobakery/noarch
                          https://conda.anaconda.org/conda-forge/linux-64
                          https://conda.anaconda.org/conda-forge/noarch
                          https://conda.anaconda.org/bioconda/linux-64
                          https://conda.anaconda.org/bioconda/noarch
                          https://repo.anaconda.com/pkgs/main/linux-64
                          https://repo.anaconda.com/pkgs/main/noarch
                          https://repo.anaconda.com/pkgs/r/linux-64
                          https://repo.anaconda.com/pkgs/r/noarch
          package cache : /apps/conda/4.7.12/pkgs
                          /home/rp3448/.conda/pkgs
       envs directories : /home/rp3448/.conda/envs
                          /apps/conda/4.7.12/envs
               platform : linux-64
             user-agent : conda/4.7.12 requests/2.22.0 CPython/3.7.4 Linux/3.10.0-1062.18.1.el7.x86_64 rhel/7.7 glibc/2.17
                UID:GID : 6472:3511
             netrc file : None
           offline mode : False

My SLURM_ARRAY_TASK_ID:  3
My TMPDIR IS:  /tmp
Input Genome:>>>>>>>>>>>>>>>>>>>>>>>>>>>>>>>>>>>>>>>>>>>  Pseudomonas_aeruginosa_PAO1_107.gbk
Threads used:>>>>>>>>>>>>>>>>>>>>>>>>>>>>>>>>>>>>>>>>>>>  1
GuideMaker
Your CPU supports instructions that this binary was not compiled to use: SSE4.1 SSE4.2 AVX AVX2
For maximum performance, you can install NMSLIB from sources 
pip install --no-binary :all: nmslib
2020-09-14 16:52:44,625: INFO     Temp directory is: /tmp/guidemaker_r4bfwqve
2020-09-14 16:52:44,626: INFO     Writing fasta file from genbank file(s)
2020-09-14 16:52:44,626: INFO     check if ../../all_test_data/Pseudomonas_aeruginosa_PAO1_107.gbk is gzipped
/home/rp3448/.conda/envs/nonAVX2/lib/python3.7/site-packages/Bio/GenBank/Scanner.py:1400: BiopythonParserWarning: Truncated LOCUS line found - is this correct?
:'LOCUS       NC_002516            6264404 bp    dna     circular UNK \n'
  BiopythonParserWarning,
/home/rp3448/.conda/envs/nonAVX2/lib/python3.7/site-packages/Bio/GenBank/__init__.py:762: BiopythonParserWarning: Non-upper case molecule type in LOCUS line: dna
  BiopythonParserWarning,
2020-09-14 16:52:45,425: INFO     Identifying PAM sites in the genome
2020-09-14 16:53:43,983: INFO     Identifing guides that are unique near the PAM site
2020-09-14 16:53:45,527: INFO     Indexing all potential guide sites: 1171800. This is the longest step.
2020-09-14 16:53:50,714: INFO     M                   = 16
2020-09-14 16:53:50,714: INFO     indexThreadQty      = 1
2020-09-14 16:53:50,714: INFO     efConstruction      = 10
2020-09-14 16:53:50,714: INFO     maxM			          = 16
2020-09-14 16:53:50,714: INFO     maxM0			          = 32
2020-09-14 16:53:50,714: INFO     mult                = 0.360674
2020-09-14 16:53:50,714: INFO     skip_optimized_index= 0
2020-09-14 16:53:50,714: INFO     delaunay_type       = 2
2020-09-14 16:53:50,714: INFO     Set HNSW query-time parameters:
2020-09-14 16:53:50,714: INFO     ef(Search)         =20
2020-09-14 16:53:50,714: INFO     algoType           =2

0%   10   20   30   40   50   60   70   80   90   100%
|----|----|----|----|----|----|----|----|----|----|
***************************************************

0%   10   20   30   40   50   60   70   80   90   100%
|----|----|----|----|----|----|----|----|----|----|
***************************************************
*2020-09-14 16:56:13,063: INFO     No appropriate custom distance function for Hamming (bit-storage) space
2020-09-14 16:56:13,063: INFO     searchMethod			  = 0
2020-09-14 16:56:13,167: INFO     Identifying guides that have a hamming distance <= 3 to all other potential guides
2020-09-14 16:56:13,552: INFO     Set HNSW query-time parameters:
2020-09-14 16:56:13,552: INFO     ef(Search)         =9
2020-09-14 16:56:13,552: INFO     algoType           =2
2020-09-14 16:56:32,170: INFO     Formatting data for BedTools
2020-09-14 16:56:32,576: INFO     Create GuideMaker Annotation object
2020-09-14 16:56:32,576: INFO     Identify genomic features
2020-09-14 16:56:32,578: INFO     check if ../../all_test_data/Pseudomonas_aeruginosa_PAO1_107.gbk is gzipped
2020-09-14 16:56:33,958: INFO     Total number of CDS/locus in the input genome: 5584
2020-09-14 16:56:33,958: INFO     Find genomic features closest the guides
2020-09-14 16:56:36,461: INFO     Select guides that start between +100 and -100 of a feature start
2020-09-14 16:56:36,660: INFO     Select description columns
2020-09-14 16:56:36,707: INFO     Format the output
2020-09-14 16:56:37,796: INFO     creating random control guides
2020-09-14 16:56:37,890: INFO     Number of random control searched: 100
2020-09-14 16:56:37,890: INFO     Percentage of GC content in the input genome: 66.56
2020-09-14 16:56:37,890: INFO     Total length of the genome: 6.0 MB
2020-09-14 16:56:37,890: INFO     created 10 control guides with a minimum distance of 7 and a median distance of 7
2020-09-14 16:56:37,893: INFO     guidemaker completed, results are at TEST
2020-09-14 16:56:37,893: INFO     PAM sequence: NGG
2020-09-14 16:56:37,893: INFO     PAM orientation: 5prime
2020-09-14 16:56:37,893: INFO     Genome strand(s) searched: both
2020-09-14 16:56:37,893: INFO     Total PAM sites considered: 1171800
2020-09-14 16:56:37,893: INFO     Guide RNA candidates found: 45900
	Command being timed: "guidemaker -i ../../all_test_data/Pseudomonas_aeruginosa_PAO1_107.gbk --pamseq NGG --outdir TEST --pam_orientation 5prime --guidelength 20 --strand both --lcp 10 --dist 3 --before 100 --into 100 --knum 10 --controls 10 --log GuideMaker_58627052_3.log --threads 1"
	User time (seconds): 234.54
	System time (seconds): 4.59
	Percent of CPU this job got: 101%
	Elapsed (wall clock) time (h:mm:ss or m:ss): 3:56.19
	Average shared text size (kbytes): 0
	Average unshared data size (kbytes): 0
	Average stack size (kbytes): 0
	Average total size (kbytes): 0
	Maximum resident set size (kbytes): 2412560
	Average resident set size (kbytes): 0
	Major (requiring I/O) page faults: 0
	Minor (reclaiming a frame) page faults: 2391732
	Voluntary context switches: 3063
	Involuntary context switches: 104790
	Swaps: 0
	File system inputs: 2040
	File system outputs: 186520
	Socket messages sent: 0
	Socket messages received: 0
	Signals delivered: 0
	Page size (bytes): 4096
	Exit status: 0
My SLURM_ARRAY_TASK_ID:  3
My TMPDIR IS:  /tmp
Input Genome:>>>>>>>>>>>>>>>>>>>>>>>>>>>>>>>>>>>>>>>>>>>  Pseudomonas_aeruginosa_PAO1_107.gbk
Threads used:>>>>>>>>>>>>>>>>>>>>>>>>>>>>>>>>>>>>>>>>>>>  2
GuideMaker
Your CPU supports instructions that this binary was not compiled to use: SSE4.1 SSE4.2 AVX AVX2
For maximum performance, you can install NMSLIB from sources 
pip install --no-binary :all: nmslib
2020-09-14 16:56:40,850: INFO     Temp directory is: /tmp/guidemaker_xgs4asxb
2020-09-14 16:56:40,851: INFO     Writing fasta file from genbank file(s)
2020-09-14 16:56:40,851: INFO     check if ../../all_test_data/Pseudomonas_aeruginosa_PAO1_107.gbk is gzipped
/home/rp3448/.conda/envs/nonAVX2/lib/python3.7/site-packages/Bio/GenBank/Scanner.py:1400: BiopythonParserWarning: Truncated LOCUS line found - is this correct?
:'LOCUS       NC_002516            6264404 bp    dna     circular UNK \n'
  BiopythonParserWarning,
/home/rp3448/.conda/envs/nonAVX2/lib/python3.7/site-packages/Bio/GenBank/__init__.py:762: BiopythonParserWarning: Non-upper case molecule type in LOCUS line: dna
  BiopythonParserWarning,
2020-09-14 16:56:41,649: INFO     Identifying PAM sites in the genome
2020-09-14 16:57:38,140: INFO     Identifing guides that are unique near the PAM site
2020-09-14 16:57:39,647: INFO     Indexing all potential guide sites: 1171800. This is the longest step.
2020-09-14 16:57:44,596: INFO     M                   = 16
2020-09-14 16:57:44,596: INFO     indexThreadQty      = 2
2020-09-14 16:57:44,596: INFO     efConstruction      = 10
2020-09-14 16:57:44,596: INFO     maxM			          = 16
2020-09-14 16:57:44,596: INFO     maxM0			          = 32
2020-09-14 16:57:44,596: INFO     mult                = 0.360674
2020-09-14 16:57:44,596: INFO     skip_optimized_index= 0
2020-09-14 16:57:44,597: INFO     delaunay_type       = 2
2020-09-14 16:57:44,597: INFO     Set HNSW query-time parameters:
2020-09-14 16:57:44,597: INFO     ef(Search)         =20
2020-09-14 16:57:44,597: INFO     algoType           =2

0%   10   20   30   40   50   60   70   80   90   100%
|----|----|----|----|----|----|----|----|----|----|
***************************************************

0%   10   20   30   40   50   60   70   80   90   100%
|----|----|----|----|----|----|----|----|----|----|
****************************************************2020-09-14 16:59:11,151: INFO     No appropriate custom distance function for Hamming (bit-storage) space
2020-09-14 16:59:11,151: INFO     searchMethod			  = 0
2020-09-14 16:59:11,256: INFO     Identifying guides that have a hamming distance <= 3 to all other potential guides
2020-09-14 16:59:11,586: INFO     Set HNSW query-time parameters:
2020-09-14 16:59:11,586: INFO     ef(Search)         =9
2020-09-14 16:59:11,586: INFO     algoType           =2
2020-09-14 16:59:26,297: INFO     Formatting data for BedTools
2020-09-14 16:59:26,691: INFO     Create GuideMaker Annotation object
2020-09-14 16:59:26,691: INFO     Identify genomic features
2020-09-14 16:59:26,692: INFO     check if ../../all_test_data/Pseudomonas_aeruginosa_PAO1_107.gbk is gzipped
2020-09-14 16:59:28,074: INFO     Total number of CDS/locus in the input genome: 5584
2020-09-14 16:59:28,074: INFO     Find genomic features closest the guides
2020-09-14 16:59:30,664: INFO     Select guides that start between +100 and -100 of a feature start
2020-09-14 16:59:30,843: INFO     Select description columns
2020-09-14 16:59:30,891: INFO     Format the output
2020-09-14 16:59:31,989: INFO     creating random control guides
2020-09-14 16:59:32,343: INFO     Number of random control searched: 1000
2020-09-14 16:59:32,343: INFO     Percentage of GC content in the input genome: 66.56
2020-09-14 16:59:32,343: INFO     Total length of the genome: 6.0 MB
2020-09-14 16:59:32,343: INFO     created 10 control guides with a minimum distance of 8 and a median distance of 8
2020-09-14 16:59:32,346: INFO     guidemaker completed, results are at TEST
2020-09-14 16:59:32,346: INFO     PAM sequence: NGG
2020-09-14 16:59:32,346: INFO     PAM orientation: 5prime
2020-09-14 16:59:32,346: INFO     Genome strand(s) searched: both
2020-09-14 16:59:32,346: INFO     Total PAM sites considered: 1171800
2020-09-14 16:59:32,346: INFO     Guide RNA candidates found: 45890
	Command being timed: "guidemaker -i ../../all_test_data/Pseudomonas_aeruginosa_PAO1_107.gbk --pamseq NGG --outdir TEST --pam_orientation 5prime --guidelength 20 --strand both --lcp 10 --dist 3 --before 100 --into 100 --knum 10 --controls 10 --log GuideMaker_58627052_3.log --threads 2"
	User time (seconds): 256.38
	System time (seconds): 13.56
	Percent of CPU this job got: 154%
	Elapsed (wall clock) time (h:mm:ss or m:ss): 2:54.47
	Average shared text size (kbytes): 0
	Average unshared data size (kbytes): 0
	Average stack size (kbytes): 0
	Average total size (kbytes): 0
	Maximum resident set size (kbytes): 2579932
	Average resident set size (kbytes): 0
	Major (requiring I/O) page faults: 0
	Minor (reclaiming a frame) page faults: 7268552
	Voluntary context switches: 46724
	Involuntary context switches: 651
	Swaps: 0
	File system inputs: 0
	File system outputs: 186488
	Socket messages sent: 0
	Socket messages received: 0
	Signals delivered: 0
	Page size (bytes): 4096
	Exit status: 0
My SLURM_ARRAY_TASK_ID:  3
My TMPDIR IS:  /tmp
Input Genome:>>>>>>>>>>>>>>>>>>>>>>>>>>>>>>>>>>>>>>>>>>>  Pseudomonas_aeruginosa_PAO1_107.gbk
Threads used:>>>>>>>>>>>>>>>>>>>>>>>>>>>>>>>>>>>>>>>>>>>  4
GuideMaker
Your CPU supports instructions that this binary was not compiled to use: SSE4.1 SSE4.2 AVX AVX2
For maximum performance, you can install NMSLIB from sources 
pip install --no-binary :all: nmslib
2020-09-14 16:59:35,337: INFO     Temp directory is: /tmp/guidemaker_oszmf9cd
2020-09-14 16:59:35,338: INFO     Writing fasta file from genbank file(s)
2020-09-14 16:59:35,338: INFO     check if ../../all_test_data/Pseudomonas_aeruginosa_PAO1_107.gbk is gzipped
/home/rp3448/.conda/envs/nonAVX2/lib/python3.7/site-packages/Bio/GenBank/Scanner.py:1400: BiopythonParserWarning: Truncated LOCUS line found - is this correct?
:'LOCUS       NC_002516            6264404 bp    dna     circular UNK \n'
  BiopythonParserWarning,
/home/rp3448/.conda/envs/nonAVX2/lib/python3.7/site-packages/Bio/GenBank/__init__.py:762: BiopythonParserWarning: Non-upper case molecule type in LOCUS line: dna
  BiopythonParserWarning,
2020-09-14 16:59:36,138: INFO     Identifying PAM sites in the genome
2020-09-14 17:00:32,771: INFO     Identifing guides that are unique near the PAM site
2020-09-14 17:00:34,287: INFO     Indexing all potential guide sites: 1171800. This is the longest step.
2020-09-14 17:00:39,188: INFO     M                   = 16
2020-09-14 17:00:39,188: INFO     indexThreadQty      = 4
2020-09-14 17:00:39,188: INFO     efConstruction      = 10
2020-09-14 17:00:39,188: INFO     maxM			          = 16
2020-09-14 17:00:39,188: INFO     maxM0			          = 32
2020-09-14 17:00:39,189: INFO     mult                = 0.360674
2020-09-14 17:00:39,189: INFO     skip_optimized_index= 0
2020-09-14 17:00:39,189: INFO     delaunay_type       = 2
2020-09-14 17:00:39,189: INFO     Set HNSW query-time parameters:
2020-09-14 17:00:39,189: INFO     ef(Search)         =20
2020-09-14 17:00:39,189: INFO     algoType           =2

0%   10   20   30   40   50   60   70   80   90   100%
|----|----|----|----|----|----|----|----|----|----|
***************************************************

0%   10   20   30   40   50   60   70   80   90   100%
|----|----|----|----|----|----|----|----|----|----|
****************************************************2020-09-14 17:01:24,297: INFO     No appropriate custom distance function for Hamming (bit-storage) space
2020-09-14 17:01:24,297: INFO     searchMethod			  = 0
2020-09-14 17:01:24,395: INFO     Identifying guides that have a hamming distance <= 3 to all other potential guides
2020-09-14 17:01:24,721: INFO     Set HNSW query-time parameters:
2020-09-14 17:01:24,721: INFO     ef(Search)         =9
2020-09-14 17:01:24,721: INFO     algoType           =2
2020-09-14 17:01:36,004: INFO     Formatting data for BedTools
2020-09-14 17:01:36,398: INFO     Create GuideMaker Annotation object
2020-09-14 17:01:36,399: INFO     Identify genomic features
2020-09-14 17:01:36,399: INFO     check if ../../all_test_data/Pseudomonas_aeruginosa_PAO1_107.gbk is gzipped
2020-09-14 17:01:37,783: INFO     Total number of CDS/locus in the input genome: 5584
2020-09-14 17:01:37,783: INFO     Find genomic features closest the guides
2020-09-14 17:01:40,454: INFO     Select guides that start between +100 and -100 of a feature start
2020-09-14 17:01:40,631: INFO     Select description columns
2020-09-14 17:01:40,678: INFO     Format the output
2020-09-14 17:01:41,772: INFO     creating random control guides
2020-09-14 17:01:41,930: INFO     Number of random control searched: 100
2020-09-14 17:01:41,930: INFO     Percentage of GC content in the input genome: 66.56
2020-09-14 17:01:41,930: INFO     Total length of the genome: 6.0 MB
2020-09-14 17:01:41,930: INFO     created 10 control guides with a minimum distance of 7 and a median distance of 7
2020-09-14 17:01:41,933: INFO     guidemaker completed, results are at TEST
2020-09-14 17:01:41,933: INFO     PAM sequence: NGG
2020-09-14 17:01:41,933: INFO     PAM orientation: 5prime
2020-09-14 17:01:41,933: INFO     Genome strand(s) searched: both
2020-09-14 17:01:41,933: INFO     Total PAM sites considered: 1171800
2020-09-14 17:01:41,933: INFO     Guide RNA candidates found: 45906
	Command being timed: "guidemaker -i ../../all_test_data/Pseudomonas_aeruginosa_PAO1_107.gbk --pamseq NGG --outdir TEST --pam_orientation 5prime --guidelength 20 --strand both --lcp 10 --dist 3 --before 100 --into 100 --knum 10 --controls 10 --log GuideMaker_58627052_3.log --threads 4"
	User time (seconds): 261.68
	System time (seconds): 12.47
	Percent of CPU this job got: 211%
	Elapsed (wall clock) time (h:mm:ss or m:ss): 2:09.59
	Average shared text size (kbytes): 0
	Average unshared data size (kbytes): 0
	Average stack size (kbytes): 0
	Average total size (kbytes): 0
	Maximum resident set size (kbytes): 2594732
	Average resident set size (kbytes): 0
	Major (requiring I/O) page faults: 0
	Minor (reclaiming a frame) page faults: 5803878
	Voluntary context switches: 159548
	Involuntary context switches: 715808
	Swaps: 0
	File system inputs: 0
	File system outputs: 186488
	Socket messages sent: 0
	Socket messages received: 0
	Signals delivered: 0
	Page size (bytes): 4096
	Exit status: 0
My SLURM_ARRAY_TASK_ID:  3
My TMPDIR IS:  /tmp
Input Genome:>>>>>>>>>>>>>>>>>>>>>>>>>>>>>>>>>>>>>>>>>>>  Pseudomonas_aeruginosa_PAO1_107.gbk
Threads used:>>>>>>>>>>>>>>>>>>>>>>>>>>>>>>>>>>>>>>>>>>>  8
GuideMaker
Your CPU supports instructions that this binary was not compiled to use: SSE4.1 SSE4.2 AVX AVX2
For maximum performance, you can install NMSLIB from sources 
pip install --no-binary :all: nmslib
2020-09-14 17:01:44,941: INFO     Temp directory is: /tmp/guidemaker_b_65zd8t
2020-09-14 17:01:44,941: INFO     Writing fasta file from genbank file(s)
2020-09-14 17:01:44,941: INFO     check if ../../all_test_data/Pseudomonas_aeruginosa_PAO1_107.gbk is gzipped
/home/rp3448/.conda/envs/nonAVX2/lib/python3.7/site-packages/Bio/GenBank/Scanner.py:1400: BiopythonParserWarning: Truncated LOCUS line found - is this correct?
:'LOCUS       NC_002516            6264404 bp    dna     circular UNK \n'
  BiopythonParserWarning,
/home/rp3448/.conda/envs/nonAVX2/lib/python3.7/site-packages/Bio/GenBank/__init__.py:762: BiopythonParserWarning: Non-upper case molecule type in LOCUS line: dna
  BiopythonParserWarning,
2020-09-14 17:01:45,747: INFO     Identifying PAM sites in the genome
2020-09-14 17:02:41,775: INFO     Identifing guides that are unique near the PAM site
2020-09-14 17:02:43,283: INFO     Indexing all potential guide sites: 1171800. This is the longest step.
2020-09-14 17:02:48,415: INFO     M                   = 16
2020-09-14 17:02:48,415: INFO     indexThreadQty      = 8
2020-09-14 17:02:48,415: INFO     efConstruction      = 10
2020-09-14 17:02:48,415: INFO     maxM			          = 16
2020-09-14 17:02:48,415: INFO     maxM0			          = 32
2020-09-14 17:02:48,415: INFO     mult                = 0.360674
2020-09-14 17:02:48,415: INFO     skip_optimized_index= 0
2020-09-14 17:02:48,415: INFO     delaunay_type       = 2
2020-09-14 17:02:48,415: INFO     Set HNSW query-time parameters:
2020-09-14 17:02:48,415: INFO     ef(Search)         =20
2020-09-14 17:02:48,415: INFO     algoType           =2

0%   10   20   30   40   50   60   70   80   90   100%
|----|----|----|----|----|----|----|----|----|----|
***************************************************

0%   10   20   30   40   50   60   70   80   90   100%
|----|----|----|----|----|----|----|----|----|----|
****************************************************2020-09-14 17:03:12,306: INFO     No appropriate custom distance function for Hamming (bit-storage) space
2020-09-14 17:03:12,306: INFO     searchMethod			  = 0
2020-09-14 17:03:12,403: INFO     Identifying guides that have a hamming distance <= 3 to all other potential guides
2020-09-14 17:03:12,756: INFO     Set HNSW query-time parameters:
2020-09-14 17:03:12,756: INFO     ef(Search)         =9
2020-09-14 17:03:12,756: INFO     algoType           =2
2020-09-14 17:03:22,663: INFO     Formatting data for BedTools
2020-09-14 17:03:23,043: INFO     Create GuideMaker Annotation object
2020-09-14 17:03:23,043: INFO     Identify genomic features
2020-09-14 17:03:23,044: INFO     check if ../../all_test_data/Pseudomonas_aeruginosa_PAO1_107.gbk is gzipped
2020-09-14 17:03:24,413: INFO     Total number of CDS/locus in the input genome: 5584
2020-09-14 17:03:24,413: INFO     Find genomic features closest the guides
2020-09-14 17:03:27,037: INFO     Select guides that start between +100 and -100 of a feature start
2020-09-14 17:03:27,211: INFO     Select description columns
2020-09-14 17:03:27,258: INFO     Format the output
2020-09-14 17:03:28,346: INFO     creating random control guides
2020-09-14 17:03:28,475: INFO     Number of random control searched: 100
2020-09-14 17:03:28,475: INFO     Percentage of GC content in the input genome: 66.56
2020-09-14 17:03:28,475: INFO     Total length of the genome: 6.0 MB
2020-09-14 17:03:28,475: INFO     created 10 control guides with a minimum distance of 7 and a median distance of 7
2020-09-14 17:03:28,477: INFO     guidemaker completed, results are at TEST
2020-09-14 17:03:28,477: INFO     PAM sequence: NGG
2020-09-14 17:03:28,478: INFO     PAM orientation: 5prime
2020-09-14 17:03:28,478: INFO     Genome strand(s) searched: both
2020-09-14 17:03:28,478: INFO     Total PAM sites considered: 1171800
2020-09-14 17:03:28,478: INFO     Guide RNA candidates found: 45907
	Command being timed: "guidemaker -i ../../all_test_data/Pseudomonas_aeruginosa_PAO1_107.gbk --pamseq NGG --outdir TEST --pam_orientation 5prime --guidelength 20 --strand both --lcp 10 --dist 3 --before 100 --into 100 --knum 10 --controls 10 --log GuideMaker_58627052_3.log --threads 8"
	User time (seconds): 271.60
	System time (seconds): 11.51
	Percent of CPU this job got: 265%
	Elapsed (wall clock) time (h:mm:ss or m:ss): 1:46.56
	Average shared text size (kbytes): 0
	Average unshared data size (kbytes): 0
	Average stack size (kbytes): 0
	Average total size (kbytes): 0
	Maximum resident set size (kbytes): 2605632
	Average resident set size (kbytes): 0
	Major (requiring I/O) page faults: 0
	Minor (reclaiming a frame) page faults: 4297323
	Voluntary context switches: 252752
	Involuntary context switches: 585
	Swaps: 0
	File system inputs: 0
	File system outputs: 186480
	Socket messages sent: 0
	Socket messages received: 0
	Signals delivered: 0
	Page size (bytes): 4096
	Exit status: 0
My SLURM_ARRAY_TASK_ID:  3
My TMPDIR IS:  /tmp
Input Genome:>>>>>>>>>>>>>>>>>>>>>>>>>>>>>>>>>>>>>>>>>>>  Pseudomonas_aeruginosa_PAO1_107.gbk
Threads used:>>>>>>>>>>>>>>>>>>>>>>>>>>>>>>>>>>>>>>>>>>>  16
GuideMaker
Your CPU supports instructions that this binary was not compiled to use: SSE4.1 SSE4.2 AVX AVX2
For maximum performance, you can install NMSLIB from sources 
pip install --no-binary :all: nmslib
2020-09-14 17:03:31,485: INFO     Temp directory is: /tmp/guidemaker_iqsgdk8c
2020-09-14 17:03:31,486: INFO     Writing fasta file from genbank file(s)
2020-09-14 17:03:31,486: INFO     check if ../../all_test_data/Pseudomonas_aeruginosa_PAO1_107.gbk is gzipped
/home/rp3448/.conda/envs/nonAVX2/lib/python3.7/site-packages/Bio/GenBank/Scanner.py:1400: BiopythonParserWarning: Truncated LOCUS line found - is this correct?
:'LOCUS       NC_002516            6264404 bp    dna     circular UNK \n'
  BiopythonParserWarning,
/home/rp3448/.conda/envs/nonAVX2/lib/python3.7/site-packages/Bio/GenBank/__init__.py:762: BiopythonParserWarning: Non-upper case molecule type in LOCUS line: dna
  BiopythonParserWarning,
2020-09-14 17:03:32,301: INFO     Identifying PAM sites in the genome
2020-09-14 17:04:30,128: INFO     Identifing guides that are unique near the PAM site
2020-09-14 17:04:31,642: INFO     Indexing all potential guide sites: 1171800. This is the longest step.
2020-09-14 17:04:36,746: INFO     M                   = 16
2020-09-14 17:04:36,746: INFO     indexThreadQty      = 16
2020-09-14 17:04:36,746: INFO     efConstruction      = 10
2020-09-14 17:04:36,746: INFO     maxM			          = 16
2020-09-14 17:04:36,746: INFO     maxM0			          = 32
2020-09-14 17:04:36,746: INFO     mult                = 0.360674
2020-09-14 17:04:36,747: INFO     skip_optimized_index= 0
2020-09-14 17:04:36,747: INFO     delaunay_type       = 2
2020-09-14 17:04:36,747: INFO     Set HNSW query-time parameters:
2020-09-14 17:04:36,747: INFO     ef(Search)         =20
2020-09-14 17:04:36,747: INFO     algoType           =2

0%   10   20   30   40   50   60   70   80   90   100%
|----|----|----|----|----|----|----|----|----|----|
***************************************************

0%   10   20   30   40   50   60   70   80   90   100%
|----|----|----|----|----|----|----|----|----|----|
****************************************************


2020-09-14 17:04:50,466: INFO     No appropriate custom distance function for Hamming (bit-storage) space
2020-09-14 17:04:50,467: INFO     searchMethod			  = 0
2020-09-14 17:04:50,578: INFO     Identifying guides that have a hamming distance <= 3 to all other potential guides
2020-09-14 17:04:51,005: INFO     Set HNSW query-time parameters:
2020-09-14 17:04:51,005: INFO     ef(Search)         =9
2020-09-14 17:04:51,005: INFO     algoType           =2
2020-09-14 17:05:00,751: INFO     Formatting data for BedTools
2020-09-14 17:05:01,129: INFO     Create GuideMaker Annotation object
2020-09-14 17:05:01,129: INFO     Identify genomic features
2020-09-14 17:05:01,130: INFO     check if ../../all_test_data/Pseudomonas_aeruginosa_PAO1_107.gbk is gzipped
2020-09-14 17:05:02,493: INFO     Total number of CDS/locus in the input genome: 5584
2020-09-14 17:05:02,494: INFO     Find genomic features closest the guides
2020-09-14 17:05:05,100: INFO     Select guides that start between +100 and -100 of a feature start
2020-09-14 17:05:05,273: INFO     Select description columns
2020-09-14 17:05:05,320: INFO     Format the output
2020-09-14 17:05:06,420: INFO     creating random control guides
2020-09-14 17:05:06,542: INFO     Number of random control searched: 100
2020-09-14 17:05:06,542: INFO     Percentage of GC content in the input genome: 66.56
2020-09-14 17:05:06,542: INFO     Total length of the genome: 6.0 MB
2020-09-14 17:05:06,542: INFO     created 10 control guides with a minimum distance of 7 and a median distance of 7
2020-09-14 17:05:06,545: INFO     guidemaker completed, results are at TEST
2020-09-14 17:05:06,545: INFO     PAM sequence: NGG
2020-09-14 17:05:06,545: INFO     PAM orientation: 5prime
2020-09-14 17:05:06,545: INFO     Genome strand(s) searched: both
2020-09-14 17:05:06,545: INFO     Total PAM sites considered: 1171800
2020-09-14 17:05:06,545: INFO     Guide RNA candidates found: 45905
	Command being timed: "guidemaker -i ../../all_test_data/Pseudomonas_aeruginosa_PAO1_107.gbk --pamseq NGG --outdir TEST --pam_orientation 5prime --guidelength 20 --strand both --lcp 10 --dist 3 --before 100 --into 100 --knum 10 --controls 10 --log GuideMaker_58627052_3.log --threads 16"
	User time (seconds): 293.33
	System time (seconds): 15.00
	Percent of CPU this job got: 314%
	Elapsed (wall clock) time (h:mm:ss or m:ss): 1:38.11
	Average shared text size (kbytes): 0
	Average unshared data size (kbytes): 0
	Average stack size (kbytes): 0
	Average total size (kbytes): 0
	Maximum resident set size (kbytes): 2620968
	Average resident set size (kbytes): 0
	Major (requiring I/O) page faults: 0
	Minor (reclaiming a frame) page faults: 3382796
	Voluntary context switches: 604041
	Involuntary context switches: 664335
	Swaps: 0
	File system inputs: 0
	File system outputs: 186328
	Socket messages sent: 0
	Socket messages received: 0
	Signals delivered: 0
	Page size (bytes): 4096
	Exit status: 0
My SLURM_ARRAY_TASK_ID:  3
My TMPDIR IS:  /tmp
Input Genome:>>>>>>>>>>>>>>>>>>>>>>>>>>>>>>>>>>>>>>>>>>>  Pseudomonas_aeruginosa_PAO1_107.gbk
Threads used:>>>>>>>>>>>>>>>>>>>>>>>>>>>>>>>>>>>>>>>>>>>  32
GuideMaker
Your CPU supports instructions that this binary was not compiled to use: SSE4.1 SSE4.2 AVX AVX2
For maximum performance, you can install NMSLIB from sources 
pip install --no-binary :all: nmslib
2020-09-14 17:05:09,600: INFO     Temp directory is: /tmp/guidemaker_eiflxfu9
2020-09-14 17:05:09,601: INFO     Writing fasta file from genbank file(s)
2020-09-14 17:05:09,601: INFO     check if ../../all_test_data/Pseudomonas_aeruginosa_PAO1_107.gbk is gzipped
/home/rp3448/.conda/envs/nonAVX2/lib/python3.7/site-packages/Bio/GenBank/Scanner.py:1400: BiopythonParserWarning: Truncated LOCUS line found - is this correct?
:'LOCUS       NC_002516            6264404 bp    dna     circular UNK \n'
  BiopythonParserWarning,
/home/rp3448/.conda/envs/nonAVX2/lib/python3.7/site-packages/Bio/GenBank/__init__.py:762: BiopythonParserWarning: Non-upper case molecule type in LOCUS line: dna
  BiopythonParserWarning,
2020-09-14 17:05:10,416: INFO     Identifying PAM sites in the genome
2020-09-14 17:06:07,742: INFO     Identifing guides that are unique near the PAM site
2020-09-14 17:06:09,261: INFO     Indexing all potential guide sites: 1171800. This is the longest step.
2020-09-14 17:06:14,251: INFO     M                   = 16
2020-09-14 17:06:14,251: INFO     indexThreadQty      = 32
2020-09-14 17:06:14,251: INFO     efConstruction      = 10
2020-09-14 17:06:14,251: INFO     maxM			          = 16
2020-09-14 17:06:14,251: INFO     maxM0			          = 32
2020-09-14 17:06:14,251: INFO     mult                = 0.360674
2020-09-14 17:06:14,251: INFO     skip_optimized_index= 0
2020-09-14 17:06:14,251: INFO     delaunay_type       = 2
2020-09-14 17:06:14,251: INFO     Set HNSW query-time parameters:
2020-09-14 17:06:14,252: INFO     ef(Search)         =20
2020-09-14 17:06:14,252: INFO     algoType           =2

0%   10   20   30   40   50   60   70   80   90   100%
|----|----|----|----|----|----|----|----|----|----|
***************************************************

0%   10   20   30   40   50   60   70   80   90   100%
|----|----|----|----|----|----|----|----|----|----|
****************************************************2020-09-14 17:06:22,719: INFO     No appropriate custom distance function for Hamming (bit-storage) space
2020-09-14 17:06:22,720: INFO     searchMethod			  = 0
2020-09-14 17:06:22,819: INFO     Identifying guides that have a hamming distance <= 3 to all other potential guides
2020-09-14 17:06:23,156: INFO     Set HNSW query-time parameters:
2020-09-14 17:06:23,156: INFO     ef(Search)         =9
2020-09-14 17:06:23,156: INFO     algoType           =2
2020-09-14 17:06:32,300: INFO     Formatting data for BedTools
2020-09-14 17:06:32,684: INFO     Create GuideMaker Annotation object
2020-09-14 17:06:32,684: INFO     Identify genomic features
2020-09-14 17:06:32,684: INFO     check if ../../all_test_data/Pseudomonas_aeruginosa_PAO1_107.gbk is gzipped
2020-09-14 17:06:34,056: INFO     Total number of CDS/locus in the input genome: 5584
2020-09-14 17:06:34,056: INFO     Find genomic features closest the guides
2020-09-14 17:06:36,694: INFO     Select guides that start between +100 and -100 of a feature start
2020-09-14 17:06:36,869: INFO     Select description columns
2020-09-14 17:06:36,916: INFO     Format the output
2020-09-14 17:06:38,015: INFO     creating random control guides
2020-09-14 17:06:38,178: INFO     Number of random control searched: 100
2020-09-14 17:06:38,178: INFO     Percentage of GC content in the input genome: 66.56
2020-09-14 17:06:38,178: INFO     Total length of the genome: 6.0 MB
2020-09-14 17:06:38,178: INFO     created 10 control guides with a minimum distance of 7 and a median distance of 7
2020-09-14 17:06:38,180: INFO     guidemaker completed, results are at TEST
2020-09-14 17:06:38,180: INFO     PAM sequence: NGG
2020-09-14 17:06:38,180: INFO     PAM orientation: 5prime
2020-09-14 17:06:38,181: INFO     Genome strand(s) searched: both
2020-09-14 17:06:38,181: INFO     Total PAM sites considered: 1171800
2020-09-14 17:06:38,181: INFO     Guide RNA candidates found: 45917
	Command being timed: "guidemaker -i ../../all_test_data/Pseudomonas_aeruginosa_PAO1_107.gbk --pamseq NGG --outdir TEST --pam_orientation 5prime --guidelength 20 --strand both --lcp 10 --dist 3 --before 100 --into 100 --knum 10 --controls 10 --log GuideMaker_58627052_3.log --threads 32"
	User time (seconds): 306.34
	System time (seconds): 24.00
	Percent of CPU this job got: 360%
	Elapsed (wall clock) time (h:mm:ss or m:ss): 1:31.61
	Average shared text size (kbytes): 0
	Average unshared data size (kbytes): 0
	Average stack size (kbytes): 0
	Average total size (kbytes): 0
	Maximum resident set size (kbytes): 2642032
	Average resident set size (kbytes): 0
	Major (requiring I/O) page faults: 0
	Minor (reclaiming a frame) page faults: 2989312
	Voluntary context switches: 1206723
	Involuntary context switches: 119430
	Swaps: 0
	File system inputs: 0
	File system outputs: 186432
	Socket messages sent: 0
	Socket messages received: 0
	Signals delivered: 0
	Page size (bytes): 4096
	Exit status: 0
