slurmstepd: error: Unable to create TMPDIR [/scratch/local/58616138]: Permission denied
slurmstepd: error: Setting TMPDIR to /tmp
Mon Sep 14 16:40:46 EDT 2020
c25b-s41.ufhpc
/blue/garrett/rp3448/analysis/guidemaker/nonAVXGuidemaker/GuideMaker

     active environment : nonAVX2
    active env location : /home/rp3448/.conda/envs/nonAVX2
            shell level : 2
       user config file : /home/rp3448/.condarc
 populated config files : /home/rp3448/.condarc
          conda version : 4.7.12
    conda-build version : not installed
         python version : 3.7.4.final.0
       virtual packages : 
       base environment : /apps/conda/4.7.12  (read only)
           channel URLs : https://conda.anaconda.org/biobakery/linux-64
                          https://conda.anaconda.org/biobakery/noarch
                          https://conda.anaconda.org/conda-forge/linux-64
                          https://conda.anaconda.org/conda-forge/noarch
                          https://conda.anaconda.org/bioconda/linux-64
                          https://conda.anaconda.org/bioconda/noarch
                          https://repo.anaconda.com/pkgs/main/linux-64
                          https://repo.anaconda.com/pkgs/main/noarch
                          https://repo.anaconda.com/pkgs/r/linux-64
                          https://repo.anaconda.com/pkgs/r/noarch
          package cache : /apps/conda/4.7.12/pkgs
                          /home/rp3448/.conda/pkgs
       envs directories : /home/rp3448/.conda/envs
                          /apps/conda/4.7.12/envs
               platform : linux-64
             user-agent : conda/4.7.12 requests/2.22.0 CPython/3.7.4 Linux/3.10.0-1062.18.1.el7.x86_64 rhel/7.7 glibc/2.17
                UID:GID : 6472:3511
             netrc file : None
           offline mode : False

My SLURM_ARRAY_TASK_ID:  10
My TMPDIR IS:  /tmp
Input Genome:>>>>>>>>>>>>>>>>>>>>>>>>>>>>>>>>>>>>>>>>>>>  Burkholderia_thailandensis_E264_ATCC_700388_133.gbk
Threads used:>>>>>>>>>>>>>>>>>>>>>>>>>>>>>>>>>>>>>>>>>>>  1
GuideMaker
Your CPU supports instructions that this binary was not compiled to use: SSE4.1 SSE4.2 AVX AVX2
For maximum performance, you can install NMSLIB from sources 
pip install --no-binary :all: nmslib
2020-09-14 16:40:51,281: INFO     Temp directory is: /tmp/guidemaker_grfhjuly
2020-09-14 16:40:51,282: INFO     Writing fasta file from genbank file(s)
2020-09-14 16:40:51,282: INFO     check if ../../all_test_data/Burkholderia_thailandensis_E264_ATCC_700388_133.gbk is gzipped
2020-09-14 16:40:52,018: INFO     Identifying PAM sites in the genome
2020-09-14 16:41:38,655: INFO     Identifing guides that are unique near the PAM site
2020-09-14 16:41:39,868: INFO     Indexing all potential guide sites: 923226. This is the longest step.
2020-09-14 16:41:43,825: INFO     M                   = 16
2020-09-14 16:41:43,826: INFO     indexThreadQty      = 1
2020-09-14 16:41:43,826: INFO     efConstruction      = 10
2020-09-14 16:41:43,826: INFO     maxM			          = 16
2020-09-14 16:41:43,826: INFO     maxM0			          = 32
2020-09-14 16:41:43,826: INFO     mult                = 0.360674
2020-09-14 16:41:43,826: INFO     skip_optimized_index= 0
2020-09-14 16:41:43,826: INFO     delaunay_type       = 2
2020-09-14 16:41:43,826: INFO     Set HNSW query-time parameters:
2020-09-14 16:41:43,826: INFO     ef(Search)         =20
2020-09-14 16:41:43,826: INFO     algoType           =2

0%   10   20   30   40   50   60   70   80   90   100%
|----|----|----|----|----|----|----|----|----|----|
***************************************************

0%   10   20   30   40   50   60   70   80   90   100%
|----|----|----|----|----|----|----|----|----|----|
***************************************************
*2020-09-14 16:43:32,668: INFO     No appropriate custom distance function for Hamming (bit-storage) space
2020-09-14 16:43:32,669: INFO     searchMethod			  = 0
2020-09-14 16:43:32,746: INFO     Identifying guides that have a hamming distance <= 3 to all other potential guides
2020-09-14 16:43:33,037: INFO     Set HNSW query-time parameters:
2020-09-14 16:43:33,037: INFO     ef(Search)         =9
2020-09-14 16:43:33,037: INFO     algoType           =2
2020-09-14 16:43:48,984: INFO     Formatting data for BedTools
2020-09-14 16:43:49,326: INFO     Create GuideMaker Annotation object
2020-09-14 16:43:49,326: INFO     Identify genomic features
2020-09-14 16:43:49,327: INFO     check if ../../all_test_data/Burkholderia_thailandensis_E264_ATCC_700388_133.gbk is gzipped
2020-09-14 16:43:50,038: INFO     Total number of CDS/locus in the input genome: 5633
2020-09-14 16:43:50,038: INFO     Find genomic features closest the guides
2020-09-14 16:43:52,241: INFO     Select guides that start between +100 and -100 of a feature start
2020-09-14 16:43:52,421: INFO     Select description columns
2020-09-14 16:43:52,471: INFO     Format the output
2020-09-14 16:43:53,230: INFO     creating random control guides
2020-09-14 16:43:53,329: INFO     Number of random control searched: 100
2020-09-14 16:43:53,329: INFO     Percentage of GC content in the input genome: 67.63
2020-09-14 16:43:53,329: INFO     Total length of the genome: 6.4 MB
2020-09-14 16:43:53,329: INFO     created 10 control guides with a minimum distance of 7 and a median distance of 7
2020-09-14 16:43:53,333: INFO     guidemaker completed, results are at TEST
2020-09-14 16:43:53,333: INFO     PAM sequence: NGG
2020-09-14 16:43:53,333: INFO     PAM orientation: 5prime
2020-09-14 16:43:53,333: INFO     Genome strand(s) searched: both
2020-09-14 16:43:53,333: INFO     Total PAM sites considered: 923226
2020-09-14 16:43:53,333: INFO     Guide RNA candidates found: 36039
	Command being timed: "guidemaker -i ../../all_test_data/Burkholderia_thailandensis_E264_ATCC_700388_133.gbk --pamseq NGG --outdir TEST --pam_orientation 5prime --guidelength 20 --strand both --lcp 10 --dist 3 --before 100 --into 100 --knum 10 --controls 10 --log GuideMaker_58623567_10.log --threads 1"
	User time (seconds): 182.81
	System time (seconds): 4.55
	Percent of CPU this job got: 101%
	Elapsed (wall clock) time (h:mm:ss or m:ss): 3:04.48
	Average shared text size (kbytes): 0
	Average unshared data size (kbytes): 0
	Average stack size (kbytes): 0
	Average total size (kbytes): 0
	Maximum resident set size (kbytes): 1928612
	Average resident set size (kbytes): 0
	Major (requiring I/O) page faults: 0
	Minor (reclaiming a frame) page faults: 2215100
	Voluntary context switches: 3103
	Involuntary context switches: 145621
	Swaps: 0
	File system inputs: 0
	File system outputs: 147712
	Socket messages sent: 0
	Socket messages received: 0
	Signals delivered: 0
	Page size (bytes): 4096
	Exit status: 0
My SLURM_ARRAY_TASK_ID:  10
My TMPDIR IS:  /tmp
Input Genome:>>>>>>>>>>>>>>>>>>>>>>>>>>>>>>>>>>>>>>>>>>>  Burkholderia_thailandensis_E264_ATCC_700388_133.gbk
Threads used:>>>>>>>>>>>>>>>>>>>>>>>>>>>>>>>>>>>>>>>>>>>  2
GuideMaker
Your CPU supports instructions that this binary was not compiled to use: SSE4.1 SSE4.2 AVX AVX2
For maximum performance, you can install NMSLIB from sources 
pip install --no-binary :all: nmslib
2020-09-14 16:43:55,784: INFO     Temp directory is: /tmp/guidemaker_d0p4bu58
2020-09-14 16:43:55,784: INFO     Writing fasta file from genbank file(s)
2020-09-14 16:43:55,784: INFO     check if ../../all_test_data/Burkholderia_thailandensis_E264_ATCC_700388_133.gbk is gzipped
2020-09-14 16:43:56,523: INFO     Identifying PAM sites in the genome
2020-09-14 16:44:42,712: INFO     Identifing guides that are unique near the PAM site
2020-09-14 16:44:43,851: INFO     Indexing all potential guide sites: 923226. This is the longest step.
2020-09-14 16:44:47,679: INFO     M                   = 16
2020-09-14 16:44:47,679: INFO     indexThreadQty      = 2
2020-09-14 16:44:47,679: INFO     efConstruction      = 10
2020-09-14 16:44:47,679: INFO     maxM			          = 16
2020-09-14 16:44:47,679: INFO     maxM0			          = 32
2020-09-14 16:44:47,679: INFO     mult                = 0.360674
2020-09-14 16:44:47,679: INFO     skip_optimized_index= 0
2020-09-14 16:44:47,679: INFO     delaunay_type       = 2
2020-09-14 16:44:47,679: INFO     Set HNSW query-time parameters:
2020-09-14 16:44:47,680: INFO     ef(Search)         =20
2020-09-14 16:44:47,680: INFO     algoType           =2

0%   10   20   30   40   50   60   70   80   90   100%
|----|----|----|----|----|----|----|----|----|----|
***************************************************

0%   10   20   30   40   50   60   70   80   90   100%
|----|----|----|----|----|----|----|----|----|----|
****************************************************2020-09-14 16:45:54,425: INFO     No appropriate custom distance function for Hamming (bit-storage) space
2020-09-14 16:45:54,425: INFO     searchMethod			  = 0
2020-09-14 16:45:54,507: INFO     Identifying guides that have a hamming distance <= 3 to all other potential guides
2020-09-14 16:45:54,788: INFO     Set HNSW query-time parameters:
2020-09-14 16:45:54,788: INFO     ef(Search)         =9
2020-09-14 16:45:54,788: INFO     algoType           =2
2020-09-14 16:46:08,356: INFO     Formatting data for BedTools
2020-09-14 16:46:08,697: INFO     Create GuideMaker Annotation object
2020-09-14 16:46:08,697: INFO     Identify genomic features
2020-09-14 16:46:08,698: INFO     check if ../../all_test_data/Burkholderia_thailandensis_E264_ATCC_700388_133.gbk is gzipped
2020-09-14 16:46:09,416: INFO     Total number of CDS/locus in the input genome: 5633
2020-09-14 16:46:09,416: INFO     Find genomic features closest the guides
2020-09-14 16:46:11,788: INFO     Select guides that start between +100 and -100 of a feature start
2020-09-14 16:46:11,980: INFO     Select description columns
2020-09-14 16:46:12,035: INFO     Format the output
2020-09-14 16:46:12,793: INFO     creating random control guides
2020-09-14 16:46:12,954: INFO     Number of random control searched: 100
2020-09-14 16:46:12,954: INFO     Percentage of GC content in the input genome: 67.63
2020-09-14 16:46:12,954: INFO     Total length of the genome: 6.4 MB
2020-09-14 16:46:12,954: INFO     created 10 control guides with a minimum distance of 7 and a median distance of 7
2020-09-14 16:46:12,957: INFO     guidemaker completed, results are at TEST
2020-09-14 16:46:12,957: INFO     PAM sequence: NGG
2020-09-14 16:46:12,957: INFO     PAM orientation: 5prime
2020-09-14 16:46:12,957: INFO     Genome strand(s) searched: both
2020-09-14 16:46:12,958: INFO     Total PAM sites considered: 923226
2020-09-14 16:46:12,958: INFO     Guide RNA candidates found: 36067
	Command being timed: "guidemaker -i ../../all_test_data/Burkholderia_thailandensis_E264_ATCC_700388_133.gbk --pamseq NGG --outdir TEST --pam_orientation 5prime --guidelength 20 --strand both --lcp 10 --dist 3 --before 100 --into 100 --knum 10 --controls 10 --log GuideMaker_58623567_10.log --threads 2"
	User time (seconds): 202.96
	System time (seconds): 11.13
	Percent of CPU this job got: 153%
	Elapsed (wall clock) time (h:mm:ss or m:ss): 2:19.76
	Average shared text size (kbytes): 0
	Average unshared data size (kbytes): 0
	Average stack size (kbytes): 0
	Average total size (kbytes): 0
	Maximum resident set size (kbytes): 2051352
	Average resident set size (kbytes): 0
	Major (requiring I/O) page faults: 0
	Minor (reclaiming a frame) page faults: 5146836
	Voluntary context switches: 60041
	Involuntary context switches: 47939
	Swaps: 0
	File system inputs: 0
	File system outputs: 147728
	Socket messages sent: 0
	Socket messages received: 0
	Signals delivered: 0
	Page size (bytes): 4096
	Exit status: 0
My SLURM_ARRAY_TASK_ID:  10
My TMPDIR IS:  /tmp
Input Genome:>>>>>>>>>>>>>>>>>>>>>>>>>>>>>>>>>>>>>>>>>>>  Burkholderia_thailandensis_E264_ATCC_700388_133.gbk
Threads used:>>>>>>>>>>>>>>>>>>>>>>>>>>>>>>>>>>>>>>>>>>>  4
GuideMaker
Your CPU supports instructions that this binary was not compiled to use: SSE4.1 SSE4.2 AVX AVX2
For maximum performance, you can install NMSLIB from sources 
pip install --no-binary :all: nmslib
2020-09-14 16:46:15,578: INFO     Temp directory is: /tmp/guidemaker_esnxts1e
2020-09-14 16:46:15,579: INFO     Writing fasta file from genbank file(s)
2020-09-14 16:46:15,579: INFO     check if ../../all_test_data/Burkholderia_thailandensis_E264_ATCC_700388_133.gbk is gzipped
2020-09-14 16:46:16,313: INFO     Identifying PAM sites in the genome
2020-09-14 16:47:02,508: INFO     Identifing guides that are unique near the PAM site
2020-09-14 16:47:03,640: INFO     Indexing all potential guide sites: 923226. This is the longest step.
2020-09-14 16:47:07,559: INFO     M                   = 16
2020-09-14 16:47:07,559: INFO     indexThreadQty      = 4
2020-09-14 16:47:07,559: INFO     efConstruction      = 10
2020-09-14 16:47:07,559: INFO     maxM			          = 16
2020-09-14 16:47:07,559: INFO     maxM0			          = 32
2020-09-14 16:47:07,560: INFO     mult                = 0.360674
2020-09-14 16:47:07,560: INFO     skip_optimized_index= 0
2020-09-14 16:47:07,560: INFO     delaunay_type       = 2
2020-09-14 16:47:07,560: INFO     Set HNSW query-time parameters:
2020-09-14 16:47:07,560: INFO     ef(Search)         =20
2020-09-14 16:47:07,560: INFO     algoType           =2

0%   10   20   30   40   50   60   70   80   90   100%
|----|----|----|----|----|----|----|----|----|----|
***************************************************

0%   10   20   30   40   50   60   70   80   90   100%
|----|----|----|----|----|----|----|----|----|----|
****************************************************2020-09-14 16:47:41,299: INFO     No appropriate custom distance function for Hamming (bit-storage) space
2020-09-14 16:47:41,300: INFO     searchMethod			  = 0
2020-09-14 16:47:41,376: INFO     Identifying guides that have a hamming distance <= 3 to all other potential guides
2020-09-14 16:47:41,661: INFO     Set HNSW query-time parameters:
2020-09-14 16:47:41,661: INFO     ef(Search)         =9
2020-09-14 16:47:41,661: INFO     algoType           =2
2020-09-14 16:47:51,461: INFO     Formatting data for BedTools
2020-09-14 16:47:51,802: INFO     Create GuideMaker Annotation object
2020-09-14 16:47:51,802: INFO     Identify genomic features
2020-09-14 16:47:51,803: INFO     check if ../../all_test_data/Burkholderia_thailandensis_E264_ATCC_700388_133.gbk is gzipped
2020-09-14 16:47:52,515: INFO     Total number of CDS/locus in the input genome: 5633
2020-09-14 16:47:52,515: INFO     Find genomic features closest the guides
2020-09-14 16:47:54,818: INFO     Select guides that start between +100 and -100 of a feature start
2020-09-14 16:47:54,975: INFO     Select description columns
2020-09-14 16:47:55,025: INFO     Format the output
2020-09-14 16:47:55,751: INFO     creating random control guides
2020-09-14 16:47:55,880: INFO     Number of random control searched: 100
2020-09-14 16:47:55,881: INFO     Percentage of GC content in the input genome: 67.63
2020-09-14 16:47:55,881: INFO     Total length of the genome: 6.4 MB
2020-09-14 16:47:55,881: INFO     created 10 control guides with a minimum distance of 7 and a median distance of 7
2020-09-14 16:47:55,883: INFO     guidemaker completed, results are at TEST
2020-09-14 16:47:55,883: INFO     PAM sequence: NGG
2020-09-14 16:47:55,883: INFO     PAM orientation: 5prime
2020-09-14 16:47:55,883: INFO     Genome strand(s) searched: both
2020-09-14 16:47:55,883: INFO     Total PAM sites considered: 923226
2020-09-14 16:47:55,883: INFO     Guide RNA candidates found: 36054
	Command being timed: "guidemaker -i ../../all_test_data/Burkholderia_thailandensis_E264_ATCC_700388_133.gbk --pamseq NGG --outdir TEST --pam_orientation 5prime --guidelength 20 --strand both --lcp 10 --dist 3 --before 100 --into 100 --knum 10 --controls 10 --log GuideMaker_58623567_10.log --threads 4"
	User time (seconds): 202.66
	System time (seconds): 9.63
	Percent of CPU this job got: 206%
	Elapsed (wall clock) time (h:mm:ss or m:ss): 1:42.87
	Average shared text size (kbytes): 0
	Average unshared data size (kbytes): 0
	Average stack size (kbytes): 0
	Average total size (kbytes): 0
	Maximum resident set size (kbytes): 2073412
	Average resident set size (kbytes): 0
	Major (requiring I/O) page faults: 0
	Minor (reclaiming a frame) page faults: 3991891
	Voluntary context switches: 124076
	Involuntary context switches: 371297
	Swaps: 0
	File system inputs: 0
	File system outputs: 147704
	Socket messages sent: 0
	Socket messages received: 0
	Signals delivered: 0
	Page size (bytes): 4096
	Exit status: 0
My SLURM_ARRAY_TASK_ID:  10
My TMPDIR IS:  /tmp
Input Genome:>>>>>>>>>>>>>>>>>>>>>>>>>>>>>>>>>>>>>>>>>>>  Burkholderia_thailandensis_E264_ATCC_700388_133.gbk
Threads used:>>>>>>>>>>>>>>>>>>>>>>>>>>>>>>>>>>>>>>>>>>>  8
GuideMaker
Your CPU supports instructions that this binary was not compiled to use: SSE4.1 SSE4.2 AVX AVX2
For maximum performance, you can install NMSLIB from sources 
pip install --no-binary :all: nmslib
2020-09-14 16:47:58,452: INFO     Temp directory is: /tmp/guidemaker_n189ytin
2020-09-14 16:47:58,452: INFO     Writing fasta file from genbank file(s)
2020-09-14 16:47:58,452: INFO     check if ../../all_test_data/Burkholderia_thailandensis_E264_ATCC_700388_133.gbk is gzipped
2020-09-14 16:47:59,193: INFO     Identifying PAM sites in the genome
2020-09-14 16:48:46,035: INFO     Identifing guides that are unique near the PAM site
2020-09-14 16:48:47,166: INFO     Indexing all potential guide sites: 923226. This is the longest step.
2020-09-14 16:48:50,980: INFO     M                   = 16
2020-09-14 16:48:50,980: INFO     indexThreadQty      = 8
2020-09-14 16:48:50,980: INFO     efConstruction      = 10
2020-09-14 16:48:50,980: INFO     maxM			          = 16
2020-09-14 16:48:50,980: INFO     maxM0			          = 32
2020-09-14 16:48:50,980: INFO     mult                = 0.360674
2020-09-14 16:48:50,980: INFO     skip_optimized_index= 0
2020-09-14 16:48:50,981: INFO     delaunay_type       = 2
2020-09-14 16:48:50,981: INFO     Set HNSW query-time parameters:
2020-09-14 16:48:50,981: INFO     ef(Search)         =20
2020-09-14 16:48:50,981: INFO     algoType           =2

0%   10   20   30   40   50   60   70   80   90   100%
|----|----|----|----|----|----|----|----|----|----|
***************************************************

0%   10   20   30   40   50   60   70   80   90   100%
|----|----|----|----|----|----|----|----|----|----|
*****************************************************




2020-09-14 16:49:08,978: INFO     No appropriate custom distance function for Hamming (bit-storage) space
2020-09-14 16:49:08,978: INFO     searchMethod			  = 0
2020-09-14 16:49:09,060: INFO     Identifying guides that have a hamming distance <= 3 to all other potential guides
2020-09-14 16:49:09,338: INFO     Set HNSW query-time parameters:
2020-09-14 16:49:09,338: INFO     ef(Search)         =9
2020-09-14 16:49:09,338: INFO     algoType           =2
2020-09-14 16:49:18,528: INFO     Formatting data for BedTools
2020-09-14 16:49:18,872: INFO     Create GuideMaker Annotation object
2020-09-14 16:49:18,872: INFO     Identify genomic features
2020-09-14 16:49:18,873: INFO     check if ../../all_test_data/Burkholderia_thailandensis_E264_ATCC_700388_133.gbk is gzipped
2020-09-14 16:49:19,590: INFO     Total number of CDS/locus in the input genome: 5633
2020-09-14 16:49:19,590: INFO     Find genomic features closest the guides
2020-09-14 16:49:21,891: INFO     Select guides that start between +100 and -100 of a feature start
2020-09-14 16:49:22,070: INFO     Select description columns
2020-09-14 16:49:22,120: INFO     Format the output
2020-09-14 16:49:22,851: INFO     creating random control guides
2020-09-14 16:49:22,961: INFO     Number of random control searched: 100
2020-09-14 16:49:22,962: INFO     Percentage of GC content in the input genome: 67.63
2020-09-14 16:49:22,962: INFO     Total length of the genome: 6.4 MB
2020-09-14 16:49:22,962: INFO     created 10 control guides with a minimum distance of 7 and a median distance of 7
2020-09-14 16:49:22,964: INFO     guidemaker completed, results are at TEST
2020-09-14 16:49:22,964: INFO     PAM sequence: NGG
2020-09-14 16:49:22,964: INFO     PAM orientation: 5prime
2020-09-14 16:49:22,964: INFO     Genome strand(s) searched: both
2020-09-14 16:49:22,964: INFO     Total PAM sites considered: 923226
2020-09-14 16:49:22,964: INFO     Guide RNA candidates found: 36044
	Command being timed: "guidemaker -i ../../all_test_data/Burkholderia_thailandensis_E264_ATCC_700388_133.gbk --pamseq NGG --outdir TEST --pam_orientation 5prime --guidelength 20 --strand both --lcp 10 --dist 3 --before 100 --into 100 --knum 10 --controls 10 --log GuideMaker_58623567_10.log --threads 8"
	User time (seconds): 211.32
	System time (seconds): 9.70
	Percent of CPU this job got: 253%
	Elapsed (wall clock) time (h:mm:ss or m:ss): 1:27.15
	Average shared text size (kbytes): 0
	Average unshared data size (kbytes): 0
	Average stack size (kbytes): 0
	Average total size (kbytes): 0
	Maximum resident set size (kbytes): 2082656
	Average resident set size (kbytes): 0
	Major (requiring I/O) page faults: 0
	Minor (reclaiming a frame) page faults: 3214446
	Voluntary context switches: 198997
	Involuntary context switches: 143836
	Swaps: 0
	File system inputs: 0
	File system outputs: 147576
	Socket messages sent: 0
	Socket messages received: 0
	Signals delivered: 0
	Page size (bytes): 4096
	Exit status: 0
My SLURM_ARRAY_TASK_ID:  10
My TMPDIR IS:  /tmp
Input Genome:>>>>>>>>>>>>>>>>>>>>>>>>>>>>>>>>>>>>>>>>>>>  Burkholderia_thailandensis_E264_ATCC_700388_133.gbk
Threads used:>>>>>>>>>>>>>>>>>>>>>>>>>>>>>>>>>>>>>>>>>>>  16
GuideMaker
Your CPU supports instructions that this binary was not compiled to use: SSE4.1 SSE4.2 AVX AVX2
For maximum performance, you can install NMSLIB from sources 
pip install --no-binary :all: nmslib
2020-09-14 16:49:25,658: INFO     Temp directory is: /tmp/guidemaker_ivttpax_
2020-09-14 16:49:25,658: INFO     Writing fasta file from genbank file(s)
2020-09-14 16:49:25,659: INFO     check if ../../all_test_data/Burkholderia_thailandensis_E264_ATCC_700388_133.gbk is gzipped
2020-09-14 16:49:26,392: INFO     Identifying PAM sites in the genome
2020-09-14 16:50:13,896: INFO     Identifing guides that are unique near the PAM site
2020-09-14 16:50:15,010: INFO     Indexing all potential guide sites: 923226. This is the longest step.
2020-09-14 16:50:18,900: INFO     M                   = 16
2020-09-14 16:50:18,900: INFO     indexThreadQty      = 16
2020-09-14 16:50:18,900: INFO     efConstruction      = 10
2020-09-14 16:50:18,900: INFO     maxM			          = 16
2020-09-14 16:50:18,900: INFO     maxM0			          = 32
2020-09-14 16:50:18,901: INFO     mult                = 0.360674
2020-09-14 16:50:18,901: INFO     skip_optimized_index= 0
2020-09-14 16:50:18,901: INFO     delaunay_type       = 2
2020-09-14 16:50:18,901: INFO     Set HNSW query-time parameters:
2020-09-14 16:50:18,901: INFO     ef(Search)         =20
2020-09-14 16:50:18,901: INFO     algoType           =2

0%   10   20   30   40   50   60   70   80   90   100%
|----|----|----|----|----|----|----|----|----|----|
***************************************************

0%   10   20   30   40   50   60   70   80   90   100%
|----|----|----|----|----|----|----|----|----|----|
****************************************************2020-09-14 16:50:29,347: INFO     No appropriate custom distance function for Hamming (bit-storage) space
2020-09-14 16:50:29,347: INFO     searchMethod			  = 0
2020-09-14 16:50:29,430: INFO     Identifying guides that have a hamming distance <= 3 to all other potential guides
2020-09-14 16:50:29,733: INFO     Set HNSW query-time parameters:
2020-09-14 16:50:29,734: INFO     ef(Search)         =9
2020-09-14 16:50:29,734: INFO     algoType           =2
2020-09-14 16:50:37,782: INFO     Formatting data for BedTools
2020-09-14 16:50:38,117: INFO     Create GuideMaker Annotation object
2020-09-14 16:50:38,117: INFO     Identify genomic features
2020-09-14 16:50:38,118: INFO     check if ../../all_test_data/Burkholderia_thailandensis_E264_ATCC_700388_133.gbk is gzipped
2020-09-14 16:50:38,829: INFO     Total number of CDS/locus in the input genome: 5633
2020-09-14 16:50:38,829: INFO     Find genomic features closest the guides
2020-09-14 16:50:41,119: INFO     Select guides that start between +100 and -100 of a feature start
2020-09-14 16:50:41,276: INFO     Select description columns
2020-09-14 16:50:41,326: INFO     Format the output
2020-09-14 16:50:42,050: INFO     creating random control guides
2020-09-14 16:50:42,177: INFO     Number of random control searched: 100
2020-09-14 16:50:42,178: INFO     Percentage of GC content in the input genome: 67.63
2020-09-14 16:50:42,178: INFO     Total length of the genome: 6.4 MB
2020-09-14 16:50:42,178: INFO     created 10 control guides with a minimum distance of 7 and a median distance of 7
2020-09-14 16:50:42,180: INFO     guidemaker completed, results are at TEST
2020-09-14 16:50:42,180: INFO     PAM sequence: NGG
2020-09-14 16:50:42,180: INFO     PAM orientation: 5prime
2020-09-14 16:50:42,180: INFO     Genome strand(s) searched: both
2020-09-14 16:50:42,180: INFO     Total PAM sites considered: 923226
2020-09-14 16:50:42,180: INFO     Guide RNA candidates found: 36040
	Command being timed: "guidemaker -i ../../all_test_data/Burkholderia_thailandensis_E264_ATCC_700388_133.gbk --pamseq NGG --outdir TEST --pam_orientation 5prime --guidelength 20 --strand both --lcp 10 --dist 3 --before 100 --into 100 --knum 10 --controls 10 --log GuideMaker_58623567_10.log --threads 16"
	User time (seconds): 229.20
	System time (seconds): 12.47
	Percent of CPU this job got: 305%
	Elapsed (wall clock) time (h:mm:ss or m:ss): 1:19.17
	Average shared text size (kbytes): 0
	Average unshared data size (kbytes): 0
	Average stack size (kbytes): 0
	Average total size (kbytes): 0
	Maximum resident set size (kbytes): 2079660
	Average resident set size (kbytes): 0
	Major (requiring I/O) page faults: 0
	Minor (reclaiming a frame) page faults: 2888880
	Voluntary context switches: 428431
	Involuntary context switches: 637
	Swaps: 0
	File system inputs: 0
	File system outputs: 147616
	Socket messages sent: 0
	Socket messages received: 0
	Signals delivered: 0
	Page size (bytes): 4096
	Exit status: 0
My SLURM_ARRAY_TASK_ID:  10
My TMPDIR IS:  /tmp
Input Genome:>>>>>>>>>>>>>>>>>>>>>>>>>>>>>>>>>>>>>>>>>>>  Burkholderia_thailandensis_E264_ATCC_700388_133.gbk
Threads used:>>>>>>>>>>>>>>>>>>>>>>>>>>>>>>>>>>>>>>>>>>>  32
GuideMaker
Your CPU supports instructions that this binary was not compiled to use: SSE4.1 SSE4.2 AVX AVX2
For maximum performance, you can install NMSLIB from sources 
pip install --no-binary :all: nmslib
2020-09-14 16:50:44,761: INFO     Temp directory is: /tmp/guidemaker_4y4wulkq
2020-09-14 16:50:44,761: INFO     Writing fasta file from genbank file(s)
2020-09-14 16:50:44,762: INFO     check if ../../all_test_data/Burkholderia_thailandensis_E264_ATCC_700388_133.gbk is gzipped
2020-09-14 16:50:45,505: INFO     Identifying PAM sites in the genome
2020-09-14 16:51:32,647: INFO     Identifing guides that are unique near the PAM site
2020-09-14 16:51:33,788: INFO     Indexing all potential guide sites: 923226. This is the longest step.
2020-09-14 16:51:37,869: INFO     M                   = 16
2020-09-14 16:51:37,870: INFO     indexThreadQty      = 32
2020-09-14 16:51:37,870: INFO     efConstruction      = 10
2020-09-14 16:51:37,870: INFO     maxM			          = 16
2020-09-14 16:51:37,870: INFO     maxM0			          = 32
2020-09-14 16:51:37,870: INFO     mult                = 0.360674
2020-09-14 16:51:37,870: INFO     skip_optimized_index= 0
2020-09-14 16:51:37,870: INFO     delaunay_type       = 2
2020-09-14 16:51:37,870: INFO     Set HNSW query-time parameters:
2020-09-14 16:51:37,870: INFO     ef(Search)         =20
2020-09-14 16:51:37,870: INFO     algoType           =2

0%   10   20   30   40   50   60   70   80   90   100%
|----|----|----|----|----|----|----|----|----|----|
***************************************************

0%   10   20   30   40   50   60   70   80   90   100%
|----|----|----|----|----|----|----|----|----|----|
************************************************************
2020-09-14 16:51:44,231: INFO     No appropriate custom distance function for Hamming (bit-storage) space
2020-09-14 16:51:44,231: INFO     searchMethod			  = 0
2020-09-14 16:51:44,307: INFO     Identifying guides that have a hamming distance <= 3 to all other potential guides
2020-09-14 16:51:44,595: INFO     Set HNSW query-time parameters:
2020-09-14 16:51:44,595: INFO     ef(Search)         =9
2020-09-14 16:51:44,595: INFO     algoType           =2
2020-09-14 16:51:53,019: INFO     Formatting data for BedTools
2020-09-14 16:51:53,404: INFO     Create GuideMaker Annotation object
2020-09-14 16:51:53,405: INFO     Identify genomic features
2020-09-14 16:51:53,405: INFO     check if ../../all_test_data/Burkholderia_thailandensis_E264_ATCC_700388_133.gbk is gzipped
2020-09-14 16:51:54,126: INFO     Total number of CDS/locus in the input genome: 5633
2020-09-14 16:51:54,126: INFO     Find genomic features closest the guides
2020-09-14 16:51:56,474: INFO     Select guides that start between +100 and -100 of a feature start
2020-09-14 16:51:56,633: INFO     Select description columns
2020-09-14 16:51:56,684: INFO     Format the output
2020-09-14 16:51:57,436: INFO     creating random control guides
2020-09-14 16:51:57,577: INFO     Number of random control searched: 100
2020-09-14 16:51:57,577: INFO     Percentage of GC content in the input genome: 67.63
2020-09-14 16:51:57,577: INFO     Total length of the genome: 6.4 MB
2020-09-14 16:51:57,577: INFO     created 10 control guides with a minimum distance of 7 and a median distance of 7
2020-09-14 16:51:57,580: INFO     guidemaker completed, results are at TEST
2020-09-14 16:51:57,580: INFO     PAM sequence: NGG
2020-09-14 16:51:57,580: INFO     PAM orientation: 5prime
2020-09-14 16:51:57,580: INFO     Genome strand(s) searched: both
2020-09-14 16:51:57,580: INFO     Total PAM sites considered: 923226
2020-09-14 16:51:57,580: INFO     Guide RNA candidates found: 36048
	Command being timed: "guidemaker -i ../../all_test_data/Burkholderia_thailandensis_E264_ATCC_700388_133.gbk --pamseq NGG --outdir TEST --pam_orientation 5prime --guidelength 20 --strand both --lcp 10 --dist 3 --before 100 --into 100 --knum 10 --controls 10 --log GuideMaker_58623567_10.log --threads 32"
	User time (seconds): 238.33
	System time (seconds): 17.61
	Percent of CPU this job got: 338%
	Elapsed (wall clock) time (h:mm:ss or m:ss): 1:15.56
	Average shared text size (kbytes): 0
	Average unshared data size (kbytes): 0
	Average stack size (kbytes): 0
	Average total size (kbytes): 0
	Maximum resident set size (kbytes): 2090768
	Average resident set size (kbytes): 0
	Major (requiring I/O) page faults: 0
	Minor (reclaiming a frame) page faults: 2450526
	Voluntary context switches: 847438
	Involuntary context switches: 285779
	Swaps: 0
	File system inputs: 0
	File system outputs: 147664
	Socket messages sent: 0
	Socket messages received: 0
	Signals delivered: 0
	Page size (bytes): 4096
	Exit status: 0
