Thu Feb  4 21:28:16 EST 2021
c24b-s37.ufhpc
/blue/garrett/rp3448/analysis/guidemaker/nonAVXGuidemaker

     active environment : NONAVX2
    active env location : /home/rp3448/.conda/envs/NONAVX2
            shell level : 3
       user config file : /home/rp3448/.condarc
 populated config files : /home/rp3448/.condarc
          conda version : 4.9.2
    conda-build version : not installed
         python version : 3.9.1.final.0
       virtual packages : __glibc=2.17=0
                          __unix=0=0
                          __archspec=1=x86_64
       base environment : /apps/conda/4.9.2  (read only)
           channel URLs : https://conda.anaconda.org/biobakery/linux-64
                          https://conda.anaconda.org/biobakery/noarch
                          https://conda.anaconda.org/conda-forge/linux-64
                          https://conda.anaconda.org/conda-forge/noarch
                          https://conda.anaconda.org/bioconda/linux-64
                          https://conda.anaconda.org/bioconda/noarch
                          https://repo.anaconda.com/pkgs/main/linux-64
                          https://repo.anaconda.com/pkgs/main/noarch
                          https://repo.anaconda.com/pkgs/r/linux-64
                          https://repo.anaconda.com/pkgs/r/noarch
          package cache : /apps/conda/4.9.2/pkgs
                          /home/rp3448/.conda/pkgs
       envs directories : /home/rp3448/.conda/envs
                          /apps/conda/4.9.2/envs
               platform : linux-64
             user-agent : conda/4.9.2 requests/2.25.1 CPython/3.9.1 Linux/3.10.0-1062.18.1.el7.x86_64 rhel/7.7 glibc/2.17
                UID:GID : 6472:3511
             netrc file : None
           offline mode : False

My SLURM_ARRAY_TASK_ID:  8
My TMPDIR IS:  /scratch/local/63833518
Input Genome:>>>>>>>>>>>>>>>>>>>>>>>>>>>>>>>>>>>>>>>>>>>  Arabidopsis_thaliana.gbk
Input PAM:>>>>>>>>>>>>>>>>>>>>>>>>>>>>>>>>>>>>>>>>>>>  NNAGAAW
Threads used:>>>>>>>>>>>>>>>>>>>>>>>>>>>>>>>>>>>>>>>>>>>  1
GuideMaker
Your CPU supports instructions that this binary was not compiled to use: SSE4.1 SSE4.2 AVX AVX2
For maximum performance, you can install NMSLIB from sources 
pip install --no-binary :all: nmslib
2021-02-04 21:28:21,291: INFO     Temp directory is: /scratch/local/63833518/guidemaker_dc_nbg4s
2021-02-04 21:28:21,291: INFO     Writing fasta file from genbank file(s)
2021-02-04 21:28:21,292: INFO     check if ../all_test_data/Arabidopsis_thaliana.gbk is gzipped
2021-02-04 21:28:46,037: INFO     Identifying PAM sites in the genome
2021-02-04 21:29:59,358: INFO     Checking guides for restriction enzymes
2021-02-04 21:29:59,693: INFO     Number of guides removed after checking for restriction enzymes: 0
2021-02-04 21:29:59,694: INFO     Identifing guides that are unique near the PAM site
2021-02-04 21:30:02,406: INFO     Number of guides removed after checking for unique PAM: 677745
2021-02-04 21:30:02,406: INFO     Indexing all potential guide sites: 1228658. This is the longest step.
2021-02-04 21:30:07,645: INFO     M                   = 16
2021-02-04 21:30:07,646: INFO     indexThreadQty      = 1
2021-02-04 21:30:07,646: INFO     efConstruction      = 10
2021-02-04 21:30:07,646: INFO     maxM			          = 16
2021-02-04 21:30:07,646: INFO     maxM0			          = 32
2021-02-04 21:30:07,646: INFO     mult                = 0.360674
2021-02-04 21:30:07,646: INFO     skip_optimized_index= 0
2021-02-04 21:30:07,646: INFO     delaunay_type       = 2
2021-02-04 21:30:07,646: INFO     Set HNSW query-time parameters:
2021-02-04 21:30:07,646: INFO     ef(Search)         =20
2021-02-04 21:30:07,646: INFO     algoType           =2

0%   10   20   30   40   50   60   70   80   90   100%
|----|----|----|----|----|----|----|----|----|----|
***************************************************

0%   10   20   30   40   50   60   70   80   90   100%
|----|----|----|----|----|----|----|----|----|----|
***************************************************
*2021-02-04 21:32:36,316: INFO     No appropriate custom distance function for Hamming (bit-storage) space
2021-02-04 21:32:36,317: INFO     searchMethod			  = 0
2021-02-04 21:32:36,409: INFO     Identifying guides that have a hamming distance <= 3 to all other potential guides
2021-02-04 21:32:37,214: INFO     Set HNSW query-time parameters:
2021-02-04 21:32:37,215: INFO     ef(Search)         =9
2021-02-04 21:32:37,215: INFO     algoType           =2
2021-02-04 21:33:34,285: INFO     Formatting data for BedTools
2021-02-04 21:33:35,404: INFO     Create GuideMaker Annotation object
2021-02-04 21:33:35,405: INFO     Identify genomic features
2021-02-04 21:33:35,405: INFO     check if ../all_test_data/Arabidopsis_thaliana.gbk is gzipped
2021-02-04 21:34:05,071: INFO     Total number of CDS/locus in the input genome: 48262
2021-02-04 21:34:05,071: INFO     Find genomic features closest the guides
2021-02-04 21:34:13,394: INFO     Select guides that start between +500 and -500 of a feature start
2021-02-04 21:34:13,922: INFO     Select description columns
2021-02-04 21:34:14,428: INFO     Format the output
2021-02-04 21:34:17,104: INFO     Number of Guides within a gene coordinates i.e. zero Feature distance: 67555
2021-02-04 21:34:20,022: INFO     creating random control guides
2021-02-04 21:34:21,548: INFO     Number of random control searched: 100
2021-02-04 21:34:21,548: INFO     Percentage of GC content in the input genome: 36.00
2021-02-04 21:34:21,548: INFO     Total length of the genome: 114.1 MB
2021-02-04 21:34:21,548: INFO     created 10 control guides with a minimum distance of 7 and a median distance of 7
2021-02-04 21:34:21,551: INFO     guidemaker completed, results are at TEST
2021-02-04 21:34:21,551: INFO     PAM sequence: NNAGAAW
2021-02-04 21:34:21,551: INFO     PAM orientation: 3prime
2021-02-04 21:34:21,551: INFO     Genome strand(s) searched: both
2021-02-04 21:34:21,551: INFO     Total PAM sites considered: 1228658
2021-02-04 21:34:21,551: INFO     Guide RNA candidates found: 142158
	Command being timed: "guidemaker -i ../all_test_data/Arabidopsis_thaliana.gbk --pamseq NNAGAAW --outdir TEST --pam_orientation 3prime --guidelength 20 --strand both --lcp 11 --dist 3 --before 500 --into 500 --knum 10 --controls 10 --log GM_63833518_8.log --threads 1"
	User time (seconds): 359.01
	System time (seconds): 7.25
	Percent of CPU this job got: 100%
	Elapsed (wall clock) time (h:mm:ss or m:ss): 6:03.71
	Average shared text size (kbytes): 0
	Average unshared data size (kbytes): 0
	Average stack size (kbytes): 0
	Average total size (kbytes): 0
	Maximum resident set size (kbytes): 3275104
	Average resident set size (kbytes): 0
	Major (requiring I/O) page faults: 0
	Minor (reclaiming a frame) page faults: 3821535
	Voluntary context switches: 1637
	Involuntary context switches: 145137
	Swaps: 0
	File system inputs: 0
	File system outputs: 933360
	Socket messages sent: 0
	Socket messages received: 0
	Signals delivered: 0
	Page size (bytes): 4096
	Exit status: 0
My SLURM_ARRAY_TASK_ID:  8
My TMPDIR IS:  /scratch/local/63833518
Input Genome:>>>>>>>>>>>>>>>>>>>>>>>>>>>>>>>>>>>>>>>>>>>  Arabidopsis_thaliana.gbk
Input PAM:>>>>>>>>>>>>>>>>>>>>>>>>>>>>>>>>>>>>>>>>>>>  NNAGAAW
Threads used:>>>>>>>>>>>>>>>>>>>>>>>>>>>>>>>>>>>>>>>>>>>  2
GuideMaker
Your CPU supports instructions that this binary was not compiled to use: SSE4.1 SSE4.2 AVX AVX2
For maximum performance, you can install NMSLIB from sources 
pip install --no-binary :all: nmslib
2021-02-04 21:34:25,357: INFO     Temp directory is: /scratch/local/63833518/guidemaker_1yanevt2
2021-02-04 21:34:25,357: INFO     Writing fasta file from genbank file(s)
2021-02-04 21:34:25,358: INFO     check if ../all_test_data/Arabidopsis_thaliana.gbk is gzipped
2021-02-04 21:34:50,866: INFO     Identifying PAM sites in the genome
2021-02-04 21:36:04,084: INFO     Checking guides for restriction enzymes
2021-02-04 21:36:04,418: INFO     Number of guides removed after checking for restriction enzymes: 0
2021-02-04 21:36:04,418: INFO     Identifing guides that are unique near the PAM site
2021-02-04 21:36:07,135: INFO     Number of guides removed after checking for unique PAM: 677745
2021-02-04 21:36:07,135: INFO     Indexing all potential guide sites: 1228658. This is the longest step.
2021-02-04 21:36:12,261: INFO     M                   = 16
2021-02-04 21:36:12,261: INFO     indexThreadQty      = 2
2021-02-04 21:36:12,261: INFO     efConstruction      = 10
2021-02-04 21:36:12,261: INFO     maxM			          = 16
2021-02-04 21:36:12,261: INFO     maxM0			          = 32
2021-02-04 21:36:12,262: INFO     mult                = 0.360674
2021-02-04 21:36:12,262: INFO     skip_optimized_index= 0
2021-02-04 21:36:12,262: INFO     delaunay_type       = 2
2021-02-04 21:36:12,262: INFO     Set HNSW query-time parameters:
2021-02-04 21:36:12,262: INFO     ef(Search)         =20
2021-02-04 21:36:12,262: INFO     algoType           =2

0%   10   20   30   40   50   60   70   80   90   100%
|----|----|----|----|----|----|----|----|----|----|
***************************************************

0%   10   20   30   40   50   60   70   80   90   100%
|----|----|----|----|----|----|----|----|----|----|
***************************************************2021-02-04 21:37:47,216: INFO     No appropriate custom distance function for Hamming (bit-storage) space
2021-02-04 21:37:47,217: INFO     searchMethod			  = 0
2021-02-04 21:37:47,322: INFO     Identifying guides that have a hamming distance <= 3 to all other potential guides
2021-02-04 21:37:48,173: INFO     Set HNSW query-time parameters:
2021-02-04 21:37:48,173: INFO     ef(Search)         =9
2021-02-04 21:37:48,173: INFO     algoType           =2
2021-02-04 21:38:34,459: INFO     Formatting data for BedTools
2021-02-04 21:38:35,625: INFO     Create GuideMaker Annotation object
2021-02-04 21:38:35,625: INFO     Identify genomic features
2021-02-04 21:38:35,626: INFO     check if ../all_test_data/Arabidopsis_thaliana.gbk is gzipped
2021-02-04 21:39:05,665: INFO     Total number of CDS/locus in the input genome: 48262
2021-02-04 21:39:05,665: INFO     Find genomic features closest the guides
2021-02-04 21:39:14,194: INFO     Select guides that start between +500 and -500 of a feature start
2021-02-04 21:39:14,682: INFO     Select description columns
2021-02-04 21:39:15,145: INFO     Format the output
2021-02-04 21:39:17,118: INFO     Number of Guides within a gene coordinates i.e. zero Feature distance: 67610
2021-02-04 21:39:20,065: INFO     creating random control guides
2021-02-04 21:39:21,718: INFO     Number of random control searched: 100
2021-02-04 21:39:21,719: INFO     Percentage of GC content in the input genome: 36.00
2021-02-04 21:39:21,719: INFO     Total length of the genome: 114.1 MB
2021-02-04 21:39:21,719: INFO     created 10 control guides with a minimum distance of 7 and a median distance of 7
2021-02-04 21:39:21,721: INFO     guidemaker completed, results are at TEST
2021-02-04 21:39:21,722: INFO     PAM sequence: NNAGAAW
2021-02-04 21:39:21,722: INFO     PAM orientation: 3prime
2021-02-04 21:39:21,722: INFO     Genome strand(s) searched: both
2021-02-04 21:39:21,722: INFO     Total PAM sites considered: 1228658
2021-02-04 21:39:21,722: INFO     Guide RNA candidates found: 142200
	Command being timed: "guidemaker -i ../all_test_data/Arabidopsis_thaliana.gbk --pamseq NNAGAAW --outdir TEST --pam_orientation 3prime --guidelength 20 --strand both --lcp 11 --dist 3 --before 500 --into 500 --knum 10 --controls 10 --log GM_63833518_8.log --threads 2"
	User time (seconds): 393.89
	System time (seconds): 22.30
	Percent of CPU this job got: 138%
	Elapsed (wall clock) time (h:mm:ss or m:ss): 5:00.31
	Average shared text size (kbytes): 0
	Average unshared data size (kbytes): 0
	Average stack size (kbytes): 0
	Average total size (kbytes): 0
	Maximum resident set size (kbytes): 3755092
	Average resident set size (kbytes): 0
	Major (requiring I/O) page faults: 0
	Minor (reclaiming a frame) page faults: 13235651
	Voluntary context switches: 90512
	Involuntary context switches: 101032
	Swaps: 0
	File system inputs: 56
	File system outputs: 933544
	Socket messages sent: 0
	Socket messages received: 0
	Signals delivered: 0
	Page size (bytes): 4096
	Exit status: 0
My SLURM_ARRAY_TASK_ID:  8
My TMPDIR IS:  /scratch/local/63833518
Input Genome:>>>>>>>>>>>>>>>>>>>>>>>>>>>>>>>>>>>>>>>>>>>  Arabidopsis_thaliana.gbk
Input PAM:>>>>>>>>>>>>>>>>>>>>>>>>>>>>>>>>>>>>>>>>>>>  NNAGAAW
Threads used:>>>>>>>>>>>>>>>>>>>>>>>>>>>>>>>>>>>>>>>>>>>  4
GuideMaker
Your CPU supports instructions that this binary was not compiled to use: SSE4.1 SSE4.2 AVX AVX2
For maximum performance, you can install NMSLIB from sources 
pip install --no-binary :all: nmslib
2021-02-04 21:39:25,653: INFO     Temp directory is: /scratch/local/63833518/guidemaker_3vs67pgy
2021-02-04 21:39:25,653: INFO     Writing fasta file from genbank file(s)
2021-02-04 21:39:25,653: INFO     check if ../all_test_data/Arabidopsis_thaliana.gbk is gzipped
2021-02-04 21:39:51,104: INFO     Identifying PAM sites in the genome
2021-02-04 21:41:03,154: INFO     Checking guides for restriction enzymes
2021-02-04 21:41:03,492: INFO     Number of guides removed after checking for restriction enzymes: 0
2021-02-04 21:41:03,493: INFO     Identifing guides that are unique near the PAM site
2021-02-04 21:41:06,219: INFO     Number of guides removed after checking for unique PAM: 677745
2021-02-04 21:41:06,219: INFO     Indexing all potential guide sites: 1228658. This is the longest step.
2021-02-04 21:41:11,449: INFO     M                   = 16
2021-02-04 21:41:11,449: INFO     indexThreadQty      = 4
2021-02-04 21:41:11,449: INFO     efConstruction      = 10
2021-02-04 21:41:11,450: INFO     maxM			          = 16
2021-02-04 21:41:11,450: INFO     maxM0			          = 32
2021-02-04 21:41:11,450: INFO     mult                = 0.360674
2021-02-04 21:41:11,450: INFO     skip_optimized_index= 0
2021-02-04 21:41:11,450: INFO     delaunay_type       = 2
2021-02-04 21:41:11,450: INFO     Set HNSW query-time parameters:
2021-02-04 21:41:11,450: INFO     ef(Search)         =20
2021-02-04 21:41:11,450: INFO     algoType           =2

0%   10   20   30   40   50   60   70   80   90   100%
|----|----|----|----|----|----|----|----|----|----|
***************************************************

0%   10   20   30   40   50   60   70   80   90   100%
|----|----|----|----|----|----|----|----|----|----|
****************************************************


2021-02-04 21:42:00,465: INFO     No appropriate custom distance function for Hamming (bit-storage) space
2021-02-04 21:42:00,465: INFO     searchMethod			  = 0
2021-02-04 21:42:00,567: INFO     Identifying guides that have a hamming distance <= 3 to all other potential guides
2021-02-04 21:42:01,460: INFO     Set HNSW query-time parameters:
2021-02-04 21:42:01,460: INFO     ef(Search)         =9
2021-02-04 21:42:01,460: INFO     algoType           =2
2021-02-04 21:42:36,159: INFO     Formatting data for BedTools
2021-02-04 21:42:37,258: INFO     Create GuideMaker Annotation object
2021-02-04 21:42:37,258: INFO     Identify genomic features
2021-02-04 21:42:37,258: INFO     check if ../all_test_data/Arabidopsis_thaliana.gbk is gzipped
2021-02-04 21:43:06,522: INFO     Total number of CDS/locus in the input genome: 48262
2021-02-04 21:43:06,522: INFO     Find genomic features closest the guides
2021-02-04 21:43:15,017: INFO     Select guides that start between +500 and -500 of a feature start
2021-02-04 21:43:15,530: INFO     Select description columns
2021-02-04 21:43:16,059: INFO     Format the output
2021-02-04 21:43:18,569: INFO     Number of Guides within a gene coordinates i.e. zero Feature distance: 67595
2021-02-04 21:43:21,429: INFO     creating random control guides
2021-02-04 21:43:22,904: INFO     Number of random control searched: 100
2021-02-04 21:43:22,904: INFO     Percentage of GC content in the input genome: 36.00
2021-02-04 21:43:22,904: INFO     Total length of the genome: 114.1 MB
2021-02-04 21:43:22,904: INFO     created 10 control guides with a minimum distance of 7 and a median distance of 7
2021-02-04 21:43:22,907: INFO     guidemaker completed, results are at TEST
2021-02-04 21:43:22,907: INFO     PAM sequence: NNAGAAW
2021-02-04 21:43:22,907: INFO     PAM orientation: 3prime
2021-02-04 21:43:22,908: INFO     Genome strand(s) searched: both
2021-02-04 21:43:22,908: INFO     Total PAM sites considered: 1228658
2021-02-04 21:43:22,908: INFO     Guide RNA candidates found: 142178
	Command being timed: "guidemaker -i ../all_test_data/Arabidopsis_thaliana.gbk --pamseq NNAGAAW --outdir TEST --pam_orientation 3prime --guidelength 20 --strand both --lcp 11 --dist 3 --before 500 --into 500 --knum 10 --controls 10 --log GM_63833518_8.log --threads 4"
	User time (seconds): 399.58
	System time (seconds): 18.17
	Percent of CPU this job got: 172%
	Elapsed (wall clock) time (h:mm:ss or m:ss): 4:01.72
	Average shared text size (kbytes): 0
	Average unshared data size (kbytes): 0
	Average stack size (kbytes): 0
	Average total size (kbytes): 0
	Maximum resident set size (kbytes): 3749892
	Average resident set size (kbytes): 0
	Major (requiring I/O) page faults: 0
	Minor (reclaiming a frame) page faults: 9452533
	Voluntary context switches: 187611
	Involuntary context switches: 286363
	Swaps: 0
	File system inputs: 0
	File system outputs: 932648
	Socket messages sent: 0
	Socket messages received: 0
	Signals delivered: 0
	Page size (bytes): 4096
	Exit status: 0
My SLURM_ARRAY_TASK_ID:  8
My TMPDIR IS:  /scratch/local/63833518
Input Genome:>>>>>>>>>>>>>>>>>>>>>>>>>>>>>>>>>>>>>>>>>>>  Arabidopsis_thaliana.gbk
Input PAM:>>>>>>>>>>>>>>>>>>>>>>>>>>>>>>>>>>>>>>>>>>>  NNAGAAW
Threads used:>>>>>>>>>>>>>>>>>>>>>>>>>>>>>>>>>>>>>>>>>>>  8
GuideMaker
Your CPU supports instructions that this binary was not compiled to use: SSE4.1 SSE4.2 AVX AVX2
For maximum performance, you can install NMSLIB from sources 
pip install --no-binary :all: nmslib
2021-02-04 21:43:27,390: INFO     Temp directory is: /scratch/local/63833518/guidemaker_5_oo6ptw
2021-02-04 21:43:27,390: INFO     Writing fasta file from genbank file(s)
2021-02-04 21:43:27,390: INFO     check if ../all_test_data/Arabidopsis_thaliana.gbk is gzipped
2021-02-04 21:43:52,464: INFO     Identifying PAM sites in the genome
2021-02-04 21:45:06,097: INFO     Checking guides for restriction enzymes
2021-02-04 21:45:06,433: INFO     Number of guides removed after checking for restriction enzymes: 0
2021-02-04 21:45:06,434: INFO     Identifing guides that are unique near the PAM site
2021-02-04 21:45:09,174: INFO     Number of guides removed after checking for unique PAM: 677745
2021-02-04 21:45:09,174: INFO     Indexing all potential guide sites: 1228658. This is the longest step.
2021-02-04 21:45:14,377: INFO     M                   = 16
2021-02-04 21:45:14,378: INFO     indexThreadQty      = 8
2021-02-04 21:45:14,378: INFO     efConstruction      = 10
2021-02-04 21:45:14,378: INFO     maxM			          = 16
2021-02-04 21:45:14,378: INFO     maxM0			          = 32
2021-02-04 21:45:14,378: INFO     mult                = 0.360674
2021-02-04 21:45:14,378: INFO     skip_optimized_index= 0
2021-02-04 21:45:14,378: INFO     delaunay_type       = 2
2021-02-04 21:45:14,378: INFO     Set HNSW query-time parameters:
2021-02-04 21:45:14,378: INFO     ef(Search)         =20
2021-02-04 21:45:14,378: INFO     algoType           =2

0%   10   20   30   40   50   60   70   80   90   100%
|----|----|----|----|----|----|----|----|----|----|
***************************************************

0%   10   20   30   40   50   60   70   80   90   100%
|----|----|----|----|----|----|----|----|----|----|
****************************************************2021-02-04 21:45:41,015: INFO     No appropriate custom distance function for Hamming (bit-storage) space
2021-02-04 21:45:41,016: INFO     searchMethod			  = 0
2021-02-04 21:45:41,120: INFO     Identifying guides that have a hamming distance <= 3 to all other potential guides
2021-02-04 21:45:41,995: INFO     Set HNSW query-time parameters:
2021-02-04 21:45:41,995: INFO     ef(Search)         =9
2021-02-04 21:45:41,995: INFO     algoType           =2
2021-02-04 21:46:12,214: INFO     Formatting data for BedTools
2021-02-04 21:46:13,359: INFO     Create GuideMaker Annotation object
2021-02-04 21:46:13,359: INFO     Identify genomic features
2021-02-04 21:46:13,360: INFO     check if ../all_test_data/Arabidopsis_thaliana.gbk is gzipped
2021-02-04 21:46:43,018: INFO     Total number of CDS/locus in the input genome: 48262
2021-02-04 21:46:43,019: INFO     Find genomic features closest the guides
2021-02-04 21:46:51,574: INFO     Select guides that start between +500 and -500 of a feature start
2021-02-04 21:46:52,071: INFO     Select description columns
2021-02-04 21:46:52,534: INFO     Format the output
2021-02-04 21:46:54,541: INFO     Number of Guides within a gene coordinates i.e. zero Feature distance: 67626
2021-02-04 21:46:57,371: INFO     creating random control guides
2021-02-04 21:46:58,794: INFO     Number of random control searched: 100
2021-02-04 21:46:58,794: INFO     Percentage of GC content in the input genome: 36.00
2021-02-04 21:46:58,794: INFO     Total length of the genome: 114.1 MB
2021-02-04 21:46:58,794: INFO     created 10 control guides with a minimum distance of 7 and a median distance of 8
2021-02-04 21:46:58,797: INFO     guidemaker completed, results are at TEST
2021-02-04 21:46:58,797: INFO     PAM sequence: NNAGAAW
2021-02-04 21:46:58,797: INFO     PAM orientation: 3prime
2021-02-04 21:46:58,797: INFO     Genome strand(s) searched: both
2021-02-04 21:46:58,797: INFO     Total PAM sites considered: 1228658
2021-02-04 21:46:58,797: INFO     Guide RNA candidates found: 142211
	Command being timed: "guidemaker -i ../all_test_data/Arabidopsis_thaliana.gbk --pamseq NNAGAAW --outdir TEST --pam_orientation 3prime --guidelength 20 --strand both --lcp 11 --dist 3 --before 500 --into 500 --knum 10 --controls 10 --log GM_63833518_8.log --threads 8"
	User time (seconds): 416.20
	System time (seconds): 17.75
	Percent of CPU this job got: 201%
	Elapsed (wall clock) time (h:mm:ss or m:ss): 3:35.42
	Average shared text size (kbytes): 0
	Average unshared data size (kbytes): 0
	Average stack size (kbytes): 0
	Average total size (kbytes): 0
	Maximum resident set size (kbytes): 3776048
	Average resident set size (kbytes): 0
	Major (requiring I/O) page faults: 0
	Minor (reclaiming a frame) page faults: 7648630
	Voluntary context switches: 320227
	Involuntary context switches: 411497
	Swaps: 0
	File system inputs: 0
	File system outputs: 932864
	Socket messages sent: 0
	Socket messages received: 0
	Signals delivered: 0
	Page size (bytes): 4096
	Exit status: 0
My SLURM_ARRAY_TASK_ID:  8
My TMPDIR IS:  /scratch/local/63833518
Input Genome:>>>>>>>>>>>>>>>>>>>>>>>>>>>>>>>>>>>>>>>>>>>  Arabidopsis_thaliana.gbk
Input PAM:>>>>>>>>>>>>>>>>>>>>>>>>>>>>>>>>>>>>>>>>>>>  NNAGAAW
Threads used:>>>>>>>>>>>>>>>>>>>>>>>>>>>>>>>>>>>>>>>>>>>  16
GuideMaker
Your CPU supports instructions that this binary was not compiled to use: SSE4.1 SSE4.2 AVX AVX2
For maximum performance, you can install NMSLIB from sources 
pip install --no-binary :all: nmslib
2021-02-04 21:47:02,819: INFO     Temp directory is: /scratch/local/63833518/guidemaker_ojvz1ljt
2021-02-04 21:47:02,819: INFO     Writing fasta file from genbank file(s)
2021-02-04 21:47:02,819: INFO     check if ../all_test_data/Arabidopsis_thaliana.gbk is gzipped
2021-02-04 21:47:27,832: INFO     Identifying PAM sites in the genome
2021-02-04 21:48:40,414: INFO     Checking guides for restriction enzymes
2021-02-04 21:48:40,749: INFO     Number of guides removed after checking for restriction enzymes: 0
2021-02-04 21:48:40,749: INFO     Identifing guides that are unique near the PAM site
2021-02-04 21:48:43,500: INFO     Number of guides removed after checking for unique PAM: 677745
2021-02-04 21:48:43,501: INFO     Indexing all potential guide sites: 1228658. This is the longest step.
2021-02-04 21:48:48,748: INFO     M                   = 16
2021-02-04 21:48:48,749: INFO     indexThreadQty      = 16
2021-02-04 21:48:48,749: INFO     efConstruction      = 10
2021-02-04 21:48:48,749: INFO     maxM			          = 16
2021-02-04 21:48:48,749: INFO     maxM0			          = 32
2021-02-04 21:48:48,749: INFO     mult                = 0.360674
2021-02-04 21:48:48,749: INFO     skip_optimized_index= 0
2021-02-04 21:48:48,749: INFO     delaunay_type       = 2
2021-02-04 21:48:48,749: INFO     Set HNSW query-time parameters:
2021-02-04 21:48:48,749: INFO     ef(Search)         =20
2021-02-04 21:48:48,749: INFO     algoType           =2

0%   10   20   30   40   50   60   70   80   90   100%
|----|----|----|----|----|----|----|----|----|----|
***************************************************

0%   10   20   30   40   50   60   70   80   90   100%
|----|----|----|----|----|----|----|----|----|----|
*******************************************************2021-02-04 21:49:03,199: INFO     No appropriate custom distance function for Hamming (bit-storage) space
2021-02-04 21:49:03,200: INFO     searchMethod			  = 0
2021-02-04 21:49:03,309: INFO     Identifying guides that have a hamming distance <= 3 to all other potential guides
2021-02-04 21:49:04,293: INFO     Set HNSW query-time parameters:
2021-02-04 21:49:04,293: INFO     ef(Search)         =9
2021-02-04 21:49:04,293: INFO     algoType           =2
2021-02-04 21:49:32,425: INFO     Formatting data for BedTools
2021-02-04 21:49:33,526: INFO     Create GuideMaker Annotation object
2021-02-04 21:49:33,526: INFO     Identify genomic features
2021-02-04 21:49:33,527: INFO     check if ../all_test_data/Arabidopsis_thaliana.gbk is gzipped
2021-02-04 21:50:02,755: INFO     Total number of CDS/locus in the input genome: 48262
2021-02-04 21:50:02,755: INFO     Find genomic features closest the guides
2021-02-04 21:50:11,091: INFO     Select guides that start between +500 and -500 of a feature start
2021-02-04 21:50:11,586: INFO     Select description columns
2021-02-04 21:50:12,028: INFO     Format the output
2021-02-04 21:50:13,969: INFO     Number of Guides within a gene coordinates i.e. zero Feature distance: 67519
2021-02-04 21:50:16,824: INFO     creating random control guides
2021-02-04 21:50:18,246: INFO     Number of random control searched: 100
2021-02-04 21:50:18,247: INFO     Percentage of GC content in the input genome: 36.00
2021-02-04 21:50:18,247: INFO     Total length of the genome: 114.1 MB
2021-02-04 21:50:18,247: INFO     created 10 control guides with a minimum distance of 7 and a median distance of 7
2021-02-04 21:50:18,250: INFO     guidemaker completed, results are at TEST
2021-02-04 21:50:18,250: INFO     PAM sequence: NNAGAAW
2021-02-04 21:50:18,250: INFO     PAM orientation: 3prime
2021-02-04 21:50:18,250: INFO     Genome strand(s) searched: both
2021-02-04 21:50:18,250: INFO     Total PAM sites considered: 1228658
2021-02-04 21:50:18,250: INFO     Guide RNA candidates found: 142090
	Command being timed: "guidemaker -i ../all_test_data/Arabidopsis_thaliana.gbk --pamseq NNAGAAW --outdir TEST --pam_orientation 3prime --guidelength 20 --strand both --lcp 11 --dist 3 --before 500 --into 500 --knum 10 --controls 10 --log GM_63833518_8.log --threads 16"
	User time (seconds): 428.68
	System time (seconds): 19.80
	Percent of CPU this job got: 224%
	Elapsed (wall clock) time (h:mm:ss or m:ss): 3:19.41
	Average shared text size (kbytes): 0
	Average unshared data size (kbytes): 0
	Average stack size (kbytes): 0
	Average total size (kbytes): 0
	Maximum resident set size (kbytes): 3816740
	Average resident set size (kbytes): 0
	Major (requiring I/O) page faults: 0
	Minor (reclaiming a frame) page faults: 6021595
	Voluntary context switches: 601555
	Involuntary context switches: 205504
	Swaps: 0
	File system inputs: 504
	File system outputs: 932824
	Socket messages sent: 0
	Socket messages received: 0
	Signals delivered: 0
	Page size (bytes): 4096
	Exit status: 0
My SLURM_ARRAY_TASK_ID:  8
My TMPDIR IS:  /scratch/local/63833518
Input Genome:>>>>>>>>>>>>>>>>>>>>>>>>>>>>>>>>>>>>>>>>>>>  Arabidopsis_thaliana.gbk
Input PAM:>>>>>>>>>>>>>>>>>>>>>>>>>>>>>>>>>>>>>>>>>>>  NNAGAAW
Threads used:>>>>>>>>>>>>>>>>>>>>>>>>>>>>>>>>>>>>>>>>>>>  32
GuideMaker
Your CPU supports instructions that this binary was not compiled to use: SSE4.1 SSE4.2 AVX AVX2
For maximum performance, you can install NMSLIB from sources 
pip install --no-binary :all: nmslib
2021-02-04 21:50:22,275: INFO     Temp directory is: /scratch/local/63833518/guidemaker_sy8hmpan
2021-02-04 21:50:22,275: INFO     Writing fasta file from genbank file(s)
2021-02-04 21:50:22,275: INFO     check if ../all_test_data/Arabidopsis_thaliana.gbk is gzipped
2021-02-04 21:50:47,750: INFO     Identifying PAM sites in the genome
2021-02-04 21:52:02,127: INFO     Checking guides for restriction enzymes
2021-02-04 21:52:02,465: INFO     Number of guides removed after checking for restriction enzymes: 0
2021-02-04 21:52:02,466: INFO     Identifing guides that are unique near the PAM site
2021-02-04 21:52:05,199: INFO     Number of guides removed after checking for unique PAM: 677745
2021-02-04 21:52:05,199: INFO     Indexing all potential guide sites: 1228658. This is the longest step.
2021-02-04 21:52:10,472: INFO     M                   = 16
2021-02-04 21:52:10,473: INFO     indexThreadQty      = 32
2021-02-04 21:52:10,473: INFO     efConstruction      = 10
2021-02-04 21:52:10,473: INFO     maxM			          = 16
2021-02-04 21:52:10,473: INFO     maxM0			          = 32
2021-02-04 21:52:10,473: INFO     mult                = 0.360674
2021-02-04 21:52:10,473: INFO     skip_optimized_index= 0
2021-02-04 21:52:10,473: INFO     delaunay_type       = 2
2021-02-04 21:52:10,473: INFO     Set HNSW query-time parameters:
2021-02-04 21:52:10,473: INFO     ef(Search)         =20
2021-02-04 21:52:10,473: INFO     algoType           =2

0%   10   20   30   40   50   60   70   80   90   100%
|----|----|----|----|----|----|----|----|----|----|
***************************************************

0%   10   20   30   40   50   60   70   80   90   100%
|----|----|----|----|----|----|----|----|----|----|
****************************************************2021-02-04 21:52:19,172: INFO     No appropriate custom distance function for Hamming (bit-storage) space
2021-02-04 21:52:19,173: INFO     searchMethod			  = 0
2021-02-04 21:52:19,271: INFO     Identifying guides that have a hamming distance <= 3 to all other potential guides
2021-02-04 21:52:20,137: INFO     Set HNSW query-time parameters:
2021-02-04 21:52:20,137: INFO     ef(Search)         =9
2021-02-04 21:52:20,137: INFO     algoType           =2
2021-02-04 21:52:47,264: INFO     Formatting data for BedTools
2021-02-04 21:52:48,516: INFO     Create GuideMaker Annotation object
2021-02-04 21:52:48,517: INFO     Identify genomic features
2021-02-04 21:52:48,517: INFO     check if ../all_test_data/Arabidopsis_thaliana.gbk is gzipped
2021-02-04 21:53:18,048: INFO     Total number of CDS/locus in the input genome: 48262
2021-02-04 21:53:18,048: INFO     Find genomic features closest the guides
2021-02-04 21:53:26,581: INFO     Select guides that start between +500 and -500 of a feature start
2021-02-04 21:53:27,105: INFO     Select description columns
2021-02-04 21:53:27,619: INFO     Format the output
2021-02-04 21:53:30,131: INFO     Number of Guides within a gene coordinates i.e. zero Feature distance: 67631
2021-02-04 21:53:32,964: INFO     creating random control guides
2021-02-04 21:53:34,423: INFO     Number of random control searched: 100
2021-02-04 21:53:34,423: INFO     Percentage of GC content in the input genome: 36.00
2021-02-04 21:53:34,423: INFO     Total length of the genome: 114.1 MB
2021-02-04 21:53:34,423: INFO     created 10 control guides with a minimum distance of 7 and a median distance of 7
2021-02-04 21:53:34,426: INFO     guidemaker completed, results are at TEST
2021-02-04 21:53:34,426: INFO     PAM sequence: NNAGAAW
2021-02-04 21:53:34,427: INFO     PAM orientation: 3prime
2021-02-04 21:53:34,427: INFO     Genome strand(s) searched: both
2021-02-04 21:53:34,427: INFO     Total PAM sites considered: 1228658
2021-02-04 21:53:34,427: INFO     Guide RNA candidates found: 142238
	Command being timed: "guidemaker -i ../all_test_data/Arabidopsis_thaliana.gbk --pamseq NNAGAAW --outdir TEST --pam_orientation 3prime --guidelength 20 --strand both --lcp 11 --dist 3 --before 500 --into 500 --knum 10 --controls 10 --log GM_63833518_8.log --threads 32"
	User time (seconds): 447.43
	System time (seconds): 28.03
	Percent of CPU this job got: 242%
	Elapsed (wall clock) time (h:mm:ss or m:ss): 3:16.46
	Average shared text size (kbytes): 0
	Average unshared data size (kbytes): 0
	Average stack size (kbytes): 0
	Average total size (kbytes): 0
	Maximum resident set size (kbytes): 3838160
	Average resident set size (kbytes): 0
	Major (requiring I/O) page faults: 0
	Minor (reclaiming a frame) page faults: 5155425
	Voluntary context switches: 1288317
	Involuntary context switches: 293269
	Swaps: 0
	File system inputs: 8
	File system outputs: 933816
	Socket messages sent: 0
	Socket messages received: 0
	Signals delivered: 0
	Page size (bytes): 4096
	Exit status: 0
