Thu Feb  4 21:24:50 EST 2021
c22b-s38.ufhpc
/blue/garrett/rp3448/analysis/guidemaker/nonAVXGuidemaker

     active environment : NONAVX2
    active env location : /home/rp3448/.conda/envs/NONAVX2
            shell level : 3
       user config file : /home/rp3448/.condarc
 populated config files : /home/rp3448/.condarc
          conda version : 4.9.2
    conda-build version : not installed
         python version : 3.9.1.final.0
       virtual packages : __glibc=2.17=0
                          __unix=0=0
                          __archspec=1=x86_64
       base environment : /apps/conda/4.9.2  (read only)
           channel URLs : https://conda.anaconda.org/biobakery/linux-64
                          https://conda.anaconda.org/biobakery/noarch
                          https://conda.anaconda.org/conda-forge/linux-64
                          https://conda.anaconda.org/conda-forge/noarch
                          https://conda.anaconda.org/bioconda/linux-64
                          https://conda.anaconda.org/bioconda/noarch
                          https://repo.anaconda.com/pkgs/main/linux-64
                          https://repo.anaconda.com/pkgs/main/noarch
                          https://repo.anaconda.com/pkgs/r/linux-64
                          https://repo.anaconda.com/pkgs/r/noarch
          package cache : /apps/conda/4.9.2/pkgs
                          /home/rp3448/.conda/pkgs
       envs directories : /home/rp3448/.conda/envs
                          /apps/conda/4.9.2/envs
               platform : linux-64
             user-agent : conda/4.9.2 requests/2.25.1 CPython/3.9.1 Linux/3.10.0-1062.18.1.el7.x86_64 rhel/7.7 glibc/2.17
                UID:GID : 6472:3511
             netrc file : None
           offline mode : False

My SLURM_ARRAY_TASK_ID:  3
My TMPDIR IS:  /scratch/local/63833444
Input Genome:>>>>>>>>>>>>>>>>>>>>>>>>>>>>>>>>>>>>>>>>>>>  Arabidopsis_thaliana.gbk
Input PAM:>>>>>>>>>>>>>>>>>>>>>>>>>>>>>>>>>>>>>>>>>>>  NNAGAAW
Threads used:>>>>>>>>>>>>>>>>>>>>>>>>>>>>>>>>>>>>>>>>>>>  1
GuideMaker
Your CPU supports instructions that this binary was not compiled to use: SSE4.1 SSE4.2 AVX AVX2
For maximum performance, you can install NMSLIB from sources 
pip install --no-binary :all: nmslib
2021-02-04 21:24:55,397: INFO     Temp directory is: /scratch/local/63833444/guidemaker_f1mpztx_
2021-02-04 21:24:55,398: INFO     Writing fasta file from genbank file(s)
2021-02-04 21:24:55,398: INFO     check if ../all_test_data/Arabidopsis_thaliana.gbk is gzipped
2021-02-04 21:25:20,241: INFO     Identifying PAM sites in the genome
2021-02-04 21:26:31,641: INFO     Checking guides for restriction enzymes
2021-02-04 21:26:31,973: INFO     Number of guides removed after checking for restriction enzymes: 0
2021-02-04 21:26:31,973: INFO     Identifing guides that are unique near the PAM site
2021-02-04 21:26:34,691: INFO     Number of guides removed after checking for unique PAM: 677745
2021-02-04 21:26:34,691: INFO     Indexing all potential guide sites: 1228658. This is the longest step.
2021-02-04 21:26:40,012: INFO     M                   = 16
2021-02-04 21:26:40,012: INFO     indexThreadQty      = 1
2021-02-04 21:26:40,012: INFO     efConstruction      = 10
2021-02-04 21:26:40,013: INFO     maxM			          = 16
2021-02-04 21:26:40,013: INFO     maxM0			          = 32
2021-02-04 21:26:40,013: INFO     mult                = 0.360674
2021-02-04 21:26:40,013: INFO     skip_optimized_index= 0
2021-02-04 21:26:40,013: INFO     delaunay_type       = 2
2021-02-04 21:26:40,013: INFO     Set HNSW query-time parameters:
2021-02-04 21:26:40,013: INFO     ef(Search)         =20
2021-02-04 21:26:40,013: INFO     algoType           =2

0%   10   20   30   40   50   60   70   80   90   100%
|----|----|----|----|----|----|----|----|----|----|
***************************************************

0%   10   20   30   40   50   60   70   80   90   100%
|----|----|----|----|----|----|----|----|----|----|
***************************************************
*2021-02-04 21:29:08,405: INFO     No appropriate custom distance function for Hamming (bit-storage) space
2021-02-04 21:29:08,405: INFO     searchMethod			  = 0
2021-02-04 21:29:08,500: INFO     Identifying guides that have a hamming distance <= 3 to all other potential guides
2021-02-04 21:29:09,374: INFO     Set HNSW query-time parameters:
2021-02-04 21:29:09,375: INFO     ef(Search)         =9
2021-02-04 21:29:09,375: INFO     algoType           =2
2021-02-04 21:30:05,684: INFO     Formatting data for BedTools
2021-02-04 21:30:06,795: INFO     Create GuideMaker Annotation object
2021-02-04 21:30:06,796: INFO     Identify genomic features
2021-02-04 21:30:06,796: INFO     check if ../all_test_data/Arabidopsis_thaliana.gbk is gzipped
2021-02-04 21:30:36,454: INFO     Total number of CDS/locus in the input genome: 48262
2021-02-04 21:30:36,454: INFO     Find genomic features closest the guides
2021-02-04 21:30:44,989: INFO     Select guides that start between +500 and -500 of a feature start
2021-02-04 21:30:45,605: INFO     Select description columns
2021-02-04 21:30:46,127: INFO     Format the output
2021-02-04 21:30:48,766: INFO     Number of Guides within a gene coordinates i.e. zero Feature distance: 67555
2021-02-04 21:30:51,421: INFO     creating random control guides
2021-02-04 21:30:52,805: INFO     Number of random control searched: 100
2021-02-04 21:30:52,805: INFO     Percentage of GC content in the input genome: 36.00
2021-02-04 21:30:52,805: INFO     Total length of the genome: 114.1 MB
2021-02-04 21:30:52,805: INFO     created 10 control guides with a minimum distance of 7 and a median distance of 7
2021-02-04 21:30:52,809: INFO     guidemaker completed, results are at TEST
2021-02-04 21:30:52,809: INFO     PAM sequence: NNAGAAW
2021-02-04 21:30:52,809: INFO     PAM orientation: 3prime
2021-02-04 21:30:52,809: INFO     Genome strand(s) searched: both
2021-02-04 21:30:52,809: INFO     Total PAM sites considered: 1228658
2021-02-04 21:30:52,809: INFO     Guide RNA candidates found: 142158
	Command being timed: "guidemaker -i ../all_test_data/Arabidopsis_thaliana.gbk --pamseq NNAGAAW --outdir TEST --pam_orientation 3prime --guidelength 20 --strand both --lcp 11 --dist 3 --before 500 --into 500 --knum 10 --controls 10 --log GM_63833444_3.log --threads 1"
	User time (seconds): 356.52
	System time (seconds): 7.44
	Percent of CPU this job got: 100%
	Elapsed (wall clock) time (h:mm:ss or m:ss): 6:01.47
	Average shared text size (kbytes): 0
	Average unshared data size (kbytes): 0
	Average stack size (kbytes): 0
	Average total size (kbytes): 0
	Maximum resident set size (kbytes): 3274828
	Average resident set size (kbytes): 0
	Major (requiring I/O) page faults: 0
	Minor (reclaiming a frame) page faults: 3777018
	Voluntary context switches: 1605
	Involuntary context switches: 225646
	Swaps: 0
	File system inputs: 142184
	File system outputs: 933368
	Socket messages sent: 0
	Socket messages received: 0
	Signals delivered: 0
	Page size (bytes): 4096
	Exit status: 0
My SLURM_ARRAY_TASK_ID:  3
My TMPDIR IS:  /scratch/local/63833444
Input Genome:>>>>>>>>>>>>>>>>>>>>>>>>>>>>>>>>>>>>>>>>>>>  Arabidopsis_thaliana.gbk
Input PAM:>>>>>>>>>>>>>>>>>>>>>>>>>>>>>>>>>>>>>>>>>>>  NNAGAAW
Threads used:>>>>>>>>>>>>>>>>>>>>>>>>>>>>>>>>>>>>>>>>>>>  2
GuideMaker
Your CPU supports instructions that this binary was not compiled to use: SSE4.1 SSE4.2 AVX AVX2
For maximum performance, you can install NMSLIB from sources 
pip install --no-binary :all: nmslib
2021-02-04 21:30:57,282: INFO     Temp directory is: /scratch/local/63833444/guidemaker_g4ty817o
2021-02-04 21:30:57,282: INFO     Writing fasta file from genbank file(s)
2021-02-04 21:30:57,283: INFO     check if ../all_test_data/Arabidopsis_thaliana.gbk is gzipped
2021-02-04 21:31:22,221: INFO     Identifying PAM sites in the genome
2021-02-04 21:32:35,191: INFO     Checking guides for restriction enzymes
2021-02-04 21:32:35,527: INFO     Number of guides removed after checking for restriction enzymes: 0
2021-02-04 21:32:35,527: INFO     Identifing guides that are unique near the PAM site
2021-02-04 21:32:38,253: INFO     Number of guides removed after checking for unique PAM: 677745
2021-02-04 21:32:38,253: INFO     Indexing all potential guide sites: 1228658. This is the longest step.
2021-02-04 21:32:43,571: INFO     M                   = 16
2021-02-04 21:32:43,571: INFO     indexThreadQty      = 2
2021-02-04 21:32:43,571: INFO     efConstruction      = 10
2021-02-04 21:32:43,571: INFO     maxM			          = 16
2021-02-04 21:32:43,571: INFO     maxM0			          = 32
2021-02-04 21:32:43,571: INFO     mult                = 0.360674
2021-02-04 21:32:43,572: INFO     skip_optimized_index= 0
2021-02-04 21:32:43,572: INFO     delaunay_type       = 2
2021-02-04 21:32:43,572: INFO     Set HNSW query-time parameters:
2021-02-04 21:32:43,572: INFO     ef(Search)         =20
2021-02-04 21:32:43,572: INFO     algoType           =2

0%   10   20   30   40   50   60   70   80   90   100%
|----|----|----|----|----|----|----|----|----|----|
***************************************************

0%   10   20   30   40   50   60   70   80   90   100%
|----|----|----|----|----|----|----|----|----|----|
****************************************************2021-02-04 21:34:17,864: INFO     No appropriate custom distance function for Hamming (bit-storage) space
2021-02-04 21:34:17,864: INFO     searchMethod			  = 0
2021-02-04 21:34:17,968: INFO     Identifying guides that have a hamming distance <= 3 to all other potential guides
2021-02-04 21:34:18,830: INFO     Set HNSW query-time parameters:
2021-02-04 21:34:18,831: INFO     ef(Search)         =9
2021-02-04 21:34:18,831: INFO     algoType           =2
2021-02-04 21:35:04,909: INFO     Formatting data for BedTools
2021-02-04 21:35:06,061: INFO     Create GuideMaker Annotation object
2021-02-04 21:35:06,061: INFO     Identify genomic features
2021-02-04 21:35:06,061: INFO     check if ../all_test_data/Arabidopsis_thaliana.gbk is gzipped
2021-02-04 21:35:35,939: INFO     Total number of CDS/locus in the input genome: 48262
2021-02-04 21:35:35,939: INFO     Find genomic features closest the guides
2021-02-04 21:35:44,708: INFO     Select guides that start between +500 and -500 of a feature start
2021-02-04 21:35:45,243: INFO     Select description columns
2021-02-04 21:35:45,797: INFO     Format the output
2021-02-04 21:35:48,087: INFO     Number of Guides within a gene coordinates i.e. zero Feature distance: 67629
2021-02-04 21:35:50,967: INFO     creating random control guides
2021-02-04 21:35:52,520: INFO     Number of random control searched: 100
2021-02-04 21:35:52,520: INFO     Percentage of GC content in the input genome: 36.00
2021-02-04 21:35:52,520: INFO     Total length of the genome: 114.1 MB
2021-02-04 21:35:52,520: INFO     created 10 control guides with a minimum distance of 7 and a median distance of 7
2021-02-04 21:35:52,524: INFO     guidemaker completed, results are at TEST
2021-02-04 21:35:52,524: INFO     PAM sequence: NNAGAAW
2021-02-04 21:35:52,524: INFO     PAM orientation: 3prime
2021-02-04 21:35:52,524: INFO     Genome strand(s) searched: both
2021-02-04 21:35:52,524: INFO     Total PAM sites considered: 1228658
2021-02-04 21:35:52,524: INFO     Guide RNA candidates found: 142222
	Command being timed: "guidemaker -i ../all_test_data/Arabidopsis_thaliana.gbk --pamseq NNAGAAW --outdir TEST --pam_orientation 3prime --guidelength 20 --strand both --lcp 11 --dist 3 --before 500 --into 500 --knum 10 --controls 10 --log GM_63833444_3.log --threads 2"
	User time (seconds): 391.08
	System time (seconds): 23.79
	Percent of CPU this job got: 138%
	Elapsed (wall clock) time (h:mm:ss or m:ss): 4:59.44
	Average shared text size (kbytes): 0
	Average unshared data size (kbytes): 0
	Average stack size (kbytes): 0
	Average total size (kbytes): 0
	Maximum resident set size (kbytes): 3789276
	Average resident set size (kbytes): 0
	Major (requiring I/O) page faults: 0
	Minor (reclaiming a frame) page faults: 14582002
	Voluntary context switches: 99622
	Involuntary context switches: 231863
	Swaps: 0
	File system inputs: 616
	File system outputs: 933024
	Socket messages sent: 0
	Socket messages received: 0
	Signals delivered: 0
	Page size (bytes): 4096
	Exit status: 0
My SLURM_ARRAY_TASK_ID:  3
My TMPDIR IS:  /scratch/local/63833444
Input Genome:>>>>>>>>>>>>>>>>>>>>>>>>>>>>>>>>>>>>>>>>>>>  Arabidopsis_thaliana.gbk
Input PAM:>>>>>>>>>>>>>>>>>>>>>>>>>>>>>>>>>>>>>>>>>>>  NNAGAAW
Threads used:>>>>>>>>>>>>>>>>>>>>>>>>>>>>>>>>>>>>>>>>>>>  4
GuideMaker
Your CPU supports instructions that this binary was not compiled to use: SSE4.1 SSE4.2 AVX AVX2
For maximum performance, you can install NMSLIB from sources 
pip install --no-binary :all: nmslib
2021-02-04 21:35:56,671: INFO     Temp directory is: /scratch/local/63833444/guidemaker_jgm_8r2z
2021-02-04 21:35:56,671: INFO     Writing fasta file from genbank file(s)
2021-02-04 21:35:56,672: INFO     check if ../all_test_data/Arabidopsis_thaliana.gbk is gzipped
2021-02-04 21:36:21,330: INFO     Identifying PAM sites in the genome
2021-02-04 21:37:33,537: INFO     Checking guides for restriction enzymes
2021-02-04 21:37:33,870: INFO     Number of guides removed after checking for restriction enzymes: 0
2021-02-04 21:37:33,871: INFO     Identifing guides that are unique near the PAM site
2021-02-04 21:37:36,515: INFO     Number of guides removed after checking for unique PAM: 677745
2021-02-04 21:37:36,515: INFO     Indexing all potential guide sites: 1228658. This is the longest step.
2021-02-04 21:37:41,890: INFO     M                   = 16
2021-02-04 21:37:41,890: INFO     indexThreadQty      = 4
2021-02-04 21:37:41,890: INFO     efConstruction      = 10
2021-02-04 21:37:41,890: INFO     maxM			          = 16
2021-02-04 21:37:41,890: INFO     maxM0			          = 32
2021-02-04 21:37:41,890: INFO     mult                = 0.360674
2021-02-04 21:37:41,890: INFO     skip_optimized_index= 0
2021-02-04 21:37:41,891: INFO     delaunay_type       = 2
2021-02-04 21:37:41,891: INFO     Set HNSW query-time parameters:
2021-02-04 21:37:41,891: INFO     ef(Search)         =20
2021-02-04 21:37:41,891: INFO     algoType           =2

0%   10   20   30   40   50   60   70   80   90   100%
|----|----|----|----|----|----|----|----|----|----|
***************************************************

0%   10   20   30   40   50   60   70   80   90   100%
|----|----|----|----|----|----|----|----|----|----|
****************************************************2021-02-04 21:38:30,871: INFO     No appropriate custom distance function for Hamming (bit-storage) space
2021-02-04 21:38:30,872: INFO     searchMethod			  = 0
2021-02-04 21:38:30,981: INFO     Identifying guides that have a hamming distance <= 3 to all other potential guides
2021-02-04 21:38:32,077: INFO     Set HNSW query-time parameters:
2021-02-04 21:38:32,077: INFO     ef(Search)         =9
2021-02-04 21:38:32,077: INFO     algoType           =2
2021-02-04 21:39:06,761: INFO     Formatting data for BedTools
2021-02-04 21:39:07,911: INFO     Create GuideMaker Annotation object
2021-02-04 21:39:07,911: INFO     Identify genomic features
2021-02-04 21:39:07,911: INFO     check if ../all_test_data/Arabidopsis_thaliana.gbk is gzipped
2021-02-04 21:39:37,009: INFO     Total number of CDS/locus in the input genome: 48262
2021-02-04 21:39:37,009: INFO     Find genomic features closest the guides
2021-02-04 21:39:45,551: INFO     Select guides that start between +500 and -500 of a feature start
2021-02-04 21:39:46,138: INFO     Select description columns
2021-02-04 21:39:46,648: INFO     Format the output
2021-02-04 21:39:49,100: INFO     Number of Guides within a gene coordinates i.e. zero Feature distance: 67570
2021-02-04 21:39:51,818: INFO     creating random control guides
2021-02-04 21:39:53,272: INFO     Number of random control searched: 100
2021-02-04 21:39:53,272: INFO     Percentage of GC content in the input genome: 36.00
2021-02-04 21:39:53,273: INFO     Total length of the genome: 114.1 MB
2021-02-04 21:39:53,273: INFO     created 10 control guides with a minimum distance of 7 and a median distance of 8
2021-02-04 21:39:53,275: INFO     guidemaker completed, results are at TEST
2021-02-04 21:39:53,275: INFO     PAM sequence: NNAGAAW
2021-02-04 21:39:53,275: INFO     PAM orientation: 3prime
2021-02-04 21:39:53,275: INFO     Genome strand(s) searched: both
2021-02-04 21:39:53,275: INFO     Total PAM sites considered: 1228658
2021-02-04 21:39:53,275: INFO     Guide RNA candidates found: 142161
	Command being timed: "guidemaker -i ../all_test_data/Arabidopsis_thaliana.gbk --pamseq NNAGAAW --outdir TEST --pam_orientation 3prime --guidelength 20 --strand both --lcp 11 --dist 3 --before 500 --into 500 --knum 10 --controls 10 --log GM_63833444_3.log --threads 4"
	User time (seconds): 398.21
	System time (seconds): 18.99
	Percent of CPU this job got: 173%
	Elapsed (wall clock) time (h:mm:ss or m:ss): 4:00.50
	Average shared text size (kbytes): 0
	Average unshared data size (kbytes): 0
	Average stack size (kbytes): 0
	Average total size (kbytes): 0
	Maximum resident set size (kbytes): 3756848
	Average resident set size (kbytes): 0
	Major (requiring I/O) page faults: 0
	Minor (reclaiming a frame) page faults: 9621459
	Voluntary context switches: 196778
	Involuntary context switches: 280387
	Swaps: 0
	File system inputs: 112
	File system outputs: 933088
	Socket messages sent: 0
	Socket messages received: 0
	Signals delivered: 0
	Page size (bytes): 4096
	Exit status: 0
My SLURM_ARRAY_TASK_ID:  3
My TMPDIR IS:  /scratch/local/63833444
Input Genome:>>>>>>>>>>>>>>>>>>>>>>>>>>>>>>>>>>>>>>>>>>>  Arabidopsis_thaliana.gbk
Input PAM:>>>>>>>>>>>>>>>>>>>>>>>>>>>>>>>>>>>>>>>>>>>  NNAGAAW
Threads used:>>>>>>>>>>>>>>>>>>>>>>>>>>>>>>>>>>>>>>>>>>>  8
GuideMaker
Your CPU supports instructions that this binary was not compiled to use: SSE4.1 SSE4.2 AVX AVX2
For maximum performance, you can install NMSLIB from sources 
pip install --no-binary :all: nmslib
2021-02-04 21:39:57,236: INFO     Temp directory is: /scratch/local/63833444/guidemaker_7632vqgm
2021-02-04 21:39:57,236: INFO     Writing fasta file from genbank file(s)
2021-02-04 21:39:57,236: INFO     check if ../all_test_data/Arabidopsis_thaliana.gbk is gzipped
2021-02-04 21:40:21,884: INFO     Identifying PAM sites in the genome
2021-02-04 21:41:33,126: INFO     Checking guides for restriction enzymes
2021-02-04 21:41:33,460: INFO     Number of guides removed after checking for restriction enzymes: 0
2021-02-04 21:41:33,460: INFO     Identifing guides that are unique near the PAM site
2021-02-04 21:41:36,141: INFO     Number of guides removed after checking for unique PAM: 677745
2021-02-04 21:41:36,141: INFO     Indexing all potential guide sites: 1228658. This is the longest step.
2021-02-04 21:41:41,327: INFO     M                   = 16
2021-02-04 21:41:41,327: INFO     indexThreadQty      = 8
2021-02-04 21:41:41,327: INFO     efConstruction      = 10
2021-02-04 21:41:41,327: INFO     maxM			          = 16
2021-02-04 21:41:41,327: INFO     maxM0			          = 32
2021-02-04 21:41:41,327: INFO     mult                = 0.360674
2021-02-04 21:41:41,327: INFO     skip_optimized_index= 0
2021-02-04 21:41:41,327: INFO     delaunay_type       = 2
2021-02-04 21:41:41,328: INFO     Set HNSW query-time parameters:
2021-02-04 21:41:41,328: INFO     ef(Search)         =20
2021-02-04 21:41:41,328: INFO     algoType           =2

0%   10   20   30   40   50   60   70   80   90   100%
|----|----|----|----|----|----|----|----|----|----|
***************************************************

0%   10   20   30   40   50   60   70   80   90   100%
|----|----|----|----|----|----|----|----|----|----|
****************************************************2021-02-04 21:42:08,206: INFO     No appropriate custom distance function for Hamming (bit-storage) space
2021-02-04 21:42:08,207: INFO     searchMethod			  = 0
2021-02-04 21:42:08,323: INFO     Identifying guides that have a hamming distance <= 3 to all other potential guides
2021-02-04 21:42:09,349: INFO     Set HNSW query-time parameters:
2021-02-04 21:42:09,350: INFO     ef(Search)         =9
2021-02-04 21:42:09,350: INFO     algoType           =2
2021-02-04 21:42:40,999: INFO     Formatting data for BedTools
2021-02-04 21:42:42,111: INFO     Create GuideMaker Annotation object
2021-02-04 21:42:42,111: INFO     Identify genomic features
2021-02-04 21:42:42,111: INFO     check if ../all_test_data/Arabidopsis_thaliana.gbk is gzipped
2021-02-04 21:43:11,313: INFO     Total number of CDS/locus in the input genome: 48262
2021-02-04 21:43:11,313: INFO     Find genomic features closest the guides
2021-02-04 21:43:19,813: INFO     Select guides that start between +500 and -500 of a feature start
2021-02-04 21:43:20,324: INFO     Select description columns
2021-02-04 21:43:20,840: INFO     Format the output
2021-02-04 21:43:23,294: INFO     Number of Guides within a gene coordinates i.e. zero Feature distance: 67601
2021-02-04 21:43:26,130: INFO     creating random control guides
2021-02-04 21:43:27,573: INFO     Number of random control searched: 100
2021-02-04 21:43:27,574: INFO     Percentage of GC content in the input genome: 36.00
2021-02-04 21:43:27,574: INFO     Total length of the genome: 114.1 MB
2021-02-04 21:43:27,574: INFO     created 10 control guides with a minimum distance of 7 and a median distance of 7
2021-02-04 21:43:27,576: INFO     guidemaker completed, results are at TEST
2021-02-04 21:43:27,577: INFO     PAM sequence: NNAGAAW
2021-02-04 21:43:27,577: INFO     PAM orientation: 3prime
2021-02-04 21:43:27,577: INFO     Genome strand(s) searched: both
2021-02-04 21:43:27,577: INFO     Total PAM sites considered: 1228658
2021-02-04 21:43:27,577: INFO     Guide RNA candidates found: 142184
	Command being timed: "guidemaker -i ../all_test_data/Arabidopsis_thaliana.gbk --pamseq NNAGAAW --outdir TEST --pam_orientation 3prime --guidelength 20 --strand both --lcp 11 --dist 3 --before 500 --into 500 --knum 10 --controls 10 --log GM_63833444_3.log --threads 8"
	User time (seconds): 416.63
	System time (seconds): 18.07
	Percent of CPU this job got: 202%
	Elapsed (wall clock) time (h:mm:ss or m:ss): 3:34.38
	Average shared text size (kbytes): 0
	Average unshared data size (kbytes): 0
	Average stack size (kbytes): 0
	Average total size (kbytes): 0
	Maximum resident set size (kbytes): 3775592
	Average resident set size (kbytes): 0
	Major (requiring I/O) page faults: 0
	Minor (reclaiming a frame) page faults: 7675877
	Voluntary context switches: 312230
	Involuntary context switches: 142116
	Swaps: 0
	File system inputs: 120
	File system outputs: 933744
	Socket messages sent: 0
	Socket messages received: 0
	Signals delivered: 0
	Page size (bytes): 4096
	Exit status: 0
My SLURM_ARRAY_TASK_ID:  3
My TMPDIR IS:  /scratch/local/63833444
Input Genome:>>>>>>>>>>>>>>>>>>>>>>>>>>>>>>>>>>>>>>>>>>>  Arabidopsis_thaliana.gbk
Input PAM:>>>>>>>>>>>>>>>>>>>>>>>>>>>>>>>>>>>>>>>>>>>  NNAGAAW
Threads used:>>>>>>>>>>>>>>>>>>>>>>>>>>>>>>>>>>>>>>>>>>>  16
GuideMaker
Your CPU supports instructions that this binary was not compiled to use: SSE4.1 SSE4.2 AVX AVX2
For maximum performance, you can install NMSLIB from sources 
pip install --no-binary :all: nmslib
2021-02-04 21:43:31,646: INFO     Temp directory is: /scratch/local/63833444/guidemaker_xhl_7q6d
2021-02-04 21:43:31,646: INFO     Writing fasta file from genbank file(s)
2021-02-04 21:43:31,646: INFO     check if ../all_test_data/Arabidopsis_thaliana.gbk is gzipped
2021-02-04 21:43:56,488: INFO     Identifying PAM sites in the genome
2021-02-04 21:45:09,436: INFO     Checking guides for restriction enzymes
2021-02-04 21:45:09,771: INFO     Number of guides removed after checking for restriction enzymes: 0
2021-02-04 21:45:09,772: INFO     Identifing guides that are unique near the PAM site
2021-02-04 21:45:12,486: INFO     Number of guides removed after checking for unique PAM: 677745
2021-02-04 21:45:12,487: INFO     Indexing all potential guide sites: 1228658. This is the longest step.
2021-02-04 21:45:17,746: INFO     M                   = 16
2021-02-04 21:45:17,746: INFO     indexThreadQty      = 16
2021-02-04 21:45:17,746: INFO     efConstruction      = 10
2021-02-04 21:45:17,746: INFO     maxM			          = 16
2021-02-04 21:45:17,746: INFO     maxM0			          = 32
2021-02-04 21:45:17,746: INFO     mult                = 0.360674
2021-02-04 21:45:17,746: INFO     skip_optimized_index= 0
2021-02-04 21:45:17,746: INFO     delaunay_type       = 2
2021-02-04 21:45:17,746: INFO     Set HNSW query-time parameters:
2021-02-04 21:45:17,747: INFO     ef(Search)         =20
2021-02-04 21:45:17,747: INFO     algoType           =2

0%   10   20   30   40   50   60   70   80   90   100%
|----|----|----|----|----|----|----|----|----|----|
***************************************************

0%   10   20   30   40   50   60   70   80   90   100%
|----|----|----|----|----|----|----|----|----|----|
********************************************************2021-02-04 21:45:32,117: INFO     No appropriate custom distance function for Hamming (bit-storage) space
2021-02-04 21:45:32,117: INFO     searchMethod			  = 0
2021-02-04 21:45:32,218: INFO     Identifying guides that have a hamming distance <= 3 to all other potential guides
2021-02-04 21:45:33,088: INFO     Set HNSW query-time parameters:
2021-02-04 21:45:33,088: INFO     ef(Search)         =9
2021-02-04 21:45:33,088: INFO     algoType           =2
2021-02-04 21:46:00,647: INFO     Formatting data for BedTools
2021-02-04 21:46:01,829: INFO     Create GuideMaker Annotation object
2021-02-04 21:46:01,829: INFO     Identify genomic features
2021-02-04 21:46:01,830: INFO     check if ../all_test_data/Arabidopsis_thaliana.gbk is gzipped
2021-02-04 21:46:31,759: INFO     Total number of CDS/locus in the input genome: 48262
2021-02-04 21:46:31,759: INFO     Find genomic features closest the guides
2021-02-04 21:46:40,518: INFO     Select guides that start between +500 and -500 of a feature start
2021-02-04 21:46:41,098: INFO     Select description columns
2021-02-04 21:46:41,558: INFO     Format the output
2021-02-04 21:46:43,614: INFO     Number of Guides within a gene coordinates i.e. zero Feature distance: 67551
2021-02-04 21:46:46,231: INFO     creating random control guides
2021-02-04 21:46:47,648: INFO     Number of random control searched: 100
2021-02-04 21:46:47,648: INFO     Percentage of GC content in the input genome: 36.00
2021-02-04 21:46:47,648: INFO     Total length of the genome: 114.1 MB
2021-02-04 21:46:47,648: INFO     created 10 control guides with a minimum distance of 7 and a median distance of 7
2021-02-04 21:46:47,651: INFO     guidemaker completed, results are at TEST
2021-02-04 21:46:47,651: INFO     PAM sequence: NNAGAAW
2021-02-04 21:46:47,651: INFO     PAM orientation: 3prime
2021-02-04 21:46:47,651: INFO     Genome strand(s) searched: both
2021-02-04 21:46:47,651: INFO     Total PAM sites considered: 1228658
2021-02-04 21:46:47,651: INFO     Guide RNA candidates found: 142150
	Command being timed: "guidemaker -i ../all_test_data/Arabidopsis_thaliana.gbk --pamseq NNAGAAW --outdir TEST --pam_orientation 3prime --guidelength 20 --strand both --lcp 11 --dist 3 --before 500 --into 500 --knum 10 --controls 10 --log GM_63833444_3.log --threads 16"
	User time (seconds): 427.40
	System time (seconds): 20.22
	Percent of CPU this job got: 223%
	Elapsed (wall clock) time (h:mm:ss or m:ss): 3:20.05
	Average shared text size (kbytes): 0
	Average unshared data size (kbytes): 0
	Average stack size (kbytes): 0
	Average total size (kbytes): 0
	Maximum resident set size (kbytes): 3816820
	Average resident set size (kbytes): 0
	Major (requiring I/O) page faults: 0
	Minor (reclaiming a frame) page faults: 6055981
	Voluntary context switches: 633855
	Involuntary context switches: 1619
	Swaps: 0
	File system inputs: 24
	File system outputs: 932064
	Socket messages sent: 0
	Socket messages received: 0
	Signals delivered: 0
	Page size (bytes): 4096
	Exit status: 0
My SLURM_ARRAY_TASK_ID:  3
My TMPDIR IS:  /scratch/local/63833444
Input Genome:>>>>>>>>>>>>>>>>>>>>>>>>>>>>>>>>>>>>>>>>>>>  Arabidopsis_thaliana.gbk
Input PAM:>>>>>>>>>>>>>>>>>>>>>>>>>>>>>>>>>>>>>>>>>>>  NNAGAAW
Threads used:>>>>>>>>>>>>>>>>>>>>>>>>>>>>>>>>>>>>>>>>>>>  32
GuideMaker
Your CPU supports instructions that this binary was not compiled to use: SSE4.1 SSE4.2 AVX AVX2
For maximum performance, you can install NMSLIB from sources 
pip install --no-binary :all: nmslib
2021-02-04 21:46:51,636: INFO     Temp directory is: /scratch/local/63833444/guidemaker_xb483kdh
2021-02-04 21:46:51,637: INFO     Writing fasta file from genbank file(s)
2021-02-04 21:46:51,637: INFO     check if ../all_test_data/Arabidopsis_thaliana.gbk is gzipped
2021-02-04 21:47:16,542: INFO     Identifying PAM sites in the genome
2021-02-04 21:48:28,144: INFO     Checking guides for restriction enzymes
2021-02-04 21:48:28,478: INFO     Number of guides removed after checking for restriction enzymes: 0
2021-02-04 21:48:28,478: INFO     Identifing guides that are unique near the PAM site
2021-02-04 21:48:31,193: INFO     Number of guides removed after checking for unique PAM: 677745
2021-02-04 21:48:31,193: INFO     Indexing all potential guide sites: 1228658. This is the longest step.
2021-02-04 21:48:36,439: INFO     M                   = 16
2021-02-04 21:48:36,440: INFO     indexThreadQty      = 32
2021-02-04 21:48:36,440: INFO     efConstruction      = 10
2021-02-04 21:48:36,440: INFO     maxM			          = 16
2021-02-04 21:48:36,440: INFO     maxM0			          = 32
2021-02-04 21:48:36,440: INFO     mult                = 0.360674
2021-02-04 21:48:36,440: INFO     skip_optimized_index= 0
2021-02-04 21:48:36,440: INFO     delaunay_type       = 2
2021-02-04 21:48:36,440: INFO     Set HNSW query-time parameters:
2021-02-04 21:48:36,440: INFO     ef(Search)         =20
2021-02-04 21:48:36,440: INFO     algoType           =2

0%   10   20   30   40   50   60   70   80   90   100%
|----|----|----|----|----|----|----|----|----|----|
***************************************************

0%   10   20   30   40   50   60   70   80   90   100%
|----|----|----|----|----|----|----|----|----|----|
****************************************************


2021-02-04 21:48:45,293: INFO     No appropriate custom distance function for Hamming (bit-storage) space
2021-02-04 21:48:45,293: INFO     searchMethod			  = 0
2021-02-04 21:48:45,500: INFO     Identifying guides that have a hamming distance <= 3 to all other potential guides
2021-02-04 21:48:46,452: INFO     Set HNSW query-time parameters:
2021-02-04 21:48:46,452: INFO     ef(Search)         =9
2021-02-04 21:48:46,452: INFO     algoType           =2
2021-02-04 21:49:14,392: INFO     Formatting data for BedTools
2021-02-04 21:49:15,595: INFO     Create GuideMaker Annotation object
2021-02-04 21:49:15,595: INFO     Identify genomic features
2021-02-04 21:49:15,596: INFO     check if ../all_test_data/Arabidopsis_thaliana.gbk is gzipped
2021-02-04 21:49:45,884: INFO     Total number of CDS/locus in the input genome: 48262
2021-02-04 21:49:45,884: INFO     Find genomic features closest the guides
2021-02-04 21:49:54,542: INFO     Select guides that start between +500 and -500 of a feature start
2021-02-04 21:49:55,066: INFO     Select description columns
2021-02-04 21:49:55,598: INFO     Format the output
2021-02-04 21:49:58,069: INFO     Number of Guides within a gene coordinates i.e. zero Feature distance: 67613
2021-02-04 21:50:00,697: INFO     creating random control guides
2021-02-04 21:50:02,218: INFO     Number of random control searched: 100
2021-02-04 21:50:02,219: INFO     Percentage of GC content in the input genome: 36.00
2021-02-04 21:50:02,219: INFO     Total length of the genome: 114.1 MB
2021-02-04 21:50:02,219: INFO     created 10 control guides with a minimum distance of 7 and a median distance of 7
2021-02-04 21:50:02,221: INFO     guidemaker completed, results are at TEST
2021-02-04 21:50:02,221: INFO     PAM sequence: NNAGAAW
2021-02-04 21:50:02,221: INFO     PAM orientation: 3prime
2021-02-04 21:50:02,221: INFO     Genome strand(s) searched: both
2021-02-04 21:50:02,221: INFO     Total PAM sites considered: 1228658
2021-02-04 21:50:02,221: INFO     Guide RNA candidates found: 142212
	Command being timed: "guidemaker -i ../all_test_data/Arabidopsis_thaliana.gbk --pamseq NNAGAAW --outdir TEST --pam_orientation 3prime --guidelength 20 --strand both --lcp 11 --dist 3 --before 500 --into 500 --knum 10 --controls 10 --log GM_63833444_3.log --threads 32"
	User time (seconds): 446.63
	System time (seconds): 32.61
	Percent of CPU this job got: 245%
	Elapsed (wall clock) time (h:mm:ss or m:ss): 3:14.98
	Average shared text size (kbytes): 0
	Average unshared data size (kbytes): 0
	Average stack size (kbytes): 0
	Average total size (kbytes): 0
	Maximum resident set size (kbytes): 3839984
	Average resident set size (kbytes): 0
	Major (requiring I/O) page faults: 0
	Minor (reclaiming a frame) page faults: 7180184
	Voluntary context switches: 1458103
	Involuntary context switches: 83031
	Swaps: 0
	File system inputs: 24
	File system outputs: 933624
	Socket messages sent: 0
	Socket messages received: 0
	Signals delivered: 0
	Page size (bytes): 4096
	Exit status: 0
