Thu Feb  4 21:24:03 EST 2021
c34b-s25.ufhpc
/blue/garrett/rp3448/analysis/guidemaker/nonAVXGuidemaker

     active environment : NONAVX2
    active env location : /home/rp3448/.conda/envs/NONAVX2
            shell level : 3
       user config file : /home/rp3448/.condarc
 populated config files : /home/rp3448/.condarc
          conda version : 4.9.2
    conda-build version : not installed
         python version : 3.9.1.final.0
       virtual packages : __glibc=2.17=0
                          __unix=0=0
                          __archspec=1=x86_64
       base environment : /apps/conda/4.9.2  (read only)
           channel URLs : https://conda.anaconda.org/biobakery/linux-64
                          https://conda.anaconda.org/biobakery/noarch
                          https://conda.anaconda.org/conda-forge/linux-64
                          https://conda.anaconda.org/conda-forge/noarch
                          https://conda.anaconda.org/bioconda/linux-64
                          https://conda.anaconda.org/bioconda/noarch
                          https://repo.anaconda.com/pkgs/main/linux-64
                          https://repo.anaconda.com/pkgs/main/noarch
                          https://repo.anaconda.com/pkgs/r/linux-64
                          https://repo.anaconda.com/pkgs/r/noarch
          package cache : /apps/conda/4.9.2/pkgs
                          /home/rp3448/.conda/pkgs
       envs directories : /home/rp3448/.conda/envs
                          /apps/conda/4.9.2/envs
               platform : linux-64
             user-agent : conda/4.9.2 requests/2.25.1 CPython/3.9.1 Linux/3.10.0-1062.18.1.el7.x86_64 rhel/7.7 glibc/2.17
                UID:GID : 6472:3511
             netrc file : None
           offline mode : False

My SLURM_ARRAY_TASK_ID:  9
My TMPDIR IS:  /scratch/local/63833429
Input Genome:>>>>>>>>>>>>>>>>>>>>>>>>>>>>>>>>>>>>>>>>>>>  Aspergillus_fumigatus.gbk
Input PAM:>>>>>>>>>>>>>>>>>>>>>>>>>>>>>>>>>>>>>>>>>>>  NNAGAAW
Threads used:>>>>>>>>>>>>>>>>>>>>>>>>>>>>>>>>>>>>>>>>>>>  1
GuideMaker
Your CPU supports instructions that this binary was not compiled to use: SSE4.1 SSE4.2 AVX AVX2
For maximum performance, you can install NMSLIB from sources 
pip install --no-binary :all: nmslib
2021-02-04 21:24:10,075: INFO     Temp directory is: /scratch/local/63833429/guidemaker_s7o7fe46
2021-02-04 21:24:10,076: INFO     Writing fasta file from genbank file(s)
2021-02-04 21:24:10,078: INFO     check if ../all_test_data/Aspergillus_fumigatus.gbk is gzipped
2021-02-04 21:24:13,387: INFO     Identifying PAM sites in the genome
2021-02-04 21:24:27,886: INFO     Checking guides for restriction enzymes
2021-02-04 21:24:27,929: INFO     Number of guides removed after checking for restriction enzymes: 0
2021-02-04 21:24:27,929: INFO     Identifing guides that are unique near the PAM site
2021-02-04 21:24:28,164: INFO     Number of guides removed after checking for unique PAM: 16937
2021-02-04 21:24:28,164: INFO     Indexing all potential guide sites: 160756. This is the longest step.
2021-02-04 21:24:28,836: INFO     M                   = 16
2021-02-04 21:24:28,836: INFO     indexThreadQty      = 1
2021-02-04 21:24:28,836: INFO     efConstruction      = 10
2021-02-04 21:24:28,836: INFO     maxM			          = 16
2021-02-04 21:24:28,836: INFO     maxM0			          = 32
2021-02-04 21:24:28,836: INFO     mult                = 0.360674
2021-02-04 21:24:28,837: INFO     skip_optimized_index= 0
2021-02-04 21:24:28,837: INFO     delaunay_type       = 2
2021-02-04 21:24:28,837: INFO     Set HNSW query-time parameters:
2021-02-04 21:24:28,837: INFO     ef(Search)         =20
2021-02-04 21:24:28,837: INFO     algoType           =2

0%   10   20   30   40   50   60   70   80   90   100%
|----|----|----|----|----|----|----|----|----|----|
***************************************************

0%   10   20   30   40   50   60   70   80   90   100%
|----|----|----|----|----|----|----|----|----|----|
***************************************************
*2021-02-04 21:24:40,523: INFO     No appropriate custom distance function for Hamming (bit-storage) space
2021-02-04 21:24:40,523: INFO     searchMethod			  = 0
2021-02-04 21:24:40,537: INFO     Identifying guides that have a hamming distance <= 3 to all other potential guides
2021-02-04 21:24:40,725: INFO     Set HNSW query-time parameters:
2021-02-04 21:24:40,726: INFO     ef(Search)         =9
2021-02-04 21:24:40,726: INFO     algoType           =2
2021-02-04 21:24:51,867: INFO     Formatting data for BedTools
2021-02-04 21:24:52,120: INFO     Create GuideMaker Annotation object
2021-02-04 21:24:52,121: INFO     Identify genomic features
2021-02-04 21:24:52,121: INFO     check if ../all_test_data/Aspergillus_fumigatus.gbk is gzipped
2021-02-04 21:24:55,900: INFO     Total number of CDS/locus in the input genome: 9630
2021-02-04 21:24:55,901: INFO     Find genomic features closest the guides
2021-02-04 21:24:57,918: INFO     Select guides that start between +500 and -500 of a feature start
2021-02-04 21:24:58,107: INFO     Select description columns
2021-02-04 21:24:58,218: INFO     Format the output
2021-02-04 21:24:58,776: INFO     Number of Guides within a gene coordinates i.e. zero Feature distance: 20835
2021-02-04 21:24:59,275: INFO     creating random control guides
2021-02-04 21:24:59,636: INFO     Number of random control searched: 100
2021-02-04 21:24:59,636: INFO     Percentage of GC content in the input genome: 48.82
2021-02-04 21:24:59,636: INFO     Total length of the genome: 28.0 MB
2021-02-04 21:24:59,636: INFO     created 10 control guides with a minimum distance of 8 and a median distance of 8
2021-02-04 21:24:59,640: INFO     guidemaker completed, results are at TEST
2021-02-04 21:24:59,640: INFO     PAM sequence: NNAGAAW
2021-02-04 21:24:59,640: INFO     PAM orientation: 3prime
2021-02-04 21:24:59,640: INFO     Genome strand(s) searched: both
2021-02-04 21:24:59,640: INFO     Total PAM sites considered: 160756
2021-02-04 21:24:59,640: INFO     Guide RNA candidates found: 49327
	Command being timed: "guidemaker -i ../all_test_data/Aspergillus_fumigatus.gbk --pamseq NNAGAAW --outdir TEST --pam_orientation 3prime --guidelength 20 --strand both --lcp 11 --dist 3 --before 500 --into 500 --knum 10 --controls 10 --log GM_63833429_9.log --threads 1"
	User time (seconds): 51.34
	System time (seconds): 2.87
	Percent of CPU this job got: 102%
	Elapsed (wall clock) time (h:mm:ss or m:ss): 0:52.66
	Average shared text size (kbytes): 0
	Average unshared data size (kbytes): 0
	Average stack size (kbytes): 0
	Average total size (kbytes): 0
	Maximum resident set size (kbytes): 662232
	Average resident set size (kbytes): 0
	Major (requiring I/O) page faults: 122
	Minor (reclaiming a frame) page faults: 716282
	Voluntary context switches: 4656
	Involuntary context switches: 146440
	Swaps: 0
	File system inputs: 416192
	File system outputs: 202840
	Socket messages sent: 0
	Socket messages received: 0
	Signals delivered: 0
	Page size (bytes): 4096
	Exit status: 0
My SLURM_ARRAY_TASK_ID:  9
My TMPDIR IS:  /scratch/local/63833429
Input Genome:>>>>>>>>>>>>>>>>>>>>>>>>>>>>>>>>>>>>>>>>>>>  Aspergillus_fumigatus.gbk
Input PAM:>>>>>>>>>>>>>>>>>>>>>>>>>>>>>>>>>>>>>>>>>>>  NNAGAAW
Threads used:>>>>>>>>>>>>>>>>>>>>>>>>>>>>>>>>>>>>>>>>>>>  2
GuideMaker
Your CPU supports instructions that this binary was not compiled to use: SSE4.1 SSE4.2 AVX AVX2
For maximum performance, you can install NMSLIB from sources 
pip install --no-binary :all: nmslib
2021-02-04 21:25:01,300: INFO     Temp directory is: /scratch/local/63833429/guidemaker_d2vdfbxx
2021-02-04 21:25:01,300: INFO     Writing fasta file from genbank file(s)
2021-02-04 21:25:01,300: INFO     check if ../all_test_data/Aspergillus_fumigatus.gbk is gzipped
2021-02-04 21:25:04,361: INFO     Identifying PAM sites in the genome
2021-02-04 21:25:18,609: INFO     Checking guides for restriction enzymes
2021-02-04 21:25:18,651: INFO     Number of guides removed after checking for restriction enzymes: 0
2021-02-04 21:25:18,651: INFO     Identifing guides that are unique near the PAM site
2021-02-04 21:25:18,880: INFO     Number of guides removed after checking for unique PAM: 16937
2021-02-04 21:25:18,880: INFO     Indexing all potential guide sites: 160756. This is the longest step.
2021-02-04 21:25:19,571: INFO     M                   = 16
2021-02-04 21:25:19,571: INFO     indexThreadQty      = 2
2021-02-04 21:25:19,571: INFO     efConstruction      = 10
2021-02-04 21:25:19,571: INFO     maxM			          = 16
2021-02-04 21:25:19,571: INFO     maxM0			          = 32
2021-02-04 21:25:19,571: INFO     mult                = 0.360674
2021-02-04 21:25:19,571: INFO     skip_optimized_index= 0
2021-02-04 21:25:19,571: INFO     delaunay_type       = 2
2021-02-04 21:25:19,571: INFO     Set HNSW query-time parameters:
2021-02-04 21:25:19,571: INFO     ef(Search)         =20
2021-02-04 21:25:19,571: INFO     algoType           =2

0%   10   20   30   40   50   60   70   80   90   100%
|----|----|----|----|----|----|----|----|----|----|
***************************************************

0%   10   20   30   40   50   60   70   80   90   100%
|----|----|----|----|----|----|----|----|----|----|
****************************************************2021-02-04 21:25:26,749: INFO     No appropriate custom distance function for Hamming (bit-storage) space
2021-02-04 21:25:26,750: INFO     searchMethod			  = 0
2021-02-04 21:25:26,765: INFO     Identifying guides that have a hamming distance <= 3 to all other potential guides
2021-02-04 21:25:26,988: INFO     Set HNSW query-time parameters:
2021-02-04 21:25:26,988: INFO     ef(Search)         =9
2021-02-04 21:25:26,988: INFO     algoType           =2
2021-02-04 21:25:35,795: INFO     Formatting data for BedTools
2021-02-04 21:25:36,044: INFO     Create GuideMaker Annotation object
2021-02-04 21:25:36,044: INFO     Identify genomic features
2021-02-04 21:25:36,044: INFO     check if ../all_test_data/Aspergillus_fumigatus.gbk is gzipped
2021-02-04 21:25:39,773: INFO     Total number of CDS/locus in the input genome: 9630
2021-02-04 21:25:39,773: INFO     Find genomic features closest the guides
2021-02-04 21:25:41,793: INFO     Select guides that start between +500 and -500 of a feature start
2021-02-04 21:25:41,976: INFO     Select description columns
2021-02-04 21:25:42,075: INFO     Format the output
2021-02-04 21:25:42,597: INFO     Number of Guides within a gene coordinates i.e. zero Feature distance: 20833
2021-02-04 21:25:43,078: INFO     creating random control guides
2021-02-04 21:25:43,440: INFO     Number of random control searched: 100
2021-02-04 21:25:43,440: INFO     Percentage of GC content in the input genome: 48.82
2021-02-04 21:25:43,440: INFO     Total length of the genome: 28.0 MB
2021-02-04 21:25:43,440: INFO     created 10 control guides with a minimum distance of 8 and a median distance of 8
2021-02-04 21:25:43,442: INFO     guidemaker completed, results are at TEST
2021-02-04 21:25:43,443: INFO     PAM sequence: NNAGAAW
2021-02-04 21:25:43,443: INFO     PAM orientation: 3prime
2021-02-04 21:25:43,443: INFO     Genome strand(s) searched: both
2021-02-04 21:25:43,443: INFO     Total PAM sites considered: 160756
2021-02-04 21:25:43,443: INFO     Guide RNA candidates found: 49325
	Command being timed: "guidemaker -i ../all_test_data/Aspergillus_fumigatus.gbk --pamseq NNAGAAW --outdir TEST --pam_orientation 3prime --guidelength 20 --strand both --lcp 11 --dist 3 --before 500 --into 500 --knum 10 --controls 10 --log GM_63833429_9.log --threads 2"
	User time (seconds): 53.10
	System time (seconds): 3.13
	Percent of CPU this job got: 128%
	Elapsed (wall clock) time (h:mm:ss or m:ss): 0:43.80
	Average shared text size (kbytes): 0
	Average unshared data size (kbytes): 0
	Average stack size (kbytes): 0
	Average total size (kbytes): 0
	Maximum resident set size (kbytes): 716444
	Average resident set size (kbytes): 0
	Major (requiring I/O) page faults: 0
	Minor (reclaiming a frame) page faults: 861216
	Voluntary context switches: 15414
	Involuntary context switches: 144366
	Swaps: 0
	File system inputs: 8
	File system outputs: 202784
	Socket messages sent: 0
	Socket messages received: 0
	Signals delivered: 0
	Page size (bytes): 4096
	Exit status: 0
My SLURM_ARRAY_TASK_ID:  9
My TMPDIR IS:  /scratch/local/63833429
Input Genome:>>>>>>>>>>>>>>>>>>>>>>>>>>>>>>>>>>>>>>>>>>>  Aspergillus_fumigatus.gbk
Input PAM:>>>>>>>>>>>>>>>>>>>>>>>>>>>>>>>>>>>>>>>>>>>  NNAGAAW
Threads used:>>>>>>>>>>>>>>>>>>>>>>>>>>>>>>>>>>>>>>>>>>>  4
GuideMaker
Your CPU supports instructions that this binary was not compiled to use: SSE4.1 SSE4.2 AVX AVX2
For maximum performance, you can install NMSLIB from sources 
pip install --no-binary :all: nmslib
2021-02-04 21:25:45,114: INFO     Temp directory is: /scratch/local/63833429/guidemaker_5qx6rs9o
2021-02-04 21:25:45,114: INFO     Writing fasta file from genbank file(s)
2021-02-04 21:25:45,114: INFO     check if ../all_test_data/Aspergillus_fumigatus.gbk is gzipped
2021-02-04 21:25:48,230: INFO     Identifying PAM sites in the genome
2021-02-04 21:26:02,480: INFO     Checking guides for restriction enzymes
2021-02-04 21:26:02,523: INFO     Number of guides removed after checking for restriction enzymes: 0
2021-02-04 21:26:02,523: INFO     Identifing guides that are unique near the PAM site
2021-02-04 21:26:02,755: INFO     Number of guides removed after checking for unique PAM: 16937
2021-02-04 21:26:02,755: INFO     Indexing all potential guide sites: 160756. This is the longest step.
2021-02-04 21:26:03,458: INFO     M                   = 16
2021-02-04 21:26:03,458: INFO     indexThreadQty      = 4
2021-02-04 21:26:03,458: INFO     efConstruction      = 10
2021-02-04 21:26:03,458: INFO     maxM			          = 16
2021-02-04 21:26:03,458: INFO     maxM0			          = 32
2021-02-04 21:26:03,458: INFO     mult                = 0.360674
2021-02-04 21:26:03,458: INFO     skip_optimized_index= 0
2021-02-04 21:26:03,458: INFO     delaunay_type       = 2
2021-02-04 21:26:03,459: INFO     Set HNSW query-time parameters:
2021-02-04 21:26:03,459: INFO     ef(Search)         =20
2021-02-04 21:26:03,459: INFO     algoType           =2

0%   10   20   30   40   50   60   70   80   90   100%
|----|----|----|----|----|----|----|----|----|----|
***************************************************

0%   10   20   30   40   50   60   70   80   90   100%
|----|----|----|----|----|----|----|----|----|----|
****************************************************2021-02-04 21:26:07,293: INFO     No appropriate custom distance function for Hamming (bit-storage) space
2021-02-04 21:26:07,294: INFO     searchMethod			  = 0
2021-02-04 21:26:07,308: INFO     Identifying guides that have a hamming distance <= 3 to all other potential guides
2021-02-04 21:26:07,527: INFO     Set HNSW query-time parameters:
2021-02-04 21:26:07,527: INFO     ef(Search)         =9
2021-02-04 21:26:07,527: INFO     algoType           =2
2021-02-04 21:26:14,888: INFO     Formatting data for BedTools
2021-02-04 21:26:15,141: INFO     Create GuideMaker Annotation object
2021-02-04 21:26:15,141: INFO     Identify genomic features
2021-02-04 21:26:15,141: INFO     check if ../all_test_data/Aspergillus_fumigatus.gbk is gzipped
2021-02-04 21:26:18,945: INFO     Total number of CDS/locus in the input genome: 9630
2021-02-04 21:26:18,946: INFO     Find genomic features closest the guides
2021-02-04 21:26:20,972: INFO     Select guides that start between +500 and -500 of a feature start
2021-02-04 21:26:21,136: INFO     Select description columns
2021-02-04 21:26:21,235: INFO     Format the output
2021-02-04 21:26:21,754: INFO     Number of Guides within a gene coordinates i.e. zero Feature distance: 20842
2021-02-04 21:26:22,235: INFO     creating random control guides
2021-02-04 21:26:22,592: INFO     Number of random control searched: 100
2021-02-04 21:26:22,592: INFO     Percentage of GC content in the input genome: 48.82
2021-02-04 21:26:22,592: INFO     Total length of the genome: 28.0 MB
2021-02-04 21:26:22,592: INFO     created 10 control guides with a minimum distance of 8 and a median distance of 8
2021-02-04 21:26:22,595: INFO     guidemaker completed, results are at TEST
2021-02-04 21:26:22,595: INFO     PAM sequence: NNAGAAW
2021-02-04 21:26:22,595: INFO     PAM orientation: 3prime
2021-02-04 21:26:22,595: INFO     Genome strand(s) searched: both
2021-02-04 21:26:22,595: INFO     Total PAM sites considered: 160756
2021-02-04 21:26:22,595: INFO     Guide RNA candidates found: 49326
	Command being timed: "guidemaker -i ../all_test_data/Aspergillus_fumigatus.gbk --pamseq NNAGAAW --outdir TEST --pam_orientation 3prime --guidelength 20 --strand both --lcp 11 --dist 3 --before 500 --into 500 --knum 10 --controls 10 --log GM_63833429_9.log --threads 4"
	User time (seconds): 53.91
	System time (seconds): 3.13
	Percent of CPU this job got: 145%
	Elapsed (wall clock) time (h:mm:ss or m:ss): 0:39.14
	Average shared text size (kbytes): 0
	Average unshared data size (kbytes): 0
	Average stack size (kbytes): 0
	Average total size (kbytes): 0
	Maximum resident set size (kbytes): 716944
	Average resident set size (kbytes): 0
	Major (requiring I/O) page faults: 0
	Minor (reclaiming a frame) page faults: 774042
	Voluntary context switches: 27305
	Involuntary context switches: 67528
	Swaps: 0
	File system inputs: 0
	File system outputs: 202832
	Socket messages sent: 0
	Socket messages received: 0
	Signals delivered: 0
	Page size (bytes): 4096
	Exit status: 0
My SLURM_ARRAY_TASK_ID:  9
My TMPDIR IS:  /scratch/local/63833429
Input Genome:>>>>>>>>>>>>>>>>>>>>>>>>>>>>>>>>>>>>>>>>>>>  Aspergillus_fumigatus.gbk
Input PAM:>>>>>>>>>>>>>>>>>>>>>>>>>>>>>>>>>>>>>>>>>>>  NNAGAAW
Threads used:>>>>>>>>>>>>>>>>>>>>>>>>>>>>>>>>>>>>>>>>>>>  8
GuideMaker
Your CPU supports instructions that this binary was not compiled to use: SSE4.1 SSE4.2 AVX AVX2
For maximum performance, you can install NMSLIB from sources 
pip install --no-binary :all: nmslib
2021-02-04 21:26:24,283: INFO     Temp directory is: /scratch/local/63833429/guidemaker__jj1fwp8
2021-02-04 21:26:24,284: INFO     Writing fasta file from genbank file(s)
2021-02-04 21:26:24,284: INFO     check if ../all_test_data/Aspergillus_fumigatus.gbk is gzipped
2021-02-04 21:26:27,354: INFO     Identifying PAM sites in the genome
2021-02-04 21:26:41,588: INFO     Checking guides for restriction enzymes
2021-02-04 21:26:41,631: INFO     Number of guides removed after checking for restriction enzymes: 0
2021-02-04 21:26:41,632: INFO     Identifing guides that are unique near the PAM site
2021-02-04 21:26:41,868: INFO     Number of guides removed after checking for unique PAM: 16937
2021-02-04 21:26:41,868: INFO     Indexing all potential guide sites: 160756. This is the longest step.
2021-02-04 21:26:42,550: INFO     M                   = 16
2021-02-04 21:26:42,551: INFO     indexThreadQty      = 8
2021-02-04 21:26:42,551: INFO     efConstruction      = 10
2021-02-04 21:26:42,551: INFO     maxM			          = 16
2021-02-04 21:26:42,551: INFO     maxM0			          = 32
2021-02-04 21:26:42,551: INFO     mult                = 0.360674
2021-02-04 21:26:42,551: INFO     skip_optimized_index= 0
2021-02-04 21:26:42,551: INFO     delaunay_type       = 2
2021-02-04 21:26:42,551: INFO     Set HNSW query-time parameters:
2021-02-04 21:26:42,551: INFO     ef(Search)         =20
2021-02-04 21:26:42,551: INFO     algoType           =2

0%   10   20   30   40   50   60   70   80   90   100%
|----|----|----|----|----|----|----|----|----|----|
***************************************************

0%   10   20   30   40   50   60   70   80   90   100%
|----|----|----|----|----|----|----|----|----|----|
*******************************************************2021-02-04 21:26:44,638: INFO     No appropriate custom distance function for Hamming (bit-storage) space
2021-02-04 21:26:44,638: INFO     searchMethod			  = 0
2021-02-04 21:26:44,646: INFO     Identifying guides that have a hamming distance <= 3 to all other potential guides
2021-02-04 21:26:44,872: INFO     Set HNSW query-time parameters:
2021-02-04 21:26:44,872: INFO     ef(Search)         =9
2021-02-04 21:26:44,872: INFO     algoType           =2
2021-02-04 21:26:51,838: INFO     Formatting data for BedTools
2021-02-04 21:26:52,086: INFO     Create GuideMaker Annotation object
2021-02-04 21:26:52,086: INFO     Identify genomic features
2021-02-04 21:26:52,087: INFO     check if ../all_test_data/Aspergillus_fumigatus.gbk is gzipped
2021-02-04 21:26:55,880: INFO     Total number of CDS/locus in the input genome: 9630
2021-02-04 21:26:55,880: INFO     Find genomic features closest the guides
2021-02-04 21:26:57,907: INFO     Select guides that start between +500 and -500 of a feature start
2021-02-04 21:26:58,071: INFO     Select description columns
2021-02-04 21:26:58,172: INFO     Format the output
2021-02-04 21:26:58,702: INFO     Number of Guides within a gene coordinates i.e. zero Feature distance: 20835
2021-02-04 21:26:59,182: INFO     creating random control guides
2021-02-04 21:26:59,544: INFO     Number of random control searched: 100
2021-02-04 21:26:59,544: INFO     Percentage of GC content in the input genome: 48.82
2021-02-04 21:26:59,544: INFO     Total length of the genome: 28.0 MB
2021-02-04 21:26:59,544: INFO     created 10 control guides with a minimum distance of 8 and a median distance of 8
2021-02-04 21:26:59,547: INFO     guidemaker completed, results are at TEST
2021-02-04 21:26:59,547: INFO     PAM sequence: NNAGAAW
2021-02-04 21:26:59,547: INFO     PAM orientation: 3prime
2021-02-04 21:26:59,547: INFO     Genome strand(s) searched: both
2021-02-04 21:26:59,547: INFO     Total PAM sites considered: 160756
2021-02-04 21:26:59,547: INFO     Guide RNA candidates found: 49323
	Command being timed: "guidemaker -i ../all_test_data/Aspergillus_fumigatus.gbk --pamseq NNAGAAW --outdir TEST --pam_orientation 3prime --guidelength 20 --strand both --lcp 11 --dist 3 --before 500 --into 500 --knum 10 --controls 10 --log GM_63833429_9.log --threads 8"
	User time (seconds): 55.55
	System time (seconds): 3.17
	Percent of CPU this job got: 158%
	Elapsed (wall clock) time (h:mm:ss or m:ss): 0:36.94
	Average shared text size (kbytes): 0
	Average unshared data size (kbytes): 0
	Average stack size (kbytes): 0
	Average total size (kbytes): 0
	Maximum resident set size (kbytes): 719408
	Average resident set size (kbytes): 0
	Major (requiring I/O) page faults: 0
	Minor (reclaiming a frame) page faults: 683466
	Voluntary context switches: 54997
	Involuntary context switches: 76621
	Swaps: 0
	File system inputs: 0
	File system outputs: 202760
	Socket messages sent: 0
	Socket messages received: 0
	Signals delivered: 0
	Page size (bytes): 4096
	Exit status: 0
My SLURM_ARRAY_TASK_ID:  9
My TMPDIR IS:  /scratch/local/63833429
Input Genome:>>>>>>>>>>>>>>>>>>>>>>>>>>>>>>>>>>>>>>>>>>>  Aspergillus_fumigatus.gbk
Input PAM:>>>>>>>>>>>>>>>>>>>>>>>>>>>>>>>>>>>>>>>>>>>  NNAGAAW
Threads used:>>>>>>>>>>>>>>>>>>>>>>>>>>>>>>>>>>>>>>>>>>>  16
GuideMaker
Your CPU supports instructions that this binary was not compiled to use: SSE4.1 SSE4.2 AVX AVX2
For maximum performance, you can install NMSLIB from sources 
pip install --no-binary :all: nmslib
2021-02-04 21:27:01,069: INFO     Temp directory is: /scratch/local/63833429/guidemaker_0yyo_59p
2021-02-04 21:27:01,069: INFO     Writing fasta file from genbank file(s)
2021-02-04 21:27:01,069: INFO     check if ../all_test_data/Aspergillus_fumigatus.gbk is gzipped
2021-02-04 21:27:04,160: INFO     Identifying PAM sites in the genome
2021-02-04 21:27:18,464: INFO     Checking guides for restriction enzymes
2021-02-04 21:27:18,506: INFO     Number of guides removed after checking for restriction enzymes: 0
2021-02-04 21:27:18,506: INFO     Identifing guides that are unique near the PAM site
2021-02-04 21:27:18,741: INFO     Number of guides removed after checking for unique PAM: 16937
2021-02-04 21:27:18,741: INFO     Indexing all potential guide sites: 160756. This is the longest step.
2021-02-04 21:27:19,432: INFO     M                   = 16
2021-02-04 21:27:19,432: INFO     indexThreadQty      = 16
2021-02-04 21:27:19,432: INFO     efConstruction      = 10
2021-02-04 21:27:19,432: INFO     maxM			          = 16
2021-02-04 21:27:19,432: INFO     maxM0			          = 32
2021-02-04 21:27:19,432: INFO     mult                = 0.360674
2021-02-04 21:27:19,432: INFO     skip_optimized_index= 0
2021-02-04 21:27:19,432: INFO     delaunay_type       = 2
2021-02-04 21:27:19,433: INFO     Set HNSW query-time parameters:
2021-02-04 21:27:19,433: INFO     ef(Search)         =20
2021-02-04 21:27:19,433: INFO     algoType           =2

0%   10   20   30   40   50   60   70   80   90   100%
|----|----|----|----|----|----|----|----|----|----|
***************************************************

0%   10   20   30   40   50   60   70   80   90   100%
|----|----|----|----|----|----|----|----|----|----|
*******************************************************2021-02-04 21:27:20,630: INFO     No appropriate custom distance function for Hamming (bit-storage) space
2021-02-04 21:27:20,630: INFO     searchMethod			  = 0
2021-02-04 21:27:20,638: INFO     Identifying guides that have a hamming distance <= 3 to all other potential guides
2021-02-04 21:27:20,851: INFO     Set HNSW query-time parameters:
2021-02-04 21:27:20,851: INFO     ef(Search)         =9
2021-02-04 21:27:20,851: INFO     algoType           =2
2021-02-04 21:27:27,427: INFO     Formatting data for BedTools
2021-02-04 21:27:27,677: INFO     Create GuideMaker Annotation object
2021-02-04 21:27:27,677: INFO     Identify genomic features
2021-02-04 21:27:27,678: INFO     check if ../all_test_data/Aspergillus_fumigatus.gbk is gzipped
2021-02-04 21:27:31,578: INFO     Total number of CDS/locus in the input genome: 9630
2021-02-04 21:27:31,578: INFO     Find genomic features closest the guides
2021-02-04 21:27:33,580: INFO     Select guides that start between +500 and -500 of a feature start
2021-02-04 21:27:33,744: INFO     Select description columns
2021-02-04 21:27:33,844: INFO     Format the output
2021-02-04 21:27:34,368: INFO     Number of Guides within a gene coordinates i.e. zero Feature distance: 20832
2021-02-04 21:27:34,934: INFO     creating random control guides
2021-02-04 21:27:35,292: INFO     Number of random control searched: 100
2021-02-04 21:27:35,292: INFO     Percentage of GC content in the input genome: 48.82
2021-02-04 21:27:35,292: INFO     Total length of the genome: 28.0 MB
2021-02-04 21:27:35,292: INFO     created 10 control guides with a minimum distance of 8 and a median distance of 8
2021-02-04 21:27:35,295: INFO     guidemaker completed, results are at TEST
2021-02-04 21:27:35,295: INFO     PAM sequence: NNAGAAW
2021-02-04 21:27:35,295: INFO     PAM orientation: 3prime
2021-02-04 21:27:35,296: INFO     Genome strand(s) searched: both
2021-02-04 21:27:35,296: INFO     Total PAM sites considered: 160756
2021-02-04 21:27:35,296: INFO     Guide RNA candidates found: 49309
	Command being timed: "guidemaker -i ../all_test_data/Aspergillus_fumigatus.gbk --pamseq NNAGAAW --outdir TEST --pam_orientation 3prime --guidelength 20 --strand both --lcp 11 --dist 3 --before 500 --into 500 --knum 10 --controls 10 --log GM_63833429_9.log --threads 16"
	User time (seconds): 56.87
	System time (seconds): 3.56
	Percent of CPU this job got: 169%
	Elapsed (wall clock) time (h:mm:ss or m:ss): 0:35.75
	Average shared text size (kbytes): 0
	Average unshared data size (kbytes): 0
	Average stack size (kbytes): 0
	Average total size (kbytes): 0
	Maximum resident set size (kbytes): 720964
	Average resident set size (kbytes): 0
	Major (requiring I/O) page faults: 0
	Minor (reclaiming a frame) page faults: 679779
	Voluntary context switches: 106752
	Involuntary context switches: 574261
	Swaps: 0
	File system inputs: 0
	File system outputs: 202752
	Socket messages sent: 0
	Socket messages received: 0
	Signals delivered: 0
	Page size (bytes): 4096
	Exit status: 0
My SLURM_ARRAY_TASK_ID:  9
My TMPDIR IS:  /scratch/local/63833429
Input Genome:>>>>>>>>>>>>>>>>>>>>>>>>>>>>>>>>>>>>>>>>>>>  Aspergillus_fumigatus.gbk
Input PAM:>>>>>>>>>>>>>>>>>>>>>>>>>>>>>>>>>>>>>>>>>>>  NNAGAAW
Threads used:>>>>>>>>>>>>>>>>>>>>>>>>>>>>>>>>>>>>>>>>>>>  32
GuideMaker
Your CPU supports instructions that this binary was not compiled to use: SSE4.1 SSE4.2 AVX AVX2
For maximum performance, you can install NMSLIB from sources 
pip install --no-binary :all: nmslib
2021-02-04 21:27:36,860: INFO     Temp directory is: /scratch/local/63833429/guidemaker_at1yi789
2021-02-04 21:27:36,860: INFO     Writing fasta file from genbank file(s)
2021-02-04 21:27:36,860: INFO     check if ../all_test_data/Aspergillus_fumigatus.gbk is gzipped
2021-02-04 21:27:39,926: INFO     Identifying PAM sites in the genome
2021-02-04 21:27:54,186: INFO     Checking guides for restriction enzymes
2021-02-04 21:27:54,231: INFO     Number of guides removed after checking for restriction enzymes: 0
2021-02-04 21:27:54,231: INFO     Identifing guides that are unique near the PAM site
2021-02-04 21:27:54,470: INFO     Number of guides removed after checking for unique PAM: 16937
2021-02-04 21:27:54,471: INFO     Indexing all potential guide sites: 160756. This is the longest step.
2021-02-04 21:27:55,197: INFO     M                   = 16
2021-02-04 21:27:55,197: INFO     indexThreadQty      = 32
2021-02-04 21:27:55,197: INFO     efConstruction      = 10
2021-02-04 21:27:55,197: INFO     maxM			          = 16
2021-02-04 21:27:55,197: INFO     maxM0			          = 32
2021-02-04 21:27:55,197: INFO     mult                = 0.360674
2021-02-04 21:27:55,197: INFO     skip_optimized_index= 0
2021-02-04 21:27:55,197: INFO     delaunay_type       = 2
2021-02-04 21:27:55,198: INFO     Set HNSW query-time parameters:
2021-02-04 21:27:55,198: INFO     ef(Search)         =20
2021-02-04 21:27:55,198: INFO     algoType           =2

0%   10   20   30   40   50   60   70   80   90   100%
|----|----|----|----|----|----|----|----|----|----|
***************************************************

0%   10   20   30   40   50   60   70   80   90   100%
|----|----|----|----|----|----|----|----|----|----|
*******************************************************2021-02-04 21:27:55,974: INFO     No appropriate custom distance function for Hamming (bit-storage) space
2021-02-04 21:27:55,974: INFO     searchMethod			  = 0
2021-02-04 21:27:55,984: INFO     Identifying guides that have a hamming distance <= 3 to all other potential guides
2021-02-04 21:27:56,179: INFO     Set HNSW query-time parameters:
2021-02-04 21:27:56,179: INFO     ef(Search)         =9
2021-02-04 21:27:56,180: INFO     algoType           =2
2021-02-04 21:28:03,051: INFO     Formatting data for BedTools
2021-02-04 21:28:03,335: INFO     Create GuideMaker Annotation object
2021-02-04 21:28:03,336: INFO     Identify genomic features
2021-02-04 21:28:03,336: INFO     check if ../all_test_data/Aspergillus_fumigatus.gbk is gzipped
2021-02-04 21:28:07,280: INFO     Total number of CDS/locus in the input genome: 9630
2021-02-04 21:28:07,280: INFO     Find genomic features closest the guides
2021-02-04 21:28:09,293: INFO     Select guides that start between +500 and -500 of a feature start
2021-02-04 21:28:09,478: INFO     Select description columns
2021-02-04 21:28:09,578: INFO     Format the output
2021-02-04 21:28:10,126: INFO     Number of Guides within a gene coordinates i.e. zero Feature distance: 20833
2021-02-04 21:28:10,683: INFO     creating random control guides
2021-02-04 21:28:11,045: INFO     Number of random control searched: 100
2021-02-04 21:28:11,045: INFO     Percentage of GC content in the input genome: 48.82
2021-02-04 21:28:11,045: INFO     Total length of the genome: 28.0 MB
2021-02-04 21:28:11,045: INFO     created 10 control guides with a minimum distance of 8 and a median distance of 8
2021-02-04 21:28:11,048: INFO     guidemaker completed, results are at TEST
2021-02-04 21:28:11,048: INFO     PAM sequence: NNAGAAW
2021-02-04 21:28:11,048: INFO     PAM orientation: 3prime
2021-02-04 21:28:11,049: INFO     Genome strand(s) searched: both
2021-02-04 21:28:11,049: INFO     Total PAM sites considered: 160756
2021-02-04 21:28:11,049: INFO     Guide RNA candidates found: 49323
	Command being timed: "guidemaker -i ../all_test_data/Aspergillus_fumigatus.gbk --pamseq NNAGAAW --outdir TEST --pam_orientation 3prime --guidelength 20 --strand both --lcp 11 --dist 3 --before 500 --into 500 --knum 10 --controls 10 --log GM_63833429_9.log --threads 32"
	User time (seconds): 59.21
	System time (seconds): 5.00
	Percent of CPU this job got: 179%
	Elapsed (wall clock) time (h:mm:ss or m:ss): 0:35.78
	Average shared text size (kbytes): 0
	Average unshared data size (kbytes): 0
	Average stack size (kbytes): 0
	Average total size (kbytes): 0
	Maximum resident set size (kbytes): 730216
	Average resident set size (kbytes): 0
	Major (requiring I/O) page faults: 0
	Minor (reclaiming a frame) page faults: 687142
	Voluntary context switches: 271907
	Involuntary context switches: 293460
	Swaps: 0
	File system inputs: 0
	File system outputs: 202808
	Socket messages sent: 0
	Socket messages received: 0
	Signals delivered: 0
	Page size (bytes): 4096
	Exit status: 0
