Thu Feb  4 20:29:25 EST 2021
c26b-s36.ufhpc
/blue/garrett/rp3448/analysis/guidemaker/nonAVXGuidemaker

     active environment : NONAVX2
    active env location : /home/rp3448/.conda/envs/NONAVX2
            shell level : 3
       user config file : /home/rp3448/.condarc
 populated config files : /home/rp3448/.condarc
          conda version : 4.9.2
    conda-build version : not installed
         python version : 3.9.1.final.0
       virtual packages : __glibc=2.17=0
                          __unix=0=0
                          __archspec=1=x86_64
       base environment : /apps/conda/4.9.2  (read only)
           channel URLs : https://conda.anaconda.org/biobakery/linux-64
                          https://conda.anaconda.org/biobakery/noarch
                          https://conda.anaconda.org/conda-forge/linux-64
                          https://conda.anaconda.org/conda-forge/noarch
                          https://conda.anaconda.org/bioconda/linux-64
                          https://conda.anaconda.org/bioconda/noarch
                          https://repo.anaconda.com/pkgs/main/linux-64
                          https://repo.anaconda.com/pkgs/main/noarch
                          https://repo.anaconda.com/pkgs/r/linux-64
                          https://repo.anaconda.com/pkgs/r/noarch
          package cache : /apps/conda/4.9.2/pkgs
                          /home/rp3448/.conda/pkgs
       envs directories : /home/rp3448/.conda/envs
                          /apps/conda/4.9.2/envs
               platform : linux-64
             user-agent : conda/4.9.2 requests/2.25.1 CPython/3.9.1 Linux/3.10.0-1062.18.1.el7.x86_64 rhel/7.7 glibc/2.17
                UID:GID : 6472:3511
             netrc file : None
           offline mode : False

My SLURM_ARRAY_TASK_ID:  3
My TMPDIR IS:  /scratch/local/63831986
Input Genome:>>>>>>>>>>>>>>>>>>>>>>>>>>>>>>>>>>>>>>>>>>>  Arabidopsis_thaliana.gbk
Input PAM:>>>>>>>>>>>>>>>>>>>>>>>>>>>>>>>>>>>>>>>>>>>  NGRRT
Threads used:>>>>>>>>>>>>>>>>>>>>>>>>>>>>>>>>>>>>>>>>>>>  1
GuideMaker
Your CPU supports instructions that this binary was not compiled to use: SSE4.1 SSE4.2 AVX AVX2
For maximum performance, you can install NMSLIB from sources 
pip install --no-binary :all: nmslib
2021-02-04 20:29:30,061: INFO     Temp directory is: /scratch/local/63831986/guidemaker_h5to5rr5
2021-02-04 20:29:30,061: INFO     Writing fasta file from genbank file(s)
2021-02-04 20:29:30,062: INFO     check if ../all_test_data/Arabidopsis_thaliana.gbk is gzipped
2021-02-04 20:29:55,828: INFO     Identifying PAM sites in the genome
2021-02-04 20:31:58,863: INFO     Checking guides for restriction enzymes
2021-02-04 20:31:59,769: INFO     Number of guides removed after checking for restriction enzymes: 0
2021-02-04 20:31:59,769: INFO     Identifing guides that are unique near the PAM site
2021-02-04 20:32:05,852: INFO     Number of guides removed after checking for unique PAM: 2398454
2021-02-04 20:32:05,853: INFO     Indexing all potential guide sites: 3282648. This is the longest step.
2021-02-04 20:32:21,643: INFO     M                   = 16
2021-02-04 20:32:21,644: INFO     indexThreadQty      = 1
2021-02-04 20:32:21,644: INFO     efConstruction      = 10
2021-02-04 20:32:21,644: INFO     maxM			          = 16
2021-02-04 20:32:21,644: INFO     maxM0			          = 32
2021-02-04 20:32:21,644: INFO     mult                = 0.360674
2021-02-04 20:32:21,644: INFO     skip_optimized_index= 0
2021-02-04 20:32:21,644: INFO     delaunay_type       = 2
2021-02-04 20:32:21,644: INFO     Set HNSW query-time parameters:
2021-02-04 20:32:21,644: INFO     ef(Search)         =20
2021-02-04 20:32:21,644: INFO     algoType           =2

0%   10   20   30   40   50   60   70   80   90   100%
|----|----|----|----|----|----|----|----|----|----|
***************************************************

0%   10   20   30   40   50   60   70   80   90   100%
|----|----|----|----|----|----|----|----|----|----|
***************************************************
*2021-02-04 20:39:47,693: INFO     No appropriate custom distance function for Hamming (bit-storage) space
2021-02-04 20:39:47,693: INFO     searchMethod			  = 0
2021-02-04 20:39:48,009: INFO     Identifying guides that have a hamming distance <= 3 to all other potential guides
2021-02-04 20:39:49,808: INFO     Set HNSW query-time parameters:
2021-02-04 20:39:49,808: INFO     ef(Search)         =9
2021-02-04 20:39:49,808: INFO     algoType           =2
2021-02-04 20:41:38,004: INFO     Formatting data for BedTools
2021-02-04 20:41:40,239: INFO     Create GuideMaker Annotation object
2021-02-04 20:41:40,239: INFO     Identify genomic features
2021-02-04 20:41:40,241: INFO     check if ../all_test_data/Arabidopsis_thaliana.gbk is gzipped
2021-02-04 20:42:13,033: INFO     Total number of CDS/locus in the input genome: 48262
2021-02-04 20:42:13,033: INFO     Find genomic features closest the guides
2021-02-04 20:42:27,046: INFO     Select guides that start between +500 and -500 of a feature start
2021-02-04 20:42:27,927: INFO     Select description columns
2021-02-04 20:42:28,397: INFO     Format the output
2021-02-04 20:42:31,471: INFO     Number of Guides within a gene coordinates i.e. zero Feature distance: 131923
2021-02-04 20:42:36,340: INFO     creating random control guides
2021-02-04 20:42:37,740: INFO     Number of random control searched: 100
2021-02-04 20:42:37,741: INFO     Percentage of GC content in the input genome: 36.00
2021-02-04 20:42:37,741: INFO     Total length of the genome: 114.1 MB
2021-02-04 20:42:37,741: INFO     created 10 control guides with a minimum distance of 7 and a median distance of 7
2021-02-04 20:42:37,744: INFO     guidemaker completed, results are at TEST
2021-02-04 20:42:37,744: INFO     PAM sequence: NGRRT
2021-02-04 20:42:37,744: INFO     PAM orientation: 3prime
2021-02-04 20:42:37,744: INFO     Genome strand(s) searched: both
2021-02-04 20:42:37,744: INFO     Total PAM sites considered: 3282648
2021-02-04 20:42:37,744: INFO     Guide RNA candidates found: 226170
	Command being timed: "guidemaker -i ../all_test_data/Arabidopsis_thaliana.gbk --pamseq NGRRT --outdir TEST --pam_orientation 3prime --guidelength 20 --strand both --lcp 11 --dist 3 --before 500 --into 500 --knum 10 --controls 10 --log GM_63831986_3.log --threads 1"
	User time (seconds): 782.44
	System time (seconds): 14.17
	Percent of CPU this job got: 100%
	Elapsed (wall clock) time (h:mm:ss or m:ss): 13:15.27
	Average shared text size (kbytes): 0
	Average unshared data size (kbytes): 0
	Average stack size (kbytes): 0
	Average total size (kbytes): 0
	Maximum resident set size (kbytes): 7220524
	Average resident set size (kbytes): 0
	Major (requiring I/O) page faults: 0
	Minor (reclaiming a frame) page faults: 11862415
	Voluntary context switches: 3272
	Involuntary context switches: 206033
	Swaps: 0
	File system inputs: 2848
	File system outputs: 1368800
	Socket messages sent: 0
	Socket messages received: 0
	Signals delivered: 0
	Page size (bytes): 4096
	Exit status: 0
My SLURM_ARRAY_TASK_ID:  3
My TMPDIR IS:  /scratch/local/63831986
Input Genome:>>>>>>>>>>>>>>>>>>>>>>>>>>>>>>>>>>>>>>>>>>>  Arabidopsis_thaliana.gbk
Input PAM:>>>>>>>>>>>>>>>>>>>>>>>>>>>>>>>>>>>>>>>>>>>  NGRRT
Threads used:>>>>>>>>>>>>>>>>>>>>>>>>>>>>>>>>>>>>>>>>>>>  2
GuideMaker
Your CPU supports instructions that this binary was not compiled to use: SSE4.1 SSE4.2 AVX AVX2
For maximum performance, you can install NMSLIB from sources 
pip install --no-binary :all: nmslib
2021-02-04 20:42:45,384: INFO     Temp directory is: /scratch/local/63831986/guidemaker_nxtd7jj1
2021-02-04 20:42:45,384: INFO     Writing fasta file from genbank file(s)
2021-02-04 20:42:45,385: INFO     check if ../all_test_data/Arabidopsis_thaliana.gbk is gzipped
2021-02-04 20:43:10,406: INFO     Identifying PAM sites in the genome
2021-02-04 20:45:10,717: INFO     Checking guides for restriction enzymes
2021-02-04 20:45:11,627: INFO     Number of guides removed after checking for restriction enzymes: 0
2021-02-04 20:45:11,627: INFO     Identifing guides that are unique near the PAM site
2021-02-04 20:45:17,673: INFO     Number of guides removed after checking for unique PAM: 2398454
2021-02-04 20:45:17,673: INFO     Indexing all potential guide sites: 3282648. This is the longest step.
2021-02-04 20:45:31,571: INFO     M                   = 16
2021-02-04 20:45:31,571: INFO     indexThreadQty      = 2
2021-02-04 20:45:31,571: INFO     efConstruction      = 10
2021-02-04 20:45:31,571: INFO     maxM			          = 16
2021-02-04 20:45:31,572: INFO     maxM0			          = 32
2021-02-04 20:45:31,572: INFO     mult                = 0.360674
2021-02-04 20:45:31,572: INFO     skip_optimized_index= 0
2021-02-04 20:45:31,572: INFO     delaunay_type       = 2
2021-02-04 20:45:31,572: INFO     Set HNSW query-time parameters:
2021-02-04 20:45:31,572: INFO     ef(Search)         =20
2021-02-04 20:45:31,572: INFO     algoType           =2

0%   10   20   30   40   50   60   70   80   90   100%
|----|----|----|----|----|----|----|----|----|----|
***************************************************

0%   10   20   30   40   50   60   70   80   90   100%
|----|----|----|----|----|----|----|----|----|----|
****************************************************2021-02-04 20:50:16,322: INFO     No appropriate custom distance function for Hamming (bit-storage) space
2021-02-04 20:50:16,323: INFO     searchMethod			  = 0
2021-02-04 20:50:16,608: INFO     Identifying guides that have a hamming distance <= 3 to all other potential guides
2021-02-04 20:50:18,164: INFO     Set HNSW query-time parameters:
2021-02-04 20:50:18,164: INFO     ef(Search)         =9
2021-02-04 20:50:18,164: INFO     algoType           =2
2021-02-04 20:51:41,799: INFO     Formatting data for BedTools
2021-02-04 20:51:43,916: INFO     Create GuideMaker Annotation object
2021-02-04 20:51:43,917: INFO     Identify genomic features
2021-02-04 20:51:43,917: INFO     check if ../all_test_data/Arabidopsis_thaliana.gbk is gzipped
2021-02-04 20:52:15,076: INFO     Total number of CDS/locus in the input genome: 48262
2021-02-04 20:52:15,077: INFO     Find genomic features closest the guides
2021-02-04 20:52:30,753: INFO     Select guides that start between +500 and -500 of a feature start
2021-02-04 20:52:31,595: INFO     Select description columns
2021-02-04 20:52:32,109: INFO     Format the output
2021-02-04 20:52:35,743: INFO     Number of Guides within a gene coordinates i.e. zero Feature distance: 132112
2021-02-04 20:52:40,413: INFO     creating random control guides
2021-02-04 20:52:42,261: INFO     Number of random control searched: 100
2021-02-04 20:52:42,262: INFO     Percentage of GC content in the input genome: 36.00
2021-02-04 20:52:42,262: INFO     Total length of the genome: 114.1 MB
2021-02-04 20:52:42,262: INFO     created 10 control guides with a minimum distance of 7 and a median distance of 7
2021-02-04 20:52:42,264: INFO     guidemaker completed, results are at TEST
2021-02-04 20:52:42,264: INFO     PAM sequence: NGRRT
2021-02-04 20:52:42,264: INFO     PAM orientation: 3prime
2021-02-04 20:52:42,264: INFO     Genome strand(s) searched: both
2021-02-04 20:52:42,265: INFO     Total PAM sites considered: 3282648
2021-02-04 20:52:42,265: INFO     Guide RNA candidates found: 226392
	Command being timed: "guidemaker -i ../all_test_data/Arabidopsis_thaliana.gbk --pamseq NGRRT --outdir TEST --pam_orientation 3prime --guidelength 20 --strand both --lcp 11 --dist 3 --before 500 --into 500 --knum 10 --controls 10 --log GM_63831986_3.log --threads 2"
	User time (seconds): 857.93
	System time (seconds): 68.19
	Percent of CPU this job got: 153%
	Elapsed (wall clock) time (h:mm:ss or m:ss): 10:05.17
	Average shared text size (kbytes): 0
	Average unshared data size (kbytes): 0
	Average stack size (kbytes): 0
	Average total size (kbytes): 0
	Maximum resident set size (kbytes): 7891620
	Average resident set size (kbytes): 0
	Major (requiring I/O) page faults: 0
	Minor (reclaiming a frame) page faults: 45812103
	Voluntary context switches: 280464
	Involuntary context switches: 1022893
	Swaps: 0
	File system inputs: 32
	File system outputs: 1370624
	Socket messages sent: 0
	Socket messages received: 0
	Signals delivered: 0
	Page size (bytes): 4096
	Exit status: 0
My SLURM_ARRAY_TASK_ID:  3
My TMPDIR IS:  /scratch/local/63831986
Input Genome:>>>>>>>>>>>>>>>>>>>>>>>>>>>>>>>>>>>>>>>>>>>  Arabidopsis_thaliana.gbk
Input PAM:>>>>>>>>>>>>>>>>>>>>>>>>>>>>>>>>>>>>>>>>>>>  NGRRT
Threads used:>>>>>>>>>>>>>>>>>>>>>>>>>>>>>>>>>>>>>>>>>>>  4
GuideMaker
Your CPU supports instructions that this binary was not compiled to use: SSE4.1 SSE4.2 AVX AVX2
For maximum performance, you can install NMSLIB from sources 
pip install --no-binary :all: nmslib
2021-02-04 20:52:50,519: INFO     Temp directory is: /scratch/local/63831986/guidemaker_bn96yhmk
2021-02-04 20:52:50,519: INFO     Writing fasta file from genbank file(s)
2021-02-04 20:52:50,520: INFO     check if ../all_test_data/Arabidopsis_thaliana.gbk is gzipped
2021-02-04 20:53:15,613: INFO     Identifying PAM sites in the genome
2021-02-04 20:55:14,813: INFO     Checking guides for restriction enzymes
2021-02-04 20:55:15,718: INFO     Number of guides removed after checking for restriction enzymes: 0
2021-02-04 20:55:15,719: INFO     Identifing guides that are unique near the PAM site
2021-02-04 20:55:21,758: INFO     Number of guides removed after checking for unique PAM: 2398454
2021-02-04 20:55:21,758: INFO     Indexing all potential guide sites: 3282648. This is the longest step.
2021-02-04 20:55:35,923: INFO     M                   = 16
2021-02-04 20:55:35,923: INFO     indexThreadQty      = 4
2021-02-04 20:55:35,923: INFO     efConstruction      = 10
2021-02-04 20:55:35,923: INFO     maxM			          = 16
2021-02-04 20:55:35,924: INFO     maxM0			          = 32
2021-02-04 20:55:35,924: INFO     mult                = 0.360674
2021-02-04 20:55:35,924: INFO     skip_optimized_index= 0
2021-02-04 20:55:35,924: INFO     delaunay_type       = 2
2021-02-04 20:55:35,924: INFO     Set HNSW query-time parameters:
2021-02-04 20:55:35,924: INFO     ef(Search)         =20
2021-02-04 20:55:35,924: INFO     algoType           =2

0%   10   20   30   40   50   60   70   80   90   100%
|----|----|----|----|----|----|----|----|----|----|
***************************************************

0%   10   20   30   40   50   60   70   80   90   100%
|----|----|----|----|----|----|----|----|----|----|
****************************************************2021-02-04 20:58:07,522: INFO     No appropriate custom distance function for Hamming (bit-storage) space
2021-02-04 20:58:07,522: INFO     searchMethod			  = 0
2021-02-04 20:58:07,808: INFO     Identifying guides that have a hamming distance <= 3 to all other potential guides
2021-02-04 20:58:09,422: INFO     Set HNSW query-time parameters:
2021-02-04 20:58:09,422: INFO     ef(Search)         =9
2021-02-04 20:58:09,423: INFO     algoType           =2
2021-02-04 20:59:11,883: INFO     Formatting data for BedTools
2021-02-04 20:59:14,004: INFO     Create GuideMaker Annotation object
2021-02-04 20:59:14,005: INFO     Identify genomic features
2021-02-04 20:59:14,005: INFO     check if ../all_test_data/Arabidopsis_thaliana.gbk is gzipped
2021-02-04 20:59:44,400: INFO     Total number of CDS/locus in the input genome: 48262
2021-02-04 20:59:44,400: INFO     Find genomic features closest the guides
2021-02-04 20:59:58,756: INFO     Select guides that start between +500 and -500 of a feature start
2021-02-04 20:59:59,667: INFO     Select description columns
2021-02-04 21:00:00,122: INFO     Format the output
2021-02-04 21:00:03,375: INFO     Number of Guides within a gene coordinates i.e. zero Feature distance: 132003
2021-02-04 21:00:08,196: INFO     creating random control guides
2021-02-04 21:00:09,854: INFO     Number of random control searched: 100
2021-02-04 21:00:09,855: INFO     Percentage of GC content in the input genome: 36.00
2021-02-04 21:00:09,855: INFO     Total length of the genome: 114.1 MB
2021-02-04 21:00:09,855: INFO     created 10 control guides with a minimum distance of 7 and a median distance of 7
2021-02-04 21:00:09,858: INFO     guidemaker completed, results are at TEST
2021-02-04 21:00:09,858: INFO     PAM sequence: NGRRT
2021-02-04 21:00:09,858: INFO     PAM orientation: 3prime
2021-02-04 21:00:09,858: INFO     Genome strand(s) searched: both
2021-02-04 21:00:09,858: INFO     Total PAM sites considered: 3282648
2021-02-04 21:00:09,858: INFO     Guide RNA candidates found: 226176
	Command being timed: "guidemaker -i ../all_test_data/Arabidopsis_thaliana.gbk --pamseq NGRRT --outdir TEST --pam_orientation 3prime --guidelength 20 --strand both --lcp 11 --dist 3 --before 500 --into 500 --knum 10 --controls 10 --log GM_63831986_3.log --threads 4"
	User time (seconds): 893.99
	System time (seconds): 57.10
	Percent of CPU this job got: 212%
	Elapsed (wall clock) time (h:mm:ss or m:ss): 7:27.42
	Average shared text size (kbytes): 0
	Average unshared data size (kbytes): 0
	Average stack size (kbytes): 0
	Average total size (kbytes): 0
	Maximum resident set size (kbytes): 7919604
	Average resident set size (kbytes): 0
	Major (requiring I/O) page faults: 0
	Minor (reclaiming a frame) page faults: 32076059
	Voluntary context switches: 547420
	Involuntary context switches: 112787
	Swaps: 0
	File system inputs: 3416
	File system outputs: 1369288
	Socket messages sent: 0
	Socket messages received: 0
	Signals delivered: 0
	Page size (bytes): 4096
	Exit status: 0
My SLURM_ARRAY_TASK_ID:  3
My TMPDIR IS:  /scratch/local/63831986
Input Genome:>>>>>>>>>>>>>>>>>>>>>>>>>>>>>>>>>>>>>>>>>>>  Arabidopsis_thaliana.gbk
Input PAM:>>>>>>>>>>>>>>>>>>>>>>>>>>>>>>>>>>>>>>>>>>>  NGRRT
Threads used:>>>>>>>>>>>>>>>>>>>>>>>>>>>>>>>>>>>>>>>>>>>  8
GuideMaker
Your CPU supports instructions that this binary was not compiled to use: SSE4.1 SSE4.2 AVX AVX2
For maximum performance, you can install NMSLIB from sources 
pip install --no-binary :all: nmslib
2021-02-04 21:00:17,968: INFO     Temp directory is: /scratch/local/63831986/guidemaker_imf68y7k
2021-02-04 21:00:17,968: INFO     Writing fasta file from genbank file(s)
2021-02-04 21:00:17,968: INFO     check if ../all_test_data/Arabidopsis_thaliana.gbk is gzipped
2021-02-04 21:00:43,146: INFO     Identifying PAM sites in the genome
2021-02-04 21:02:40,733: INFO     Checking guides for restriction enzymes
2021-02-04 21:02:41,637: INFO     Number of guides removed after checking for restriction enzymes: 0
2021-02-04 21:02:41,637: INFO     Identifing guides that are unique near the PAM site
2021-02-04 21:02:47,642: INFO     Number of guides removed after checking for unique PAM: 2398454
2021-02-04 21:02:47,642: INFO     Indexing all potential guide sites: 3282648. This is the longest step.
2021-02-04 21:03:01,765: INFO     M                   = 16
2021-02-04 21:03:01,766: INFO     indexThreadQty      = 8
2021-02-04 21:03:01,766: INFO     efConstruction      = 10
2021-02-04 21:03:01,766: INFO     maxM			          = 16
2021-02-04 21:03:01,766: INFO     maxM0			          = 32
2021-02-04 21:03:01,766: INFO     mult                = 0.360674
2021-02-04 21:03:01,766: INFO     skip_optimized_index= 0
2021-02-04 21:03:01,766: INFO     delaunay_type       = 2
2021-02-04 21:03:01,766: INFO     Set HNSW query-time parameters:
2021-02-04 21:03:01,766: INFO     ef(Search)         =20
2021-02-04 21:03:01,766: INFO     algoType           =2

0%   10   20   30   40   50   60   70   80   90   100%
|----|----|----|----|----|----|----|----|----|----|
***************************************************

0%   10   20   30   40   50   60   70   80   90   100%
|----|----|----|----|----|----|----|----|----|----|
****************************************************2021-02-04 21:04:22,426: INFO     No appropriate custom distance function for Hamming (bit-storage) space
2021-02-04 21:04:22,426: INFO     searchMethod			  = 0
2021-02-04 21:04:22,708: INFO     Identifying guides that have a hamming distance <= 3 to all other potential guides
2021-02-04 21:04:24,307: INFO     Set HNSW query-time parameters:
2021-02-04 21:04:24,307: INFO     ef(Search)         =9
2021-02-04 21:04:24,307: INFO     algoType           =2
2021-02-04 21:05:15,943: INFO     Formatting data for BedTools
2021-02-04 21:05:18,071: INFO     Create GuideMaker Annotation object
2021-02-04 21:05:18,071: INFO     Identify genomic features
2021-02-04 21:05:18,072: INFO     check if ../all_test_data/Arabidopsis_thaliana.gbk is gzipped
2021-02-04 21:05:48,073: INFO     Total number of CDS/locus in the input genome: 48262
2021-02-04 21:05:48,073: INFO     Find genomic features closest the guides
2021-02-04 21:06:02,144: INFO     Select guides that start between +500 and -500 of a feature start
2021-02-04 21:06:02,930: INFO     Select description columns
2021-02-04 21:06:03,379: INFO     Format the output
2021-02-04 21:06:06,483: INFO     Number of Guides within a gene coordinates i.e. zero Feature distance: 132160
2021-02-04 21:06:11,159: INFO     creating random control guides
2021-02-04 21:06:12,775: INFO     Number of random control searched: 100
2021-02-04 21:06:12,775: INFO     Percentage of GC content in the input genome: 36.00
2021-02-04 21:06:12,775: INFO     Total length of the genome: 114.1 MB
2021-02-04 21:06:12,775: INFO     created 10 control guides with a minimum distance of 7 and a median distance of 7
2021-02-04 21:06:12,778: INFO     guidemaker completed, results are at TEST
2021-02-04 21:06:12,778: INFO     PAM sequence: NGRRT
2021-02-04 21:06:12,778: INFO     PAM orientation: 3prime
2021-02-04 21:06:12,778: INFO     Genome strand(s) searched: both
2021-02-04 21:06:12,778: INFO     Total PAM sites considered: 3282648
2021-02-04 21:06:12,778: INFO     Guide RNA candidates found: 226499
	Command being timed: "guidemaker -i ../all_test_data/Arabidopsis_thaliana.gbk --pamseq NGRRT --outdir TEST --pam_orientation 3prime --guidelength 20 --strand both --lcp 11 --dist 3 --before 500 --into 500 --knum 10 --controls 10 --log GM_63831986_3.log --threads 8"
	User time (seconds): 926.99
	System time (seconds): 50.26
	Percent of CPU this job got: 269%
	Elapsed (wall clock) time (h:mm:ss or m:ss): 6:02.83
	Average shared text size (kbytes): 0
	Average unshared data size (kbytes): 0
	Average stack size (kbytes): 0
	Average total size (kbytes): 0
	Maximum resident set size (kbytes): 7943924
	Average resident set size (kbytes): 0
	Major (requiring I/O) page faults: 0
	Minor (reclaiming a frame) page faults: 24307821
	Voluntary context switches: 998734
	Involuntary context switches: 1630
	Swaps: 0
	File system inputs: 32
	File system outputs: 1371136
	Socket messages sent: 0
	Socket messages received: 0
	Signals delivered: 0
	Page size (bytes): 4096
	Exit status: 0
My SLURM_ARRAY_TASK_ID:  3
My TMPDIR IS:  /scratch/local/63831986
Input Genome:>>>>>>>>>>>>>>>>>>>>>>>>>>>>>>>>>>>>>>>>>>>  Arabidopsis_thaliana.gbk
Input PAM:>>>>>>>>>>>>>>>>>>>>>>>>>>>>>>>>>>>>>>>>>>>  NGRRT
Threads used:>>>>>>>>>>>>>>>>>>>>>>>>>>>>>>>>>>>>>>>>>>>  16
GuideMaker
Your CPU supports instructions that this binary was not compiled to use: SSE4.1 SSE4.2 AVX AVX2
For maximum performance, you can install NMSLIB from sources 
pip install --no-binary :all: nmslib
2021-02-04 21:06:20,825: INFO     Temp directory is: /scratch/local/63831986/guidemaker_jgl3fu2z
2021-02-04 21:06:20,825: INFO     Writing fasta file from genbank file(s)
2021-02-04 21:06:20,826: INFO     check if ../all_test_data/Arabidopsis_thaliana.gbk is gzipped
2021-02-04 21:06:46,031: INFO     Identifying PAM sites in the genome
2021-02-04 21:08:44,021: INFO     Checking guides for restriction enzymes
2021-02-04 21:08:44,936: INFO     Number of guides removed after checking for restriction enzymes: 0
2021-02-04 21:08:44,936: INFO     Identifing guides that are unique near the PAM site
2021-02-04 21:08:50,928: INFO     Number of guides removed after checking for unique PAM: 2398454
2021-02-04 21:08:50,929: INFO     Indexing all potential guide sites: 3282648. This is the longest step.
2021-02-04 21:09:05,110: INFO     M                   = 16
2021-02-04 21:09:05,111: INFO     indexThreadQty      = 16
2021-02-04 21:09:05,111: INFO     efConstruction      = 10
2021-02-04 21:09:05,111: INFO     maxM			          = 16
2021-02-04 21:09:05,111: INFO     maxM0			          = 32
2021-02-04 21:09:05,111: INFO     mult                = 0.360674
2021-02-04 21:09:05,111: INFO     skip_optimized_index= 0
2021-02-04 21:09:05,111: INFO     delaunay_type       = 2
2021-02-04 21:09:05,111: INFO     Set HNSW query-time parameters:
2021-02-04 21:09:05,111: INFO     ef(Search)         =20
2021-02-04 21:09:05,111: INFO     algoType           =2

0%   10   20   30   40   50   60   70   80   90   100%
|----|----|----|----|----|----|----|----|----|----|
***************************************************

0%   10   20   30   40   50   60   70   80   90   100%
|----|----|----|----|----|----|----|----|----|----|
****************************************************2021-02-04 21:09:48,710: INFO     No appropriate custom distance function for Hamming (bit-storage) space
2021-02-04 21:09:48,710: INFO     searchMethod			  = 0
2021-02-04 21:09:49,004: INFO     Identifying guides that have a hamming distance <= 3 to all other potential guides
2021-02-04 21:09:50,723: INFO     Set HNSW query-time parameters:
2021-02-04 21:09:50,723: INFO     ef(Search)         =9
2021-02-04 21:09:50,723: INFO     algoType           =2
2021-02-04 21:10:38,675: INFO     Formatting data for BedTools
2021-02-04 21:10:40,817: INFO     Create GuideMaker Annotation object
2021-02-04 21:10:40,818: INFO     Identify genomic features
2021-02-04 21:10:40,818: INFO     check if ../all_test_data/Arabidopsis_thaliana.gbk is gzipped
2021-02-04 21:11:10,873: INFO     Total number of CDS/locus in the input genome: 48262
2021-02-04 21:11:10,873: INFO     Find genomic features closest the guides
2021-02-04 21:11:24,512: INFO     Select guides that start between +500 and -500 of a feature start
2021-02-04 21:11:25,424: INFO     Select description columns
2021-02-04 21:11:25,877: INFO     Format the output
2021-02-04 21:11:28,964: INFO     Number of Guides within a gene coordinates i.e. zero Feature distance: 132072
2021-02-04 21:11:33,671: INFO     creating random control guides
2021-02-04 21:11:35,163: INFO     Number of random control searched: 100
2021-02-04 21:11:35,163: INFO     Percentage of GC content in the input genome: 36.00
2021-02-04 21:11:35,163: INFO     Total length of the genome: 114.1 MB
2021-02-04 21:11:35,163: INFO     created 10 control guides with a minimum distance of 7 and a median distance of 7
2021-02-04 21:11:35,167: INFO     guidemaker completed, results are at TEST
2021-02-04 21:11:35,167: INFO     PAM sequence: NGRRT
2021-02-04 21:11:35,167: INFO     PAM orientation: 3prime
2021-02-04 21:11:35,167: INFO     Genome strand(s) searched: both
2021-02-04 21:11:35,167: INFO     Total PAM sites considered: 3282648
2021-02-04 21:11:35,167: INFO     Guide RNA candidates found: 226347
	Command being timed: "guidemaker -i ../all_test_data/Arabidopsis_thaliana.gbk --pamseq NGRRT --outdir TEST --pam_orientation 3prime --guidelength 20 --strand both --lcp 11 --dist 3 --before 500 --into 500 --knum 10 --controls 10 --log GM_63831986_3.log --threads 16"
	User time (seconds): 956.69
	System time (seconds): 53.29
	Percent of CPU this job got: 313%
	Elapsed (wall clock) time (h:mm:ss or m:ss): 5:22.58
	Average shared text size (kbytes): 0
	Average unshared data size (kbytes): 0
	Average stack size (kbytes): 0
	Average total size (kbytes): 0
	Maximum resident set size (kbytes): 8003424
	Average resident set size (kbytes): 0
	Major (requiring I/O) page faults: 0
	Minor (reclaiming a frame) page faults: 17905078
	Voluntary context switches: 1834749
	Involuntary context switches: 293745
	Swaps: 0
	File system inputs: 24
	File system outputs: 1368344
	Socket messages sent: 0
	Socket messages received: 0
	Signals delivered: 0
	Page size (bytes): 4096
	Exit status: 0
My SLURM_ARRAY_TASK_ID:  3
My TMPDIR IS:  /scratch/local/63831986
Input Genome:>>>>>>>>>>>>>>>>>>>>>>>>>>>>>>>>>>>>>>>>>>>  Arabidopsis_thaliana.gbk
Input PAM:>>>>>>>>>>>>>>>>>>>>>>>>>>>>>>>>>>>>>>>>>>>  NGRRT
Threads used:>>>>>>>>>>>>>>>>>>>>>>>>>>>>>>>>>>>>>>>>>>>  32
GuideMaker
Your CPU supports instructions that this binary was not compiled to use: SSE4.1 SSE4.2 AVX AVX2
For maximum performance, you can install NMSLIB from sources 
pip install --no-binary :all: nmslib
2021-02-04 21:11:43,390: INFO     Temp directory is: /scratch/local/63831986/guidemaker_lkplzi09
2021-02-04 21:11:43,390: INFO     Writing fasta file from genbank file(s)
2021-02-04 21:11:43,390: INFO     check if ../all_test_data/Arabidopsis_thaliana.gbk is gzipped
2021-02-04 21:12:09,211: INFO     Identifying PAM sites in the genome
2021-02-04 21:14:11,767: INFO     Checking guides for restriction enzymes
2021-02-04 21:14:12,700: INFO     Number of guides removed after checking for restriction enzymes: 0
2021-02-04 21:14:12,701: INFO     Identifing guides that are unique near the PAM site
2021-02-04 21:14:18,727: INFO     Number of guides removed after checking for unique PAM: 2398454
2021-02-04 21:14:18,728: INFO     Indexing all potential guide sites: 3282648. This is the longest step.
2021-02-04 21:14:33,344: INFO     M                   = 16
2021-02-04 21:14:33,344: INFO     indexThreadQty      = 32
2021-02-04 21:14:33,345: INFO     efConstruction      = 10
2021-02-04 21:14:33,345: INFO     maxM			          = 16
2021-02-04 21:14:33,345: INFO     maxM0			          = 32
2021-02-04 21:14:33,345: INFO     mult                = 0.360674
2021-02-04 21:14:33,345: INFO     skip_optimized_index= 0
2021-02-04 21:14:33,345: INFO     delaunay_type       = 2
2021-02-04 21:14:33,345: INFO     Set HNSW query-time parameters:
2021-02-04 21:14:33,345: INFO     ef(Search)         =20
2021-02-04 21:14:33,345: INFO     algoType           =2

0%   10   20   30   40   50   60   70   80   90   100%
|----|----|----|----|----|----|----|----|----|----|
***************************************************

0%   10   20   30   40   50   60   70   80   90   100%
|----|----|----|----|----|----|----|----|----|----|
*******************************************************2021-02-04 21:15:00,392: INFO     No appropriate custom distance function for Hamming (bit-storage) space
2021-02-04 21:15:00,392: INFO     searchMethod			  = 0
2021-02-04 21:15:00,662: INFO     Identifying guides that have a hamming distance <= 3 to all other potential guides
2021-02-04 21:15:02,170: INFO     Set HNSW query-time parameters:
2021-02-04 21:15:02,171: INFO     ef(Search)         =9
2021-02-04 21:15:02,171: INFO     algoType           =2
2021-02-04 21:15:51,061: INFO     Formatting data for BedTools
2021-02-04 21:15:53,226: INFO     Create GuideMaker Annotation object
2021-02-04 21:15:53,226: INFO     Identify genomic features
2021-02-04 21:15:53,227: INFO     check if ../all_test_data/Arabidopsis_thaliana.gbk is gzipped
2021-02-04 21:16:24,545: INFO     Total number of CDS/locus in the input genome: 48262
2021-02-04 21:16:24,545: INFO     Find genomic features closest the guides
2021-02-04 21:16:38,809: INFO     Select guides that start between +500 and -500 of a feature start
2021-02-04 21:16:39,623: INFO     Select description columns
2021-02-04 21:16:40,117: INFO     Format the output
2021-02-04 21:16:43,999: INFO     Number of Guides within a gene coordinates i.e. zero Feature distance: 131851
2021-02-04 21:16:48,666: INFO     creating random control guides
2021-02-04 21:16:50,414: INFO     Number of random control searched: 100
2021-02-04 21:16:50,415: INFO     Percentage of GC content in the input genome: 36.00
2021-02-04 21:16:50,415: INFO     Total length of the genome: 114.1 MB
2021-02-04 21:16:50,415: INFO     created 10 control guides with a minimum distance of 7 and a median distance of 7
2021-02-04 21:16:50,418: INFO     guidemaker completed, results are at TEST
2021-02-04 21:16:50,418: INFO     PAM sequence: NGRRT
2021-02-04 21:16:50,418: INFO     PAM orientation: 3prime
2021-02-04 21:16:50,418: INFO     Genome strand(s) searched: both
2021-02-04 21:16:50,418: INFO     Total PAM sites considered: 3282648
2021-02-04 21:16:50,418: INFO     Guide RNA candidates found: 226060
	Command being timed: "guidemaker -i ../all_test_data/Arabidopsis_thaliana.gbk --pamseq NGRRT --outdir TEST --pam_orientation 3prime --guidelength 20 --strand both --lcp 11 --dist 3 --before 500 --into 500 --knum 10 --controls 10 --log GM_63831986_3.log --threads 32"
	User time (seconds): 1022.33
	System time (seconds): 83.72
	Percent of CPU this job got: 349%
	Elapsed (wall clock) time (h:mm:ss or m:ss): 5:16.22
	Average shared text size (kbytes): 0
	Average unshared data size (kbytes): 0
	Average stack size (kbytes): 0
	Average total size (kbytes): 0
	Maximum resident set size (kbytes): 8039332
	Average resident set size (kbytes): 0
	Major (requiring I/O) page faults: 0
	Minor (reclaiming a frame) page faults: 15024294
	Voluntary context switches: 3774471
	Involuntary context switches: 1781
	Swaps: 0
	File system inputs: 48
	File system outputs: 1368168
	Socket messages sent: 0
	Socket messages received: 0
	Signals delivered: 0
	Page size (bytes): 4096
	Exit status: 0
