Sat Aug 29 02:55:47 EDT 2020
c31b-s41.ufhpc
/blue/garrett/rp3448/analysis/guidemaker/nonAVXGuidemaker/GuideMaker

     active environment : nonAVX2
    active env location : /home/rp3448/.conda/envs/nonAVX2
            shell level : 2
       user config file : /home/rp3448/.condarc
 populated config files : /home/rp3448/.condarc
          conda version : 4.8.4
    conda-build version : not installed
         python version : 3.8.3.final.0
       virtual packages : __glibc=2.17
       base environment : /apps/conda/4.8.4  (read only)
           channel URLs : https://conda.anaconda.org/biobakery/linux-64
                          https://conda.anaconda.org/biobakery/noarch
                          https://conda.anaconda.org/conda-forge/linux-64
                          https://conda.anaconda.org/conda-forge/noarch
                          https://conda.anaconda.org/bioconda/linux-64
                          https://conda.anaconda.org/bioconda/noarch
                          https://repo.anaconda.com/pkgs/main/linux-64
                          https://repo.anaconda.com/pkgs/main/noarch
                          https://repo.anaconda.com/pkgs/r/linux-64
                          https://repo.anaconda.com/pkgs/r/noarch
          package cache : /apps/conda/4.8.4/pkgs
                          /home/rp3448/.conda/pkgs
       envs directories : /home/rp3448/.conda/envs
                          /apps/conda/4.8.4/envs
               platform : linux-64
             user-agent : conda/4.8.4 requests/2.24.0 CPython/3.8.3 Linux/3.10.0-1062.18.1.el7.x86_64 rhel/7.7 glibc/2.17
                UID:GID : 6472:3511
             netrc file : None
           offline mode : False

My SLURM_ARRAY_TASK_ID:  10
My TMPDIR IS:  /scratch/local/57980204
Input Genome:>>>>>>>>>>>>>>>>>>>>>>>>>>>>>>>>>>>>>>>>>>>  Aspergillus_fumigatus.gbk
Threads used:>>>>>>>>>>>>>>>>>>>>>>>>>>>>>>>>>>>>>>>>>>>  1
GuideMaker
Your CPU supports instructions that this binary was not compiled to use: SSE4.1 SSE4.2 AVX AVX2
For maximum performance, you can install NMSLIB from sources 
pip install --no-binary :all: nmslib
2020-08-29 02:55:54,106: INFO     Temp directory is: /scratch/local/57980204/guidemaker_5u8sq7_s
2020-08-29 02:55:54,107: INFO     Writing fasta file from genbank file(s)
2020-08-29 02:55:54,109: INFO     check if test/test_data/Aspergillus_fumigatus.gbk is gzipped
2020-08-29 02:55:57,268: INFO     Identifying PAM sites in the genome
2020-08-29 02:57:19,929: INFO     Identifing guides that are unique near the PAM site
2020-08-29 02:57:24,715: INFO     Indexing all potential guide sites: 3499744. This is the longest step.
2020-08-29 02:57:39,425: INFO     M                   = 16
2020-08-29 02:57:39,425: INFO     indexThreadQty      = 1
2020-08-29 02:57:39,425: INFO     efConstruction      = 64
2020-08-29 02:57:39,425: INFO     maxM			          = 16
2020-08-29 02:57:39,425: INFO     maxM0			          = 32
2020-08-29 02:57:39,425: INFO     mult                = 0.360674
2020-08-29 02:57:39,425: INFO     skip_optimized_index= 0
2020-08-29 02:57:39,425: INFO     delaunay_type       = 2
2020-08-29 02:57:39,425: INFO     Set HNSW query-time parameters:
2020-08-29 02:57:39,426: INFO     ef(Search)         =20
2020-08-29 02:57:39,426: INFO     algoType           =2

0%   10   20   30   40   50   60   70   80   90   100%
|----|----|----|----|----|----|----|----|----|----|
***************************************************

0%   10   20   30   40   50   60   70   80   90   100%
|----|----|----|----|----|----|----|----|----|----|
***************************************************
*2020-08-29 03:43:00,281: INFO     No appropriate custom distance function for Hamming (bit-storage) space
2020-08-29 03:43:01,056: INFO     searchMethod			  = 0
2020-08-29 03:43:01,336: INFO     Identifying guides that have a hamming distance <= 3 to all other potential guides
2020-08-29 03:43:01,776: INFO     Set HNSW query-time parameters:
2020-08-29 03:43:01,776: INFO     ef(Search)         =256
2020-08-29 03:43:01,776: INFO     algoType           =2
2020-08-29 03:47:35,428: INFO     Formatting data for BedTools
2020-08-29 03:47:35,979: INFO     Create GuideMaker Annotation object
2020-08-29 03:47:35,979: INFO     Identify genomic features
2020-08-29 03:47:35,979: INFO     check if test/test_data/Aspergillus_fumigatus.gbk is gzipped
2020-08-29 03:47:40,202: INFO     Total number of CDS/locus in the input genome: 9630
2020-08-29 03:47:40,203: INFO     Find genomic features closest the guides
2020-08-29 03:47:43,572: INFO     Select guides that start between +100 and -100 of a feature start
2020-08-29 03:47:43,736: INFO     Select description columns
2020-08-29 03:47:43,854: INFO     Format the output
2020-08-29 03:47:44,198: INFO     creating random control guides
2020-08-29 03:50:45,805: INFO     Number of random control searched: 100000
2020-08-29 03:50:45,807: INFO     Percentage of GC content in the input genome: 48.82
2020-08-29 03:50:45,809: INFO     Total length of the genome: 28.0 MB
2020-08-29 03:50:45,810: INFO     created 10 control guides with a minimum distance of 6 and a median distance of 6
2020-08-29 03:50:45,816: INFO     guidemaker completed, results are at TEST
2020-08-29 03:50:45,816: INFO     PAM sequence: NGG
2020-08-29 03:50:45,816: INFO     PAM orientation: 5prime
2020-08-29 03:50:45,816: INFO     Genome strand(s) searched: both
2020-08-29 03:50:45,816: INFO     Total PAM sites considered: 3499744
2020-08-29 03:50:45,816: INFO     Guide RNA candidates found: 11359
	Command being timed: "guidemaker -i test/test_data/Aspergillus_fumigatus.gbk --pamseq NGG --outdir TEST --pam_orientation 5prime --guidelength 20 --strand both --lcp 10 --dist 3 --before 100 --into 100 --knum 10 --controls 10 --log GuideMaker_57980204_10.log --threads 1"
	User time (seconds): 3268.64
	System time (seconds): 33.25
	Percent of CPU this job got: 100%
	Elapsed (wall clock) time (h:mm:ss or m:ss): 55:01.12
	Average shared text size (kbytes): 0
	Average unshared data size (kbytes): 0
	Average stack size (kbytes): 0
	Average total size (kbytes): 0
	Maximum resident set size (kbytes): 7828648
	Average resident set size (kbytes): 0
	Major (requiring I/O) page faults: 122
	Minor (reclaiming a frame) page faults: 45321691
	Voluntary context switches: 4645
	Involuntary context switches: 114991
	Swaps: 0
	File system inputs: 416184
	File system outputs: 191104
	Socket messages sent: 0
	Socket messages received: 0
	Signals delivered: 0
	Page size (bytes): 4096
	Exit status: 0
My SLURM_ARRAY_TASK_ID:  10
My TMPDIR IS:  /scratch/local/57980204
Input Genome:>>>>>>>>>>>>>>>>>>>>>>>>>>>>>>>>>>>>>>>>>>>  Aspergillus_fumigatus.gbk
Threads used:>>>>>>>>>>>>>>>>>>>>>>>>>>>>>>>>>>>>>>>>>>>  2
GuideMaker
Your CPU supports instructions that this binary was not compiled to use: SSE4.1 SSE4.2 AVX AVX2
For maximum performance, you can install NMSLIB from sources 
pip install --no-binary :all: nmslib
2020-08-29 03:50:53,017: INFO     Temp directory is: /scratch/local/57980204/guidemaker_wee7xjx_
2020-08-29 03:50:53,017: INFO     Writing fasta file from genbank file(s)
2020-08-29 03:50:53,017: INFO     check if test/test_data/Aspergillus_fumigatus.gbk is gzipped
2020-08-29 03:50:56,143: INFO     Identifying PAM sites in the genome
2020-08-29 03:52:19,800: INFO     Identifing guides that are unique near the PAM site
2020-08-29 03:52:24,607: INFO     Indexing all potential guide sites: 3499744. This is the longest step.
2020-08-29 03:52:40,149: INFO     M                   = 16
2020-08-29 03:52:40,150: INFO     indexThreadQty      = 2
2020-08-29 03:52:40,150: INFO     efConstruction      = 64
2020-08-29 03:52:40,150: INFO     maxM			          = 16
2020-08-29 03:52:40,150: INFO     maxM0			          = 32
2020-08-29 03:52:40,150: INFO     mult                = 0.360674
2020-08-29 03:52:40,150: INFO     skip_optimized_index= 0
2020-08-29 03:52:40,150: INFO     delaunay_type       = 2
2020-08-29 03:52:40,150: INFO     Set HNSW query-time parameters:
2020-08-29 03:52:40,150: INFO     ef(Search)         =20
2020-08-29 03:52:40,150: INFO     algoType           =2

0%   10   20   30   40   50   60   70   80   90   100%
|----|----|----|----|----|----|----|----|----|----|
***************************************************

0%   10   20   30   40   50   60   70   80   90   100%
|----|----|----|----|----|----|----|----|----|----|
****************************************************2020-08-29 04:19:15,852: INFO     No appropriate custom distance function for Hamming (bit-storage) space
2020-08-29 04:19:15,852: INFO     searchMethod			  = 0
2020-08-29 04:19:16,133: INFO     Identifying guides that have a hamming distance <= 3 to all other potential guides
2020-08-29 04:19:16,582: INFO     Set HNSW query-time parameters:
2020-08-29 04:19:16,583: INFO     ef(Search)         =256
2020-08-29 04:19:16,583: INFO     algoType           =2
2020-08-29 04:22:19,644: INFO     Formatting data for BedTools
2020-08-29 04:22:20,130: INFO     Create GuideMaker Annotation object
2020-08-29 04:22:20,130: INFO     Identify genomic features
2020-08-29 04:22:20,131: INFO     check if test/test_data/Aspergillus_fumigatus.gbk is gzipped
2020-08-29 04:22:24,223: INFO     Total number of CDS/locus in the input genome: 9630
2020-08-29 04:22:24,224: INFO     Find genomic features closest the guides
2020-08-29 04:22:27,795: INFO     Select guides that start between +100 and -100 of a feature start
2020-08-29 04:22:27,950: INFO     Select description columns
2020-08-29 04:22:28,060: INFO     Format the output
2020-08-29 04:22:28,357: INFO     creating random control guides
2020-08-29 04:24:27,837: INFO     Number of random control searched: 100000
2020-08-29 04:24:27,838: INFO     Percentage of GC content in the input genome: 48.82
2020-08-29 04:24:27,838: INFO     Total length of the genome: 28.0 MB
2020-08-29 04:24:27,838: INFO     created 10 control guides with a minimum distance of 6 and a median distance of 6
2020-08-29 04:24:27,847: INFO     guidemaker completed, results are at TEST
2020-08-29 04:24:27,847: INFO     PAM sequence: NGG
2020-08-29 04:24:27,847: INFO     PAM orientation: 5prime
2020-08-29 04:24:27,847: INFO     Genome strand(s) searched: both
2020-08-29 04:24:27,847: INFO     Total PAM sites considered: 3499744
2020-08-29 04:24:27,847: INFO     Guide RNA candidates found: 11359
	Command being timed: "guidemaker -i test/test_data/Aspergillus_fumigatus.gbk --pamseq NGG --outdir TEST --pam_orientation 5prime --guidelength 20 --strand both --lcp 10 --dist 3 --before 100 --into 100 --knum 10 --controls 10 --log GuideMaker_57980204_10.log --threads 2"
	User time (seconds): 3772.08
	System time (seconds): 129.59
	Percent of CPU this job got: 192%
	Elapsed (wall clock) time (h:mm:ss or m:ss): 33:43.07
	Average shared text size (kbytes): 0
	Average unshared data size (kbytes): 0
	Average stack size (kbytes): 0
	Average total size (kbytes): 0
	Maximum resident set size (kbytes): 7652916
	Average resident set size (kbytes): 0
	Major (requiring I/O) page faults: 0
	Minor (reclaiming a frame) page faults: 75486705
	Voluntary context switches: 258622
	Involuntary context switches: 229249
	Swaps: 0
	File system inputs: 0
	File system outputs: 191096
	Socket messages sent: 0
	Socket messages received: 0
	Signals delivered: 0
	Page size (bytes): 4096
	Exit status: 0
My SLURM_ARRAY_TASK_ID:  10
My TMPDIR IS:  /scratch/local/57980204
Input Genome:>>>>>>>>>>>>>>>>>>>>>>>>>>>>>>>>>>>>>>>>>>>  Aspergillus_fumigatus.gbk
Threads used:>>>>>>>>>>>>>>>>>>>>>>>>>>>>>>>>>>>>>>>>>>>  4
GuideMaker
Your CPU supports instructions that this binary was not compiled to use: SSE4.1 SSE4.2 AVX AVX2
For maximum performance, you can install NMSLIB from sources 
pip install --no-binary :all: nmslib
2020-08-29 04:24:36,075: INFO     Temp directory is: /scratch/local/57980204/guidemaker_kikvyf57
2020-08-29 04:24:36,076: INFO     Writing fasta file from genbank file(s)
2020-08-29 04:24:36,076: INFO     check if test/test_data/Aspergillus_fumigatus.gbk is gzipped
2020-08-29 04:24:39,204: INFO     Identifying PAM sites in the genome
2020-08-29 04:26:08,160: INFO     Identifing guides that are unique near the PAM site
2020-08-29 04:26:13,078: INFO     Indexing all potential guide sites: 3499744. This is the longest step.
2020-08-29 04:26:29,297: INFO     M                   = 16
2020-08-29 04:26:29,298: INFO     indexThreadQty      = 4
2020-08-29 04:26:29,298: INFO     efConstruction      = 64
2020-08-29 04:26:29,298: INFO     maxM			          = 16
2020-08-29 04:26:29,298: INFO     maxM0			          = 32
2020-08-29 04:26:29,298: INFO     mult                = 0.360674
2020-08-29 04:26:29,298: INFO     skip_optimized_index= 0
2020-08-29 04:26:29,298: INFO     delaunay_type       = 2
2020-08-29 04:26:29,298: INFO     Set HNSW query-time parameters:
2020-08-29 04:26:29,298: INFO     ef(Search)         =20
2020-08-29 04:26:29,298: INFO     algoType           =2

0%   10   20   30   40   50   60   70   80   90   100%
|----|----|----|----|----|----|----|----|----|----|
***************************************************

0%   10   20   30   40   50   60   70   80   90   100%
|----|----|----|----|----|----|----|----|----|----|
*******************************************************2020-08-29 04:40:13,030: INFO     No appropriate custom distance function for Hamming (bit-storage) space
2020-08-29 04:40:13,030: INFO     searchMethod			  = 0
2020-08-29 04:40:13,350: INFO     Identifying guides that have a hamming distance <= 3 to all other potential guides
2020-08-29 04:40:13,869: INFO     Set HNSW query-time parameters:
2020-08-29 04:40:13,869: INFO     ef(Search)         =256
2020-08-29 04:40:13,869: INFO     algoType           =2
2020-08-29 04:41:45,344: INFO     Formatting data for BedTools
2020-08-29 04:41:45,833: INFO     Create GuideMaker Annotation object
2020-08-29 04:41:45,833: INFO     Identify genomic features
2020-08-29 04:41:45,834: INFO     check if test/test_data/Aspergillus_fumigatus.gbk is gzipped
2020-08-29 04:41:50,056: INFO     Total number of CDS/locus in the input genome: 9630
2020-08-29 04:41:50,056: INFO     Find genomic features closest the guides
2020-08-29 04:41:54,157: INFO     Select guides that start between +100 and -100 of a feature start
2020-08-29 04:41:54,342: INFO     Select description columns
2020-08-29 04:41:54,449: INFO     Format the output
2020-08-29 04:41:54,760: INFO     creating random control guides
2020-08-29 04:42:55,655: INFO     Number of random control searched: 100000
2020-08-29 04:42:55,656: INFO     Percentage of GC content in the input genome: 48.82
2020-08-29 04:42:55,656: INFO     Total length of the genome: 28.0 MB
2020-08-29 04:42:55,656: INFO     created 10 control guides with a minimum distance of 6 and a median distance of 6
2020-08-29 04:42:55,661: INFO     guidemaker completed, results are at TEST
2020-08-29 04:42:55,661: INFO     PAM sequence: NGG
2020-08-29 04:42:55,661: INFO     PAM orientation: 5prime
2020-08-29 04:42:55,661: INFO     Genome strand(s) searched: both
2020-08-29 04:42:55,661: INFO     Total PAM sites considered: 3499744
2020-08-29 04:42:55,661: INFO     Guide RNA candidates found: 11359
	Command being timed: "guidemaker -i test/test_data/Aspergillus_fumigatus.gbk --pamseq NGG --outdir TEST --pam_orientation 5prime --guidelength 20 --strand both --lcp 10 --dist 3 --before 100 --into 100 --knum 10 --controls 10 --log GuideMaker_57980204_10.log --threads 4"
	User time (seconds): 3868.88
	System time (seconds): 102.92
	Percent of CPU this job got: 358%
	Elapsed (wall clock) time (h:mm:ss or m:ss): 18:27.14
	Average shared text size (kbytes): 0
	Average unshared data size (kbytes): 0
	Average stack size (kbytes): 0
	Average total size (kbytes): 0
	Maximum resident set size (kbytes): 7627448
	Average resident set size (kbytes): 0
	Major (requiring I/O) page faults: 0
	Minor (reclaiming a frame) page faults: 55681703
	Voluntary context switches: 551888
	Involuntary context switches: 1162631
	Swaps: 0
	File system inputs: 0
	File system outputs: 191088
	Socket messages sent: 0
	Socket messages received: 0
	Signals delivered: 0
	Page size (bytes): 4096
	Exit status: 0
My SLURM_ARRAY_TASK_ID:  10
My TMPDIR IS:  /scratch/local/57980204
Input Genome:>>>>>>>>>>>>>>>>>>>>>>>>>>>>>>>>>>>>>>>>>>>  Aspergillus_fumigatus.gbk
Threads used:>>>>>>>>>>>>>>>>>>>>>>>>>>>>>>>>>>>>>>>>>>>  8
GuideMaker
Your CPU supports instructions that this binary was not compiled to use: SSE4.1 SSE4.2 AVX AVX2
For maximum performance, you can install NMSLIB from sources 
pip install --no-binary :all: nmslib
2020-08-29 04:43:03,244: INFO     Temp directory is: /scratch/local/57980204/guidemaker_c99zfa42
2020-08-29 04:43:03,244: INFO     Writing fasta file from genbank file(s)
2020-08-29 04:43:03,245: INFO     check if test/test_data/Aspergillus_fumigatus.gbk is gzipped
2020-08-29 04:43:06,684: INFO     Identifying PAM sites in the genome
2020-08-29 04:44:34,036: INFO     Identifing guides that are unique near the PAM site
2020-08-29 04:44:38,922: INFO     Indexing all potential guide sites: 3499744. This is the longest step.
2020-08-29 04:44:54,519: INFO     M                   = 16
2020-08-29 04:44:54,519: INFO     indexThreadQty      = 8
2020-08-29 04:44:54,519: INFO     efConstruction      = 64
2020-08-29 04:44:54,519: INFO     maxM			          = 16
2020-08-29 04:44:54,519: INFO     maxM0			          = 32
2020-08-29 04:44:54,519: INFO     mult                = 0.360674
2020-08-29 04:44:54,519: INFO     skip_optimized_index= 0
2020-08-29 04:44:54,519: INFO     delaunay_type       = 2
2020-08-29 04:44:54,520: INFO     Set HNSW query-time parameters:
2020-08-29 04:44:54,520: INFO     ef(Search)         =20
2020-08-29 04:44:54,520: INFO     algoType           =2

0%   10   20   30   40   50   60   70   80   90   100%
|----|----|----|----|----|----|----|----|----|----|
***************************************************

0%   10   20   30   40   50   60   70   80   90   100%
|----|----|----|----|----|----|----|----|----|----|
*****************************************************2020-08-29 04:52:07,029: INFO     No appropriate custom distance function for Hamming (bit-storage) space
2020-08-29 04:52:07,030: INFO     searchMethod			  = 0
2020-08-29 04:52:07,322: INFO     Identifying guides that have a hamming distance <= 3 to all other potential guides
2020-08-29 04:52:07,753: INFO     Set HNSW query-time parameters:
2020-08-29 04:52:07,753: INFO     ef(Search)         =256
2020-08-29 04:52:07,754: INFO     algoType           =2
2020-08-29 04:52:58,834: INFO     Formatting data for BedTools
2020-08-29 04:52:59,379: INFO     Create GuideMaker Annotation object
2020-08-29 04:52:59,380: INFO     Identify genomic features
2020-08-29 04:52:59,380: INFO     check if test/test_data/Aspergillus_fumigatus.gbk is gzipped
2020-08-29 04:53:03,690: INFO     Total number of CDS/locus in the input genome: 9630
2020-08-29 04:53:03,690: INFO     Find genomic features closest the guides
2020-08-29 04:53:07,428: INFO     Select guides that start between +100 and -100 of a feature start
2020-08-29 04:53:07,613: INFO     Select description columns
2020-08-29 04:53:07,733: INFO     Format the output
2020-08-29 04:53:08,047: INFO     creating random control guides
2020-08-29 04:53:42,046: INFO     Number of random control searched: 100000
2020-08-29 04:53:42,047: INFO     Percentage of GC content in the input genome: 48.82
2020-08-29 04:53:42,047: INFO     Total length of the genome: 28.0 MB
2020-08-29 04:53:42,047: INFO     created 10 control guides with a minimum distance of 6 and a median distance of 6
2020-08-29 04:53:42,050: INFO     guidemaker completed, results are at TEST
2020-08-29 04:53:42,050: INFO     PAM sequence: NGG
2020-08-29 04:53:42,050: INFO     PAM orientation: 5prime
2020-08-29 04:53:42,050: INFO     Genome strand(s) searched: both
2020-08-29 04:53:42,050: INFO     Total PAM sites considered: 3499744
2020-08-29 04:53:42,050: INFO     Guide RNA candidates found: 11359
	Command being timed: "guidemaker -i test/test_data/Aspergillus_fumigatus.gbk --pamseq NGG --outdir TEST --pam_orientation 5prime --guidelength 20 --strand both --lcp 10 --dist 3 --before 100 --into 100 --knum 10 --controls 10 --log GuideMaker_57980204_10.log --threads 8"
	User time (seconds): 4039.01
	System time (seconds): 85.91
	Percent of CPU this job got: 638%
	Elapsed (wall clock) time (h:mm:ss or m:ss): 10:46.51
	Average shared text size (kbytes): 0
	Average unshared data size (kbytes): 0
	Average stack size (kbytes): 0
	Average total size (kbytes): 0
	Maximum resident set size (kbytes): 7712164
	Average resident set size (kbytes): 0
	Major (requiring I/O) page faults: 0
	Minor (reclaiming a frame) page faults: 40443785
	Voluntary context switches: 1050304
	Involuntary context switches: 3015
	Swaps: 0
	File system inputs: 0
	File system outputs: 190880
	Socket messages sent: 0
	Socket messages received: 0
	Signals delivered: 0
	Page size (bytes): 4096
	Exit status: 0
My SLURM_ARRAY_TASK_ID:  10
My TMPDIR IS:  /scratch/local/57980204
Input Genome:>>>>>>>>>>>>>>>>>>>>>>>>>>>>>>>>>>>>>>>>>>>  Aspergillus_fumigatus.gbk
Threads used:>>>>>>>>>>>>>>>>>>>>>>>>>>>>>>>>>>>>>>>>>>>  16
GuideMaker
Your CPU supports instructions that this binary was not compiled to use: SSE4.1 SSE4.2 AVX AVX2
For maximum performance, you can install NMSLIB from sources 
pip install --no-binary :all: nmslib
2020-08-29 04:53:49,729: INFO     Temp directory is: /scratch/local/57980204/guidemaker_32xat17q
2020-08-29 04:53:49,730: INFO     Writing fasta file from genbank file(s)
2020-08-29 04:53:49,730: INFO     check if test/test_data/Aspergillus_fumigatus.gbk is gzipped
2020-08-29 04:53:52,859: INFO     Identifying PAM sites in the genome
2020-08-29 04:55:18,445: INFO     Identifing guides that are unique near the PAM site
2020-08-29 04:55:23,359: INFO     Indexing all potential guide sites: 3499744. This is the longest step.
2020-08-29 04:55:38,466: INFO     M                   = 16
2020-08-29 04:55:38,466: INFO     indexThreadQty      = 16
2020-08-29 04:55:38,466: INFO     efConstruction      = 64
2020-08-29 04:55:38,466: INFO     maxM			          = 16
2020-08-29 04:55:38,466: INFO     maxM0			          = 32
2020-08-29 04:55:38,466: INFO     mult                = 0.360674
2020-08-29 04:55:38,467: INFO     skip_optimized_index= 0
2020-08-29 04:55:38,467: INFO     delaunay_type       = 2
2020-08-29 04:55:38,467: INFO     Set HNSW query-time parameters:
2020-08-29 04:55:38,467: INFO     ef(Search)         =20
2020-08-29 04:55:38,467: INFO     algoType           =2

0%   10   20   30   40   50   60   70   80   90   100%
|----|----|----|----|----|----|----|----|----|----|
***************************************************

0%   10   20   30   40   50   60   70   80   90   100%
|----|----|----|----|----|----|----|----|----|----|
****************************************************2020-08-29 04:59:48,303: INFO     No appropriate custom distance function for Hamming (bit-storage) space
2020-08-29 04:59:48,303: INFO     searchMethod			  = 0
2020-08-29 04:59:48,606: INFO     Identifying guides that have a hamming distance <= 3 to all other potential guides
2020-08-29 04:59:49,077: INFO     Set HNSW query-time parameters:
2020-08-29 04:59:49,078: INFO     ef(Search)         =256
2020-08-29 04:59:49,078: INFO     algoType           =2
2020-08-29 05:00:21,398: INFO     Formatting data for BedTools
2020-08-29 05:00:21,915: INFO     Create GuideMaker Annotation object
2020-08-29 05:00:21,915: INFO     Identify genomic features
2020-08-29 05:00:21,915: INFO     check if test/test_data/Aspergillus_fumigatus.gbk is gzipped
2020-08-29 05:00:26,088: INFO     Total number of CDS/locus in the input genome: 9630
2020-08-29 05:00:26,088: INFO     Find genomic features closest the guides
2020-08-29 05:00:29,688: INFO     Select guides that start between +100 and -100 of a feature start
2020-08-29 05:00:29,841: INFO     Select description columns
2020-08-29 05:00:29,943: INFO     Format the output
2020-08-29 05:00:30,229: INFO     creating random control guides
2020-08-29 05:00:52,247: INFO     Number of random control searched: 100000
2020-08-29 05:00:52,248: INFO     Percentage of GC content in the input genome: 48.82
2020-08-29 05:00:52,248: INFO     Total length of the genome: 28.0 MB
2020-08-29 05:00:52,248: INFO     created 10 control guides with a minimum distance of 6 and a median distance of 6
2020-08-29 05:00:52,251: INFO     guidemaker completed, results are at TEST
2020-08-29 05:00:52,251: INFO     PAM sequence: NGG
2020-08-29 05:00:52,251: INFO     PAM orientation: 5prime
2020-08-29 05:00:52,251: INFO     Genome strand(s) searched: both
2020-08-29 05:00:52,251: INFO     Total PAM sites considered: 3499744
2020-08-29 05:00:52,251: INFO     Guide RNA candidates found: 11359
	Command being timed: "guidemaker -i test/test_data/Aspergillus_fumigatus.gbk --pamseq NGG --outdir TEST --pam_orientation 5prime --guidelength 20 --strand both --lcp 10 --dist 3 --before 100 --into 100 --knum 10 --controls 10 --log GuideMaker_57980204_10.log --threads 16"
	User time (seconds): 4492.68
	System time (seconds): 146.59
	Percent of CPU this job got: 1076%
	Elapsed (wall clock) time (h:mm:ss or m:ss): 7:11.07
	Average shared text size (kbytes): 0
	Average unshared data size (kbytes): 0
	Average stack size (kbytes): 0
	Average total size (kbytes): 0
	Maximum resident set size (kbytes): 7851728
	Average resident set size (kbytes): 0
	Major (requiring I/O) page faults: 0
	Minor (reclaiming a frame) page faults: 42015321
	Voluntary context switches: 2172859
	Involuntary context switches: 284243
	Swaps: 0
	File system inputs: 0
	File system outputs: 190856
	Socket messages sent: 0
	Socket messages received: 0
	Signals delivered: 0
	Page size (bytes): 4096
	Exit status: 0
My SLURM_ARRAY_TASK_ID:  10
My TMPDIR IS:  /scratch/local/57980204
Input Genome:>>>>>>>>>>>>>>>>>>>>>>>>>>>>>>>>>>>>>>>>>>>  Aspergillus_fumigatus.gbk
Threads used:>>>>>>>>>>>>>>>>>>>>>>>>>>>>>>>>>>>>>>>>>>>  32
GuideMaker
Your CPU supports instructions that this binary was not compiled to use: SSE4.1 SSE4.2 AVX AVX2
For maximum performance, you can install NMSLIB from sources 
pip install --no-binary :all: nmslib
2020-08-29 05:01:00,850: INFO     Temp directory is: /scratch/local/57980204/guidemaker_z35452ki
2020-08-29 05:01:00,850: INFO     Writing fasta file from genbank file(s)
2020-08-29 05:01:00,851: INFO     check if test/test_data/Aspergillus_fumigatus.gbk is gzipped
2020-08-29 05:01:04,000: INFO     Identifying PAM sites in the genome
2020-08-29 05:02:26,870: INFO     Identifing guides that are unique near the PAM site
2020-08-29 05:02:31,652: INFO     Indexing all potential guide sites: 3499744. This is the longest step.
2020-08-29 05:02:46,516: INFO     M                   = 16
2020-08-29 05:02:46,517: INFO     indexThreadQty      = 32
2020-08-29 05:02:46,517: INFO     efConstruction      = 64
2020-08-29 05:02:46,517: INFO     maxM			          = 16
2020-08-29 05:02:46,517: INFO     maxM0			          = 32
2020-08-29 05:02:46,517: INFO     mult                = 0.360674
2020-08-29 05:02:46,517: INFO     skip_optimized_index= 0
2020-08-29 05:02:46,517: INFO     delaunay_type       = 2
2020-08-29 05:02:46,517: INFO     Set HNSW query-time parameters:
2020-08-29 05:02:46,517: INFO     ef(Search)         =20
2020-08-29 05:02:46,517: INFO     algoType           =2

0%   10   20   30   40   50   60   70   80   90   100%
|----|----|----|----|----|----|----|----|----|----|
***************************************************

0%   10   20   30   40   50   60   70   80   90   100%
|----|----|----|----|----|----|----|----|----|----|
*******************************************************2020-08-29 05:05:08,568: INFO     No appropriate custom distance function for Hamming (bit-storage) space
2020-08-29 05:05:08,569: INFO     searchMethod			  = 0
2020-08-29 05:05:08,847: INFO     Identifying guides that have a hamming distance <= 3 to all other potential guides
2020-08-29 05:05:09,273: INFO     Set HNSW query-time parameters:
2020-08-29 05:05:09,274: INFO     ef(Search)         =256
2020-08-29 05:05:09,274: INFO     algoType           =2
2020-08-29 05:05:31,339: INFO     Formatting data for BedTools
2020-08-29 05:05:31,823: INFO     Create GuideMaker Annotation object
2020-08-29 05:05:31,823: INFO     Identify genomic features
2020-08-29 05:05:31,824: INFO     check if test/test_data/Aspergillus_fumigatus.gbk is gzipped
2020-08-29 05:05:35,903: INFO     Total number of CDS/locus in the input genome: 9630
2020-08-29 05:05:35,903: INFO     Find genomic features closest the guides
2020-08-29 05:05:39,414: INFO     Select guides that start between +100 and -100 of a feature start
2020-08-29 05:05:39,586: INFO     Select description columns
2020-08-29 05:05:39,686: INFO     Format the output
2020-08-29 05:05:39,974: INFO     creating random control guides
2020-08-29 05:05:55,316: INFO     Number of random control searched: 100000
2020-08-29 05:05:55,316: INFO     Percentage of GC content in the input genome: 48.82
2020-08-29 05:05:55,316: INFO     Total length of the genome: 28.0 MB
2020-08-29 05:05:55,316: INFO     created 10 control guides with a minimum distance of 6 and a median distance of 6
2020-08-29 05:05:55,319: INFO     guidemaker completed, results are at TEST
2020-08-29 05:05:55,319: INFO     PAM sequence: NGG
2020-08-29 05:05:55,320: INFO     PAM orientation: 5prime
2020-08-29 05:05:55,320: INFO     Genome strand(s) searched: both
2020-08-29 05:05:55,320: INFO     Total PAM sites considered: 3499744
2020-08-29 05:05:55,320: INFO     Guide RNA candidates found: 11359
	Command being timed: "guidemaker -i test/test_data/Aspergillus_fumigatus.gbk --pamseq NGG --outdir TEST --pam_orientation 5prime --guidelength 20 --strand both --lcp 10 --dist 3 --before 100 --into 100 --knum 10 --controls 10 --log GuideMaker_57980204_10.log --threads 32"
	User time (seconds): 4873.69
	System time (seconds): 199.88
	Percent of CPU this job got: 1674%
	Elapsed (wall clock) time (h:mm:ss or m:ss): 5:02.94
	Average shared text size (kbytes): 0
	Average unshared data size (kbytes): 0
	Average stack size (kbytes): 0
	Average total size (kbytes): 0
	Maximum resident set size (kbytes): 7938952
	Average resident set size (kbytes): 0
	Major (requiring I/O) page faults: 0
	Minor (reclaiming a frame) page faults: 31626630
	Voluntary context switches: 3953878
	Involuntary context switches: 17137
	Swaps: 0
	File system inputs: 0
	File system outputs: 190784
	Socket messages sent: 0
	Socket messages received: 0
	Signals delivered: 0
	Page size (bytes): 4096
	Exit status: 0
