Wed Aug 19 21:27:37 EDT 2020
c22b-s18.ufhpc
/blue/garrett/rp3448/analysis/guidemaker/nonAVXGuidemaker/GuideMaker

     active environment : nonAVX2
    active env location : /home/rp3448/.conda/envs/nonAVX2
            shell level : 2
       user config file : /home/rp3448/.condarc
 populated config files : /home/rp3448/.condarc
          conda version : 4.8.3
    conda-build version : not installed
         python version : 3.8.3.final.0
       virtual packages : __glibc=2.17
       base environment : /apps/conda/4.8.3.0  (read only)
           channel URLs : https://conda.anaconda.org/biobakery/linux-64
                          https://conda.anaconda.org/biobakery/noarch
                          https://conda.anaconda.org/conda-forge/linux-64
                          https://conda.anaconda.org/conda-forge/noarch
                          https://conda.anaconda.org/bioconda/linux-64
                          https://conda.anaconda.org/bioconda/noarch
                          https://repo.anaconda.com/pkgs/main/linux-64
                          https://repo.anaconda.com/pkgs/main/noarch
                          https://repo.anaconda.com/pkgs/r/linux-64
                          https://repo.anaconda.com/pkgs/r/noarch
          package cache : /apps/conda/4.8.3.0/pkgs
                          /home/rp3448/.conda/pkgs
       envs directories : /home/rp3448/.conda/envs
                          /apps/conda/4.8.3.0/envs
               platform : linux-64
             user-agent : conda/4.8.3 requests/2.23.0 CPython/3.8.3 Linux/3.10.0-1062.18.1.el7.x86_64 rhel/7.7 glibc/2.17
                UID:GID : 6472:3511
             netrc file : None
           offline mode : False

My SLURM_ARRAY_TASK_ID:  10
My TMPDIR IS:  /scratch/local/57678217
Input Genome:>>>>>>>>>>>>>>>>>>>>>>>>>>>>>>>>>>>>>>>>>>>  Pseudomonas_aeruginosa_PAO1_107.gbk
Threads used:>>>>>>>>>>>>>>>>>>>>>>>>>>>>>>>>>>>>>>>>>>>  1
GuideMaker
Your CPU supports instructions that this binary was not compiled to use: SSE4.1 SSE4.2 AVX AVX2
For maximum performance, you can install NMSLIB from sources 
pip install --no-binary :all: nmslib
2020-08-19 21:27:43,374: INFO     Temp directory is: /scratch/local/57678217/guidemaker_b_ujj4h0
2020-08-19 21:27:43,375: INFO     Writing fasta file from genbank file(s)
2020-08-19 21:27:43,376: INFO     check if test/test_data/Pseudomonas_aeruginosa_PAO1_107.gbk is gzipped
/home/rp3448/.conda/envs/nonAVX2/lib/python3.7/site-packages/Bio/GenBank/Scanner.py:1400: BiopythonParserWarning: Truncated LOCUS line found - is this correct?
:'LOCUS       NC_002516            6264404 bp    dna     circular UNK \n'
  BiopythonParserWarning,
/home/rp3448/.conda/envs/nonAVX2/lib/python3.7/site-packages/Bio/GenBank/__init__.py:762: BiopythonParserWarning: Non-upper case molecule type in LOCUS line: dna
  BiopythonParserWarning,
2020-08-19 21:27:44,246: INFO     Identifying PAM sites in the genome
2020-08-19 21:28:08,893: INFO     Identifing guides that are unique near the PAM site
2020-08-19 21:28:10,391: INFO     Indexing all potential guide sites: 1171800. This is the longest step.
2020-08-19 21:28:15,286: INFO     M                   = 16
2020-08-19 21:28:15,286: INFO     indexThreadQty      = 1
2020-08-19 21:28:15,286: INFO     efConstruction      = 64
2020-08-19 21:28:15,286: INFO     maxM			          = 16
2020-08-19 21:28:15,286: INFO     maxM0			          = 32
2020-08-19 21:28:15,286: INFO     mult                = 0.360674
2020-08-19 21:28:15,286: INFO     skip_optimized_index= 0
2020-08-19 21:28:15,286: INFO     delaunay_type       = 2
2020-08-19 21:28:15,286: INFO     Set HNSW query-time parameters:
2020-08-19 21:28:15,286: INFO     ef(Search)         =20
2020-08-19 21:28:15,287: INFO     algoType           =2

0%   10   20   30   40   50   60   70   80   90   100%
|----|----|----|----|----|----|----|----|----|----|
***************************************************

0%   10   20   30   40   50   60   70   80   90   100%
|----|----|----|----|----|----|----|----|----|----|
***************************************************
*2020-08-19 21:40:40,527: INFO     No appropriate custom distance function for Hamming (bit-storage) space
2020-08-19 21:40:40,529: INFO     searchMethod			  = 0
2020-08-19 21:40:40,627: INFO     Identifying guides that have a hamming distance <= 3 to all other potential guides
2020-08-19 21:40:40,948: INFO     Set HNSW query-time parameters:
2020-08-19 21:40:40,948: INFO     ef(Search)         =256
2020-08-19 21:40:40,948: INFO     algoType           =2
2020-08-19 21:44:13,098: INFO     Formatting data for BedTools
2020-08-19 21:44:13,544: INFO     Create GuideMaker Annotation object
2020-08-19 21:44:13,544: INFO     Identify genomic features
2020-08-19 21:44:13,544: INFO     check if test/test_data/Pseudomonas_aeruginosa_PAO1_107.gbk is gzipped
2020-08-19 21:44:14,938: INFO     Total number of CDS/locus in the input genome: 5584
2020-08-19 21:44:14,938: INFO     Find genomic features closest the guides
2020-08-19 21:44:17,502: INFO     Select guides that start between +100 and -100 of a feature start
2020-08-19 21:44:17,689: INFO     Select description columns
2020-08-19 21:44:17,741: INFO     Format the output
2020-08-19 21:44:18,807: INFO     creating random control guides
2020-08-19 21:44:32,647: INFO     created 10 control guides with a minimum distance of 7 and a median distance of 7
2020-08-19 21:44:32,650: INFO     guidemaker completed, results are at TEST
2020-08-19 21:44:32,650: INFO     PAM sequence: NGG
2020-08-19 21:44:32,650: INFO     PAM orientation: 5prime
2020-08-19 21:44:32,650: INFO     Genome strand(s) searched: both
2020-08-19 21:44:32,650: INFO     Total PAM sites considered: 1171800
2020-08-19 21:44:32,650: INFO     Guide RNA candidates found: 45720
	Command being timed: "guidemaker -i test/test_data/Pseudomonas_aeruginosa_PAO1_107.gbk --pamseq NGG --outdir TEST --pam_orientation 5prime --guidelength 20 --strand both --lcp 10 --dist 3 --before 100 --into 100 --knum 10 --controls 10 --log GuideMaker_57678217_10.log --threads 1"
	User time (seconds): 1008.20
	System time (seconds): 7.00
	Percent of CPU this job got: 100%
	Elapsed (wall clock) time (h:mm:ss or m:ss): 16:53.99
	Average shared text size (kbytes): 0
	Average unshared data size (kbytes): 0
	Average stack size (kbytes): 0
	Average total size (kbytes): 0
	Maximum resident set size (kbytes): 2688604
	Average resident set size (kbytes): 0
	Major (requiring I/O) page faults: 122
	Minor (reclaiming a frame) page faults: 6225676
	Voluntary context switches: 3886
	Involuntary context switches: 143227
	Swaps: 0
	File system inputs: 337200
	File system outputs: 185552
	Socket messages sent: 0
	Socket messages received: 0
	Signals delivered: 0
	Page size (bytes): 4096
	Exit status: 0
My SLURM_ARRAY_TASK_ID:  10
My TMPDIR IS:  /scratch/local/57678217
Input Genome:>>>>>>>>>>>>>>>>>>>>>>>>>>>>>>>>>>>>>>>>>>>  Pseudomonas_aeruginosa_PAO1_107.gbk
Threads used:>>>>>>>>>>>>>>>>>>>>>>>>>>>>>>>>>>>>>>>>>>>  2
GuideMaker
Your CPU supports instructions that this binary was not compiled to use: SSE4.1 SSE4.2 AVX AVX2
For maximum performance, you can install NMSLIB from sources 
pip install --no-binary :all: nmslib
2020-08-19 21:44:35,775: INFO     Temp directory is: /scratch/local/57678217/guidemaker_oby6nxgy
2020-08-19 21:44:35,776: INFO     Writing fasta file from genbank file(s)
2020-08-19 21:44:35,776: INFO     check if test/test_data/Pseudomonas_aeruginosa_PAO1_107.gbk is gzipped
/home/rp3448/.conda/envs/nonAVX2/lib/python3.7/site-packages/Bio/GenBank/Scanner.py:1400: BiopythonParserWarning: Truncated LOCUS line found - is this correct?
:'LOCUS       NC_002516            6264404 bp    dna     circular UNK \n'
  BiopythonParserWarning,
/home/rp3448/.conda/envs/nonAVX2/lib/python3.7/site-packages/Bio/GenBank/__init__.py:762: BiopythonParserWarning: Non-upper case molecule type in LOCUS line: dna
  BiopythonParserWarning,
2020-08-19 21:44:36,567: INFO     Identifying PAM sites in the genome
2020-08-19 21:45:01,967: INFO     Identifing guides that are unique near the PAM site
2020-08-19 21:45:03,456: INFO     Indexing all potential guide sites: 1171800. This is the longest step.
2020-08-19 21:45:08,360: INFO     M                   = 16
2020-08-19 21:45:08,360: INFO     indexThreadQty      = 2
2020-08-19 21:45:08,360: INFO     efConstruction      = 64
2020-08-19 21:45:08,360: INFO     maxM			          = 16
2020-08-19 21:45:08,360: INFO     maxM0			          = 32
2020-08-19 21:45:08,360: INFO     mult                = 0.360674
2020-08-19 21:45:08,360: INFO     skip_optimized_index= 0
2020-08-19 21:45:08,360: INFO     delaunay_type       = 2
2020-08-19 21:45:08,361: INFO     Set HNSW query-time parameters:
2020-08-19 21:45:08,361: INFO     ef(Search)         =20
2020-08-19 21:45:08,361: INFO     algoType           =2

0%   10   20   30   40   50   60   70   80   90   100%
|----|----|----|----|----|----|----|----|----|----|
***************************************************

0%   10   20   30   40   50   60   70   80   90   100%
|----|----|----|----|----|----|----|----|----|----|
****************************************************2020-08-19 21:52:11,063: INFO     No appropriate custom distance function for Hamming (bit-storage) space
2020-08-19 21:52:11,064: INFO     searchMethod			  = 0
2020-08-19 21:52:11,156: INFO     Identifying guides that have a hamming distance <= 3 to all other potential guides
2020-08-19 21:52:11,475: INFO     Set HNSW query-time parameters:
2020-08-19 21:52:11,476: INFO     ef(Search)         =256
2020-08-19 21:52:11,476: INFO     algoType           =2
2020-08-19 21:54:20,924: INFO     Formatting data for BedTools
2020-08-19 21:54:21,305: INFO     Create GuideMaker Annotation object
2020-08-19 21:54:21,306: INFO     Identify genomic features
2020-08-19 21:54:21,306: INFO     check if test/test_data/Pseudomonas_aeruginosa_PAO1_107.gbk is gzipped
2020-08-19 21:54:22,793: INFO     Total number of CDS/locus in the input genome: 5584
2020-08-19 21:54:22,793: INFO     Find genomic features closest the guides
2020-08-19 21:54:25,497: INFO     Select guides that start between +100 and -100 of a feature start
2020-08-19 21:54:25,676: INFO     Select description columns
2020-08-19 21:54:25,727: INFO     Format the output
2020-08-19 21:54:26,844: INFO     creating random control guides
2020-08-19 21:55:52,816: INFO     created 10 control guides with a minimum distance of 7 and a median distance of 7
2020-08-19 21:55:52,822: INFO     guidemaker completed, results are at TEST
2020-08-19 21:55:52,823: INFO     PAM sequence: NGG
2020-08-19 21:55:52,823: INFO     PAM orientation: 5prime
2020-08-19 21:55:52,823: INFO     Genome strand(s) searched: both
2020-08-19 21:55:52,823: INFO     Total PAM sites considered: 1171800
2020-08-19 21:55:52,823: INFO     Guide RNA candidates found: 45720
Number of random control searched:  100000
	Command being timed: "guidemaker -i test/test_data/Pseudomonas_aeruginosa_PAO1_107.gbk --pamseq NGG --outdir TEST --pam_orientation 5prime --guidelength 20 --strand both --lcp 10 --dist 3 --before 100 --into 100 --knum 10 --controls 10 --log GuideMaker_57678217_10.log --threads 2"
	User time (seconds): 1256.92
	System time (seconds): 48.18
	Percent of CPU this job got: 191%
	Elapsed (wall clock) time (h:mm:ss or m:ss): 11:20.60
	Average shared text size (kbytes): 0
	Average unshared data size (kbytes): 0
	Average stack size (kbytes): 0
	Average total size (kbytes): 0
	Maximum resident set size (kbytes): 2854420
	Average resident set size (kbytes): 0
	Major (requiring I/O) page faults: 0
	Minor (reclaiming a frame) page faults: 28060239
	Voluntary context switches: 93679
	Involuntary context switches: 2821
	Swaps: 0
	File system inputs: 0
	File system outputs: 185384
	Socket messages sent: 0
	Socket messages received: 0
	Signals delivered: 0
	Page size (bytes): 4096
	Exit status: 0
My SLURM_ARRAY_TASK_ID:  10
My TMPDIR IS:  /scratch/local/57678217
Input Genome:>>>>>>>>>>>>>>>>>>>>>>>>>>>>>>>>>>>>>>>>>>>  Pseudomonas_aeruginosa_PAO1_107.gbk
Threads used:>>>>>>>>>>>>>>>>>>>>>>>>>>>>>>>>>>>>>>>>>>>  4
GuideMaker
Your CPU supports instructions that this binary was not compiled to use: SSE4.1 SSE4.2 AVX AVX2
For maximum performance, you can install NMSLIB from sources 
pip install --no-binary :all: nmslib
2020-08-19 21:55:56,319: INFO     Temp directory is: /scratch/local/57678217/guidemaker_90vgjqbc
2020-08-19 21:55:56,319: INFO     Writing fasta file from genbank file(s)
2020-08-19 21:55:56,320: INFO     check if test/test_data/Pseudomonas_aeruginosa_PAO1_107.gbk is gzipped
/home/rp3448/.conda/envs/nonAVX2/lib/python3.7/site-packages/Bio/GenBank/Scanner.py:1400: BiopythonParserWarning: Truncated LOCUS line found - is this correct?
:'LOCUS       NC_002516            6264404 bp    dna     circular UNK \n'
  BiopythonParserWarning,
/home/rp3448/.conda/envs/nonAVX2/lib/python3.7/site-packages/Bio/GenBank/__init__.py:762: BiopythonParserWarning: Non-upper case molecule type in LOCUS line: dna
  BiopythonParserWarning,
2020-08-19 21:55:57,115: INFO     Identifying PAM sites in the genome
2020-08-19 21:56:21,828: INFO     Identifing guides that are unique near the PAM site
2020-08-19 21:56:23,371: INFO     Indexing all potential guide sites: 1171800. This is the longest step.
2020-08-19 21:56:28,439: INFO     M                   = 16
2020-08-19 21:56:28,439: INFO     indexThreadQty      = 4
2020-08-19 21:56:28,439: INFO     efConstruction      = 64
2020-08-19 21:56:28,440: INFO     maxM			          = 16
2020-08-19 21:56:28,440: INFO     maxM0			          = 32
2020-08-19 21:56:28,440: INFO     mult                = 0.360674
2020-08-19 21:56:28,440: INFO     skip_optimized_index= 0
2020-08-19 21:56:28,440: INFO     delaunay_type       = 2
2020-08-19 21:56:28,440: INFO     Set HNSW query-time parameters:
2020-08-19 21:56:28,440: INFO     ef(Search)         =20
2020-08-19 21:56:28,440: INFO     algoType           =2

0%   10   20   30   40   50   60   70   80   90   100%
|----|----|----|----|----|----|----|----|----|----|
***************************************************

0%   10   20   30   40   50   60   70   80   90   100%
|----|----|----|----|----|----|----|----|----|----|
****************************************************2020-08-19 22:00:05,429: INFO     No appropriate custom distance function for Hamming (bit-storage) space
2020-08-19 22:00:05,429: INFO     searchMethod			  = 0
2020-08-19 22:00:05,527: INFO     Identifying guides that have a hamming distance <= 3 to all other potential guides
2020-08-19 22:00:05,846: INFO     Set HNSW query-time parameters:
2020-08-19 22:00:05,847: INFO     ef(Search)         =256
2020-08-19 22:00:05,847: INFO     algoType           =2
2020-08-19 22:01:13,350: INFO     Formatting data for BedTools
2020-08-19 22:01:13,740: INFO     Create GuideMaker Annotation object
2020-08-19 22:01:13,740: INFO     Identify genomic features
2020-08-19 22:01:13,741: INFO     check if test/test_data/Pseudomonas_aeruginosa_PAO1_107.gbk is gzipped
2020-08-19 22:01:15,123: INFO     Total number of CDS/locus in the input genome: 5584
2020-08-19 22:01:15,123: INFO     Find genomic features closest the guides
2020-08-19 22:01:17,739: INFO     Select guides that start between +100 and -100 of a feature start
2020-08-19 22:01:17,916: INFO     Select description columns
2020-08-19 22:01:17,965: INFO     Format the output
2020-08-19 22:01:19,088: INFO     creating random control guides
2020-08-19 22:02:05,386: INFO     created 10 control guides with a minimum distance of 7 and a median distance of 7
2020-08-19 22:02:05,390: INFO     guidemaker completed, results are at TEST
2020-08-19 22:02:05,390: INFO     PAM sequence: NGG
2020-08-19 22:02:05,390: INFO     PAM orientation: 5prime
2020-08-19 22:02:05,390: INFO     Genome strand(s) searched: both
2020-08-19 22:02:05,390: INFO     Total PAM sites considered: 1171800
2020-08-19 22:02:05,390: INFO     Guide RNA candidates found: 45720
Number of random control searched:  100000
	Command being timed: "guidemaker -i test/test_data/Pseudomonas_aeruginosa_PAO1_107.gbk --pamseq NGG --outdir TEST --pam_orientation 5prime --guidelength 20 --strand both --lcp 10 --dist 3 --before 100 --into 100 --knum 10 --controls 10 --log GuideMaker_57678217_10.log --threads 4"
	User time (seconds): 1287.70
	System time (seconds): 31.47
	Percent of CPU this job got: 354%
	Elapsed (wall clock) time (h:mm:ss or m:ss): 6:12.26
	Average shared text size (kbytes): 0
	Average unshared data size (kbytes): 0
	Average stack size (kbytes): 0
	Average total size (kbytes): 0
	Maximum resident set size (kbytes): 2848416
	Average resident set size (kbytes): 0
	Major (requiring I/O) page faults: 0
	Minor (reclaiming a frame) page faults: 16914262
	Voluntary context switches: 141595
	Involuntary context switches: 1824
	Swaps: 0
	File system inputs: 24
	File system outputs: 185336
	Socket messages sent: 0
	Socket messages received: 0
	Signals delivered: 0
	Page size (bytes): 4096
	Exit status: 0
My SLURM_ARRAY_TASK_ID:  10
My TMPDIR IS:  /scratch/local/57678217
Input Genome:>>>>>>>>>>>>>>>>>>>>>>>>>>>>>>>>>>>>>>>>>>>  Pseudomonas_aeruginosa_PAO1_107.gbk
Threads used:>>>>>>>>>>>>>>>>>>>>>>>>>>>>>>>>>>>>>>>>>>>  8
GuideMaker
Your CPU supports instructions that this binary was not compiled to use: SSE4.1 SSE4.2 AVX AVX2
For maximum performance, you can install NMSLIB from sources 
pip install --no-binary :all: nmslib
2020-08-19 22:02:08,707: INFO     Temp directory is: /scratch/local/57678217/guidemaker_a9mumajr
2020-08-19 22:02:08,707: INFO     Writing fasta file from genbank file(s)
2020-08-19 22:02:08,708: INFO     check if test/test_data/Pseudomonas_aeruginosa_PAO1_107.gbk is gzipped
/home/rp3448/.conda/envs/nonAVX2/lib/python3.7/site-packages/Bio/GenBank/Scanner.py:1400: BiopythonParserWarning: Truncated LOCUS line found - is this correct?
:'LOCUS       NC_002516            6264404 bp    dna     circular UNK \n'
  BiopythonParserWarning,
/home/rp3448/.conda/envs/nonAVX2/lib/python3.7/site-packages/Bio/GenBank/__init__.py:762: BiopythonParserWarning: Non-upper case molecule type in LOCUS line: dna
  BiopythonParserWarning,
2020-08-19 22:02:09,502: INFO     Identifying PAM sites in the genome
2020-08-19 22:02:34,061: INFO     Identifing guides that are unique near the PAM site
2020-08-19 22:02:35,594: INFO     Indexing all potential guide sites: 1171800. This is the longest step.
2020-08-19 22:02:40,524: INFO     M                   = 16
2020-08-19 22:02:40,524: INFO     indexThreadQty      = 8
2020-08-19 22:02:40,524: INFO     efConstruction      = 64
2020-08-19 22:02:40,524: INFO     maxM			          = 16
2020-08-19 22:02:40,524: INFO     maxM0			          = 32
2020-08-19 22:02:40,524: INFO     mult                = 0.360674
2020-08-19 22:02:40,524: INFO     skip_optimized_index= 0
2020-08-19 22:02:40,525: INFO     delaunay_type       = 2
2020-08-19 22:02:40,525: INFO     Set HNSW query-time parameters:
2020-08-19 22:02:40,525: INFO     ef(Search)         =20
2020-08-19 22:02:40,525: INFO     algoType           =2

0%   10   20   30   40   50   60   70   80   90   100%
|----|----|----|----|----|----|----|----|----|----|
***************************************************

0%   10   20   30   40   50   60   70   80   90   100%
|----|----|----|----|----|----|----|----|----|----|
******************************************************




2020-08-19 22:04:35,995: INFO     No appropriate custom distance function for Hamming (bit-storage) space
2020-08-19 22:04:35,995: INFO     searchMethod			  = 0
2020-08-19 22:04:36,092: INFO     Identifying guides that have a hamming distance <= 3 to all other potential guides
2020-08-19 22:04:36,428: INFO     Set HNSW query-time parameters:
2020-08-19 22:04:36,428: INFO     ef(Search)         =256
2020-08-19 22:04:36,429: INFO     algoType           =2
2020-08-19 22:05:14,641: INFO     Formatting data for BedTools
2020-08-19 22:05:15,040: INFO     Create GuideMaker Annotation object
2020-08-19 22:05:15,041: INFO     Identify genomic features
2020-08-19 22:05:15,041: INFO     check if test/test_data/Pseudomonas_aeruginosa_PAO1_107.gbk is gzipped
2020-08-19 22:05:16,408: INFO     Total number of CDS/locus in the input genome: 5584
2020-08-19 22:05:16,408: INFO     Find genomic features closest the guides
2020-08-19 22:05:19,011: INFO     Select guides that start between +100 and -100 of a feature start
2020-08-19 22:05:19,192: INFO     Select description columns
2020-08-19 22:05:19,241: INFO     Format the output
2020-08-19 22:05:20,359: INFO     creating random control guides
2020-08-19 22:05:46,669: INFO     created 10 control guides with a minimum distance of 7 and a median distance of 7
2020-08-19 22:05:46,673: INFO     guidemaker completed, results are at TEST
2020-08-19 22:05:46,673: INFO     PAM sequence: NGG
2020-08-19 22:05:46,673: INFO     PAM orientation: 5prime
2020-08-19 22:05:46,673: INFO     Genome strand(s) searched: both
2020-08-19 22:05:46,673: INFO     Total PAM sites considered: 1171800
2020-08-19 22:05:46,673: INFO     Guide RNA candidates found: 45720
Number of random control searched:  100000
	Command being timed: "guidemaker -i test/test_data/Pseudomonas_aeruginosa_PAO1_107.gbk --pamseq NGG --outdir TEST --pam_orientation 5prime --guidelength 20 --strand both --lcp 10 --dist 3 --before 100 --into 100 --knum 10 --controls 10 --log GuideMaker_57678217_10.log --threads 8"
	User time (seconds): 1344.17
	System time (seconds): 31.44
	Percent of CPU this job got: 621%
	Elapsed (wall clock) time (h:mm:ss or m:ss): 3:41.35
	Average shared text size (kbytes): 0
	Average unshared data size (kbytes): 0
	Average stack size (kbytes): 0
	Average total size (kbytes): 0
	Maximum resident set size (kbytes): 2882820
	Average resident set size (kbytes): 0
	Major (requiring I/O) page faults: 0
	Minor (reclaiming a frame) page faults: 14706993
	Voluntary context switches: 256901
	Involuntary context switches: 120535
	Swaps: 0
	File system inputs: 8
	File system outputs: 185248
	Socket messages sent: 0
	Socket messages received: 0
	Signals delivered: 0
	Page size (bytes): 4096
	Exit status: 0
My SLURM_ARRAY_TASK_ID:  10
My TMPDIR IS:  /scratch/local/57678217
Input Genome:>>>>>>>>>>>>>>>>>>>>>>>>>>>>>>>>>>>>>>>>>>>  Pseudomonas_aeruginosa_PAO1_107.gbk
Threads used:>>>>>>>>>>>>>>>>>>>>>>>>>>>>>>>>>>>>>>>>>>>  16
GuideMaker
Your CPU supports instructions that this binary was not compiled to use: SSE4.1 SSE4.2 AVX AVX2
For maximum performance, you can install NMSLIB from sources 
pip install --no-binary :all: nmslib
2020-08-19 22:05:49,980: INFO     Temp directory is: /scratch/local/57678217/guidemaker_48m1nucy
2020-08-19 22:05:49,980: INFO     Writing fasta file from genbank file(s)
2020-08-19 22:05:49,981: INFO     check if test/test_data/Pseudomonas_aeruginosa_PAO1_107.gbk is gzipped
/home/rp3448/.conda/envs/nonAVX2/lib/python3.7/site-packages/Bio/GenBank/Scanner.py:1400: BiopythonParserWarning: Truncated LOCUS line found - is this correct?
:'LOCUS       NC_002516            6264404 bp    dna     circular UNK \n'
  BiopythonParserWarning,
/home/rp3448/.conda/envs/nonAVX2/lib/python3.7/site-packages/Bio/GenBank/__init__.py:762: BiopythonParserWarning: Non-upper case molecule type in LOCUS line: dna
  BiopythonParserWarning,
2020-08-19 22:05:50,790: INFO     Identifying PAM sites in the genome
2020-08-19 22:06:15,530: INFO     Identifing guides that are unique near the PAM site
2020-08-19 22:06:17,042: INFO     Indexing all potential guide sites: 1171800. This is the longest step.
2020-08-19 22:06:22,029: INFO     M                   = 16
2020-08-19 22:06:22,029: INFO     indexThreadQty      = 16
2020-08-19 22:06:22,029: INFO     efConstruction      = 64
2020-08-19 22:06:22,029: INFO     maxM			          = 16
2020-08-19 22:06:22,029: INFO     maxM0			          = 32
2020-08-19 22:06:22,029: INFO     mult                = 0.360674
2020-08-19 22:06:22,029: INFO     skip_optimized_index= 0
2020-08-19 22:06:22,029: INFO     delaunay_type       = 2
2020-08-19 22:06:22,029: INFO     Set HNSW query-time parameters:
2020-08-19 22:06:22,030: INFO     ef(Search)         =20
2020-08-19 22:06:22,030: INFO     algoType           =2

0%   10   20   30   40   50   60   70   80   90   100%
|----|----|----|----|----|----|----|----|----|----|
***************************************************

0%   10   20   30   40   50   60   70   80   90   100%
|----|----|----|----|----|----|----|----|----|----|
******************************************************




2020-08-19 22:07:27,525: INFO     No appropriate custom distance function for Hamming (bit-storage) space
2020-08-19 22:07:27,526: INFO     searchMethod			  = 0
2020-08-19 22:07:27,621: INFO     Identifying guides that have a hamming distance <= 3 to all other potential guides
2020-08-19 22:07:27,950: INFO     Set HNSW query-time parameters:
2020-08-19 22:07:27,950: INFO     ef(Search)         =256
2020-08-19 22:07:27,950: INFO     algoType           =2
2020-08-19 22:07:52,688: INFO     Formatting data for BedTools
2020-08-19 22:07:53,068: INFO     Create GuideMaker Annotation object
2020-08-19 22:07:53,068: INFO     Identify genomic features
2020-08-19 22:07:53,069: INFO     check if test/test_data/Pseudomonas_aeruginosa_PAO1_107.gbk is gzipped
2020-08-19 22:07:54,430: INFO     Total number of CDS/locus in the input genome: 5584
2020-08-19 22:07:54,430: INFO     Find genomic features closest the guides
2020-08-19 22:07:57,021: INFO     Select guides that start between +100 and -100 of a feature start
2020-08-19 22:07:57,194: INFO     Select description columns
2020-08-19 22:07:57,241: INFO     Format the output
2020-08-19 22:07:58,277: INFO     creating random control guides
2020-08-19 22:08:15,798: INFO     created 10 control guides with a minimum distance of 7 and a median distance of 7
2020-08-19 22:08:15,800: INFO     guidemaker completed, results are at TEST
2020-08-19 22:08:15,800: INFO     PAM sequence: NGG
2020-08-19 22:08:15,800: INFO     PAM orientation: 5prime
2020-08-19 22:08:15,800: INFO     Genome strand(s) searched: both
2020-08-19 22:08:15,800: INFO     Total PAM sites considered: 1171800
2020-08-19 22:08:15,800: INFO     Guide RNA candidates found: 45720
Number of random control searched:  100000
	Command being timed: "guidemaker -i test/test_data/Pseudomonas_aeruginosa_PAO1_107.gbk --pamseq NGG --outdir TEST --pam_orientation 5prime --guidelength 20 --strand both --lcp 10 --dist 3 --before 100 --into 100 --knum 10 --controls 10 --log GuideMaker_57678217_10.log --threads 16"
	User time (seconds): 1474.61
	System time (seconds): 48.22
	Percent of CPU this job got: 1020%
	Elapsed (wall clock) time (h:mm:ss or m:ss): 2:29.25
	Average shared text size (kbytes): 0
	Average unshared data size (kbytes): 0
	Average stack size (kbytes): 0
	Average total size (kbytes): 0
	Maximum resident set size (kbytes): 2927032
	Average resident set size (kbytes): 0
	Major (requiring I/O) page faults: 0
	Minor (reclaiming a frame) page faults: 13443903
	Voluntary context switches: 505557
	Involuntary context switches: 83174
	Swaps: 0
	File system inputs: 0
	File system outputs: 185224
	Socket messages sent: 0
	Socket messages received: 0
	Signals delivered: 0
	Page size (bytes): 4096
	Exit status: 0
My SLURM_ARRAY_TASK_ID:  10
My TMPDIR IS:  /scratch/local/57678217
Input Genome:>>>>>>>>>>>>>>>>>>>>>>>>>>>>>>>>>>>>>>>>>>>  Pseudomonas_aeruginosa_PAO1_107.gbk
Threads used:>>>>>>>>>>>>>>>>>>>>>>>>>>>>>>>>>>>>>>>>>>>  32
GuideMaker
Your CPU supports instructions that this binary was not compiled to use: SSE4.1 SSE4.2 AVX AVX2
For maximum performance, you can install NMSLIB from sources 
pip install --no-binary :all: nmslib
2020-08-19 22:08:19,180: INFO     Temp directory is: /scratch/local/57678217/guidemaker_kzqst3el
2020-08-19 22:08:19,180: INFO     Writing fasta file from genbank file(s)
2020-08-19 22:08:19,181: INFO     check if test/test_data/Pseudomonas_aeruginosa_PAO1_107.gbk is gzipped
/home/rp3448/.conda/envs/nonAVX2/lib/python3.7/site-packages/Bio/GenBank/Scanner.py:1400: BiopythonParserWarning: Truncated LOCUS line found - is this correct?
:'LOCUS       NC_002516            6264404 bp    dna     circular UNK \n'
  BiopythonParserWarning,
/home/rp3448/.conda/envs/nonAVX2/lib/python3.7/site-packages/Bio/GenBank/__init__.py:762: BiopythonParserWarning: Non-upper case molecule type in LOCUS line: dna
  BiopythonParserWarning,
2020-08-19 22:08:19,968: INFO     Identifying PAM sites in the genome
2020-08-19 22:08:46,203: INFO     Identifing guides that are unique near the PAM site
2020-08-19 22:08:47,740: INFO     Indexing all potential guide sites: 1171800. This is the longest step.
2020-08-19 22:08:52,786: INFO     M                   = 16
2020-08-19 22:08:52,786: INFO     indexThreadQty      = 32
2020-08-19 22:08:52,786: INFO     efConstruction      = 64
2020-08-19 22:08:52,786: INFO     maxM			          = 16
2020-08-19 22:08:52,787: INFO     maxM0			          = 32
2020-08-19 22:08:52,787: INFO     mult                = 0.360674
2020-08-19 22:08:52,787: INFO     skip_optimized_index= 0
2020-08-19 22:08:52,787: INFO     delaunay_type       = 2
2020-08-19 22:08:52,787: INFO     Set HNSW query-time parameters:
2020-08-19 22:08:52,787: INFO     ef(Search)         =20
2020-08-19 22:08:52,787: INFO     algoType           =2

0%   10   20   30   40   50   60   70   80   90   100%
|----|----|----|----|----|----|----|----|----|----|
***************************************************

0%   10   20   30   40   50   60   70   80   90   100%
|----|----|----|----|----|----|----|----|----|----|
*******************************************************2020-08-19 22:09:28,703: INFO     No appropriate custom distance function for Hamming (bit-storage) space
2020-08-19 22:09:28,704: INFO     searchMethod			  = 0
2020-08-19 22:09:28,801: INFO     Identifying guides that have a hamming distance <= 3 to all other potential guides
2020-08-19 22:09:29,133: INFO     Set HNSW query-time parameters:
2020-08-19 22:09:29,133: INFO     ef(Search)         =256
2020-08-19 22:09:29,134: INFO     algoType           =2
2020-08-19 22:09:46,628: INFO     Formatting data for BedTools
2020-08-19 22:09:47,018: INFO     Create GuideMaker Annotation object
2020-08-19 22:09:47,018: INFO     Identify genomic features
2020-08-19 22:09:47,020: INFO     check if test/test_data/Pseudomonas_aeruginosa_PAO1_107.gbk is gzipped
2020-08-19 22:09:48,407: INFO     Total number of CDS/locus in the input genome: 5584
2020-08-19 22:09:48,408: INFO     Find genomic features closest the guides
2020-08-19 22:09:51,252: INFO     Select guides that start between +100 and -100 of a feature start
2020-08-19 22:09:51,459: INFO     Select description columns
2020-08-19 22:09:51,515: INFO     Format the output
2020-08-19 22:09:52,635: INFO     creating random control guides
2020-08-19 22:10:05,174: INFO     created 10 control guides with a minimum distance of 7 and a median distance of 7
2020-08-19 22:10:05,177: INFO     guidemaker completed, results are at TEST
2020-08-19 22:10:05,177: INFO     PAM sequence: NGG
2020-08-19 22:10:05,177: INFO     PAM orientation: 5prime
2020-08-19 22:10:05,177: INFO     Genome strand(s) searched: both
2020-08-19 22:10:05,177: INFO     Total PAM sites considered: 1171800
2020-08-19 22:10:05,177: INFO     Guide RNA candidates found: 45720
Number of random control searched:  100000
	Command being timed: "guidemaker -i test/test_data/Pseudomonas_aeruginosa_PAO1_107.gbk --pamseq NGG --outdir TEST --pam_orientation 5prime --guidelength 20 --strand both --lcp 10 --dist 3 --before 100 --into 100 --knum 10 --controls 10 --log GuideMaker_57678217_10.log --threads 32"
	User time (seconds): 1596.25
	System time (seconds): 53.30
	Percent of CPU this job got: 1507%
	Elapsed (wall clock) time (h:mm:ss or m:ss): 1:49.40
	Average shared text size (kbytes): 0
	Average unshared data size (kbytes): 0
	Average stack size (kbytes): 0
	Average total size (kbytes): 0
	Maximum resident set size (kbytes): 2942164
	Average resident set size (kbytes): 0
	Major (requiring I/O) page faults: 0
	Minor (reclaiming a frame) page faults: 8836740
	Voluntary context switches: 831544
	Involuntary context switches: 60571
	Swaps: 0
	File system inputs: 0
	File system outputs: 185192
	Socket messages sent: 0
	Socket messages received: 0
	Signals delivered: 0
	Page size (bytes): 4096
	Exit status: 0
