Thu Feb  4 19:43:30 EST 2021
c27b-s38.ufhpc
/blue/garrett/rp3448/analysis/guidemaker/nonAVXGuidemaker

     active environment : NONAVX2
    active env location : /home/rp3448/.conda/envs/NONAVX2
            shell level : 3
       user config file : /home/rp3448/.condarc
 populated config files : /home/rp3448/.condarc
          conda version : 4.9.2
    conda-build version : not installed
         python version : 3.9.1.final.0
       virtual packages : __glibc=2.17=0
                          __unix=0=0
                          __archspec=1=x86_64
       base environment : /apps/conda/4.9.2  (read only)
           channel URLs : https://conda.anaconda.org/biobakery/linux-64
                          https://conda.anaconda.org/biobakery/noarch
                          https://conda.anaconda.org/conda-forge/linux-64
                          https://conda.anaconda.org/conda-forge/noarch
                          https://conda.anaconda.org/bioconda/linux-64
                          https://conda.anaconda.org/bioconda/noarch
                          https://repo.anaconda.com/pkgs/main/linux-64
                          https://repo.anaconda.com/pkgs/main/noarch
                          https://repo.anaconda.com/pkgs/r/linux-64
                          https://repo.anaconda.com/pkgs/r/noarch
          package cache : /apps/conda/4.9.2/pkgs
                          /home/rp3448/.conda/pkgs
       envs directories : /home/rp3448/.conda/envs
                          /apps/conda/4.9.2/envs
               platform : linux-64
             user-agent : conda/4.9.2 requests/2.25.1 CPython/3.9.1 Linux/3.10.0-1062.18.1.el7.x86_64 rhel/7.7 glibc/2.17
                UID:GID : 6472:3511
             netrc file : None
           offline mode : False

My SLURM_ARRAY_TASK_ID:  3
My TMPDIR IS:  /scratch/local/63831015
Input Genome:>>>>>>>>>>>>>>>>>>>>>>>>>>>>>>>>>>>>>>>>>>>  Pseudomonas_aeruginosa_PAO1_107.gbk
Input PAM:>>>>>>>>>>>>>>>>>>>>>>>>>>>>>>>>>>>>>>>>>>>  NGRRT
Threads used:>>>>>>>>>>>>>>>>>>>>>>>>>>>>>>>>>>>>>>>>>>>  1
GuideMaker
Your CPU supports instructions that this binary was not compiled to use: SSE4.1 SSE4.2 AVX AVX2
For maximum performance, you can install NMSLIB from sources 
pip install --no-binary :all: nmslib
2021-02-04 19:43:35,764: INFO     Temp directory is: /scratch/local/63831015/guidemaker_s7j8_pzj
2021-02-04 19:43:35,765: INFO     Writing fasta file from genbank file(s)
2021-02-04 19:43:35,765: INFO     check if ../all_test_data/Pseudomonas_aeruginosa_PAO1_107.gbk is gzipped
/home/rp3448/.conda/envs/NONAVX2/lib/python3.7/site-packages/Bio/GenBank/Scanner.py:1400: BiopythonParserWarning: Truncated LOCUS line found - is this correct?
:'LOCUS       NC_002516            6264404 bp    dna     circular UNK \n'
  BiopythonParserWarning,
/home/rp3448/.conda/envs/NONAVX2/lib/python3.7/site-packages/Bio/GenBank/__init__.py:762: BiopythonParserWarning: Non-upper case molecule type in LOCUS line: dna
  BiopythonParserWarning,
2021-02-04 19:43:36,564: INFO     Identifying PAM sites in the genome
2021-02-04 19:43:41,869: INFO     Checking guides for restriction enzymes
2021-02-04 19:43:41,903: INFO     Number of guides removed after checking for restriction enzymes: 0
2021-02-04 19:43:41,904: INFO     Identifing guides that are unique near the PAM site
2021-02-04 19:43:42,096: INFO     Number of guides removed after checking for unique PAM: 31221
2021-02-04 19:43:42,096: INFO     Indexing all potential guide sites: 132115. This is the longest step.
2021-02-04 19:43:42,663: INFO     M                   = 16
2021-02-04 19:43:42,663: INFO     indexThreadQty      = 1
2021-02-04 19:43:42,663: INFO     efConstruction      = 10
2021-02-04 19:43:42,663: INFO     maxM			          = 16
2021-02-04 19:43:42,663: INFO     maxM0			          = 32
2021-02-04 19:43:42,663: INFO     mult                = 0.360674
2021-02-04 19:43:42,663: INFO     skip_optimized_index= 0
2021-02-04 19:43:42,663: INFO     delaunay_type       = 2
2021-02-04 19:43:42,663: INFO     Set HNSW query-time parameters:
2021-02-04 19:43:42,664: INFO     ef(Search)         =20
2021-02-04 19:43:42,664: INFO     algoType           =2

0%   10   20   30   40   50   60   70   80   90   100%
|----|----|----|----|----|----|----|----|----|----|
***************************************************

0%   10   20   30   40   50   60   70   80   90   100%
|----|----|----|----|----|----|----|----|----|----|
***************************************************
*2021-02-04 19:43:52,504: INFO     No appropriate custom distance function for Hamming (bit-storage) space
2021-02-04 19:43:52,504: INFO     searchMethod			  = 0
2021-02-04 19:43:52,516: INFO     Identifying guides that have a hamming distance <= 3 to all other potential guides
2021-02-04 19:43:52,680: INFO     Set HNSW query-time parameters:
2021-02-04 19:43:52,680: INFO     ef(Search)         =9
2021-02-04 19:43:52,680: INFO     algoType           =2
2021-02-04 19:44:00,523: INFO     Formatting data for BedTools
2021-02-04 19:44:00,697: INFO     Create GuideMaker Annotation object
2021-02-04 19:44:00,697: INFO     Identify genomic features
2021-02-04 19:44:00,697: INFO     check if ../all_test_data/Pseudomonas_aeruginosa_PAO1_107.gbk is gzipped
2021-02-04 19:44:01,678: INFO     Total number of CDS/locus in the input genome: 5584
2021-02-04 19:44:01,678: INFO     Find genomic features closest the guides
2021-02-04 19:44:03,063: INFO     Select guides that start between +500 and -500 of a feature start
2021-02-04 19:44:03,238: INFO     Select description columns
2021-02-04 19:44:03,286: INFO     Format the output
2021-02-04 19:44:04,017: INFO     Number of Guides within a gene coordinates i.e. zero Feature distance: 41573
2021-02-04 19:44:04,902: INFO     creating random control guides
2021-02-04 19:44:04,994: INFO     Number of random control searched: 100
2021-02-04 19:44:04,994: INFO     Percentage of GC content in the input genome: 66.56
2021-02-04 19:44:04,994: INFO     Total length of the genome: 6.0 MB
2021-02-04 19:44:04,994: INFO     created 10 control guides with a minimum distance of 7 and a median distance of 8
2021-02-04 19:44:04,997: INFO     guidemaker completed, results are at TEST
2021-02-04 19:44:04,997: INFO     PAM sequence: NGRRT
2021-02-04 19:44:04,997: INFO     PAM orientation: 3prime
2021-02-04 19:44:04,997: INFO     Genome strand(s) searched: both
2021-02-04 19:44:04,997: INFO     Total PAM sites considered: 132115
2021-02-04 19:44:04,997: INFO     Guide RNA candidates found: 73765
	Command being timed: "guidemaker -i ../all_test_data/Pseudomonas_aeruginosa_PAO1_107.gbk --pamseq NGRRT --outdir TEST --pam_orientation 3prime --guidelength 20 --strand both --lcp 11 --dist 3 --before 500 --into 500 --knum 10 --controls 10 --log GM_63831015_3.log --threads 1"
	User time (seconds): 31.09
	System time (seconds): 2.48
	Percent of CPU this job got: 109%
	Elapsed (wall clock) time (h:mm:ss or m:ss): 0:30.77
	Average shared text size (kbytes): 0
	Average unshared data size (kbytes): 0
	Average stack size (kbytes): 0
	Average total size (kbytes): 0
	Maximum resident set size (kbytes): 530344
	Average resident set size (kbytes): 0
	Major (requiring I/O) page faults: 0
	Minor (reclaiming a frame) page faults: 541023
	Voluntary context switches: 3097
	Involuntary context switches: 267098
	Swaps: 0
	File system inputs: 0
	File system outputs: 174552
	Socket messages sent: 0
	Socket messages received: 0
	Signals delivered: 0
	Page size (bytes): 4096
	Exit status: 0
My SLURM_ARRAY_TASK_ID:  3
My TMPDIR IS:  /scratch/local/63831015
Input Genome:>>>>>>>>>>>>>>>>>>>>>>>>>>>>>>>>>>>>>>>>>>>  Pseudomonas_aeruginosa_PAO1_107.gbk
Input PAM:>>>>>>>>>>>>>>>>>>>>>>>>>>>>>>>>>>>>>>>>>>>  NGRRT
Threads used:>>>>>>>>>>>>>>>>>>>>>>>>>>>>>>>>>>>>>>>>>>>  2
GuideMaker
Your CPU supports instructions that this binary was not compiled to use: SSE4.1 SSE4.2 AVX AVX2
For maximum performance, you can install NMSLIB from sources 
pip install --no-binary :all: nmslib
2021-02-04 19:44:06,181: INFO     Temp directory is: /scratch/local/63831015/guidemaker_jx4461xc
2021-02-04 19:44:06,181: INFO     Writing fasta file from genbank file(s)
2021-02-04 19:44:06,182: INFO     check if ../all_test_data/Pseudomonas_aeruginosa_PAO1_107.gbk is gzipped
/home/rp3448/.conda/envs/NONAVX2/lib/python3.7/site-packages/Bio/GenBank/Scanner.py:1400: BiopythonParserWarning: Truncated LOCUS line found - is this correct?
:'LOCUS       NC_002516            6264404 bp    dna     circular UNK \n'
  BiopythonParserWarning,
/home/rp3448/.conda/envs/NONAVX2/lib/python3.7/site-packages/Bio/GenBank/__init__.py:762: BiopythonParserWarning: Non-upper case molecule type in LOCUS line: dna
  BiopythonParserWarning,
2021-02-04 19:44:06,963: INFO     Identifying PAM sites in the genome
2021-02-04 19:44:12,057: INFO     Checking guides for restriction enzymes
2021-02-04 19:44:12,091: INFO     Number of guides removed after checking for restriction enzymes: 0
2021-02-04 19:44:12,091: INFO     Identifing guides that are unique near the PAM site
2021-02-04 19:44:12,279: INFO     Number of guides removed after checking for unique PAM: 31221
2021-02-04 19:44:12,279: INFO     Indexing all potential guide sites: 132115. This is the longest step.
2021-02-04 19:44:12,843: INFO     M                   = 16
2021-02-04 19:44:12,843: INFO     indexThreadQty      = 2
2021-02-04 19:44:12,843: INFO     efConstruction      = 10
2021-02-04 19:44:12,843: INFO     maxM			          = 16
2021-02-04 19:44:12,843: INFO     maxM0			          = 32
2021-02-04 19:44:12,843: INFO     mult                = 0.360674
2021-02-04 19:44:12,843: INFO     skip_optimized_index= 0
2021-02-04 19:44:12,843: INFO     delaunay_type       = 2
2021-02-04 19:44:12,843: INFO     Set HNSW query-time parameters:
2021-02-04 19:44:12,843: INFO     ef(Search)         =20
2021-02-04 19:44:12,844: INFO     algoType           =2

0%   10   20   30   40   50   60   70   80   90   100%
|----|----|----|----|----|----|----|----|----|----|
***************************************************

0%   10   20   30   40   50   60   70   80   90   100%
|----|----|----|----|----|----|----|----|----|----|
****************************************************2021-02-04 19:44:18,805: INFO     No appropriate custom distance function for Hamming (bit-storage) space
2021-02-04 19:44:18,805: INFO     searchMethod			  = 0
2021-02-04 19:44:18,817: INFO     Identifying guides that have a hamming distance <= 3 to all other potential guides
2021-02-04 19:44:18,960: INFO     Set HNSW query-time parameters:
2021-02-04 19:44:18,960: INFO     ef(Search)         =9
2021-02-04 19:44:18,960: INFO     algoType           =2
2021-02-04 19:44:24,901: INFO     Formatting data for BedTools
2021-02-04 19:44:25,067: INFO     Create GuideMaker Annotation object
2021-02-04 19:44:25,067: INFO     Identify genomic features
2021-02-04 19:44:25,068: INFO     check if ../all_test_data/Pseudomonas_aeruginosa_PAO1_107.gbk is gzipped
2021-02-04 19:44:26,042: INFO     Total number of CDS/locus in the input genome: 5584
2021-02-04 19:44:26,042: INFO     Find genomic features closest the guides
2021-02-04 19:44:27,441: INFO     Select guides that start between +500 and -500 of a feature start
2021-02-04 19:44:27,596: INFO     Select description columns
2021-02-04 19:44:27,643: INFO     Format the output
2021-02-04 19:44:28,363: INFO     Number of Guides within a gene coordinates i.e. zero Feature distance: 41572
2021-02-04 19:44:29,279: INFO     creating random control guides
2021-02-04 19:44:29,382: INFO     Number of random control searched: 100
2021-02-04 19:44:29,382: INFO     Percentage of GC content in the input genome: 66.56
2021-02-04 19:44:29,382: INFO     Total length of the genome: 6.0 MB
2021-02-04 19:44:29,383: INFO     created 10 control guides with a minimum distance of 7 and a median distance of 8
2021-02-04 19:44:29,385: INFO     guidemaker completed, results are at TEST
2021-02-04 19:44:29,385: INFO     PAM sequence: NGRRT
2021-02-04 19:44:29,385: INFO     PAM orientation: 3prime
2021-02-04 19:44:29,385: INFO     Genome strand(s) searched: both
2021-02-04 19:44:29,385: INFO     Total PAM sites considered: 132115
2021-02-04 19:44:29,386: INFO     Guide RNA candidates found: 73772
	Command being timed: "guidemaker -i ../all_test_data/Pseudomonas_aeruginosa_PAO1_107.gbk --pamseq NGRRT --outdir TEST --pam_orientation 3prime --guidelength 20 --strand both --lcp 11 --dist 3 --before 500 --into 500 --knum 10 --controls 10 --log GM_63831015_3.log --threads 2"
	User time (seconds): 32.50
	System time (seconds): 2.70
	Percent of CPU this job got: 144%
	Elapsed (wall clock) time (h:mm:ss or m:ss): 0:24.41
	Average shared text size (kbytes): 0
	Average unshared data size (kbytes): 0
	Average stack size (kbytes): 0
	Average total size (kbytes): 0
	Maximum resident set size (kbytes): 585864
	Average resident set size (kbytes): 0
	Major (requiring I/O) page faults: 0
	Minor (reclaiming a frame) page faults: 625922
	Voluntary context switches: 9891
	Involuntary context switches: 71871
	Swaps: 0
	File system inputs: 248
	File system outputs: 174576
	Socket messages sent: 0
	Socket messages received: 0
	Signals delivered: 0
	Page size (bytes): 4096
	Exit status: 0
My SLURM_ARRAY_TASK_ID:  3
My TMPDIR IS:  /scratch/local/63831015
Input Genome:>>>>>>>>>>>>>>>>>>>>>>>>>>>>>>>>>>>>>>>>>>>  Pseudomonas_aeruginosa_PAO1_107.gbk
Input PAM:>>>>>>>>>>>>>>>>>>>>>>>>>>>>>>>>>>>>>>>>>>>  NGRRT
Threads used:>>>>>>>>>>>>>>>>>>>>>>>>>>>>>>>>>>>>>>>>>>>  4
GuideMaker
Your CPU supports instructions that this binary was not compiled to use: SSE4.1 SSE4.2 AVX AVX2
For maximum performance, you can install NMSLIB from sources 
pip install --no-binary :all: nmslib
2021-02-04 19:44:30,699: INFO     Temp directory is: /scratch/local/63831015/guidemaker_mxp4mgx_
2021-02-04 19:44:30,699: INFO     Writing fasta file from genbank file(s)
2021-02-04 19:44:30,699: INFO     check if ../all_test_data/Pseudomonas_aeruginosa_PAO1_107.gbk is gzipped
/home/rp3448/.conda/envs/NONAVX2/lib/python3.7/site-packages/Bio/GenBank/Scanner.py:1400: BiopythonParserWarning: Truncated LOCUS line found - is this correct?
:'LOCUS       NC_002516            6264404 bp    dna     circular UNK \n'
  BiopythonParserWarning,
/home/rp3448/.conda/envs/NONAVX2/lib/python3.7/site-packages/Bio/GenBank/__init__.py:762: BiopythonParserWarning: Non-upper case molecule type in LOCUS line: dna
  BiopythonParserWarning,
2021-02-04 19:44:31,476: INFO     Identifying PAM sites in the genome
2021-02-04 19:44:37,241: INFO     Checking guides for restriction enzymes
2021-02-04 19:44:37,278: INFO     Number of guides removed after checking for restriction enzymes: 0
2021-02-04 19:44:37,278: INFO     Identifing guides that are unique near the PAM site
2021-02-04 19:44:37,472: INFO     Number of guides removed after checking for unique PAM: 31221
2021-02-04 19:44:37,472: INFO     Indexing all potential guide sites: 132115. This is the longest step.
2021-02-04 19:44:38,080: INFO     M                   = 16
2021-02-04 19:44:38,080: INFO     indexThreadQty      = 4
2021-02-04 19:44:38,080: INFO     efConstruction      = 10
2021-02-04 19:44:38,080: INFO     maxM			          = 16
2021-02-04 19:44:38,080: INFO     maxM0			          = 32
2021-02-04 19:44:38,080: INFO     mult                = 0.360674
2021-02-04 19:44:38,080: INFO     skip_optimized_index= 0
2021-02-04 19:44:38,080: INFO     delaunay_type       = 2
2021-02-04 19:44:38,080: INFO     Set HNSW query-time parameters:
2021-02-04 19:44:38,080: INFO     ef(Search)         =20
2021-02-04 19:44:38,081: INFO     algoType           =2

0%   10   20   30   40   50   60   70   80   90   100%
|----|----|----|----|----|----|----|----|----|----|
***************************************************

0%   10   20   30   40   50   60   70   80   90   100%
|----|----|----|----|----|----|----|----|----|----|
****************************************************2021-02-04 19:44:41,349: INFO     No appropriate custom distance function for Hamming (bit-storage) space
2021-02-04 19:44:41,350: INFO     searchMethod			  = 0
2021-02-04 19:44:41,361: INFO     Identifying guides that have a hamming distance <= 3 to all other potential guides
2021-02-04 19:44:41,514: INFO     Set HNSW query-time parameters:
2021-02-04 19:44:41,514: INFO     ef(Search)         =9
2021-02-04 19:44:41,514: INFO     algoType           =2
2021-02-04 19:44:46,722: INFO     Formatting data for BedTools
2021-02-04 19:44:46,892: INFO     Create GuideMaker Annotation object
2021-02-04 19:44:46,892: INFO     Identify genomic features
2021-02-04 19:44:46,893: INFO     check if ../all_test_data/Pseudomonas_aeruginosa_PAO1_107.gbk is gzipped
2021-02-04 19:44:47,880: INFO     Total number of CDS/locus in the input genome: 5584
2021-02-04 19:44:47,880: INFO     Find genomic features closest the guides
2021-02-04 19:44:49,284: INFO     Select guides that start between +500 and -500 of a feature start
2021-02-04 19:44:49,440: INFO     Select description columns
2021-02-04 19:44:49,487: INFO     Format the output
2021-02-04 19:44:50,203: INFO     Number of Guides within a gene coordinates i.e. zero Feature distance: 41564
2021-02-04 19:44:51,083: INFO     creating random control guides
2021-02-04 19:44:51,184: INFO     Number of random control searched: 100
2021-02-04 19:44:51,184: INFO     Percentage of GC content in the input genome: 66.56
2021-02-04 19:44:51,184: INFO     Total length of the genome: 6.0 MB
2021-02-04 19:44:51,184: INFO     created 10 control guides with a minimum distance of 7 and a median distance of 8
2021-02-04 19:44:51,187: INFO     guidemaker completed, results are at TEST
2021-02-04 19:44:51,187: INFO     PAM sequence: NGRRT
2021-02-04 19:44:51,187: INFO     PAM orientation: 3prime
2021-02-04 19:44:51,187: INFO     Genome strand(s) searched: both
2021-02-04 19:44:51,187: INFO     Total PAM sites considered: 132115
2021-02-04 19:44:51,187: INFO     Guide RNA candidates found: 73763
	Command being timed: "guidemaker -i ../all_test_data/Pseudomonas_aeruginosa_PAO1_107.gbk --pamseq NGRRT --outdir TEST --pam_orientation 3prime --guidelength 20 --strand both --lcp 11 --dist 3 --before 500 --into 500 --knum 10 --controls 10 --log GM_63831015_3.log --threads 4"
	User time (seconds): 34.50
	System time (seconds): 2.72
	Percent of CPU this job got: 170%
	Elapsed (wall clock) time (h:mm:ss or m:ss): 0:21.79
	Average shared text size (kbytes): 0
	Average unshared data size (kbytes): 0
	Average stack size (kbytes): 0
	Average total size (kbytes): 0
	Maximum resident set size (kbytes): 585880
	Average resident set size (kbytes): 0
	Major (requiring I/O) page faults: 0
	Minor (reclaiming a frame) page faults: 556514
	Voluntary context switches: 21451
	Involuntary context switches: 144414
	Swaps: 0
	File system inputs: 0
	File system outputs: 174520
	Socket messages sent: 0
	Socket messages received: 0
	Signals delivered: 0
	Page size (bytes): 4096
	Exit status: 0
My SLURM_ARRAY_TASK_ID:  3
My TMPDIR IS:  /scratch/local/63831015
Input Genome:>>>>>>>>>>>>>>>>>>>>>>>>>>>>>>>>>>>>>>>>>>>  Pseudomonas_aeruginosa_PAO1_107.gbk
Input PAM:>>>>>>>>>>>>>>>>>>>>>>>>>>>>>>>>>>>>>>>>>>>  NGRRT
Threads used:>>>>>>>>>>>>>>>>>>>>>>>>>>>>>>>>>>>>>>>>>>>  8
GuideMaker
Your CPU supports instructions that this binary was not compiled to use: SSE4.1 SSE4.2 AVX AVX2
For maximum performance, you can install NMSLIB from sources 
pip install --no-binary :all: nmslib
2021-02-04 19:44:52,726: INFO     Temp directory is: /scratch/local/63831015/guidemaker_225eae8s
2021-02-04 19:44:52,726: INFO     Writing fasta file from genbank file(s)
2021-02-04 19:44:52,726: INFO     check if ../all_test_data/Pseudomonas_aeruginosa_PAO1_107.gbk is gzipped
/home/rp3448/.conda/envs/NONAVX2/lib/python3.7/site-packages/Bio/GenBank/Scanner.py:1400: BiopythonParserWarning: Truncated LOCUS line found - is this correct?
:'LOCUS       NC_002516            6264404 bp    dna     circular UNK \n'
  BiopythonParserWarning,
/home/rp3448/.conda/envs/NONAVX2/lib/python3.7/site-packages/Bio/GenBank/__init__.py:762: BiopythonParserWarning: Non-upper case molecule type in LOCUS line: dna
  BiopythonParserWarning,
2021-02-04 19:44:53,523: INFO     Identifying PAM sites in the genome
2021-02-04 19:44:58,644: INFO     Checking guides for restriction enzymes
2021-02-04 19:44:58,678: INFO     Number of guides removed after checking for restriction enzymes: 0
2021-02-04 19:44:58,678: INFO     Identifing guides that are unique near the PAM site
2021-02-04 19:44:58,866: INFO     Number of guides removed after checking for unique PAM: 31221
2021-02-04 19:44:58,867: INFO     Indexing all potential guide sites: 132115. This is the longest step.
2021-02-04 19:44:59,427: INFO     M                   = 16
2021-02-04 19:44:59,427: INFO     indexThreadQty      = 8
2021-02-04 19:44:59,427: INFO     efConstruction      = 10
2021-02-04 19:44:59,427: INFO     maxM			          = 16
2021-02-04 19:44:59,428: INFO     maxM0			          = 32
2021-02-04 19:44:59,428: INFO     mult                = 0.360674
2021-02-04 19:44:59,428: INFO     skip_optimized_index= 0
2021-02-04 19:44:59,428: INFO     delaunay_type       = 2
2021-02-04 19:44:59,428: INFO     Set HNSW query-time parameters:
2021-02-04 19:44:59,428: INFO     ef(Search)         =20
2021-02-04 19:44:59,428: INFO     algoType           =2

0%   10   20   30   40   50   60   70   80   90   100%
|----|----|----|----|----|----|----|----|----|----|
***************************************************

0%   10   20   30   40   50   60   70   80   90   100%
|----|----|----|----|----|----|----|----|----|----|
*******************************************************2021-02-04 19:45:01,242: INFO     No appropriate custom distance function for Hamming (bit-storage) space
2021-02-04 19:45:01,242: INFO     searchMethod			  = 0
2021-02-04 19:45:01,248: INFO     Identifying guides that have a hamming distance <= 3 to all other potential guides
2021-02-04 19:45:01,390: INFO     Set HNSW query-time parameters:
2021-02-04 19:45:01,390: INFO     ef(Search)         =9
2021-02-04 19:45:01,390: INFO     algoType           =2
2021-02-04 19:45:06,329: INFO     Formatting data for BedTools
2021-02-04 19:45:06,498: INFO     Create GuideMaker Annotation object
2021-02-04 19:45:06,498: INFO     Identify genomic features
2021-02-04 19:45:06,498: INFO     check if ../all_test_data/Pseudomonas_aeruginosa_PAO1_107.gbk is gzipped
2021-02-04 19:45:07,555: INFO     Total number of CDS/locus in the input genome: 5584
2021-02-04 19:45:07,556: INFO     Find genomic features closest the guides
2021-02-04 19:45:08,962: INFO     Select guides that start between +500 and -500 of a feature start
2021-02-04 19:45:09,120: INFO     Select description columns
2021-02-04 19:45:09,167: INFO     Format the output
2021-02-04 19:45:09,881: INFO     Number of Guides within a gene coordinates i.e. zero Feature distance: 41575
2021-02-04 19:45:10,770: INFO     creating random control guides
2021-02-04 19:45:10,892: INFO     Number of random control searched: 100
2021-02-04 19:45:10,892: INFO     Percentage of GC content in the input genome: 66.56
2021-02-04 19:45:10,892: INFO     Total length of the genome: 6.0 MB
2021-02-04 19:45:10,892: INFO     created 10 control guides with a minimum distance of 7 and a median distance of 8
2021-02-04 19:45:10,895: INFO     guidemaker completed, results are at TEST
2021-02-04 19:45:10,895: INFO     PAM sequence: NGRRT
2021-02-04 19:45:10,895: INFO     PAM orientation: 3prime
2021-02-04 19:45:10,895: INFO     Genome strand(s) searched: both
2021-02-04 19:45:10,895: INFO     Total PAM sites considered: 132115
2021-02-04 19:45:10,895: INFO     Guide RNA candidates found: 73776
	Command being timed: "guidemaker -i ../all_test_data/Pseudomonas_aeruginosa_PAO1_107.gbk --pamseq NGRRT --outdir TEST --pam_orientation 3prime --guidelength 20 --strand both --lcp 11 --dist 3 --before 500 --into 500 --knum 10 --controls 10 --log GM_63831015_3.log --threads 8"
	User time (seconds): 35.39
	System time (seconds): 2.92
	Percent of CPU this job got: 194%
	Elapsed (wall clock) time (h:mm:ss or m:ss): 0:19.73
	Average shared text size (kbytes): 0
	Average unshared data size (kbytes): 0
	Average stack size (kbytes): 0
	Average total size (kbytes): 0
	Maximum resident set size (kbytes): 575868
	Average resident set size (kbytes): 0
	Major (requiring I/O) page faults: 0
	Minor (reclaiming a frame) page faults: 575994
	Voluntary context switches: 41293
	Involuntary context switches: 407
	Swaps: 0
	File system inputs: 0
	File system outputs: 174552
	Socket messages sent: 0
	Socket messages received: 0
	Signals delivered: 0
	Page size (bytes): 4096
	Exit status: 0
My SLURM_ARRAY_TASK_ID:  3
My TMPDIR IS:  /scratch/local/63831015
Input Genome:>>>>>>>>>>>>>>>>>>>>>>>>>>>>>>>>>>>>>>>>>>>  Pseudomonas_aeruginosa_PAO1_107.gbk
Input PAM:>>>>>>>>>>>>>>>>>>>>>>>>>>>>>>>>>>>>>>>>>>>  NGRRT
Threads used:>>>>>>>>>>>>>>>>>>>>>>>>>>>>>>>>>>>>>>>>>>>  16
GuideMaker
Your CPU supports instructions that this binary was not compiled to use: SSE4.1 SSE4.2 AVX AVX2
For maximum performance, you can install NMSLIB from sources 
pip install --no-binary :all: nmslib
2021-02-04 19:45:12,139: INFO     Temp directory is: /scratch/local/63831015/guidemaker_ben1f558
2021-02-04 19:45:12,140: INFO     Writing fasta file from genbank file(s)
2021-02-04 19:45:12,140: INFO     check if ../all_test_data/Pseudomonas_aeruginosa_PAO1_107.gbk is gzipped
/home/rp3448/.conda/envs/NONAVX2/lib/python3.7/site-packages/Bio/GenBank/Scanner.py:1400: BiopythonParserWarning: Truncated LOCUS line found - is this correct?
:'LOCUS       NC_002516            6264404 bp    dna     circular UNK \n'
  BiopythonParserWarning,
/home/rp3448/.conda/envs/NONAVX2/lib/python3.7/site-packages/Bio/GenBank/__init__.py:762: BiopythonParserWarning: Non-upper case molecule type in LOCUS line: dna
  BiopythonParserWarning,
2021-02-04 19:45:12,942: INFO     Identifying PAM sites in the genome
2021-02-04 19:45:18,126: INFO     Checking guides for restriction enzymes
2021-02-04 19:45:18,161: INFO     Number of guides removed after checking for restriction enzymes: 0
2021-02-04 19:45:18,161: INFO     Identifing guides that are unique near the PAM site
2021-02-04 19:45:18,354: INFO     Number of guides removed after checking for unique PAM: 31221
2021-02-04 19:45:18,354: INFO     Indexing all potential guide sites: 132115. This is the longest step.
2021-02-04 19:45:18,905: INFO     M                   = 16
2021-02-04 19:45:18,905: INFO     indexThreadQty      = 16
2021-02-04 19:45:18,905: INFO     efConstruction      = 10
2021-02-04 19:45:18,905: INFO     maxM			          = 16
2021-02-04 19:45:18,905: INFO     maxM0			          = 32
2021-02-04 19:45:18,905: INFO     mult                = 0.360674
2021-02-04 19:45:18,905: INFO     skip_optimized_index= 0
2021-02-04 19:45:18,905: INFO     delaunay_type       = 2
2021-02-04 19:45:18,905: INFO     Set HNSW query-time parameters:
2021-02-04 19:45:18,905: INFO     ef(Search)         =20
2021-02-04 19:45:18,905: INFO     algoType           =2

0%   10   20   30   40   50   60   70   80   90   100%
|----|----|----|----|----|----|----|----|----|----|
***************************************************

0%   10   20   30   40   50   60   70   80   90   100%
|----|----|----|----|----|----|----|----|----|----|
****************************************************2021-02-04 19:45:19,895: INFO     No appropriate custom distance function for Hamming (bit-storage) space
2021-02-04 19:45:19,895: INFO     searchMethod			  = 0
2021-02-04 19:45:19,902: INFO     Identifying guides that have a hamming distance <= 3 to all other potential guides
2021-02-04 19:45:20,040: INFO     Set HNSW query-time parameters:
2021-02-04 19:45:20,040: INFO     ef(Search)         =9
2021-02-04 19:45:20,040: INFO     algoType           =2
2021-02-04 19:45:24,499: INFO     Formatting data for BedTools
2021-02-04 19:45:24,669: INFO     Create GuideMaker Annotation object
2021-02-04 19:45:24,669: INFO     Identify genomic features
2021-02-04 19:45:24,670: INFO     check if ../all_test_data/Pseudomonas_aeruginosa_PAO1_107.gbk is gzipped
2021-02-04 19:45:25,674: INFO     Total number of CDS/locus in the input genome: 5584
2021-02-04 19:45:25,674: INFO     Find genomic features closest the guides
2021-02-04 19:45:27,079: INFO     Select guides that start between +500 and -500 of a feature start
2021-02-04 19:45:27,238: INFO     Select description columns
2021-02-04 19:45:27,286: INFO     Format the output
2021-02-04 19:45:28,013: INFO     Number of Guides within a gene coordinates i.e. zero Feature distance: 41591
2021-02-04 19:45:28,905: INFO     creating random control guides
2021-02-04 19:45:28,998: INFO     Number of random control searched: 100
2021-02-04 19:45:28,998: INFO     Percentage of GC content in the input genome: 66.56
2021-02-04 19:45:28,998: INFO     Total length of the genome: 6.0 MB
2021-02-04 19:45:28,998: INFO     created 10 control guides with a minimum distance of 7 and a median distance of 8
2021-02-04 19:45:29,001: INFO     guidemaker completed, results are at TEST
2021-02-04 19:45:29,001: INFO     PAM sequence: NGRRT
2021-02-04 19:45:29,001: INFO     PAM orientation: 3prime
2021-02-04 19:45:29,001: INFO     Genome strand(s) searched: both
2021-02-04 19:45:29,001: INFO     Total PAM sites considered: 132115
2021-02-04 19:45:29,001: INFO     Guide RNA candidates found: 73796
	Command being timed: "guidemaker -i ../all_test_data/Pseudomonas_aeruginosa_PAO1_107.gbk --pamseq NGRRT --outdir TEST --pam_orientation 3prime --guidelength 20 --strand both --lcp 11 --dist 3 --before 500 --into 500 --knum 10 --controls 10 --log GM_63831015_3.log --threads 16"
	User time (seconds): 36.13
	System time (seconds): 2.96
	Percent of CPU this job got: 216%
	Elapsed (wall clock) time (h:mm:ss or m:ss): 0:18.07
	Average shared text size (kbytes): 0
	Average unshared data size (kbytes): 0
	Average stack size (kbytes): 0
	Average total size (kbytes): 0
	Maximum resident set size (kbytes): 578052
	Average resident set size (kbytes): 0
	Major (requiring I/O) page faults: 0
	Minor (reclaiming a frame) page faults: 530268
	Voluntary context switches: 76422
	Involuntary context switches: 272
	Swaps: 0
	File system inputs: 8
	File system outputs: 174584
	Socket messages sent: 0
	Socket messages received: 0
	Signals delivered: 0
	Page size (bytes): 4096
	Exit status: 0
My SLURM_ARRAY_TASK_ID:  3
My TMPDIR IS:  /scratch/local/63831015
Input Genome:>>>>>>>>>>>>>>>>>>>>>>>>>>>>>>>>>>>>>>>>>>>  Pseudomonas_aeruginosa_PAO1_107.gbk
Input PAM:>>>>>>>>>>>>>>>>>>>>>>>>>>>>>>>>>>>>>>>>>>>  NGRRT
Threads used:>>>>>>>>>>>>>>>>>>>>>>>>>>>>>>>>>>>>>>>>>>>  32
GuideMaker
Your CPU supports instructions that this binary was not compiled to use: SSE4.1 SSE4.2 AVX AVX2
For maximum performance, you can install NMSLIB from sources 
pip install --no-binary :all: nmslib
2021-02-04 19:45:30,205: INFO     Temp directory is: /scratch/local/63831015/guidemaker_rkipn3h3
2021-02-04 19:45:30,205: INFO     Writing fasta file from genbank file(s)
2021-02-04 19:45:30,205: INFO     check if ../all_test_data/Pseudomonas_aeruginosa_PAO1_107.gbk is gzipped
/home/rp3448/.conda/envs/NONAVX2/lib/python3.7/site-packages/Bio/GenBank/Scanner.py:1400: BiopythonParserWarning: Truncated LOCUS line found - is this correct?
:'LOCUS       NC_002516            6264404 bp    dna     circular UNK \n'
  BiopythonParserWarning,
/home/rp3448/.conda/envs/NONAVX2/lib/python3.7/site-packages/Bio/GenBank/__init__.py:762: BiopythonParserWarning: Non-upper case molecule type in LOCUS line: dna
  BiopythonParserWarning,
2021-02-04 19:45:30,982: INFO     Identifying PAM sites in the genome
2021-02-04 19:45:36,221: INFO     Checking guides for restriction enzymes
2021-02-04 19:45:36,256: INFO     Number of guides removed after checking for restriction enzymes: 0
2021-02-04 19:45:36,256: INFO     Identifing guides that are unique near the PAM site
2021-02-04 19:45:36,447: INFO     Number of guides removed after checking for unique PAM: 31221
2021-02-04 19:45:36,447: INFO     Indexing all potential guide sites: 132115. This is the longest step.
2021-02-04 19:45:37,015: INFO     M                   = 16
2021-02-04 19:45:37,015: INFO     indexThreadQty      = 32
2021-02-04 19:45:37,016: INFO     efConstruction      = 10
2021-02-04 19:45:37,016: INFO     maxM			          = 16
2021-02-04 19:45:37,016: INFO     maxM0			          = 32
2021-02-04 19:45:37,016: INFO     mult                = 0.360674
2021-02-04 19:45:37,016: INFO     skip_optimized_index= 0
2021-02-04 19:45:37,016: INFO     delaunay_type       = 2
2021-02-04 19:45:37,016: INFO     Set HNSW query-time parameters:
2021-02-04 19:45:37,016: INFO     ef(Search)         =20
2021-02-04 19:45:37,016: INFO     algoType           =2

0%   10   20   30   40   50   60   70   80   90   100%
|----|----|----|----|----|----|----|----|----|----|
***************************************************

0%   10   20   30   40   50   60   70   80   90   100%
|----|----|----|----|----|----|----|----|----|----|
****************************************************2021-02-04 19:45:37,695: INFO     No appropriate custom distance function for Hamming (bit-storage) space
2021-02-04 19:45:37,695: INFO     searchMethod			  = 0
2021-02-04 19:45:37,703: INFO     Identifying guides that have a hamming distance <= 3 to all other potential guides
2021-02-04 19:45:37,851: INFO     Set HNSW query-time parameters:
2021-02-04 19:45:37,851: INFO     ef(Search)         =9
2021-02-04 19:45:37,851: INFO     algoType           =2
2021-02-04 19:45:42,808: INFO     Formatting data for BedTools
2021-02-04 19:45:42,979: INFO     Create GuideMaker Annotation object
2021-02-04 19:45:42,979: INFO     Identify genomic features
2021-02-04 19:45:42,980: INFO     check if ../all_test_data/Pseudomonas_aeruginosa_PAO1_107.gbk is gzipped
2021-02-04 19:45:43,974: INFO     Total number of CDS/locus in the input genome: 5584
2021-02-04 19:45:43,974: INFO     Find genomic features closest the guides
2021-02-04 19:45:45,380: INFO     Select guides that start between +500 and -500 of a feature start
2021-02-04 19:45:45,542: INFO     Select description columns
2021-02-04 19:45:45,591: INFO     Format the output
2021-02-04 19:45:46,319: INFO     Number of Guides within a gene coordinates i.e. zero Feature distance: 41590
2021-02-04 19:45:47,216: INFO     creating random control guides
2021-02-04 19:45:47,317: INFO     Number of random control searched: 100
2021-02-04 19:45:47,317: INFO     Percentage of GC content in the input genome: 66.56
2021-02-04 19:45:47,317: INFO     Total length of the genome: 6.0 MB
2021-02-04 19:45:47,317: INFO     created 10 control guides with a minimum distance of 7 and a median distance of 7
2021-02-04 19:45:47,319: INFO     guidemaker completed, results are at TEST
2021-02-04 19:45:47,319: INFO     PAM sequence: NGRRT
2021-02-04 19:45:47,319: INFO     PAM orientation: 3prime
2021-02-04 19:45:47,319: INFO     Genome strand(s) searched: both
2021-02-04 19:45:47,319: INFO     Total PAM sites considered: 132115
2021-02-04 19:45:47,319: INFO     Guide RNA candidates found: 73795
	Command being timed: "guidemaker -i ../all_test_data/Pseudomonas_aeruginosa_PAO1_107.gbk --pamseq NGRRT --outdir TEST --pam_orientation 3prime --guidelength 20 --strand both --lcp 11 --dist 3 --before 500 --into 500 --knum 10 --controls 10 --log GM_63831015_3.log --threads 32"
	User time (seconds): 38.16
	System time (seconds): 3.87
	Percent of CPU this job got: 229%
	Elapsed (wall clock) time (h:mm:ss or m:ss): 0:18.32
	Average shared text size (kbytes): 0
	Average unshared data size (kbytes): 0
	Average stack size (kbytes): 0
	Average total size (kbytes): 0
	Maximum resident set size (kbytes): 580060
	Average resident set size (kbytes): 0
	Major (requiring I/O) page faults: 0
	Minor (reclaiming a frame) page faults: 508911
	Voluntary context switches: 181502
	Involuntary context switches: 257
	Swaps: 0
	File system inputs: 0
	File system outputs: 174576
	Socket messages sent: 0
	Socket messages received: 0
	Signals delivered: 0
	Page size (bytes): 4096
	Exit status: 0
