Thu Feb  4 19:58:10 EST 2021
c27b-s37.ufhpc
/blue/garrett/rp3448/analysis/guidemaker/nonAVXGuidemaker

     active environment : NONAVX2
    active env location : /home/rp3448/.conda/envs/NONAVX2
            shell level : 3
       user config file : /home/rp3448/.condarc
 populated config files : /home/rp3448/.condarc
          conda version : 4.9.2
    conda-build version : not installed
         python version : 3.9.1.final.0
       virtual packages : __glibc=2.17=0
                          __unix=0=0
                          __archspec=1=x86_64
       base environment : /apps/conda/4.9.2  (read only)
           channel URLs : https://conda.anaconda.org/biobakery/linux-64
                          https://conda.anaconda.org/biobakery/noarch
                          https://conda.anaconda.org/conda-forge/linux-64
                          https://conda.anaconda.org/conda-forge/noarch
                          https://conda.anaconda.org/bioconda/linux-64
                          https://conda.anaconda.org/bioconda/noarch
                          https://repo.anaconda.com/pkgs/main/linux-64
                          https://repo.anaconda.com/pkgs/main/noarch
                          https://repo.anaconda.com/pkgs/r/linux-64
                          https://repo.anaconda.com/pkgs/r/noarch
          package cache : /apps/conda/4.9.2/pkgs
                          /home/rp3448/.conda/pkgs
       envs directories : /home/rp3448/.conda/envs
                          /apps/conda/4.9.2/envs
               platform : linux-64
             user-agent : conda/4.9.2 requests/2.25.1 CPython/3.9.1 Linux/3.10.0-1062.18.1.el7.x86_64 rhel/7.7 glibc/2.17
                UID:GID : 6472:3511
             netrc file : None
           offline mode : False

My SLURM_ARRAY_TASK_ID:  2
My TMPDIR IS:  /scratch/local/63831115
Input Genome:>>>>>>>>>>>>>>>>>>>>>>>>>>>>>>>>>>>>>>>>>>>  Aspergillus_fumigatus.gbk
Input PAM:>>>>>>>>>>>>>>>>>>>>>>>>>>>>>>>>>>>>>>>>>>>  NGRRT
Threads used:>>>>>>>>>>>>>>>>>>>>>>>>>>>>>>>>>>>>>>>>>>>  1
GuideMaker
Your CPU supports instructions that this binary was not compiled to use: SSE4.1 SSE4.2 AVX AVX2
For maximum performance, you can install NMSLIB from sources 
pip install --no-binary :all: nmslib
2021-02-04 19:58:15,546: INFO     Temp directory is: /scratch/local/63831115/guidemaker_f82x5b9r
2021-02-04 19:58:15,547: INFO     Writing fasta file from genbank file(s)
2021-02-04 19:58:15,548: INFO     check if ../all_test_data/Aspergillus_fumigatus.gbk is gzipped
2021-02-04 19:58:18,809: INFO     Identifying PAM sites in the genome
2021-02-04 19:58:49,723: INFO     Checking guides for restriction enzymes
2021-02-04 19:58:49,970: INFO     Number of guides removed after checking for restriction enzymes: 0
2021-02-04 19:58:49,971: INFO     Identifing guides that are unique near the PAM site
2021-02-04 19:58:51,909: INFO     Number of guides removed after checking for unique PAM: 228709
2021-02-04 19:58:51,909: INFO     Indexing all potential guide sites: 887427. This is the longest step.
2021-02-04 19:58:55,712: INFO     M                   = 16
2021-02-04 19:58:55,713: INFO     indexThreadQty      = 1
2021-02-04 19:58:55,713: INFO     efConstruction      = 10
2021-02-04 19:58:55,713: INFO     maxM			          = 16
2021-02-04 19:58:55,713: INFO     maxM0			          = 32
2021-02-04 19:58:55,713: INFO     mult                = 0.360674
2021-02-04 19:58:55,713: INFO     skip_optimized_index= 0
2021-02-04 19:58:55,713: INFO     delaunay_type       = 2
2021-02-04 19:58:55,713: INFO     Set HNSW query-time parameters:
2021-02-04 19:58:55,713: INFO     ef(Search)         =20
2021-02-04 19:58:55,713: INFO     algoType           =2

0%   10   20   30   40   50   60   70   80   90   100%
|----|----|----|----|----|----|----|----|----|----|
***************************************************

0%   10   20   30   40   50   60   70   80   90   100%
|----|----|----|----|----|----|----|----|----|----|
***************************************************
*2021-02-04 20:00:28,726: INFO     No appropriate custom distance function for Hamming (bit-storage) space
2021-02-04 20:00:28,726: INFO     searchMethod			  = 0
2021-02-04 20:00:28,800: INFO     Identifying guides that have a hamming distance <= 3 to all other potential guides
2021-02-04 20:00:29,767: INFO     Set HNSW query-time parameters:
2021-02-04 20:00:29,767: INFO     ef(Search)         =9
2021-02-04 20:00:29,767: INFO     algoType           =2
2021-02-04 20:01:39,541: INFO     Formatting data for BedTools
2021-02-04 20:01:40,857: INFO     Create GuideMaker Annotation object
2021-02-04 20:01:40,857: INFO     Identify genomic features
2021-02-04 20:01:40,858: INFO     check if ../all_test_data/Aspergillus_fumigatus.gbk is gzipped
2021-02-04 20:01:43,814: INFO     Total number of CDS/locus in the input genome: 9630
2021-02-04 20:01:43,814: INFO     Find genomic features closest the guides
2021-02-04 20:01:52,878: INFO     Select guides that start between +500 and -500 of a feature start
2021-02-04 20:01:53,501: INFO     Select description columns
2021-02-04 20:01:53,612: INFO     Format the output
2021-02-04 20:01:56,716: INFO     Number of Guides within a gene coordinates i.e. zero Feature distance: 109775
2021-02-04 20:01:58,861: INFO     creating random control guides
2021-02-04 20:01:59,233: INFO     Number of random control searched: 100
2021-02-04 20:01:59,233: INFO     Percentage of GC content in the input genome: 48.82
2021-02-04 20:01:59,234: INFO     Total length of the genome: 28.0 MB
2021-02-04 20:01:59,234: INFO     created 10 control guides with a minimum distance of 7 and a median distance of 7
2021-02-04 20:01:59,236: INFO     guidemaker completed, results are at TEST
2021-02-04 20:01:59,236: INFO     PAM sequence: NGRRT
2021-02-04 20:01:59,236: INFO     PAM orientation: 3prime
2021-02-04 20:01:59,237: INFO     Genome strand(s) searched: both
2021-02-04 20:01:59,237: INFO     Total PAM sites considered: 887427
2021-02-04 20:01:59,237: INFO     Guide RNA candidates found: 220143
	Command being timed: "guidemaker -i ../all_test_data/Aspergillus_fumigatus.gbk --pamseq NGRRT --outdir TEST --pam_orientation 3prime --guidelength 20 --strand both --lcp 11 --dist 3 --before 500 --into 500 --knum 10 --controls 10 --log GM_63831115_2.log --threads 1"
	User time (seconds): 224.35
	System time (seconds): 6.12
	Percent of CPU this job got: 101%
	Elapsed (wall clock) time (h:mm:ss or m:ss): 3:47.24
	Average shared text size (kbytes): 0
	Average unshared data size (kbytes): 0
	Average stack size (kbytes): 0
	Average total size (kbytes): 0
	Maximum resident set size (kbytes): 2782124
	Average resident set size (kbytes): 0
	Major (requiring I/O) page faults: 0
	Minor (reclaiming a frame) page faults: 3130110
	Voluntary context switches: 1615
	Involuntary context switches: 743
	Swaps: 0
	File system inputs: 108816
	File system outputs: 706600
	Socket messages sent: 0
	Socket messages received: 0
	Signals delivered: 0
	Page size (bytes): 4096
	Exit status: 0
My SLURM_ARRAY_TASK_ID:  2
My TMPDIR IS:  /scratch/local/63831115
Input Genome:>>>>>>>>>>>>>>>>>>>>>>>>>>>>>>>>>>>>>>>>>>>  Aspergillus_fumigatus.gbk
Input PAM:>>>>>>>>>>>>>>>>>>>>>>>>>>>>>>>>>>>>>>>>>>>  NGRRT
Threads used:>>>>>>>>>>>>>>>>>>>>>>>>>>>>>>>>>>>>>>>>>>>  2
GuideMaker
Your CPU supports instructions that this binary was not compiled to use: SSE4.1 SSE4.2 AVX AVX2
For maximum performance, you can install NMSLIB from sources 
pip install --no-binary :all: nmslib
2021-02-04 20:02:03,196: INFO     Temp directory is: /scratch/local/63831115/guidemaker_o0fnd816
2021-02-04 20:02:03,197: INFO     Writing fasta file from genbank file(s)
2021-02-04 20:02:03,197: INFO     check if ../all_test_data/Aspergillus_fumigatus.gbk is gzipped
2021-02-04 20:02:06,265: INFO     Identifying PAM sites in the genome
2021-02-04 20:02:36,065: INFO     Checking guides for restriction enzymes
2021-02-04 20:02:36,311: INFO     Number of guides removed after checking for restriction enzymes: 0
2021-02-04 20:02:36,311: INFO     Identifing guides that are unique near the PAM site
2021-02-04 20:02:38,185: INFO     Number of guides removed after checking for unique PAM: 228709
2021-02-04 20:02:38,185: INFO     Indexing all potential guide sites: 887427. This is the longest step.
2021-02-04 20:02:41,949: INFO     M                   = 16
2021-02-04 20:02:41,949: INFO     indexThreadQty      = 2
2021-02-04 20:02:41,949: INFO     efConstruction      = 10
2021-02-04 20:02:41,949: INFO     maxM			          = 16
2021-02-04 20:02:41,949: INFO     maxM0			          = 32
2021-02-04 20:02:41,950: INFO     mult                = 0.360674
2021-02-04 20:02:41,950: INFO     skip_optimized_index= 0
2021-02-04 20:02:41,950: INFO     delaunay_type       = 2
2021-02-04 20:02:41,950: INFO     Set HNSW query-time parameters:
2021-02-04 20:02:41,950: INFO     ef(Search)         =20
2021-02-04 20:02:41,950: INFO     algoType           =2

0%   10   20   30   40   50   60   70   80   90   100%
|----|----|----|----|----|----|----|----|----|----|
***************************************************

0%   10   20   30   40   50   60   70   80   90   100%
|----|----|----|----|----|----|----|----|----|----|
****************************************************2021-02-04 20:03:39,550: INFO     No appropriate custom distance function for Hamming (bit-storage) space
2021-02-04 20:03:39,551: INFO     searchMethod			  = 0
2021-02-04 20:03:39,629: INFO     Identifying guides that have a hamming distance <= 3 to all other potential guides
2021-02-04 20:03:40,665: INFO     Set HNSW query-time parameters:
2021-02-04 20:03:40,665: INFO     ef(Search)         =9
2021-02-04 20:03:40,665: INFO     algoType           =2
2021-02-04 20:04:35,110: INFO     Formatting data for BedTools
2021-02-04 20:04:36,383: INFO     Create GuideMaker Annotation object
2021-02-04 20:04:36,384: INFO     Identify genomic features
2021-02-04 20:04:36,384: INFO     check if ../all_test_data/Aspergillus_fumigatus.gbk is gzipped
2021-02-04 20:04:39,315: INFO     Total number of CDS/locus in the input genome: 9630
2021-02-04 20:04:39,315: INFO     Find genomic features closest the guides
2021-02-04 20:04:48,496: INFO     Select guides that start between +500 and -500 of a feature start
2021-02-04 20:04:49,086: INFO     Select description columns
2021-02-04 20:04:49,185: INFO     Format the output
2021-02-04 20:04:51,710: INFO     Number of Guides within a gene coordinates i.e. zero Feature distance: 109761
2021-02-04 20:04:53,942: INFO     creating random control guides
2021-02-04 20:04:54,402: INFO     Number of random control searched: 100
2021-02-04 20:04:54,402: INFO     Percentage of GC content in the input genome: 48.82
2021-02-04 20:04:54,402: INFO     Total length of the genome: 28.0 MB
2021-02-04 20:04:54,402: INFO     created 10 control guides with a minimum distance of 7 and a median distance of 7
2021-02-04 20:04:54,405: INFO     guidemaker completed, results are at TEST
2021-02-04 20:04:54,405: INFO     PAM sequence: NGRRT
2021-02-04 20:04:54,405: INFO     PAM orientation: 3prime
2021-02-04 20:04:54,405: INFO     Genome strand(s) searched: both
2021-02-04 20:04:54,405: INFO     Total PAM sites considered: 887427
2021-02-04 20:04:54,405: INFO     Guide RNA candidates found: 220129
	Command being timed: "guidemaker -i ../all_test_data/Aspergillus_fumigatus.gbk --pamseq NGRRT --outdir TEST --pam_orientation 3prime --guidelength 20 --strand both --lcp 11 --dist 3 --before 500 --into 500 --knum 10 --controls 10 --log GM_63831115_2.log --threads 2"
	User time (seconds): 242.95
	System time (seconds): 14.41
	Percent of CPU this job got: 147%
	Elapsed (wall clock) time (h:mm:ss or m:ss): 2:54.81
	Average shared text size (kbytes): 0
	Average unshared data size (kbytes): 0
	Average stack size (kbytes): 0
	Average total size (kbytes): 0
	Maximum resident set size (kbytes): 3218748
	Average resident set size (kbytes): 0
	Major (requiring I/O) page faults: 0
	Minor (reclaiming a frame) page faults: 8437702
	Voluntary context switches: 63251
	Involuntary context switches: 429004
	Swaps: 0
	File system inputs: 152
	File system outputs: 706720
	Socket messages sent: 0
	Socket messages received: 0
	Signals delivered: 0
	Page size (bytes): 4096
	Exit status: 0
My SLURM_ARRAY_TASK_ID:  2
My TMPDIR IS:  /scratch/local/63831115
Input Genome:>>>>>>>>>>>>>>>>>>>>>>>>>>>>>>>>>>>>>>>>>>>  Aspergillus_fumigatus.gbk
Input PAM:>>>>>>>>>>>>>>>>>>>>>>>>>>>>>>>>>>>>>>>>>>>  NGRRT
Threads used:>>>>>>>>>>>>>>>>>>>>>>>>>>>>>>>>>>>>>>>>>>>  4
GuideMaker
Your CPU supports instructions that this binary was not compiled to use: SSE4.1 SSE4.2 AVX AVX2
For maximum performance, you can install NMSLIB from sources 
pip install --no-binary :all: nmslib
2021-02-04 20:04:57,995: INFO     Temp directory is: /scratch/local/63831115/guidemaker_hz3lum8w
2021-02-04 20:04:57,995: INFO     Writing fasta file from genbank file(s)
2021-02-04 20:04:57,995: INFO     check if ../all_test_data/Aspergillus_fumigatus.gbk is gzipped
2021-02-04 20:05:01,107: INFO     Identifying PAM sites in the genome
2021-02-04 20:05:32,636: INFO     Checking guides for restriction enzymes
2021-02-04 20:05:32,904: INFO     Number of guides removed after checking for restriction enzymes: 0
2021-02-04 20:05:32,905: INFO     Identifing guides that are unique near the PAM site
2021-02-04 20:05:34,883: INFO     Number of guides removed after checking for unique PAM: 228709
2021-02-04 20:05:34,883: INFO     Indexing all potential guide sites: 887427. This is the longest step.
2021-02-04 20:05:38,705: INFO     M                   = 16
2021-02-04 20:05:38,705: INFO     indexThreadQty      = 4
2021-02-04 20:05:38,705: INFO     efConstruction      = 10
2021-02-04 20:05:38,705: INFO     maxM			          = 16
2021-02-04 20:05:38,705: INFO     maxM0			          = 32
2021-02-04 20:05:38,705: INFO     mult                = 0.360674
2021-02-04 20:05:38,705: INFO     skip_optimized_index= 0
2021-02-04 20:05:38,706: INFO     delaunay_type       = 2
2021-02-04 20:05:38,706: INFO     Set HNSW query-time parameters:
2021-02-04 20:05:38,706: INFO     ef(Search)         =20
2021-02-04 20:05:38,706: INFO     algoType           =2

0%   10   20   30   40   50   60   70   80   90   100%
|----|----|----|----|----|----|----|----|----|----|
***************************************************

0%   10   20   30   40   50   60   70   80   90   100%
|----|----|----|----|----|----|----|----|----|----|
******************************************************
2021-02-04 20:06:09,983: INFO     No appropriate custom distance function for Hamming (bit-storage) space
2021-02-04 20:06:09,983: INFO     searchMethod			  = 0
2021-02-04 20:06:10,067: INFO     Identifying guides that have a hamming distance <= 3 to all other potential guides
2021-02-04 20:06:11,053: INFO     Set HNSW query-time parameters:
2021-02-04 20:06:11,054: INFO     ef(Search)         =9
2021-02-04 20:06:11,054: INFO     algoType           =2
2021-02-04 20:06:56,184: INFO     Formatting data for BedTools
2021-02-04 20:06:57,444: INFO     Create GuideMaker Annotation object
2021-02-04 20:06:57,444: INFO     Identify genomic features
2021-02-04 20:06:57,444: INFO     check if ../all_test_data/Aspergillus_fumigatus.gbk is gzipped
2021-02-04 20:07:00,365: INFO     Total number of CDS/locus in the input genome: 9630
2021-02-04 20:07:00,365: INFO     Find genomic features closest the guides
2021-02-04 20:07:09,494: INFO     Select guides that start between +500 and -500 of a feature start
2021-02-04 20:07:10,177: INFO     Select description columns
2021-02-04 20:07:10,294: INFO     Format the output
2021-02-04 20:07:12,976: INFO     Number of Guides within a gene coordinates i.e. zero Feature distance: 109756
2021-02-04 20:07:15,095: INFO     creating random control guides
2021-02-04 20:07:15,497: INFO     Number of random control searched: 100
2021-02-04 20:07:15,497: INFO     Percentage of GC content in the input genome: 48.82
2021-02-04 20:07:15,497: INFO     Total length of the genome: 28.0 MB
2021-02-04 20:07:15,497: INFO     created 10 control guides with a minimum distance of 7 and a median distance of 7
2021-02-04 20:07:15,500: INFO     guidemaker completed, results are at TEST
2021-02-04 20:07:15,500: INFO     PAM sequence: NGRRT
2021-02-04 20:07:15,500: INFO     PAM orientation: 3prime
2021-02-04 20:07:15,500: INFO     Genome strand(s) searched: both
2021-02-04 20:07:15,500: INFO     Total PAM sites considered: 887427
2021-02-04 20:07:15,501: INFO     Guide RNA candidates found: 220130
	Command being timed: "guidemaker -i ../all_test_data/Aspergillus_fumigatus.gbk --pamseq NGRRT --outdir TEST --pam_orientation 3prime --guidelength 20 --strand both --lcp 11 --dist 3 --before 500 --into 500 --knum 10 --controls 10 --log GM_63831115_2.log --threads 4"
	User time (seconds): 257.54
	System time (seconds): 13.09
	Percent of CPU this job got: 191%
	Elapsed (wall clock) time (h:mm:ss or m:ss): 2:21.08
	Average shared text size (kbytes): 0
	Average unshared data size (kbytes): 0
	Average stack size (kbytes): 0
	Average total size (kbytes): 0
	Maximum resident set size (kbytes): 3199668
	Average resident set size (kbytes): 0
	Major (requiring I/O) page faults: 0
	Minor (reclaiming a frame) page faults: 6272062
	Voluntary context switches: 138701
	Involuntary context switches: 57177
	Swaps: 0
	File system inputs: 0
	File system outputs: 706536
	Socket messages sent: 0
	Socket messages received: 0
	Signals delivered: 0
	Page size (bytes): 4096
	Exit status: 0
My SLURM_ARRAY_TASK_ID:  2
My TMPDIR IS:  /scratch/local/63831115
Input Genome:>>>>>>>>>>>>>>>>>>>>>>>>>>>>>>>>>>>>>>>>>>>  Aspergillus_fumigatus.gbk
Input PAM:>>>>>>>>>>>>>>>>>>>>>>>>>>>>>>>>>>>>>>>>>>>  NGRRT
Threads used:>>>>>>>>>>>>>>>>>>>>>>>>>>>>>>>>>>>>>>>>>>>  8
GuideMaker
Your CPU supports instructions that this binary was not compiled to use: SSE4.1 SSE4.2 AVX AVX2
For maximum performance, you can install NMSLIB from sources 
pip install --no-binary :all: nmslib
2021-02-04 20:07:19,114: INFO     Temp directory is: /scratch/local/63831115/guidemaker_32dtyahc
2021-02-04 20:07:19,115: INFO     Writing fasta file from genbank file(s)
2021-02-04 20:07:19,115: INFO     check if ../all_test_data/Aspergillus_fumigatus.gbk is gzipped
2021-02-04 20:07:22,248: INFO     Identifying PAM sites in the genome
2021-02-04 20:07:53,627: INFO     Checking guides for restriction enzymes
2021-02-04 20:07:53,876: INFO     Number of guides removed after checking for restriction enzymes: 0
2021-02-04 20:07:53,876: INFO     Identifing guides that are unique near the PAM site
2021-02-04 20:07:55,811: INFO     Number of guides removed after checking for unique PAM: 228709
2021-02-04 20:07:55,811: INFO     Indexing all potential guide sites: 887427. This is the longest step.
2021-02-04 20:07:59,595: INFO     M                   = 16
2021-02-04 20:07:59,595: INFO     indexThreadQty      = 8
2021-02-04 20:07:59,595: INFO     efConstruction      = 10
2021-02-04 20:07:59,596: INFO     maxM			          = 16
2021-02-04 20:07:59,596: INFO     maxM0			          = 32
2021-02-04 20:07:59,596: INFO     mult                = 0.360674
2021-02-04 20:07:59,596: INFO     skip_optimized_index= 0
2021-02-04 20:07:59,596: INFO     delaunay_type       = 2
2021-02-04 20:07:59,596: INFO     Set HNSW query-time parameters:
2021-02-04 20:07:59,596: INFO     ef(Search)         =20
2021-02-04 20:07:59,596: INFO     algoType           =2

0%   10   20   30   40   50   60   70   80   90   100%
|----|----|----|----|----|----|----|----|----|----|
***************************************************

0%   10   20   30   40   50   60   70   80   90   100%
|----|----|----|----|----|----|----|----|----|----|
****************************************************2021-02-04 20:08:16,275: INFO     No appropriate custom distance function for Hamming (bit-storage) space
2021-02-04 20:08:16,275: INFO     searchMethod			  = 0
2021-02-04 20:08:16,357: INFO     Identifying guides that have a hamming distance <= 3 to all other potential guides
2021-02-04 20:08:17,387: INFO     Set HNSW query-time parameters:
2021-02-04 20:08:17,387: INFO     ef(Search)         =9
2021-02-04 20:08:17,387: INFO     algoType           =2
2021-02-04 20:08:57,256: INFO     Formatting data for BedTools
2021-02-04 20:08:58,568: INFO     Create GuideMaker Annotation object
2021-02-04 20:08:58,569: INFO     Identify genomic features
2021-02-04 20:08:58,569: INFO     check if ../all_test_data/Aspergillus_fumigatus.gbk is gzipped
2021-02-04 20:09:01,513: INFO     Total number of CDS/locus in the input genome: 9630
2021-02-04 20:09:01,513: INFO     Find genomic features closest the guides
2021-02-04 20:09:10,614: INFO     Select guides that start between +500 and -500 of a feature start
2021-02-04 20:09:11,212: INFO     Select description columns
2021-02-04 20:09:11,314: INFO     Format the output
2021-02-04 20:09:13,870: INFO     Number of Guides within a gene coordinates i.e. zero Feature distance: 109766
2021-02-04 20:09:16,147: INFO     creating random control guides
2021-02-04 20:09:16,570: INFO     Number of random control searched: 100
2021-02-04 20:09:16,570: INFO     Percentage of GC content in the input genome: 48.82
2021-02-04 20:09:16,570: INFO     Total length of the genome: 28.0 MB
2021-02-04 20:09:16,570: INFO     created 10 control guides with a minimum distance of 7 and a median distance of 7
2021-02-04 20:09:16,573: INFO     guidemaker completed, results are at TEST
2021-02-04 20:09:16,573: INFO     PAM sequence: NGRRT
2021-02-04 20:09:16,573: INFO     PAM orientation: 3prime
2021-02-04 20:09:16,573: INFO     Genome strand(s) searched: both
2021-02-04 20:09:16,573: INFO     Total PAM sites considered: 887427
2021-02-04 20:09:16,573: INFO     Guide RNA candidates found: 220136
	Command being timed: "guidemaker -i ../all_test_data/Aspergillus_fumigatus.gbk --pamseq NGRRT --outdir TEST --pam_orientation 3prime --guidelength 20 --strand both --lcp 11 --dist 3 --before 500 --into 500 --knum 10 --controls 10 --log GM_63831115_2.log --threads 8"
	User time (seconds): 265.28
	System time (seconds): 13.19
	Percent of CPU this job got: 229%
	Elapsed (wall clock) time (h:mm:ss or m:ss): 2:01.14
	Average shared text size (kbytes): 0
	Average unshared data size (kbytes): 0
	Average stack size (kbytes): 0
	Average total size (kbytes): 0
	Maximum resident set size (kbytes): 3229076
	Average resident set size (kbytes): 0
	Major (requiring I/O) page faults: 0
	Minor (reclaiming a frame) page faults: 5047114
	Voluntary context switches: 244859
	Involuntary context switches: 926
	Swaps: 0
	File system inputs: 0
	File system outputs: 706472
	Socket messages sent: 0
	Socket messages received: 0
	Signals delivered: 0
	Page size (bytes): 4096
	Exit status: 0
My SLURM_ARRAY_TASK_ID:  2
My TMPDIR IS:  /scratch/local/63831115
Input Genome:>>>>>>>>>>>>>>>>>>>>>>>>>>>>>>>>>>>>>>>>>>>  Aspergillus_fumigatus.gbk
Input PAM:>>>>>>>>>>>>>>>>>>>>>>>>>>>>>>>>>>>>>>>>>>>  NGRRT
Threads used:>>>>>>>>>>>>>>>>>>>>>>>>>>>>>>>>>>>>>>>>>>>  16
GuideMaker
Your CPU supports instructions that this binary was not compiled to use: SSE4.1 SSE4.2 AVX AVX2
For maximum performance, you can install NMSLIB from sources 
pip install --no-binary :all: nmslib
2021-02-04 20:09:20,229: INFO     Temp directory is: /scratch/local/63831115/guidemaker_9w_ub8ah
2021-02-04 20:09:20,229: INFO     Writing fasta file from genbank file(s)
2021-02-04 20:09:20,229: INFO     check if ../all_test_data/Aspergillus_fumigatus.gbk is gzipped
2021-02-04 20:09:23,369: INFO     Identifying PAM sites in the genome
2021-02-04 20:09:54,994: INFO     Checking guides for restriction enzymes
2021-02-04 20:09:55,241: INFO     Number of guides removed after checking for restriction enzymes: 0
2021-02-04 20:09:55,241: INFO     Identifing guides that are unique near the PAM site
2021-02-04 20:09:57,164: INFO     Number of guides removed after checking for unique PAM: 228709
2021-02-04 20:09:57,164: INFO     Indexing all potential guide sites: 887427. This is the longest step.
2021-02-04 20:10:00,916: INFO     M                   = 16
2021-02-04 20:10:00,916: INFO     indexThreadQty      = 16
2021-02-04 20:10:00,916: INFO     efConstruction      = 10
2021-02-04 20:10:00,916: INFO     maxM			          = 16
2021-02-04 20:10:00,917: INFO     maxM0			          = 32
2021-02-04 20:10:00,917: INFO     mult                = 0.360674
2021-02-04 20:10:00,917: INFO     skip_optimized_index= 0
2021-02-04 20:10:00,917: INFO     delaunay_type       = 2
2021-02-04 20:10:00,917: INFO     Set HNSW query-time parameters:
2021-02-04 20:10:00,917: INFO     ef(Search)         =20
2021-02-04 20:10:00,917: INFO     algoType           =2

0%   10   20   30   40   50   60   70   80   90   100%
|----|----|----|----|----|----|----|----|----|----|
***************************************************

0%   10   20   30   40   50   60   70   80   90   100%
|----|----|----|----|----|----|----|----|----|----|
****************************************************2021-02-04 20:10:09,954: INFO     No appropriate custom distance function for Hamming (bit-storage) space
2021-02-04 20:10:09,955: INFO     searchMethod			  = 0
2021-02-04 20:10:10,034: INFO     Identifying guides that have a hamming distance <= 3 to all other potential guides
2021-02-04 20:10:10,989: INFO     Set HNSW query-time parameters:
2021-02-04 20:10:10,989: INFO     ef(Search)         =9
2021-02-04 20:10:10,989: INFO     algoType           =2
2021-02-04 20:10:46,391: INFO     Formatting data for BedTools
2021-02-04 20:10:47,657: INFO     Create GuideMaker Annotation object
2021-02-04 20:10:47,657: INFO     Identify genomic features
2021-02-04 20:10:47,658: INFO     check if ../all_test_data/Aspergillus_fumigatus.gbk is gzipped
2021-02-04 20:10:50,605: INFO     Total number of CDS/locus in the input genome: 9630
2021-02-04 20:10:50,605: INFO     Find genomic features closest the guides
2021-02-04 20:11:00,290: INFO     Select guides that start between +500 and -500 of a feature start
2021-02-04 20:11:00,957: INFO     Select description columns
2021-02-04 20:11:01,070: INFO     Format the output
2021-02-04 20:11:03,790: INFO     Number of Guides within a gene coordinates i.e. zero Feature distance: 109761
2021-02-04 20:11:05,925: INFO     creating random control guides
2021-02-04 20:11:06,336: INFO     Number of random control searched: 100
2021-02-04 20:11:06,337: INFO     Percentage of GC content in the input genome: 48.82
2021-02-04 20:11:06,337: INFO     Total length of the genome: 28.0 MB
2021-02-04 20:11:06,337: INFO     created 10 control guides with a minimum distance of 7 and a median distance of 8
2021-02-04 20:11:06,340: INFO     guidemaker completed, results are at TEST
2021-02-04 20:11:06,340: INFO     PAM sequence: NGRRT
2021-02-04 20:11:06,340: INFO     PAM orientation: 3prime
2021-02-04 20:11:06,340: INFO     Genome strand(s) searched: both
2021-02-04 20:11:06,340: INFO     Total PAM sites considered: 887427
2021-02-04 20:11:06,340: INFO     Guide RNA candidates found: 220132
	Command being timed: "guidemaker -i ../all_test_data/Aspergillus_fumigatus.gbk --pamseq NGRRT --outdir TEST --pam_orientation 3prime --guidelength 20 --strand both --lcp 11 --dist 3 --before 500 --into 500 --knum 10 --controls 10 --log GM_63831115_2.log --threads 16"
	User time (seconds): 273.85
	System time (seconds): 15.52
	Percent of CPU this job got: 263%
	Elapsed (wall clock) time (h:mm:ss or m:ss): 1:49.76
	Average shared text size (kbytes): 0
	Average unshared data size (kbytes): 0
	Average stack size (kbytes): 0
	Average total size (kbytes): 0
	Maximum resident set size (kbytes): 3200368
	Average resident set size (kbytes): 0
	Major (requiring I/O) page faults: 0
	Minor (reclaiming a frame) page faults: 4192752
	Voluntary context switches: 513587
	Involuntary context switches: 58054
	Swaps: 0
	File system inputs: 0
	File system outputs: 706464
	Socket messages sent: 0
	Socket messages received: 0
	Signals delivered: 0
	Page size (bytes): 4096
	Exit status: 0
My SLURM_ARRAY_TASK_ID:  2
My TMPDIR IS:  /scratch/local/63831115
Input Genome:>>>>>>>>>>>>>>>>>>>>>>>>>>>>>>>>>>>>>>>>>>>  Aspergillus_fumigatus.gbk
Input PAM:>>>>>>>>>>>>>>>>>>>>>>>>>>>>>>>>>>>>>>>>>>>  NGRRT
Threads used:>>>>>>>>>>>>>>>>>>>>>>>>>>>>>>>>>>>>>>>>>>>  32
GuideMaker
Your CPU supports instructions that this binary was not compiled to use: SSE4.1 SSE4.2 AVX AVX2
For maximum performance, you can install NMSLIB from sources 
pip install --no-binary :all: nmslib
2021-02-04 20:11:10,000: INFO     Temp directory is: /scratch/local/63831115/guidemaker_su1ubjld
2021-02-04 20:11:10,000: INFO     Writing fasta file from genbank file(s)
2021-02-04 20:11:10,000: INFO     check if ../all_test_data/Aspergillus_fumigatus.gbk is gzipped
2021-02-04 20:11:13,049: INFO     Identifying PAM sites in the genome
2021-02-04 20:11:44,622: INFO     Checking guides for restriction enzymes
2021-02-04 20:11:44,868: INFO     Number of guides removed after checking for restriction enzymes: 0
2021-02-04 20:11:44,869: INFO     Identifing guides that are unique near the PAM site
2021-02-04 20:11:46,899: INFO     Number of guides removed after checking for unique PAM: 228709
2021-02-04 20:11:46,899: INFO     Indexing all potential guide sites: 887427. This is the longest step.
2021-02-04 20:11:51,072: INFO     M                   = 16
2021-02-04 20:11:51,072: INFO     indexThreadQty      = 32
2021-02-04 20:11:51,072: INFO     efConstruction      = 10
2021-02-04 20:11:51,072: INFO     maxM			          = 16
2021-02-04 20:11:51,072: INFO     maxM0			          = 32
2021-02-04 20:11:51,072: INFO     mult                = 0.360674
2021-02-04 20:11:51,072: INFO     skip_optimized_index= 0
2021-02-04 20:11:51,072: INFO     delaunay_type       = 2
2021-02-04 20:11:51,073: INFO     Set HNSW query-time parameters:
2021-02-04 20:11:51,073: INFO     ef(Search)         =20
2021-02-04 20:11:51,073: INFO     algoType           =2

0%   10   20   30   40   50   60   70   80   90   100%
|----|----|----|----|----|----|----|----|----|----|
***************************************************

0%   10   20   30   40   50   60   70   80   90   100%
|----|----|----|----|----|----|----|----|----|----|
****************************************************

2021-02-04 20:11:56,770: INFO     No appropriate custom distance function for Hamming (bit-storage) space
2021-02-04 20:11:56,770: INFO     searchMethod			  = 0
2021-02-04 20:11:56,859: INFO     Identifying guides that have a hamming distance <= 3 to all other potential guides
2021-02-04 20:11:57,808: INFO     Set HNSW query-time parameters:
2021-02-04 20:11:57,808: INFO     ef(Search)         =9
2021-02-04 20:11:57,808: INFO     algoType           =2
2021-02-04 20:12:33,002: INFO     Formatting data for BedTools
2021-02-04 20:12:34,299: INFO     Create GuideMaker Annotation object
2021-02-04 20:12:34,299: INFO     Identify genomic features
2021-02-04 20:12:34,300: INFO     check if ../all_test_data/Aspergillus_fumigatus.gbk is gzipped
2021-02-04 20:12:37,629: INFO     Total number of CDS/locus in the input genome: 9630
2021-02-04 20:12:37,629: INFO     Find genomic features closest the guides
2021-02-04 20:12:47,083: INFO     Select guides that start between +500 and -500 of a feature start
2021-02-04 20:12:47,685: INFO     Select description columns
2021-02-04 20:12:47,789: INFO     Format the output
2021-02-04 20:12:50,355: INFO     Number of Guides within a gene coordinates i.e. zero Feature distance: 109777
2021-02-04 20:12:52,454: INFO     creating random control guides
2021-02-04 20:12:52,901: INFO     Number of random control searched: 100
2021-02-04 20:12:52,901: INFO     Percentage of GC content in the input genome: 48.82
2021-02-04 20:12:52,901: INFO     Total length of the genome: 28.0 MB
2021-02-04 20:12:52,901: INFO     created 10 control guides with a minimum distance of 7 and a median distance of 8
2021-02-04 20:12:52,904: INFO     guidemaker completed, results are at TEST
2021-02-04 20:12:52,904: INFO     PAM sequence: NGRRT
2021-02-04 20:12:52,904: INFO     PAM orientation: 3prime
2021-02-04 20:12:52,904: INFO     Genome strand(s) searched: both
2021-02-04 20:12:52,904: INFO     Total PAM sites considered: 887427
2021-02-04 20:12:52,904: INFO     Guide RNA candidates found: 220168
	Command being timed: "guidemaker -i ../all_test_data/Aspergillus_fumigatus.gbk --pamseq NGRRT --outdir TEST --pam_orientation 3prime --guidelength 20 --strand both --lcp 11 --dist 3 --before 500 --into 500 --knum 10 --controls 10 --log GM_63831115_2.log --threads 32"
	User time (seconds): 291.48
	System time (seconds): 25.43
	Percent of CPU this job got: 297%
	Elapsed (wall clock) time (h:mm:ss or m:ss): 1:46.49
	Average shared text size (kbytes): 0
	Average unshared data size (kbytes): 0
	Average stack size (kbytes): 0
	Average total size (kbytes): 0
	Maximum resident set size (kbytes): 3232384
	Average resident set size (kbytes): 0
	Major (requiring I/O) page faults: 0
	Minor (reclaiming a frame) page faults: 4709394
	Voluntary context switches: 1094330
	Involuntary context switches: 578042
	Swaps: 0
	File system inputs: 0
	File system outputs: 706672
	Socket messages sent: 0
	Socket messages received: 0
	Signals delivered: 0
	Page size (bytes): 4096
	Exit status: 0
