Thu Feb  4 21:19:51 EST 2021
c22b-s21.ufhpc
/blue/garrett/rp3448/analysis/guidemaker/nonAVXGuidemaker

     active environment : NONAVX2
    active env location : /home/rp3448/.conda/envs/NONAVX2
            shell level : 3
       user config file : /home/rp3448/.condarc
 populated config files : /home/rp3448/.condarc
          conda version : 4.9.2
    conda-build version : not installed
         python version : 3.9.1.final.0
       virtual packages : __glibc=2.17=0
                          __unix=0=0
                          __archspec=1=x86_64
       base environment : /apps/conda/4.9.2  (read only)
           channel URLs : https://conda.anaconda.org/biobakery/linux-64
                          https://conda.anaconda.org/biobakery/noarch
                          https://conda.anaconda.org/conda-forge/linux-64
                          https://conda.anaconda.org/conda-forge/noarch
                          https://conda.anaconda.org/bioconda/linux-64
                          https://conda.anaconda.org/bioconda/noarch
                          https://repo.anaconda.com/pkgs/main/linux-64
                          https://repo.anaconda.com/pkgs/main/noarch
                          https://repo.anaconda.com/pkgs/r/linux-64
                          https://repo.anaconda.com/pkgs/r/noarch
          package cache : /apps/conda/4.9.2/pkgs
                          /home/rp3448/.conda/pkgs
       envs directories : /home/rp3448/.conda/envs
                          /apps/conda/4.9.2/envs
               platform : linux-64
             user-agent : conda/4.9.2 requests/2.25.1 CPython/3.9.1 Linux/3.10.0-1062.18.1.el7.x86_64 rhel/7.7 glibc/2.17
                UID:GID : 6472:3511
             netrc file : None
           offline mode : False

My SLURM_ARRAY_TASK_ID:  8
My TMPDIR IS:  /scratch/local/63833349
Input Genome:>>>>>>>>>>>>>>>>>>>>>>>>>>>>>>>>>>>>>>>>>>>  Burkholderia_thailandensis_E264_ATCC_700388_133.gbk
Input PAM:>>>>>>>>>>>>>>>>>>>>>>>>>>>>>>>>>>>>>>>>>>>  NNAGAAW
Threads used:>>>>>>>>>>>>>>>>>>>>>>>>>>>>>>>>>>>>>>>>>>>  1
GuideMaker
Your CPU supports instructions that this binary was not compiled to use: SSE4.1 SSE4.2 AVX AVX2
For maximum performance, you can install NMSLIB from sources 
pip install --no-binary :all: nmslib
2021-02-04 21:19:55,769: INFO     Temp directory is: /scratch/local/63833349/guidemaker_1flf_ze9
2021-02-04 21:19:55,769: INFO     Writing fasta file from genbank file(s)
2021-02-04 21:19:55,770: INFO     check if ../all_test_data/Burkholderia_thailandensis_E264_ATCC_700388_133.gbk is gzipped
2021-02-04 21:19:56,497: INFO     Identifying PAM sites in the genome
2021-02-04 21:19:59,459: INFO     Checking guides for restriction enzymes
2021-02-04 21:19:59,462: INFO     Number of guides removed after checking for restriction enzymes: 0
2021-02-04 21:19:59,462: INFO     Identifing guides that are unique near the PAM site
2021-02-04 21:19:59,470: INFO     Number of guides removed after checking for unique PAM: 422
2021-02-04 21:19:59,470: INFO     Indexing all potential guide sites: 8607. This is the longest step.
2021-02-04 21:19:59,508: INFO     M                   = 16
2021-02-04 21:19:59,509: INFO     indexThreadQty      = 1
2021-02-04 21:19:59,509: INFO     efConstruction      = 10
2021-02-04 21:19:59,509: INFO     maxM			          = 16
2021-02-04 21:19:59,509: INFO     maxM0			          = 32
2021-02-04 21:19:59,509: INFO     mult                = 0.360674
2021-02-04 21:19:59,509: INFO     skip_optimized_index= 0
2021-02-04 21:19:59,509: INFO     delaunay_type       = 2
2021-02-04 21:19:59,509: INFO     Set HNSW query-time parameters:
2021-02-04 21:19:59,509: INFO     ef(Search)         =20
2021-02-04 21:19:59,509: INFO     algoType           =2

0%   10   20   30   40   50   60   70   80   90   100%
|----|----|----|----|----|----|----|----|----|----|
***************************************************

0%   10   20   30   40   50   60   70   80   90   100%
|----|----|----|----|----|----|----|----|----|----|
***************************************************
*2021-02-04 21:19:59,860: INFO     No appropriate custom distance function for Hamming (bit-storage) space
2021-02-04 21:19:59,860: INFO     searchMethod			  = 0
2021-02-04 21:19:59,860: INFO     Identifying guides that have a hamming distance <= 3 to all other potential guides
2021-02-04 21:19:59,870: INFO     Set HNSW query-time parameters:
2021-02-04 21:19:59,870: INFO     ef(Search)         =9
2021-02-04 21:19:59,870: INFO     algoType           =2
2021-02-04 21:20:00,277: INFO     Formatting data for BedTools
2021-02-04 21:20:00,293: INFO     Create GuideMaker Annotation object
2021-02-04 21:20:00,293: INFO     Identify genomic features
2021-02-04 21:20:00,294: INFO     check if ../all_test_data/Burkholderia_thailandensis_E264_ATCC_700388_133.gbk is gzipped
2021-02-04 21:20:01,074: INFO     Total number of CDS/locus in the input genome: 5633
2021-02-04 21:20:01,074: INFO     Find genomic features closest the guides
2021-02-04 21:20:01,275: INFO     Select guides that start between +500 and -500 of a feature start
2021-02-04 21:20:01,335: INFO     Select description columns
2021-02-04 21:20:01,384: INFO     Format the output
2021-02-04 21:20:01,448: INFO     Number of Guides within a gene coordinates i.e. zero Feature distance: 3304
2021-02-04 21:20:01,542: INFO     creating random control guides
2021-02-04 21:20:01,633: INFO     Number of random control searched: 100
2021-02-04 21:20:01,634: INFO     Percentage of GC content in the input genome: 67.63
2021-02-04 21:20:01,634: INFO     Total length of the genome: 6.4 MB
2021-02-04 21:20:01,634: INFO     created 10 control guides with a minimum distance of 8 and a median distance of 8
2021-02-04 21:20:01,638: INFO     guidemaker completed, results are at TEST
2021-02-04 21:20:01,638: INFO     PAM sequence: NNAGAAW
2021-02-04 21:20:01,638: INFO     PAM orientation: 3prime
2021-02-04 21:20:01,638: INFO     Genome strand(s) searched: both
2021-02-04 21:20:01,638: INFO     Total PAM sites considered: 8607
2021-02-04 21:20:01,638: INFO     Guide RNA candidates found: 6330
	Command being timed: "guidemaker -i ../all_test_data/Burkholderia_thailandensis_E264_ATCC_700388_133.gbk --pamseq NNAGAAW --outdir TEST --pam_orientation 3prime --guidelength 20 --strand both --lcp 11 --dist 3 --before 500 --into 500 --knum 10 --controls 10 --log GM_63833349_8.log --threads 1"
	User time (seconds): 7.91
	System time (seconds): 1.79
	Percent of CPU this job got: 143%
	Elapsed (wall clock) time (h:mm:ss or m:ss): 0:06.76
	Average shared text size (kbytes): 0
	Average unshared data size (kbytes): 0
	Average stack size (kbytes): 0
	Average total size (kbytes): 0
	Maximum resident set size (kbytes): 137948
	Average resident set size (kbytes): 0
	Major (requiring I/O) page faults: 0
	Minor (reclaiming a frame) page faults: 173362
	Voluntary context switches: 1532
	Involuntary context switches: 496886
	Swaps: 0
	File system inputs: 8
	File system outputs: 25744
	Socket messages sent: 0
	Socket messages received: 0
	Signals delivered: 0
	Page size (bytes): 4096
	Exit status: 0
My SLURM_ARRAY_TASK_ID:  8
My TMPDIR IS:  /scratch/local/63833349
Input Genome:>>>>>>>>>>>>>>>>>>>>>>>>>>>>>>>>>>>>>>>>>>>  Burkholderia_thailandensis_E264_ATCC_700388_133.gbk
Input PAM:>>>>>>>>>>>>>>>>>>>>>>>>>>>>>>>>>>>>>>>>>>>  NNAGAAW
Threads used:>>>>>>>>>>>>>>>>>>>>>>>>>>>>>>>>>>>>>>>>>>>  2
GuideMaker
Your CPU supports instructions that this binary was not compiled to use: SSE4.1 SSE4.2 AVX AVX2
For maximum performance, you can install NMSLIB from sources 
pip install --no-binary :all: nmslib
2021-02-04 21:20:02,567: INFO     Temp directory is: /scratch/local/63833349/guidemaker_18d5vqsw
2021-02-04 21:20:02,567: INFO     Writing fasta file from genbank file(s)
2021-02-04 21:20:02,568: INFO     check if ../all_test_data/Burkholderia_thailandensis_E264_ATCC_700388_133.gbk is gzipped
2021-02-04 21:20:03,307: INFO     Identifying PAM sites in the genome
2021-02-04 21:20:06,162: INFO     Checking guides for restriction enzymes
2021-02-04 21:20:06,165: INFO     Number of guides removed after checking for restriction enzymes: 0
2021-02-04 21:20:06,165: INFO     Identifing guides that are unique near the PAM site
2021-02-04 21:20:06,173: INFO     Number of guides removed after checking for unique PAM: 422
2021-02-04 21:20:06,173: INFO     Indexing all potential guide sites: 8607. This is the longest step.
2021-02-04 21:20:06,208: INFO     M                   = 16
2021-02-04 21:20:06,208: INFO     indexThreadQty      = 2
2021-02-04 21:20:06,208: INFO     efConstruction      = 10
2021-02-04 21:20:06,208: INFO     maxM			          = 16
2021-02-04 21:20:06,208: INFO     maxM0			          = 32
2021-02-04 21:20:06,208: INFO     mult                = 0.360674
2021-02-04 21:20:06,209: INFO     skip_optimized_index= 0
2021-02-04 21:20:06,209: INFO     delaunay_type       = 2
2021-02-04 21:20:06,209: INFO     Set HNSW query-time parameters:
2021-02-04 21:20:06,209: INFO     ef(Search)         =20
2021-02-04 21:20:06,209: INFO     algoType           =2

0%   10   20   30   40   50   60   70   80   90   100%
|----|----|----|----|----|----|----|----|----|----|
***************************************************

0%   10   20   30   40   50   60   70   80   90   100%
|----|----|----|----|----|----|----|----|----|----|
***************************************************


2021-02-04 21:20:06,412: INFO     No appropriate custom distance function for Hamming (bit-storage) space
2021-02-04 21:20:06,412: INFO     searchMethod			  = 0
2021-02-04 21:20:06,412: INFO     Identifying guides that have a hamming distance <= 3 to all other potential guides
2021-02-04 21:20:06,422: INFO     Set HNSW query-time parameters:
2021-02-04 21:20:06,422: INFO     ef(Search)         =9
2021-02-04 21:20:06,422: INFO     algoType           =2
2021-02-04 21:20:06,796: INFO     Formatting data for BedTools
2021-02-04 21:20:06,812: INFO     Create GuideMaker Annotation object
2021-02-04 21:20:06,812: INFO     Identify genomic features
2021-02-04 21:20:06,812: INFO     check if ../all_test_data/Burkholderia_thailandensis_E264_ATCC_700388_133.gbk is gzipped
2021-02-04 21:20:07,592: INFO     Total number of CDS/locus in the input genome: 5633
2021-02-04 21:20:07,593: INFO     Find genomic features closest the guides
2021-02-04 21:20:07,793: INFO     Select guides that start between +500 and -500 of a feature start
2021-02-04 21:20:07,854: INFO     Select description columns
2021-02-04 21:20:07,904: INFO     Format the output
2021-02-04 21:20:07,967: INFO     Number of Guides within a gene coordinates i.e. zero Feature distance: 3304
2021-02-04 21:20:08,031: INFO     creating random control guides
2021-02-04 21:20:08,122: INFO     Number of random control searched: 100
2021-02-04 21:20:08,122: INFO     Percentage of GC content in the input genome: 67.63
2021-02-04 21:20:08,122: INFO     Total length of the genome: 6.4 MB
2021-02-04 21:20:08,122: INFO     created 10 control guides with a minimum distance of 8 and a median distance of 8
2021-02-04 21:20:08,125: INFO     guidemaker completed, results are at TEST
2021-02-04 21:20:08,125: INFO     PAM sequence: NNAGAAW
2021-02-04 21:20:08,125: INFO     PAM orientation: 3prime
2021-02-04 21:20:08,125: INFO     Genome strand(s) searched: both
2021-02-04 21:20:08,125: INFO     Total PAM sites considered: 8607
2021-02-04 21:20:08,125: INFO     Guide RNA candidates found: 6330
	Command being timed: "guidemaker -i ../all_test_data/Burkholderia_thailandensis_E264_ATCC_700388_133.gbk --pamseq NNAGAAW --outdir TEST --pam_orientation 3prime --guidelength 20 --strand both --lcp 11 --dist 3 --before 500 --into 500 --knum 10 --controls 10 --log GM_63833349_8.log --threads 2"
	User time (seconds): 8.35
	System time (seconds): 1.80
	Percent of CPU this job got: 156%
	Elapsed (wall clock) time (h:mm:ss or m:ss): 0:06.48
	Average shared text size (kbytes): 0
	Average unshared data size (kbytes): 0
	Average stack size (kbytes): 0
	Average total size (kbytes): 0
	Maximum resident set size (kbytes): 141416
	Average resident set size (kbytes): 0
	Major (requiring I/O) page faults: 0
	Minor (reclaiming a frame) page faults: 174896
	Voluntary context switches: 2982
	Involuntary context switches: 264
	Swaps: 0
	File system inputs: 0
	File system outputs: 25744
	Socket messages sent: 0
	Socket messages received: 0
	Signals delivered: 0
	Page size (bytes): 4096
	Exit status: 0
My SLURM_ARRAY_TASK_ID:  8
My TMPDIR IS:  /scratch/local/63833349
Input Genome:>>>>>>>>>>>>>>>>>>>>>>>>>>>>>>>>>>>>>>>>>>>  Burkholderia_thailandensis_E264_ATCC_700388_133.gbk
Input PAM:>>>>>>>>>>>>>>>>>>>>>>>>>>>>>>>>>>>>>>>>>>>  NNAGAAW
Threads used:>>>>>>>>>>>>>>>>>>>>>>>>>>>>>>>>>>>>>>>>>>>  4
GuideMaker
Your CPU supports instructions that this binary was not compiled to use: SSE4.1 SSE4.2 AVX AVX2
For maximum performance, you can install NMSLIB from sources 
pip install --no-binary :all: nmslib
2021-02-04 21:20:09,054: INFO     Temp directory is: /scratch/local/63833349/guidemaker_bwo4jjbq
2021-02-04 21:20:09,054: INFO     Writing fasta file from genbank file(s)
2021-02-04 21:20:09,054: INFO     check if ../all_test_data/Burkholderia_thailandensis_E264_ATCC_700388_133.gbk is gzipped
2021-02-04 21:20:09,771: INFO     Identifying PAM sites in the genome
2021-02-04 21:20:12,469: INFO     Checking guides for restriction enzymes
2021-02-04 21:20:12,472: INFO     Number of guides removed after checking for restriction enzymes: 0
2021-02-04 21:20:12,472: INFO     Identifing guides that are unique near the PAM site
2021-02-04 21:20:12,479: INFO     Number of guides removed after checking for unique PAM: 422
2021-02-04 21:20:12,480: INFO     Indexing all potential guide sites: 8607. This is the longest step.
2021-02-04 21:20:12,515: INFO     M                   = 16
2021-02-04 21:20:12,515: INFO     indexThreadQty      = 4
2021-02-04 21:20:12,515: INFO     efConstruction      = 10
2021-02-04 21:20:12,515: INFO     maxM			          = 16
2021-02-04 21:20:12,515: INFO     maxM0			          = 32
2021-02-04 21:20:12,516: INFO     mult                = 0.360674
2021-02-04 21:20:12,516: INFO     skip_optimized_index= 0
2021-02-04 21:20:12,516: INFO     delaunay_type       = 2
2021-02-04 21:20:12,516: INFO     Set HNSW query-time parameters:
2021-02-04 21:20:12,516: INFO     ef(Search)         =20
2021-02-04 21:20:12,516: INFO     algoType           =2

0%   10   20   30   40   50   60   70   80   90   100%
|----|----|----|----|----|----|----|----|----|----|
***************************************************

0%   10   20   30   40   50   60   70   80   90   100%
|----|----|----|----|----|----|----|----|----|----|
****************************************************2021-02-04 21:20:12,643: INFO     No appropriate custom distance function for Hamming (bit-storage) space
2021-02-04 21:20:12,643: INFO     searchMethod			  = 0
2021-02-04 21:20:12,643: INFO     Identifying guides that have a hamming distance <= 3 to all other potential guides
2021-02-04 21:20:12,653: INFO     Set HNSW query-time parameters:
2021-02-04 21:20:12,653: INFO     ef(Search)         =9
2021-02-04 21:20:12,654: INFO     algoType           =2
2021-02-04 21:20:13,028: INFO     Formatting data for BedTools
2021-02-04 21:20:13,045: INFO     Create GuideMaker Annotation object
2021-02-04 21:20:13,045: INFO     Identify genomic features
2021-02-04 21:20:13,045: INFO     check if ../all_test_data/Burkholderia_thailandensis_E264_ATCC_700388_133.gbk is gzipped
2021-02-04 21:20:13,836: INFO     Total number of CDS/locus in the input genome: 5633
2021-02-04 21:20:13,836: INFO     Find genomic features closest the guides
2021-02-04 21:20:14,042: INFO     Select guides that start between +500 and -500 of a feature start
2021-02-04 21:20:14,103: INFO     Select description columns
2021-02-04 21:20:14,153: INFO     Format the output
2021-02-04 21:20:14,217: INFO     Number of Guides within a gene coordinates i.e. zero Feature distance: 3304
2021-02-04 21:20:14,281: INFO     creating random control guides
2021-02-04 21:20:14,371: INFO     Number of random control searched: 100
2021-02-04 21:20:14,371: INFO     Percentage of GC content in the input genome: 67.63
2021-02-04 21:20:14,371: INFO     Total length of the genome: 6.4 MB
2021-02-04 21:20:14,371: INFO     created 10 control guides with a minimum distance of 8 and a median distance of 8
2021-02-04 21:20:14,374: INFO     guidemaker completed, results are at TEST
2021-02-04 21:20:14,374: INFO     PAM sequence: NNAGAAW
2021-02-04 21:20:14,374: INFO     PAM orientation: 3prime
2021-02-04 21:20:14,374: INFO     Genome strand(s) searched: both
2021-02-04 21:20:14,374: INFO     Total PAM sites considered: 8607
2021-02-04 21:20:14,374: INFO     Guide RNA candidates found: 6330
	Command being timed: "guidemaker -i ../all_test_data/Burkholderia_thailandensis_E264_ATCC_700388_133.gbk --pamseq NNAGAAW --outdir TEST --pam_orientation 3prime --guidelength 20 --strand both --lcp 11 --dist 3 --before 500 --into 500 --knum 10 --controls 10 --log GM_63833349_8.log --threads 4"
	User time (seconds): 8.24
	System time (seconds): 1.85
	Percent of CPU this job got: 161%
	Elapsed (wall clock) time (h:mm:ss or m:ss): 0:06.25
	Average shared text size (kbytes): 0
	Average unshared data size (kbytes): 0
	Average stack size (kbytes): 0
	Average total size (kbytes): 0
	Maximum resident set size (kbytes): 141380
	Average resident set size (kbytes): 0
	Major (requiring I/O) page faults: 0
	Minor (reclaiming a frame) page faults: 162247
	Voluntary context switches: 4967
	Involuntary context switches: 242
	Swaps: 0
	File system inputs: 0
	File system outputs: 25744
	Socket messages sent: 0
	Socket messages received: 0
	Signals delivered: 0
	Page size (bytes): 4096
	Exit status: 0
My SLURM_ARRAY_TASK_ID:  8
My TMPDIR IS:  /scratch/local/63833349
Input Genome:>>>>>>>>>>>>>>>>>>>>>>>>>>>>>>>>>>>>>>>>>>>  Burkholderia_thailandensis_E264_ATCC_700388_133.gbk
Input PAM:>>>>>>>>>>>>>>>>>>>>>>>>>>>>>>>>>>>>>>>>>>>  NNAGAAW
Threads used:>>>>>>>>>>>>>>>>>>>>>>>>>>>>>>>>>>>>>>>>>>>  8
GuideMaker
Your CPU supports instructions that this binary was not compiled to use: SSE4.1 SSE4.2 AVX AVX2
For maximum performance, you can install NMSLIB from sources 
pip install --no-binary :all: nmslib
2021-02-04 21:20:15,661: INFO     Temp directory is: /scratch/local/63833349/guidemaker_26gq0lni
2021-02-04 21:20:15,661: INFO     Writing fasta file from genbank file(s)
2021-02-04 21:20:15,661: INFO     check if ../all_test_data/Burkholderia_thailandensis_E264_ATCC_700388_133.gbk is gzipped
2021-02-04 21:20:16,437: INFO     Identifying PAM sites in the genome
2021-02-04 21:20:19,375: INFO     Checking guides for restriction enzymes
2021-02-04 21:20:19,378: INFO     Number of guides removed after checking for restriction enzymes: 0
2021-02-04 21:20:19,378: INFO     Identifing guides that are unique near the PAM site
2021-02-04 21:20:19,386: INFO     Number of guides removed after checking for unique PAM: 422
2021-02-04 21:20:19,386: INFO     Indexing all potential guide sites: 8607. This is the longest step.
2021-02-04 21:20:19,422: INFO     M                   = 16
2021-02-04 21:20:19,422: INFO     indexThreadQty      = 8
2021-02-04 21:20:19,422: INFO     efConstruction      = 10
2021-02-04 21:20:19,422: INFO     maxM			          = 16
2021-02-04 21:20:19,422: INFO     maxM0			          = 32
2021-02-04 21:20:19,422: INFO     mult                = 0.360674
2021-02-04 21:20:19,422: INFO     skip_optimized_index= 0
2021-02-04 21:20:19,422: INFO     delaunay_type       = 2
2021-02-04 21:20:19,422: INFO     Set HNSW query-time parameters:
2021-02-04 21:20:19,422: INFO     ef(Search)         =20
2021-02-04 21:20:19,422: INFO     algoType           =2

0%   10   20   30   40   50   60   70   80   90   100%
|----|----|----|----|----|----|----|----|----|----|
***************************************************

0%   10   20   30   40   50   60   70   80   90   100%
|----|----|----|----|----|----|----|----|----|----|
****************************************************2021-02-04 21:20:19,499: INFO     No appropriate custom distance function for Hamming (bit-storage) space
2021-02-04 21:20:19,499: INFO     searchMethod			  = 0
2021-02-04 21:20:19,500: INFO     Identifying guides that have a hamming distance <= 3 to all other potential guides
2021-02-04 21:20:19,510: INFO     Set HNSW query-time parameters:
2021-02-04 21:20:19,510: INFO     ef(Search)         =9
2021-02-04 21:20:19,510: INFO     algoType           =2
2021-02-04 21:20:19,826: INFO     Formatting data for BedTools
2021-02-04 21:20:19,843: INFO     Create GuideMaker Annotation object
2021-02-04 21:20:19,843: INFO     Identify genomic features
2021-02-04 21:20:19,843: INFO     check if ../all_test_data/Burkholderia_thailandensis_E264_ATCC_700388_133.gbk is gzipped
2021-02-04 21:20:20,623: INFO     Total number of CDS/locus in the input genome: 5633
2021-02-04 21:20:20,623: INFO     Find genomic features closest the guides
2021-02-04 21:20:20,830: INFO     Select guides that start between +500 and -500 of a feature start
2021-02-04 21:20:20,891: INFO     Select description columns
2021-02-04 21:20:20,941: INFO     Format the output
2021-02-04 21:20:21,005: INFO     Number of Guides within a gene coordinates i.e. zero Feature distance: 3304
2021-02-04 21:20:21,068: INFO     creating random control guides
2021-02-04 21:20:21,157: INFO     Number of random control searched: 100
2021-02-04 21:20:21,157: INFO     Percentage of GC content in the input genome: 67.63
2021-02-04 21:20:21,157: INFO     Total length of the genome: 6.4 MB
2021-02-04 21:20:21,157: INFO     created 10 control guides with a minimum distance of 8 and a median distance of 8
2021-02-04 21:20:21,160: INFO     guidemaker completed, results are at TEST
2021-02-04 21:20:21,160: INFO     PAM sequence: NNAGAAW
2021-02-04 21:20:21,160: INFO     PAM orientation: 3prime
2021-02-04 21:20:21,160: INFO     Genome strand(s) searched: both
2021-02-04 21:20:21,160: INFO     Total PAM sites considered: 8607
2021-02-04 21:20:21,160: INFO     Guide RNA candidates found: 6330
	Command being timed: "guidemaker -i ../all_test_data/Burkholderia_thailandensis_E264_ATCC_700388_133.gbk --pamseq NNAGAAW --outdir TEST --pam_orientation 3prime --guidelength 20 --strand both --lcp 11 --dist 3 --before 500 --into 500 --knum 10 --controls 10 --log GM_63833349_8.log --threads 8"
	User time (seconds): 8.51
	System time (seconds): 1.99
	Percent of CPU this job got: 155%
	Elapsed (wall clock) time (h:mm:ss or m:ss): 0:06.77
	Average shared text size (kbytes): 0
	Average unshared data size (kbytes): 0
	Average stack size (kbytes): 0
	Average total size (kbytes): 0
	Maximum resident set size (kbytes): 141476
	Average resident set size (kbytes): 0
	Major (requiring I/O) page faults: 0
	Minor (reclaiming a frame) page faults: 175350
	Voluntary context switches: 9950
	Involuntary context switches: 388
	Swaps: 0
	File system inputs: 0
	File system outputs: 25744
	Socket messages sent: 0
	Socket messages received: 0
	Signals delivered: 0
	Page size (bytes): 4096
	Exit status: 0
My SLURM_ARRAY_TASK_ID:  8
My TMPDIR IS:  /scratch/local/63833349
Input Genome:>>>>>>>>>>>>>>>>>>>>>>>>>>>>>>>>>>>>>>>>>>>  Burkholderia_thailandensis_E264_ATCC_700388_133.gbk
Input PAM:>>>>>>>>>>>>>>>>>>>>>>>>>>>>>>>>>>>>>>>>>>>  NNAGAAW
Threads used:>>>>>>>>>>>>>>>>>>>>>>>>>>>>>>>>>>>>>>>>>>>  16
GuideMaker
Your CPU supports instructions that this binary was not compiled to use: SSE4.1 SSE4.2 AVX AVX2
For maximum performance, you can install NMSLIB from sources 
pip install --no-binary :all: nmslib
2021-02-04 21:20:22,094: INFO     Temp directory is: /scratch/local/63833349/guidemaker_88ilpj4p
2021-02-04 21:20:22,094: INFO     Writing fasta file from genbank file(s)
2021-02-04 21:20:22,094: INFO     check if ../all_test_data/Burkholderia_thailandensis_E264_ATCC_700388_133.gbk is gzipped
2021-02-04 21:20:22,816: INFO     Identifying PAM sites in the genome
2021-02-04 21:20:25,473: INFO     Checking guides for restriction enzymes
2021-02-04 21:20:25,476: INFO     Number of guides removed after checking for restriction enzymes: 0
2021-02-04 21:20:25,476: INFO     Identifing guides that are unique near the PAM site
2021-02-04 21:20:25,483: INFO     Number of guides removed after checking for unique PAM: 422
2021-02-04 21:20:25,483: INFO     Indexing all potential guide sites: 8607. This is the longest step.
2021-02-04 21:20:25,519: INFO     M                   = 16
2021-02-04 21:20:25,519: INFO     indexThreadQty      = 16
2021-02-04 21:20:25,519: INFO     efConstruction      = 10
2021-02-04 21:20:25,519: INFO     maxM			          = 16
2021-02-04 21:20:25,519: INFO     maxM0			          = 32
2021-02-04 21:20:25,519: INFO     mult                = 0.360674
2021-02-04 21:20:25,519: INFO     skip_optimized_index= 0
2021-02-04 21:20:25,519: INFO     delaunay_type       = 2
2021-02-04 21:20:25,519: INFO     Set HNSW query-time parameters:
2021-02-04 21:20:25,520: INFO     ef(Search)         =20
2021-02-04 21:20:25,520: INFO     algoType           =2

0%   10   20   30   40   50   60   70   80   90   100%
|----|----|----|----|----|----|----|----|----|----|
***************************************************

0%   10   20   30   40   50   60   70   80   90   100%
|----|----|----|----|----|----|----|----|----|----|
****************************************************2021-02-04 21:20:25,571: INFO     No appropriate custom distance function for Hamming (bit-storage) space
2021-02-04 21:20:25,571: INFO     searchMethod			  = 0
2021-02-04 21:20:25,571: INFO     Identifying guides that have a hamming distance <= 3 to all other potential guides
2021-02-04 21:20:25,581: INFO     Set HNSW query-time parameters:
2021-02-04 21:20:25,581: INFO     ef(Search)         =9
2021-02-04 21:20:25,581: INFO     algoType           =2
2021-02-04 21:20:25,881: INFO     Formatting data for BedTools
2021-02-04 21:20:25,897: INFO     Create GuideMaker Annotation object
2021-02-04 21:20:25,897: INFO     Identify genomic features
2021-02-04 21:20:25,898: INFO     check if ../all_test_data/Burkholderia_thailandensis_E264_ATCC_700388_133.gbk is gzipped
2021-02-04 21:20:26,672: INFO     Total number of CDS/locus in the input genome: 5633
2021-02-04 21:20:26,672: INFO     Find genomic features closest the guides
2021-02-04 21:20:26,870: INFO     Select guides that start between +500 and -500 of a feature start
2021-02-04 21:20:26,929: INFO     Select description columns
2021-02-04 21:20:26,980: INFO     Format the output
2021-02-04 21:20:27,043: INFO     Number of Guides within a gene coordinates i.e. zero Feature distance: 3304
2021-02-04 21:20:27,105: INFO     creating random control guides
2021-02-04 21:20:27,197: INFO     Number of random control searched: 100
2021-02-04 21:20:27,197: INFO     Percentage of GC content in the input genome: 67.63
2021-02-04 21:20:27,197: INFO     Total length of the genome: 6.4 MB
2021-02-04 21:20:27,197: INFO     created 10 control guides with a minimum distance of 8 and a median distance of 8
2021-02-04 21:20:27,199: INFO     guidemaker completed, results are at TEST
2021-02-04 21:20:27,199: INFO     PAM sequence: NNAGAAW
2021-02-04 21:20:27,200: INFO     PAM orientation: 3prime
2021-02-04 21:20:27,200: INFO     Genome strand(s) searched: both
2021-02-04 21:20:27,200: INFO     Total PAM sites considered: 8607
2021-02-04 21:20:27,200: INFO     Guide RNA candidates found: 6330
	Command being timed: "guidemaker -i ../all_test_data/Burkholderia_thailandensis_E264_ATCC_700388_133.gbk --pamseq NNAGAAW --outdir TEST --pam_orientation 3prime --guidelength 20 --strand both --lcp 11 --dist 3 --before 500 --into 500 --knum 10 --controls 10 --log GM_63833349_8.log --threads 16"
	User time (seconds): 8.35
	System time (seconds): 1.93
	Percent of CPU this job got: 170%
	Elapsed (wall clock) time (h:mm:ss or m:ss): 0:06.03
	Average shared text size (kbytes): 0
	Average unshared data size (kbytes): 0
	Average stack size (kbytes): 0
	Average total size (kbytes): 0
	Maximum resident set size (kbytes): 141572
	Average resident set size (kbytes): 0
	Major (requiring I/O) page faults: 0
	Minor (reclaiming a frame) page faults: 188019
	Voluntary context switches: 14439
	Involuntary context switches: 240
	Swaps: 0
	File system inputs: 0
	File system outputs: 25744
	Socket messages sent: 0
	Socket messages received: 0
	Signals delivered: 0
	Page size (bytes): 4096
	Exit status: 0
My SLURM_ARRAY_TASK_ID:  8
My TMPDIR IS:  /scratch/local/63833349
Input Genome:>>>>>>>>>>>>>>>>>>>>>>>>>>>>>>>>>>>>>>>>>>>  Burkholderia_thailandensis_E264_ATCC_700388_133.gbk
Input PAM:>>>>>>>>>>>>>>>>>>>>>>>>>>>>>>>>>>>>>>>>>>>  NNAGAAW
Threads used:>>>>>>>>>>>>>>>>>>>>>>>>>>>>>>>>>>>>>>>>>>>  32
GuideMaker
Your CPU supports instructions that this binary was not compiled to use: SSE4.1 SSE4.2 AVX AVX2
For maximum performance, you can install NMSLIB from sources 
pip install --no-binary :all: nmslib
2021-02-04 21:20:28,153: INFO     Temp directory is: /scratch/local/63833349/guidemaker_qaefgaaj
2021-02-04 21:20:28,153: INFO     Writing fasta file from genbank file(s)
2021-02-04 21:20:28,154: INFO     check if ../all_test_data/Burkholderia_thailandensis_E264_ATCC_700388_133.gbk is gzipped
2021-02-04 21:20:28,893: INFO     Identifying PAM sites in the genome
2021-02-04 21:20:31,520: INFO     Checking guides for restriction enzymes
2021-02-04 21:20:31,523: INFO     Number of guides removed after checking for restriction enzymes: 0
2021-02-04 21:20:31,523: INFO     Identifing guides that are unique near the PAM site
2021-02-04 21:20:31,530: INFO     Number of guides removed after checking for unique PAM: 422
2021-02-04 21:20:31,530: INFO     Indexing all potential guide sites: 8607. This is the longest step.
2021-02-04 21:20:31,566: INFO     M                   = 16
2021-02-04 21:20:31,566: INFO     indexThreadQty      = 32
2021-02-04 21:20:31,566: INFO     efConstruction      = 10
2021-02-04 21:20:31,566: INFO     maxM			          = 16
2021-02-04 21:20:31,566: INFO     maxM0			          = 32
2021-02-04 21:20:31,566: INFO     mult                = 0.360674
2021-02-04 21:20:31,567: INFO     skip_optimized_index= 0
2021-02-04 21:20:31,567: INFO     delaunay_type       = 2
2021-02-04 21:20:31,567: INFO     Set HNSW query-time parameters:
2021-02-04 21:20:31,567: INFO     ef(Search)         =20
2021-02-04 21:20:31,567: INFO     algoType           =2

0%   10   20   30   40   50   60   70   80   90   100%
|----|----|----|----|----|----|----|----|----|----|
***************************************************

0%   10   20   30   40   50   60   70   80   90   100%
|----|----|----|----|----|----|----|----|----|----|
*******************************************************
2021-02-04 21:20:31,607: INFO     No appropriate custom distance function for Hamming (bit-storage) space
2021-02-04 21:20:31,607: INFO     searchMethod			  = 0
2021-02-04 21:20:31,607: INFO     Identifying guides that have a hamming distance <= 3 to all other potential guides
2021-02-04 21:20:31,617: INFO     Set HNSW query-time parameters:
2021-02-04 21:20:31,617: INFO     ef(Search)         =9
2021-02-04 21:20:31,617: INFO     algoType           =2
2021-02-04 21:20:31,926: INFO     Formatting data for BedTools
2021-02-04 21:20:31,942: INFO     Create GuideMaker Annotation object
2021-02-04 21:20:31,942: INFO     Identify genomic features
2021-02-04 21:20:31,942: INFO     check if ../all_test_data/Burkholderia_thailandensis_E264_ATCC_700388_133.gbk is gzipped
2021-02-04 21:20:32,730: INFO     Total number of CDS/locus in the input genome: 5633
2021-02-04 21:20:32,730: INFO     Find genomic features closest the guides
2021-02-04 21:20:32,929: INFO     Select guides that start between +500 and -500 of a feature start
2021-02-04 21:20:32,989: INFO     Select description columns
2021-02-04 21:20:33,039: INFO     Format the output
2021-02-04 21:20:33,101: INFO     Number of Guides within a gene coordinates i.e. zero Feature distance: 3304
2021-02-04 21:20:33,165: INFO     creating random control guides
2021-02-04 21:20:33,255: INFO     Number of random control searched: 100
2021-02-04 21:20:33,255: INFO     Percentage of GC content in the input genome: 67.63
2021-02-04 21:20:33,255: INFO     Total length of the genome: 6.4 MB
2021-02-04 21:20:33,255: INFO     created 10 control guides with a minimum distance of 8 and a median distance of 8
2021-02-04 21:20:33,258: INFO     guidemaker completed, results are at TEST
2021-02-04 21:20:33,258: INFO     PAM sequence: NNAGAAW
2021-02-04 21:20:33,258: INFO     PAM orientation: 3prime
2021-02-04 21:20:33,258: INFO     Genome strand(s) searched: both
2021-02-04 21:20:33,258: INFO     Total PAM sites considered: 8607
2021-02-04 21:20:33,258: INFO     Guide RNA candidates found: 6330
	Command being timed: "guidemaker -i ../all_test_data/Burkholderia_thailandensis_E264_ATCC_700388_133.gbk --pamseq NNAGAAW --outdir TEST --pam_orientation 3prime --guidelength 20 --strand both --lcp 11 --dist 3 --before 500 --into 500 --knum 10 --controls 10 --log GM_63833349_8.log --threads 32"
	User time (seconds): 8.19
	System time (seconds): 2.10
	Percent of CPU this job got: 169%
	Elapsed (wall clock) time (h:mm:ss or m:ss): 0:06.06
	Average shared text size (kbytes): 0
	Average unshared data size (kbytes): 0
	Average stack size (kbytes): 0
	Average total size (kbytes): 0
	Maximum resident set size (kbytes): 141644
	Average resident set size (kbytes): 0
	Major (requiring I/O) page faults: 0
	Minor (reclaiming a frame) page faults: 161415
	Voluntary context switches: 25489
	Involuntary context switches: 240689
	Swaps: 0
	File system inputs: 0
	File system outputs: 25744
	Socket messages sent: 0
	Socket messages received: 0
	Signals delivered: 0
	Page size (bytes): 4096
	Exit status: 0
