Thu Feb  4 20:12:58 EST 2021
c27b-s37.ufhpc
/blue/garrett/rp3448/analysis/guidemaker/nonAVXGuidemaker

     active environment : NONAVX2
    active env location : /home/rp3448/.conda/envs/NONAVX2
            shell level : 3
       user config file : /home/rp3448/.condarc
 populated config files : /home/rp3448/.condarc
          conda version : 4.9.2
    conda-build version : not installed
         python version : 3.9.1.final.0
       virtual packages : __glibc=2.17=0
                          __unix=0=0
                          __archspec=1=x86_64
       base environment : /apps/conda/4.9.2  (read only)
           channel URLs : https://conda.anaconda.org/biobakery/linux-64
                          https://conda.anaconda.org/biobakery/noarch
                          https://conda.anaconda.org/conda-forge/linux-64
                          https://conda.anaconda.org/conda-forge/noarch
                          https://conda.anaconda.org/bioconda/linux-64
                          https://conda.anaconda.org/bioconda/noarch
                          https://repo.anaconda.com/pkgs/main/linux-64
                          https://repo.anaconda.com/pkgs/main/noarch
                          https://repo.anaconda.com/pkgs/r/linux-64
                          https://repo.anaconda.com/pkgs/r/noarch
          package cache : /apps/conda/4.9.2/pkgs
                          /home/rp3448/.conda/pkgs
       envs directories : /home/rp3448/.conda/envs
                          /apps/conda/4.9.2/envs
               platform : linux-64
             user-agent : conda/4.9.2 requests/2.25.1 CPython/3.9.1 Linux/3.10.0-1062.18.1.el7.x86_64 rhel/7.7 glibc/2.17
                UID:GID : 6472:3511
             netrc file : None
           offline mode : False

My SLURM_ARRAY_TASK_ID:  7
My TMPDIR IS:  /scratch/local/63831443
Input Genome:>>>>>>>>>>>>>>>>>>>>>>>>>>>>>>>>>>>>>>>>>>>  Aspergillus_fumigatus.gbk
Input PAM:>>>>>>>>>>>>>>>>>>>>>>>>>>>>>>>>>>>>>>>>>>>  NGRRT
Threads used:>>>>>>>>>>>>>>>>>>>>>>>>>>>>>>>>>>>>>>>>>>>  1
GuideMaker
Your CPU supports instructions that this binary was not compiled to use: SSE4.1 SSE4.2 AVX AVX2
For maximum performance, you can install NMSLIB from sources 
pip install --no-binary :all: nmslib
2021-02-04 20:13:03,874: INFO     Temp directory is: /scratch/local/63831443/guidemaker_zegv3_07
2021-02-04 20:13:03,874: INFO     Writing fasta file from genbank file(s)
2021-02-04 20:13:03,875: INFO     check if ../all_test_data/Aspergillus_fumigatus.gbk is gzipped
2021-02-04 20:13:06,948: INFO     Identifying PAM sites in the genome
2021-02-04 20:13:37,886: INFO     Checking guides for restriction enzymes
2021-02-04 20:13:38,134: INFO     Number of guides removed after checking for restriction enzymes: 0
2021-02-04 20:13:38,134: INFO     Identifing guides that are unique near the PAM site
2021-02-04 20:13:40,034: INFO     Number of guides removed after checking for unique PAM: 228709
2021-02-04 20:13:40,035: INFO     Indexing all potential guide sites: 887427. This is the longest step.
2021-02-04 20:13:43,834: INFO     M                   = 16
2021-02-04 20:13:43,834: INFO     indexThreadQty      = 1
2021-02-04 20:13:43,834: INFO     efConstruction      = 10
2021-02-04 20:13:43,834: INFO     maxM			          = 16
2021-02-04 20:13:43,834: INFO     maxM0			          = 32
2021-02-04 20:13:43,834: INFO     mult                = 0.360674
2021-02-04 20:13:43,834: INFO     skip_optimized_index= 0
2021-02-04 20:13:43,834: INFO     delaunay_type       = 2
2021-02-04 20:13:43,835: INFO     Set HNSW query-time parameters:
2021-02-04 20:13:43,835: INFO     ef(Search)         =20
2021-02-04 20:13:43,835: INFO     algoType           =2

0%   10   20   30   40   50   60   70   80   90   100%
|----|----|----|----|----|----|----|----|----|----|
***************************************************

0%   10   20   30   40   50   60   70   80   90   100%
|----|----|----|----|----|----|----|----|----|----|
***************************************************
*2021-02-04 20:15:15,838: INFO     No appropriate custom distance function for Hamming (bit-storage) space
2021-02-04 20:15:15,838: INFO     searchMethod			  = 0
2021-02-04 20:15:15,918: INFO     Identifying guides that have a hamming distance <= 3 to all other potential guides
2021-02-04 20:15:16,843: INFO     Set HNSW query-time parameters:
2021-02-04 20:15:16,844: INFO     ef(Search)         =9
2021-02-04 20:15:16,844: INFO     algoType           =2
2021-02-04 20:16:25,873: INFO     Formatting data for BedTools
2021-02-04 20:16:27,231: INFO     Create GuideMaker Annotation object
2021-02-04 20:16:27,231: INFO     Identify genomic features
2021-02-04 20:16:27,232: INFO     check if ../all_test_data/Aspergillus_fumigatus.gbk is gzipped
2021-02-04 20:16:30,163: INFO     Total number of CDS/locus in the input genome: 9630
2021-02-04 20:16:30,163: INFO     Find genomic features closest the guides
2021-02-04 20:16:38,752: INFO     Select guides that start between +500 and -500 of a feature start
2021-02-04 20:16:39,343: INFO     Select description columns
2021-02-04 20:16:39,442: INFO     Format the output
2021-02-04 20:16:41,952: INFO     Number of Guides within a gene coordinates i.e. zero Feature distance: 109775
2021-02-04 20:16:44,042: INFO     creating random control guides
2021-02-04 20:16:44,392: INFO     Number of random control searched: 100
2021-02-04 20:16:44,392: INFO     Percentage of GC content in the input genome: 48.82
2021-02-04 20:16:44,392: INFO     Total length of the genome: 28.0 MB
2021-02-04 20:16:44,392: INFO     created 10 control guides with a minimum distance of 7 and a median distance of 7
2021-02-04 20:16:44,395: INFO     guidemaker completed, results are at TEST
2021-02-04 20:16:44,395: INFO     PAM sequence: NGRRT
2021-02-04 20:16:44,395: INFO     PAM orientation: 3prime
2021-02-04 20:16:44,395: INFO     Genome strand(s) searched: both
2021-02-04 20:16:44,395: INFO     Total PAM sites considered: 887427
2021-02-04 20:16:44,395: INFO     Guide RNA candidates found: 220143
	Command being timed: "guidemaker -i ../all_test_data/Aspergillus_fumigatus.gbk --pamseq NGRRT --outdir TEST --pam_orientation 3prime --guidelength 20 --strand both --lcp 11 --dist 3 --before 500 --into 500 --knum 10 --controls 10 --log GM_63831443_7.log --threads 1"
	User time (seconds): 221.21
	System time (seconds): 5.36
	Percent of CPU this job got: 101%
	Elapsed (wall clock) time (h:mm:ss or m:ss): 3:43.90
	Average shared text size (kbytes): 0
	Average unshared data size (kbytes): 0
	Average stack size (kbytes): 0
	Average total size (kbytes): 0
	Maximum resident set size (kbytes): 2782132
	Average resident set size (kbytes): 0
	Major (requiring I/O) page faults: 0
	Minor (reclaiming a frame) page faults: 2936442
	Voluntary context switches: 3109
	Involuntary context switches: 291499
	Swaps: 0
	File system inputs: 0
	File system outputs: 706576
	Socket messages sent: 0
	Socket messages received: 0
	Signals delivered: 0
	Page size (bytes): 4096
	Exit status: 0
My SLURM_ARRAY_TASK_ID:  7
My TMPDIR IS:  /scratch/local/63831443
Input Genome:>>>>>>>>>>>>>>>>>>>>>>>>>>>>>>>>>>>>>>>>>>>  Aspergillus_fumigatus.gbk
Input PAM:>>>>>>>>>>>>>>>>>>>>>>>>>>>>>>>>>>>>>>>>>>>  NGRRT
Threads used:>>>>>>>>>>>>>>>>>>>>>>>>>>>>>>>>>>>>>>>>>>>  2
GuideMaker
Your CPU supports instructions that this binary was not compiled to use: SSE4.1 SSE4.2 AVX AVX2
For maximum performance, you can install NMSLIB from sources 
pip install --no-binary :all: nmslib
2021-02-04 20:16:47,744: INFO     Temp directory is: /scratch/local/63831443/guidemaker_ee6b92bo
2021-02-04 20:16:47,744: INFO     Writing fasta file from genbank file(s)
2021-02-04 20:16:47,744: INFO     check if ../all_test_data/Aspergillus_fumigatus.gbk is gzipped
2021-02-04 20:16:50,857: INFO     Identifying PAM sites in the genome
2021-02-04 20:17:21,630: INFO     Checking guides for restriction enzymes
2021-02-04 20:17:21,879: INFO     Number of guides removed after checking for restriction enzymes: 0
2021-02-04 20:17:21,879: INFO     Identifing guides that are unique near the PAM site
2021-02-04 20:17:23,829: INFO     Number of guides removed after checking for unique PAM: 228709
2021-02-04 20:17:23,829: INFO     Indexing all potential guide sites: 887427. This is the longest step.
2021-02-04 20:17:27,610: INFO     M                   = 16
2021-02-04 20:17:27,611: INFO     indexThreadQty      = 2
2021-02-04 20:17:27,611: INFO     efConstruction      = 10
2021-02-04 20:17:27,611: INFO     maxM			          = 16
2021-02-04 20:17:27,611: INFO     maxM0			          = 32
2021-02-04 20:17:27,611: INFO     mult                = 0.360674
2021-02-04 20:17:27,611: INFO     skip_optimized_index= 0
2021-02-04 20:17:27,611: INFO     delaunay_type       = 2
2021-02-04 20:17:27,611: INFO     Set HNSW query-time parameters:
2021-02-04 20:17:27,611: INFO     ef(Search)         =20
2021-02-04 20:17:27,611: INFO     algoType           =2

0%   10   20   30   40   50   60   70   80   90   100%
|----|----|----|----|----|----|----|----|----|----|
***************************************************

0%   10   20   30   40   50   60   70   80   90   100%
|----|----|----|----|----|----|----|----|----|----|
****************************************************2021-02-04 20:18:25,992: INFO     No appropriate custom distance function for Hamming (bit-storage) space
2021-02-04 20:18:25,993: INFO     searchMethod			  = 0
2021-02-04 20:18:26,070: INFO     Identifying guides that have a hamming distance <= 3 to all other potential guides
2021-02-04 20:18:27,116: INFO     Set HNSW query-time parameters:
2021-02-04 20:18:27,116: INFO     ef(Search)         =9
2021-02-04 20:18:27,116: INFO     algoType           =2
2021-02-04 20:19:21,269: INFO     Formatting data for BedTools
2021-02-04 20:19:22,549: INFO     Create GuideMaker Annotation object
2021-02-04 20:19:22,549: INFO     Identify genomic features
2021-02-04 20:19:22,549: INFO     check if ../all_test_data/Aspergillus_fumigatus.gbk is gzipped
2021-02-04 20:19:25,468: INFO     Total number of CDS/locus in the input genome: 9630
2021-02-04 20:19:25,468: INFO     Find genomic features closest the guides
2021-02-04 20:19:34,266: INFO     Select guides that start between +500 and -500 of a feature start
2021-02-04 20:19:34,856: INFO     Select description columns
2021-02-04 20:19:34,961: INFO     Format the output
2021-02-04 20:19:37,497: INFO     Number of Guides within a gene coordinates i.e. zero Feature distance: 109771
2021-02-04 20:19:39,599: INFO     creating random control guides
2021-02-04 20:19:39,998: INFO     Number of random control searched: 100
2021-02-04 20:19:39,998: INFO     Percentage of GC content in the input genome: 48.82
2021-02-04 20:19:39,998: INFO     Total length of the genome: 28.0 MB
2021-02-04 20:19:39,998: INFO     created 10 control guides with a minimum distance of 7 and a median distance of 7
2021-02-04 20:19:40,001: INFO     guidemaker completed, results are at TEST
2021-02-04 20:19:40,001: INFO     PAM sequence: NGRRT
2021-02-04 20:19:40,001: INFO     PAM orientation: 3prime
2021-02-04 20:19:40,001: INFO     Genome strand(s) searched: both
2021-02-04 20:19:40,001: INFO     Total PAM sites considered: 887427
2021-02-04 20:19:40,001: INFO     Guide RNA candidates found: 220165
	Command being timed: "guidemaker -i ../all_test_data/Aspergillus_fumigatus.gbk --pamseq NGRRT --outdir TEST --pam_orientation 3prime --guidelength 20 --strand both --lcp 11 --dist 3 --before 500 --into 500 --knum 10 --controls 10 --log GM_63831443_7.log --threads 2"
	User time (seconds): 244.16
	System time (seconds): 14.70
	Percent of CPU this job got: 147%
	Elapsed (wall clock) time (h:mm:ss or m:ss): 2:55.66
	Average shared text size (kbytes): 0
	Average unshared data size (kbytes): 0
	Average stack size (kbytes): 0
	Average total size (kbytes): 0
	Maximum resident set size (kbytes): 3217804
	Average resident set size (kbytes): 0
	Major (requiring I/O) page faults: 0
	Minor (reclaiming a frame) page faults: 8094907
	Voluntary context switches: 61789
	Involuntary context switches: 72137
	Swaps: 0
	File system inputs: 0
	File system outputs: 706608
	Socket messages sent: 0
	Socket messages received: 0
	Signals delivered: 0
	Page size (bytes): 4096
	Exit status: 0
My SLURM_ARRAY_TASK_ID:  7
My TMPDIR IS:  /scratch/local/63831443
Input Genome:>>>>>>>>>>>>>>>>>>>>>>>>>>>>>>>>>>>>>>>>>>>  Aspergillus_fumigatus.gbk
Input PAM:>>>>>>>>>>>>>>>>>>>>>>>>>>>>>>>>>>>>>>>>>>>  NGRRT
Threads used:>>>>>>>>>>>>>>>>>>>>>>>>>>>>>>>>>>>>>>>>>>>  4
GuideMaker
Your CPU supports instructions that this binary was not compiled to use: SSE4.1 SSE4.2 AVX AVX2
For maximum performance, you can install NMSLIB from sources 
pip install --no-binary :all: nmslib
2021-02-04 20:19:43,464: INFO     Temp directory is: /scratch/local/63831443/guidemaker_o7x_9x1g
2021-02-04 20:19:43,464: INFO     Writing fasta file from genbank file(s)
2021-02-04 20:19:43,464: INFO     check if ../all_test_data/Aspergillus_fumigatus.gbk is gzipped
2021-02-04 20:19:46,573: INFO     Identifying PAM sites in the genome
2021-02-04 20:20:17,864: INFO     Checking guides for restriction enzymes
2021-02-04 20:20:18,112: INFO     Number of guides removed after checking for restriction enzymes: 0
2021-02-04 20:20:18,112: INFO     Identifing guides that are unique near the PAM site
2021-02-04 20:20:20,065: INFO     Number of guides removed after checking for unique PAM: 228709
2021-02-04 20:20:20,066: INFO     Indexing all potential guide sites: 887427. This is the longest step.
2021-02-04 20:20:23,760: INFO     M                   = 16
2021-02-04 20:20:23,761: INFO     indexThreadQty      = 4
2021-02-04 20:20:23,761: INFO     efConstruction      = 10
2021-02-04 20:20:23,761: INFO     maxM			          = 16
2021-02-04 20:20:23,761: INFO     maxM0			          = 32
2021-02-04 20:20:23,761: INFO     mult                = 0.360674
2021-02-04 20:20:23,761: INFO     skip_optimized_index= 0
2021-02-04 20:20:23,761: INFO     delaunay_type       = 2
2021-02-04 20:20:23,761: INFO     Set HNSW query-time parameters:
2021-02-04 20:20:23,761: INFO     ef(Search)         =20
2021-02-04 20:20:23,761: INFO     algoType           =2

0%   10   20   30   40   50   60   70   80   90   100%
|----|----|----|----|----|----|----|----|----|----|
***************************************************

0%   10   20   30   40   50   60   70   80   90   100%
|----|----|----|----|----|----|----|----|----|----|
****************************************************2021-02-04 20:20:54,612: INFO     No appropriate custom distance function for Hamming (bit-storage) space
2021-02-04 20:20:54,612: INFO     searchMethod			  = 0
2021-02-04 20:20:54,694: INFO     Identifying guides that have a hamming distance <= 3 to all other potential guides
2021-02-04 20:20:55,674: INFO     Set HNSW query-time parameters:
2021-02-04 20:20:55,674: INFO     ef(Search)         =9
2021-02-04 20:20:55,674: INFO     algoType           =2
2021-02-04 20:21:40,167: INFO     Formatting data for BedTools
2021-02-04 20:21:41,429: INFO     Create GuideMaker Annotation object
2021-02-04 20:21:41,429: INFO     Identify genomic features
2021-02-04 20:21:41,429: INFO     check if ../all_test_data/Aspergillus_fumigatus.gbk is gzipped
2021-02-04 20:21:44,352: INFO     Total number of CDS/locus in the input genome: 9630
2021-02-04 20:21:44,353: INFO     Find genomic features closest the guides
2021-02-04 20:21:53,682: INFO     Select guides that start between +500 and -500 of a feature start
2021-02-04 20:21:54,304: INFO     Select description columns
2021-02-04 20:21:54,418: INFO     Format the output
2021-02-04 20:21:57,426: INFO     Number of Guides within a gene coordinates i.e. zero Feature distance: 109802
2021-02-04 20:21:59,666: INFO     creating random control guides
2021-02-04 20:22:00,071: INFO     Number of random control searched: 100
2021-02-04 20:22:00,071: INFO     Percentage of GC content in the input genome: 48.82
2021-02-04 20:22:00,072: INFO     Total length of the genome: 28.0 MB
2021-02-04 20:22:00,072: INFO     created 10 control guides with a minimum distance of 7 and a median distance of 7
2021-02-04 20:22:00,074: INFO     guidemaker completed, results are at TEST
2021-02-04 20:22:00,074: INFO     PAM sequence: NGRRT
2021-02-04 20:22:00,075: INFO     PAM orientation: 3prime
2021-02-04 20:22:00,075: INFO     Genome strand(s) searched: both
2021-02-04 20:22:00,075: INFO     Total PAM sites considered: 887427
2021-02-04 20:22:00,075: INFO     Guide RNA candidates found: 220196
	Command being timed: "guidemaker -i ../all_test_data/Aspergillus_fumigatus.gbk --pamseq NGRRT --outdir TEST --pam_orientation 3prime --guidelength 20 --strand both --lcp 11 --dist 3 --before 500 --into 500 --knum 10 --controls 10 --log GM_63831443_7.log --threads 4"
	User time (seconds): 255.07
	System time (seconds): 13.21
	Percent of CPU this job got: 191%
	Elapsed (wall clock) time (h:mm:ss or m:ss): 2:20.16
	Average shared text size (kbytes): 0
	Average unshared data size (kbytes): 0
	Average stack size (kbytes): 0
	Average total size (kbytes): 0
	Maximum resident set size (kbytes): 3200280
	Average resident set size (kbytes): 0
	Major (requiring I/O) page faults: 0
	Minor (reclaiming a frame) page faults: 6122655
	Voluntary context switches: 126787
	Involuntary context switches: 289955
	Swaps: 0
	File system inputs: 232
	File system outputs: 706832
	Socket messages sent: 0
	Socket messages received: 0
	Signals delivered: 0
	Page size (bytes): 4096
	Exit status: 0
My SLURM_ARRAY_TASK_ID:  7
My TMPDIR IS:  /scratch/local/63831443
Input Genome:>>>>>>>>>>>>>>>>>>>>>>>>>>>>>>>>>>>>>>>>>>>  Aspergillus_fumigatus.gbk
Input PAM:>>>>>>>>>>>>>>>>>>>>>>>>>>>>>>>>>>>>>>>>>>>  NGRRT
Threads used:>>>>>>>>>>>>>>>>>>>>>>>>>>>>>>>>>>>>>>>>>>>  8
GuideMaker
Your CPU supports instructions that this binary was not compiled to use: SSE4.1 SSE4.2 AVX AVX2
For maximum performance, you can install NMSLIB from sources 
pip install --no-binary :all: nmslib
2021-02-04 20:22:03,612: INFO     Temp directory is: /scratch/local/63831443/guidemaker_6fin5bn1
2021-02-04 20:22:03,613: INFO     Writing fasta file from genbank file(s)
2021-02-04 20:22:03,613: INFO     check if ../all_test_data/Aspergillus_fumigatus.gbk is gzipped
2021-02-04 20:22:06,735: INFO     Identifying PAM sites in the genome
2021-02-04 20:22:38,227: INFO     Checking guides for restriction enzymes
2021-02-04 20:22:38,532: INFO     Number of guides removed after checking for restriction enzymes: 0
2021-02-04 20:22:38,532: INFO     Identifing guides that are unique near the PAM site
2021-02-04 20:22:40,603: INFO     Number of guides removed after checking for unique PAM: 228709
2021-02-04 20:22:40,603: INFO     Indexing all potential guide sites: 887427. This is the longest step.
2021-02-04 20:22:44,786: INFO     M                   = 16
2021-02-04 20:22:44,786: INFO     indexThreadQty      = 8
2021-02-04 20:22:44,786: INFO     efConstruction      = 10
2021-02-04 20:22:44,786: INFO     maxM			          = 16
2021-02-04 20:22:44,786: INFO     maxM0			          = 32
2021-02-04 20:22:44,786: INFO     mult                = 0.360674
2021-02-04 20:22:44,786: INFO     skip_optimized_index= 0
2021-02-04 20:22:44,786: INFO     delaunay_type       = 2
2021-02-04 20:22:44,786: INFO     Set HNSW query-time parameters:
2021-02-04 20:22:44,787: INFO     ef(Search)         =20
2021-02-04 20:22:44,787: INFO     algoType           =2

0%   10   20   30   40   50   60   70   80   90   100%
|----|----|----|----|----|----|----|----|----|----|
***************************************************

0%   10   20   30   40   50   60   70   80   90   100%
|----|----|----|----|----|----|----|----|----|----|
****************************************************2021-02-04 20:23:01,642: INFO     No appropriate custom distance function for Hamming (bit-storage) space
2021-02-04 20:23:01,643: INFO     searchMethod			  = 0
2021-02-04 20:23:01,730: INFO     Identifying guides that have a hamming distance <= 3 to all other potential guides
2021-02-04 20:23:02,815: INFO     Set HNSW query-time parameters:
2021-02-04 20:23:02,816: INFO     ef(Search)         =9
2021-02-04 20:23:02,816: INFO     algoType           =2
2021-02-04 20:23:40,968: INFO     Formatting data for BedTools
2021-02-04 20:23:42,253: INFO     Create GuideMaker Annotation object
2021-02-04 20:23:42,253: INFO     Identify genomic features
2021-02-04 20:23:42,254: INFO     check if ../all_test_data/Aspergillus_fumigatus.gbk is gzipped
2021-02-04 20:23:45,191: INFO     Total number of CDS/locus in the input genome: 9630
2021-02-04 20:23:45,191: INFO     Find genomic features closest the guides
2021-02-04 20:23:54,455: INFO     Select guides that start between +500 and -500 of a feature start
2021-02-04 20:23:55,159: INFO     Select description columns
2021-02-04 20:23:55,277: INFO     Format the output
2021-02-04 20:23:58,075: INFO     Number of Guides within a gene coordinates i.e. zero Feature distance: 109748
2021-02-04 20:24:00,363: INFO     creating random control guides
2021-02-04 20:24:00,759: INFO     Number of random control searched: 100
2021-02-04 20:24:00,760: INFO     Percentage of GC content in the input genome: 48.82
2021-02-04 20:24:00,760: INFO     Total length of the genome: 28.0 MB
2021-02-04 20:24:00,760: INFO     created 10 control guides with a minimum distance of 7 and a median distance of 8
2021-02-04 20:24:00,762: INFO     guidemaker completed, results are at TEST
2021-02-04 20:24:00,763: INFO     PAM sequence: NGRRT
2021-02-04 20:24:00,763: INFO     PAM orientation: 3prime
2021-02-04 20:24:00,763: INFO     Genome strand(s) searched: both
2021-02-04 20:24:00,763: INFO     Total PAM sites considered: 887427
2021-02-04 20:24:00,763: INFO     Guide RNA candidates found: 220126
	Command being timed: "guidemaker -i ../all_test_data/Aspergillus_fumigatus.gbk --pamseq NGRRT --outdir TEST --pam_orientation 3prime --guidelength 20 --strand both --lcp 11 --dist 3 --before 500 --into 500 --knum 10 --controls 10 --log GM_63831443_7.log --threads 8"
	User time (seconds): 265.47
	System time (seconds): 12.58
	Percent of CPU this job got: 230%
	Elapsed (wall clock) time (h:mm:ss or m:ss): 2:00.69
	Average shared text size (kbytes): 0
	Average unshared data size (kbytes): 0
	Average stack size (kbytes): 0
	Average total size (kbytes): 0
	Maximum resident set size (kbytes): 3229544
	Average resident set size (kbytes): 0
	Major (requiring I/O) page faults: 0
	Minor (reclaiming a frame) page faults: 4945922
	Voluntary context switches: 231648
	Involuntary context switches: 291256
	Swaps: 0
	File system inputs: 440
	File system outputs: 706608
	Socket messages sent: 0
	Socket messages received: 0
	Signals delivered: 0
	Page size (bytes): 4096
	Exit status: 0
My SLURM_ARRAY_TASK_ID:  7
My TMPDIR IS:  /scratch/local/63831443
Input Genome:>>>>>>>>>>>>>>>>>>>>>>>>>>>>>>>>>>>>>>>>>>>  Aspergillus_fumigatus.gbk
Input PAM:>>>>>>>>>>>>>>>>>>>>>>>>>>>>>>>>>>>>>>>>>>>  NGRRT
Threads used:>>>>>>>>>>>>>>>>>>>>>>>>>>>>>>>>>>>>>>>>>>>  16
GuideMaker
Your CPU supports instructions that this binary was not compiled to use: SSE4.1 SSE4.2 AVX AVX2
For maximum performance, you can install NMSLIB from sources 
pip install --no-binary :all: nmslib
2021-02-04 20:24:04,289: INFO     Temp directory is: /scratch/local/63831443/guidemaker_ldm3y4ob
2021-02-04 20:24:04,289: INFO     Writing fasta file from genbank file(s)
2021-02-04 20:24:04,290: INFO     check if ../all_test_data/Aspergillus_fumigatus.gbk is gzipped
2021-02-04 20:24:07,390: INFO     Identifying PAM sites in the genome
2021-02-04 20:24:37,663: INFO     Checking guides for restriction enzymes
2021-02-04 20:24:37,908: INFO     Number of guides removed after checking for restriction enzymes: 0
2021-02-04 20:24:37,908: INFO     Identifing guides that are unique near the PAM site
2021-02-04 20:24:39,866: INFO     Number of guides removed after checking for unique PAM: 228709
2021-02-04 20:24:39,866: INFO     Indexing all potential guide sites: 887427. This is the longest step.
2021-02-04 20:24:43,714: INFO     M                   = 16
2021-02-04 20:24:43,715: INFO     indexThreadQty      = 16
2021-02-04 20:24:43,715: INFO     efConstruction      = 10
2021-02-04 20:24:43,715: INFO     maxM			          = 16
2021-02-04 20:24:43,715: INFO     maxM0			          = 32
2021-02-04 20:24:43,715: INFO     mult                = 0.360674
2021-02-04 20:24:43,715: INFO     skip_optimized_index= 0
2021-02-04 20:24:43,715: INFO     delaunay_type       = 2
2021-02-04 20:24:43,715: INFO     Set HNSW query-time parameters:
2021-02-04 20:24:43,715: INFO     ef(Search)         =20
2021-02-04 20:24:43,715: INFO     algoType           =2

0%   10   20   30   40   50   60   70   80   90   100%
|----|----|----|----|----|----|----|----|----|----|
***************************************************

0%   10   20   30   40   50   60   70   80   90   100%
|----|----|----|----|----|----|----|----|----|----|
******************************************************2021-02-04 20:24:52,781: INFO     No appropriate custom distance function for Hamming (bit-storage) space
2021-02-04 20:24:52,781: INFO     searchMethod			  = 0
2021-02-04 20:24:52,861: INFO     Identifying guides that have a hamming distance <= 3 to all other potential guides
2021-02-04 20:24:53,924: INFO     Set HNSW query-time parameters:
2021-02-04 20:24:53,924: INFO     ef(Search)         =9
2021-02-04 20:24:53,924: INFO     algoType           =2
2021-02-04 20:25:30,073: INFO     Formatting data for BedTools
2021-02-04 20:25:31,341: INFO     Create GuideMaker Annotation object
2021-02-04 20:25:31,342: INFO     Identify genomic features
2021-02-04 20:25:31,342: INFO     check if ../all_test_data/Aspergillus_fumigatus.gbk is gzipped
2021-02-04 20:25:34,339: INFO     Total number of CDS/locus in the input genome: 9630
2021-02-04 20:25:34,339: INFO     Find genomic features closest the guides
2021-02-04 20:25:43,190: INFO     Select guides that start between +500 and -500 of a feature start
2021-02-04 20:25:43,806: INFO     Select description columns
2021-02-04 20:25:43,909: INFO     Format the output
2021-02-04 20:25:46,471: INFO     Number of Guides within a gene coordinates i.e. zero Feature distance: 109773
2021-02-04 20:25:48,714: INFO     creating random control guides
2021-02-04 20:25:49,114: INFO     Number of random control searched: 100
2021-02-04 20:25:49,114: INFO     Percentage of GC content in the input genome: 48.82
2021-02-04 20:25:49,114: INFO     Total length of the genome: 28.0 MB
2021-02-04 20:25:49,115: INFO     created 10 control guides with a minimum distance of 7 and a median distance of 7
2021-02-04 20:25:49,117: INFO     guidemaker completed, results are at TEST
2021-02-04 20:25:49,117: INFO     PAM sequence: NGRRT
2021-02-04 20:25:49,117: INFO     PAM orientation: 3prime
2021-02-04 20:25:49,117: INFO     Genome strand(s) searched: both
2021-02-04 20:25:49,118: INFO     Total PAM sites considered: 887427
2021-02-04 20:25:49,118: INFO     Guide RNA candidates found: 220140
	Command being timed: "guidemaker -i ../all_test_data/Aspergillus_fumigatus.gbk --pamseq NGRRT --outdir TEST --pam_orientation 3prime --guidelength 20 --strand both --lcp 11 --dist 3 --before 500 --into 500 --knum 10 --controls 10 --log GM_63831443_7.log --threads 16"
	User time (seconds): 273.82
	System time (seconds): 14.62
	Percent of CPU this job got: 266%
	Elapsed (wall clock) time (h:mm:ss or m:ss): 1:48.33
	Average shared text size (kbytes): 0
	Average unshared data size (kbytes): 0
	Average stack size (kbytes): 0
	Average total size (kbytes): 0
	Maximum resident set size (kbytes): 3240228
	Average resident set size (kbytes): 0
	Major (requiring I/O) page faults: 0
	Minor (reclaiming a frame) page faults: 4104506
	Voluntary context switches: 496797
	Involuntary context switches: 161990
	Swaps: 0
	File system inputs: 240
	File system outputs: 706688
	Socket messages sent: 0
	Socket messages received: 0
	Signals delivered: 0
	Page size (bytes): 4096
	Exit status: 0
My SLURM_ARRAY_TASK_ID:  7
My TMPDIR IS:  /scratch/local/63831443
Input Genome:>>>>>>>>>>>>>>>>>>>>>>>>>>>>>>>>>>>>>>>>>>>  Aspergillus_fumigatus.gbk
Input PAM:>>>>>>>>>>>>>>>>>>>>>>>>>>>>>>>>>>>>>>>>>>>  NGRRT
Threads used:>>>>>>>>>>>>>>>>>>>>>>>>>>>>>>>>>>>>>>>>>>>  32
GuideMaker
Your CPU supports instructions that this binary was not compiled to use: SSE4.1 SSE4.2 AVX AVX2
For maximum performance, you can install NMSLIB from sources 
pip install --no-binary :all: nmslib
2021-02-04 20:25:52,663: INFO     Temp directory is: /scratch/local/63831443/guidemaker_2kwdntbe
2021-02-04 20:25:52,663: INFO     Writing fasta file from genbank file(s)
2021-02-04 20:25:52,663: INFO     check if ../all_test_data/Aspergillus_fumigatus.gbk is gzipped
2021-02-04 20:25:55,751: INFO     Identifying PAM sites in the genome
2021-02-04 20:26:25,747: INFO     Checking guides for restriction enzymes
2021-02-04 20:26:25,992: INFO     Number of guides removed after checking for restriction enzymes: 0
2021-02-04 20:26:25,992: INFO     Identifing guides that are unique near the PAM site
2021-02-04 20:26:27,880: INFO     Number of guides removed after checking for unique PAM: 228709
2021-02-04 20:26:27,880: INFO     Indexing all potential guide sites: 887427. This is the longest step.
2021-02-04 20:26:31,588: INFO     M                   = 16
2021-02-04 20:26:31,588: INFO     indexThreadQty      = 32
2021-02-04 20:26:31,588: INFO     efConstruction      = 10
2021-02-04 20:26:31,588: INFO     maxM			          = 16
2021-02-04 20:26:31,588: INFO     maxM0			          = 32
2021-02-04 20:26:31,589: INFO     mult                = 0.360674
2021-02-04 20:26:31,589: INFO     skip_optimized_index= 0
2021-02-04 20:26:31,589: INFO     delaunay_type       = 2
2021-02-04 20:26:31,589: INFO     Set HNSW query-time parameters:
2021-02-04 20:26:31,589: INFO     ef(Search)         =20
2021-02-04 20:26:31,589: INFO     algoType           =2

0%   10   20   30   40   50   60   70   80   90   100%
|----|----|----|----|----|----|----|----|----|----|
***************************************************

0%   10   20   30   40   50   60   70   80   90   100%
|----|----|----|----|----|----|----|----|----|----|
*******************************************************2021-02-04 20:26:37,253: INFO     No appropriate custom distance function for Hamming (bit-storage) space
2021-02-04 20:26:37,254: INFO     searchMethod			  = 0
2021-02-04 20:26:37,328: INFO     Identifying guides that have a hamming distance <= 3 to all other potential guides
2021-02-04 20:26:38,231: INFO     Set HNSW query-time parameters:
2021-02-04 20:26:38,231: INFO     ef(Search)         =9
2021-02-04 20:26:38,231: INFO     algoType           =2
2021-02-04 20:27:12,914: INFO     Formatting data for BedTools
2021-02-04 20:27:14,249: INFO     Create GuideMaker Annotation object
2021-02-04 20:27:14,249: INFO     Identify genomic features
2021-02-04 20:27:14,249: INFO     check if ../all_test_data/Aspergillus_fumigatus.gbk is gzipped
2021-02-04 20:27:17,199: INFO     Total number of CDS/locus in the input genome: 9630
2021-02-04 20:27:17,199: INFO     Find genomic features closest the guides
2021-02-04 20:27:26,464: INFO     Select guides that start between +500 and -500 of a feature start
2021-02-04 20:27:27,104: INFO     Select description columns
2021-02-04 20:27:27,214: INFO     Format the output
2021-02-04 20:27:30,215: INFO     Number of Guides within a gene coordinates i.e. zero Feature distance: 109783
2021-02-04 20:27:32,375: INFO     creating random control guides
2021-02-04 20:27:32,803: INFO     Number of random control searched: 100
2021-02-04 20:27:32,803: INFO     Percentage of GC content in the input genome: 48.82
2021-02-04 20:27:32,803: INFO     Total length of the genome: 28.0 MB
2021-02-04 20:27:32,803: INFO     created 10 control guides with a minimum distance of 8 and a median distance of 8
2021-02-04 20:27:32,806: INFO     guidemaker completed, results are at TEST
2021-02-04 20:27:32,806: INFO     PAM sequence: NGRRT
2021-02-04 20:27:32,806: INFO     PAM orientation: 3prime
2021-02-04 20:27:32,806: INFO     Genome strand(s) searched: both
2021-02-04 20:27:32,806: INFO     Total PAM sites considered: 887427
2021-02-04 20:27:32,806: INFO     Guide RNA candidates found: 220183
	Command being timed: "guidemaker -i ../all_test_data/Aspergillus_fumigatus.gbk --pamseq NGRRT --outdir TEST --pam_orientation 3prime --guidelength 20 --strand both --lcp 11 --dist 3 --before 500 --into 500 --knum 10 --controls 10 --log GM_63831443_7.log --threads 32"
	User time (seconds): 289.76
	System time (seconds): 20.68
	Percent of CPU this job got: 298%
	Elapsed (wall clock) time (h:mm:ss or m:ss): 1:43.83
	Average shared text size (kbytes): 0
	Average unshared data size (kbytes): 0
	Average stack size (kbytes): 0
	Average total size (kbytes): 0
	Maximum resident set size (kbytes): 3268188
	Average resident set size (kbytes): 0
	Major (requiring I/O) page faults: 0
	Minor (reclaiming a frame) page faults: 3445597
	Voluntary context switches: 1166148
	Involuntary context switches: 143933
	Swaps: 0
	File system inputs: 80
	File system outputs: 706768
	Socket messages sent: 0
	Socket messages received: 0
	Signals delivered: 0
	Page size (bytes): 4096
	Exit status: 0
