Wed Aug 19 19:54:24 EDT 2020
c22b-s19.ufhpc
/blue/garrett/rp3448/analysis/guidemaker/nonAVXGuidemaker/GuideMaker

     active environment : nonAVX2
    active env location : /home/rp3448/.conda/envs/nonAVX2
            shell level : 2
       user config file : /home/rp3448/.condarc
 populated config files : /home/rp3448/.condarc
          conda version : 4.8.3
    conda-build version : not installed
         python version : 3.8.3.final.0
       virtual packages : __glibc=2.17
       base environment : /apps/conda/4.8.3.0  (read only)
           channel URLs : https://conda.anaconda.org/biobakery/linux-64
                          https://conda.anaconda.org/biobakery/noarch
                          https://conda.anaconda.org/conda-forge/linux-64
                          https://conda.anaconda.org/conda-forge/noarch
                          https://conda.anaconda.org/bioconda/linux-64
                          https://conda.anaconda.org/bioconda/noarch
                          https://repo.anaconda.com/pkgs/main/linux-64
                          https://repo.anaconda.com/pkgs/main/noarch
                          https://repo.anaconda.com/pkgs/r/linux-64
                          https://repo.anaconda.com/pkgs/r/noarch
          package cache : /apps/conda/4.8.3.0/pkgs
                          /home/rp3448/.conda/pkgs
       envs directories : /home/rp3448/.conda/envs
                          /apps/conda/4.8.3.0/envs
               platform : linux-64
             user-agent : conda/4.8.3 requests/2.23.0 CPython/3.8.3 Linux/3.10.0-1062.18.1.el7.x86_64 rhel/7.7 glibc/2.17
                UID:GID : 6472:3511
             netrc file : None
           offline mode : False

My SLURM_ARRAY_TASK_ID:  10
My TMPDIR IS:  /scratch/local/57678216
Input Genome:>>>>>>>>>>>>>>>>>>>>>>>>>>>>>>>>>>>>>>>>>>>  Burkholderia_thailandensis_E264_ATCC_700388_133.gbk
Threads used:>>>>>>>>>>>>>>>>>>>>>>>>>>>>>>>>>>>>>>>>>>>  1
GuideMaker
Your CPU supports instructions that this binary was not compiled to use: SSE4.1 SSE4.2 AVX AVX2
For maximum performance, you can install NMSLIB from sources 
pip install --no-binary :all: nmslib
2020-08-19 19:54:28,683: INFO     Temp directory is: /scratch/local/57678216/guidemaker_bwke8cs2
2020-08-19 19:54:28,684: INFO     Writing fasta file from genbank file(s)
2020-08-19 19:54:28,684: INFO     check if test/test_data/Burkholderia_thailandensis_E264_ATCC_700388_133.gbk is gzipped
2020-08-19 19:54:29,430: INFO     Identifying PAM sites in the genome
2020-08-19 19:54:50,383: INFO     Identifing guides that are unique near the PAM site
2020-08-19 19:54:51,550: INFO     Indexing all potential guide sites: 923226. This is the longest step.
2020-08-19 19:54:55,408: INFO     M                   = 16
2020-08-19 19:54:55,408: INFO     indexThreadQty      = 1
2020-08-19 19:54:55,409: INFO     efConstruction      = 64
2020-08-19 19:54:55,409: INFO     maxM			          = 16
2020-08-19 19:54:55,409: INFO     maxM0			          = 32
2020-08-19 19:54:55,409: INFO     mult                = 0.360674
2020-08-19 19:54:55,409: INFO     skip_optimized_index= 0
2020-08-19 19:54:55,409: INFO     delaunay_type       = 2
2020-08-19 19:54:55,409: INFO     Set HNSW query-time parameters:
2020-08-19 19:54:55,409: INFO     ef(Search)         =20
2020-08-19 19:54:55,409: INFO     algoType           =2

0%   10   20   30   40   50   60   70   80   90   100%
|----|----|----|----|----|----|----|----|----|----|
***************************************************

0%   10   20   30   40   50   60   70   80   90   100%
|----|----|----|----|----|----|----|----|----|----|
***************************************************
*2020-08-19 20:04:08,188: INFO     No appropriate custom distance function for Hamming (bit-storage) space
2020-08-19 20:04:08,190: INFO     searchMethod			  = 0
2020-08-19 20:04:08,276: INFO     Identifying guides that have a hamming distance <= 3 to all other potential guides
2020-08-19 20:04:08,593: INFO     Set HNSW query-time parameters:
2020-08-19 20:04:08,594: INFO     ef(Search)         =256
2020-08-19 20:04:08,594: INFO     algoType           =2
2020-08-19 20:07:10,624: INFO     Formatting data for BedTools
2020-08-19 20:07:10,980: INFO     Create GuideMaker Annotation object
2020-08-19 20:07:10,980: INFO     Identify genomic features
2020-08-19 20:07:10,981: INFO     check if test/test_data/Burkholderia_thailandensis_E264_ATCC_700388_133.gbk is gzipped
2020-08-19 20:07:11,713: INFO     Total number of CDS/locus in the input genome: 5633
2020-08-19 20:07:11,713: INFO     Find genomic features closest the guides
2020-08-19 20:07:13,958: INFO     Select guides that start between +100 and -100 of a feature start
2020-08-19 20:07:14,125: INFO     Select description columns
2020-08-19 20:07:14,179: INFO     Format the output
2020-08-19 20:07:14,887: INFO     creating random control guides
2020-08-19 20:07:28,281: INFO     created 10 control guides with a minimum distance of 7 and a median distance of 7
2020-08-19 20:07:28,286: INFO     guidemaker completed, results are at TEST
2020-08-19 20:07:28,286: INFO     PAM sequence: NGG
2020-08-19 20:07:28,286: INFO     PAM orientation: 5prime
2020-08-19 20:07:28,286: INFO     Genome strand(s) searched: both
2020-08-19 20:07:28,286: INFO     Total PAM sites considered: 923226
2020-08-19 20:07:28,286: INFO     Guide RNA candidates found: 35882
	Command being timed: "guidemaker -i test/test_data/Burkholderia_thailandensis_E264_ATCC_700388_133.gbk --pamseq NGG --outdir TEST --pam_orientation 5prime --guidelength 20 --strand both --lcp 10 --dist 3 --before 100 --into 100 --knum 10 --controls 10 --log GuideMaker_57678216_10.log --threads 1"
	User time (seconds): 779.71
	System time (seconds): 5.63
	Percent of CPU this job got: 100%
	Elapsed (wall clock) time (h:mm:ss or m:ss): 13:02.37
	Average shared text size (kbytes): 0
	Average unshared data size (kbytes): 0
	Average stack size (kbytes): 0
	Average total size (kbytes): 0
	Maximum resident set size (kbytes): 2156980
	Average resident set size (kbytes): 0
	Major (requiring I/O) page faults: 0
	Minor (reclaiming a frame) page faults: 4216291
	Voluntary context switches: 3076
	Involuntary context switches: 68574
	Swaps: 0
	File system inputs: 8
	File system outputs: 147032
	Socket messages sent: 0
	Socket messages received: 0
	Signals delivered: 0
	Page size (bytes): 4096
	Exit status: 0
My SLURM_ARRAY_TASK_ID:  10
My TMPDIR IS:  /scratch/local/57678216
Input Genome:>>>>>>>>>>>>>>>>>>>>>>>>>>>>>>>>>>>>>>>>>>>  Burkholderia_thailandensis_E264_ATCC_700388_133.gbk
Threads used:>>>>>>>>>>>>>>>>>>>>>>>>>>>>>>>>>>>>>>>>>>>  2
GuideMaker
Your CPU supports instructions that this binary was not compiled to use: SSE4.1 SSE4.2 AVX AVX2
For maximum performance, you can install NMSLIB from sources 
pip install --no-binary :all: nmslib
2020-08-19 20:07:31,035: INFO     Temp directory is: /scratch/local/57678216/guidemaker_92bdfcn9
2020-08-19 20:07:31,035: INFO     Writing fasta file from genbank file(s)
2020-08-19 20:07:31,035: INFO     check if test/test_data/Burkholderia_thailandensis_E264_ATCC_700388_133.gbk is gzipped
2020-08-19 20:07:31,778: INFO     Identifying PAM sites in the genome
2020-08-19 20:07:51,204: INFO     Identifing guides that are unique near the PAM site
2020-08-19 20:07:52,366: INFO     Indexing all potential guide sites: 923226. This is the longest step.
2020-08-19 20:07:56,546: INFO     M                   = 16
2020-08-19 20:07:56,546: INFO     indexThreadQty      = 2
2020-08-19 20:07:56,546: INFO     efConstruction      = 64
2020-08-19 20:07:56,546: INFO     maxM			          = 16
2020-08-19 20:07:56,546: INFO     maxM0			          = 32
2020-08-19 20:07:56,546: INFO     mult                = 0.360674
2020-08-19 20:07:56,546: INFO     skip_optimized_index= 0
2020-08-19 20:07:56,546: INFO     delaunay_type       = 2
2020-08-19 20:07:56,546: INFO     Set HNSW query-time parameters:
2020-08-19 20:07:56,546: INFO     ef(Search)         =20
2020-08-19 20:07:56,547: INFO     algoType           =2

0%   10   20   30   40   50   60   70   80   90   100%
|----|----|----|----|----|----|----|----|----|----|
***************************************************

0%   10   20   30   40   50   60   70   80   90   100%
|----|----|----|----|----|----|----|----|----|----|
****************************************************2020-08-19 20:13:01,365: INFO     No appropriate custom distance function for Hamming (bit-storage) space
2020-08-19 20:13:01,366: INFO     searchMethod			  = 0
2020-08-19 20:13:01,442: INFO     Identifying guides that have a hamming distance <= 3 to all other potential guides
2020-08-19 20:13:01,721: INFO     Set HNSW query-time parameters:
2020-08-19 20:13:01,722: INFO     ef(Search)         =256
2020-08-19 20:13:01,722: INFO     algoType           =2
2020-08-19 20:14:47,353: INFO     Formatting data for BedTools
2020-08-19 20:14:47,689: INFO     Create GuideMaker Annotation object
2020-08-19 20:14:47,689: INFO     Identify genomic features
2020-08-19 20:14:47,690: INFO     check if test/test_data/Burkholderia_thailandensis_E264_ATCC_700388_133.gbk is gzipped
2020-08-19 20:14:48,410: INFO     Total number of CDS/locus in the input genome: 5633
2020-08-19 20:14:48,410: INFO     Find genomic features closest the guides
2020-08-19 20:14:50,767: INFO     Select guides that start between +100 and -100 of a feature start
2020-08-19 20:14:50,949: INFO     Select description columns
2020-08-19 20:14:51,000: INFO     Format the output
2020-08-19 20:14:51,705: INFO     creating random control guides
2020-08-19 20:16:11,225: INFO     created 10 control guides with a minimum distance of 7 and a median distance of 7
2020-08-19 20:16:11,231: INFO     guidemaker completed, results are at TEST
2020-08-19 20:16:11,231: INFO     PAM sequence: NGG
2020-08-19 20:16:11,231: INFO     PAM orientation: 5prime
2020-08-19 20:16:11,232: INFO     Genome strand(s) searched: both
2020-08-19 20:16:11,232: INFO     Total PAM sites considered: 923226
2020-08-19 20:16:11,232: INFO     Guide RNA candidates found: 35882
Number of random control searched:  100000
	Command being timed: "guidemaker -i test/test_data/Burkholderia_thailandensis_E264_ATCC_700388_133.gbk --pamseq NGG --outdir TEST --pam_orientation 5prime --guidelength 20 --strand both --lcp 10 --dist 3 --before 100 --into 100 --knum 10 --controls 10 --log GuideMaker_57678216_10.log --threads 2"
	User time (seconds): 970.99
	System time (seconds): 28.97
	Percent of CPU this job got: 191%
	Elapsed (wall clock) time (h:mm:ss or m:ss): 8:42.94
	Average shared text size (kbytes): 0
	Average unshared data size (kbytes): 0
	Average stack size (kbytes): 0
	Average total size (kbytes): 0
	Maximum resident set size (kbytes): 2311540
	Average resident set size (kbytes): 0
	Major (requiring I/O) page faults: 0
	Minor (reclaiming a frame) page faults: 14707125
	Voluntary context switches: 65848
	Involuntary context switches: 294906
	Swaps: 0
	File system inputs: 0
	File system outputs: 146856
	Socket messages sent: 0
	Socket messages received: 0
	Signals delivered: 0
	Page size (bytes): 4096
	Exit status: 0
My SLURM_ARRAY_TASK_ID:  10
My TMPDIR IS:  /scratch/local/57678216
Input Genome:>>>>>>>>>>>>>>>>>>>>>>>>>>>>>>>>>>>>>>>>>>>  Burkholderia_thailandensis_E264_ATCC_700388_133.gbk
Threads used:>>>>>>>>>>>>>>>>>>>>>>>>>>>>>>>>>>>>>>>>>>>  4
GuideMaker
Your CPU supports instructions that this binary was not compiled to use: SSE4.1 SSE4.2 AVX AVX2
For maximum performance, you can install NMSLIB from sources 
pip install --no-binary :all: nmslib
2020-08-19 20:16:14,132: INFO     Temp directory is: /scratch/local/57678216/guidemaker_lerza7v9
2020-08-19 20:16:14,132: INFO     Writing fasta file from genbank file(s)
2020-08-19 20:16:14,133: INFO     check if test/test_data/Burkholderia_thailandensis_E264_ATCC_700388_133.gbk is gzipped
2020-08-19 20:16:14,877: INFO     Identifying PAM sites in the genome
2020-08-19 20:16:34,589: INFO     Identifing guides that are unique near the PAM site
2020-08-19 20:16:35,745: INFO     Indexing all potential guide sites: 923226. This is the longest step.
2020-08-19 20:16:39,895: INFO     M                   = 16
2020-08-19 20:16:39,895: INFO     indexThreadQty      = 4
2020-08-19 20:16:39,896: INFO     efConstruction      = 64
2020-08-19 20:16:39,896: INFO     maxM			          = 16
2020-08-19 20:16:39,896: INFO     maxM0			          = 32
2020-08-19 20:16:39,896: INFO     mult                = 0.360674
2020-08-19 20:16:39,896: INFO     skip_optimized_index= 0
2020-08-19 20:16:39,896: INFO     delaunay_type       = 2
2020-08-19 20:16:39,896: INFO     Set HNSW query-time parameters:
2020-08-19 20:16:39,896: INFO     ef(Search)         =20
2020-08-19 20:16:39,896: INFO     algoType           =2

0%   10   20   30   40   50   60   70   80   90   100%
|----|----|----|----|----|----|----|----|----|----|
***************************************************

0%   10   20   30   40   50   60   70   80   90   100%
|----|----|----|----|----|----|----|----|----|----|
****************************************************2020-08-19 20:19:18,642: INFO     No appropriate custom distance function for Hamming (bit-storage) space
2020-08-19 20:19:18,642: INFO     searchMethod			  = 0
2020-08-19 20:19:18,725: INFO     Identifying guides that have a hamming distance <= 3 to all other potential guides
2020-08-19 20:19:19,032: INFO     Set HNSW query-time parameters:
2020-08-19 20:19:19,032: INFO     ef(Search)         =256
2020-08-19 20:19:19,032: INFO     algoType           =2
2020-08-19 20:20:15,398: INFO     Formatting data for BedTools
2020-08-19 20:20:15,725: INFO     Create GuideMaker Annotation object
2020-08-19 20:20:15,726: INFO     Identify genomic features
2020-08-19 20:20:15,726: INFO     check if test/test_data/Burkholderia_thailandensis_E264_ATCC_700388_133.gbk is gzipped
2020-08-19 20:20:16,444: INFO     Total number of CDS/locus in the input genome: 5633
2020-08-19 20:20:16,444: INFO     Find genomic features closest the guides
2020-08-19 20:20:18,795: INFO     Select guides that start between +100 and -100 of a feature start
2020-08-19 20:20:18,949: INFO     Select description columns
2020-08-19 20:20:18,998: INFO     Format the output
2020-08-19 20:20:19,687: INFO     creating random control guides
2020-08-19 20:20:24,174: INFO     created 10 control guides with a minimum distance of 7 and a median distance of 7
2020-08-19 20:20:24,177: INFO     guidemaker completed, results are at TEST
2020-08-19 20:20:24,177: INFO     PAM sequence: NGG
2020-08-19 20:20:24,177: INFO     PAM orientation: 5prime
2020-08-19 20:20:24,178: INFO     Genome strand(s) searched: both
2020-08-19 20:20:24,178: INFO     Total PAM sites considered: 923226
2020-08-19 20:20:24,178: INFO     Guide RNA candidates found: 35882
	Command being timed: "guidemaker -i test/test_data/Burkholderia_thailandensis_E264_ATCC_700388_133.gbk --pamseq NGG --outdir TEST --pam_orientation 5prime --guidelength 20 --strand both --lcp 10 --dist 3 --before 100 --into 100 --knum 10 --controls 10 --log GuideMaker_57678216_10.log --threads 4"
	User time (seconds): 866.36
	System time (seconds): 19.80
	Percent of CPU this job got: 350%
	Elapsed (wall clock) time (h:mm:ss or m:ss): 4:13.12
	Average shared text size (kbytes): 0
	Average unshared data size (kbytes): 0
	Average stack size (kbytes): 0
	Average total size (kbytes): 0
	Maximum resident set size (kbytes): 2249840
	Average resident set size (kbytes): 0
	Major (requiring I/O) page faults: 0
	Minor (reclaiming a frame) page faults: 9997322
	Voluntary context switches: 121169
	Involuntary context switches: 2138
	Swaps: 0
	File system inputs: 0
	File system outputs: 146760
	Socket messages sent: 0
	Socket messages received: 0
	Signals delivered: 0
	Page size (bytes): 4096
	Exit status: 0
My SLURM_ARRAY_TASK_ID:  10
My TMPDIR IS:  /scratch/local/57678216
Input Genome:>>>>>>>>>>>>>>>>>>>>>>>>>>>>>>>>>>>>>>>>>>>  Burkholderia_thailandensis_E264_ATCC_700388_133.gbk
Threads used:>>>>>>>>>>>>>>>>>>>>>>>>>>>>>>>>>>>>>>>>>>>  8
GuideMaker
Your CPU supports instructions that this binary was not compiled to use: SSE4.1 SSE4.2 AVX AVX2
For maximum performance, you can install NMSLIB from sources 
pip install --no-binary :all: nmslib
2020-08-19 20:20:27,299: INFO     Temp directory is: /scratch/local/57678216/guidemaker_hztvkyqt
2020-08-19 20:20:27,300: INFO     Writing fasta file from genbank file(s)
2020-08-19 20:20:27,300: INFO     check if test/test_data/Burkholderia_thailandensis_E264_ATCC_700388_133.gbk is gzipped
2020-08-19 20:20:28,039: INFO     Identifying PAM sites in the genome
2020-08-19 20:20:48,044: INFO     Identifing guides that are unique near the PAM site
2020-08-19 20:20:49,202: INFO     Indexing all potential guide sites: 923226. This is the longest step.
2020-08-19 20:20:53,346: INFO     M                   = 16
2020-08-19 20:20:53,347: INFO     indexThreadQty      = 8
2020-08-19 20:20:53,347: INFO     efConstruction      = 64
2020-08-19 20:20:53,347: INFO     maxM			          = 16
2020-08-19 20:20:53,347: INFO     maxM0			          = 32
2020-08-19 20:20:53,347: INFO     mult                = 0.360674
2020-08-19 20:20:53,347: INFO     skip_optimized_index= 0
2020-08-19 20:20:53,347: INFO     delaunay_type       = 2
2020-08-19 20:20:53,347: INFO     Set HNSW query-time parameters:
2020-08-19 20:20:53,347: INFO     ef(Search)         =20
2020-08-19 20:20:53,347: INFO     algoType           =2

0%   10   20   30   40   50   60   70   80   90   100%
|----|----|----|----|----|----|----|----|----|----|
***************************************************

0%   10   20   30   40   50   60   70   80   90   100%
|----|----|----|----|----|----|----|----|----|----|
*******************************************************
2020-08-19 20:22:18,474: INFO     No appropriate custom distance function for Hamming (bit-storage) space
2020-08-19 20:22:18,475: INFO     searchMethod			  = 0
2020-08-19 20:22:18,556: INFO     Identifying guides that have a hamming distance <= 3 to all other potential guides
2020-08-19 20:22:18,882: INFO     Set HNSW query-time parameters:
2020-08-19 20:22:18,882: INFO     ef(Search)         =256
2020-08-19 20:22:18,882: INFO     algoType           =2
2020-08-19 20:22:51,724: INFO     Formatting data for BedTools
2020-08-19 20:22:52,052: INFO     Create GuideMaker Annotation object
2020-08-19 20:22:52,052: INFO     Identify genomic features
2020-08-19 20:22:52,053: INFO     check if test/test_data/Burkholderia_thailandensis_E264_ATCC_700388_133.gbk is gzipped
2020-08-19 20:22:52,762: INFO     Total number of CDS/locus in the input genome: 5633
2020-08-19 20:22:52,762: INFO     Find genomic features closest the guides
2020-08-19 20:22:55,086: INFO     Select guides that start between +100 and -100 of a feature start
2020-08-19 20:22:55,248: INFO     Select description columns
2020-08-19 20:22:55,299: INFO     Format the output
2020-08-19 20:22:56,003: INFO     creating random control guides
2020-08-19 20:22:58,630: INFO     created 10 control guides with a minimum distance of 7 and a median distance of 7
2020-08-19 20:22:58,632: INFO     guidemaker completed, results are at TEST
2020-08-19 20:22:58,632: INFO     PAM sequence: NGG
2020-08-19 20:22:58,632: INFO     PAM orientation: 5prime
2020-08-19 20:22:58,632: INFO     Genome strand(s) searched: both
2020-08-19 20:22:58,632: INFO     Total PAM sites considered: 923226
2020-08-19 20:22:58,632: INFO     Guide RNA candidates found: 35882
	Command being timed: "guidemaker -i test/test_data/Burkholderia_thailandensis_E264_ATCC_700388_133.gbk --pamseq NGG --outdir TEST --pam_orientation 5prime --guidelength 20 --strand both --lcp 10 --dist 3 --before 100 --into 100 --knum 10 --controls 10 --log GuideMaker_57678216_10.log --threads 8"
	User time (seconds): 918.54
	System time (seconds): 18.95
	Percent of CPU this job got: 607%
	Elapsed (wall clock) time (h:mm:ss or m:ss): 2:34.36
	Average shared text size (kbytes): 0
	Average unshared data size (kbytes): 0
	Average stack size (kbytes): 0
	Average total size (kbytes): 0
	Maximum resident set size (kbytes): 2274612
	Average resident set size (kbytes): 0
	Major (requiring I/O) page faults: 0
	Minor (reclaiming a frame) page faults: 8430274
	Voluntary context switches: 186094
	Involuntary context switches: 572098
	Swaps: 0
	File system inputs: 0
	File system outputs: 146712
	Socket messages sent: 0
	Socket messages received: 0
	Signals delivered: 0
	Page size (bytes): 4096
	Exit status: 0
My SLURM_ARRAY_TASK_ID:  10
My TMPDIR IS:  /scratch/local/57678216
Input Genome:>>>>>>>>>>>>>>>>>>>>>>>>>>>>>>>>>>>>>>>>>>>  Burkholderia_thailandensis_E264_ATCC_700388_133.gbk
Threads used:>>>>>>>>>>>>>>>>>>>>>>>>>>>>>>>>>>>>>>>>>>>  16
GuideMaker
Your CPU supports instructions that this binary was not compiled to use: SSE4.1 SSE4.2 AVX AVX2
For maximum performance, you can install NMSLIB from sources 
pip install --no-binary :all: nmslib
2020-08-19 20:23:01,509: INFO     Temp directory is: /scratch/local/57678216/guidemaker_bsuaxayz
2020-08-19 20:23:01,509: INFO     Writing fasta file from genbank file(s)
2020-08-19 20:23:01,510: INFO     check if test/test_data/Burkholderia_thailandensis_E264_ATCC_700388_133.gbk is gzipped
2020-08-19 20:23:02,255: INFO     Identifying PAM sites in the genome
2020-08-19 20:23:22,404: INFO     Identifing guides that are unique near the PAM site
2020-08-19 20:23:23,567: INFO     Indexing all potential guide sites: 923226. This is the longest step.
2020-08-19 20:23:27,486: INFO     M                   = 16
2020-08-19 20:23:27,486: INFO     indexThreadQty      = 16
2020-08-19 20:23:27,486: INFO     efConstruction      = 64
2020-08-19 20:23:27,486: INFO     maxM			          = 16
2020-08-19 20:23:27,487: INFO     maxM0			          = 32
2020-08-19 20:23:27,487: INFO     mult                = 0.360674
2020-08-19 20:23:27,487: INFO     skip_optimized_index= 0
2020-08-19 20:23:27,487: INFO     delaunay_type       = 2
2020-08-19 20:23:27,487: INFO     Set HNSW query-time parameters:
2020-08-19 20:23:27,487: INFO     ef(Search)         =20
2020-08-19 20:23:27,487: INFO     algoType           =2

0%   10   20   30   40   50   60   70   80   90   100%
|----|----|----|----|----|----|----|----|----|----|
***************************************************

0%   10   20   30   40   50   60   70   80   90   100%
|----|----|----|----|----|----|----|----|----|----|
*******************************************************2020-08-19 20:24:15,471: INFO     No appropriate custom distance function for Hamming (bit-storage) space
2020-08-19 20:24:15,472: INFO     searchMethod			  = 0
2020-08-19 20:24:15,547: INFO     Identifying guides that have a hamming distance <= 3 to all other potential guides
2020-08-19 20:24:15,836: INFO     Set HNSW query-time parameters:
2020-08-19 20:24:15,836: INFO     ef(Search)         =256
2020-08-19 20:24:15,836: INFO     algoType           =2
2020-08-19 20:24:37,040: INFO     Formatting data for BedTools
2020-08-19 20:24:37,378: INFO     Create GuideMaker Annotation object
2020-08-19 20:24:37,378: INFO     Identify genomic features
2020-08-19 20:24:37,378: INFO     check if test/test_data/Burkholderia_thailandensis_E264_ATCC_700388_133.gbk is gzipped
2020-08-19 20:24:38,097: INFO     Total number of CDS/locus in the input genome: 5633
2020-08-19 20:24:38,097: INFO     Find genomic features closest the guides
2020-08-19 20:24:40,407: INFO     Select guides that start between +100 and -100 of a feature start
2020-08-19 20:24:40,564: INFO     Select description columns
2020-08-19 20:24:40,615: INFO     Format the output
2020-08-19 20:24:41,313: INFO     creating random control guides
2020-08-19 20:24:43,084: INFO     created 10 control guides with a minimum distance of 7 and a median distance of 7
2020-08-19 20:24:43,086: INFO     guidemaker completed, results are at TEST
2020-08-19 20:24:43,086: INFO     PAM sequence: NGG
2020-08-19 20:24:43,086: INFO     PAM orientation: 5prime
2020-08-19 20:24:43,086: INFO     Genome strand(s) searched: both
2020-08-19 20:24:43,086: INFO     Total PAM sites considered: 923226
2020-08-19 20:24:43,086: INFO     Guide RNA candidates found: 35882
	Command being timed: "guidemaker -i test/test_data/Burkholderia_thailandensis_E264_ATCC_700388_133.gbk --pamseq NGG --outdir TEST --pam_orientation 5prime --guidelength 20 --strand both --lcp 10 --dist 3 --before 100 --into 100 --knum 10 --controls 10 --log GuideMaker_57678216_10.log --threads 16"
	User time (seconds): 998.98
	System time (seconds): 30.82
	Percent of CPU this job got: 986%
	Elapsed (wall clock) time (h:mm:ss or m:ss): 1:44.42
	Average shared text size (kbytes): 0
	Average unshared data size (kbytes): 0
	Average stack size (kbytes): 0
	Average total size (kbytes): 0
	Maximum resident set size (kbytes): 2308660
	Average resident set size (kbytes): 0
	Major (requiring I/O) page faults: 0
	Minor (reclaiming a frame) page faults: 7648903
	Voluntary context switches: 369001
	Involuntary context switches: 575754
	Swaps: 0
	File system inputs: 8
	File system outputs: 146648
	Socket messages sent: 0
	Socket messages received: 0
	Signals delivered: 0
	Page size (bytes): 4096
	Exit status: 0
My SLURM_ARRAY_TASK_ID:  10
My TMPDIR IS:  /scratch/local/57678216
Input Genome:>>>>>>>>>>>>>>>>>>>>>>>>>>>>>>>>>>>>>>>>>>>  Burkholderia_thailandensis_E264_ATCC_700388_133.gbk
Threads used:>>>>>>>>>>>>>>>>>>>>>>>>>>>>>>>>>>>>>>>>>>>  32
GuideMaker
Your CPU supports instructions that this binary was not compiled to use: SSE4.1 SSE4.2 AVX AVX2
For maximum performance, you can install NMSLIB from sources 
pip install --no-binary :all: nmslib
2020-08-19 20:24:45,952: INFO     Temp directory is: /scratch/local/57678216/guidemaker_ggwmmujh
2020-08-19 20:24:45,952: INFO     Writing fasta file from genbank file(s)
2020-08-19 20:24:45,952: INFO     check if test/test_data/Burkholderia_thailandensis_E264_ATCC_700388_133.gbk is gzipped
2020-08-19 20:24:46,690: INFO     Identifying PAM sites in the genome
2020-08-19 20:25:07,078: INFO     Identifing guides that are unique near the PAM site
2020-08-19 20:25:08,234: INFO     Indexing all potential guide sites: 923226. This is the longest step.
2020-08-19 20:25:12,231: INFO     M                   = 16
2020-08-19 20:25:12,231: INFO     indexThreadQty      = 32
2020-08-19 20:25:12,231: INFO     efConstruction      = 64
2020-08-19 20:25:12,231: INFO     maxM			          = 16
2020-08-19 20:25:12,231: INFO     maxM0			          = 32
2020-08-19 20:25:12,231: INFO     mult                = 0.360674
2020-08-19 20:25:12,231: INFO     skip_optimized_index= 0
2020-08-19 20:25:12,232: INFO     delaunay_type       = 2
2020-08-19 20:25:12,232: INFO     Set HNSW query-time parameters:
2020-08-19 20:25:12,232: INFO     ef(Search)         =20
2020-08-19 20:25:12,232: INFO     algoType           =2

0%   10   20   30   40   50   60   70   80   90   100%
|----|----|----|----|----|----|----|----|----|----|
***************************************************

0%   10   20   30   40   50   60   70   80   90   100%
|----|----|----|----|----|----|----|----|----|----|
*******************************************************
2020-08-19 20:25:38,233: INFO     No appropriate custom distance function for Hamming (bit-storage) space
2020-08-19 20:25:38,233: INFO     searchMethod			  = 0
2020-08-19 20:25:38,307: INFO     Identifying guides that have a hamming distance <= 3 to all other potential guides
2020-08-19 20:25:38,610: INFO     Set HNSW query-time parameters:
2020-08-19 20:25:38,610: INFO     ef(Search)         =256
2020-08-19 20:25:38,610: INFO     algoType           =2
2020-08-19 20:25:54,177: INFO     Formatting data for BedTools
2020-08-19 20:25:54,508: INFO     Create GuideMaker Annotation object
2020-08-19 20:25:54,508: INFO     Identify genomic features
2020-08-19 20:25:54,508: INFO     check if test/test_data/Burkholderia_thailandensis_E264_ATCC_700388_133.gbk is gzipped
2020-08-19 20:25:55,219: INFO     Total number of CDS/locus in the input genome: 5633
2020-08-19 20:25:55,219: INFO     Find genomic features closest the guides
2020-08-19 20:25:57,520: INFO     Select guides that start between +100 and -100 of a feature start
2020-08-19 20:25:57,674: INFO     Select description columns
2020-08-19 20:25:57,724: INFO     Format the output
2020-08-19 20:25:58,416: INFO     creating random control guides
2020-08-19 20:25:59,778: INFO     created 10 control guides with a minimum distance of 7 and a median distance of 7
2020-08-19 20:25:59,780: INFO     guidemaker completed, results are at TEST
2020-08-19 20:25:59,780: INFO     PAM sequence: NGG
2020-08-19 20:25:59,780: INFO     PAM orientation: 5prime
2020-08-19 20:25:59,780: INFO     Genome strand(s) searched: both
2020-08-19 20:25:59,780: INFO     Total PAM sites considered: 923226
2020-08-19 20:25:59,780: INFO     Guide RNA candidates found: 35882
	Command being timed: "guidemaker -i test/test_data/Burkholderia_thailandensis_E264_ATCC_700388_133.gbk --pamseq NGG --outdir TEST --pam_orientation 5prime --guidelength 20 --strand both --lcp 10 --dist 3 --before 100 --into 100 --knum 10 --controls 10 --log GuideMaker_57678216_10.log --threads 32"
	User time (seconds): 1065.61
	System time (seconds): 35.37
	Percent of CPU this job got: 1432%
	Elapsed (wall clock) time (h:mm:ss or m:ss): 1:16.85
	Average shared text size (kbytes): 0
	Average unshared data size (kbytes): 0
	Average stack size (kbytes): 0
	Average total size (kbytes): 0
	Maximum resident set size (kbytes): 2312264
	Average resident set size (kbytes): 0
	Major (requiring I/O) page faults: 0
	Minor (reclaiming a frame) page faults: 5215263
	Voluntary context switches: 661110
	Involuntary context switches: 145580
	Swaps: 0
	File system inputs: 8
	File system outputs: 146664
	Socket messages sent: 0
	Socket messages received: 0
	Signals delivered: 0
	Page size (bytes): 4096
	Exit status: 0
