Thu Feb  4 19:45:53 EST 2021
c27b-s37.ufhpc
/blue/garrett/rp3448/analysis/guidemaker/nonAVXGuidemaker

     active environment : NONAVX2
    active env location : /home/rp3448/.conda/envs/NONAVX2
            shell level : 3
       user config file : /home/rp3448/.condarc
 populated config files : /home/rp3448/.condarc
          conda version : 4.9.2
    conda-build version : not installed
         python version : 3.9.1.final.0
       virtual packages : __glibc=2.17=0
                          __unix=0=0
                          __archspec=1=x86_64
       base environment : /apps/conda/4.9.2  (read only)
           channel URLs : https://conda.anaconda.org/biobakery/linux-64
                          https://conda.anaconda.org/biobakery/noarch
                          https://conda.anaconda.org/conda-forge/linux-64
                          https://conda.anaconda.org/conda-forge/noarch
                          https://conda.anaconda.org/bioconda/linux-64
                          https://conda.anaconda.org/bioconda/noarch
                          https://repo.anaconda.com/pkgs/main/linux-64
                          https://repo.anaconda.com/pkgs/main/noarch
                          https://repo.anaconda.com/pkgs/r/linux-64
                          https://repo.anaconda.com/pkgs/r/noarch
          package cache : /apps/conda/4.9.2/pkgs
                          /home/rp3448/.conda/pkgs
       envs directories : /home/rp3448/.conda/envs
                          /apps/conda/4.9.2/envs
               platform : linux-64
             user-agent : conda/4.9.2 requests/2.25.1 CPython/3.9.1 Linux/3.10.0-1062.18.1.el7.x86_64 rhel/7.7 glibc/2.17
                UID:GID : 6472:3511
             netrc file : None
           offline mode : False

My SLURM_ARRAY_TASK_ID:  6
My TMPDIR IS:  /scratch/local/63831031
Input Genome:>>>>>>>>>>>>>>>>>>>>>>>>>>>>>>>>>>>>>>>>>>>  Pseudomonas_aeruginosa_PAO1_107.gbk
Input PAM:>>>>>>>>>>>>>>>>>>>>>>>>>>>>>>>>>>>>>>>>>>>  NGRRT
Threads used:>>>>>>>>>>>>>>>>>>>>>>>>>>>>>>>>>>>>>>>>>>>  1
GuideMaker
Your CPU supports instructions that this binary was not compiled to use: SSE4.1 SSE4.2 AVX AVX2
For maximum performance, you can install NMSLIB from sources 
pip install --no-binary :all: nmslib
2021-02-04 19:46:01,355: INFO     Temp directory is: /scratch/local/63831031/guidemaker____vo927
2021-02-04 19:46:01,356: INFO     Writing fasta file from genbank file(s)
2021-02-04 19:46:01,357: INFO     check if ../all_test_data/Pseudomonas_aeruginosa_PAO1_107.gbk is gzipped
/home/rp3448/.conda/envs/NONAVX2/lib/python3.7/site-packages/Bio/GenBank/Scanner.py:1400: BiopythonParserWarning: Truncated LOCUS line found - is this correct?
:'LOCUS       NC_002516            6264404 bp    dna     circular UNK \n'
  BiopythonParserWarning,
/home/rp3448/.conda/envs/NONAVX2/lib/python3.7/site-packages/Bio/GenBank/__init__.py:762: BiopythonParserWarning: Non-upper case molecule type in LOCUS line: dna
  BiopythonParserWarning,
2021-02-04 19:46:02,236: INFO     Identifying PAM sites in the genome
2021-02-04 19:46:07,517: INFO     Checking guides for restriction enzymes
2021-02-04 19:46:07,552: INFO     Number of guides removed after checking for restriction enzymes: 0
2021-02-04 19:46:07,552: INFO     Identifing guides that are unique near the PAM site
2021-02-04 19:46:07,742: INFO     Number of guides removed after checking for unique PAM: 31221
2021-02-04 19:46:07,742: INFO     Indexing all potential guide sites: 132115. This is the longest step.
2021-02-04 19:46:08,305: INFO     M                   = 16
2021-02-04 19:46:08,305: INFO     indexThreadQty      = 1
2021-02-04 19:46:08,305: INFO     efConstruction      = 10
2021-02-04 19:46:08,305: INFO     maxM			          = 16
2021-02-04 19:46:08,305: INFO     maxM0			          = 32
2021-02-04 19:46:08,305: INFO     mult                = 0.360674
2021-02-04 19:46:08,305: INFO     skip_optimized_index= 0
2021-02-04 19:46:08,305: INFO     delaunay_type       = 2
2021-02-04 19:46:08,305: INFO     Set HNSW query-time parameters:
2021-02-04 19:46:08,305: INFO     ef(Search)         =20
2021-02-04 19:46:08,305: INFO     algoType           =2

0%   10   20   30   40   50   60   70   80   90   100%
|----|----|----|----|----|----|----|----|----|----|
***************************************************

0%   10   20   30   40   50   60   70   80   90   100%
|----|----|----|----|----|----|----|----|----|----|
***************************************************
*2021-02-04 19:46:18,080: INFO     No appropriate custom distance function for Hamming (bit-storage) space
2021-02-04 19:46:18,081: INFO     searchMethod			  = 0
2021-02-04 19:46:18,093: INFO     Identifying guides that have a hamming distance <= 3 to all other potential guides
2021-02-04 19:46:18,261: INFO     Set HNSW query-time parameters:
2021-02-04 19:46:18,261: INFO     ef(Search)         =9
2021-02-04 19:46:18,261: INFO     algoType           =2
2021-02-04 19:46:25,571: INFO     Formatting data for BedTools
2021-02-04 19:46:25,753: INFO     Create GuideMaker Annotation object
2021-02-04 19:46:25,754: INFO     Identify genomic features
2021-02-04 19:46:25,754: INFO     check if ../all_test_data/Pseudomonas_aeruginosa_PAO1_107.gbk is gzipped
2021-02-04 19:46:26,733: INFO     Total number of CDS/locus in the input genome: 5584
2021-02-04 19:46:26,734: INFO     Find genomic features closest the guides
2021-02-04 19:46:28,127: INFO     Select guides that start between +500 and -500 of a feature start
2021-02-04 19:46:28,298: INFO     Select description columns
2021-02-04 19:46:28,344: INFO     Format the output
2021-02-04 19:46:29,062: INFO     Number of Guides within a gene coordinates i.e. zero Feature distance: 41573
2021-02-04 19:46:29,956: INFO     creating random control guides
2021-02-04 19:46:30,050: INFO     Number of random control searched: 100
2021-02-04 19:46:30,050: INFO     Percentage of GC content in the input genome: 66.56
2021-02-04 19:46:30,051: INFO     Total length of the genome: 6.0 MB
2021-02-04 19:46:30,051: INFO     created 10 control guides with a minimum distance of 7 and a median distance of 8
2021-02-04 19:46:30,055: INFO     guidemaker completed, results are at TEST
2021-02-04 19:46:30,055: INFO     PAM sequence: NGRRT
2021-02-04 19:46:30,055: INFO     PAM orientation: 3prime
2021-02-04 19:46:30,055: INFO     Genome strand(s) searched: both
2021-02-04 19:46:30,055: INFO     Total PAM sites considered: 132115
2021-02-04 19:46:30,055: INFO     Guide RNA candidates found: 73765
	Command being timed: "guidemaker -i ../all_test_data/Pseudomonas_aeruginosa_PAO1_107.gbk --pamseq NGRRT --outdir TEST --pam_orientation 3prime --guidelength 20 --strand both --lcp 11 --dist 3 --before 500 --into 500 --knum 10 --controls 10 --log GM_63831031_6.log --threads 1"
	User time (seconds): 30.80
	System time (seconds): 2.64
	Percent of CPU this job got: 100%
	Elapsed (wall clock) time (h:mm:ss or m:ss): 0:33.16
	Average shared text size (kbytes): 0
	Average unshared data size (kbytes): 0
	Average stack size (kbytes): 0
	Average total size (kbytes): 0
	Maximum resident set size (kbytes): 527240
	Average resident set size (kbytes): 0
	Major (requiring I/O) page faults: 122
	Minor (reclaiming a frame) page faults: 586653
	Voluntary context switches: 4641
	Involuntary context switches: 64716
	Swaps: 0
	File system inputs: 337200
	File system outputs: 174576
	Socket messages sent: 0
	Socket messages received: 0
	Signals delivered: 0
	Page size (bytes): 4096
	Exit status: 0
My SLURM_ARRAY_TASK_ID:  6
My TMPDIR IS:  /scratch/local/63831031
Input Genome:>>>>>>>>>>>>>>>>>>>>>>>>>>>>>>>>>>>>>>>>>>>  Pseudomonas_aeruginosa_PAO1_107.gbk
Input PAM:>>>>>>>>>>>>>>>>>>>>>>>>>>>>>>>>>>>>>>>>>>>  NGRRT
Threads used:>>>>>>>>>>>>>>>>>>>>>>>>>>>>>>>>>>>>>>>>>>>  2
GuideMaker
Your CPU supports instructions that this binary was not compiled to use: SSE4.1 SSE4.2 AVX AVX2
For maximum performance, you can install NMSLIB from sources 
pip install --no-binary :all: nmslib
2021-02-04 19:46:31,751: INFO     Temp directory is: /scratch/local/63831031/guidemaker_xy9zuiss
2021-02-04 19:46:31,752: INFO     Writing fasta file from genbank file(s)
2021-02-04 19:46:31,752: INFO     check if ../all_test_data/Pseudomonas_aeruginosa_PAO1_107.gbk is gzipped
/home/rp3448/.conda/envs/NONAVX2/lib/python3.7/site-packages/Bio/GenBank/Scanner.py:1400: BiopythonParserWarning: Truncated LOCUS line found - is this correct?
:'LOCUS       NC_002516            6264404 bp    dna     circular UNK \n'
  BiopythonParserWarning,
/home/rp3448/.conda/envs/NONAVX2/lib/python3.7/site-packages/Bio/GenBank/__init__.py:762: BiopythonParserWarning: Non-upper case molecule type in LOCUS line: dna
  BiopythonParserWarning,
2021-02-04 19:46:32,548: INFO     Identifying PAM sites in the genome
2021-02-04 19:46:37,729: INFO     Checking guides for restriction enzymes
2021-02-04 19:46:37,764: INFO     Number of guides removed after checking for restriction enzymes: 0
2021-02-04 19:46:37,764: INFO     Identifing guides that are unique near the PAM site
2021-02-04 19:46:37,956: INFO     Number of guides removed after checking for unique PAM: 31221
2021-02-04 19:46:37,956: INFO     Indexing all potential guide sites: 132115. This is the longest step.
2021-02-04 19:46:38,507: INFO     M                   = 16
2021-02-04 19:46:38,507: INFO     indexThreadQty      = 2
2021-02-04 19:46:38,507: INFO     efConstruction      = 10
2021-02-04 19:46:38,508: INFO     maxM			          = 16
2021-02-04 19:46:38,508: INFO     maxM0			          = 32
2021-02-04 19:46:38,508: INFO     mult                = 0.360674
2021-02-04 19:46:38,508: INFO     skip_optimized_index= 0
2021-02-04 19:46:38,508: INFO     delaunay_type       = 2
2021-02-04 19:46:38,508: INFO     Set HNSW query-time parameters:
2021-02-04 19:46:38,508: INFO     ef(Search)         =20
2021-02-04 19:46:38,508: INFO     algoType           =2

0%   10   20   30   40   50   60   70   80   90   100%
|----|----|----|----|----|----|----|----|----|----|
***************************************************

0%   10   20   30   40   50   60   70   80   90   100%
|----|----|----|----|----|----|----|----|----|----|
****************************************************2021-02-04 19:46:44,763: INFO     No appropriate custom distance function for Hamming (bit-storage) space
2021-02-04 19:46:44,764: INFO     searchMethod			  = 0
2021-02-04 19:46:44,777: INFO     Identifying guides that have a hamming distance <= 3 to all other potential guides
2021-02-04 19:46:44,930: INFO     Set HNSW query-time parameters:
2021-02-04 19:46:44,930: INFO     ef(Search)         =9
2021-02-04 19:46:44,930: INFO     algoType           =2
2021-02-04 19:46:51,115: INFO     Formatting data for BedTools
2021-02-04 19:46:51,286: INFO     Create GuideMaker Annotation object
2021-02-04 19:46:51,286: INFO     Identify genomic features
2021-02-04 19:46:51,287: INFO     check if ../all_test_data/Pseudomonas_aeruginosa_PAO1_107.gbk is gzipped
2021-02-04 19:46:52,265: INFO     Total number of CDS/locus in the input genome: 5584
2021-02-04 19:46:52,265: INFO     Find genomic features closest the guides
2021-02-04 19:46:53,694: INFO     Select guides that start between +500 and -500 of a feature start
2021-02-04 19:46:53,854: INFO     Select description columns
2021-02-04 19:46:53,902: INFO     Format the output
2021-02-04 19:46:54,629: INFO     Number of Guides within a gene coordinates i.e. zero Feature distance: 41568
2021-02-04 19:46:55,544: INFO     creating random control guides
2021-02-04 19:46:55,652: INFO     Number of random control searched: 100
2021-02-04 19:46:55,652: INFO     Percentage of GC content in the input genome: 66.56
2021-02-04 19:46:55,652: INFO     Total length of the genome: 6.0 MB
2021-02-04 19:46:55,652: INFO     created 10 control guides with a minimum distance of 7 and a median distance of 7
2021-02-04 19:46:55,655: INFO     guidemaker completed, results are at TEST
2021-02-04 19:46:55,655: INFO     PAM sequence: NGRRT
2021-02-04 19:46:55,655: INFO     PAM orientation: 3prime
2021-02-04 19:46:55,655: INFO     Genome strand(s) searched: both
2021-02-04 19:46:55,655: INFO     Total PAM sites considered: 132115
2021-02-04 19:46:55,655: INFO     Guide RNA candidates found: 73760
	Command being timed: "guidemaker -i ../all_test_data/Pseudomonas_aeruginosa_PAO1_107.gbk --pamseq NGRRT --outdir TEST --pam_orientation 3prime --guidelength 20 --strand both --lcp 11 --dist 3 --before 500 --into 500 --knum 10 --controls 10 --log GM_63831031_6.log --threads 2"
	User time (seconds): 33.51
	System time (seconds): 2.79
	Percent of CPU this job got: 142%
	Elapsed (wall clock) time (h:mm:ss or m:ss): 0:25.54
	Average shared text size (kbytes): 0
	Average unshared data size (kbytes): 0
	Average stack size (kbytes): 0
	Average total size (kbytes): 0
	Maximum resident set size (kbytes): 585912
	Average resident set size (kbytes): 0
	Major (requiring I/O) page faults: 0
	Minor (reclaiming a frame) page faults: 645869
	Voluntary context switches: 16244
	Involuntary context switches: 434
	Swaps: 0
	File system inputs: 48
	File system outputs: 174568
	Socket messages sent: 0
	Socket messages received: 0
	Signals delivered: 0
	Page size (bytes): 4096
	Exit status: 0
My SLURM_ARRAY_TASK_ID:  6
My TMPDIR IS:  /scratch/local/63831031
Input Genome:>>>>>>>>>>>>>>>>>>>>>>>>>>>>>>>>>>>>>>>>>>>  Pseudomonas_aeruginosa_PAO1_107.gbk
Input PAM:>>>>>>>>>>>>>>>>>>>>>>>>>>>>>>>>>>>>>>>>>>>  NGRRT
Threads used:>>>>>>>>>>>>>>>>>>>>>>>>>>>>>>>>>>>>>>>>>>>  4
GuideMaker
Your CPU supports instructions that this binary was not compiled to use: SSE4.1 SSE4.2 AVX AVX2
For maximum performance, you can install NMSLIB from sources 
pip install --no-binary :all: nmslib
2021-02-04 19:46:57,206: INFO     Temp directory is: /scratch/local/63831031/guidemaker_q5gqp4h1
2021-02-04 19:46:57,207: INFO     Writing fasta file from genbank file(s)
2021-02-04 19:46:57,207: INFO     check if ../all_test_data/Pseudomonas_aeruginosa_PAO1_107.gbk is gzipped
/home/rp3448/.conda/envs/NONAVX2/lib/python3.7/site-packages/Bio/GenBank/Scanner.py:1400: BiopythonParserWarning: Truncated LOCUS line found - is this correct?
:'LOCUS       NC_002516            6264404 bp    dna     circular UNK \n'
  BiopythonParserWarning,
/home/rp3448/.conda/envs/NONAVX2/lib/python3.7/site-packages/Bio/GenBank/__init__.py:762: BiopythonParserWarning: Non-upper case molecule type in LOCUS line: dna
  BiopythonParserWarning,
2021-02-04 19:46:58,016: INFO     Identifying PAM sites in the genome
2021-02-04 19:47:03,162: INFO     Checking guides for restriction enzymes
2021-02-04 19:47:03,197: INFO     Number of guides removed after checking for restriction enzymes: 0
2021-02-04 19:47:03,197: INFO     Identifing guides that are unique near the PAM site
2021-02-04 19:47:03,391: INFO     Number of guides removed after checking for unique PAM: 31221
2021-02-04 19:47:03,391: INFO     Indexing all potential guide sites: 132115. This is the longest step.
2021-02-04 19:47:03,950: INFO     M                   = 16
2021-02-04 19:47:03,950: INFO     indexThreadQty      = 4
2021-02-04 19:47:03,950: INFO     efConstruction      = 10
2021-02-04 19:47:03,950: INFO     maxM			          = 16
2021-02-04 19:47:03,950: INFO     maxM0			          = 32
2021-02-04 19:47:03,950: INFO     mult                = 0.360674
2021-02-04 19:47:03,950: INFO     skip_optimized_index= 0
2021-02-04 19:47:03,951: INFO     delaunay_type       = 2
2021-02-04 19:47:03,951: INFO     Set HNSW query-time parameters:
2021-02-04 19:47:03,951: INFO     ef(Search)         =20
2021-02-04 19:47:03,951: INFO     algoType           =2

0%   10   20   30   40   50   60   70   80   90   100%
|----|----|----|----|----|----|----|----|----|----|
***************************************************

0%   10   20   30   40   50   60   70   80   90   100%
|----|----|----|----|----|----|----|----|----|----|
****************************************************2021-02-04 19:47:07,388: INFO     No appropriate custom distance function for Hamming (bit-storage) space
2021-02-04 19:47:07,389: INFO     searchMethod			  = 0
2021-02-04 19:47:07,401: INFO     Identifying guides that have a hamming distance <= 3 to all other potential guides
2021-02-04 19:47:07,552: INFO     Set HNSW query-time parameters:
2021-02-04 19:47:07,552: INFO     ef(Search)         =9
2021-02-04 19:47:07,552: INFO     algoType           =2
2021-02-04 19:47:12,879: INFO     Formatting data for BedTools
2021-02-04 19:47:13,051: INFO     Create GuideMaker Annotation object
2021-02-04 19:47:13,051: INFO     Identify genomic features
2021-02-04 19:47:13,051: INFO     check if ../all_test_data/Pseudomonas_aeruginosa_PAO1_107.gbk is gzipped
2021-02-04 19:47:14,043: INFO     Total number of CDS/locus in the input genome: 5584
2021-02-04 19:47:14,043: INFO     Find genomic features closest the guides
2021-02-04 19:47:15,461: INFO     Select guides that start between +500 and -500 of a feature start
2021-02-04 19:47:15,618: INFO     Select description columns
2021-02-04 19:47:15,664: INFO     Format the output
2021-02-04 19:47:16,385: INFO     Number of Guides within a gene coordinates i.e. zero Feature distance: 41577
2021-02-04 19:47:17,282: INFO     creating random control guides
2021-02-04 19:47:17,385: INFO     Number of random control searched: 100
2021-02-04 19:47:17,385: INFO     Percentage of GC content in the input genome: 66.56
2021-02-04 19:47:17,385: INFO     Total length of the genome: 6.0 MB
2021-02-04 19:47:17,385: INFO     created 10 control guides with a minimum distance of 7 and a median distance of 8
2021-02-04 19:47:17,388: INFO     guidemaker completed, results are at TEST
2021-02-04 19:47:17,388: INFO     PAM sequence: NGRRT
2021-02-04 19:47:17,388: INFO     PAM orientation: 3prime
2021-02-04 19:47:17,388: INFO     Genome strand(s) searched: both
2021-02-04 19:47:17,388: INFO     Total PAM sites considered: 132115
2021-02-04 19:47:17,388: INFO     Guide RNA candidates found: 73787
	Command being timed: "guidemaker -i ../all_test_data/Pseudomonas_aeruginosa_PAO1_107.gbk --pamseq NGRRT --outdir TEST --pam_orientation 3prime --guidelength 20 --strand both --lcp 11 --dist 3 --before 500 --into 500 --knum 10 --controls 10 --log GM_63831031_6.log --threads 4"
	User time (seconds): 34.64
	System time (seconds): 2.83
	Percent of CPU this job got: 172%
	Elapsed (wall clock) time (h:mm:ss or m:ss): 0:21.72
	Average shared text size (kbytes): 0
	Average unshared data size (kbytes): 0
	Average stack size (kbytes): 0
	Average total size (kbytes): 0
	Maximum resident set size (kbytes): 574816
	Average resident set size (kbytes): 0
	Major (requiring I/O) page faults: 0
	Minor (reclaiming a frame) page faults: 567540
	Voluntary context switches: 17840
	Involuntary context switches: 452
	Swaps: 0
	File system inputs: 0
	File system outputs: 174544
	Socket messages sent: 0
	Socket messages received: 0
	Signals delivered: 0
	Page size (bytes): 4096
	Exit status: 0
My SLURM_ARRAY_TASK_ID:  6
My TMPDIR IS:  /scratch/local/63831031
Input Genome:>>>>>>>>>>>>>>>>>>>>>>>>>>>>>>>>>>>>>>>>>>>  Pseudomonas_aeruginosa_PAO1_107.gbk
Input PAM:>>>>>>>>>>>>>>>>>>>>>>>>>>>>>>>>>>>>>>>>>>>  NGRRT
Threads used:>>>>>>>>>>>>>>>>>>>>>>>>>>>>>>>>>>>>>>>>>>>  8
GuideMaker
Your CPU supports instructions that this binary was not compiled to use: SSE4.1 SSE4.2 AVX AVX2
For maximum performance, you can install NMSLIB from sources 
pip install --no-binary :all: nmslib
2021-02-04 19:47:18,777: INFO     Temp directory is: /scratch/local/63831031/guidemaker_p511vxm1
2021-02-04 19:47:18,777: INFO     Writing fasta file from genbank file(s)
2021-02-04 19:47:18,778: INFO     check if ../all_test_data/Pseudomonas_aeruginosa_PAO1_107.gbk is gzipped
/home/rp3448/.conda/envs/NONAVX2/lib/python3.7/site-packages/Bio/GenBank/Scanner.py:1400: BiopythonParserWarning: Truncated LOCUS line found - is this correct?
:'LOCUS       NC_002516            6264404 bp    dna     circular UNK \n'
  BiopythonParserWarning,
/home/rp3448/.conda/envs/NONAVX2/lib/python3.7/site-packages/Bio/GenBank/__init__.py:762: BiopythonParserWarning: Non-upper case molecule type in LOCUS line: dna
  BiopythonParserWarning,
2021-02-04 19:47:19,574: INFO     Identifying PAM sites in the genome
2021-02-04 19:47:24,743: INFO     Checking guides for restriction enzymes
2021-02-04 19:47:24,777: INFO     Number of guides removed after checking for restriction enzymes: 0
2021-02-04 19:47:24,778: INFO     Identifing guides that are unique near the PAM site
2021-02-04 19:47:24,970: INFO     Number of guides removed after checking for unique PAM: 31221
2021-02-04 19:47:24,970: INFO     Indexing all potential guide sites: 132115. This is the longest step.
2021-02-04 19:47:25,520: INFO     M                   = 16
2021-02-04 19:47:25,520: INFO     indexThreadQty      = 8
2021-02-04 19:47:25,520: INFO     efConstruction      = 10
2021-02-04 19:47:25,520: INFO     maxM			          = 16
2021-02-04 19:47:25,520: INFO     maxM0			          = 32
2021-02-04 19:47:25,520: INFO     mult                = 0.360674
2021-02-04 19:47:25,520: INFO     skip_optimized_index= 0
2021-02-04 19:47:25,520: INFO     delaunay_type       = 2
2021-02-04 19:47:25,520: INFO     Set HNSW query-time parameters:
2021-02-04 19:47:25,521: INFO     ef(Search)         =20
2021-02-04 19:47:25,521: INFO     algoType           =2

0%   10   20   30   40   50   60   70   80   90   100%
|----|----|----|----|----|----|----|----|----|----|
***************************************************

0%   10   20   30   40   50   60   70   80   90   100%
|----|----|----|----|----|----|----|----|----|----|
*******************************************************2021-02-04 19:47:27,239: INFO     No appropriate custom distance function for Hamming (bit-storage) space
2021-02-04 19:47:27,240: INFO     searchMethod			  = 0
2021-02-04 19:47:27,246: INFO     Identifying guides that have a hamming distance <= 3 to all other potential guides
2021-02-04 19:47:27,378: INFO     Set HNSW query-time parameters:
2021-02-04 19:47:27,378: INFO     ef(Search)         =9
2021-02-04 19:47:27,378: INFO     algoType           =2
2021-02-04 19:47:32,749: INFO     Formatting data for BedTools
2021-02-04 19:47:32,964: INFO     Create GuideMaker Annotation object
2021-02-04 19:47:32,964: INFO     Identify genomic features
2021-02-04 19:47:32,965: INFO     check if ../all_test_data/Pseudomonas_aeruginosa_PAO1_107.gbk is gzipped
2021-02-04 19:47:33,985: INFO     Total number of CDS/locus in the input genome: 5584
2021-02-04 19:47:33,986: INFO     Find genomic features closest the guides
2021-02-04 19:47:35,452: INFO     Select guides that start between +500 and -500 of a feature start
2021-02-04 19:47:35,628: INFO     Select description columns
2021-02-04 19:47:35,676: INFO     Format the output
2021-02-04 19:47:36,440: INFO     Number of Guides within a gene coordinates i.e. zero Feature distance: 41572
2021-02-04 19:47:37,343: INFO     creating random control guides
2021-02-04 19:47:37,448: INFO     Number of random control searched: 100
2021-02-04 19:47:37,448: INFO     Percentage of GC content in the input genome: 66.56
2021-02-04 19:47:37,449: INFO     Total length of the genome: 6.0 MB
2021-02-04 19:47:37,449: INFO     created 10 control guides with a minimum distance of 7 and a median distance of 7
2021-02-04 19:47:37,451: INFO     guidemaker completed, results are at TEST
2021-02-04 19:47:37,452: INFO     PAM sequence: NGRRT
2021-02-04 19:47:37,452: INFO     PAM orientation: 3prime
2021-02-04 19:47:37,452: INFO     Genome strand(s) searched: both
2021-02-04 19:47:37,452: INFO     Total PAM sites considered: 132115
2021-02-04 19:47:37,452: INFO     Guide RNA candidates found: 73767
	Command being timed: "guidemaker -i ../all_test_data/Pseudomonas_aeruginosa_PAO1_107.gbk --pamseq NGRRT --outdir TEST --pam_orientation 3prime --guidelength 20 --strand both --lcp 11 --dist 3 --before 500 --into 500 --knum 10 --controls 10 --log GM_63831031_6.log --threads 8"
	User time (seconds): 35.09
	System time (seconds): 2.82
	Percent of CPU this job got: 188%
	Elapsed (wall clock) time (h:mm:ss or m:ss): 0:20.09
	Average shared text size (kbytes): 0
	Average unshared data size (kbytes): 0
	Average stack size (kbytes): 0
	Average total size (kbytes): 0
	Maximum resident set size (kbytes): 575744
	Average resident set size (kbytes): 0
	Major (requiring I/O) page faults: 0
	Minor (reclaiming a frame) page faults: 551990
	Voluntary context switches: 38199
	Involuntary context switches: 139798
	Swaps: 0
	File system inputs: 0
	File system outputs: 174544
	Socket messages sent: 0
	Socket messages received: 0
	Signals delivered: 0
	Page size (bytes): 4096
	Exit status: 0
My SLURM_ARRAY_TASK_ID:  6
My TMPDIR IS:  /scratch/local/63831031
Input Genome:>>>>>>>>>>>>>>>>>>>>>>>>>>>>>>>>>>>>>>>>>>>  Pseudomonas_aeruginosa_PAO1_107.gbk
Input PAM:>>>>>>>>>>>>>>>>>>>>>>>>>>>>>>>>>>>>>>>>>>>  NGRRT
Threads used:>>>>>>>>>>>>>>>>>>>>>>>>>>>>>>>>>>>>>>>>>>>  16
GuideMaker
Your CPU supports instructions that this binary was not compiled to use: SSE4.1 SSE4.2 AVX AVX2
For maximum performance, you can install NMSLIB from sources 
pip install --no-binary :all: nmslib
2021-02-04 19:47:38,911: INFO     Temp directory is: /scratch/local/63831031/guidemaker_kghlwiaf
2021-02-04 19:47:38,911: INFO     Writing fasta file from genbank file(s)
2021-02-04 19:47:38,911: INFO     check if ../all_test_data/Pseudomonas_aeruginosa_PAO1_107.gbk is gzipped
/home/rp3448/.conda/envs/NONAVX2/lib/python3.7/site-packages/Bio/GenBank/Scanner.py:1400: BiopythonParserWarning: Truncated LOCUS line found - is this correct?
:'LOCUS       NC_002516            6264404 bp    dna     circular UNK \n'
  BiopythonParserWarning,
/home/rp3448/.conda/envs/NONAVX2/lib/python3.7/site-packages/Bio/GenBank/__init__.py:762: BiopythonParserWarning: Non-upper case molecule type in LOCUS line: dna
  BiopythonParserWarning,
2021-02-04 19:47:39,716: INFO     Identifying PAM sites in the genome
2021-02-04 19:47:44,982: INFO     Checking guides for restriction enzymes
2021-02-04 19:47:45,016: INFO     Number of guides removed after checking for restriction enzymes: 0
2021-02-04 19:47:45,017: INFO     Identifing guides that are unique near the PAM site
2021-02-04 19:47:45,211: INFO     Number of guides removed after checking for unique PAM: 31221
2021-02-04 19:47:45,211: INFO     Indexing all potential guide sites: 132115. This is the longest step.
2021-02-04 19:47:45,768: INFO     M                   = 16
2021-02-04 19:47:45,768: INFO     indexThreadQty      = 16
2021-02-04 19:47:45,768: INFO     efConstruction      = 10
2021-02-04 19:47:45,768: INFO     maxM			          = 16
2021-02-04 19:47:45,768: INFO     maxM0			          = 32
2021-02-04 19:47:45,768: INFO     mult                = 0.360674
2021-02-04 19:47:45,768: INFO     skip_optimized_index= 0
2021-02-04 19:47:45,768: INFO     delaunay_type       = 2
2021-02-04 19:47:45,769: INFO     Set HNSW query-time parameters:
2021-02-04 19:47:45,769: INFO     ef(Search)         =20
2021-02-04 19:47:45,769: INFO     algoType           =2

0%   10   20   30   40   50   60   70   80   90   100%
|----|----|----|----|----|----|----|----|----|----|
***************************************************

0%   10   20   30   40   50   60   70   80   90   100%
|----|----|----|----|----|----|----|----|----|----|
*******************************************************2021-02-04 19:47:46,757: INFO     No appropriate custom distance function for Hamming (bit-storage) space
2021-02-04 19:47:46,758: INFO     searchMethod			  = 0
2021-02-04 19:47:46,766: INFO     Identifying guides that have a hamming distance <= 3 to all other potential guides
2021-02-04 19:47:46,913: INFO     Set HNSW query-time parameters:
2021-02-04 19:47:46,913: INFO     ef(Search)         =9
2021-02-04 19:47:46,913: INFO     algoType           =2
2021-02-04 19:47:51,640: INFO     Formatting data for BedTools
2021-02-04 19:47:51,832: INFO     Create GuideMaker Annotation object
2021-02-04 19:47:51,833: INFO     Identify genomic features
2021-02-04 19:47:51,833: INFO     check if ../all_test_data/Pseudomonas_aeruginosa_PAO1_107.gbk is gzipped
2021-02-04 19:47:52,836: INFO     Total number of CDS/locus in the input genome: 5584
2021-02-04 19:47:52,836: INFO     Find genomic features closest the guides
2021-02-04 19:47:54,253: INFO     Select guides that start between +500 and -500 of a feature start
2021-02-04 19:47:54,424: INFO     Select description columns
2021-02-04 19:47:54,471: INFO     Format the output
2021-02-04 19:47:55,227: INFO     Number of Guides within a gene coordinates i.e. zero Feature distance: 41580
2021-02-04 19:47:56,223: INFO     creating random control guides
2021-02-04 19:47:56,319: INFO     Number of random control searched: 100
2021-02-04 19:47:56,319: INFO     Percentage of GC content in the input genome: 66.56
2021-02-04 19:47:56,319: INFO     Total length of the genome: 6.0 MB
2021-02-04 19:47:56,320: INFO     created 10 control guides with a minimum distance of 7 and a median distance of 7
2021-02-04 19:47:56,322: INFO     guidemaker completed, results are at TEST
2021-02-04 19:47:56,322: INFO     PAM sequence: NGRRT
2021-02-04 19:47:56,322: INFO     PAM orientation: 3prime
2021-02-04 19:47:56,322: INFO     Genome strand(s) searched: both
2021-02-04 19:47:56,322: INFO     Total PAM sites considered: 132115
2021-02-04 19:47:56,322: INFO     Guide RNA candidates found: 73782
	Command being timed: "guidemaker -i ../all_test_data/Pseudomonas_aeruginosa_PAO1_107.gbk --pamseq NGRRT --outdir TEST --pam_orientation 3prime --guidelength 20 --strand both --lcp 11 --dist 3 --before 500 --into 500 --knum 10 --controls 10 --log GM_63831031_6.log --threads 16"
	User time (seconds): 36.19
	System time (seconds): 3.21
	Percent of CPU this job got: 209%
	Elapsed (wall clock) time (h:mm:ss or m:ss): 0:18.84
	Average shared text size (kbytes): 0
	Average unshared data size (kbytes): 0
	Average stack size (kbytes): 0
	Average total size (kbytes): 0
	Maximum resident set size (kbytes): 577956
	Average resident set size (kbytes): 0
	Major (requiring I/O) page faults: 0
	Minor (reclaiming a frame) page faults: 530032
	Voluntary context switches: 81703
	Involuntary context switches: 281179
	Swaps: 0
	File system inputs: 0
	File system outputs: 174568
	Socket messages sent: 0
	Socket messages received: 0
	Signals delivered: 0
	Page size (bytes): 4096
	Exit status: 0
My SLURM_ARRAY_TASK_ID:  6
My TMPDIR IS:  /scratch/local/63831031
Input Genome:>>>>>>>>>>>>>>>>>>>>>>>>>>>>>>>>>>>>>>>>>>>  Pseudomonas_aeruginosa_PAO1_107.gbk
Input PAM:>>>>>>>>>>>>>>>>>>>>>>>>>>>>>>>>>>>>>>>>>>>  NGRRT
Threads used:>>>>>>>>>>>>>>>>>>>>>>>>>>>>>>>>>>>>>>>>>>>  32
GuideMaker
Your CPU supports instructions that this binary was not compiled to use: SSE4.1 SSE4.2 AVX AVX2
For maximum performance, you can install NMSLIB from sources 
pip install --no-binary :all: nmslib
2021-02-04 19:47:57,712: INFO     Temp directory is: /scratch/local/63831031/guidemaker_ual7nxw6
2021-02-04 19:47:57,712: INFO     Writing fasta file from genbank file(s)
2021-02-04 19:47:57,713: INFO     check if ../all_test_data/Pseudomonas_aeruginosa_PAO1_107.gbk is gzipped
/home/rp3448/.conda/envs/NONAVX2/lib/python3.7/site-packages/Bio/GenBank/Scanner.py:1400: BiopythonParserWarning: Truncated LOCUS line found - is this correct?
:'LOCUS       NC_002516            6264404 bp    dna     circular UNK \n'
  BiopythonParserWarning,
/home/rp3448/.conda/envs/NONAVX2/lib/python3.7/site-packages/Bio/GenBank/__init__.py:762: BiopythonParserWarning: Non-upper case molecule type in LOCUS line: dna
  BiopythonParserWarning,
2021-02-04 19:47:58,512: INFO     Identifying PAM sites in the genome
2021-02-04 19:48:03,749: INFO     Checking guides for restriction enzymes
2021-02-04 19:48:03,786: INFO     Number of guides removed after checking for restriction enzymes: 0
2021-02-04 19:48:03,786: INFO     Identifing guides that are unique near the PAM site
2021-02-04 19:48:03,979: INFO     Number of guides removed after checking for unique PAM: 31221
2021-02-04 19:48:03,979: INFO     Indexing all potential guide sites: 132115. This is the longest step.
2021-02-04 19:48:04,546: INFO     M                   = 16
2021-02-04 19:48:04,546: INFO     indexThreadQty      = 32
2021-02-04 19:48:04,546: INFO     efConstruction      = 10
2021-02-04 19:48:04,547: INFO     maxM			          = 16
2021-02-04 19:48:04,547: INFO     maxM0			          = 32
2021-02-04 19:48:04,547: INFO     mult                = 0.360674
2021-02-04 19:48:04,547: INFO     skip_optimized_index= 0
2021-02-04 19:48:04,547: INFO     delaunay_type       = 2
2021-02-04 19:48:04,547: INFO     Set HNSW query-time parameters:
2021-02-04 19:48:04,547: INFO     ef(Search)         =20
2021-02-04 19:48:04,547: INFO     algoType           =2

0%   10   20   30   40   50   60   70   80   90   100%
|----|----|----|----|----|----|----|----|----|----|
***************************************************

0%   10   20   30   40   50   60   70   80   90   100%
|----|----|----|----|----|----|----|----|----|----|
*******************************************************2021-02-04 19:48:05,202: INFO     No appropriate custom distance function for Hamming (bit-storage) space
2021-02-04 19:48:05,202: INFO     searchMethod			  = 0
2021-02-04 19:48:05,210: INFO     Identifying guides that have a hamming distance <= 3 to all other potential guides
2021-02-04 19:48:05,364: INFO     Set HNSW query-time parameters:
2021-02-04 19:48:05,364: INFO     ef(Search)         =9
2021-02-04 19:48:05,364: INFO     algoType           =2
2021-02-04 19:48:09,978: INFO     Formatting data for BedTools
2021-02-04 19:48:10,166: INFO     Create GuideMaker Annotation object
2021-02-04 19:48:10,166: INFO     Identify genomic features
2021-02-04 19:48:10,166: INFO     check if ../all_test_data/Pseudomonas_aeruginosa_PAO1_107.gbk is gzipped
2021-02-04 19:48:11,200: INFO     Total number of CDS/locus in the input genome: 5584
2021-02-04 19:48:11,200: INFO     Find genomic features closest the guides
2021-02-04 19:48:12,627: INFO     Select guides that start between +500 and -500 of a feature start
2021-02-04 19:48:12,783: INFO     Select description columns
2021-02-04 19:48:12,830: INFO     Format the output
2021-02-04 19:48:13,588: INFO     Number of Guides within a gene coordinates i.e. zero Feature distance: 41575
2021-02-04 19:48:14,481: INFO     creating random control guides
2021-02-04 19:48:14,581: INFO     Number of random control searched: 100
2021-02-04 19:48:14,581: INFO     Percentage of GC content in the input genome: 66.56
2021-02-04 19:48:14,581: INFO     Total length of the genome: 6.0 MB
2021-02-04 19:48:14,581: INFO     created 10 control guides with a minimum distance of 7 and a median distance of 8
2021-02-04 19:48:14,584: INFO     guidemaker completed, results are at TEST
2021-02-04 19:48:14,584: INFO     PAM sequence: NGRRT
2021-02-04 19:48:14,584: INFO     PAM orientation: 3prime
2021-02-04 19:48:14,584: INFO     Genome strand(s) searched: both
2021-02-04 19:48:14,584: INFO     Total PAM sites considered: 132115
2021-02-04 19:48:14,584: INFO     Guide RNA candidates found: 73778
	Command being timed: "guidemaker -i ../all_test_data/Pseudomonas_aeruginosa_PAO1_107.gbk --pamseq NGRRT --outdir TEST --pam_orientation 3prime --guidelength 20 --strand both --lcp 11 --dist 3 --before 500 --into 500 --knum 10 --controls 10 --log GM_63831031_6.log --threads 32"
	User time (seconds): 37.63
	System time (seconds): 4.32
	Percent of CPU this job got: 229%
	Elapsed (wall clock) time (h:mm:ss or m:ss): 0:18.25
	Average shared text size (kbytes): 0
	Average unshared data size (kbytes): 0
	Average stack size (kbytes): 0
	Average total size (kbytes): 0
	Maximum resident set size (kbytes): 580152
	Average resident set size (kbytes): 0
	Major (requiring I/O) page faults: 0
	Minor (reclaiming a frame) page faults: 532636
	Voluntary context switches: 208630
	Involuntary context switches: 714409
	Swaps: 0
	File system inputs: 0
	File system outputs: 174536
	Socket messages sent: 0
	Socket messages received: 0
	Signals delivered: 0
	Page size (bytes): 4096
	Exit status: 0
