Thu Feb  4 18:58:27 EST 2021
c22b-s21.ufhpc
/blue/garrett/rp3448/analysis/guidemaker/nonAVXGuidemaker

     active environment : NONAVX2
    active env location : /home/rp3448/.conda/envs/NONAVX2
            shell level : 3
       user config file : /home/rp3448/.condarc
 populated config files : /home/rp3448/.condarc
          conda version : 4.9.2
    conda-build version : not installed
         python version : 3.9.1.final.0
       virtual packages : __glibc=2.17=0
                          __unix=0=0
                          __archspec=1=x86_64
       base environment : /apps/conda/4.9.2  (read only)
           channel URLs : https://conda.anaconda.org/biobakery/linux-64
                          https://conda.anaconda.org/biobakery/noarch
                          https://conda.anaconda.org/conda-forge/linux-64
                          https://conda.anaconda.org/conda-forge/noarch
                          https://conda.anaconda.org/bioconda/linux-64
                          https://conda.anaconda.org/bioconda/noarch
                          https://repo.anaconda.com/pkgs/main/linux-64
                          https://repo.anaconda.com/pkgs/main/noarch
                          https://repo.anaconda.com/pkgs/r/linux-64
                          https://repo.anaconda.com/pkgs/r/noarch
          package cache : /apps/conda/4.9.2/pkgs
                          /home/rp3448/.conda/pkgs
       envs directories : /home/rp3448/.conda/envs
                          /apps/conda/4.9.2/envs
               platform : linux-64
             user-agent : conda/4.9.2 requests/2.25.1 CPython/3.9.1 Linux/3.10.0-1062.18.1.el7.x86_64 rhel/7.7 glibc/2.17
                UID:GID : 6472:3511
             netrc file : None
           offline mode : False

My SLURM_ARRAY_TASK_ID:  1
My TMPDIR IS:  /scratch/local/63829308
Input Genome:>>>>>>>>>>>>>>>>>>>>>>>>>>>>>>>>>>>>>>>>>>>  Aspergillus_fumigatus.gbk
Input PAM:>>>>>>>>>>>>>>>>>>>>>>>>>>>>>>>>>>>>>>>>>>>  NGG
Threads used:>>>>>>>>>>>>>>>>>>>>>>>>>>>>>>>>>>>>>>>>>>>  1
GuideMaker
Your CPU supports instructions that this binary was not compiled to use: SSE4.1 SSE4.2 AVX AVX2
For maximum performance, you can install NMSLIB from sources 
pip install --no-binary :all: nmslib
2021-02-04 18:58:31,987: INFO     Temp directory is: /scratch/local/63829308/guidemaker_x7q9wuuv
2021-02-04 18:58:31,988: INFO     Writing fasta file from genbank file(s)
2021-02-04 18:58:31,988: INFO     check if ../all_test_data/Aspergillus_fumigatus.gbk is gzipped
2021-02-04 18:58:35,103: INFO     Identifying PAM sites in the genome
2021-02-04 19:00:03,430: INFO     Checking guides for restriction enzymes
2021-02-04 19:00:04,418: INFO     Number of guides removed after checking for restriction enzymes: 0
2021-02-04 19:00:04,418: INFO     Identifing guides that are unique near the PAM site
2021-02-04 19:00:12,659: INFO     Number of guides removed after checking for unique PAM: 2195823
2021-02-04 19:00:12,659: INFO     Indexing all potential guide sites: 3499847. This is the longest step.
2021-02-04 19:00:28,381: INFO     M                   = 16
2021-02-04 19:00:28,381: INFO     indexThreadQty      = 1
2021-02-04 19:00:28,381: INFO     efConstruction      = 10
2021-02-04 19:00:28,381: INFO     maxM			          = 16
2021-02-04 19:00:28,381: INFO     maxM0			          = 32
2021-02-04 19:00:28,381: INFO     mult                = 0.360674
2021-02-04 19:00:28,381: INFO     skip_optimized_index= 0
2021-02-04 19:00:28,381: INFO     delaunay_type       = 2
2021-02-04 19:00:28,382: INFO     Set HNSW query-time parameters:
2021-02-04 19:00:28,382: INFO     ef(Search)         =20
2021-02-04 19:00:28,382: INFO     algoType           =2

0%   10   20   30   40   50   60   70   80   90   100%
|----|----|----|----|----|----|----|----|----|----|
***************************************************

0%   10   20   30   40   50   60   70   80   90   100%
|----|----|----|----|----|----|----|----|----|----|
***************************************************
*2021-02-04 19:08:00,958: INFO     No appropriate custom distance function for Hamming (bit-storage) space
2021-02-04 19:08:01,422: INFO     searchMethod			  = 0
2021-02-04 19:08:01,702: INFO     Identifying guides that have a hamming distance <= 3 to all other potential guides
2021-02-04 19:08:03,923: INFO     Set HNSW query-time parameters:
2021-02-04 19:08:03,924: INFO     ef(Search)         =9
2021-02-04 19:08:03,924: INFO     algoType           =2
2021-02-04 19:10:44,034: INFO     Formatting data for BedTools
2021-02-04 19:10:47,155: INFO     Create GuideMaker Annotation object
2021-02-04 19:10:47,156: INFO     Identify genomic features
2021-02-04 19:10:47,156: INFO     check if ../all_test_data/Aspergillus_fumigatus.gbk is gzipped
2021-02-04 19:10:50,088: INFO     Total number of CDS/locus in the input genome: 9630
2021-02-04 19:10:50,088: INFO     Find genomic features closest the guides
2021-02-04 19:11:09,211: INFO     Select guides that start between +500 and -500 of a feature start
2021-02-04 19:11:10,431: INFO     Select description columns
2021-02-04 19:11:10,539: INFO     Format the output
2021-02-04 19:11:17,192: INFO     Number of Guides within a gene coordinates i.e. zero Feature distance: 231795
2021-02-04 19:11:21,517: INFO     creating random control guides
2021-02-04 19:11:21,921: INFO     Number of random control searched: 100
2021-02-04 19:11:21,921: INFO     Percentage of GC content in the input genome: 48.82
2021-02-04 19:11:21,921: INFO     Total length of the genome: 28.0 MB
2021-02-04 19:11:21,921: INFO     created 10 control guides with a minimum distance of 7 and a median distance of 7
2021-02-04 19:11:21,924: INFO     guidemaker completed, results are at TEST
2021-02-04 19:11:21,924: INFO     PAM sequence: NGG
2021-02-04 19:11:21,924: INFO     PAM orientation: 3prime
2021-02-04 19:11:21,924: INFO     Genome strand(s) searched: both
2021-02-04 19:11:21,924: INFO     Total PAM sites considered: 3499847
2021-02-04 19:11:21,924: INFO     Guide RNA candidates found: 435702
	Command being timed: "guidemaker -i ../all_test_data/Aspergillus_fumigatus.gbk --pamseq NGG --outdir TEST --pam_orientation 3prime --guidelength 20 --strand both --lcp 11 --dist 3 --before 500 --into 500 --knum 10 --controls 10 --log GM_63829308_1.log --threads 1"
	User time (seconds): 763.46
	System time (seconds): 17.10
	Percent of CPU this job got: 100%
	Elapsed (wall clock) time (h:mm:ss or m:ss): 12:59.76
	Average shared text size (kbytes): 0
	Average unshared data size (kbytes): 0
	Average stack size (kbytes): 0
	Average total size (kbytes): 0
	Maximum resident set size (kbytes): 8267008
	Average resident set size (kbytes): 0
	Major (requiring I/O) page faults: 0
	Minor (reclaiming a frame) page faults: 15255257
	Voluntary context switches: 3297
	Involuntary context switches: 432094
	Swaps: 0
	File system inputs: 24
	File system outputs: 1338424
	Socket messages sent: 0
	Socket messages received: 0
	Signals delivered: 0
	Page size (bytes): 4096
	Exit status: 0
My SLURM_ARRAY_TASK_ID:  1
My TMPDIR IS:  /scratch/local/63829308
Input Genome:>>>>>>>>>>>>>>>>>>>>>>>>>>>>>>>>>>>>>>>>>>>  Aspergillus_fumigatus.gbk
Input PAM:>>>>>>>>>>>>>>>>>>>>>>>>>>>>>>>>>>>>>>>>>>>  NGG
Threads used:>>>>>>>>>>>>>>>>>>>>>>>>>>>>>>>>>>>>>>>>>>>  2
GuideMaker
Your CPU supports instructions that this binary was not compiled to use: SSE4.1 SSE4.2 AVX AVX2
For maximum performance, you can install NMSLIB from sources 
pip install --no-binary :all: nmslib
2021-02-04 19:11:31,746: INFO     Temp directory is: /scratch/local/63829308/guidemaker_pa61xrkb
2021-02-04 19:11:31,746: INFO     Writing fasta file from genbank file(s)
2021-02-04 19:11:31,746: INFO     check if ../all_test_data/Aspergillus_fumigatus.gbk is gzipped
2021-02-04 19:11:34,917: INFO     Identifying PAM sites in the genome
2021-02-04 19:13:03,949: INFO     Checking guides for restriction enzymes
2021-02-04 19:13:04,929: INFO     Number of guides removed after checking for restriction enzymes: 0
2021-02-04 19:13:04,929: INFO     Identifing guides that are unique near the PAM site
2021-02-04 19:13:13,325: INFO     Number of guides removed after checking for unique PAM: 2195823
2021-02-04 19:13:13,325: INFO     Indexing all potential guide sites: 3499847. This is the longest step.
2021-02-04 19:13:28,734: INFO     M                   = 16
2021-02-04 19:13:28,734: INFO     indexThreadQty      = 2
2021-02-04 19:13:28,734: INFO     efConstruction      = 10
2021-02-04 19:13:28,734: INFO     maxM			          = 16
2021-02-04 19:13:28,734: INFO     maxM0			          = 32
2021-02-04 19:13:28,734: INFO     mult                = 0.360674
2021-02-04 19:13:28,734: INFO     skip_optimized_index= 0
2021-02-04 19:13:28,734: INFO     delaunay_type       = 2
2021-02-04 19:13:28,735: INFO     Set HNSW query-time parameters:
2021-02-04 19:13:28,735: INFO     ef(Search)         =20
2021-02-04 19:13:28,735: INFO     algoType           =2

0%   10   20   30   40   50   60   70   80   90   100%
|----|----|----|----|----|----|----|----|----|----|
***************************************************

0%   10   20   30   40   50   60   70   80   90   100%
|----|----|----|----|----|----|----|----|----|----|
****************************************************2021-02-04 19:18:12,659: INFO     No appropriate custom distance function for Hamming (bit-storage) space
2021-02-04 19:18:12,660: INFO     searchMethod			  = 0
2021-02-04 19:18:12,976: INFO     Identifying guides that have a hamming distance <= 3 to all other potential guides
2021-02-04 19:18:15,513: INFO     Set HNSW query-time parameters:
2021-02-04 19:18:15,513: INFO     ef(Search)         =9
2021-02-04 19:18:15,514: INFO     algoType           =2
2021-02-04 19:20:24,451: INFO     Formatting data for BedTools
2021-02-04 19:20:27,528: INFO     Create GuideMaker Annotation object
2021-02-04 19:20:27,528: INFO     Identify genomic features
2021-02-04 19:20:27,529: INFO     check if ../all_test_data/Aspergillus_fumigatus.gbk is gzipped
2021-02-04 19:20:30,545: INFO     Total number of CDS/locus in the input genome: 9630
2021-02-04 19:20:30,545: INFO     Find genomic features closest the guides
2021-02-04 19:20:50,615: INFO     Select guides that start between +500 and -500 of a feature start
2021-02-04 19:20:51,825: INFO     Select description columns
2021-02-04 19:20:51,932: INFO     Format the output
2021-02-04 19:20:57,673: INFO     Number of Guides within a gene coordinates i.e. zero Feature distance: 231822
2021-02-04 19:21:02,052: INFO     creating random control guides
2021-02-04 19:21:02,904: INFO     Number of random control searched: 100
2021-02-04 19:21:02,904: INFO     Percentage of GC content in the input genome: 48.82
2021-02-04 19:21:02,904: INFO     Total length of the genome: 28.0 MB
2021-02-04 19:21:02,904: INFO     created 10 control guides with a minimum distance of 7 and a median distance of 7
2021-02-04 19:21:02,907: INFO     guidemaker completed, results are at TEST
2021-02-04 19:21:02,907: INFO     PAM sequence: NGG
2021-02-04 19:21:02,907: INFO     PAM orientation: 3prime
2021-02-04 19:21:02,907: INFO     Genome strand(s) searched: both
2021-02-04 19:21:02,907: INFO     Total PAM sites considered: 3499847
2021-02-04 19:21:02,908: INFO     Guide RNA candidates found: 435726
	Command being timed: "guidemaker -i ../all_test_data/Aspergillus_fumigatus.gbk --pamseq NGG --outdir TEST --pam_orientation 3prime --guidelength 20 --strand both --lcp 11 --dist 3 --before 500 --into 500 --knum 10 --controls 10 --log GM_63829308_1.log --threads 2"
	User time (seconds): 862.17
	System time (seconds): 63.46
	Percent of CPU this job got: 159%
	Elapsed (wall clock) time (h:mm:ss or m:ss): 9:41.10
	Average shared text size (kbytes): 0
	Average unshared data size (kbytes): 0
	Average stack size (kbytes): 0
	Average total size (kbytes): 0
	Maximum resident set size (kbytes): 9122116
	Average resident set size (kbytes): 0
	Major (requiring I/O) page faults: 0
	Minor (reclaiming a frame) page faults: 38324468
	Voluntary context switches: 315437
	Involuntary context switches: 146874
	Swaps: 0
	File system inputs: 24
	File system outputs: 1338440
	Socket messages sent: 0
	Socket messages received: 0
	Signals delivered: 0
	Page size (bytes): 4096
	Exit status: 0
My SLURM_ARRAY_TASK_ID:  1
My TMPDIR IS:  /scratch/local/63829308
Input Genome:>>>>>>>>>>>>>>>>>>>>>>>>>>>>>>>>>>>>>>>>>>>  Aspergillus_fumigatus.gbk
Input PAM:>>>>>>>>>>>>>>>>>>>>>>>>>>>>>>>>>>>>>>>>>>>  NGG
Threads used:>>>>>>>>>>>>>>>>>>>>>>>>>>>>>>>>>>>>>>>>>>>  4
GuideMaker
Your CPU supports instructions that this binary was not compiled to use: SSE4.1 SSE4.2 AVX AVX2
For maximum performance, you can install NMSLIB from sources 
pip install --no-binary :all: nmslib
2021-02-04 19:21:12,898: INFO     Temp directory is: /scratch/local/63829308/guidemaker_c4a9tpmv
2021-02-04 19:21:12,899: INFO     Writing fasta file from genbank file(s)
2021-02-04 19:21:12,899: INFO     check if ../all_test_data/Aspergillus_fumigatus.gbk is gzipped
2021-02-04 19:21:16,066: INFO     Identifying PAM sites in the genome
2021-02-04 19:22:43,179: INFO     Checking guides for restriction enzymes
2021-02-04 19:22:44,165: INFO     Number of guides removed after checking for restriction enzymes: 0
2021-02-04 19:22:44,166: INFO     Identifing guides that are unique near the PAM site
2021-02-04 19:22:52,925: INFO     Number of guides removed after checking for unique PAM: 2195823
2021-02-04 19:22:52,925: INFO     Indexing all potential guide sites: 3499847. This is the longest step.
2021-02-04 19:23:08,211: INFO     M                   = 16
2021-02-04 19:23:08,211: INFO     indexThreadQty      = 4
2021-02-04 19:23:08,211: INFO     efConstruction      = 10
2021-02-04 19:23:08,211: INFO     maxM			          = 16
2021-02-04 19:23:08,211: INFO     maxM0			          = 32
2021-02-04 19:23:08,211: INFO     mult                = 0.360674
2021-02-04 19:23:08,211: INFO     skip_optimized_index= 0
2021-02-04 19:23:08,211: INFO     delaunay_type       = 2
2021-02-04 19:23:08,211: INFO     Set HNSW query-time parameters:
2021-02-04 19:23:08,212: INFO     ef(Search)         =20
2021-02-04 19:23:08,212: INFO     algoType           =2

0%   10   20   30   40   50   60   70   80   90   100%
|----|----|----|----|----|----|----|----|----|----|
***************************************************

0%   10   20   30   40   50   60   70   80   90   100%
|----|----|----|----|----|----|----|----|----|----|
****************************************************2021-02-04 19:25:39,926: INFO     No appropriate custom distance function for Hamming (bit-storage) space
2021-02-04 19:25:39,926: INFO     searchMethod			  = 0
2021-02-04 19:25:40,214: INFO     Identifying guides that have a hamming distance <= 3 to all other potential guides
2021-02-04 19:25:42,365: INFO     Set HNSW query-time parameters:
2021-02-04 19:25:42,365: INFO     ef(Search)         =9
2021-02-04 19:25:42,366: INFO     algoType           =2
2021-02-04 19:27:24,576: INFO     Formatting data for BedTools
2021-02-04 19:27:27,989: INFO     Create GuideMaker Annotation object
2021-02-04 19:27:27,989: INFO     Identify genomic features
2021-02-04 19:27:27,990: INFO     check if ../all_test_data/Aspergillus_fumigatus.gbk is gzipped
2021-02-04 19:27:31,140: INFO     Total number of CDS/locus in the input genome: 9630
2021-02-04 19:27:31,140: INFO     Find genomic features closest the guides
2021-02-04 19:27:51,331: INFO     Select guides that start between +500 and -500 of a feature start
2021-02-04 19:27:52,739: INFO     Select description columns
2021-02-04 19:27:52,846: INFO     Format the output
2021-02-04 19:27:58,247: INFO     Number of Guides within a gene coordinates i.e. zero Feature distance: 231781
2021-02-04 19:28:02,660: INFO     creating random control guides
2021-02-04 19:28:03,371: INFO     Number of random control searched: 100
2021-02-04 19:28:03,371: INFO     Percentage of GC content in the input genome: 48.82
2021-02-04 19:28:03,371: INFO     Total length of the genome: 28.0 MB
2021-02-04 19:28:03,371: INFO     created 10 control guides with a minimum distance of 7 and a median distance of 7
2021-02-04 19:28:03,374: INFO     guidemaker completed, results are at TEST
2021-02-04 19:28:03,374: INFO     PAM sequence: NGG
2021-02-04 19:28:03,374: INFO     PAM orientation: 3prime
2021-02-04 19:28:03,374: INFO     Genome strand(s) searched: both
2021-02-04 19:28:03,374: INFO     Total PAM sites considered: 3499847
2021-02-04 19:28:03,374: INFO     Guide RNA candidates found: 435671
	Command being timed: "guidemaker -i ../all_test_data/Aspergillus_fumigatus.gbk --pamseq NGG --outdir TEST --pam_orientation 3prime --guidelength 20 --strand both --lcp 11 --dist 3 --before 500 --into 500 --knum 10 --controls 10 --log GM_63829308_1.log --threads 4"
	User time (seconds): 895.18
	System time (seconds): 59.08
	Percent of CPU this job got: 227%
	Elapsed (wall clock) time (h:mm:ss or m:ss): 6:59.68
	Average shared text size (kbytes): 0
	Average unshared data size (kbytes): 0
	Average stack size (kbytes): 0
	Average total size (kbytes): 0
	Maximum resident set size (kbytes): 9136692
	Average resident set size (kbytes): 0
	Major (requiring I/O) page faults: 0
	Minor (reclaiming a frame) page faults: 34983468
	Voluntary context switches: 644558
	Involuntary context switches: 653237
	Swaps: 0
	File system inputs: 2040
	File system outputs: 1338304
	Socket messages sent: 0
	Socket messages received: 0
	Signals delivered: 0
	Page size (bytes): 4096
	Exit status: 0
My SLURM_ARRAY_TASK_ID:  1
My TMPDIR IS:  /scratch/local/63829308
Input Genome:>>>>>>>>>>>>>>>>>>>>>>>>>>>>>>>>>>>>>>>>>>>  Aspergillus_fumigatus.gbk
Input PAM:>>>>>>>>>>>>>>>>>>>>>>>>>>>>>>>>>>>>>>>>>>>  NGG
Threads used:>>>>>>>>>>>>>>>>>>>>>>>>>>>>>>>>>>>>>>>>>>>  8
GuideMaker
Your CPU supports instructions that this binary was not compiled to use: SSE4.1 SSE4.2 AVX AVX2
For maximum performance, you can install NMSLIB from sources 
pip install --no-binary :all: nmslib
2021-02-04 19:28:12,593: INFO     Temp directory is: /scratch/local/63829308/guidemaker_r9h3bu5n
2021-02-04 19:28:12,593: INFO     Writing fasta file from genbank file(s)
2021-02-04 19:28:12,594: INFO     check if ../all_test_data/Aspergillus_fumigatus.gbk is gzipped
2021-02-04 19:28:16,199: INFO     Identifying PAM sites in the genome
2021-02-04 19:29:51,580: INFO     Checking guides for restriction enzymes
2021-02-04 19:29:52,555: INFO     Number of guides removed after checking for restriction enzymes: 0
2021-02-04 19:29:52,556: INFO     Identifing guides that are unique near the PAM site
2021-02-04 19:30:00,748: INFO     Number of guides removed after checking for unique PAM: 2195823
2021-02-04 19:30:00,748: INFO     Indexing all potential guide sites: 3499847. This is the longest step.
2021-02-04 19:30:15,552: INFO     M                   = 16
2021-02-04 19:30:15,552: INFO     indexThreadQty      = 8
2021-02-04 19:30:15,552: INFO     efConstruction      = 10
2021-02-04 19:30:15,552: INFO     maxM			          = 16
2021-02-04 19:30:15,553: INFO     maxM0			          = 32
2021-02-04 19:30:15,553: INFO     mult                = 0.360674
2021-02-04 19:30:15,553: INFO     skip_optimized_index= 0
2021-02-04 19:30:15,553: INFO     delaunay_type       = 2
2021-02-04 19:30:15,553: INFO     Set HNSW query-time parameters:
2021-02-04 19:30:15,553: INFO     ef(Search)         =20
2021-02-04 19:30:15,553: INFO     algoType           =2

0%   10   20   30   40   50   60   70   80   90   100%
|----|----|----|----|----|----|----|----|----|----|
***************************************************

0%   10   20   30   40   50   60   70   80   90   100%
|----|----|----|----|----|----|----|----|----|----|
*******************************************************2021-02-04 19:31:37,732: INFO     No appropriate custom distance function for Hamming (bit-storage) space
2021-02-04 19:31:37,732: INFO     searchMethod			  = 0
2021-02-04 19:31:38,030: INFO     Identifying guides that have a hamming distance <= 3 to all other potential guides
2021-02-04 19:31:40,321: INFO     Set HNSW query-time parameters:
2021-02-04 19:31:40,321: INFO     ef(Search)         =9
2021-02-04 19:31:40,321: INFO     algoType           =2
2021-02-04 19:33:03,614: INFO     Formatting data for BedTools
2021-02-04 19:33:06,570: INFO     Create GuideMaker Annotation object
2021-02-04 19:33:06,570: INFO     Identify genomic features
2021-02-04 19:33:06,570: INFO     check if ../all_test_data/Aspergillus_fumigatus.gbk is gzipped
2021-02-04 19:33:09,549: INFO     Total number of CDS/locus in the input genome: 9630
2021-02-04 19:33:09,550: INFO     Find genomic features closest the guides
2021-02-04 19:33:29,925: INFO     Select guides that start between +500 and -500 of a feature start
2021-02-04 19:33:31,186: INFO     Select description columns
2021-02-04 19:33:31,295: INFO     Format the output
2021-02-04 19:33:37,414: INFO     Number of Guides within a gene coordinates i.e. zero Feature distance: 231834
2021-02-04 19:33:41,870: INFO     creating random control guides
2021-02-04 19:33:42,468: INFO     Number of random control searched: 100
2021-02-04 19:33:42,468: INFO     Percentage of GC content in the input genome: 48.82
2021-02-04 19:33:42,468: INFO     Total length of the genome: 28.0 MB
2021-02-04 19:33:42,468: INFO     created 10 control guides with a minimum distance of 7 and a median distance of 7
2021-02-04 19:33:42,471: INFO     guidemaker completed, results are at TEST
2021-02-04 19:33:42,471: INFO     PAM sequence: NGG
2021-02-04 19:33:42,471: INFO     PAM orientation: 3prime
2021-02-04 19:33:42,471: INFO     Genome strand(s) searched: both
2021-02-04 19:33:42,471: INFO     Total PAM sites considered: 3499847
2021-02-04 19:33:42,472: INFO     Guide RNA candidates found: 435745
	Command being timed: "guidemaker -i ../all_test_data/Aspergillus_fumigatus.gbk --pamseq NGG --outdir TEST --pam_orientation 3prime --guidelength 20 --strand both --lcp 11 --dist 3 --before 500 --into 500 --knum 10 --controls 10 --log GM_63829308_1.log --threads 8"
	User time (seconds): 948.77
	System time (seconds): 51.89
	Percent of CPU this job got: 294%
	Elapsed (wall clock) time (h:mm:ss or m:ss): 5:40.07
	Average shared text size (kbytes): 0
	Average unshared data size (kbytes): 0
	Average stack size (kbytes): 0
	Average total size (kbytes): 0
	Maximum resident set size (kbytes): 9112808
	Average resident set size (kbytes): 0
	Major (requiring I/O) page faults: 0
	Minor (reclaiming a frame) page faults: 26750666
	Voluntary context switches: 1100278
	Involuntary context switches: 1238
	Swaps: 0
	File system inputs: 520
	File system outputs: 1338416
	Socket messages sent: 0
	Socket messages received: 0
	Signals delivered: 0
	Page size (bytes): 4096
	Exit status: 0
My SLURM_ARRAY_TASK_ID:  1
My TMPDIR IS:  /scratch/local/63829308
Input Genome:>>>>>>>>>>>>>>>>>>>>>>>>>>>>>>>>>>>>>>>>>>>  Aspergillus_fumigatus.gbk
Input PAM:>>>>>>>>>>>>>>>>>>>>>>>>>>>>>>>>>>>>>>>>>>>  NGG
Threads used:>>>>>>>>>>>>>>>>>>>>>>>>>>>>>>>>>>>>>>>>>>>  16
GuideMaker
Your CPU supports instructions that this binary was not compiled to use: SSE4.1 SSE4.2 AVX AVX2
For maximum performance, you can install NMSLIB from sources 
pip install --no-binary :all: nmslib
2021-02-04 19:33:52,731: INFO     Temp directory is: /scratch/local/63829308/guidemaker_zk47rc8y
2021-02-04 19:33:52,731: INFO     Writing fasta file from genbank file(s)
2021-02-04 19:33:52,732: INFO     check if ../all_test_data/Aspergillus_fumigatus.gbk is gzipped
2021-02-04 19:33:55,841: INFO     Identifying PAM sites in the genome
2021-02-04 19:35:26,537: INFO     Checking guides for restriction enzymes
2021-02-04 19:35:27,570: INFO     Number of guides removed after checking for restriction enzymes: 0
2021-02-04 19:35:27,571: INFO     Identifing guides that are unique near the PAM site
2021-02-04 19:35:35,765: INFO     Number of guides removed after checking for unique PAM: 2195823
2021-02-04 19:35:35,765: INFO     Indexing all potential guide sites: 3499847. This is the longest step.
2021-02-04 19:35:51,139: INFO     M                   = 16
2021-02-04 19:35:51,139: INFO     indexThreadQty      = 16
2021-02-04 19:35:51,139: INFO     efConstruction      = 10
2021-02-04 19:35:51,139: INFO     maxM			          = 16
2021-02-04 19:35:51,139: INFO     maxM0			          = 32
2021-02-04 19:35:51,140: INFO     mult                = 0.360674
2021-02-04 19:35:51,140: INFO     skip_optimized_index= 0
2021-02-04 19:35:51,140: INFO     delaunay_type       = 2
2021-02-04 19:35:51,140: INFO     Set HNSW query-time parameters:
2021-02-04 19:35:51,140: INFO     ef(Search)         =20
2021-02-04 19:35:51,140: INFO     algoType           =2

0%   10   20   30   40   50   60   70   80   90   100%
|----|----|----|----|----|----|----|----|----|----|
***************************************************

0%   10   20   30   40   50   60   70   80   90   100%
|----|----|----|----|----|----|----|----|----|----|
****************************************************


2021-02-04 19:36:37,227: INFO     No appropriate custom distance function for Hamming (bit-storage) space
2021-02-04 19:36:37,228: INFO     searchMethod			  = 0
2021-02-04 19:36:37,513: INFO     Identifying guides that have a hamming distance <= 3 to all other potential guides
2021-02-04 19:36:39,627: INFO     Set HNSW query-time parameters:
2021-02-04 19:36:39,628: INFO     ef(Search)         =9
2021-02-04 19:36:39,628: INFO     algoType           =2
2021-02-04 19:37:57,715: INFO     Formatting data for BedTools
2021-02-04 19:38:00,650: INFO     Create GuideMaker Annotation object
2021-02-04 19:38:00,650: INFO     Identify genomic features
2021-02-04 19:38:00,651: INFO     check if ../all_test_data/Aspergillus_fumigatus.gbk is gzipped
2021-02-04 19:38:03,606: INFO     Total number of CDS/locus in the input genome: 9630
2021-02-04 19:38:03,606: INFO     Find genomic features closest the guides
2021-02-04 19:38:23,128: INFO     Select guides that start between +500 and -500 of a feature start
2021-02-04 19:38:24,592: INFO     Select description columns
2021-02-04 19:38:24,705: INFO     Format the output
2021-02-04 19:38:31,208: INFO     Number of Guides within a gene coordinates i.e. zero Feature distance: 231783
2021-02-04 19:38:35,589: INFO     creating random control guides
2021-02-04 19:38:36,301: INFO     Number of random control searched: 100
2021-02-04 19:38:36,301: INFO     Percentage of GC content in the input genome: 48.82
2021-02-04 19:38:36,301: INFO     Total length of the genome: 28.0 MB
2021-02-04 19:38:36,302: INFO     created 10 control guides with a minimum distance of 7 and a median distance of 7
2021-02-04 19:38:36,304: INFO     guidemaker completed, results are at TEST
2021-02-04 19:38:36,305: INFO     PAM sequence: NGG
2021-02-04 19:38:36,305: INFO     PAM orientation: 3prime
2021-02-04 19:38:36,305: INFO     Genome strand(s) searched: both
2021-02-04 19:38:36,305: INFO     Total PAM sites considered: 3499847
2021-02-04 19:38:36,305: INFO     Guide RNA candidates found: 435659
	Command being timed: "guidemaker -i ../all_test_data/Aspergillus_fumigatus.gbk --pamseq NGG --outdir TEST --pam_orientation 3prime --guidelength 20 --strand both --lcp 11 --dist 3 --before 500 --into 500 --knum 10 --controls 10 --log GM_63829308_1.log --threads 16"
	User time (seconds): 998.53
	System time (seconds): 64.67
	Percent of CPU this job got: 361%
	Elapsed (wall clock) time (h:mm:ss or m:ss): 4:53.85
	Average shared text size (kbytes): 0
	Average unshared data size (kbytes): 0
	Average stack size (kbytes): 0
	Average total size (kbytes): 0
	Maximum resident set size (kbytes): 9160980
	Average resident set size (kbytes): 0
	Major (requiring I/O) page faults: 0
	Minor (reclaiming a frame) page faults: 21005355
	Voluntary context switches: 2154546
	Involuntary context switches: 540299
	Swaps: 0
	File system inputs: 32
	File system outputs: 1338176
	Socket messages sent: 0
	Socket messages received: 0
	Signals delivered: 0
	Page size (bytes): 4096
	Exit status: 0
My SLURM_ARRAY_TASK_ID:  1
My TMPDIR IS:  /scratch/local/63829308
Input Genome:>>>>>>>>>>>>>>>>>>>>>>>>>>>>>>>>>>>>>>>>>>>  Aspergillus_fumigatus.gbk
Input PAM:>>>>>>>>>>>>>>>>>>>>>>>>>>>>>>>>>>>>>>>>>>>  NGG
Threads used:>>>>>>>>>>>>>>>>>>>>>>>>>>>>>>>>>>>>>>>>>>>  32
GuideMaker
Your CPU supports instructions that this binary was not compiled to use: SSE4.1 SSE4.2 AVX AVX2
For maximum performance, you can install NMSLIB from sources 
pip install --no-binary :all: nmslib
2021-02-04 19:38:46,552: INFO     Temp directory is: /scratch/local/63829308/guidemaker_d6s22ot9
2021-02-04 19:38:46,552: INFO     Writing fasta file from genbank file(s)
2021-02-04 19:38:46,553: INFO     check if ../all_test_data/Aspergillus_fumigatus.gbk is gzipped
2021-02-04 19:38:49,686: INFO     Identifying PAM sites in the genome
2021-02-04 19:40:15,634: INFO     Checking guides for restriction enzymes
2021-02-04 19:40:16,639: INFO     Number of guides removed after checking for restriction enzymes: 0
2021-02-04 19:40:16,639: INFO     Identifing guides that are unique near the PAM site
2021-02-04 19:40:24,799: INFO     Number of guides removed after checking for unique PAM: 2195823
2021-02-04 19:40:24,799: INFO     Indexing all potential guide sites: 3499847. This is the longest step.
2021-02-04 19:40:39,551: INFO     M                   = 16
2021-02-04 19:40:39,551: INFO     indexThreadQty      = 32
2021-02-04 19:40:39,551: INFO     efConstruction      = 10
2021-02-04 19:40:39,551: INFO     maxM			          = 16
2021-02-04 19:40:39,552: INFO     maxM0			          = 32
2021-02-04 19:40:39,552: INFO     mult                = 0.360674
2021-02-04 19:40:39,552: INFO     skip_optimized_index= 0
2021-02-04 19:40:39,552: INFO     delaunay_type       = 2
2021-02-04 19:40:39,552: INFO     Set HNSW query-time parameters:
2021-02-04 19:40:39,552: INFO     ef(Search)         =20
2021-02-04 19:40:39,552: INFO     algoType           =2

0%   10   20   30   40   50   60   70   80   90   100%
|----|----|----|----|----|----|----|----|----|----|
***************************************************

0%   10   20   30   40   50   60   70   80   90   100%
|----|----|----|----|----|----|----|----|----|----|
***-*-****************************************************
2021-02-04 19:41:08,662: INFO     No appropriate custom distance function for Hamming (bit-storage) space
2021-02-04 19:41:08,663: INFO     searchMethod			  = 0
2021-02-04 19:41:08,936: INFO     Identifying guides that have a hamming distance <= 3 to all other potential guides
2021-02-04 19:41:10,980: INFO     Set HNSW query-time parameters:
2021-02-04 19:41:10,980: INFO     ef(Search)         =9
2021-02-04 19:41:10,980: INFO     algoType           =2
2021-02-04 19:42:17,631: INFO     Formatting data for BedTools
2021-02-04 19:42:20,548: INFO     Create GuideMaker Annotation object
2021-02-04 19:42:20,548: INFO     Identify genomic features
2021-02-04 19:42:20,548: INFO     check if ../all_test_data/Aspergillus_fumigatus.gbk is gzipped
2021-02-04 19:42:23,451: INFO     Total number of CDS/locus in the input genome: 9630
2021-02-04 19:42:23,451: INFO     Find genomic features closest the guides
2021-02-04 19:42:42,939: INFO     Select guides that start between +500 and -500 of a feature start
2021-02-04 19:42:44,104: INFO     Select description columns
2021-02-04 19:42:44,208: INFO     Format the output
2021-02-04 19:42:49,581: INFO     Number of Guides within a gene coordinates i.e. zero Feature distance: 231777
2021-02-04 19:42:53,960: INFO     creating random control guides
2021-02-04 19:42:54,741: INFO     Number of random control searched: 100
2021-02-04 19:42:54,741: INFO     Percentage of GC content in the input genome: 48.82
2021-02-04 19:42:54,742: INFO     Total length of the genome: 28.0 MB
2021-02-04 19:42:54,742: INFO     created 10 control guides with a minimum distance of 7 and a median distance of 7
2021-02-04 19:42:54,744: INFO     guidemaker completed, results are at TEST
2021-02-04 19:42:54,744: INFO     PAM sequence: NGG
2021-02-04 19:42:54,744: INFO     PAM orientation: 3prime
2021-02-04 19:42:54,745: INFO     Genome strand(s) searched: both
2021-02-04 19:42:54,745: INFO     Total PAM sites considered: 3499847
2021-02-04 19:42:54,745: INFO     Guide RNA candidates found: 435636
	Command being timed: "guidemaker -i ../all_test_data/Aspergillus_fumigatus.gbk --pamseq NGG --outdir TEST --pam_orientation 3prime --guidelength 20 --strand both --lcp 11 --dist 3 --before 500 --into 500 --knum 10 --controls 10 --log GM_63829308_1.log --threads 32"
	User time (seconds): 1050.56
	System time (seconds): 103.53
	Percent of CPU this job got: 448%
	Elapsed (wall clock) time (h:mm:ss or m:ss): 4:17.54
	Average shared text size (kbytes): 0
	Average unshared data size (kbytes): 0
	Average stack size (kbytes): 0
	Average total size (kbytes): 0
	Maximum resident set size (kbytes): 9246636
	Average resident set size (kbytes): 0
	Major (requiring I/O) page faults: 0
	Minor (reclaiming a frame) page faults: 17372308
	Voluntary context switches: 4429935
	Involuntary context switches: 112957
	Swaps: 0
	File system inputs: 896
	File system outputs: 1337928
	Socket messages sent: 0
	Socket messages received: 0
	Signals delivered: 0
	Page size (bytes): 4096
	Exit status: 0
