Sat Aug 29 02:55:47 EDT 2020
c29b-s39.ufhpc
/blue/garrett/rp3448/analysis/guidemaker/nonAVXGuidemaker/GuideMaker

     active environment : nonAVX2
    active env location : /home/rp3448/.conda/envs/nonAVX2
            shell level : 2
       user config file : /home/rp3448/.condarc
 populated config files : /home/rp3448/.condarc
          conda version : 4.8.4
    conda-build version : not installed
         python version : 3.8.3.final.0
       virtual packages : __glibc=2.17
       base environment : /apps/conda/4.8.4  (read only)
           channel URLs : https://conda.anaconda.org/biobakery/linux-64
                          https://conda.anaconda.org/biobakery/noarch
                          https://conda.anaconda.org/conda-forge/linux-64
                          https://conda.anaconda.org/conda-forge/noarch
                          https://conda.anaconda.org/bioconda/linux-64
                          https://conda.anaconda.org/bioconda/noarch
                          https://repo.anaconda.com/pkgs/main/linux-64
                          https://repo.anaconda.com/pkgs/main/noarch
                          https://repo.anaconda.com/pkgs/r/linux-64
                          https://repo.anaconda.com/pkgs/r/noarch
          package cache : /apps/conda/4.8.4/pkgs
                          /home/rp3448/.conda/pkgs
       envs directories : /home/rp3448/.conda/envs
                          /apps/conda/4.8.4/envs
               platform : linux-64
             user-agent : conda/4.8.4 requests/2.24.0 CPython/3.8.3 Linux/3.10.0-1062.18.1.el7.x86_64 rhel/7.7 glibc/2.17
                UID:GID : 6472:3511
             netrc file : None
           offline mode : False

My SLURM_ARRAY_TASK_ID:  9
My TMPDIR IS:  /scratch/local/58005452
Input Genome:>>>>>>>>>>>>>>>>>>>>>>>>>>>>>>>>>>>>>>>>>>>  Aspergillus_fumigatus.gbk
Threads used:>>>>>>>>>>>>>>>>>>>>>>>>>>>>>>>>>>>>>>>>>>>  1
GuideMaker
Your CPU supports instructions that this binary was not compiled to use: SSE4.1 SSE4.2 AVX AVX2
For maximum performance, you can install NMSLIB from sources 
pip install --no-binary :all: nmslib
2020-08-29 02:55:52,722: INFO     Temp directory is: /scratch/local/58005452/guidemaker_3_ci54wv
2020-08-29 02:55:52,723: INFO     Writing fasta file from genbank file(s)
2020-08-29 02:55:52,724: INFO     check if test/test_data/Aspergillus_fumigatus.gbk is gzipped
2020-08-29 02:55:55,975: INFO     Identifying PAM sites in the genome
2020-08-29 02:57:22,058: INFO     Identifing guides that are unique near the PAM site
2020-08-29 02:57:27,078: INFO     Indexing all potential guide sites: 3499744. This is the longest step.
2020-08-29 02:57:42,313: INFO     M                   = 16
2020-08-29 02:57:42,313: INFO     indexThreadQty      = 1
2020-08-29 02:57:42,314: INFO     efConstruction      = 64
2020-08-29 02:57:42,314: INFO     maxM			          = 16
2020-08-29 02:57:42,314: INFO     maxM0			          = 32
2020-08-29 02:57:42,314: INFO     mult                = 0.360674
2020-08-29 02:57:42,314: INFO     skip_optimized_index= 0
2020-08-29 02:57:42,314: INFO     delaunay_type       = 2
2020-08-29 02:57:42,314: INFO     Set HNSW query-time parameters:
2020-08-29 02:57:42,314: INFO     ef(Search)         =20
2020-08-29 02:57:42,314: INFO     algoType           =2

0%   10   20   30   40   50   60   70   80   90   100%
|----|----|----|----|----|----|----|----|----|----|
***************************************************

0%   10   20   30   40   50   60   70   80   90   100%
|----|----|----|----|----|----|----|----|----|----|
***************************************************
*2020-08-29 03:43:44,198: INFO     No appropriate custom distance function for Hamming (bit-storage) space
2020-08-29 03:43:44,962: INFO     searchMethod			  = 0
2020-08-29 03:43:45,238: INFO     Identifying guides that have a hamming distance <= 3 to all other potential guides
2020-08-29 03:43:45,674: INFO     Set HNSW query-time parameters:
2020-08-29 03:43:45,674: INFO     ef(Search)         =256
2020-08-29 03:43:45,674: INFO     algoType           =2
2020-08-29 03:48:20,680: INFO     Formatting data for BedTools
2020-08-29 03:48:21,231: INFO     Create GuideMaker Annotation object
2020-08-29 03:48:21,231: INFO     Identify genomic features
2020-08-29 03:48:21,231: INFO     check if test/test_data/Aspergillus_fumigatus.gbk is gzipped
2020-08-29 03:48:25,657: INFO     Total number of CDS/locus in the input genome: 9630
2020-08-29 03:48:25,657: INFO     Find genomic features closest the guides
2020-08-29 03:48:29,200: INFO     Select guides that start between +100 and -100 of a feature start
2020-08-29 03:48:29,370: INFO     Select description columns
2020-08-29 03:48:29,490: INFO     Format the output
2020-08-29 03:48:29,844: INFO     creating random control guides
2020-08-29 03:51:48,160: INFO     Number of random control searched: 100000
2020-08-29 03:51:48,164: INFO     Percentage of GC content in the input genome: 48.82
2020-08-29 03:51:48,166: INFO     Total length of the genome: 28.0 MB
2020-08-29 03:51:48,167: INFO     created 10 control guides with a minimum distance of 6 and a median distance of 6
2020-08-29 03:51:48,173: INFO     guidemaker completed, results are at TEST
2020-08-29 03:51:48,173: INFO     PAM sequence: NGG
2020-08-29 03:51:48,173: INFO     PAM orientation: 5prime
2020-08-29 03:51:48,173: INFO     Genome strand(s) searched: both
2020-08-29 03:51:48,173: INFO     Total PAM sites considered: 3499744
2020-08-29 03:51:48,173: INFO     Guide RNA candidates found: 11359
	Command being timed: "guidemaker -i test/test_data/Aspergillus_fumigatus.gbk --pamseq NGG --outdir TEST --pam_orientation 5prime --guidelength 20 --strand both --lcp 10 --dist 3 --before 100 --into 100 --knum 10 --controls 10 --log GuideMaker_58005452_9.log --threads 1"
	User time (seconds): 3329.87
	System time (seconds): 36.58
	Percent of CPU this job got: 100%
	Elapsed (wall clock) time (h:mm:ss or m:ss): 56:04.92
	Average shared text size (kbytes): 0
	Average unshared data size (kbytes): 0
	Average stack size (kbytes): 0
	Average total size (kbytes): 0
	Maximum resident set size (kbytes): 7828648
	Average resident set size (kbytes): 0
	Major (requiring I/O) page faults: 122
	Minor (reclaiming a frame) page faults: 43324575
	Voluntary context switches: 3949
	Involuntary context switches: 147084
	Swaps: 0
	File system inputs: 416184
	File system outputs: 191120
	Socket messages sent: 0
	Socket messages received: 0
	Signals delivered: 0
	Page size (bytes): 4096
	Exit status: 0
My SLURM_ARRAY_TASK_ID:  9
My TMPDIR IS:  /scratch/local/58005452
Input Genome:>>>>>>>>>>>>>>>>>>>>>>>>>>>>>>>>>>>>>>>>>>>  Aspergillus_fumigatus.gbk
Threads used:>>>>>>>>>>>>>>>>>>>>>>>>>>>>>>>>>>>>>>>>>>>  2
GuideMaker
Your CPU supports instructions that this binary was not compiled to use: SSE4.1 SSE4.2 AVX AVX2
For maximum performance, you can install NMSLIB from sources 
pip install --no-binary :all: nmslib
2020-08-29 03:51:56,610: INFO     Temp directory is: /scratch/local/58005452/guidemaker_mrsrp4ae
2020-08-29 03:51:56,610: INFO     Writing fasta file from genbank file(s)
2020-08-29 03:51:56,610: INFO     check if test/test_data/Aspergillus_fumigatus.gbk is gzipped
2020-08-29 03:51:59,727: INFO     Identifying PAM sites in the genome
2020-08-29 03:53:29,132: INFO     Identifing guides that are unique near the PAM site
2020-08-29 03:53:34,077: INFO     Indexing all potential guide sites: 3499744. This is the longest step.
2020-08-29 03:53:48,800: INFO     M                   = 16
2020-08-29 03:53:48,800: INFO     indexThreadQty      = 2
2020-08-29 03:53:48,800: INFO     efConstruction      = 64
2020-08-29 03:53:48,800: INFO     maxM			          = 16
2020-08-29 03:53:48,800: INFO     maxM0			          = 32
2020-08-29 03:53:48,800: INFO     mult                = 0.360674
2020-08-29 03:53:48,801: INFO     skip_optimized_index= 0
2020-08-29 03:53:48,801: INFO     delaunay_type       = 2
2020-08-29 03:53:48,801: INFO     Set HNSW query-time parameters:
2020-08-29 03:53:48,801: INFO     ef(Search)         =20
2020-08-29 03:53:48,801: INFO     algoType           =2

0%   10   20   30   40   50   60   70   80   90   100%
|----|----|----|----|----|----|----|----|----|----|
***************************************************

0%   10   20   30   40   50   60   70   80   90   100%
|----|----|----|----|----|----|----|----|----|----|
****************************************************2020-08-29 04:20:55,762: INFO     No appropriate custom distance function for Hamming (bit-storage) space
2020-08-29 04:20:55,762: INFO     searchMethod			  = 0
2020-08-29 04:20:56,070: INFO     Identifying guides that have a hamming distance <= 3 to all other potential guides
2020-08-29 04:20:56,515: INFO     Set HNSW query-time parameters:
2020-08-29 04:20:56,515: INFO     ef(Search)         =256
2020-08-29 04:20:56,515: INFO     algoType           =2
2020-08-29 04:24:06,502: INFO     Formatting data for BedTools
2020-08-29 04:24:07,003: INFO     Create GuideMaker Annotation object
2020-08-29 04:24:07,003: INFO     Identify genomic features
2020-08-29 04:24:07,003: INFO     check if test/test_data/Aspergillus_fumigatus.gbk is gzipped
2020-08-29 04:24:11,181: INFO     Total number of CDS/locus in the input genome: 9630
2020-08-29 04:24:11,181: INFO     Find genomic features closest the guides
2020-08-29 04:24:14,649: INFO     Select guides that start between +100 and -100 of a feature start
2020-08-29 04:24:14,803: INFO     Select description columns
2020-08-29 04:24:14,906: INFO     Format the output
2020-08-29 04:24:15,203: INFO     creating random control guides
2020-08-29 04:26:13,743: INFO     Number of random control searched: 100000
2020-08-29 04:26:13,743: INFO     Percentage of GC content in the input genome: 48.82
2020-08-29 04:26:13,743: INFO     Total length of the genome: 28.0 MB
2020-08-29 04:26:13,743: INFO     created 10 control guides with a minimum distance of 6 and a median distance of 6
2020-08-29 04:26:13,749: INFO     guidemaker completed, results are at TEST
2020-08-29 04:26:13,749: INFO     PAM sequence: NGG
2020-08-29 04:26:13,749: INFO     PAM orientation: 5prime
2020-08-29 04:26:13,749: INFO     Genome strand(s) searched: both
2020-08-29 04:26:13,749: INFO     Total PAM sites considered: 3499744
2020-08-29 04:26:13,750: INFO     Guide RNA candidates found: 11359
	Command being timed: "guidemaker -i test/test_data/Aspergillus_fumigatus.gbk --pamseq NGG --outdir TEST --pam_orientation 5prime --guidelength 20 --strand both --lcp 10 --dist 3 --before 100 --into 100 --knum 10 --controls 10 --log GuideMaker_58005452_9.log --threads 2"
	User time (seconds): 3801.92
	System time (seconds): 176.53
	Percent of CPU this job got: 192%
	Elapsed (wall clock) time (h:mm:ss or m:ss): 34:24.78
	Average shared text size (kbytes): 0
	Average unshared data size (kbytes): 0
	Average stack size (kbytes): 0
	Average total size (kbytes): 0
	Maximum resident set size (kbytes): 7653008
	Average resident set size (kbytes): 0
	Major (requiring I/O) page faults: 0
	Minor (reclaiming a frame) page faults: 100278120
	Voluntary context switches: 263124
	Involuntary context switches: 300358
	Swaps: 0
	File system inputs: 0
	File system outputs: 191096
	Socket messages sent: 0
	Socket messages received: 0
	Signals delivered: 0
	Page size (bytes): 4096
	Exit status: 0
My SLURM_ARRAY_TASK_ID:  9
My TMPDIR IS:  /scratch/local/58005452
Input Genome:>>>>>>>>>>>>>>>>>>>>>>>>>>>>>>>>>>>>>>>>>>>  Aspergillus_fumigatus.gbk
Threads used:>>>>>>>>>>>>>>>>>>>>>>>>>>>>>>>>>>>>>>>>>>>  4
GuideMaker
Your CPU supports instructions that this binary was not compiled to use: SSE4.1 SSE4.2 AVX AVX2
For maximum performance, you can install NMSLIB from sources 
pip install --no-binary :all: nmslib
2020-08-29 04:26:21,390: INFO     Temp directory is: /scratch/local/58005452/guidemaker_x4vxc1u1
2020-08-29 04:26:21,390: INFO     Writing fasta file from genbank file(s)
2020-08-29 04:26:21,391: INFO     check if test/test_data/Aspergillus_fumigatus.gbk is gzipped
2020-08-29 04:26:24,498: INFO     Identifying PAM sites in the genome
2020-08-29 04:27:52,752: INFO     Identifing guides that are unique near the PAM site
2020-08-29 04:27:57,610: INFO     Indexing all potential guide sites: 3499744. This is the longest step.
2020-08-29 04:28:13,467: INFO     M                   = 16
2020-08-29 04:28:13,468: INFO     indexThreadQty      = 4
2020-08-29 04:28:13,468: INFO     efConstruction      = 64
2020-08-29 04:28:13,468: INFO     maxM			          = 16
2020-08-29 04:28:13,468: INFO     maxM0			          = 32
2020-08-29 04:28:13,468: INFO     mult                = 0.360674
2020-08-29 04:28:13,468: INFO     skip_optimized_index= 0
2020-08-29 04:28:13,468: INFO     delaunay_type       = 2
2020-08-29 04:28:13,468: INFO     Set HNSW query-time parameters:
2020-08-29 04:28:13,468: INFO     ef(Search)         =20
2020-08-29 04:28:13,468: INFO     algoType           =2

0%   10   20   30   40   50   60   70   80   90   100%
|----|----|----|----|----|----|----|----|----|----|
***************************************************

0%   10   20   30   40   50   60   70   80   90   100%
|----|----|----|----|----|----|----|----|----|----|
****************************************************2020-08-29 04:42:03,309: INFO     No appropriate custom distance function for Hamming (bit-storage) space
2020-08-29 04:42:03,310: INFO     searchMethod			  = 0
2020-08-29 04:42:03,590: INFO     Identifying guides that have a hamming distance <= 3 to all other potential guides
2020-08-29 04:42:04,027: INFO     Set HNSW query-time parameters:
2020-08-29 04:42:04,027: INFO     ef(Search)         =256
2020-08-29 04:42:04,027: INFO     algoType           =2
2020-08-29 04:43:37,304: INFO     Formatting data for BedTools
2020-08-29 04:43:37,875: INFO     Create GuideMaker Annotation object
2020-08-29 04:43:37,875: INFO     Identify genomic features
2020-08-29 04:43:37,876: INFO     check if test/test_data/Aspergillus_fumigatus.gbk is gzipped
2020-08-29 04:43:42,535: INFO     Total number of CDS/locus in the input genome: 9630
2020-08-29 04:43:42,536: INFO     Find genomic features closest the guides
2020-08-29 04:43:46,093: INFO     Select guides that start between +100 and -100 of a feature start
2020-08-29 04:43:46,245: INFO     Select description columns
2020-08-29 04:43:46,355: INFO     Format the output
2020-08-29 04:43:46,686: INFO     creating random control guides
2020-08-29 04:44:48,366: INFO     Number of random control searched: 100000
2020-08-29 04:44:48,367: INFO     Percentage of GC content in the input genome: 48.82
2020-08-29 04:44:48,367: INFO     Total length of the genome: 28.0 MB
2020-08-29 04:44:48,367: INFO     created 10 control guides with a minimum distance of 6 and a median distance of 6
2020-08-29 04:44:48,372: INFO     guidemaker completed, results are at TEST
2020-08-29 04:44:48,372: INFO     PAM sequence: NGG
2020-08-29 04:44:48,372: INFO     PAM orientation: 5prime
2020-08-29 04:44:48,372: INFO     Genome strand(s) searched: both
2020-08-29 04:44:48,373: INFO     Total PAM sites considered: 3499744
2020-08-29 04:44:48,373: INFO     Guide RNA candidates found: 11359
	Command being timed: "guidemaker -i test/test_data/Aspergillus_fumigatus.gbk --pamseq NGG --outdir TEST --pam_orientation 5prime --guidelength 20 --strand both --lcp 10 --dist 3 --before 100 --into 100 --knum 10 --controls 10 --log GuideMaker_58005452_9.log --threads 4"
	User time (seconds): 3881.27
	System time (seconds): 120.43
	Percent of CPU this job got: 358%
	Elapsed (wall clock) time (h:mm:ss or m:ss): 18:35.70
	Average shared text size (kbytes): 0
	Average unshared data size (kbytes): 0
	Average stack size (kbytes): 0
	Average total size (kbytes): 0
	Maximum resident set size (kbytes): 7627732
	Average resident set size (kbytes): 0
	Major (requiring I/O) page faults: 0
	Minor (reclaiming a frame) page faults: 67760848
	Voluntary context switches: 610797
	Involuntary context switches: 151556
	Swaps: 0
	File system inputs: 0
	File system outputs: 191088
	Socket messages sent: 0
	Socket messages received: 0
	Signals delivered: 0
	Page size (bytes): 4096
	Exit status: 0
My SLURM_ARRAY_TASK_ID:  9
My TMPDIR IS:  /scratch/local/58005452
Input Genome:>>>>>>>>>>>>>>>>>>>>>>>>>>>>>>>>>>>>>>>>>>>  Aspergillus_fumigatus.gbk
Threads used:>>>>>>>>>>>>>>>>>>>>>>>>>>>>>>>>>>>>>>>>>>>  8
GuideMaker
Your CPU supports instructions that this binary was not compiled to use: SSE4.1 SSE4.2 AVX AVX2
For maximum performance, you can install NMSLIB from sources 
pip install --no-binary :all: nmslib
2020-08-29 04:44:57,098: INFO     Temp directory is: /scratch/local/58005452/guidemaker_nzvyvy8_
2020-08-29 04:44:57,098: INFO     Writing fasta file from genbank file(s)
2020-08-29 04:44:57,098: INFO     check if test/test_data/Aspergillus_fumigatus.gbk is gzipped
2020-08-29 04:45:00,222: INFO     Identifying PAM sites in the genome
2020-08-29 04:46:26,071: INFO     Identifing guides that are unique near the PAM site
2020-08-29 04:46:30,958: INFO     Indexing all potential guide sites: 3499744. This is the longest step.
2020-08-29 04:46:45,596: INFO     M                   = 16
2020-08-29 04:46:45,596: INFO     indexThreadQty      = 8
2020-08-29 04:46:45,596: INFO     efConstruction      = 64
2020-08-29 04:46:45,597: INFO     maxM			          = 16
2020-08-29 04:46:45,597: INFO     maxM0			          = 32
2020-08-29 04:46:45,597: INFO     mult                = 0.360674
2020-08-29 04:46:45,597: INFO     skip_optimized_index= 0
2020-08-29 04:46:45,597: INFO     delaunay_type       = 2
2020-08-29 04:46:45,597: INFO     Set HNSW query-time parameters:
2020-08-29 04:46:45,597: INFO     ef(Search)         =20
2020-08-29 04:46:45,597: INFO     algoType           =2

0%   10   20   30   40   50   60   70   80   90   100%
|----|----|----|----|----|----|----|----|----|----|
***************************************************

0%   10   20   30   40   50   60   70   80   90   100%
|----|----|----|----|----|----|----|----|----|----|
****************************************************2020-08-29 04:54:12,690: INFO     No appropriate custom distance function for Hamming (bit-storage) space
2020-08-29 04:54:12,690: INFO     searchMethod			  = 0
2020-08-29 04:54:13,010: INFO     Identifying guides that have a hamming distance <= 3 to all other potential guides
2020-08-29 04:54:13,491: INFO     Set HNSW query-time parameters:
2020-08-29 04:54:13,491: INFO     ef(Search)         =256
2020-08-29 04:54:13,491: INFO     algoType           =2
2020-08-29 04:55:03,925: INFO     Formatting data for BedTools
2020-08-29 04:55:04,405: INFO     Create GuideMaker Annotation object
2020-08-29 04:55:04,405: INFO     Identify genomic features
2020-08-29 04:55:04,406: INFO     check if test/test_data/Aspergillus_fumigatus.gbk is gzipped
2020-08-29 04:55:08,518: INFO     Total number of CDS/locus in the input genome: 9630
2020-08-29 04:55:08,518: INFO     Find genomic features closest the guides
2020-08-29 04:55:12,101: INFO     Select guides that start between +100 and -100 of a feature start
2020-08-29 04:55:12,255: INFO     Select description columns
2020-08-29 04:55:12,358: INFO     Format the output
2020-08-29 04:55:12,645: INFO     creating random control guides
2020-08-29 04:55:46,179: INFO     Number of random control searched: 100000
2020-08-29 04:55:46,180: INFO     Percentage of GC content in the input genome: 48.82
2020-08-29 04:55:46,180: INFO     Total length of the genome: 28.0 MB
2020-08-29 04:55:46,180: INFO     created 10 control guides with a minimum distance of 6 and a median distance of 6
2020-08-29 04:55:46,182: INFO     guidemaker completed, results are at TEST
2020-08-29 04:55:46,183: INFO     PAM sequence: NGG
2020-08-29 04:55:46,183: INFO     PAM orientation: 5prime
2020-08-29 04:55:46,183: INFO     Genome strand(s) searched: both
2020-08-29 04:55:46,183: INFO     Total PAM sites considered: 3499744
2020-08-29 04:55:46,183: INFO     Guide RNA candidates found: 11359
	Command being timed: "guidemaker -i test/test_data/Aspergillus_fumigatus.gbk --pamseq NGG --outdir TEST --pam_orientation 5prime --guidelength 20 --strand both --lcp 10 --dist 3 --before 100 --into 100 --knum 10 --controls 10 --log GuideMaker_58005452_9.log --threads 8"
	User time (seconds): 4101.92
	System time (seconds): 116.22
	Percent of CPU this job got: 642%
	Elapsed (wall clock) time (h:mm:ss or m:ss): 10:56.57
	Average shared text size (kbytes): 0
	Average unshared data size (kbytes): 0
	Average stack size (kbytes): 0
	Average total size (kbytes): 0
	Maximum resident set size (kbytes): 7712744
	Average resident set size (kbytes): 0
	Major (requiring I/O) page faults: 0
	Minor (reclaiming a frame) page faults: 59215176
	Voluntary context switches: 911346
	Involuntary context switches: 484048
	Swaps: 0
	File system inputs: 0
	File system outputs: 190904
	Socket messages sent: 0
	Socket messages received: 0
	Signals delivered: 0
	Page size (bytes): 4096
	Exit status: 0
My SLURM_ARRAY_TASK_ID:  9
My TMPDIR IS:  /scratch/local/58005452
Input Genome:>>>>>>>>>>>>>>>>>>>>>>>>>>>>>>>>>>>>>>>>>>>  Aspergillus_fumigatus.gbk
Threads used:>>>>>>>>>>>>>>>>>>>>>>>>>>>>>>>>>>>>>>>>>>>  16
GuideMaker
Your CPU supports instructions that this binary was not compiled to use: SSE4.1 SSE4.2 AVX AVX2
For maximum performance, you can install NMSLIB from sources 
pip install --no-binary :all: nmslib
2020-08-29 04:55:53,699: INFO     Temp directory is: /scratch/local/58005452/guidemaker_von9lsuf
2020-08-29 04:55:53,699: INFO     Writing fasta file from genbank file(s)
2020-08-29 04:55:53,700: INFO     check if test/test_data/Aspergillus_fumigatus.gbk is gzipped
2020-08-29 04:55:56,832: INFO     Identifying PAM sites in the genome
2020-08-29 04:57:21,712: INFO     Identifing guides that are unique near the PAM site
2020-08-29 04:57:26,638: INFO     Indexing all potential guide sites: 3499744. This is the longest step.
2020-08-29 04:57:41,212: INFO     M                   = 16
2020-08-29 04:57:41,212: INFO     indexThreadQty      = 16
2020-08-29 04:57:41,212: INFO     efConstruction      = 64
2020-08-29 04:57:41,213: INFO     maxM			          = 16
2020-08-29 04:57:41,213: INFO     maxM0			          = 32
2020-08-29 04:57:41,213: INFO     mult                = 0.360674
2020-08-29 04:57:41,213: INFO     skip_optimized_index= 0
2020-08-29 04:57:41,213: INFO     delaunay_type       = 2
2020-08-29 04:57:41,213: INFO     Set HNSW query-time parameters:
2020-08-29 04:57:41,213: INFO     ef(Search)         =20
2020-08-29 04:57:41,213: INFO     algoType           =2

0%   10   20   30   40   50   60   70   80   90   100%
|----|----|----|----|----|----|----|----|----|----|
***************************************************

0%   10   20   30   40   50   60   70   80   90   100%
|----|----|----|----|----|----|----|----|----|----|
****************************************************2020-08-29 05:01:52,490: INFO     No appropriate custom distance function for Hamming (bit-storage) space
2020-08-29 05:01:52,490: INFO     searchMethod			  = 0
2020-08-29 05:01:52,777: INFO     Identifying guides that have a hamming distance <= 3 to all other potential guides
2020-08-29 05:01:53,202: INFO     Set HNSW query-time parameters:
2020-08-29 05:01:53,202: INFO     ef(Search)         =256
2020-08-29 05:01:53,202: INFO     algoType           =2
2020-08-29 05:02:26,416: INFO     Formatting data for BedTools
2020-08-29 05:02:26,912: INFO     Create GuideMaker Annotation object
2020-08-29 05:02:26,913: INFO     Identify genomic features
2020-08-29 05:02:26,913: INFO     check if test/test_data/Aspergillus_fumigatus.gbk is gzipped
2020-08-29 05:02:31,071: INFO     Total number of CDS/locus in the input genome: 9630
2020-08-29 05:02:31,071: INFO     Find genomic features closest the guides
2020-08-29 05:02:34,589: INFO     Select guides that start between +100 and -100 of a feature start
2020-08-29 05:02:34,741: INFO     Select description columns
2020-08-29 05:02:34,847: INFO     Format the output
2020-08-29 05:02:35,132: INFO     creating random control guides
2020-08-29 05:02:56,999: INFO     Number of random control searched: 100000
2020-08-29 05:02:57,000: INFO     Percentage of GC content in the input genome: 48.82
2020-08-29 05:02:57,000: INFO     Total length of the genome: 28.0 MB
2020-08-29 05:02:57,000: INFO     created 10 control guides with a minimum distance of 6 and a median distance of 6
2020-08-29 05:02:57,009: INFO     guidemaker completed, results are at TEST
2020-08-29 05:02:57,009: INFO     PAM sequence: NGG
2020-08-29 05:02:57,009: INFO     PAM orientation: 5prime
2020-08-29 05:02:57,010: INFO     Genome strand(s) searched: both
2020-08-29 05:02:57,010: INFO     Total PAM sites considered: 3499744
2020-08-29 05:02:57,010: INFO     Guide RNA candidates found: 11359
	Command being timed: "guidemaker -i test/test_data/Aspergillus_fumigatus.gbk --pamseq NGG --outdir TEST --pam_orientation 5prime --guidelength 20 --strand both --lcp 10 --dist 3 --before 100 --into 100 --knum 10 --controls 10 --log GuideMaker_58005452_9.log --threads 16"
	User time (seconds): 4490.01
	System time (seconds): 152.18
	Percent of CPU this job got: 1074%
	Elapsed (wall clock) time (h:mm:ss or m:ss): 7:11.83
	Average shared text size (kbytes): 0
	Average unshared data size (kbytes): 0
	Average stack size (kbytes): 0
	Average total size (kbytes): 0
	Maximum resident set size (kbytes): 7853116
	Average resident set size (kbytes): 0
	Major (requiring I/O) page faults: 0
	Minor (reclaiming a frame) page faults: 48675983
	Voluntary context switches: 2060507
	Involuntary context switches: 8529
	Swaps: 0
	File system inputs: 0
	File system outputs: 190856
	Socket messages sent: 0
	Socket messages received: 0
	Signals delivered: 0
	Page size (bytes): 4096
	Exit status: 0
My SLURM_ARRAY_TASK_ID:  9
My TMPDIR IS:  /scratch/local/58005452
Input Genome:>>>>>>>>>>>>>>>>>>>>>>>>>>>>>>>>>>>>>>>>>>>  Aspergillus_fumigatus.gbk
Threads used:>>>>>>>>>>>>>>>>>>>>>>>>>>>>>>>>>>>>>>>>>>>  32
GuideMaker
Your CPU supports instructions that this binary was not compiled to use: SSE4.1 SSE4.2 AVX AVX2
For maximum performance, you can install NMSLIB from sources 
pip install --no-binary :all: nmslib
2020-08-29 05:03:05,504: INFO     Temp directory is: /scratch/local/58005452/guidemaker_flvugof1
2020-08-29 05:03:05,504: INFO     Writing fasta file from genbank file(s)
2020-08-29 05:03:05,505: INFO     check if test/test_data/Aspergillus_fumigatus.gbk is gzipped
2020-08-29 05:03:08,630: INFO     Identifying PAM sites in the genome
2020-08-29 05:04:38,424: INFO     Identifing guides that are unique near the PAM site
2020-08-29 05:04:43,295: INFO     Indexing all potential guide sites: 3499744. This is the longest step.
2020-08-29 05:04:58,665: INFO     M                   = 16
2020-08-29 05:04:58,665: INFO     indexThreadQty      = 32
2020-08-29 05:04:58,666: INFO     efConstruction      = 64
2020-08-29 05:04:58,666: INFO     maxM			          = 16
2020-08-29 05:04:58,666: INFO     maxM0			          = 32
2020-08-29 05:04:58,666: INFO     mult                = 0.360674
2020-08-29 05:04:58,666: INFO     skip_optimized_index= 0
2020-08-29 05:04:58,666: INFO     delaunay_type       = 2
2020-08-29 05:04:58,666: INFO     Set HNSW query-time parameters:
2020-08-29 05:04:58,666: INFO     ef(Search)         =20
2020-08-29 05:04:58,666: INFO     algoType           =2

0%   10   20   30   40   50   60   70   80   90   100%
|----|----|----|----|----|----|----|----|----|----|
***************************************************

0%   10   20   30   40   50   60   70   80   90   100%
|----|----|----|----|----|----|----|----|----|----|
*******************************************************2020-08-29 05:07:20,349: INFO     No appropriate custom distance function for Hamming (bit-storage) space
2020-08-29 05:07:20,349: INFO     searchMethod			  = 0
2020-08-29 05:07:20,635: INFO     Identifying guides that have a hamming distance <= 3 to all other potential guides
2020-08-29 05:07:21,067: INFO     Set HNSW query-time parameters:
2020-08-29 05:07:21,067: INFO     ef(Search)         =256
2020-08-29 05:07:21,067: INFO     algoType           =2
2020-08-29 05:07:43,045: INFO     Formatting data for BedTools
2020-08-29 05:07:43,535: INFO     Create GuideMaker Annotation object
2020-08-29 05:07:43,536: INFO     Identify genomic features
2020-08-29 05:07:43,536: INFO     check if test/test_data/Aspergillus_fumigatus.gbk is gzipped
2020-08-29 05:07:47,659: INFO     Total number of CDS/locus in the input genome: 9630
2020-08-29 05:07:47,660: INFO     Find genomic features closest the guides
2020-08-29 05:07:51,197: INFO     Select guides that start between +100 and -100 of a feature start
2020-08-29 05:07:51,360: INFO     Select description columns
2020-08-29 05:07:51,482: INFO     Format the output
2020-08-29 05:07:51,833: INFO     creating random control guides
2020-08-29 05:08:08,052: INFO     Number of random control searched: 100000
2020-08-29 05:08:08,052: INFO     Percentage of GC content in the input genome: 48.82
2020-08-29 05:08:08,052: INFO     Total length of the genome: 28.0 MB
2020-08-29 05:08:08,052: INFO     created 10 control guides with a minimum distance of 6 and a median distance of 6
2020-08-29 05:08:08,055: INFO     guidemaker completed, results are at TEST
2020-08-29 05:08:08,055: INFO     PAM sequence: NGG
2020-08-29 05:08:08,055: INFO     PAM orientation: 5prime
2020-08-29 05:08:08,055: INFO     Genome strand(s) searched: both
2020-08-29 05:08:08,055: INFO     Total PAM sites considered: 3499744
2020-08-29 05:08:08,056: INFO     Guide RNA candidates found: 11359
	Command being timed: "guidemaker -i test/test_data/Aspergillus_fumigatus.gbk --pamseq NGG --outdir TEST --pam_orientation 5prime --guidelength 20 --strand both --lcp 10 --dist 3 --before 100 --into 100 --knum 10 --controls 10 --log GuideMaker_58005452_9.log --threads 32"
	User time (seconds): 4873.42
	System time (seconds): 210.52
	Percent of CPU this job got: 1629%
	Elapsed (wall clock) time (h:mm:ss or m:ss): 5:11.92
	Average shared text size (kbytes): 0
	Average unshared data size (kbytes): 0
	Average stack size (kbytes): 0
	Average total size (kbytes): 0
	Maximum resident set size (kbytes): 7938704
	Average resident set size (kbytes): 0
	Major (requiring I/O) page faults: 0
	Minor (reclaiming a frame) page faults: 34412372
	Voluntary context switches: 3989156
	Involuntary context switches: 67608
	Swaps: 0
	File system inputs: 0
	File system outputs: 190784
	Socket messages sent: 0
	Socket messages received: 0
	Signals delivered: 0
	Page size (bytes): 4096
	Exit status: 0
