Thu Feb  4 19:48:33 EST 2021
c27b-s37.ufhpc
/blue/garrett/rp3448/analysis/guidemaker/nonAVXGuidemaker

     active environment : NONAVX2
    active env location : /home/rp3448/.conda/envs/NONAVX2
            shell level : 3
       user config file : /home/rp3448/.condarc
 populated config files : /home/rp3448/.condarc
          conda version : 4.9.2
    conda-build version : not installed
         python version : 3.9.1.final.0
       virtual packages : __glibc=2.17=0
                          __unix=0=0
                          __archspec=1=x86_64
       base environment : /apps/conda/4.9.2  (read only)
           channel URLs : https://conda.anaconda.org/biobakery/linux-64
                          https://conda.anaconda.org/biobakery/noarch
                          https://conda.anaconda.org/conda-forge/linux-64
                          https://conda.anaconda.org/conda-forge/noarch
                          https://conda.anaconda.org/bioconda/linux-64
                          https://conda.anaconda.org/bioconda/noarch
                          https://repo.anaconda.com/pkgs/main/linux-64
                          https://repo.anaconda.com/pkgs/main/noarch
                          https://repo.anaconda.com/pkgs/r/linux-64
                          https://repo.anaconda.com/pkgs/r/noarch
          package cache : /apps/conda/4.9.2/pkgs
                          /home/rp3448/.conda/pkgs
       envs directories : /home/rp3448/.conda/envs
                          /apps/conda/4.9.2/envs
               platform : linux-64
             user-agent : conda/4.9.2 requests/2.25.1 CPython/3.9.1 Linux/3.10.0-1062.18.1.el7.x86_64 rhel/7.7 glibc/2.17
                UID:GID : 6472:3511
             netrc file : None
           offline mode : False

My SLURM_ARRAY_TASK_ID:  1
My TMPDIR IS:  /scratch/local/63831045
Input Genome:>>>>>>>>>>>>>>>>>>>>>>>>>>>>>>>>>>>>>>>>>>>  Escherichia.coli_str_K-12_substr_MG1655.gbk
Input PAM:>>>>>>>>>>>>>>>>>>>>>>>>>>>>>>>>>>>>>>>>>>>  NGRRT
Threads used:>>>>>>>>>>>>>>>>>>>>>>>>>>>>>>>>>>>>>>>>>>>  1
GuideMaker
Your CPU supports instructions that this binary was not compiled to use: SSE4.1 SSE4.2 AVX AVX2
For maximum performance, you can install NMSLIB from sources 
pip install --no-binary :all: nmslib
2021-02-04 19:48:39,098: INFO     Temp directory is: /scratch/local/63831045/guidemaker_0uivo_pn
2021-02-04 19:48:39,099: INFO     Writing fasta file from genbank file(s)
2021-02-04 19:48:39,100: INFO     check if ../all_test_data/Escherichia.coli_str_K-12_substr_MG1655.gbk is gzipped
2021-02-04 19:48:40,110: INFO     Identifying PAM sites in the genome
2021-02-04 19:48:44,764: INFO     Checking guides for restriction enzymes
2021-02-04 19:48:44,794: INFO     Number of guides removed after checking for restriction enzymes: 0
2021-02-04 19:48:44,794: INFO     Identifing guides that are unique near the PAM site
2021-02-04 19:48:44,980: INFO     Number of guides removed after checking for unique PAM: 11268
2021-02-04 19:48:44,980: INFO     Indexing all potential guide sites: 115034. This is the longest step.
2021-02-04 19:48:45,457: INFO     M                   = 16
2021-02-04 19:48:45,457: INFO     indexThreadQty      = 1
2021-02-04 19:48:45,457: INFO     efConstruction      = 10
2021-02-04 19:48:45,457: INFO     maxM			          = 16
2021-02-04 19:48:45,458: INFO     maxM0			          = 32
2021-02-04 19:48:45,458: INFO     mult                = 0.360674
2021-02-04 19:48:45,458: INFO     skip_optimized_index= 0
2021-02-04 19:48:45,458: INFO     delaunay_type       = 2
2021-02-04 19:48:45,458: INFO     Set HNSW query-time parameters:
2021-02-04 19:48:45,458: INFO     ef(Search)         =20
2021-02-04 19:48:45,458: INFO     algoType           =2

0%   10   20   30   40   50   60   70   80   90   100%
|----|----|----|----|----|----|----|----|----|----|
***************************************************

0%   10   20   30   40   50   60   70   80   90   100%
|----|----|----|----|----|----|----|----|----|----|
***************************************************
*2021-02-04 19:48:53,743: INFO     No appropriate custom distance function for Hamming (bit-storage) space
2021-02-04 19:48:53,744: INFO     searchMethod			  = 0
2021-02-04 19:48:53,754: INFO     Identifying guides that have a hamming distance <= 3 to all other potential guides
2021-02-04 19:48:53,891: INFO     Set HNSW query-time parameters:
2021-02-04 19:48:53,891: INFO     ef(Search)         =9
2021-02-04 19:48:53,891: INFO     algoType           =2
2021-02-04 19:49:01,781: INFO     Formatting data for BedTools
2021-02-04 19:49:01,966: INFO     Create GuideMaker Annotation object
2021-02-04 19:49:01,966: INFO     Identify genomic features
2021-02-04 19:49:01,966: INFO     check if ../all_test_data/Escherichia.coli_str_K-12_substr_MG1655.gbk is gzipped
2021-02-04 19:49:03,051: INFO     Total number of CDS/locus in the input genome: 4357
2021-02-04 19:49:03,051: INFO     Find genomic features closest the guides
2021-02-04 19:49:04,507: INFO     Select guides that start between +500 and -500 of a feature start
2021-02-04 19:49:04,676: INFO     Select description columns
2021-02-04 19:49:04,755: INFO     Format the output
2021-02-04 19:49:05,509: INFO     Number of Guides within a gene coordinates i.e. zero Feature distance: 43498
2021-02-04 19:49:06,364: INFO     creating random control guides
2021-02-04 19:49:06,433: INFO     Number of random control searched: 100
2021-02-04 19:49:06,434: INFO     Percentage of GC content in the input genome: 50.79
2021-02-04 19:49:06,434: INFO     Total length of the genome: 4.4 MB
2021-02-04 19:49:06,434: INFO     created 10 control guides with a minimum distance of 7 and a median distance of 8
2021-02-04 19:49:06,436: INFO     guidemaker completed, results are at TEST
2021-02-04 19:49:06,437: INFO     PAM sequence: NGRRT
2021-02-04 19:49:06,437: INFO     PAM orientation: 3prime
2021-02-04 19:49:06,437: INFO     Genome strand(s) searched: both
2021-02-04 19:49:06,437: INFO     Total PAM sites considered: 115034
2021-02-04 19:49:06,437: INFO     Guide RNA candidates found: 76595
	Command being timed: "guidemaker -i ../all_test_data/Escherichia.coli_str_K-12_substr_MG1655.gbk --pamseq NGRRT --outdir TEST --pam_orientation 3prime --guidelength 20 --strand both --lcp 11 --dist 3 --before 500 --into 500 --knum 10 --controls 10 --log GM_63831045_1.log --threads 1"
	User time (seconds): 29.31
	System time (seconds): 2.46
	Percent of CPU this job got: 110%
	Elapsed (wall clock) time (h:mm:ss or m:ss): 0:28.79
	Average shared text size (kbytes): 0
	Average unshared data size (kbytes): 0
	Average stack size (kbytes): 0
	Average total size (kbytes): 0
	Maximum resident set size (kbytes): 523736
	Average resident set size (kbytes): 0
	Major (requiring I/O) page faults: 0
	Minor (reclaiming a frame) page faults: 543508
	Voluntary context switches: 2586
	Involuntary context switches: 74795
	Swaps: 0
	File system inputs: 24336
	File system outputs: 161832
	Socket messages sent: 0
	Socket messages received: 0
	Signals delivered: 0
	Page size (bytes): 4096
	Exit status: 0
My SLURM_ARRAY_TASK_ID:  1
My TMPDIR IS:  /scratch/local/63831045
Input Genome:>>>>>>>>>>>>>>>>>>>>>>>>>>>>>>>>>>>>>>>>>>>  Escherichia.coli_str_K-12_substr_MG1655.gbk
Input PAM:>>>>>>>>>>>>>>>>>>>>>>>>>>>>>>>>>>>>>>>>>>>  NGRRT
Threads used:>>>>>>>>>>>>>>>>>>>>>>>>>>>>>>>>>>>>>>>>>>>  2
GuideMaker
Your CPU supports instructions that this binary was not compiled to use: SSE4.1 SSE4.2 AVX AVX2
For maximum performance, you can install NMSLIB from sources 
pip install --no-binary :all: nmslib
2021-02-04 19:49:07,769: INFO     Temp directory is: /scratch/local/63831045/guidemaker_jbyvyvyk
2021-02-04 19:49:07,769: INFO     Writing fasta file from genbank file(s)
2021-02-04 19:49:07,769: INFO     check if ../all_test_data/Escherichia.coli_str_K-12_substr_MG1655.gbk is gzipped
2021-02-04 19:49:08,675: INFO     Identifying PAM sites in the genome
2021-02-04 19:49:12,964: INFO     Checking guides for restriction enzymes
2021-02-04 19:49:12,994: INFO     Number of guides removed after checking for restriction enzymes: 0
2021-02-04 19:49:12,994: INFO     Identifing guides that are unique near the PAM site
2021-02-04 19:49:13,159: INFO     Number of guides removed after checking for unique PAM: 11268
2021-02-04 19:49:13,160: INFO     Indexing all potential guide sites: 115034. This is the longest step.
2021-02-04 19:49:13,644: INFO     M                   = 16
2021-02-04 19:49:13,645: INFO     indexThreadQty      = 2
2021-02-04 19:49:13,645: INFO     efConstruction      = 10
2021-02-04 19:49:13,645: INFO     maxM			          = 16
2021-02-04 19:49:13,645: INFO     maxM0			          = 32
2021-02-04 19:49:13,645: INFO     mult                = 0.360674
2021-02-04 19:49:13,645: INFO     skip_optimized_index= 0
2021-02-04 19:49:13,645: INFO     delaunay_type       = 2
2021-02-04 19:49:13,645: INFO     Set HNSW query-time parameters:
2021-02-04 19:49:13,645: INFO     ef(Search)         =20
2021-02-04 19:49:13,645: INFO     algoType           =2

0%   10   20   30   40   50   60   70   80   90   100%
|----|----|----|----|----|----|----|----|----|----|
***************************************************

0%   10   20   30   40   50   60   70   80   90   100%
|----|----|----|----|----|----|----|----|----|----|
****************************************************


2021-02-04 19:49:18,450: INFO     No appropriate custom distance function for Hamming (bit-storage) space
2021-02-04 19:49:18,450: INFO     searchMethod			  = 0
2021-02-04 19:49:18,460: INFO     Identifying guides that have a hamming distance <= 3 to all other potential guides
2021-02-04 19:49:18,598: INFO     Set HNSW query-time parameters:
2021-02-04 19:49:18,598: INFO     ef(Search)         =9
2021-02-04 19:49:18,598: INFO     algoType           =2
2021-02-04 19:49:24,765: INFO     Formatting data for BedTools
2021-02-04 19:49:24,947: INFO     Create GuideMaker Annotation object
2021-02-04 19:49:24,947: INFO     Identify genomic features
2021-02-04 19:49:24,948: INFO     check if ../all_test_data/Escherichia.coli_str_K-12_substr_MG1655.gbk is gzipped
2021-02-04 19:49:26,010: INFO     Total number of CDS/locus in the input genome: 4357
2021-02-04 19:49:26,010: INFO     Find genomic features closest the guides
2021-02-04 19:49:27,465: INFO     Select guides that start between +500 and -500 of a feature start
2021-02-04 19:49:27,631: INFO     Select description columns
2021-02-04 19:49:27,707: INFO     Format the output
2021-02-04 19:49:28,451: INFO     Number of Guides within a gene coordinates i.e. zero Feature distance: 43509
2021-02-04 19:49:29,266: INFO     creating random control guides
2021-02-04 19:49:29,337: INFO     Number of random control searched: 100
2021-02-04 19:49:29,337: INFO     Percentage of GC content in the input genome: 50.79
2021-02-04 19:49:29,337: INFO     Total length of the genome: 4.4 MB
2021-02-04 19:49:29,337: INFO     created 10 control guides with a minimum distance of 8 and a median distance of 8
2021-02-04 19:49:29,341: INFO     guidemaker completed, results are at TEST
2021-02-04 19:49:29,341: INFO     PAM sequence: NGRRT
2021-02-04 19:49:29,341: INFO     PAM orientation: 3prime
2021-02-04 19:49:29,341: INFO     Genome strand(s) searched: both
2021-02-04 19:49:29,341: INFO     Total PAM sites considered: 115034
2021-02-04 19:49:29,341: INFO     Guide RNA candidates found: 76611
	Command being timed: "guidemaker -i ../all_test_data/Escherichia.coli_str_K-12_substr_MG1655.gbk --pamseq NGRRT --outdir TEST --pam_orientation 3prime --guidelength 20 --strand both --lcp 11 --dist 3 --before 500 --into 500 --knum 10 --controls 10 --log GM_63831045_1.log --threads 2"
	User time (seconds): 29.75
	System time (seconds): 2.56
	Percent of CPU this job got: 141%
	Elapsed (wall clock) time (h:mm:ss or m:ss): 0:22.89
	Average shared text size (kbytes): 0
	Average unshared data size (kbytes): 0
	Average stack size (kbytes): 0
	Average total size (kbytes): 0
	Maximum resident set size (kbytes): 562908
	Average resident set size (kbytes): 0
	Major (requiring I/O) page faults: 0
	Minor (reclaiming a frame) page faults: 580775
	Voluntary context switches: 13467
	Involuntary context switches: 143423
	Swaps: 0
	File system inputs: 0
	File system outputs: 161752
	Socket messages sent: 0
	Socket messages received: 0
	Signals delivered: 0
	Page size (bytes): 4096
	Exit status: 0
My SLURM_ARRAY_TASK_ID:  1
My TMPDIR IS:  /scratch/local/63831045
Input Genome:>>>>>>>>>>>>>>>>>>>>>>>>>>>>>>>>>>>>>>>>>>>  Escherichia.coli_str_K-12_substr_MG1655.gbk
Input PAM:>>>>>>>>>>>>>>>>>>>>>>>>>>>>>>>>>>>>>>>>>>>  NGRRT
Threads used:>>>>>>>>>>>>>>>>>>>>>>>>>>>>>>>>>>>>>>>>>>>  4
GuideMaker
Your CPU supports instructions that this binary was not compiled to use: SSE4.1 SSE4.2 AVX AVX2
For maximum performance, you can install NMSLIB from sources 
pip install --no-binary :all: nmslib
2021-02-04 19:49:30,720: INFO     Temp directory is: /scratch/local/63831045/guidemaker_x9nzteuv
2021-02-04 19:49:30,720: INFO     Writing fasta file from genbank file(s)
2021-02-04 19:49:30,720: INFO     check if ../all_test_data/Escherichia.coli_str_K-12_substr_MG1655.gbk is gzipped
2021-02-04 19:49:31,631: INFO     Identifying PAM sites in the genome
2021-02-04 19:49:35,789: INFO     Checking guides for restriction enzymes
2021-02-04 19:49:35,820: INFO     Number of guides removed after checking for restriction enzymes: 0
2021-02-04 19:49:35,820: INFO     Identifing guides that are unique near the PAM site
2021-02-04 19:49:36,015: INFO     Number of guides removed after checking for unique PAM: 11268
2021-02-04 19:49:36,015: INFO     Indexing all potential guide sites: 115034. This is the longest step.
2021-02-04 19:49:36,601: INFO     M                   = 16
2021-02-04 19:49:36,602: INFO     indexThreadQty      = 4
2021-02-04 19:49:36,602: INFO     efConstruction      = 10
2021-02-04 19:49:36,602: INFO     maxM			          = 16
2021-02-04 19:49:36,602: INFO     maxM0			          = 32
2021-02-04 19:49:36,602: INFO     mult                = 0.360674
2021-02-04 19:49:36,602: INFO     skip_optimized_index= 0
2021-02-04 19:49:36,602: INFO     delaunay_type       = 2
2021-02-04 19:49:36,602: INFO     Set HNSW query-time parameters:
2021-02-04 19:49:36,603: INFO     ef(Search)         =20
2021-02-04 19:49:36,603: INFO     algoType           =2

0%   10   20   30   40   50   60   70   80   90   100%
|----|----|----|----|----|----|----|----|----|----|
***************************************************

0%   10   20   30   40   50   60   70   80   90   100%
|----|----|----|----|----|----|----|----|----|----|
****************************************************2021-02-04 19:49:39,312: INFO     No appropriate custom distance function for Hamming (bit-storage) space
2021-02-04 19:49:39,312: INFO     searchMethod			  = 0
2021-02-04 19:49:39,323: INFO     Identifying guides that have a hamming distance <= 3 to all other potential guides
2021-02-04 19:49:39,495: INFO     Set HNSW query-time parameters:
2021-02-04 19:49:39,495: INFO     ef(Search)         =9
2021-02-04 19:49:39,495: INFO     algoType           =2
2021-02-04 19:49:44,748: INFO     Formatting data for BedTools
2021-02-04 19:49:44,929: INFO     Create GuideMaker Annotation object
2021-02-04 19:49:44,929: INFO     Identify genomic features
2021-02-04 19:49:44,929: INFO     check if ../all_test_data/Escherichia.coli_str_K-12_substr_MG1655.gbk is gzipped
2021-02-04 19:49:46,000: INFO     Total number of CDS/locus in the input genome: 4357
2021-02-04 19:49:46,000: INFO     Find genomic features closest the guides
2021-02-04 19:49:47,463: INFO     Select guides that start between +500 and -500 of a feature start
2021-02-04 19:49:47,632: INFO     Select description columns
2021-02-04 19:49:47,710: INFO     Format the output
2021-02-04 19:49:48,481: INFO     Number of Guides within a gene coordinates i.e. zero Feature distance: 43505
2021-02-04 19:49:49,302: INFO     creating random control guides
2021-02-04 19:49:49,385: INFO     Number of random control searched: 100
2021-02-04 19:49:49,385: INFO     Percentage of GC content in the input genome: 50.79
2021-02-04 19:49:49,385: INFO     Total length of the genome: 4.4 MB
2021-02-04 19:49:49,385: INFO     created 10 control guides with a minimum distance of 8 and a median distance of 8
2021-02-04 19:49:49,387: INFO     guidemaker completed, results are at TEST
2021-02-04 19:49:49,388: INFO     PAM sequence: NGRRT
2021-02-04 19:49:49,388: INFO     PAM orientation: 3prime
2021-02-04 19:49:49,388: INFO     Genome strand(s) searched: both
2021-02-04 19:49:49,388: INFO     Total PAM sites considered: 115034
2021-02-04 19:49:49,388: INFO     Guide RNA candidates found: 76615
	Command being timed: "guidemaker -i ../all_test_data/Escherichia.coli_str_K-12_substr_MG1655.gbk --pamseq NGRRT --outdir TEST --pam_orientation 3prime --guidelength 20 --strand both --lcp 11 --dist 3 --before 500 --into 500 --knum 10 --controls 10 --log GM_63831045_1.log --threads 4"
	User time (seconds): 30.91
	System time (seconds): 2.71
	Percent of CPU this job got: 167%
	Elapsed (wall clock) time (h:mm:ss or m:ss): 0:20.10
	Average shared text size (kbytes): 0
	Average unshared data size (kbytes): 0
	Average stack size (kbytes): 0
	Average total size (kbytes): 0
	Maximum resident set size (kbytes): 563176
	Average resident set size (kbytes): 0
	Major (requiring I/O) page faults: 0
	Minor (reclaiming a frame) page faults: 588163
	Voluntary context switches: 20612
	Involuntary context switches: 144035
	Swaps: 0
	File system inputs: 0
	File system outputs: 161744
	Socket messages sent: 0
	Socket messages received: 0
	Signals delivered: 0
	Page size (bytes): 4096
	Exit status: 0
My SLURM_ARRAY_TASK_ID:  1
My TMPDIR IS:  /scratch/local/63831045
Input Genome:>>>>>>>>>>>>>>>>>>>>>>>>>>>>>>>>>>>>>>>>>>>  Escherichia.coli_str_K-12_substr_MG1655.gbk
Input PAM:>>>>>>>>>>>>>>>>>>>>>>>>>>>>>>>>>>>>>>>>>>>  NGRRT
Threads used:>>>>>>>>>>>>>>>>>>>>>>>>>>>>>>>>>>>>>>>>>>>  8
GuideMaker
Your CPU supports instructions that this binary was not compiled to use: SSE4.1 SSE4.2 AVX AVX2
For maximum performance, you can install NMSLIB from sources 
pip install --no-binary :all: nmslib
2021-02-04 19:49:50,723: INFO     Temp directory is: /scratch/local/63831045/guidemaker_5d82tge4
2021-02-04 19:49:50,723: INFO     Writing fasta file from genbank file(s)
2021-02-04 19:49:50,723: INFO     check if ../all_test_data/Escherichia.coli_str_K-12_substr_MG1655.gbk is gzipped
2021-02-04 19:49:51,617: INFO     Identifying PAM sites in the genome
2021-02-04 19:49:55,736: INFO     Checking guides for restriction enzymes
2021-02-04 19:49:55,766: INFO     Number of guides removed after checking for restriction enzymes: 0
2021-02-04 19:49:55,766: INFO     Identifing guides that are unique near the PAM site
2021-02-04 19:49:55,933: INFO     Number of guides removed after checking for unique PAM: 11268
2021-02-04 19:49:55,933: INFO     Indexing all potential guide sites: 115034. This is the longest step.
2021-02-04 19:49:56,418: INFO     M                   = 16
2021-02-04 19:49:56,418: INFO     indexThreadQty      = 8
2021-02-04 19:49:56,418: INFO     efConstruction      = 10
2021-02-04 19:49:56,419: INFO     maxM			          = 16
2021-02-04 19:49:56,419: INFO     maxM0			          = 32
2021-02-04 19:49:56,419: INFO     mult                = 0.360674
2021-02-04 19:49:56,419: INFO     skip_optimized_index= 0
2021-02-04 19:49:56,419: INFO     delaunay_type       = 2
2021-02-04 19:49:56,419: INFO     Set HNSW query-time parameters:
2021-02-04 19:49:56,419: INFO     ef(Search)         =20
2021-02-04 19:49:56,419: INFO     algoType           =2

0%   10   20   30   40   50   60   70   80   90   100%
|----|----|----|----|----|----|----|----|----|----|
***************************************************

0%   10   20   30   40   50   60   70   80   90   100%
|----|----|----|----|----|----|----|----|----|----|
******************************************************




2021-02-04 19:49:57,810: INFO     No appropriate custom distance function for Hamming (bit-storage) space
2021-02-04 19:49:57,810: INFO     searchMethod			  = 0
2021-02-04 19:49:57,815: INFO     Identifying guides that have a hamming distance <= 3 to all other potential guides
2021-02-04 19:49:57,954: INFO     Set HNSW query-time parameters:
2021-02-04 19:49:57,954: INFO     ef(Search)         =9
2021-02-04 19:49:57,954: INFO     algoType           =2
2021-02-04 19:50:03,219: INFO     Formatting data for BedTools
2021-02-04 19:50:03,409: INFO     Create GuideMaker Annotation object
2021-02-04 19:50:03,409: INFO     Identify genomic features
2021-02-04 19:50:03,409: INFO     check if ../all_test_data/Escherichia.coli_str_K-12_substr_MG1655.gbk is gzipped
2021-02-04 19:50:04,507: INFO     Total number of CDS/locus in the input genome: 4357
2021-02-04 19:50:04,507: INFO     Find genomic features closest the guides
2021-02-04 19:50:05,982: INFO     Select guides that start between +500 and -500 of a feature start
2021-02-04 19:50:06,151: INFO     Select description columns
2021-02-04 19:50:06,230: INFO     Format the output
2021-02-04 19:50:06,990: INFO     Number of Guides within a gene coordinates i.e. zero Feature distance: 43512
2021-02-04 19:50:07,815: INFO     creating random control guides
2021-02-04 19:50:07,913: INFO     Number of random control searched: 100
2021-02-04 19:50:07,914: INFO     Percentage of GC content in the input genome: 50.79
2021-02-04 19:50:07,914: INFO     Total length of the genome: 4.4 MB
2021-02-04 19:50:07,914: INFO     created 10 control guides with a minimum distance of 8 and a median distance of 8
2021-02-04 19:50:07,916: INFO     guidemaker completed, results are at TEST
2021-02-04 19:50:07,916: INFO     PAM sequence: NGRRT
2021-02-04 19:50:07,917: INFO     PAM orientation: 3prime
2021-02-04 19:50:07,917: INFO     Genome strand(s) searched: both
2021-02-04 19:50:07,917: INFO     Total PAM sites considered: 115034
2021-02-04 19:50:07,917: INFO     Guide RNA candidates found: 76616
	Command being timed: "guidemaker -i ../all_test_data/Escherichia.coli_str_K-12_substr_MG1655.gbk --pamseq NGRRT --outdir TEST --pam_orientation 3prime --guidelength 20 --strand both --lcp 11 --dist 3 --before 500 --into 500 --knum 10 --controls 10 --log GM_63831045_1.log --threads 8"
	User time (seconds): 31.39
	System time (seconds): 2.92
	Percent of CPU this job got: 185%
	Elapsed (wall clock) time (h:mm:ss or m:ss): 0:18.50
	Average shared text size (kbytes): 0
	Average unshared data size (kbytes): 0
	Average stack size (kbytes): 0
	Average total size (kbytes): 0
	Maximum resident set size (kbytes): 558096
	Average resident set size (kbytes): 0
	Major (requiring I/O) page faults: 0
	Minor (reclaiming a frame) page faults: 563970
	Voluntary context switches: 36748
	Involuntary context switches: 143931
	Swaps: 0
	File system inputs: 0
	File system outputs: 161760
	Socket messages sent: 0
	Socket messages received: 0
	Signals delivered: 0
	Page size (bytes): 4096
	Exit status: 0
My SLURM_ARRAY_TASK_ID:  1
My TMPDIR IS:  /scratch/local/63831045
Input Genome:>>>>>>>>>>>>>>>>>>>>>>>>>>>>>>>>>>>>>>>>>>>  Escherichia.coli_str_K-12_substr_MG1655.gbk
Input PAM:>>>>>>>>>>>>>>>>>>>>>>>>>>>>>>>>>>>>>>>>>>>  NGRRT
Threads used:>>>>>>>>>>>>>>>>>>>>>>>>>>>>>>>>>>>>>>>>>>>  16
GuideMaker
Your CPU supports instructions that this binary was not compiled to use: SSE4.1 SSE4.2 AVX AVX2
For maximum performance, you can install NMSLIB from sources 
pip install --no-binary :all: nmslib
2021-02-04 19:50:09,296: INFO     Temp directory is: /scratch/local/63831045/guidemaker_t5cnzn5i
2021-02-04 19:50:09,296: INFO     Writing fasta file from genbank file(s)
2021-02-04 19:50:09,296: INFO     check if ../all_test_data/Escherichia.coli_str_K-12_substr_MG1655.gbk is gzipped
2021-02-04 19:50:10,209: INFO     Identifying PAM sites in the genome
2021-02-04 19:50:14,451: INFO     Checking guides for restriction enzymes
2021-02-04 19:50:14,482: INFO     Number of guides removed after checking for restriction enzymes: 0
2021-02-04 19:50:14,482: INFO     Identifing guides that are unique near the PAM site
2021-02-04 19:50:14,650: INFO     Number of guides removed after checking for unique PAM: 11268
2021-02-04 19:50:14,650: INFO     Indexing all potential guide sites: 115034. This is the longest step.
2021-02-04 19:50:15,145: INFO     M                   = 16
2021-02-04 19:50:15,145: INFO     indexThreadQty      = 16
2021-02-04 19:50:15,145: INFO     efConstruction      = 10
2021-02-04 19:50:15,146: INFO     maxM			          = 16
2021-02-04 19:50:15,146: INFO     maxM0			          = 32
2021-02-04 19:50:15,146: INFO     mult                = 0.360674
2021-02-04 19:50:15,146: INFO     skip_optimized_index= 0
2021-02-04 19:50:15,146: INFO     delaunay_type       = 2
2021-02-04 19:50:15,146: INFO     Set HNSW query-time parameters:
2021-02-04 19:50:15,146: INFO     ef(Search)         =20
2021-02-04 19:50:15,146: INFO     algoType           =2

0%   10   20   30   40   50   60   70   80   90   100%
|----|----|----|----|----|----|----|----|----|----|
***************************************************

0%   10   20   30   40   50   60   70   80   90   100%
|----|----|----|----|----|----|----|----|----|----|
*******************************************************2021-02-04 19:50:15,963: INFO     No appropriate custom distance function for Hamming (bit-storage) space
2021-02-04 19:50:15,963: INFO     searchMethod			  = 0
2021-02-04 19:50:15,972: INFO     Identifying guides that have a hamming distance <= 3 to all other potential guides
2021-02-04 19:50:16,118: INFO     Set HNSW query-time parameters:
2021-02-04 19:50:16,118: INFO     ef(Search)         =9
2021-02-04 19:50:16,118: INFO     algoType           =2
2021-02-04 19:50:20,866: INFO     Formatting data for BedTools
2021-02-04 19:50:21,047: INFO     Create GuideMaker Annotation object
2021-02-04 19:50:21,048: INFO     Identify genomic features
2021-02-04 19:50:21,048: INFO     check if ../all_test_data/Escherichia.coli_str_K-12_substr_MG1655.gbk is gzipped
2021-02-04 19:50:22,141: INFO     Total number of CDS/locus in the input genome: 4357
2021-02-04 19:50:22,141: INFO     Find genomic features closest the guides
2021-02-04 19:50:23,600: INFO     Select guides that start between +500 and -500 of a feature start
2021-02-04 19:50:23,779: INFO     Select description columns
2021-02-04 19:50:23,855: INFO     Format the output
2021-02-04 19:50:24,606: INFO     Number of Guides within a gene coordinates i.e. zero Feature distance: 43517
2021-02-04 19:50:25,428: INFO     creating random control guides
2021-02-04 19:50:25,504: INFO     Number of random control searched: 100
2021-02-04 19:50:25,505: INFO     Percentage of GC content in the input genome: 50.79
2021-02-04 19:50:25,505: INFO     Total length of the genome: 4.4 MB
2021-02-04 19:50:25,505: INFO     created 10 control guides with a minimum distance of 8 and a median distance of 8
2021-02-04 19:50:25,508: INFO     guidemaker completed, results are at TEST
2021-02-04 19:50:25,508: INFO     PAM sequence: NGRRT
2021-02-04 19:50:25,508: INFO     PAM orientation: 3prime
2021-02-04 19:50:25,508: INFO     Genome strand(s) searched: both
2021-02-04 19:50:25,508: INFO     Total PAM sites considered: 115034
2021-02-04 19:50:25,508: INFO     Guide RNA candidates found: 76632
	Command being timed: "guidemaker -i ../all_test_data/Escherichia.coli_str_K-12_substr_MG1655.gbk --pamseq NGRRT --outdir TEST --pam_orientation 3prime --guidelength 20 --strand both --lcp 11 --dist 3 --before 500 --into 500 --knum 10 --controls 10 --log GM_63831045_1.log --threads 16"
	User time (seconds): 32.61
	System time (seconds): 3.07
	Percent of CPU this job got: 203%
	Elapsed (wall clock) time (h:mm:ss or m:ss): 0:17.56
	Average shared text size (kbytes): 0
	Average unshared data size (kbytes): 0
	Average stack size (kbytes): 0
	Average total size (kbytes): 0
	Maximum resident set size (kbytes): 571920
	Average resident set size (kbytes): 0
	Major (requiring I/O) page faults: 0
	Minor (reclaiming a frame) page faults: 533527
	Voluntary context switches: 82946
	Involuntary context switches: 138844
	Swaps: 0
	File system inputs: 0
	File system outputs: 161760
	Socket messages sent: 0
	Socket messages received: 0
	Signals delivered: 0
	Page size (bytes): 4096
	Exit status: 0
My SLURM_ARRAY_TASK_ID:  1
My TMPDIR IS:  /scratch/local/63831045
Input Genome:>>>>>>>>>>>>>>>>>>>>>>>>>>>>>>>>>>>>>>>>>>>  Escherichia.coli_str_K-12_substr_MG1655.gbk
Input PAM:>>>>>>>>>>>>>>>>>>>>>>>>>>>>>>>>>>>>>>>>>>>  NGRRT
Threads used:>>>>>>>>>>>>>>>>>>>>>>>>>>>>>>>>>>>>>>>>>>>  32
GuideMaker
Your CPU supports instructions that this binary was not compiled to use: SSE4.1 SSE4.2 AVX AVX2
For maximum performance, you can install NMSLIB from sources 
pip install --no-binary :all: nmslib
2021-02-04 19:50:26,870: INFO     Temp directory is: /scratch/local/63831045/guidemaker_dz5j_w33
2021-02-04 19:50:26,870: INFO     Writing fasta file from genbank file(s)
2021-02-04 19:50:26,870: INFO     check if ../all_test_data/Escherichia.coli_str_K-12_substr_MG1655.gbk is gzipped
2021-02-04 19:50:27,779: INFO     Identifying PAM sites in the genome
2021-02-04 19:50:31,911: INFO     Checking guides for restriction enzymes
2021-02-04 19:50:31,942: INFO     Number of guides removed after checking for restriction enzymes: 0
2021-02-04 19:50:31,942: INFO     Identifing guides that are unique near the PAM site
2021-02-04 19:50:32,105: INFO     Number of guides removed after checking for unique PAM: 11268
2021-02-04 19:50:32,105: INFO     Indexing all potential guide sites: 115034. This is the longest step.
2021-02-04 19:50:32,587: INFO     M                   = 16
2021-02-04 19:50:32,587: INFO     indexThreadQty      = 32
2021-02-04 19:50:32,587: INFO     efConstruction      = 10
2021-02-04 19:50:32,587: INFO     maxM			          = 16
2021-02-04 19:50:32,587: INFO     maxM0			          = 32
2021-02-04 19:50:32,587: INFO     mult                = 0.360674
2021-02-04 19:50:32,587: INFO     skip_optimized_index= 0
2021-02-04 19:50:32,587: INFO     delaunay_type       = 2
2021-02-04 19:50:32,587: INFO     Set HNSW query-time parameters:
2021-02-04 19:50:32,587: INFO     ef(Search)         =20
2021-02-04 19:50:32,587: INFO     algoType           =2

0%   10   20   30   40   50   60   70   80   90   100%
|----|----|----|----|----|----|----|----|----|----|
***************************************************

0%   10   20   30   40   50   60   70   80   90   100%
|----|----|----|----|----|----|----|----|----|----|
****************************************************2021-02-04 19:50:33,133: INFO     No appropriate custom distance function for Hamming (bit-storage) space
2021-02-04 19:50:33,133: INFO     searchMethod			  = 0
2021-02-04 19:50:33,139: INFO     Identifying guides that have a hamming distance <= 3 to all other potential guides
2021-02-04 19:50:33,271: INFO     Set HNSW query-time parameters:
2021-02-04 19:50:33,271: INFO     ef(Search)         =9
2021-02-04 19:50:33,271: INFO     algoType           =2
2021-02-04 19:50:37,850: INFO     Formatting data for BedTools
2021-02-04 19:50:38,035: INFO     Create GuideMaker Annotation object
2021-02-04 19:50:38,035: INFO     Identify genomic features
2021-02-04 19:50:38,035: INFO     check if ../all_test_data/Escherichia.coli_str_K-12_substr_MG1655.gbk is gzipped
2021-02-04 19:50:39,120: INFO     Total number of CDS/locus in the input genome: 4357
2021-02-04 19:50:39,121: INFO     Find genomic features closest the guides
2021-02-04 19:50:40,583: INFO     Select guides that start between +500 and -500 of a feature start
2021-02-04 19:50:40,751: INFO     Select description columns
2021-02-04 19:50:40,831: INFO     Format the output
2021-02-04 19:50:41,614: INFO     Number of Guides within a gene coordinates i.e. zero Feature distance: 43510
2021-02-04 19:50:42,443: INFO     creating random control guides
2021-02-04 19:50:42,538: INFO     Number of random control searched: 100
2021-02-04 19:50:42,538: INFO     Percentage of GC content in the input genome: 50.79
2021-02-04 19:50:42,538: INFO     Total length of the genome: 4.4 MB
2021-02-04 19:50:42,538: INFO     created 10 control guides with a minimum distance of 8 and a median distance of 8
2021-02-04 19:50:42,541: INFO     guidemaker completed, results are at TEST
2021-02-04 19:50:42,541: INFO     PAM sequence: NGRRT
2021-02-04 19:50:42,541: INFO     PAM orientation: 3prime
2021-02-04 19:50:42,541: INFO     Genome strand(s) searched: both
2021-02-04 19:50:42,541: INFO     Total PAM sites considered: 115034
2021-02-04 19:50:42,542: INFO     Guide RNA candidates found: 76632
	Command being timed: "guidemaker -i ../all_test_data/Escherichia.coli_str_K-12_substr_MG1655.gbk --pamseq NGRRT --outdir TEST --pam_orientation 3prime --guidelength 20 --strand both --lcp 11 --dist 3 --before 500 --into 500 --knum 10 --controls 10 --log GM_63831045_1.log --threads 32"
	User time (seconds): 32.91
	System time (seconds): 4.46
	Percent of CPU this job got: 218%
	Elapsed (wall clock) time (h:mm:ss or m:ss): 0:17.13
	Average shared text size (kbytes): 0
	Average unshared data size (kbytes): 0
	Average stack size (kbytes): 0
	Average total size (kbytes): 0
	Maximum resident set size (kbytes): 576428
	Average resident set size (kbytes): 0
	Major (requiring I/O) page faults: 0
	Minor (reclaiming a frame) page faults: 562837
	Voluntary context switches: 192803
	Involuntary context switches: 1147451
	Swaps: 0
	File system inputs: 0
	File system outputs: 161776
	Socket messages sent: 0
	Socket messages received: 0
	Signals delivered: 0
	Page size (bytes): 4096
	Exit status: 0
