Thu Feb  4 19:58:10 EST 2021
c26b-s8.ufhpc
/blue/garrett/rp3448/analysis/guidemaker/nonAVXGuidemaker

     active environment : NONAVX2
    active env location : /home/rp3448/.conda/envs/NONAVX2
            shell level : 3
       user config file : /home/rp3448/.condarc
 populated config files : /home/rp3448/.condarc
          conda version : 4.9.2
    conda-build version : not installed
         python version : 3.9.1.final.0
       virtual packages : __glibc=2.17=0
                          __unix=0=0
                          __archspec=1=x86_64
       base environment : /apps/conda/4.9.2  (read only)
           channel URLs : https://conda.anaconda.org/biobakery/linux-64
                          https://conda.anaconda.org/biobakery/noarch
                          https://conda.anaconda.org/conda-forge/linux-64
                          https://conda.anaconda.org/conda-forge/noarch
                          https://conda.anaconda.org/bioconda/linux-64
                          https://conda.anaconda.org/bioconda/noarch
                          https://repo.anaconda.com/pkgs/main/linux-64
                          https://repo.anaconda.com/pkgs/main/noarch
                          https://repo.anaconda.com/pkgs/r/linux-64
                          https://repo.anaconda.com/pkgs/r/noarch
          package cache : /apps/conda/4.9.2/pkgs
                          /home/rp3448/.conda/pkgs
       envs directories : /home/rp3448/.conda/envs
                          /apps/conda/4.9.2/envs
               platform : linux-64
             user-agent : conda/4.9.2 requests/2.25.1 CPython/3.9.1 Linux/3.10.0-1062.18.1.el7.x86_64 rhel/7.7 glibc/2.17
                UID:GID : 6472:3511
             netrc file : None
           offline mode : False

My SLURM_ARRAY_TASK_ID:  10
My TMPDIR IS:  /scratch/local/63828939
Input Genome:>>>>>>>>>>>>>>>>>>>>>>>>>>>>>>>>>>>>>>>>>>>  Burkholderia_thailandensis_E264_ATCC_700388_133.gbk
Input PAM:>>>>>>>>>>>>>>>>>>>>>>>>>>>>>>>>>>>>>>>>>>>  NGRRT
Threads used:>>>>>>>>>>>>>>>>>>>>>>>>>>>>>>>>>>>>>>>>>>>  1
GuideMaker
Your CPU supports instructions that this binary was not compiled to use: SSE4.1 SSE4.2 AVX AVX2
For maximum performance, you can install NMSLIB from sources 
pip install --no-binary :all: nmslib
2021-02-04 19:58:16,159: INFO     Temp directory is: /scratch/local/63828939/guidemaker_d8l02f85
2021-02-04 19:58:16,160: INFO     Writing fasta file from genbank file(s)
2021-02-04 19:58:16,160: INFO     check if ../all_test_data/Burkholderia_thailandensis_E264_ATCC_700388_133.gbk is gzipped
2021-02-04 19:58:16,889: INFO     Identifying PAM sites in the genome
2021-02-04 19:58:22,497: INFO     Checking guides for restriction enzymes
2021-02-04 19:58:22,528: INFO     Number of guides removed after checking for restriction enzymes: 0
2021-02-04 19:58:22,528: INFO     Identifing guides that are unique near the PAM site
2021-02-04 19:58:22,694: INFO     Number of guides removed after checking for unique PAM: 29346
2021-02-04 19:58:22,694: INFO     Indexing all potential guide sites: 116535. This is the longest step.
2021-02-04 19:58:23,190: INFO     M                   = 16
2021-02-04 19:58:23,191: INFO     indexThreadQty      = 1
2021-02-04 19:58:23,191: INFO     efConstruction      = 10
2021-02-04 19:58:23,191: INFO     maxM			          = 16
2021-02-04 19:58:23,191: INFO     maxM0			          = 32
2021-02-04 19:58:23,191: INFO     mult                = 0.360674
2021-02-04 19:58:23,191: INFO     skip_optimized_index= 0
2021-02-04 19:58:23,191: INFO     delaunay_type       = 2
2021-02-04 19:58:23,191: INFO     Set HNSW query-time parameters:
2021-02-04 19:58:23,191: INFO     ef(Search)         =20
2021-02-04 19:58:23,191: INFO     algoType           =2

0%   10   20   30   40   50   60   70   80   90   100%
|----|----|----|----|----|----|----|----|----|----|
***************************************************

0%   10   20   30   40   50   60   70   80   90   100%
|----|----|----|----|----|----|----|----|----|----|
***************************************************
*2021-02-04 19:58:31,376: INFO     No appropriate custom distance function for Hamming (bit-storage) space
2021-02-04 19:58:31,376: INFO     searchMethod			  = 0
2021-02-04 19:58:31,387: INFO     Identifying guides that have a hamming distance <= 3 to all other potential guides
2021-02-04 19:58:31,513: INFO     Set HNSW query-time parameters:
2021-02-04 19:58:31,513: INFO     ef(Search)         =9
2021-02-04 19:58:31,513: INFO     algoType           =2
2021-02-04 19:58:37,332: INFO     Formatting data for BedTools
2021-02-04 19:58:37,481: INFO     Create GuideMaker Annotation object
2021-02-04 19:58:37,481: INFO     Identify genomic features
2021-02-04 19:58:37,482: INFO     check if ../all_test_data/Burkholderia_thailandensis_E264_ATCC_700388_133.gbk is gzipped
2021-02-04 19:58:38,354: INFO     Total number of CDS/locus in the input genome: 5633
2021-02-04 19:58:38,354: INFO     Find genomic features closest the guides
2021-02-04 19:58:39,568: INFO     Select guides that start between +500 and -500 of a feature start
2021-02-04 19:58:39,720: INFO     Select description columns
2021-02-04 19:58:39,769: INFO     Format the output
2021-02-04 19:58:40,354: INFO     Number of Guides within a gene coordinates i.e. zero Feature distance: 33965
2021-02-04 19:58:40,931: INFO     creating random control guides
2021-02-04 19:58:41,029: INFO     Number of random control searched: 100
2021-02-04 19:58:41,029: INFO     Percentage of GC content in the input genome: 67.63
2021-02-04 19:58:41,029: INFO     Total length of the genome: 6.4 MB
2021-02-04 19:58:41,029: INFO     created 10 control guides with a minimum distance of 7 and a median distance of 8
2021-02-04 19:58:41,031: INFO     guidemaker completed, results are at TEST
2021-02-04 19:58:41,032: INFO     PAM sequence: NGRRT
2021-02-04 19:58:41,032: INFO     PAM orientation: 3prime
2021-02-04 19:58:41,032: INFO     Genome strand(s) searched: both
2021-02-04 19:58:41,032: INFO     Total PAM sites considered: 116535
2021-02-04 19:58:41,032: INFO     Guide RNA candidates found: 61915
	Command being timed: "guidemaker -i ../all_test_data/Burkholderia_thailandensis_E264_ATCC_700388_133.gbk --pamseq NGRRT --outdir TEST --pam_orientation 3prime --guidelength 20 --strand both --lcp 11 --dist 3 --before 500 --into 500 --knum 10 --controls 10 --log GM_63828939_10.log --threads 1"
	User time (seconds): 26.63
	System time (seconds): 2.40
	Percent of CPU this job got: 109%
	Elapsed (wall clock) time (h:mm:ss or m:ss): 0:26.42
	Average shared text size (kbytes): 0
	Average unshared data size (kbytes): 0
	Average stack size (kbytes): 0
	Average total size (kbytes): 0
	Maximum resident set size (kbytes): 467220
	Average resident set size (kbytes): 0
	Major (requiring I/O) page faults: 0
	Minor (reclaiming a frame) page faults: 434994
	Voluntary context switches: 3815
	Involuntary context switches: 437195
	Swaps: 0
	File system inputs: 0
	File system outputs: 125464
	Socket messages sent: 0
	Socket messages received: 0
	Signals delivered: 0
	Page size (bytes): 4096
	Exit status: 0
My SLURM_ARRAY_TASK_ID:  10
My TMPDIR IS:  /scratch/local/63828939
Input Genome:>>>>>>>>>>>>>>>>>>>>>>>>>>>>>>>>>>>>>>>>>>>  Burkholderia_thailandensis_E264_ATCC_700388_133.gbk
Input PAM:>>>>>>>>>>>>>>>>>>>>>>>>>>>>>>>>>>>>>>>>>>>  NGRRT
Threads used:>>>>>>>>>>>>>>>>>>>>>>>>>>>>>>>>>>>>>>>>>>>  2
GuideMaker
Your CPU supports instructions that this binary was not compiled to use: SSE4.1 SSE4.2 AVX AVX2
For maximum performance, you can install NMSLIB from sources 
pip install --no-binary :all: nmslib
2021-02-04 19:58:42,207: INFO     Temp directory is: /scratch/local/63828939/guidemaker_sodt83g2
2021-02-04 19:58:42,207: INFO     Writing fasta file from genbank file(s)
2021-02-04 19:58:42,207: INFO     check if ../all_test_data/Burkholderia_thailandensis_E264_ATCC_700388_133.gbk is gzipped
2021-02-04 19:58:42,939: INFO     Identifying PAM sites in the genome
2021-02-04 19:58:47,874: INFO     Checking guides for restriction enzymes
2021-02-04 19:58:47,904: INFO     Number of guides removed after checking for restriction enzymes: 0
2021-02-04 19:58:47,904: INFO     Identifing guides that are unique near the PAM site
2021-02-04 19:58:48,094: INFO     Number of guides removed after checking for unique PAM: 29346
2021-02-04 19:58:48,094: INFO     Indexing all potential guide sites: 116535. This is the longest step.
2021-02-04 19:58:48,584: INFO     M                   = 16
2021-02-04 19:58:48,584: INFO     indexThreadQty      = 2
2021-02-04 19:58:48,584: INFO     efConstruction      = 10
2021-02-04 19:58:48,584: INFO     maxM			          = 16
2021-02-04 19:58:48,584: INFO     maxM0			          = 32
2021-02-04 19:58:48,584: INFO     mult                = 0.360674
2021-02-04 19:58:48,584: INFO     skip_optimized_index= 0
2021-02-04 19:58:48,585: INFO     delaunay_type       = 2
2021-02-04 19:58:48,585: INFO     Set HNSW query-time parameters:
2021-02-04 19:58:48,585: INFO     ef(Search)         =20
2021-02-04 19:58:48,585: INFO     algoType           =2

0%   10   20   30   40   50   60   70   80   90   100%
|----|----|----|----|----|----|----|----|----|----|
***************************************************

0%   10   20   30   40   50   60   70   80   90   100%
|----|----|----|----|----|----|----|----|----|----|
****************************************************2021-02-04 19:58:53,875: INFO     No appropriate custom distance function for Hamming (bit-storage) space
2021-02-04 19:58:53,876: INFO     searchMethod			  = 0
2021-02-04 19:58:53,886: INFO     Identifying guides that have a hamming distance <= 3 to all other potential guides
2021-02-04 19:58:54,005: INFO     Set HNSW query-time parameters:
2021-02-04 19:58:54,005: INFO     ef(Search)         =9
2021-02-04 19:58:54,006: INFO     algoType           =2
2021-02-04 19:58:58,994: INFO     Formatting data for BedTools
2021-02-04 19:58:59,148: INFO     Create GuideMaker Annotation object
2021-02-04 19:58:59,149: INFO     Identify genomic features
2021-02-04 19:58:59,149: INFO     check if ../all_test_data/Burkholderia_thailandensis_E264_ATCC_700388_133.gbk is gzipped
2021-02-04 19:59:00,038: INFO     Total number of CDS/locus in the input genome: 5633
2021-02-04 19:59:00,039: INFO     Find genomic features closest the guides
2021-02-04 19:59:01,284: INFO     Select guides that start between +500 and -500 of a feature start
2021-02-04 19:59:01,429: INFO     Select description columns
2021-02-04 19:59:01,479: INFO     Format the output
2021-02-04 19:59:02,080: INFO     Number of Guides within a gene coordinates i.e. zero Feature distance: 33956
2021-02-04 19:59:02,692: INFO     creating random control guides
2021-02-04 19:59:02,803: INFO     Number of random control searched: 100
2021-02-04 19:59:02,803: INFO     Percentage of GC content in the input genome: 67.63
2021-02-04 19:59:02,803: INFO     Total length of the genome: 6.4 MB
2021-02-04 19:59:02,804: INFO     created 10 control guides with a minimum distance of 7 and a median distance of 8
2021-02-04 19:59:02,806: INFO     guidemaker completed, results are at TEST
2021-02-04 19:59:02,806: INFO     PAM sequence: NGRRT
2021-02-04 19:59:02,806: INFO     PAM orientation: 3prime
2021-02-04 19:59:02,806: INFO     Genome strand(s) searched: both
2021-02-04 19:59:02,807: INFO     Total PAM sites considered: 116535
2021-02-04 19:59:02,807: INFO     Guide RNA candidates found: 61898
	Command being timed: "guidemaker -i ../all_test_data/Burkholderia_thailandensis_E264_ATCC_700388_133.gbk --pamseq NGRRT --outdir TEST --pam_orientation 3prime --guidelength 20 --strand both --lcp 11 --dist 3 --before 500 --into 500 --knum 10 --controls 10 --log GM_63828939_10.log --threads 2"
	User time (seconds): 28.82
	System time (seconds): 2.61
	Percent of CPU this job got: 144%
	Elapsed (wall clock) time (h:mm:ss or m:ss): 0:21.81
	Average shared text size (kbytes): 0
	Average unshared data size (kbytes): 0
	Average stack size (kbytes): 0
	Average total size (kbytes): 0
	Maximum resident set size (kbytes): 513924
	Average resident set size (kbytes): 0
	Major (requiring I/O) page faults: 0
	Minor (reclaiming a frame) page faults: 542646
	Voluntary context switches: 10498
	Involuntary context switches: 144264
	Swaps: 0
	File system inputs: 88
	File system outputs: 125440
	Socket messages sent: 0
	Socket messages received: 0
	Signals delivered: 0
	Page size (bytes): 4096
	Exit status: 0
My SLURM_ARRAY_TASK_ID:  10
My TMPDIR IS:  /scratch/local/63828939
Input Genome:>>>>>>>>>>>>>>>>>>>>>>>>>>>>>>>>>>>>>>>>>>>  Burkholderia_thailandensis_E264_ATCC_700388_133.gbk
Input PAM:>>>>>>>>>>>>>>>>>>>>>>>>>>>>>>>>>>>>>>>>>>>  NGRRT
Threads used:>>>>>>>>>>>>>>>>>>>>>>>>>>>>>>>>>>>>>>>>>>>  4
GuideMaker
Your CPU supports instructions that this binary was not compiled to use: SSE4.1 SSE4.2 AVX AVX2
For maximum performance, you can install NMSLIB from sources 
pip install --no-binary :all: nmslib
2021-02-04 19:59:03,997: INFO     Temp directory is: /scratch/local/63828939/guidemaker_o0yg06bg
2021-02-04 19:59:03,997: INFO     Writing fasta file from genbank file(s)
2021-02-04 19:59:03,997: INFO     check if ../all_test_data/Burkholderia_thailandensis_E264_ATCC_700388_133.gbk is gzipped
2021-02-04 19:59:04,725: INFO     Identifying PAM sites in the genome
2021-02-04 19:59:10,220: INFO     Checking guides for restriction enzymes
2021-02-04 19:59:10,251: INFO     Number of guides removed after checking for restriction enzymes: 0
2021-02-04 19:59:10,251: INFO     Identifing guides that are unique near the PAM site
2021-02-04 19:59:10,424: INFO     Number of guides removed after checking for unique PAM: 29346
2021-02-04 19:59:10,424: INFO     Indexing all potential guide sites: 116535. This is the longest step.
2021-02-04 19:59:10,910: INFO     M                   = 16
2021-02-04 19:59:10,910: INFO     indexThreadQty      = 4
2021-02-04 19:59:10,910: INFO     efConstruction      = 10
2021-02-04 19:59:10,910: INFO     maxM			          = 16
2021-02-04 19:59:10,910: INFO     maxM0			          = 32
2021-02-04 19:59:10,910: INFO     mult                = 0.360674
2021-02-04 19:59:10,910: INFO     skip_optimized_index= 0
2021-02-04 19:59:10,910: INFO     delaunay_type       = 2
2021-02-04 19:59:10,910: INFO     Set HNSW query-time parameters:
2021-02-04 19:59:10,910: INFO     ef(Search)         =20
2021-02-04 19:59:10,910: INFO     algoType           =2

0%   10   20   30   40   50   60   70   80   90   100%
|----|----|----|----|----|----|----|----|----|----|
***************************************************

0%   10   20   30   40   50   60   70   80   90   100%
|----|----|----|----|----|----|----|----|----|----|
****************************************************2021-02-04 19:59:13,775: INFO     No appropriate custom distance function for Hamming (bit-storage) space
2021-02-04 19:59:13,775: INFO     searchMethod			  = 0
2021-02-04 19:59:13,786: INFO     Identifying guides that have a hamming distance <= 3 to all other potential guides
2021-02-04 19:59:13,913: INFO     Set HNSW query-time parameters:
2021-02-04 19:59:13,913: INFO     ef(Search)         =9
2021-02-04 19:59:13,913: INFO     algoType           =2
2021-02-04 19:59:18,115: INFO     Formatting data for BedTools
2021-02-04 19:59:18,268: INFO     Create GuideMaker Annotation object
2021-02-04 19:59:18,269: INFO     Identify genomic features
2021-02-04 19:59:18,269: INFO     check if ../all_test_data/Burkholderia_thailandensis_E264_ATCC_700388_133.gbk is gzipped
2021-02-04 19:59:19,151: INFO     Total number of CDS/locus in the input genome: 5633
2021-02-04 19:59:19,151: INFO     Find genomic features closest the guides
2021-02-04 19:59:20,385: INFO     Select guides that start between +500 and -500 of a feature start
2021-02-04 19:59:20,525: INFO     Select description columns
2021-02-04 19:59:20,574: INFO     Format the output
2021-02-04 19:59:21,163: INFO     Number of Guides within a gene coordinates i.e. zero Feature distance: 33978
2021-02-04 19:59:21,744: INFO     creating random control guides
2021-02-04 19:59:21,847: INFO     Number of random control searched: 100
2021-02-04 19:59:21,847: INFO     Percentage of GC content in the input genome: 67.63
2021-02-04 19:59:21,847: INFO     Total length of the genome: 6.4 MB
2021-02-04 19:59:21,847: INFO     created 10 control guides with a minimum distance of 7 and a median distance of 8
2021-02-04 19:59:21,850: INFO     guidemaker completed, results are at TEST
2021-02-04 19:59:21,850: INFO     PAM sequence: NGRRT
2021-02-04 19:59:21,850: INFO     PAM orientation: 3prime
2021-02-04 19:59:21,850: INFO     Genome strand(s) searched: both
2021-02-04 19:59:21,850: INFO     Total PAM sites considered: 116535
2021-02-04 19:59:21,850: INFO     Guide RNA candidates found: 61923
	Command being timed: "guidemaker -i ../all_test_data/Burkholderia_thailandensis_E264_ATCC_700388_133.gbk --pamseq NGRRT --outdir TEST --pam_orientation 3prime --guidelength 20 --strand both --lcp 11 --dist 3 --before 500 --into 500 --knum 10 --controls 10 --log GM_63828939_10.log --threads 4"
	User time (seconds): 29.96
	System time (seconds): 2.53
	Percent of CPU this job got: 170%
	Elapsed (wall clock) time (h:mm:ss or m:ss): 0:19.03
	Average shared text size (kbytes): 0
	Average unshared data size (kbytes): 0
	Average stack size (kbytes): 0
	Average total size (kbytes): 0
	Maximum resident set size (kbytes): 513992
	Average resident set size (kbytes): 0
	Major (requiring I/O) page faults: 0
	Minor (reclaiming a frame) page faults: 501782
	Voluntary context switches: 19410
	Involuntary context switches: 292353
	Swaps: 0
	File system inputs: 56
	File system outputs: 125448
	Socket messages sent: 0
	Socket messages received: 0
	Signals delivered: 0
	Page size (bytes): 4096
	Exit status: 0
My SLURM_ARRAY_TASK_ID:  10
My TMPDIR IS:  /scratch/local/63828939
Input Genome:>>>>>>>>>>>>>>>>>>>>>>>>>>>>>>>>>>>>>>>>>>>  Burkholderia_thailandensis_E264_ATCC_700388_133.gbk
Input PAM:>>>>>>>>>>>>>>>>>>>>>>>>>>>>>>>>>>>>>>>>>>>  NGRRT
Threads used:>>>>>>>>>>>>>>>>>>>>>>>>>>>>>>>>>>>>>>>>>>>  8
GuideMaker
Your CPU supports instructions that this binary was not compiled to use: SSE4.1 SSE4.2 AVX AVX2
For maximum performance, you can install NMSLIB from sources 
pip install --no-binary :all: nmslib
2021-02-04 19:59:23,425: INFO     Temp directory is: /scratch/local/63828939/guidemaker_a44l4if4
2021-02-04 19:59:23,425: INFO     Writing fasta file from genbank file(s)
2021-02-04 19:59:23,426: INFO     check if ../all_test_data/Burkholderia_thailandensis_E264_ATCC_700388_133.gbk is gzipped
2021-02-04 19:59:24,152: INFO     Identifying PAM sites in the genome
2021-02-04 19:59:29,113: INFO     Checking guides for restriction enzymes
2021-02-04 19:59:29,143: INFO     Number of guides removed after checking for restriction enzymes: 0
2021-02-04 19:59:29,143: INFO     Identifing guides that are unique near the PAM site
2021-02-04 19:59:29,316: INFO     Number of guides removed after checking for unique PAM: 29346
2021-02-04 19:59:29,316: INFO     Indexing all potential guide sites: 116535. This is the longest step.
2021-02-04 19:59:29,821: INFO     M                   = 16
2021-02-04 19:59:29,821: INFO     indexThreadQty      = 8
2021-02-04 19:59:29,822: INFO     efConstruction      = 10
2021-02-04 19:59:29,822: INFO     maxM			          = 16
2021-02-04 19:59:29,822: INFO     maxM0			          = 32
2021-02-04 19:59:29,822: INFO     mult                = 0.360674
2021-02-04 19:59:29,822: INFO     skip_optimized_index= 0
2021-02-04 19:59:29,822: INFO     delaunay_type       = 2
2021-02-04 19:59:29,822: INFO     Set HNSW query-time parameters:
2021-02-04 19:59:29,822: INFO     ef(Search)         =20
2021-02-04 19:59:29,822: INFO     algoType           =2

0%   10   20   30   40   50   60   70   80   90   100%
|----|----|----|----|----|----|----|----|----|----|
***************************************************

0%   10   20   30   40   50   60   70   80   90   100%
|----|----|----|----|----|----|----|----|----|----|
******************************************************




2021-02-04 19:59:31,344: INFO     No appropriate custom distance function for Hamming (bit-storage) space
2021-02-04 19:59:31,344: INFO     searchMethod			  = 0
2021-02-04 19:59:31,349: INFO     Identifying guides that have a hamming distance <= 3 to all other potential guides
2021-02-04 19:59:31,467: INFO     Set HNSW query-time parameters:
2021-02-04 19:59:31,468: INFO     ef(Search)         =9
2021-02-04 19:59:31,468: INFO     algoType           =2
2021-02-04 19:59:35,653: INFO     Formatting data for BedTools
2021-02-04 19:59:35,807: INFO     Create GuideMaker Annotation object
2021-02-04 19:59:35,807: INFO     Identify genomic features
2021-02-04 19:59:35,808: INFO     check if ../all_test_data/Burkholderia_thailandensis_E264_ATCC_700388_133.gbk is gzipped
2021-02-04 19:59:36,683: INFO     Total number of CDS/locus in the input genome: 5633
2021-02-04 19:59:36,684: INFO     Find genomic features closest the guides
2021-02-04 19:59:37,901: INFO     Select guides that start between +500 and -500 of a feature start
2021-02-04 19:59:38,041: INFO     Select description columns
2021-02-04 19:59:38,089: INFO     Format the output
2021-02-04 19:59:38,679: INFO     Number of Guides within a gene coordinates i.e. zero Feature distance: 33967
2021-02-04 19:59:39,254: INFO     creating random control guides
2021-02-04 19:59:39,366: INFO     Number of random control searched: 100
2021-02-04 19:59:39,366: INFO     Percentage of GC content in the input genome: 67.63
2021-02-04 19:59:39,366: INFO     Total length of the genome: 6.4 MB
2021-02-04 19:59:39,366: INFO     created 10 control guides with a minimum distance of 7 and a median distance of 8
2021-02-04 19:59:39,369: INFO     guidemaker completed, results are at TEST
2021-02-04 19:59:39,369: INFO     PAM sequence: NGRRT
2021-02-04 19:59:39,369: INFO     PAM orientation: 3prime
2021-02-04 19:59:39,369: INFO     Genome strand(s) searched: both
2021-02-04 19:59:39,369: INFO     Total PAM sites considered: 116535
2021-02-04 19:59:39,369: INFO     Guide RNA candidates found: 61905
	Command being timed: "guidemaker -i ../all_test_data/Burkholderia_thailandensis_E264_ATCC_700388_133.gbk --pamseq NGRRT --outdir TEST --pam_orientation 3prime --guidelength 20 --strand both --lcp 11 --dist 3 --before 500 --into 500 --knum 10 --controls 10 --log GM_63828939_10.log --threads 8"
	User time (seconds): 30.66
	System time (seconds): 2.72
	Percent of CPU this job got: 190%
	Elapsed (wall clock) time (h:mm:ss or m:ss): 0:17.51
	Average shared text size (kbytes): 0
	Average unshared data size (kbytes): 0
	Average stack size (kbytes): 0
	Average total size (kbytes): 0
	Maximum resident set size (kbytes): 515656
	Average resident set size (kbytes): 0
	Major (requiring I/O) page faults: 0
	Minor (reclaiming a frame) page faults: 468293
	Voluntary context switches: 37078
	Involuntary context switches: 385
	Swaps: 0
	File system inputs: 8
	File system outputs: 125424
	Socket messages sent: 0
	Socket messages received: 0
	Signals delivered: 0
	Page size (bytes): 4096
	Exit status: 0
My SLURM_ARRAY_TASK_ID:  10
My TMPDIR IS:  /scratch/local/63828939
Input Genome:>>>>>>>>>>>>>>>>>>>>>>>>>>>>>>>>>>>>>>>>>>>  Burkholderia_thailandensis_E264_ATCC_700388_133.gbk
Input PAM:>>>>>>>>>>>>>>>>>>>>>>>>>>>>>>>>>>>>>>>>>>>  NGRRT
Threads used:>>>>>>>>>>>>>>>>>>>>>>>>>>>>>>>>>>>>>>>>>>>  16
GuideMaker
Your CPU supports instructions that this binary was not compiled to use: SSE4.1 SSE4.2 AVX AVX2
For maximum performance, you can install NMSLIB from sources 
pip install --no-binary :all: nmslib
2021-02-04 19:59:40,559: INFO     Temp directory is: /scratch/local/63828939/guidemaker_179u24to
2021-02-04 19:59:40,559: INFO     Writing fasta file from genbank file(s)
2021-02-04 19:59:40,559: INFO     check if ../all_test_data/Burkholderia_thailandensis_E264_ATCC_700388_133.gbk is gzipped
2021-02-04 19:59:41,284: INFO     Identifying PAM sites in the genome
2021-02-04 19:59:46,281: INFO     Checking guides for restriction enzymes
2021-02-04 19:59:46,316: INFO     Number of guides removed after checking for restriction enzymes: 0
2021-02-04 19:59:46,316: INFO     Identifing guides that are unique near the PAM site
2021-02-04 19:59:46,502: INFO     Number of guides removed after checking for unique PAM: 29346
2021-02-04 19:59:46,502: INFO     Indexing all potential guide sites: 116535. This is the longest step.
2021-02-04 19:59:46,992: INFO     M                   = 16
2021-02-04 19:59:46,992: INFO     indexThreadQty      = 16
2021-02-04 19:59:46,992: INFO     efConstruction      = 10
2021-02-04 19:59:46,992: INFO     maxM			          = 16
2021-02-04 19:59:46,992: INFO     maxM0			          = 32
2021-02-04 19:59:46,992: INFO     mult                = 0.360674
2021-02-04 19:59:46,992: INFO     skip_optimized_index= 0
2021-02-04 19:59:46,993: INFO     delaunay_type       = 2
2021-02-04 19:59:46,993: INFO     Set HNSW query-time parameters:
2021-02-04 19:59:46,993: INFO     ef(Search)         =20
2021-02-04 19:59:46,993: INFO     algoType           =2

0%   10   20   30   40   50   60   70   80   90   100%
|----|----|----|----|----|----|----|----|----|----|
***************************************************

0%   10   20   30   40   50   60   70   80   90   100%
|----|----|----|----|----|----|----|----|----|----|
*******************************************************2021-02-04 19:59:47,868: INFO     No appropriate custom distance function for Hamming (bit-storage) space
2021-02-04 19:59:47,868: INFO     searchMethod			  = 0
2021-02-04 19:59:47,873: INFO     Identifying guides that have a hamming distance <= 3 to all other potential guides
2021-02-04 19:59:47,999: INFO     Set HNSW query-time parameters:
2021-02-04 19:59:47,999: INFO     ef(Search)         =9
2021-02-04 19:59:47,999: INFO     algoType           =2
2021-02-04 19:59:51,852: INFO     Formatting data for BedTools
2021-02-04 19:59:52,004: INFO     Create GuideMaker Annotation object
2021-02-04 19:59:52,004: INFO     Identify genomic features
2021-02-04 19:59:52,004: INFO     check if ../all_test_data/Burkholderia_thailandensis_E264_ATCC_700388_133.gbk is gzipped
2021-02-04 19:59:52,875: INFO     Total number of CDS/locus in the input genome: 5633
2021-02-04 19:59:52,875: INFO     Find genomic features closest the guides
2021-02-04 19:59:54,092: INFO     Select guides that start between +500 and -500 of a feature start
2021-02-04 19:59:54,246: INFO     Select description columns
2021-02-04 19:59:54,294: INFO     Format the output
2021-02-04 19:59:54,883: INFO     Number of Guides within a gene coordinates i.e. zero Feature distance: 33963
2021-02-04 19:59:55,456: INFO     creating random control guides
2021-02-04 19:59:55,557: INFO     Number of random control searched: 100
2021-02-04 19:59:55,557: INFO     Percentage of GC content in the input genome: 67.63
2021-02-04 19:59:55,557: INFO     Total length of the genome: 6.4 MB
2021-02-04 19:59:55,557: INFO     created 10 control guides with a minimum distance of 7 and a median distance of 7
2021-02-04 19:59:55,559: INFO     guidemaker completed, results are at TEST
2021-02-04 19:59:55,559: INFO     PAM sequence: NGRRT
2021-02-04 19:59:55,559: INFO     PAM orientation: 3prime
2021-02-04 19:59:55,560: INFO     Genome strand(s) searched: both
2021-02-04 19:59:55,560: INFO     Total PAM sites considered: 116535
2021-02-04 19:59:55,560: INFO     Guide RNA candidates found: 61903
	Command being timed: "guidemaker -i ../all_test_data/Burkholderia_thailandensis_E264_ATCC_700388_133.gbk --pamseq NGRRT --outdir TEST --pam_orientation 3prime --guidelength 20 --strand both --lcp 11 --dist 3 --before 500 --into 500 --knum 10 --controls 10 --log GM_63828939_10.log --threads 16"
	User time (seconds): 31.68
	System time (seconds): 2.78
	Percent of CPU this job got: 213%
	Elapsed (wall clock) time (h:mm:ss or m:ss): 0:16.17
	Average shared text size (kbytes): 0
	Average unshared data size (kbytes): 0
	Average stack size (kbytes): 0
	Average total size (kbytes): 0
	Maximum resident set size (kbytes): 517160
	Average resident set size (kbytes): 0
	Major (requiring I/O) page faults: 0
	Minor (reclaiming a frame) page faults: 434596
	Voluntary context switches: 66721
	Involuntary context switches: 432946
	Swaps: 0
	File system inputs: 0
	File system outputs: 125416
	Socket messages sent: 0
	Socket messages received: 0
	Signals delivered: 0
	Page size (bytes): 4096
	Exit status: 0
My SLURM_ARRAY_TASK_ID:  10
My TMPDIR IS:  /scratch/local/63828939
Input Genome:>>>>>>>>>>>>>>>>>>>>>>>>>>>>>>>>>>>>>>>>>>>  Burkholderia_thailandensis_E264_ATCC_700388_133.gbk
Input PAM:>>>>>>>>>>>>>>>>>>>>>>>>>>>>>>>>>>>>>>>>>>>  NGRRT
Threads used:>>>>>>>>>>>>>>>>>>>>>>>>>>>>>>>>>>>>>>>>>>>  32
GuideMaker
Your CPU supports instructions that this binary was not compiled to use: SSE4.1 SSE4.2 AVX AVX2
For maximum performance, you can install NMSLIB from sources 
pip install --no-binary :all: nmslib
2021-02-04 19:59:56,755: INFO     Temp directory is: /scratch/local/63828939/guidemaker_s850w5yz
2021-02-04 19:59:56,755: INFO     Writing fasta file from genbank file(s)
2021-02-04 19:59:56,755: INFO     check if ../all_test_data/Burkholderia_thailandensis_E264_ATCC_700388_133.gbk is gzipped
2021-02-04 19:59:57,521: INFO     Identifying PAM sites in the genome
2021-02-04 20:00:02,749: INFO     Checking guides for restriction enzymes
2021-02-04 20:00:02,780: INFO     Number of guides removed after checking for restriction enzymes: 0
2021-02-04 20:00:02,780: INFO     Identifing guides that are unique near the PAM site
2021-02-04 20:00:02,952: INFO     Number of guides removed after checking for unique PAM: 29346
2021-02-04 20:00:02,952: INFO     Indexing all potential guide sites: 116535. This is the longest step.
2021-02-04 20:00:03,444: INFO     M                   = 16
2021-02-04 20:00:03,445: INFO     indexThreadQty      = 32
2021-02-04 20:00:03,445: INFO     efConstruction      = 10
2021-02-04 20:00:03,445: INFO     maxM			          = 16
2021-02-04 20:00:03,445: INFO     maxM0			          = 32
2021-02-04 20:00:03,445: INFO     mult                = 0.360674
2021-02-04 20:00:03,445: INFO     skip_optimized_index= 0
2021-02-04 20:00:03,445: INFO     delaunay_type       = 2
2021-02-04 20:00:03,445: INFO     Set HNSW query-time parameters:
2021-02-04 20:00:03,445: INFO     ef(Search)         =20
2021-02-04 20:00:03,445: INFO     algoType           =2

0%   10   20   30   40   50   60   70   80   90   100%
|----|----|----|----|----|----|----|----|----|----|
***************************************************

0%   10   20   30   40   50   60   70   80   90   100%
|----|----|----|----|----|----|----|----|----|----|
*******************************************************2021-02-04 20:00:04,009: INFO     No appropriate custom distance function for Hamming (bit-storage) space
2021-02-04 20:00:04,009: INFO     searchMethod			  = 0
2021-02-04 20:00:04,014: INFO     Identifying guides that have a hamming distance <= 3 to all other potential guides
2021-02-04 20:00:04,142: INFO     Set HNSW query-time parameters:
2021-02-04 20:00:04,142: INFO     ef(Search)         =9
2021-02-04 20:00:04,142: INFO     algoType           =2
2021-02-04 20:00:07,830: INFO     Formatting data for BedTools
2021-02-04 20:00:07,985: INFO     Create GuideMaker Annotation object
2021-02-04 20:00:07,985: INFO     Identify genomic features
2021-02-04 20:00:07,986: INFO     check if ../all_test_data/Burkholderia_thailandensis_E264_ATCC_700388_133.gbk is gzipped
2021-02-04 20:00:08,880: INFO     Total number of CDS/locus in the input genome: 5633
2021-02-04 20:00:08,881: INFO     Find genomic features closest the guides
2021-02-04 20:00:10,137: INFO     Select guides that start between +500 and -500 of a feature start
2021-02-04 20:00:10,282: INFO     Select description columns
2021-02-04 20:00:10,335: INFO     Format the output
2021-02-04 20:00:11,081: INFO     Number of Guides within a gene coordinates i.e. zero Feature distance: 33969
2021-02-04 20:00:11,658: INFO     creating random control guides
2021-02-04 20:00:11,767: INFO     Number of random control searched: 100
2021-02-04 20:00:11,767: INFO     Percentage of GC content in the input genome: 67.63
2021-02-04 20:00:11,767: INFO     Total length of the genome: 6.4 MB
2021-02-04 20:00:11,767: INFO     created 10 control guides with a minimum distance of 7 and a median distance of 7
2021-02-04 20:00:11,770: INFO     guidemaker completed, results are at TEST
2021-02-04 20:00:11,770: INFO     PAM sequence: NGRRT
2021-02-04 20:00:11,770: INFO     PAM orientation: 3prime
2021-02-04 20:00:11,770: INFO     Genome strand(s) searched: both
2021-02-04 20:00:11,770: INFO     Total PAM sites considered: 116535
2021-02-04 20:00:11,770: INFO     Guide RNA candidates found: 61910
	Command being timed: "guidemaker -i ../all_test_data/Burkholderia_thailandensis_E264_ATCC_700388_133.gbk --pamseq NGRRT --outdir TEST --pam_orientation 3prime --guidelength 20 --strand both --lcp 11 --dist 3 --before 500 --into 500 --knum 10 --controls 10 --log GM_63828939_10.log --threads 32"
	User time (seconds): 33.38
	System time (seconds): 4.19
	Percent of CPU this job got: 231%
	Elapsed (wall clock) time (h:mm:ss or m:ss): 0:16.25
	Average shared text size (kbytes): 0
	Average unshared data size (kbytes): 0
	Average stack size (kbytes): 0
	Average total size (kbytes): 0
	Maximum resident set size (kbytes): 518868
	Average resident set size (kbytes): 0
	Major (requiring I/O) page faults: 0
	Minor (reclaiming a frame) page faults: 488778
	Voluntary context switches: 164747
	Involuntary context switches: 144772
	Swaps: 0
	File system inputs: 8
	File system outputs: 125416
	Socket messages sent: 0
	Socket messages received: 0
	Signals delivered: 0
	Page size (bytes): 4096
	Exit status: 0
