Thu Feb  4 21:16:51 EST 2021
c27b-s37.ufhpc
/blue/garrett/rp3448/analysis/guidemaker/nonAVXGuidemaker

     active environment : NONAVX2
    active env location : /home/rp3448/.conda/envs/NONAVX2
            shell level : 3
       user config file : /home/rp3448/.condarc
 populated config files : /home/rp3448/.condarc
          conda version : 4.9.2
    conda-build version : not installed
         python version : 3.9.1.final.0
       virtual packages : __glibc=2.17=0
                          __unix=0=0
                          __archspec=1=x86_64
       base environment : /apps/conda/4.9.2  (read only)
           channel URLs : https://conda.anaconda.org/biobakery/linux-64
                          https://conda.anaconda.org/biobakery/noarch
                          https://conda.anaconda.org/conda-forge/linux-64
                          https://conda.anaconda.org/conda-forge/noarch
                          https://conda.anaconda.org/bioconda/linux-64
                          https://conda.anaconda.org/bioconda/noarch
                          https://repo.anaconda.com/pkgs/main/linux-64
                          https://repo.anaconda.com/pkgs/main/noarch
                          https://repo.anaconda.com/pkgs/r/linux-64
                          https://repo.anaconda.com/pkgs/r/noarch
          package cache : /apps/conda/4.9.2/pkgs
                          /home/rp3448/.conda/pkgs
       envs directories : /home/rp3448/.conda/envs
                          /apps/conda/4.9.2/envs
               platform : linux-64
             user-agent : conda/4.9.2 requests/2.25.1 CPython/3.9.1 Linux/3.10.0-1062.18.1.el7.x86_64 rhel/7.7 glibc/2.17
                UID:GID : 6472:3511
             netrc file : None
           offline mode : False

My SLURM_ARRAY_TASK_ID:  8
My TMPDIR IS:  /scratch/local/63833317
Input Genome:>>>>>>>>>>>>>>>>>>>>>>>>>>>>>>>>>>>>>>>>>>>  Pseudomonas_aeruginosa_PAO1_107.gbk
Input PAM:>>>>>>>>>>>>>>>>>>>>>>>>>>>>>>>>>>>>>>>>>>>  NNAGAAW
Threads used:>>>>>>>>>>>>>>>>>>>>>>>>>>>>>>>>>>>>>>>>>>>  1
GuideMaker
Your CPU supports instructions that this binary was not compiled to use: SSE4.1 SSE4.2 AVX AVX2
For maximum performance, you can install NMSLIB from sources 
pip install --no-binary :all: nmslib
2021-02-04 21:16:55,714: INFO     Temp directory is: /scratch/local/63833317/guidemaker_2b53_nnb
2021-02-04 21:16:55,714: INFO     Writing fasta file from genbank file(s)
2021-02-04 21:16:55,715: INFO     check if ../all_test_data/Pseudomonas_aeruginosa_PAO1_107.gbk is gzipped
/home/rp3448/.conda/envs/NONAVX2/lib/python3.7/site-packages/Bio/GenBank/Scanner.py:1400: BiopythonParserWarning: Truncated LOCUS line found - is this correct?
:'LOCUS       NC_002516            6264404 bp    dna     circular UNK \n'
  BiopythonParserWarning,
/home/rp3448/.conda/envs/NONAVX2/lib/python3.7/site-packages/Bio/GenBank/__init__.py:762: BiopythonParserWarning: Non-upper case molecule type in LOCUS line: dna
  BiopythonParserWarning,
2021-02-04 21:16:56,512: INFO     Identifying PAM sites in the genome
2021-02-04 21:16:59,080: INFO     Checking guides for restriction enzymes
2021-02-04 21:16:59,082: INFO     Number of guides removed after checking for restriction enzymes: 0
2021-02-04 21:16:59,082: INFO     Identifing guides that are unique near the PAM site
2021-02-04 21:16:59,089: INFO     Number of guides removed after checking for unique PAM: 201
2021-02-04 21:16:59,089: INFO     Indexing all potential guide sites: 7291. This is the longest step.
2021-02-04 21:16:59,120: INFO     M                   = 16
2021-02-04 21:16:59,121: INFO     indexThreadQty      = 1
2021-02-04 21:16:59,121: INFO     efConstruction      = 10
2021-02-04 21:16:59,121: INFO     maxM			          = 16
2021-02-04 21:16:59,121: INFO     maxM0			          = 32
2021-02-04 21:16:59,121: INFO     mult                = 0.360674
2021-02-04 21:16:59,121: INFO     skip_optimized_index= 0
2021-02-04 21:16:59,121: INFO     delaunay_type       = 2
2021-02-04 21:16:59,121: INFO     Set HNSW query-time parameters:
2021-02-04 21:16:59,121: INFO     ef(Search)         =20
2021-02-04 21:16:59,121: INFO     algoType           =2

0%   10   20   30   40   50   60   70   80   90   100%
|----|----|----|----|----|----|----|----|----|----|
***************************************************

0%   10   20   30   40   50   60   70   80   90   100%
|----|----|----|----|----|----|----|----|----|----|
***************************************************
*2021-02-04 21:16:59,434: INFO     No appropriate custom distance function for Hamming (bit-storage) space
2021-02-04 21:16:59,434: INFO     searchMethod			  = 0
2021-02-04 21:16:59,435: INFO     Identifying guides that have a hamming distance <= 3 to all other potential guides
2021-02-04 21:16:59,448: INFO     Set HNSW query-time parameters:
2021-02-04 21:16:59,448: INFO     ef(Search)         =9
2021-02-04 21:16:59,448: INFO     algoType           =2
2021-02-04 21:16:59,872: INFO     Formatting data for BedTools
2021-02-04 21:16:59,890: INFO     Create GuideMaker Annotation object
2021-02-04 21:16:59,890: INFO     Identify genomic features
2021-02-04 21:16:59,891: INFO     check if ../all_test_data/Pseudomonas_aeruginosa_PAO1_107.gbk is gzipped
2021-02-04 21:17:00,829: INFO     Total number of CDS/locus in the input genome: 5584
2021-02-04 21:17:00,829: INFO     Find genomic features closest the guides
2021-02-04 21:17:01,033: INFO     Select guides that start between +500 and -500 of a feature start
2021-02-04 21:17:01,095: INFO     Select description columns
2021-02-04 21:17:01,141: INFO     Format the output
2021-02-04 21:17:01,203: INFO     Number of Guides within a gene coordinates i.e. zero Feature distance: 2841
2021-02-04 21:17:01,288: INFO     creating random control guides
2021-02-04 21:17:01,376: INFO     Number of random control searched: 100
2021-02-04 21:17:01,376: INFO     Percentage of GC content in the input genome: 66.56
2021-02-04 21:17:01,376: INFO     Total length of the genome: 6.0 MB
2021-02-04 21:17:01,376: INFO     created 10 control guides with a minimum distance of 8 and a median distance of 8
2021-02-04 21:17:01,378: INFO     guidemaker completed, results are at TEST
2021-02-04 21:17:01,378: INFO     PAM sequence: NNAGAAW
2021-02-04 21:17:01,378: INFO     PAM orientation: 3prime
2021-02-04 21:17:01,378: INFO     Genome strand(s) searched: both
2021-02-04 21:17:01,378: INFO     Total PAM sites considered: 7291
2021-02-04 21:17:01,379: INFO     Guide RNA candidates found: 6404
	Command being timed: "guidemaker -i ../all_test_data/Pseudomonas_aeruginosa_PAO1_107.gbk --pamseq NNAGAAW --outdir TEST --pam_orientation 3prime --guidelength 20 --strand both --lcp 11 --dist 3 --before 500 --into 500 --knum 10 --controls 10 --log GM_63833317_8.log --threads 1"
	User time (seconds): 7.27
	System time (seconds): 1.84
	Percent of CPU this job got: 137%
	Elapsed (wall clock) time (h:mm:ss or m:ss): 0:06.61
	Average shared text size (kbytes): 0
	Average unshared data size (kbytes): 0
	Average stack size (kbytes): 0
	Average total size (kbytes): 0
	Maximum resident set size (kbytes): 149660
	Average resident set size (kbytes): 0
	Major (requiring I/O) page faults: 0
	Minor (reclaiming a frame) page faults: 180002
	Voluntary context switches: 1542
	Involuntary context switches: 974431
	Swaps: 0
	File system inputs: 0
	File system outputs: 26888
	Socket messages sent: 0
	Socket messages received: 0
	Signals delivered: 0
	Page size (bytes): 4096
	Exit status: 0
My SLURM_ARRAY_TASK_ID:  8
My TMPDIR IS:  /scratch/local/63833317
Input Genome:>>>>>>>>>>>>>>>>>>>>>>>>>>>>>>>>>>>>>>>>>>>  Pseudomonas_aeruginosa_PAO1_107.gbk
Input PAM:>>>>>>>>>>>>>>>>>>>>>>>>>>>>>>>>>>>>>>>>>>>  NNAGAAW
Threads used:>>>>>>>>>>>>>>>>>>>>>>>>>>>>>>>>>>>>>>>>>>>  2
GuideMaker
Your CPU supports instructions that this binary was not compiled to use: SSE4.1 SSE4.2 AVX AVX2
For maximum performance, you can install NMSLIB from sources 
pip install --no-binary :all: nmslib
2021-02-04 21:17:02,333: INFO     Temp directory is: /scratch/local/63833317/guidemaker_hiqly3tk
2021-02-04 21:17:02,333: INFO     Writing fasta file from genbank file(s)
2021-02-04 21:17:02,333: INFO     check if ../all_test_data/Pseudomonas_aeruginosa_PAO1_107.gbk is gzipped
/home/rp3448/.conda/envs/NONAVX2/lib/python3.7/site-packages/Bio/GenBank/Scanner.py:1400: BiopythonParserWarning: Truncated LOCUS line found - is this correct?
:'LOCUS       NC_002516            6264404 bp    dna     circular UNK \n'
  BiopythonParserWarning,
/home/rp3448/.conda/envs/NONAVX2/lib/python3.7/site-packages/Bio/GenBank/__init__.py:762: BiopythonParserWarning: Non-upper case molecule type in LOCUS line: dna
  BiopythonParserWarning,
2021-02-04 21:17:03,131: INFO     Identifying PAM sites in the genome
2021-02-04 21:17:05,567: INFO     Checking guides for restriction enzymes
2021-02-04 21:17:05,569: INFO     Number of guides removed after checking for restriction enzymes: 0
2021-02-04 21:17:05,569: INFO     Identifing guides that are unique near the PAM site
2021-02-04 21:17:05,576: INFO     Number of guides removed after checking for unique PAM: 201
2021-02-04 21:17:05,576: INFO     Indexing all potential guide sites: 7291. This is the longest step.
2021-02-04 21:17:05,606: INFO     M                   = 16
2021-02-04 21:17:05,607: INFO     indexThreadQty      = 2
2021-02-04 21:17:05,607: INFO     efConstruction      = 10
2021-02-04 21:17:05,607: INFO     maxM			          = 16
2021-02-04 21:17:05,607: INFO     maxM0			          = 32
2021-02-04 21:17:05,607: INFO     mult                = 0.360674
2021-02-04 21:17:05,607: INFO     skip_optimized_index= 0
2021-02-04 21:17:05,607: INFO     delaunay_type       = 2
2021-02-04 21:17:05,607: INFO     Set HNSW query-time parameters:
2021-02-04 21:17:05,607: INFO     ef(Search)         =20
2021-02-04 21:17:05,607: INFO     algoType           =2

0%   10   20   30   40   50   60   70   80   90   100%
|----|----|----|----|----|----|----|----|----|----|
***************************************************

0%   10   20   30   40   50   60   70   80   90   100%
|----|----|----|----|----|----|----|----|----|----|
****************************************************2021-02-04 21:17:05,790: INFO     No appropriate custom distance function for Hamming (bit-storage) space
2021-02-04 21:17:05,790: INFO     searchMethod			  = 0
2021-02-04 21:17:05,790: INFO     Identifying guides that have a hamming distance <= 3 to all other potential guides
2021-02-04 21:17:05,799: INFO     Set HNSW query-time parameters:
2021-02-04 21:17:05,799: INFO     ef(Search)         =9
2021-02-04 21:17:05,799: INFO     algoType           =2
2021-02-04 21:17:06,097: INFO     Formatting data for BedTools
2021-02-04 21:17:06,111: INFO     Create GuideMaker Annotation object
2021-02-04 21:17:06,111: INFO     Identify genomic features
2021-02-04 21:17:06,111: INFO     check if ../all_test_data/Pseudomonas_aeruginosa_PAO1_107.gbk is gzipped
2021-02-04 21:17:06,951: INFO     Total number of CDS/locus in the input genome: 5584
2021-02-04 21:17:06,952: INFO     Find genomic features closest the guides
2021-02-04 21:17:07,136: INFO     Select guides that start between +500 and -500 of a feature start
2021-02-04 21:17:07,199: INFO     Select description columns
2021-02-04 21:17:07,245: INFO     Format the output
2021-02-04 21:17:07,308: INFO     Number of Guides within a gene coordinates i.e. zero Feature distance: 2841
2021-02-04 21:17:07,440: INFO     creating random control guides
2021-02-04 21:17:07,529: INFO     Number of random control searched: 100
2021-02-04 21:17:07,529: INFO     Percentage of GC content in the input genome: 66.56
2021-02-04 21:17:07,529: INFO     Total length of the genome: 6.0 MB
2021-02-04 21:17:07,529: INFO     created 10 control guides with a minimum distance of 9 and a median distance of 9
2021-02-04 21:17:07,531: INFO     guidemaker completed, results are at TEST
2021-02-04 21:17:07,531: INFO     PAM sequence: NNAGAAW
2021-02-04 21:17:07,532: INFO     PAM orientation: 3prime
2021-02-04 21:17:07,532: INFO     Genome strand(s) searched: both
2021-02-04 21:17:07,532: INFO     Total PAM sites considered: 7291
2021-02-04 21:17:07,532: INFO     Guide RNA candidates found: 6404
	Command being timed: "guidemaker -i ../all_test_data/Pseudomonas_aeruginosa_PAO1_107.gbk --pamseq NNAGAAW --outdir TEST --pam_orientation 3prime --guidelength 20 --strand both --lcp 11 --dist 3 --before 500 --into 500 --knum 10 --controls 10 --log GM_63833317_8.log --threads 2"
	User time (seconds): 7.88
	System time (seconds): 1.83
	Percent of CPU this job got: 158%
	Elapsed (wall clock) time (h:mm:ss or m:ss): 0:06.15
	Average shared text size (kbytes): 0
	Average unshared data size (kbytes): 0
	Average stack size (kbytes): 0
	Average total size (kbytes): 0
	Maximum resident set size (kbytes): 153980
	Average resident set size (kbytes): 0
	Major (requiring I/O) page faults: 0
	Minor (reclaiming a frame) page faults: 169526
	Voluntary context switches: 2943
	Involuntary context switches: 220
	Swaps: 0
	File system inputs: 16
	File system outputs: 26872
	Socket messages sent: 0
	Socket messages received: 0
	Signals delivered: 0
	Page size (bytes): 4096
	Exit status: 0
My SLURM_ARRAY_TASK_ID:  8
My TMPDIR IS:  /scratch/local/63833317
Input Genome:>>>>>>>>>>>>>>>>>>>>>>>>>>>>>>>>>>>>>>>>>>>  Pseudomonas_aeruginosa_PAO1_107.gbk
Input PAM:>>>>>>>>>>>>>>>>>>>>>>>>>>>>>>>>>>>>>>>>>>>  NNAGAAW
Threads used:>>>>>>>>>>>>>>>>>>>>>>>>>>>>>>>>>>>>>>>>>>>  4
GuideMaker
Your CPU supports instructions that this binary was not compiled to use: SSE4.1 SSE4.2 AVX AVX2
For maximum performance, you can install NMSLIB from sources 
pip install --no-binary :all: nmslib
2021-02-04 21:17:08,501: INFO     Temp directory is: /scratch/local/63833317/guidemaker_2zz1xyk3
2021-02-04 21:17:08,501: INFO     Writing fasta file from genbank file(s)
2021-02-04 21:17:08,501: INFO     check if ../all_test_data/Pseudomonas_aeruginosa_PAO1_107.gbk is gzipped
/home/rp3448/.conda/envs/NONAVX2/lib/python3.7/site-packages/Bio/GenBank/Scanner.py:1400: BiopythonParserWarning: Truncated LOCUS line found - is this correct?
:'LOCUS       NC_002516            6264404 bp    dna     circular UNK \n'
  BiopythonParserWarning,
/home/rp3448/.conda/envs/NONAVX2/lib/python3.7/site-packages/Bio/GenBank/__init__.py:762: BiopythonParserWarning: Non-upper case molecule type in LOCUS line: dna
  BiopythonParserWarning,
2021-02-04 21:17:09,296: INFO     Identifying PAM sites in the genome
2021-02-04 21:17:11,806: INFO     Checking guides for restriction enzymes
2021-02-04 21:17:11,808: INFO     Number of guides removed after checking for restriction enzymes: 0
2021-02-04 21:17:11,808: INFO     Identifing guides that are unique near the PAM site
2021-02-04 21:17:11,814: INFO     Number of guides removed after checking for unique PAM: 201
2021-02-04 21:17:11,814: INFO     Indexing all potential guide sites: 7291. This is the longest step.
2021-02-04 21:17:11,845: INFO     M                   = 16
2021-02-04 21:17:11,845: INFO     indexThreadQty      = 4
2021-02-04 21:17:11,845: INFO     efConstruction      = 10
2021-02-04 21:17:11,846: INFO     maxM			          = 16
2021-02-04 21:17:11,846: INFO     maxM0			          = 32
2021-02-04 21:17:11,846: INFO     mult                = 0.360674
2021-02-04 21:17:11,846: INFO     skip_optimized_index= 0
2021-02-04 21:17:11,846: INFO     delaunay_type       = 2
2021-02-04 21:17:11,846: INFO     Set HNSW query-time parameters:
2021-02-04 21:17:11,846: INFO     ef(Search)         =20
2021-02-04 21:17:11,846: INFO     algoType           =2

0%   10   20   30   40   50   60   70   80   90   100%
|----|----|----|----|----|----|----|----|----|----|
***************************************************

0%   10   20   30   40   50   60   70   80   90   100%
|----|----|----|----|----|----|----|----|----|----|
*******************************************************2021-02-04 21:17:11,952: INFO     No appropriate custom distance function for Hamming (bit-storage) space
2021-02-04 21:17:11,952: INFO     searchMethod			  = 0
2021-02-04 21:17:11,952: INFO     Identifying guides that have a hamming distance <= 3 to all other potential guides
2021-02-04 21:17:11,962: INFO     Set HNSW query-time parameters:
2021-02-04 21:17:11,962: INFO     ef(Search)         =9
2021-02-04 21:17:11,962: INFO     algoType           =2
2021-02-04 21:17:12,248: INFO     Formatting data for BedTools
2021-02-04 21:17:12,262: INFO     Create GuideMaker Annotation object
2021-02-04 21:17:12,262: INFO     Identify genomic features
2021-02-04 21:17:12,263: INFO     check if ../all_test_data/Pseudomonas_aeruginosa_PAO1_107.gbk is gzipped
2021-02-04 21:17:13,106: INFO     Total number of CDS/locus in the input genome: 5584
2021-02-04 21:17:13,106: INFO     Find genomic features closest the guides
2021-02-04 21:17:13,290: INFO     Select guides that start between +500 and -500 of a feature start
2021-02-04 21:17:13,352: INFO     Select description columns
2021-02-04 21:17:13,398: INFO     Format the output
2021-02-04 21:17:13,461: INFO     Number of Guides within a gene coordinates i.e. zero Feature distance: 2841
2021-02-04 21:17:13,599: INFO     creating random control guides
2021-02-04 21:17:13,687: INFO     Number of random control searched: 100
2021-02-04 21:17:13,687: INFO     Percentage of GC content in the input genome: 66.56
2021-02-04 21:17:13,688: INFO     Total length of the genome: 6.0 MB
2021-02-04 21:17:13,688: INFO     created 10 control guides with a minimum distance of 8 and a median distance of 8
2021-02-04 21:17:13,690: INFO     guidemaker completed, results are at TEST
2021-02-04 21:17:13,690: INFO     PAM sequence: NNAGAAW
2021-02-04 21:17:13,690: INFO     PAM orientation: 3prime
2021-02-04 21:17:13,690: INFO     Genome strand(s) searched: both
2021-02-04 21:17:13,690: INFO     Total PAM sites considered: 7291
2021-02-04 21:17:13,690: INFO     Guide RNA candidates found: 6404
	Command being timed: "guidemaker -i ../all_test_data/Pseudomonas_aeruginosa_PAO1_107.gbk --pamseq NNAGAAW --outdir TEST --pam_orientation 3prime --guidelength 20 --strand both --lcp 11 --dist 3 --before 500 --into 500 --knum 10 --controls 10 --log GM_63833317_8.log --threads 4"
	User time (seconds): 7.74
	System time (seconds): 1.92
	Percent of CPU this job got: 157%
	Elapsed (wall clock) time (h:mm:ss or m:ss): 0:06.15
	Average shared text size (kbytes): 0
	Average unshared data size (kbytes): 0
	Average stack size (kbytes): 0
	Average total size (kbytes): 0
	Maximum resident set size (kbytes): 153940
	Average resident set size (kbytes): 0
	Major (requiring I/O) page faults: 0
	Minor (reclaiming a frame) page faults: 170874
	Voluntary context switches: 4541
	Involuntary context switches: 143863
	Swaps: 0
	File system inputs: 16
	File system outputs: 26872
	Socket messages sent: 0
	Socket messages received: 0
	Signals delivered: 0
	Page size (bytes): 4096
	Exit status: 0
My SLURM_ARRAY_TASK_ID:  8
My TMPDIR IS:  /scratch/local/63833317
Input Genome:>>>>>>>>>>>>>>>>>>>>>>>>>>>>>>>>>>>>>>>>>>>  Pseudomonas_aeruginosa_PAO1_107.gbk
Input PAM:>>>>>>>>>>>>>>>>>>>>>>>>>>>>>>>>>>>>>>>>>>>  NNAGAAW
Threads used:>>>>>>>>>>>>>>>>>>>>>>>>>>>>>>>>>>>>>>>>>>>  8
GuideMaker
Your CPU supports instructions that this binary was not compiled to use: SSE4.1 SSE4.2 AVX AVX2
For maximum performance, you can install NMSLIB from sources 
pip install --no-binary :all: nmslib
2021-02-04 21:17:14,627: INFO     Temp directory is: /scratch/local/63833317/guidemaker_pi6xi9vn
2021-02-04 21:17:14,628: INFO     Writing fasta file from genbank file(s)
2021-02-04 21:17:14,628: INFO     check if ../all_test_data/Pseudomonas_aeruginosa_PAO1_107.gbk is gzipped
/home/rp3448/.conda/envs/NONAVX2/lib/python3.7/site-packages/Bio/GenBank/Scanner.py:1400: BiopythonParserWarning: Truncated LOCUS line found - is this correct?
:'LOCUS       NC_002516            6264404 bp    dna     circular UNK \n'
  BiopythonParserWarning,
/home/rp3448/.conda/envs/NONAVX2/lib/python3.7/site-packages/Bio/GenBank/__init__.py:762: BiopythonParserWarning: Non-upper case molecule type in LOCUS line: dna
  BiopythonParserWarning,
2021-02-04 21:17:15,416: INFO     Identifying PAM sites in the genome
2021-02-04 21:17:17,843: INFO     Checking guides for restriction enzymes
2021-02-04 21:17:17,845: INFO     Number of guides removed after checking for restriction enzymes: 0
2021-02-04 21:17:17,845: INFO     Identifing guides that are unique near the PAM site
2021-02-04 21:17:17,852: INFO     Number of guides removed after checking for unique PAM: 201
2021-02-04 21:17:17,852: INFO     Indexing all potential guide sites: 7291. This is the longest step.
2021-02-04 21:17:17,882: INFO     M                   = 16
2021-02-04 21:17:17,883: INFO     indexThreadQty      = 8
2021-02-04 21:17:17,883: INFO     efConstruction      = 10
2021-02-04 21:17:17,883: INFO     maxM			          = 16
2021-02-04 21:17:17,883: INFO     maxM0			          = 32
2021-02-04 21:17:17,883: INFO     mult                = 0.360674
2021-02-04 21:17:17,883: INFO     skip_optimized_index= 0
2021-02-04 21:17:17,883: INFO     delaunay_type       = 2
2021-02-04 21:17:17,883: INFO     Set HNSW query-time parameters:
2021-02-04 21:17:17,883: INFO     ef(Search)         =20
2021-02-04 21:17:17,883: INFO     algoType           =2

0%   10   20   30   40   50   60   70   80   90   100%
|----|----|----|----|----|----|----|----|----|----|
***************************************************

0%   10   20   30   40   50   60   70   80   90   100%
|----|----|----|----|----|----|----|----|----|----|
****************************************************2021-02-04 21:17:17,945: INFO     No appropriate custom distance function for Hamming (bit-storage) space
2021-02-04 21:17:17,945: INFO     searchMethod			  = 0
2021-02-04 21:17:17,946: INFO     Identifying guides that have a hamming distance <= 3 to all other potential guides
2021-02-04 21:17:17,955: INFO     Set HNSW query-time parameters:
2021-02-04 21:17:17,955: INFO     ef(Search)         =9
2021-02-04 21:17:17,955: INFO     algoType           =2
2021-02-04 21:17:18,234: INFO     Formatting data for BedTools
2021-02-04 21:17:18,249: INFO     Create GuideMaker Annotation object
2021-02-04 21:17:18,249: INFO     Identify genomic features
2021-02-04 21:17:18,249: INFO     check if ../all_test_data/Pseudomonas_aeruginosa_PAO1_107.gbk is gzipped
2021-02-04 21:17:19,082: INFO     Total number of CDS/locus in the input genome: 5584
2021-02-04 21:17:19,082: INFO     Find genomic features closest the guides
2021-02-04 21:17:19,270: INFO     Select guides that start between +500 and -500 of a feature start
2021-02-04 21:17:19,330: INFO     Select description columns
2021-02-04 21:17:19,374: INFO     Format the output
2021-02-04 21:17:19,435: INFO     Number of Guides within a gene coordinates i.e. zero Feature distance: 2842
2021-02-04 21:17:19,549: INFO     creating random control guides
2021-02-04 21:17:19,637: INFO     Number of random control searched: 100
2021-02-04 21:17:19,637: INFO     Percentage of GC content in the input genome: 66.56
2021-02-04 21:17:19,637: INFO     Total length of the genome: 6.0 MB
2021-02-04 21:17:19,637: INFO     created 10 control guides with a minimum distance of 8 and a median distance of 9
2021-02-04 21:17:19,640: INFO     guidemaker completed, results are at TEST
2021-02-04 21:17:19,640: INFO     PAM sequence: NNAGAAW
2021-02-04 21:17:19,640: INFO     PAM orientation: 3prime
2021-02-04 21:17:19,640: INFO     Genome strand(s) searched: both
2021-02-04 21:17:19,640: INFO     Total PAM sites considered: 7291
2021-02-04 21:17:19,640: INFO     Guide RNA candidates found: 6405
	Command being timed: "guidemaker -i ../all_test_data/Pseudomonas_aeruginosa_PAO1_107.gbk --pamseq NNAGAAW --outdir TEST --pam_orientation 3prime --guidelength 20 --strand both --lcp 11 --dist 3 --before 500 --into 500 --knum 10 --controls 10 --log GM_63833317_8.log --threads 8"
	User time (seconds): 7.67
	System time (seconds): 1.90
	Percent of CPU this job got: 161%
	Elapsed (wall clock) time (h:mm:ss or m:ss): 0:05.93
	Average shared text size (kbytes): 0
	Average unshared data size (kbytes): 0
	Average stack size (kbytes): 0
	Average total size (kbytes): 0
	Maximum resident set size (kbytes): 153980
	Average resident set size (kbytes): 0
	Major (requiring I/O) page faults: 0
	Minor (reclaiming a frame) page faults: 170209
	Voluntary context switches: 7239
	Involuntary context switches: 292564
	Swaps: 0
	File system inputs: 16
	File system outputs: 26880
	Socket messages sent: 0
	Socket messages received: 0
	Signals delivered: 0
	Page size (bytes): 4096
	Exit status: 0
My SLURM_ARRAY_TASK_ID:  8
My TMPDIR IS:  /scratch/local/63833317
Input Genome:>>>>>>>>>>>>>>>>>>>>>>>>>>>>>>>>>>>>>>>>>>>  Pseudomonas_aeruginosa_PAO1_107.gbk
Input PAM:>>>>>>>>>>>>>>>>>>>>>>>>>>>>>>>>>>>>>>>>>>>  NNAGAAW
Threads used:>>>>>>>>>>>>>>>>>>>>>>>>>>>>>>>>>>>>>>>>>>>  16
GuideMaker
Your CPU supports instructions that this binary was not compiled to use: SSE4.1 SSE4.2 AVX AVX2
For maximum performance, you can install NMSLIB from sources 
pip install --no-binary :all: nmslib
2021-02-04 21:17:20,599: INFO     Temp directory is: /scratch/local/63833317/guidemaker_by0eom1s
2021-02-04 21:17:20,599: INFO     Writing fasta file from genbank file(s)
2021-02-04 21:17:20,600: INFO     check if ../all_test_data/Pseudomonas_aeruginosa_PAO1_107.gbk is gzipped
/home/rp3448/.conda/envs/NONAVX2/lib/python3.7/site-packages/Bio/GenBank/Scanner.py:1400: BiopythonParserWarning: Truncated LOCUS line found - is this correct?
:'LOCUS       NC_002516            6264404 bp    dna     circular UNK \n'
  BiopythonParserWarning,
/home/rp3448/.conda/envs/NONAVX2/lib/python3.7/site-packages/Bio/GenBank/__init__.py:762: BiopythonParserWarning: Non-upper case molecule type in LOCUS line: dna
  BiopythonParserWarning,
2021-02-04 21:17:21,389: INFO     Identifying PAM sites in the genome
2021-02-04 21:17:23,896: INFO     Checking guides for restriction enzymes
2021-02-04 21:17:23,898: INFO     Number of guides removed after checking for restriction enzymes: 0
2021-02-04 21:17:23,898: INFO     Identifing guides that are unique near the PAM site
2021-02-04 21:17:23,905: INFO     Number of guides removed after checking for unique PAM: 201
2021-02-04 21:17:23,905: INFO     Indexing all potential guide sites: 7291. This is the longest step.
2021-02-04 21:17:23,936: INFO     M                   = 16
2021-02-04 21:17:23,936: INFO     indexThreadQty      = 16
2021-02-04 21:17:23,936: INFO     efConstruction      = 10
2021-02-04 21:17:23,936: INFO     maxM			          = 16
2021-02-04 21:17:23,936: INFO     maxM0			          = 32
2021-02-04 21:17:23,936: INFO     mult                = 0.360674
2021-02-04 21:17:23,936: INFO     skip_optimized_index= 0
2021-02-04 21:17:23,936: INFO     delaunay_type       = 2
2021-02-04 21:17:23,936: INFO     Set HNSW query-time parameters:
2021-02-04 21:17:23,936: INFO     ef(Search)         =20
2021-02-04 21:17:23,936: INFO     algoType           =2

0%   10   20   30   40   50   60   70   80   90   100%
|----|----|----|----|----|----|----|----|----|----|
***************************************************

0%   10   20   30   40   50   60   70   80   90   100%
|----|----|----|----|----|----|----|----|----|----|
*******************************************************2021-02-04 21:17:23,978: INFO     No appropriate custom distance function for Hamming (bit-storage) space
2021-02-04 21:17:23,979: INFO     searchMethod			  = 0
2021-02-04 21:17:23,979: INFO     Identifying guides that have a hamming distance <= 3 to all other potential guides
2021-02-04 21:17:23,989: INFO     Set HNSW query-time parameters:
2021-02-04 21:17:23,989: INFO     ef(Search)         =9
2021-02-04 21:17:23,989: INFO     algoType           =2
2021-02-04 21:17:24,273: INFO     Formatting data for BedTools
2021-02-04 21:17:24,287: INFO     Create GuideMaker Annotation object
2021-02-04 21:17:24,287: INFO     Identify genomic features
2021-02-04 21:17:24,287: INFO     check if ../all_test_data/Pseudomonas_aeruginosa_PAO1_107.gbk is gzipped
2021-02-04 21:17:25,322: INFO     Total number of CDS/locus in the input genome: 5584
2021-02-04 21:17:25,322: INFO     Find genomic features closest the guides
2021-02-04 21:17:25,547: INFO     Select guides that start between +500 and -500 of a feature start
2021-02-04 21:17:25,623: INFO     Select description columns
2021-02-04 21:17:25,680: INFO     Format the output
2021-02-04 21:17:25,756: INFO     Number of Guides within a gene coordinates i.e. zero Feature distance: 2841
2021-02-04 21:17:25,854: INFO     creating random control guides
2021-02-04 21:17:25,953: INFO     Number of random control searched: 100
2021-02-04 21:17:25,953: INFO     Percentage of GC content in the input genome: 66.56
2021-02-04 21:17:25,953: INFO     Total length of the genome: 6.0 MB
2021-02-04 21:17:25,953: INFO     created 10 control guides with a minimum distance of 8 and a median distance of 8
2021-02-04 21:17:25,957: INFO     guidemaker completed, results are at TEST
2021-02-04 21:17:25,957: INFO     PAM sequence: NNAGAAW
2021-02-04 21:17:25,957: INFO     PAM orientation: 3prime
2021-02-04 21:17:25,957: INFO     Genome strand(s) searched: both
2021-02-04 21:17:25,957: INFO     Total PAM sites considered: 7291
2021-02-04 21:17:25,957: INFO     Guide RNA candidates found: 6404
	Command being timed: "guidemaker -i ../all_test_data/Pseudomonas_aeruginosa_PAO1_107.gbk --pamseq NNAGAAW --outdir TEST --pam_orientation 3prime --guidelength 20 --strand both --lcp 11 --dist 3 --before 500 --into 500 --knum 10 --controls 10 --log GM_63833317_8.log --threads 16"
	User time (seconds): 8.09
	System time (seconds): 2.07
	Percent of CPU this job got: 160%
	Elapsed (wall clock) time (h:mm:ss or m:ss): 0:06.31
	Average shared text size (kbytes): 0
	Average unshared data size (kbytes): 0
	Average stack size (kbytes): 0
	Average total size (kbytes): 0
	Maximum resident set size (kbytes): 154048
	Average resident set size (kbytes): 0
	Major (requiring I/O) page faults: 0
	Minor (reclaiming a frame) page faults: 169884
	Voluntary context switches: 12381
	Involuntary context switches: 143200
	Swaps: 0
	File system inputs: 0
	File system outputs: 26888
	Socket messages sent: 0
	Socket messages received: 0
	Signals delivered: 0
	Page size (bytes): 4096
	Exit status: 0
My SLURM_ARRAY_TASK_ID:  8
My TMPDIR IS:  /scratch/local/63833317
Input Genome:>>>>>>>>>>>>>>>>>>>>>>>>>>>>>>>>>>>>>>>>>>>  Pseudomonas_aeruginosa_PAO1_107.gbk
Input PAM:>>>>>>>>>>>>>>>>>>>>>>>>>>>>>>>>>>>>>>>>>>>  NNAGAAW
Threads used:>>>>>>>>>>>>>>>>>>>>>>>>>>>>>>>>>>>>>>>>>>>  32
GuideMaker
Your CPU supports instructions that this binary was not compiled to use: SSE4.1 SSE4.2 AVX AVX2
For maximum performance, you can install NMSLIB from sources 
pip install --no-binary :all: nmslib
2021-02-04 21:17:26,928: INFO     Temp directory is: /scratch/local/63833317/guidemaker_yuo3x0jr
2021-02-04 21:17:26,929: INFO     Writing fasta file from genbank file(s)
2021-02-04 21:17:26,929: INFO     check if ../all_test_data/Pseudomonas_aeruginosa_PAO1_107.gbk is gzipped
/home/rp3448/.conda/envs/NONAVX2/lib/python3.7/site-packages/Bio/GenBank/Scanner.py:1400: BiopythonParserWarning: Truncated LOCUS line found - is this correct?
:'LOCUS       NC_002516            6264404 bp    dna     circular UNK \n'
  BiopythonParserWarning,
/home/rp3448/.conda/envs/NONAVX2/lib/python3.7/site-packages/Bio/GenBank/__init__.py:762: BiopythonParserWarning: Non-upper case molecule type in LOCUS line: dna
  BiopythonParserWarning,
2021-02-04 21:17:27,714: INFO     Identifying PAM sites in the genome
2021-02-04 21:17:30,227: INFO     Checking guides for restriction enzymes
2021-02-04 21:17:30,230: INFO     Number of guides removed after checking for restriction enzymes: 0
2021-02-04 21:17:30,230: INFO     Identifing guides that are unique near the PAM site
2021-02-04 21:17:30,236: INFO     Number of guides removed after checking for unique PAM: 201
2021-02-04 21:17:30,236: INFO     Indexing all potential guide sites: 7291. This is the longest step.
2021-02-04 21:17:30,266: INFO     M                   = 16
2021-02-04 21:17:30,266: INFO     indexThreadQty      = 32
2021-02-04 21:17:30,266: INFO     efConstruction      = 10
2021-02-04 21:17:30,266: INFO     maxM			          = 16
2021-02-04 21:17:30,266: INFO     maxM0			          = 32
2021-02-04 21:17:30,266: INFO     mult                = 0.360674
2021-02-04 21:17:30,266: INFO     skip_optimized_index= 0
2021-02-04 21:17:30,266: INFO     delaunay_type       = 2
2021-02-04 21:17:30,267: INFO     Set HNSW query-time parameters:
2021-02-04 21:17:30,267: INFO     ef(Search)         =20
2021-02-04 21:17:30,267: INFO     algoType           =2

0%   10   20   30   40   50   60   70   80   90   100%
|----|----|----|----|----|----|----|----|----|----|
***************************************************

0%   10   20   30   40   50   60   70   80   90   100%
|----|----|----|----|----|----|----|----|----|----|
*******************************************************
2021-02-04 21:17:30,301: INFO     No appropriate custom distance function for Hamming (bit-storage) space
2021-02-04 21:17:30,301: INFO     searchMethod			  = 0
2021-02-04 21:17:30,302: INFO     Identifying guides that have a hamming distance <= 3 to all other potential guides
2021-02-04 21:17:30,310: INFO     Set HNSW query-time parameters:
2021-02-04 21:17:30,311: INFO     ef(Search)         =9
2021-02-04 21:17:30,311: INFO     algoType           =2
2021-02-04 21:17:30,584: INFO     Formatting data for BedTools
2021-02-04 21:17:30,598: INFO     Create GuideMaker Annotation object
2021-02-04 21:17:30,598: INFO     Identify genomic features
2021-02-04 21:17:30,598: INFO     check if ../all_test_data/Pseudomonas_aeruginosa_PAO1_107.gbk is gzipped
2021-02-04 21:17:31,440: INFO     Total number of CDS/locus in the input genome: 5584
2021-02-04 21:17:31,440: INFO     Find genomic features closest the guides
2021-02-04 21:17:31,633: INFO     Select guides that start between +500 and -500 of a feature start
2021-02-04 21:17:31,696: INFO     Select description columns
2021-02-04 21:17:31,744: INFO     Format the output
2021-02-04 21:17:31,808: INFO     Number of Guides within a gene coordinates i.e. zero Feature distance: 2841
2021-02-04 21:17:32,049: INFO     creating random control guides
2021-02-04 21:17:32,141: INFO     Number of random control searched: 100
2021-02-04 21:17:32,141: INFO     Percentage of GC content in the input genome: 66.56
2021-02-04 21:17:32,141: INFO     Total length of the genome: 6.0 MB
2021-02-04 21:17:32,141: INFO     created 10 control guides with a minimum distance of 8 and a median distance of 8
2021-02-04 21:17:32,143: INFO     guidemaker completed, results are at TEST
2021-02-04 21:17:32,143: INFO     PAM sequence: NNAGAAW
2021-02-04 21:17:32,144: INFO     PAM orientation: 3prime
2021-02-04 21:17:32,144: INFO     Genome strand(s) searched: both
2021-02-04 21:17:32,144: INFO     Total PAM sites considered: 7291
2021-02-04 21:17:32,144: INFO     Guide RNA candidates found: 6404
	Command being timed: "guidemaker -i ../all_test_data/Pseudomonas_aeruginosa_PAO1_107.gbk --pamseq NNAGAAW --outdir TEST --pam_orientation 3prime --guidelength 20 --strand both --lcp 11 --dist 3 --before 500 --into 500 --knum 10 --controls 10 --log GM_63833317_8.log --threads 32"
	User time (seconds): 8.17
	System time (seconds): 2.20
	Percent of CPU this job got: 167%
	Elapsed (wall clock) time (h:mm:ss or m:ss): 0:06.18
	Average shared text size (kbytes): 0
	Average unshared data size (kbytes): 0
	Average stack size (kbytes): 0
	Average total size (kbytes): 0
	Maximum resident set size (kbytes): 154168
	Average resident set size (kbytes): 0
	Major (requiring I/O) page faults: 0
	Minor (reclaiming a frame) page faults: 194397
	Voluntary context switches: 23616
	Involuntary context switches: 211
	Swaps: 0
	File system inputs: 0
	File system outputs: 26872
	Socket messages sent: 0
	Socket messages received: 0
	Signals delivered: 0
	Page size (bytes): 4096
	Exit status: 0
