slurmstepd: error: Unable to create TMPDIR [/scratch/local/58616138]: Permission denied
slurmstepd: error: Setting TMPDIR to /tmp
Mon Sep 14 17:47:17 EDT 2020
c24b-s26.ufhpc
/blue/garrett/rp3448/analysis/guidemaker/nonAVXGuidemaker/GuideMaker

     active environment : nonAVX2
    active env location : /home/rp3448/.conda/envs/nonAVX2
            shell level : 2
       user config file : /home/rp3448/.condarc
 populated config files : /home/rp3448/.condarc
          conda version : 4.7.12
    conda-build version : not installed
         python version : 3.7.4.final.0
       virtual packages : 
       base environment : /apps/conda/4.7.12  (read only)
           channel URLs : https://conda.anaconda.org/biobakery/linux-64
                          https://conda.anaconda.org/biobakery/noarch
                          https://conda.anaconda.org/conda-forge/linux-64
                          https://conda.anaconda.org/conda-forge/noarch
                          https://conda.anaconda.org/bioconda/linux-64
                          https://conda.anaconda.org/bioconda/noarch
                          https://repo.anaconda.com/pkgs/main/linux-64
                          https://repo.anaconda.com/pkgs/main/noarch
                          https://repo.anaconda.com/pkgs/r/linux-64
                          https://repo.anaconda.com/pkgs/r/noarch
          package cache : /apps/conda/4.7.12/pkgs
                          /home/rp3448/.conda/pkgs
       envs directories : /home/rp3448/.conda/envs
                          /apps/conda/4.7.12/envs
               platform : linux-64
             user-agent : conda/4.7.12 requests/2.22.0 CPython/3.7.4 Linux/3.10.0-1062.18.1.el7.x86_64 rhel/7.7 glibc/2.17
                UID:GID : 6472:3511
             netrc file : None
           offline mode : False

My SLURM_ARRAY_TASK_ID:  2
My TMPDIR IS:  /tmp
Input Genome:>>>>>>>>>>>>>>>>>>>>>>>>>>>>>>>>>>>>>>>>>>>  Aspergillus_fumigatus.gbk
Threads used:>>>>>>>>>>>>>>>>>>>>>>>>>>>>>>>>>>>>>>>>>>>  1
GuideMaker
Your CPU supports instructions that this binary was not compiled to use: SSE4.1 SSE4.2 AVX AVX2
For maximum performance, you can install NMSLIB from sources 
pip install --no-binary :all: nmslib
2020-09-14 17:47:22,033: INFO     Temp directory is: /tmp/guidemaker_9maeoqjk
2020-09-14 17:47:22,034: INFO     Writing fasta file from genbank file(s)
2020-09-14 17:47:22,034: INFO     check if ../../all_test_data/Aspergillus_fumigatus.gbk is gzipped
2020-09-14 17:47:25,139: INFO     Identifying PAM sites in the genome
2020-09-14 17:50:19,767: INFO     Identifing guides that are unique near the PAM site
2020-09-14 17:50:24,666: INFO     Indexing all potential guide sites: 3499744. This is the longest step.
2020-09-14 17:50:39,625: INFO     M                   = 16
2020-09-14 17:50:39,625: INFO     indexThreadQty      = 1
2020-09-14 17:50:39,625: INFO     efConstruction      = 10
2020-09-14 17:50:39,625: INFO     maxM			          = 16
2020-09-14 17:50:39,626: INFO     maxM0			          = 32
2020-09-14 17:50:39,626: INFO     mult                = 0.360674
2020-09-14 17:50:39,626: INFO     skip_optimized_index= 0
2020-09-14 17:50:39,626: INFO     delaunay_type       = 2
2020-09-14 17:50:39,626: INFO     Set HNSW query-time parameters:
2020-09-14 17:50:39,626: INFO     ef(Search)         =20
2020-09-14 17:50:39,626: INFO     algoType           =2

0%   10   20   30   40   50   60   70   80   90   100%
|----|----|----|----|----|----|----|----|----|----|
***************************************************

0%   10   20   30   40   50   60   70   80   90   100%
|----|----|----|----|----|----|----|----|----|----|
***************************************************
*2020-09-14 17:58:08,904: INFO     No appropriate custom distance function for Hamming (bit-storage) space
2020-09-14 17:58:09,371: INFO     searchMethod			  = 0
2020-09-14 17:58:09,665: INFO     Identifying guides that have a hamming distance <= 3 to all other potential guides
2020-09-14 17:58:10,112: INFO     Set HNSW query-time parameters:
2020-09-14 17:58:10,112: INFO     ef(Search)         =9
2020-09-14 17:58:10,112: INFO     algoType           =2
2020-09-14 17:58:32,033: INFO     Formatting data for BedTools
2020-09-14 17:58:32,544: INFO     Create GuideMaker Annotation object
2020-09-14 17:58:32,544: INFO     Identify genomic features
2020-09-14 17:58:32,545: INFO     check if ../../all_test_data/Aspergillus_fumigatus.gbk is gzipped
2020-09-14 17:58:36,726: INFO     Total number of CDS/locus in the input genome: 9630
2020-09-14 17:58:36,726: INFO     Find genomic features closest the guides
2020-09-14 17:58:39,913: INFO     Select guides that start between +100 and -100 of a feature start
2020-09-14 17:58:40,067: INFO     Select description columns
2020-09-14 17:58:40,170: INFO     Format the output
2020-09-14 17:58:40,461: INFO     creating random control guides
2020-09-14 17:58:40,816: INFO     Number of random control searched: 100
2020-09-14 17:58:40,816: INFO     Percentage of GC content in the input genome: 48.82
2020-09-14 17:58:40,816: INFO     Total length of the genome: 28.0 MB
2020-09-14 17:58:40,816: INFO     created 10 control guides with a minimum distance of 7 and a median distance of 7
2020-09-14 17:58:40,819: INFO     guidemaker completed, results are at TEST
2020-09-14 17:58:40,819: INFO     PAM sequence: NGG
2020-09-14 17:58:40,819: INFO     PAM orientation: 5prime
2020-09-14 17:58:40,819: INFO     Genome strand(s) searched: both
2020-09-14 17:58:40,819: INFO     Total PAM sites considered: 3499744
2020-09-14 17:58:40,819: INFO     Guide RNA candidates found: 11439
	Command being timed: "guidemaker -i ../../all_test_data/Aspergillus_fumigatus.gbk --pamseq NGG --outdir TEST --pam_orientation 5prime --guidelength 20 --strand both --lcp 10 --dist 3 --before 100 --into 100 --knum 10 --controls 10 --log GuideMaker_58627706_2.log --threads 1"
	User time (seconds): 676.72
	System time (seconds): 11.67
	Percent of CPU this job got: 100%
	Elapsed (wall clock) time (h:mm:ss or m:ss): 11:25.66
	Average shared text size (kbytes): 0
	Average unshared data size (kbytes): 0
	Average stack size (kbytes): 0
	Average total size (kbytes): 0
	Maximum resident set size (kbytes): 7083228
	Average resident set size (kbytes): 0
	Major (requiring I/O) page faults: 0
	Minor (reclaiming a frame) page faults: 10182346
	Voluntary context switches: 3071
	Involuntary context switches: 283335
	Swaps: 0
	File system inputs: 0
	File system outputs: 192448
	Socket messages sent: 0
	Socket messages received: 0
	Signals delivered: 0
	Page size (bytes): 4096
	Exit status: 0
My SLURM_ARRAY_TASK_ID:  2
My TMPDIR IS:  /tmp
Input Genome:>>>>>>>>>>>>>>>>>>>>>>>>>>>>>>>>>>>>>>>>>>>  Aspergillus_fumigatus.gbk
Threads used:>>>>>>>>>>>>>>>>>>>>>>>>>>>>>>>>>>>>>>>>>>>  2
GuideMaker
Your CPU supports instructions that this binary was not compiled to use: SSE4.1 SSE4.2 AVX AVX2
For maximum performance, you can install NMSLIB from sources 
pip install --no-binary :all: nmslib
2020-09-14 17:58:47,703: INFO     Temp directory is: /tmp/guidemaker_pt91jdzi
2020-09-14 17:58:47,704: INFO     Writing fasta file from genbank file(s)
2020-09-14 17:58:47,704: INFO     check if ../../all_test_data/Aspergillus_fumigatus.gbk is gzipped
2020-09-14 17:58:50,792: INFO     Identifying PAM sites in the genome
2020-09-14 18:01:44,523: INFO     Identifing guides that are unique near the PAM site
2020-09-14 18:01:49,392: INFO     Indexing all potential guide sites: 3499744. This is the longest step.
2020-09-14 18:02:04,179: INFO     M                   = 16
2020-09-14 18:02:04,179: INFO     indexThreadQty      = 2
2020-09-14 18:02:04,179: INFO     efConstruction      = 10
2020-09-14 18:02:04,179: INFO     maxM			          = 16
2020-09-14 18:02:04,179: INFO     maxM0			          = 32
2020-09-14 18:02:04,179: INFO     mult                = 0.360674
2020-09-14 18:02:04,179: INFO     skip_optimized_index= 0
2020-09-14 18:02:04,180: INFO     delaunay_type       = 2
2020-09-14 18:02:04,180: INFO     Set HNSW query-time parameters:
2020-09-14 18:02:04,180: INFO     ef(Search)         =20
2020-09-14 18:02:04,180: INFO     algoType           =2

0%   10   20   30   40   50   60   70   80   90   100%
|----|----|----|----|----|----|----|----|----|----|
***************************************************

0%   10   20   30   40   50   60   70   80   90   100%
|----|----|----|----|----|----|----|----|----|----|
****************************************************2020-09-14 18:07:01,361: INFO     No appropriate custom distance function for Hamming (bit-storage) space
2020-09-14 18:07:01,362: INFO     searchMethod			  = 0
2020-09-14 18:07:01,642: INFO     Identifying guides that have a hamming distance <= 3 to all other potential guides
2020-09-14 18:07:02,080: INFO     Set HNSW query-time parameters:
2020-09-14 18:07:02,080: INFO     ef(Search)         =9
2020-09-14 18:07:02,080: INFO     algoType           =2
2020-09-14 18:07:19,959: INFO     Formatting data for BedTools
2020-09-14 18:07:20,457: INFO     Create GuideMaker Annotation object
2020-09-14 18:07:20,457: INFO     Identify genomic features
2020-09-14 18:07:20,458: INFO     check if ../../all_test_data/Aspergillus_fumigatus.gbk is gzipped
2020-09-14 18:07:24,609: INFO     Total number of CDS/locus in the input genome: 9630
2020-09-14 18:07:24,609: INFO     Find genomic features closest the guides
2020-09-14 18:07:28,158: INFO     Select guides that start between +100 and -100 of a feature start
2020-09-14 18:07:28,310: INFO     Select description columns
2020-09-14 18:07:28,419: INFO     Format the output
2020-09-14 18:07:28,724: INFO     creating random control guides
2020-09-14 18:07:29,229: INFO     Number of random control searched: 100
2020-09-14 18:07:29,229: INFO     Percentage of GC content in the input genome: 48.82
2020-09-14 18:07:29,229: INFO     Total length of the genome: 28.0 MB
2020-09-14 18:07:29,229: INFO     created 10 control guides with a minimum distance of 7 and a median distance of 7
2020-09-14 18:07:29,232: INFO     guidemaker completed, results are at TEST
2020-09-14 18:07:29,232: INFO     PAM sequence: NGG
2020-09-14 18:07:29,232: INFO     PAM orientation: 5prime
2020-09-14 18:07:29,232: INFO     Genome strand(s) searched: both
2020-09-14 18:07:29,232: INFO     Total PAM sites considered: 3499744
2020-09-14 18:07:29,232: INFO     Guide RNA candidates found: 11440
	Command being timed: "guidemaker -i ../../all_test_data/Aspergillus_fumigatus.gbk --pamseq NGG --outdir TEST --pam_orientation 5prime --guidelength 20 --strand both --lcp 10 --dist 3 --before 100 --into 100 --knum 10 --controls 10 --log GuideMaker_58627706_2.log --threads 2"
	User time (seconds): 771.42
	System time (seconds): 59.94
	Percent of CPU this job got: 157%
	Elapsed (wall clock) time (h:mm:ss or m:ss): 8:49.40
	Average shared text size (kbytes): 0
	Average unshared data size (kbytes): 0
	Average stack size (kbytes): 0
	Average total size (kbytes): 0
	Maximum resident set size (kbytes): 7103788
	Average resident set size (kbytes): 0
	Major (requiring I/O) page faults: 0
	Minor (reclaiming a frame) page faults: 37989304
	Voluntary context switches: 319997
	Involuntary context switches: 293427
	Swaps: 0
	File system inputs: 0
	File system outputs: 192408
	Socket messages sent: 0
	Socket messages received: 0
	Signals delivered: 0
	Page size (bytes): 4096
	Exit status: 0
My SLURM_ARRAY_TASK_ID:  2
My TMPDIR IS:  /tmp
Input Genome:>>>>>>>>>>>>>>>>>>>>>>>>>>>>>>>>>>>>>>>>>>>  Aspergillus_fumigatus.gbk
Threads used:>>>>>>>>>>>>>>>>>>>>>>>>>>>>>>>>>>>>>>>>>>>  4
GuideMaker
Your CPU supports instructions that this binary was not compiled to use: SSE4.1 SSE4.2 AVX AVX2
For maximum performance, you can install NMSLIB from sources 
pip install --no-binary :all: nmslib
2020-09-14 18:07:37,089: INFO     Temp directory is: /tmp/guidemaker_zbxnmzhg
2020-09-14 18:07:37,089: INFO     Writing fasta file from genbank file(s)
2020-09-14 18:07:37,090: INFO     check if ../../all_test_data/Aspergillus_fumigatus.gbk is gzipped
2020-09-14 18:07:40,229: INFO     Identifying PAM sites in the genome
2020-09-14 18:10:40,682: INFO     Identifing guides that are unique near the PAM site
2020-09-14 18:10:45,743: INFO     Indexing all potential guide sites: 3499744. This is the longest step.
2020-09-14 18:11:00,396: INFO     M                   = 16
2020-09-14 18:11:00,397: INFO     indexThreadQty      = 4
2020-09-14 18:11:00,397: INFO     efConstruction      = 10
2020-09-14 18:11:00,397: INFO     maxM			          = 16
2020-09-14 18:11:00,397: INFO     maxM0			          = 32
2020-09-14 18:11:00,397: INFO     mult                = 0.360674
2020-09-14 18:11:00,397: INFO     skip_optimized_index= 0
2020-09-14 18:11:00,397: INFO     delaunay_type       = 2
2020-09-14 18:11:00,397: INFO     Set HNSW query-time parameters:
2020-09-14 18:11:00,397: INFO     ef(Search)         =20
2020-09-14 18:11:00,397: INFO     algoType           =2

0%   10   20   30   40   50   60   70   80   90   100%
|----|----|----|----|----|----|----|----|----|----|
***************************************************

0%   10   20   30   40   50   60   70   80   90   100%
|----|----|----|----|----|----|----|----|----|----|
****************************************************


2020-09-14 18:13:38,085: INFO     No appropriate custom distance function for Hamming (bit-storage) space
2020-09-14 18:13:38,085: INFO     searchMethod			  = 0
2020-09-14 18:13:38,681: INFO     Identifying guides that have a hamming distance <= 3 to all other potential guides
2020-09-14 18:13:39,187: INFO     Set HNSW query-time parameters:
2020-09-14 18:13:39,188: INFO     ef(Search)         =9
2020-09-14 18:13:39,188: INFO     algoType           =2
2020-09-14 18:13:53,082: INFO     Formatting data for BedTools
2020-09-14 18:13:53,723: INFO     Create GuideMaker Annotation object
2020-09-14 18:13:53,724: INFO     Identify genomic features
2020-09-14 18:13:53,724: INFO     check if ../../all_test_data/Aspergillus_fumigatus.gbk is gzipped
2020-09-14 18:13:57,968: INFO     Total number of CDS/locus in the input genome: 9630
2020-09-14 18:13:57,968: INFO     Find genomic features closest the guides
2020-09-14 18:14:01,402: INFO     Select guides that start between +100 and -100 of a feature start
2020-09-14 18:14:01,552: INFO     Select description columns
2020-09-14 18:14:01,650: INFO     Format the output
2020-09-14 18:14:01,965: INFO     creating random control guides
2020-09-14 18:14:02,461: INFO     Number of random control searched: 100
2020-09-14 18:14:02,461: INFO     Percentage of GC content in the input genome: 48.82
2020-09-14 18:14:02,461: INFO     Total length of the genome: 28.0 MB
2020-09-14 18:14:02,461: INFO     created 10 control guides with a minimum distance of 7 and a median distance of 7
2020-09-14 18:14:02,463: INFO     guidemaker completed, results are at TEST
2020-09-14 18:14:02,464: INFO     PAM sequence: NGG
2020-09-14 18:14:02,464: INFO     PAM orientation: 5prime
2020-09-14 18:14:02,464: INFO     Genome strand(s) searched: both
2020-09-14 18:14:02,464: INFO     Total PAM sites considered: 3499744
2020-09-14 18:14:02,464: INFO     Guide RNA candidates found: 11440
	Command being timed: "guidemaker -i ../../all_test_data/Aspergillus_fumigatus.gbk --pamseq NGG --outdir TEST --pam_orientation 5prime --guidelength 20 --strand both --lcp 10 --dist 3 --before 100 --into 100 --knum 10 --controls 10 --log GuideMaker_58627706_2.log --threads 4"
	User time (seconds): 810.08
	System time (seconds): 55.51
	Percent of CPU this job got: 219%
	Elapsed (wall clock) time (h:mm:ss or m:ss): 6:33.52
	Average shared text size (kbytes): 0
	Average unshared data size (kbytes): 0
	Average stack size (kbytes): 0
	Average total size (kbytes): 0
	Maximum resident set size (kbytes): 7116776
	Average resident set size (kbytes): 0
	Major (requiring I/O) page faults: 0
	Minor (reclaiming a frame) page faults: 30075956
	Voluntary context switches: 615741
	Involuntary context switches: 1637
	Swaps: 0
	File system inputs: 0
	File system outputs: 192368
	Socket messages sent: 0
	Socket messages received: 0
	Signals delivered: 0
	Page size (bytes): 4096
	Exit status: 0
My SLURM_ARRAY_TASK_ID:  2
My TMPDIR IS:  /tmp
Input Genome:>>>>>>>>>>>>>>>>>>>>>>>>>>>>>>>>>>>>>>>>>>>  Aspergillus_fumigatus.gbk
Threads used:>>>>>>>>>>>>>>>>>>>>>>>>>>>>>>>>>>>>>>>>>>>  8
GuideMaker
Your CPU supports instructions that this binary was not compiled to use: SSE4.1 SSE4.2 AVX AVX2
For maximum performance, you can install NMSLIB from sources 
pip install --no-binary :all: nmslib
2020-09-14 18:14:10,664: INFO     Temp directory is: /tmp/guidemaker_qcf96a5l
2020-09-14 18:14:10,664: INFO     Writing fasta file from genbank file(s)
2020-09-14 18:14:10,665: INFO     check if ../../all_test_data/Aspergillus_fumigatus.gbk is gzipped
2020-09-14 18:14:13,708: INFO     Identifying PAM sites in the genome
2020-09-14 18:17:10,274: INFO     Identifing guides that are unique near the PAM site
2020-09-14 18:17:15,092: INFO     Indexing all potential guide sites: 3499744. This is the longest step.
2020-09-14 18:17:30,189: INFO     M                   = 16
2020-09-14 18:17:30,190: INFO     indexThreadQty      = 8
2020-09-14 18:17:30,190: INFO     efConstruction      = 10
2020-09-14 18:17:30,190: INFO     maxM			          = 16
2020-09-14 18:17:30,190: INFO     maxM0			          = 32
2020-09-14 18:17:30,190: INFO     mult                = 0.360674
2020-09-14 18:17:30,190: INFO     skip_optimized_index= 0
2020-09-14 18:17:30,190: INFO     delaunay_type       = 2
2020-09-14 18:17:30,190: INFO     Set HNSW query-time parameters:
2020-09-14 18:17:30,190: INFO     ef(Search)         =20
2020-09-14 18:17:30,190: INFO     algoType           =2

0%   10   20   30   40   50   60   70   80   90   100%
|----|----|----|----|----|----|----|----|----|----|
***************************************************

0%   10   20   30   40   50   60   70   80   90   100%
|----|----|----|----|----|----|----|----|----|----|
****************************************************2020-09-14 18:18:54,496: INFO     No appropriate custom distance function for Hamming (bit-storage) space
2020-09-14 18:18:54,497: INFO     searchMethod			  = 0
2020-09-14 18:18:54,790: INFO     Identifying guides that have a hamming distance <= 3 to all other potential guides
2020-09-14 18:18:55,233: INFO     Set HNSW query-time parameters:
2020-09-14 18:18:55,233: INFO     ef(Search)         =9
2020-09-14 18:18:55,233: INFO     algoType           =2
2020-09-14 18:19:06,709: INFO     Formatting data for BedTools
2020-09-14 18:19:07,198: INFO     Create GuideMaker Annotation object
2020-09-14 18:19:07,198: INFO     Identify genomic features
2020-09-14 18:19:07,199: INFO     check if ../../all_test_data/Aspergillus_fumigatus.gbk is gzipped
2020-09-14 18:19:11,336: INFO     Total number of CDS/locus in the input genome: 9630
2020-09-14 18:19:11,336: INFO     Find genomic features closest the guides
2020-09-14 18:19:14,684: INFO     Select guides that start between +100 and -100 of a feature start
2020-09-14 18:19:14,857: INFO     Select description columns
2020-09-14 18:19:14,956: INFO     Format the output
2020-09-14 18:19:15,235: INFO     creating random control guides
2020-09-14 18:19:15,605: INFO     Number of random control searched: 100
2020-09-14 18:19:15,605: INFO     Percentage of GC content in the input genome: 48.82
2020-09-14 18:19:15,605: INFO     Total length of the genome: 28.0 MB
2020-09-14 18:19:15,605: INFO     created 10 control guides with a minimum distance of 7 and a median distance of 7
2020-09-14 18:19:15,609: INFO     guidemaker completed, results are at TEST
2020-09-14 18:19:15,609: INFO     PAM sequence: NGG
2020-09-14 18:19:15,609: INFO     PAM orientation: 5prime
2020-09-14 18:19:15,609: INFO     Genome strand(s) searched: both
2020-09-14 18:19:15,609: INFO     Total PAM sites considered: 3499744
2020-09-14 18:19:15,609: INFO     Guide RNA candidates found: 11438
	Command being timed: "guidemaker -i ../../all_test_data/Aspergillus_fumigatus.gbk --pamseq NGG --outdir TEST --pam_orientation 5prime --guidelength 20 --strand both --lcp 10 --dist 3 --before 100 --into 100 --knum 10 --controls 10 --log GuideMaker_58627706_2.log --threads 8"
	User time (seconds): 847.27
	System time (seconds): 44.32
	Percent of CPU this job got: 285%
	Elapsed (wall clock) time (h:mm:ss or m:ss): 5:12.28
	Average shared text size (kbytes): 0
	Average unshared data size (kbytes): 0
	Average stack size (kbytes): 0
	Average total size (kbytes): 0
	Maximum resident set size (kbytes): 7141712
	Average resident set size (kbytes): 0
	Major (requiring I/O) page faults: 0
	Minor (reclaiming a frame) page faults: 21099085
	Voluntary context switches: 1083137
	Involuntary context switches: 506316
	Swaps: 0
	File system inputs: 0
	File system outputs: 192288
	Socket messages sent: 0
	Socket messages received: 0
	Signals delivered: 0
	Page size (bytes): 4096
	Exit status: 0
My SLURM_ARRAY_TASK_ID:  2
My TMPDIR IS:  /tmp
Input Genome:>>>>>>>>>>>>>>>>>>>>>>>>>>>>>>>>>>>>>>>>>>>  Aspergillus_fumigatus.gbk
Threads used:>>>>>>>>>>>>>>>>>>>>>>>>>>>>>>>>>>>>>>>>>>>  16
GuideMaker
Your CPU supports instructions that this binary was not compiled to use: SSE4.1 SSE4.2 AVX AVX2
For maximum performance, you can install NMSLIB from sources 
pip install --no-binary :all: nmslib
2020-09-14 18:19:22,926: INFO     Temp directory is: /tmp/guidemaker_fxv023xz
2020-09-14 18:19:22,926: INFO     Writing fasta file from genbank file(s)
2020-09-14 18:19:22,926: INFO     check if ../../all_test_data/Aspergillus_fumigatus.gbk is gzipped
2020-09-14 18:19:26,260: INFO     Identifying PAM sites in the genome
2020-09-14 18:22:24,071: INFO     Identifing guides that are unique near the PAM site
2020-09-14 18:22:28,950: INFO     Indexing all potential guide sites: 3499744. This is the longest step.
2020-09-14 18:22:44,174: INFO     M                   = 16
2020-09-14 18:22:44,175: INFO     indexThreadQty      = 16
2020-09-14 18:22:44,175: INFO     efConstruction      = 10
2020-09-14 18:22:44,175: INFO     maxM			          = 16
2020-09-14 18:22:44,175: INFO     maxM0			          = 32
2020-09-14 18:22:44,175: INFO     mult                = 0.360674
2020-09-14 18:22:44,175: INFO     skip_optimized_index= 0
2020-09-14 18:22:44,175: INFO     delaunay_type       = 2
2020-09-14 18:22:44,175: INFO     Set HNSW query-time parameters:
2020-09-14 18:22:44,175: INFO     ef(Search)         =20
2020-09-14 18:22:44,175: INFO     algoType           =2

0%   10   20   30   40   50   60   70   80   90   100%
|----|----|----|----|----|----|----|----|----|----|
***************************************************

0%   10   20   30   40   50   60   70   80   90   100%
|----|----|----|----|----|----|----|----|----|----|
****************************************************2020-09-14 18:23:31,061: INFO     No appropriate custom distance function for Hamming (bit-storage) space
2020-09-14 18:23:31,061: INFO     searchMethod			  = 0
2020-09-14 18:23:31,347: INFO     Identifying guides that have a hamming distance <= 3 to all other potential guides
2020-09-14 18:23:31,813: INFO     Set HNSW query-time parameters:
2020-09-14 18:23:31,814: INFO     ef(Search)         =9
2020-09-14 18:23:31,814: INFO     algoType           =2
2020-09-14 18:23:42,464: INFO     Formatting data for BedTools
2020-09-14 18:23:43,027: INFO     Create GuideMaker Annotation object
2020-09-14 18:23:43,027: INFO     Identify genomic features
2020-09-14 18:23:43,028: INFO     check if ../../all_test_data/Aspergillus_fumigatus.gbk is gzipped
2020-09-14 18:23:47,377: INFO     Total number of CDS/locus in the input genome: 9630
2020-09-14 18:23:47,378: INFO     Find genomic features closest the guides
2020-09-14 18:23:50,800: INFO     Select guides that start between +100 and -100 of a feature start
2020-09-14 18:23:50,978: INFO     Select description columns
2020-09-14 18:23:51,083: INFO     Format the output
2020-09-14 18:23:51,393: INFO     creating random control guides
2020-09-14 18:23:51,898: INFO     Number of random control searched: 100
2020-09-14 18:23:51,898: INFO     Percentage of GC content in the input genome: 48.82
2020-09-14 18:23:51,898: INFO     Total length of the genome: 28.0 MB
2020-09-14 18:23:51,898: INFO     created 10 control guides with a minimum distance of 7 and a median distance of 7
2020-09-14 18:23:51,901: INFO     guidemaker completed, results are at TEST
2020-09-14 18:23:51,901: INFO     PAM sequence: NGG
2020-09-14 18:23:51,901: INFO     PAM orientation: 5prime
2020-09-14 18:23:51,901: INFO     Genome strand(s) searched: both
2020-09-14 18:23:51,901: INFO     Total PAM sites considered: 3499744
2020-09-14 18:23:51,901: INFO     Guide RNA candidates found: 11436
	Command being timed: "guidemaker -i ../../all_test_data/Aspergillus_fumigatus.gbk --pamseq NGG --outdir TEST --pam_orientation 5prime --guidelength 20 --strand both --lcp 10 --dist 3 --before 100 --into 100 --knum 10 --controls 10 --log GuideMaker_58627706_2.log --threads 16"
	User time (seconds): 882.61
	System time (seconds): 59.35
	Percent of CPU this job got: 339%
	Elapsed (wall clock) time (h:mm:ss or m:ss): 4:37.27
	Average shared text size (kbytes): 0
	Average unshared data size (kbytes): 0
	Average stack size (kbytes): 0
	Average total size (kbytes): 0
	Maximum resident set size (kbytes): 7193244
	Average resident set size (kbytes): 0
	Major (requiring I/O) page faults: 0
	Minor (reclaiming a frame) page faults: 18020996
	Voluntary context switches: 2250726
	Involuntary context switches: 145544
	Swaps: 0
	File system inputs: 0
	File system outputs: 192280
	Socket messages sent: 0
	Socket messages received: 0
	Signals delivered: 0
	Page size (bytes): 4096
	Exit status: 0
My SLURM_ARRAY_TASK_ID:  2
My TMPDIR IS:  /tmp
Input Genome:>>>>>>>>>>>>>>>>>>>>>>>>>>>>>>>>>>>>>>>>>>>  Aspergillus_fumigatus.gbk
Threads used:>>>>>>>>>>>>>>>>>>>>>>>>>>>>>>>>>>>>>>>>>>>  32
GuideMaker
Your CPU supports instructions that this binary was not compiled to use: SSE4.1 SSE4.2 AVX AVX2
For maximum performance, you can install NMSLIB from sources 
pip install --no-binary :all: nmslib
2020-09-14 18:24:00,234: INFO     Temp directory is: /tmp/guidemaker_xo7emu4z
2020-09-14 18:24:00,234: INFO     Writing fasta file from genbank file(s)
2020-09-14 18:24:00,235: INFO     check if ../../all_test_data/Aspergillus_fumigatus.gbk is gzipped
2020-09-14 18:24:03,580: INFO     Identifying PAM sites in the genome
2020-09-14 18:26:57,011: INFO     Identifing guides that are unique near the PAM site
2020-09-14 18:27:01,878: INFO     Indexing all potential guide sites: 3499744. This is the longest step.
2020-09-14 18:27:17,120: INFO     M                   = 16
2020-09-14 18:27:17,120: INFO     indexThreadQty      = 32
2020-09-14 18:27:17,120: INFO     efConstruction      = 10
2020-09-14 18:27:17,120: INFO     maxM			          = 16
2020-09-14 18:27:17,120: INFO     maxM0			          = 32
2020-09-14 18:27:17,120: INFO     mult                = 0.360674
2020-09-14 18:27:17,120: INFO     skip_optimized_index= 0
2020-09-14 18:27:17,120: INFO     delaunay_type       = 2
2020-09-14 18:27:17,121: INFO     Set HNSW query-time parameters:
2020-09-14 18:27:17,121: INFO     ef(Search)         =20
2020-09-14 18:27:17,121: INFO     algoType           =2

0%   10   20   30   40   50   60   70   80   90   100%
|----|----|----|----|----|----|----|----|----|----|
***************************************************

0%   10   20   30   40   50   60   70   80   90   100%
|----|----|----|----|----|----|----|----|----|----|
*******************************************************2020-09-14 18:27:46,243: INFO     No appropriate custom distance function for Hamming (bit-storage) space
2020-09-14 18:27:46,243: INFO     searchMethod			  = 0
2020-09-14 18:27:46,534: INFO     Identifying guides that have a hamming distance <= 3 to all other potential guides
2020-09-14 18:27:47,054: INFO     Set HNSW query-time parameters:
2020-09-14 18:27:47,054: INFO     ef(Search)         =9
2020-09-14 18:27:47,054: INFO     algoType           =2
2020-09-14 18:27:56,354: INFO     Formatting data for BedTools
2020-09-14 18:27:56,850: INFO     Create GuideMaker Annotation object
2020-09-14 18:27:56,850: INFO     Identify genomic features
2020-09-14 18:27:56,850: INFO     check if ../../all_test_data/Aspergillus_fumigatus.gbk is gzipped
2020-09-14 18:28:01,076: INFO     Total number of CDS/locus in the input genome: 9630
2020-09-14 18:28:01,076: INFO     Find genomic features closest the guides
2020-09-14 18:28:04,453: INFO     Select guides that start between +100 and -100 of a feature start
2020-09-14 18:28:04,605: INFO     Select description columns
2020-09-14 18:28:04,707: INFO     Format the output
2020-09-14 18:28:04,993: INFO     creating random control guides
2020-09-14 18:28:05,432: INFO     Number of random control searched: 100
2020-09-14 18:28:05,432: INFO     Percentage of GC content in the input genome: 48.82
2020-09-14 18:28:05,432: INFO     Total length of the genome: 28.0 MB
2020-09-14 18:28:05,432: INFO     created 10 control guides with a minimum distance of 7 and a median distance of 7
2020-09-14 18:28:05,435: INFO     guidemaker completed, results are at TEST
2020-09-14 18:28:05,435: INFO     PAM sequence: NGG
2020-09-14 18:28:05,435: INFO     PAM orientation: 5prime
2020-09-14 18:28:05,436: INFO     Genome strand(s) searched: both
2020-09-14 18:28:05,436: INFO     Total PAM sites considered: 3499744
2020-09-14 18:28:05,436: INFO     Guide RNA candidates found: 11433
	Command being timed: "guidemaker -i ../../all_test_data/Aspergillus_fumigatus.gbk --pamseq NGG --outdir TEST --pam_orientation 5prime --guidelength 20 --strand both --lcp 10 --dist 3 --before 100 --into 100 --knum 10 --controls 10 --log GuideMaker_58627706_2.log --threads 32"
	User time (seconds): 925.43
	System time (seconds): 78.13
	Percent of CPU this job got: 397%
	Elapsed (wall clock) time (h:mm:ss or m:ss): 4:12.72
	Average shared text size (kbytes): 0
	Average unshared data size (kbytes): 0
	Average stack size (kbytes): 0
	Average total size (kbytes): 0
	Maximum resident set size (kbytes): 7250628
	Average resident set size (kbytes): 0
	Major (requiring I/O) page faults: 0
	Minor (reclaiming a frame) page faults: 11583610
	Voluntary context switches: 4396599
	Involuntary context switches: 1407
	Swaps: 0
	File system inputs: 0
	File system outputs: 192232
	Socket messages sent: 0
	Socket messages received: 0
	Signals delivered: 0
	Page size (bytes): 4096
	Exit status: 0
