Thu Feb  4 21:18:34 EST 2021
c27b-s23.ufhpc
/blue/garrett/rp3448/analysis/guidemaker/nonAVXGuidemaker

     active environment : NONAVX2
    active env location : /home/rp3448/.conda/envs/NONAVX2
            shell level : 3
       user config file : /home/rp3448/.condarc
 populated config files : /home/rp3448/.condarc
          conda version : 4.9.2
    conda-build version : not installed
         python version : 3.9.1.final.0
       virtual packages : __glibc=2.17=0
                          __unix=0=0
                          __archspec=1=x86_64
       base environment : /apps/conda/4.9.2  (read only)
           channel URLs : https://conda.anaconda.org/biobakery/linux-64
                          https://conda.anaconda.org/biobakery/noarch
                          https://conda.anaconda.org/conda-forge/linux-64
                          https://conda.anaconda.org/conda-forge/noarch
                          https://conda.anaconda.org/bioconda/linux-64
                          https://conda.anaconda.org/bioconda/noarch
                          https://repo.anaconda.com/pkgs/main/linux-64
                          https://repo.anaconda.com/pkgs/main/noarch
                          https://repo.anaconda.com/pkgs/r/linux-64
                          https://repo.anaconda.com/pkgs/r/noarch
          package cache : /apps/conda/4.9.2/pkgs
                          /home/rp3448/.conda/pkgs
       envs directories : /home/rp3448/.conda/envs
                          /apps/conda/4.9.2/envs
               platform : linux-64
             user-agent : conda/4.9.2 requests/2.25.1 CPython/3.9.1 Linux/3.10.0-1062.18.1.el7.x86_64 rhel/7.7 glibc/2.17
                UID:GID : 6472:3511
             netrc file : None
           offline mode : False

My SLURM_ARRAY_TASK_ID:  7
My TMPDIR IS:  /scratch/local/63833336
Input Genome:>>>>>>>>>>>>>>>>>>>>>>>>>>>>>>>>>>>>>>>>>>>  Escherichia.coli_str_K-12_substr_MG1655.gbk
Input PAM:>>>>>>>>>>>>>>>>>>>>>>>>>>>>>>>>>>>>>>>>>>>  NNAGAAW
Threads used:>>>>>>>>>>>>>>>>>>>>>>>>>>>>>>>>>>>>>>>>>>>  1
GuideMaker
Your CPU supports instructions that this binary was not compiled to use: SSE4.1 SSE4.2 AVX AVX2
For maximum performance, you can install NMSLIB from sources 
pip install --no-binary :all: nmslib
2021-02-04 21:18:37,438: INFO     Temp directory is: /scratch/local/63833336/guidemaker_6k99jgtt
2021-02-04 21:18:37,439: INFO     Writing fasta file from genbank file(s)
2021-02-04 21:18:37,439: INFO     check if ../all_test_data/Escherichia.coli_str_K-12_substr_MG1655.gbk is gzipped
2021-02-04 21:18:38,354: INFO     Identifying PAM sites in the genome
2021-02-04 21:18:40,510: INFO     Checking guides for restriction enzymes
2021-02-04 21:18:40,516: INFO     Number of guides removed after checking for restriction enzymes: 0
2021-02-04 21:18:40,516: INFO     Identifing guides that are unique near the PAM site
2021-02-04 21:18:40,534: INFO     Number of guides removed after checking for unique PAM: 697
2021-02-04 21:18:40,534: INFO     Indexing all potential guide sites: 20528. This is the longest step.
2021-02-04 21:18:40,619: INFO     M                   = 16
2021-02-04 21:18:40,620: INFO     indexThreadQty      = 1
2021-02-04 21:18:40,620: INFO     efConstruction      = 10
2021-02-04 21:18:40,620: INFO     maxM			          = 16
2021-02-04 21:18:40,620: INFO     maxM0			          = 32
2021-02-04 21:18:40,620: INFO     mult                = 0.360674
2021-02-04 21:18:40,620: INFO     skip_optimized_index= 0
2021-02-04 21:18:40,620: INFO     delaunay_type       = 2
2021-02-04 21:18:40,620: INFO     Set HNSW query-time parameters:
2021-02-04 21:18:40,620: INFO     ef(Search)         =20
2021-02-04 21:18:40,620: INFO     algoType           =2

0%   10   20   30   40   50   60   70   80   90   100%
|----|----|----|----|----|----|----|----|----|----|
***************************************************

0%   10   20   30   40   50   60   70   80   90   100%
|----|----|----|----|----|----|----|----|----|----|
***************************************************
*2021-02-04 21:18:41,501: INFO     No appropriate custom distance function for Hamming (bit-storage) space
2021-02-04 21:18:41,501: INFO     searchMethod			  = 0
2021-02-04 21:18:41,503: INFO     Identifying guides that have a hamming distance <= 3 to all other potential guides
2021-02-04 21:18:41,529: INFO     Set HNSW query-time parameters:
2021-02-04 21:18:41,529: INFO     ef(Search)         =9
2021-02-04 21:18:41,529: INFO     algoType           =2
2021-02-04 21:18:42,602: INFO     Formatting data for BedTools
2021-02-04 21:18:42,636: INFO     Create GuideMaker Annotation object
2021-02-04 21:18:42,636: INFO     Identify genomic features
2021-02-04 21:18:42,637: INFO     check if ../all_test_data/Escherichia.coli_str_K-12_substr_MG1655.gbk is gzipped
2021-02-04 21:18:43,599: INFO     Total number of CDS/locus in the input genome: 4357
2021-02-04 21:18:43,600: INFO     Find genomic features closest the guides
2021-02-04 21:18:43,953: INFO     Select guides that start between +500 and -500 of a feature start
2021-02-04 21:18:44,028: INFO     Select description columns
2021-02-04 21:18:44,104: INFO     Format the output
2021-02-04 21:18:44,245: INFO     Number of Guides within a gene coordinates i.e. zero Feature distance: 8354
2021-02-04 21:18:44,419: INFO     creating random control guides
2021-02-04 21:18:44,487: INFO     Number of random control searched: 100
2021-02-04 21:18:44,487: INFO     Percentage of GC content in the input genome: 50.79
2021-02-04 21:18:44,487: INFO     Total length of the genome: 4.4 MB
2021-02-04 21:18:44,487: INFO     created 10 control guides with a minimum distance of 8 and a median distance of 8
2021-02-04 21:18:44,489: INFO     guidemaker completed, results are at TEST
2021-02-04 21:18:44,490: INFO     PAM sequence: NNAGAAW
2021-02-04 21:18:44,490: INFO     PAM orientation: 3prime
2021-02-04 21:18:44,490: INFO     Genome strand(s) searched: both
2021-02-04 21:18:44,490: INFO     Total PAM sites considered: 20528
2021-02-04 21:18:44,490: INFO     Guide RNA candidates found: 15634
	Command being timed: "guidemaker -i ../all_test_data/Escherichia.coli_str_K-12_substr_MG1655.gbk --pamseq NNAGAAW --outdir TEST --pam_orientation 3prime --guidelength 20 --strand both --lcp 11 --dist 3 --before 500 --into 500 --knum 10 --controls 10 --log GM_63833336_7.log --threads 1"
	User time (seconds): 9.24
	System time (seconds): 2.00
	Percent of CPU this job got: 139%
	Elapsed (wall clock) time (h:mm:ss or m:ss): 0:08.04
	Average shared text size (kbytes): 0
	Average unshared data size (kbytes): 0
	Average stack size (kbytes): 0
	Average total size (kbytes): 0
	Maximum resident set size (kbytes): 188064
	Average resident set size (kbytes): 0
	Major (requiring I/O) page faults: 0
	Minor (reclaiming a frame) page faults: 243043
	Voluntary context switches: 1654
	Involuntary context switches: 122893
	Swaps: 0
	File system inputs: 16384
	File system outputs: 40448
	Socket messages sent: 0
	Socket messages received: 0
	Signals delivered: 0
	Page size (bytes): 4096
	Exit status: 0
My SLURM_ARRAY_TASK_ID:  7
My TMPDIR IS:  /scratch/local/63833336
Input Genome:>>>>>>>>>>>>>>>>>>>>>>>>>>>>>>>>>>>>>>>>>>>  Escherichia.coli_str_K-12_substr_MG1655.gbk
Input PAM:>>>>>>>>>>>>>>>>>>>>>>>>>>>>>>>>>>>>>>>>>>>  NNAGAAW
Threads used:>>>>>>>>>>>>>>>>>>>>>>>>>>>>>>>>>>>>>>>>>>>  2
GuideMaker
Your CPU supports instructions that this binary was not compiled to use: SSE4.1 SSE4.2 AVX AVX2
For maximum performance, you can install NMSLIB from sources 
pip install --no-binary :all: nmslib
2021-02-04 21:18:45,603: INFO     Temp directory is: /scratch/local/63833336/guidemaker_4cyukrkr
2021-02-04 21:18:45,603: INFO     Writing fasta file from genbank file(s)
2021-02-04 21:18:45,603: INFO     check if ../all_test_data/Escherichia.coli_str_K-12_substr_MG1655.gbk is gzipped
2021-02-04 21:18:46,482: INFO     Identifying PAM sites in the genome
2021-02-04 21:18:48,575: INFO     Checking guides for restriction enzymes
2021-02-04 21:18:48,580: INFO     Number of guides removed after checking for restriction enzymes: 0
2021-02-04 21:18:48,580: INFO     Identifing guides that are unique near the PAM site
2021-02-04 21:18:48,598: INFO     Number of guides removed after checking for unique PAM: 697
2021-02-04 21:18:48,598: INFO     Indexing all potential guide sites: 20528. This is the longest step.
2021-02-04 21:18:48,686: INFO     M                   = 16
2021-02-04 21:18:48,686: INFO     indexThreadQty      = 2
2021-02-04 21:18:48,686: INFO     efConstruction      = 10
2021-02-04 21:18:48,686: INFO     maxM			          = 16
2021-02-04 21:18:48,686: INFO     maxM0			          = 32
2021-02-04 21:18:48,686: INFO     mult                = 0.360674
2021-02-04 21:18:48,686: INFO     skip_optimized_index= 0
2021-02-04 21:18:48,686: INFO     delaunay_type       = 2
2021-02-04 21:18:48,686: INFO     Set HNSW query-time parameters:
2021-02-04 21:18:48,686: INFO     ef(Search)         =20
2021-02-04 21:18:48,686: INFO     algoType           =2

0%   10   20   30   40   50   60   70   80   90   100%
|----|----|----|----|----|----|----|----|----|----|
***************************************************

0%   10   20   30   40   50   60   70   80   90   100%
|----|----|----|----|----|----|----|----|----|----|
****************************************************


2021-02-04 21:18:49,240: INFO     No appropriate custom distance function for Hamming (bit-storage) space
2021-02-04 21:18:49,240: INFO     searchMethod			  = 0
2021-02-04 21:18:49,240: INFO     Identifying guides that have a hamming distance <= 3 to all other potential guides
2021-02-04 21:18:49,265: INFO     Set HNSW query-time parameters:
2021-02-04 21:18:49,265: INFO     ef(Search)         =9
2021-02-04 21:18:49,265: INFO     algoType           =2
2021-02-04 21:18:50,244: INFO     Formatting data for BedTools
2021-02-04 21:18:50,279: INFO     Create GuideMaker Annotation object
2021-02-04 21:18:50,279: INFO     Identify genomic features
2021-02-04 21:18:50,279: INFO     check if ../all_test_data/Escherichia.coli_str_K-12_substr_MG1655.gbk is gzipped
2021-02-04 21:18:51,230: INFO     Total number of CDS/locus in the input genome: 4357
2021-02-04 21:18:51,230: INFO     Find genomic features closest the guides
2021-02-04 21:18:51,583: INFO     Select guides that start between +500 and -500 of a feature start
2021-02-04 21:18:51,655: INFO     Select description columns
2021-02-04 21:18:51,729: INFO     Format the output
2021-02-04 21:18:51,870: INFO     Number of Guides within a gene coordinates i.e. zero Feature distance: 8353
2021-02-04 21:18:52,145: INFO     creating random control guides
2021-02-04 21:18:52,216: INFO     Number of random control searched: 100
2021-02-04 21:18:52,216: INFO     Percentage of GC content in the input genome: 50.79
2021-02-04 21:18:52,216: INFO     Total length of the genome: 4.4 MB
2021-02-04 21:18:52,216: INFO     created 10 control guides with a minimum distance of 8 and a median distance of 8
2021-02-04 21:18:52,219: INFO     guidemaker completed, results are at TEST
2021-02-04 21:18:52,219: INFO     PAM sequence: NNAGAAW
2021-02-04 21:18:52,219: INFO     PAM orientation: 3prime
2021-02-04 21:18:52,219: INFO     Genome strand(s) searched: both
2021-02-04 21:18:52,219: INFO     Total PAM sites considered: 20528
2021-02-04 21:18:52,219: INFO     Guide RNA candidates found: 15629
	Command being timed: "guidemaker -i ../all_test_data/Escherichia.coli_str_K-12_substr_MG1655.gbk --pamseq NNAGAAW --outdir TEST --pam_orientation 3prime --guidelength 20 --strand both --lcp 11 --dist 3 --before 500 --into 500 --knum 10 --controls 10 --log GM_63833336_7.log --threads 2"
	User time (seconds): 9.70
	System time (seconds): 1.87
	Percent of CPU this job got: 149%
	Elapsed (wall clock) time (h:mm:ss or m:ss): 0:07.72
	Average shared text size (kbytes): 0
	Average unshared data size (kbytes): 0
	Average stack size (kbytes): 0
	Average total size (kbytes): 0
	Maximum resident set size (kbytes): 197544
	Average resident set size (kbytes): 0
	Major (requiring I/O) page faults: 0
	Minor (reclaiming a frame) page faults: 232993
	Voluntary context switches: 4961
	Involuntary context switches: 61580
	Swaps: 0
	File system inputs: 32
	File system outputs: 40432
	Socket messages sent: 0
	Socket messages received: 0
	Signals delivered: 0
	Page size (bytes): 4096
	Exit status: 0
My SLURM_ARRAY_TASK_ID:  7
My TMPDIR IS:  /scratch/local/63833336
Input Genome:>>>>>>>>>>>>>>>>>>>>>>>>>>>>>>>>>>>>>>>>>>>  Escherichia.coli_str_K-12_substr_MG1655.gbk
Input PAM:>>>>>>>>>>>>>>>>>>>>>>>>>>>>>>>>>>>>>>>>>>>  NNAGAAW
Threads used:>>>>>>>>>>>>>>>>>>>>>>>>>>>>>>>>>>>>>>>>>>>  4
GuideMaker
Your CPU supports instructions that this binary was not compiled to use: SSE4.1 SSE4.2 AVX AVX2
For maximum performance, you can install NMSLIB from sources 
pip install --no-binary :all: nmslib
2021-02-04 21:18:53,388: INFO     Temp directory is: /scratch/local/63833336/guidemaker_t5i7fx5d
2021-02-04 21:18:53,388: INFO     Writing fasta file from genbank file(s)
2021-02-04 21:18:53,389: INFO     check if ../all_test_data/Escherichia.coli_str_K-12_substr_MG1655.gbk is gzipped
2021-02-04 21:18:54,290: INFO     Identifying PAM sites in the genome
2021-02-04 21:18:56,448: INFO     Checking guides for restriction enzymes
2021-02-04 21:18:56,454: INFO     Number of guides removed after checking for restriction enzymes: 0
2021-02-04 21:18:56,454: INFO     Identifing guides that are unique near the PAM site
2021-02-04 21:18:56,472: INFO     Number of guides removed after checking for unique PAM: 697
2021-02-04 21:18:56,472: INFO     Indexing all potential guide sites: 20528. This is the longest step.
2021-02-04 21:18:56,557: INFO     M                   = 16
2021-02-04 21:18:56,558: INFO     indexThreadQty      = 4
2021-02-04 21:18:56,558: INFO     efConstruction      = 10
2021-02-04 21:18:56,558: INFO     maxM			          = 16
2021-02-04 21:18:56,558: INFO     maxM0			          = 32
2021-02-04 21:18:56,558: INFO     mult                = 0.360674
2021-02-04 21:18:56,558: INFO     skip_optimized_index= 0
2021-02-04 21:18:56,558: INFO     delaunay_type       = 2
2021-02-04 21:18:56,558: INFO     Set HNSW query-time parameters:
2021-02-04 21:18:56,558: INFO     ef(Search)         =20
2021-02-04 21:18:56,558: INFO     algoType           =2

0%   10   20   30   40   50   60   70   80   90   100%
|----|----|----|----|----|----|----|----|----|----|
***************************************************

0%   10   20   30   40   50   60   70   80   90   100%
|----|----|----|----|----|----|----|----|----|----|
*******************************************************2021-02-04 21:18:56,888: INFO     No appropriate custom distance function for Hamming (bit-storage) space
2021-02-04 21:18:56,889: INFO     searchMethod			  = 0
2021-02-04 21:18:56,889: INFO     Identifying guides that have a hamming distance <= 3 to all other potential guides
2021-02-04 21:18:56,914: INFO     Set HNSW query-time parameters:
2021-02-04 21:18:56,914: INFO     ef(Search)         =9
2021-02-04 21:18:56,915: INFO     algoType           =2
2021-02-04 21:18:57,762: INFO     Formatting data for BedTools
2021-02-04 21:18:57,795: INFO     Create GuideMaker Annotation object
2021-02-04 21:18:57,795: INFO     Identify genomic features
2021-02-04 21:18:57,795: INFO     check if ../all_test_data/Escherichia.coli_str_K-12_substr_MG1655.gbk is gzipped
2021-02-04 21:18:58,755: INFO     Total number of CDS/locus in the input genome: 4357
2021-02-04 21:18:58,755: INFO     Find genomic features closest the guides
2021-02-04 21:18:59,103: INFO     Select guides that start between +500 and -500 of a feature start
2021-02-04 21:18:59,181: INFO     Select description columns
2021-02-04 21:18:59,256: INFO     Format the output
2021-02-04 21:18:59,391: INFO     Number of Guides within a gene coordinates i.e. zero Feature distance: 8354
2021-02-04 21:18:59,564: INFO     creating random control guides
2021-02-04 21:18:59,628: INFO     Number of random control searched: 100
2021-02-04 21:18:59,628: INFO     Percentage of GC content in the input genome: 50.79
2021-02-04 21:18:59,628: INFO     Total length of the genome: 4.4 MB
2021-02-04 21:18:59,628: INFO     created 10 control guides with a minimum distance of 8 and a median distance of 8
2021-02-04 21:18:59,631: INFO     guidemaker completed, results are at TEST
2021-02-04 21:18:59,631: INFO     PAM sequence: NNAGAAW
2021-02-04 21:18:59,631: INFO     PAM orientation: 3prime
2021-02-04 21:18:59,631: INFO     Genome strand(s) searched: both
2021-02-04 21:18:59,631: INFO     Total PAM sites considered: 20528
2021-02-04 21:18:59,631: INFO     Guide RNA candidates found: 15630
	Command being timed: "guidemaker -i ../all_test_data/Escherichia.coli_str_K-12_substr_MG1655.gbk --pamseq NNAGAAW --outdir TEST --pam_orientation 3prime --guidelength 20 --strand both --lcp 11 --dist 3 --before 500 --into 500 --knum 10 --controls 10 --log GM_63833336_7.log --threads 4"
	User time (seconds): 9.95
	System time (seconds): 1.93
	Percent of CPU this job got: 160%
	Elapsed (wall clock) time (h:mm:ss or m:ss): 0:07.40
	Average shared text size (kbytes): 0
	Average unshared data size (kbytes): 0
	Average stack size (kbytes): 0
	Average total size (kbytes): 0
	Maximum resident set size (kbytes): 195544
	Average resident set size (kbytes): 0
	Major (requiring I/O) page faults: 0
	Minor (reclaiming a frame) page faults: 194196
	Voluntary context switches: 8431
	Involuntary context switches: 322
	Swaps: 0
	File system inputs: 0
	File system outputs: 40424
	Socket messages sent: 0
	Socket messages received: 0
	Signals delivered: 0
	Page size (bytes): 4096
	Exit status: 0
My SLURM_ARRAY_TASK_ID:  7
My TMPDIR IS:  /scratch/local/63833336
Input Genome:>>>>>>>>>>>>>>>>>>>>>>>>>>>>>>>>>>>>>>>>>>>  Escherichia.coli_str_K-12_substr_MG1655.gbk
Input PAM:>>>>>>>>>>>>>>>>>>>>>>>>>>>>>>>>>>>>>>>>>>>  NNAGAAW
Threads used:>>>>>>>>>>>>>>>>>>>>>>>>>>>>>>>>>>>>>>>>>>>  8
GuideMaker
Your CPU supports instructions that this binary was not compiled to use: SSE4.1 SSE4.2 AVX AVX2
For maximum performance, you can install NMSLIB from sources 
pip install --no-binary :all: nmslib
2021-02-04 21:19:00,621: INFO     Temp directory is: /scratch/local/63833336/guidemaker_s15_kzok
2021-02-04 21:19:00,622: INFO     Writing fasta file from genbank file(s)
2021-02-04 21:19:00,622: INFO     check if ../all_test_data/Escherichia.coli_str_K-12_substr_MG1655.gbk is gzipped
2021-02-04 21:19:01,519: INFO     Identifying PAM sites in the genome
2021-02-04 21:19:03,669: INFO     Checking guides for restriction enzymes
2021-02-04 21:19:03,674: INFO     Number of guides removed after checking for restriction enzymes: 0
2021-02-04 21:19:03,674: INFO     Identifing guides that are unique near the PAM site
2021-02-04 21:19:03,692: INFO     Number of guides removed after checking for unique PAM: 697
2021-02-04 21:19:03,692: INFO     Indexing all potential guide sites: 20528. This is the longest step.
2021-02-04 21:19:03,778: INFO     M                   = 16
2021-02-04 21:19:03,778: INFO     indexThreadQty      = 8
2021-02-04 21:19:03,778: INFO     efConstruction      = 10
2021-02-04 21:19:03,778: INFO     maxM			          = 16
2021-02-04 21:19:03,778: INFO     maxM0			          = 32
2021-02-04 21:19:03,778: INFO     mult                = 0.360674
2021-02-04 21:19:03,779: INFO     skip_optimized_index= 0
2021-02-04 21:19:03,779: INFO     delaunay_type       = 2
2021-02-04 21:19:03,779: INFO     Set HNSW query-time parameters:
2021-02-04 21:19:03,779: INFO     ef(Search)         =20
2021-02-04 21:19:03,779: INFO     algoType           =2

0%   10   20   30   40   50   60   70   80   90   100%
|----|----|----|----|----|----|----|----|----|----|
***************************************************

0%   10   20   30   40   50   60   70   80   90   100%
|----|----|----|----|----|----|----|----|----|----|
****************************************************2021-02-04 21:19:03,967: INFO     No appropriate custom distance function for Hamming (bit-storage) space
2021-02-04 21:19:03,967: INFO     searchMethod			  = 0
2021-02-04 21:19:03,968: INFO     Identifying guides that have a hamming distance <= 3 to all other potential guides
2021-02-04 21:19:03,994: INFO     Set HNSW query-time parameters:
2021-02-04 21:19:03,994: INFO     ef(Search)         =9
2021-02-04 21:19:03,994: INFO     algoType           =2
2021-02-04 21:19:04,889: INFO     Formatting data for BedTools
2021-02-04 21:19:04,923: INFO     Create GuideMaker Annotation object
2021-02-04 21:19:04,923: INFO     Identify genomic features
2021-02-04 21:19:04,924: INFO     check if ../all_test_data/Escherichia.coli_str_K-12_substr_MG1655.gbk is gzipped
2021-02-04 21:19:05,900: INFO     Total number of CDS/locus in the input genome: 4357
2021-02-04 21:19:05,900: INFO     Find genomic features closest the guides
2021-02-04 21:19:06,254: INFO     Select guides that start between +500 and -500 of a feature start
2021-02-04 21:19:06,330: INFO     Select description columns
2021-02-04 21:19:06,406: INFO     Format the output
2021-02-04 21:19:06,545: INFO     Number of Guides within a gene coordinates i.e. zero Feature distance: 8353
2021-02-04 21:19:06,785: INFO     creating random control guides
2021-02-04 21:19:06,850: INFO     Number of random control searched: 100
2021-02-04 21:19:06,850: INFO     Percentage of GC content in the input genome: 50.79
2021-02-04 21:19:06,850: INFO     Total length of the genome: 4.4 MB
2021-02-04 21:19:06,850: INFO     created 10 control guides with a minimum distance of 8 and a median distance of 8
2021-02-04 21:19:06,853: INFO     guidemaker completed, results are at TEST
2021-02-04 21:19:06,853: INFO     PAM sequence: NNAGAAW
2021-02-04 21:19:06,853: INFO     PAM orientation: 3prime
2021-02-04 21:19:06,853: INFO     Genome strand(s) searched: both
2021-02-04 21:19:06,853: INFO     Total PAM sites considered: 20528
2021-02-04 21:19:06,853: INFO     Guide RNA candidates found: 15628
	Command being timed: "guidemaker -i ../all_test_data/Escherichia.coli_str_K-12_substr_MG1655.gbk --pamseq NNAGAAW --outdir TEST --pam_orientation 3prime --guidelength 20 --strand both --lcp 11 --dist 3 --before 500 --into 500 --knum 10 --controls 10 --log GM_63833336_7.log --threads 8"
	User time (seconds): 10.09
	System time (seconds): 1.90
	Percent of CPU this job got: 165%
	Elapsed (wall clock) time (h:mm:ss or m:ss): 0:07.22
	Average shared text size (kbytes): 0
	Average unshared data size (kbytes): 0
	Average stack size (kbytes): 0
	Average total size (kbytes): 0
	Maximum resident set size (kbytes): 194996
	Average resident set size (kbytes): 0
	Major (requiring I/O) page faults: 0
	Minor (reclaiming a frame) page faults: 193502
	Voluntary context switches: 12377
	Involuntary context switches: 145621
	Swaps: 0
	File system inputs: 32
	File system outputs: 40432
	Socket messages sent: 0
	Socket messages received: 0
	Signals delivered: 0
	Page size (bytes): 4096
	Exit status: 0
My SLURM_ARRAY_TASK_ID:  7
My TMPDIR IS:  /scratch/local/63833336
Input Genome:>>>>>>>>>>>>>>>>>>>>>>>>>>>>>>>>>>>>>>>>>>>  Escherichia.coli_str_K-12_substr_MG1655.gbk
Input PAM:>>>>>>>>>>>>>>>>>>>>>>>>>>>>>>>>>>>>>>>>>>>  NNAGAAW
Threads used:>>>>>>>>>>>>>>>>>>>>>>>>>>>>>>>>>>>>>>>>>>>  16
GuideMaker
Your CPU supports instructions that this binary was not compiled to use: SSE4.1 SSE4.2 AVX AVX2
For maximum performance, you can install NMSLIB from sources 
pip install --no-binary :all: nmslib
2021-02-04 21:19:07,831: INFO     Temp directory is: /scratch/local/63833336/guidemaker_9kwbrzus
2021-02-04 21:19:07,831: INFO     Writing fasta file from genbank file(s)
2021-02-04 21:19:07,831: INFO     check if ../all_test_data/Escherichia.coli_str_K-12_substr_MG1655.gbk is gzipped
2021-02-04 21:19:08,726: INFO     Identifying PAM sites in the genome
2021-02-04 21:19:10,982: INFO     Checking guides for restriction enzymes
2021-02-04 21:19:10,988: INFO     Number of guides removed after checking for restriction enzymes: 0
2021-02-04 21:19:10,988: INFO     Identifing guides that are unique near the PAM site
2021-02-04 21:19:11,006: INFO     Number of guides removed after checking for unique PAM: 697
2021-02-04 21:19:11,006: INFO     Indexing all potential guide sites: 20528. This is the longest step.
2021-02-04 21:19:11,093: INFO     M                   = 16
2021-02-04 21:19:11,093: INFO     indexThreadQty      = 16
2021-02-04 21:19:11,093: INFO     efConstruction      = 10
2021-02-04 21:19:11,093: INFO     maxM			          = 16
2021-02-04 21:19:11,093: INFO     maxM0			          = 32
2021-02-04 21:19:11,093: INFO     mult                = 0.360674
2021-02-04 21:19:11,093: INFO     skip_optimized_index= 0
2021-02-04 21:19:11,093: INFO     delaunay_type       = 2
2021-02-04 21:19:11,093: INFO     Set HNSW query-time parameters:
2021-02-04 21:19:11,094: INFO     ef(Search)         =20
2021-02-04 21:19:11,094: INFO     algoType           =2

0%   10   20   30   40   50   60   70   80   90   100%
|----|----|----|----|----|----|----|----|----|----|
***************************************************

0%   10   20   30   40   50   60   70   80   90   100%
|----|----|----|----|----|----|----|----|----|----|
****************************************************2021-02-04 21:19:11,216: INFO     No appropriate custom distance function for Hamming (bit-storage) space
2021-02-04 21:19:11,216: INFO     searchMethod			  = 0
2021-02-04 21:19:11,216: INFO     Identifying guides that have a hamming distance <= 3 to all other potential guides
2021-02-04 21:19:11,243: INFO     Set HNSW query-time parameters:
2021-02-04 21:19:11,243: INFO     ef(Search)         =9
2021-02-04 21:19:11,243: INFO     algoType           =2
2021-02-04 21:19:12,061: INFO     Formatting data for BedTools
2021-02-04 21:19:12,095: INFO     Create GuideMaker Annotation object
2021-02-04 21:19:12,095: INFO     Identify genomic features
2021-02-04 21:19:12,095: INFO     check if ../all_test_data/Escherichia.coli_str_K-12_substr_MG1655.gbk is gzipped
2021-02-04 21:19:13,044: INFO     Total number of CDS/locus in the input genome: 4357
2021-02-04 21:19:13,044: INFO     Find genomic features closest the guides
2021-02-04 21:19:13,391: INFO     Select guides that start between +500 and -500 of a feature start
2021-02-04 21:19:13,464: INFO     Select description columns
2021-02-04 21:19:13,538: INFO     Format the output
2021-02-04 21:19:13,676: INFO     Number of Guides within a gene coordinates i.e. zero Feature distance: 8353
2021-02-04 21:19:13,856: INFO     creating random control guides
2021-02-04 21:19:13,920: INFO     Number of random control searched: 100
2021-02-04 21:19:13,920: INFO     Percentage of GC content in the input genome: 50.79
2021-02-04 21:19:13,920: INFO     Total length of the genome: 4.4 MB
2021-02-04 21:19:13,920: INFO     created 10 control guides with a minimum distance of 8 and a median distance of 8
2021-02-04 21:19:13,922: INFO     guidemaker completed, results are at TEST
2021-02-04 21:19:13,923: INFO     PAM sequence: NNAGAAW
2021-02-04 21:19:13,923: INFO     PAM orientation: 3prime
2021-02-04 21:19:13,923: INFO     Genome strand(s) searched: both
2021-02-04 21:19:13,923: INFO     Total PAM sites considered: 20528
2021-02-04 21:19:13,923: INFO     Guide RNA candidates found: 15628
	Command being timed: "guidemaker -i ../all_test_data/Escherichia.coli_str_K-12_substr_MG1655.gbk --pamseq NNAGAAW --outdir TEST --pam_orientation 3prime --guidelength 20 --strand both --lcp 11 --dist 3 --before 500 --into 500 --knum 10 --controls 10 --log GM_63833336_7.log --threads 16"
	User time (seconds): 10.37
	System time (seconds): 2.07
	Percent of CPU this job got: 176%
	Elapsed (wall clock) time (h:mm:ss or m:ss): 0:07.05
	Average shared text size (kbytes): 0
	Average unshared data size (kbytes): 0
	Average stack size (kbytes): 0
	Average total size (kbytes): 0
	Maximum resident set size (kbytes): 195700
	Average resident set size (kbytes): 0
	Major (requiring I/O) page faults: 0
	Minor (reclaiming a frame) page faults: 197673
	Voluntary context switches: 27412
	Involuntary context switches: 65872
	Swaps: 0
	File system inputs: 0
	File system outputs: 40440
	Socket messages sent: 0
	Socket messages received: 0
	Signals delivered: 0
	Page size (bytes): 4096
	Exit status: 0
My SLURM_ARRAY_TASK_ID:  7
My TMPDIR IS:  /scratch/local/63833336
Input Genome:>>>>>>>>>>>>>>>>>>>>>>>>>>>>>>>>>>>>>>>>>>>  Escherichia.coli_str_K-12_substr_MG1655.gbk
Input PAM:>>>>>>>>>>>>>>>>>>>>>>>>>>>>>>>>>>>>>>>>>>>  NNAGAAW
Threads used:>>>>>>>>>>>>>>>>>>>>>>>>>>>>>>>>>>>>>>>>>>>  32
GuideMaker
Your CPU supports instructions that this binary was not compiled to use: SSE4.1 SSE4.2 AVX AVX2
For maximum performance, you can install NMSLIB from sources 
pip install --no-binary :all: nmslib
2021-02-04 21:19:14,894: INFO     Temp directory is: /scratch/local/63833336/guidemaker_q44yyp4q
2021-02-04 21:19:14,895: INFO     Writing fasta file from genbank file(s)
2021-02-04 21:19:14,895: INFO     check if ../all_test_data/Escherichia.coli_str_K-12_substr_MG1655.gbk is gzipped
2021-02-04 21:19:15,808: INFO     Identifying PAM sites in the genome
2021-02-04 21:19:17,960: INFO     Checking guides for restriction enzymes
2021-02-04 21:19:17,966: INFO     Number of guides removed after checking for restriction enzymes: 0
2021-02-04 21:19:17,966: INFO     Identifing guides that are unique near the PAM site
2021-02-04 21:19:17,984: INFO     Number of guides removed after checking for unique PAM: 697
2021-02-04 21:19:17,984: INFO     Indexing all potential guide sites: 20528. This is the longest step.
2021-02-04 21:19:18,068: INFO     M                   = 16
2021-02-04 21:19:18,068: INFO     indexThreadQty      = 32
2021-02-04 21:19:18,068: INFO     efConstruction      = 10
2021-02-04 21:19:18,068: INFO     maxM			          = 16
2021-02-04 21:19:18,068: INFO     maxM0			          = 32
2021-02-04 21:19:18,068: INFO     mult                = 0.360674
2021-02-04 21:19:18,068: INFO     skip_optimized_index= 0
2021-02-04 21:19:18,069: INFO     delaunay_type       = 2
2021-02-04 21:19:18,069: INFO     Set HNSW query-time parameters:
2021-02-04 21:19:18,069: INFO     ef(Search)         =20
2021-02-04 21:19:18,069: INFO     algoType           =2

0%   10   20   30   40   50   60   70   80   90   100%
|----|----|----|----|----|----|----|----|----|----|
***************************************************

0%   10   20   30   40   50   60   70   80   90   100%
|----|----|----|----|----|----|----|----|----|----|
****************************************************2021-02-04 21:19:18,160: INFO     No appropriate custom distance function for Hamming (bit-storage) space
2021-02-04 21:19:18,160: INFO     searchMethod			  = 0
2021-02-04 21:19:18,161: INFO     Identifying guides that have a hamming distance <= 3 to all other potential guides
2021-02-04 21:19:18,185: INFO     Set HNSW query-time parameters:
2021-02-04 21:19:18,185: INFO     ef(Search)         =9
2021-02-04 21:19:18,185: INFO     algoType           =2
2021-02-04 21:19:19,034: INFO     Formatting data for BedTools
2021-02-04 21:19:19,066: INFO     Create GuideMaker Annotation object
2021-02-04 21:19:19,066: INFO     Identify genomic features
2021-02-04 21:19:19,067: INFO     check if ../all_test_data/Escherichia.coli_str_K-12_substr_MG1655.gbk is gzipped
2021-02-04 21:19:20,027: INFO     Total number of CDS/locus in the input genome: 4357
2021-02-04 21:19:20,028: INFO     Find genomic features closest the guides
2021-02-04 21:19:20,374: INFO     Select guides that start between +500 and -500 of a feature start
2021-02-04 21:19:20,446: INFO     Select description columns
2021-02-04 21:19:20,520: INFO     Format the output
2021-02-04 21:19:20,658: INFO     Number of Guides within a gene coordinates i.e. zero Feature distance: 8353
2021-02-04 21:19:20,831: INFO     creating random control guides
2021-02-04 21:19:20,900: INFO     Number of random control searched: 100
2021-02-04 21:19:20,900: INFO     Percentage of GC content in the input genome: 50.79
2021-02-04 21:19:20,900: INFO     Total length of the genome: 4.4 MB
2021-02-04 21:19:20,900: INFO     created 10 control guides with a minimum distance of 8 and a median distance of 8
2021-02-04 21:19:20,902: INFO     guidemaker completed, results are at TEST
2021-02-04 21:19:20,903: INFO     PAM sequence: NNAGAAW
2021-02-04 21:19:20,903: INFO     PAM orientation: 3prime
2021-02-04 21:19:20,903: INFO     Genome strand(s) searched: both
2021-02-04 21:19:20,903: INFO     Total PAM sites considered: 20528
2021-02-04 21:19:20,903: INFO     Guide RNA candidates found: 15629
	Command being timed: "guidemaker -i ../all_test_data/Escherichia.coli_str_K-12_substr_MG1655.gbk --pamseq NNAGAAW --outdir TEST --pam_orientation 3prime --guidelength 20 --strand both --lcp 11 --dist 3 --before 500 --into 500 --knum 10 --controls 10 --log GM_63833336_7.log --threads 32"
	User time (seconds): 10.54
	System time (seconds): 2.58
	Percent of CPU this job got: 187%
	Elapsed (wall clock) time (h:mm:ss or m:ss): 0:06.99
	Average shared text size (kbytes): 0
	Average unshared data size (kbytes): 0
	Average stack size (kbytes): 0
	Average total size (kbytes): 0
	Maximum resident set size (kbytes): 196484
	Average resident set size (kbytes): 0
	Major (requiring I/O) page faults: 0
	Minor (reclaiming a frame) page faults: 232627
	Voluntary context switches: 55480
	Involuntary context switches: 120590
	Swaps: 0
	File system inputs: 0
	File system outputs: 40416
	Socket messages sent: 0
	Socket messages received: 0
	Signals delivered: 0
	Page size (bytes): 4096
	Exit status: 0
