Wed Aug 19 20:31:44 EDT 2020
c31b-s26.ufhpc
/blue/garrett/rp3448/analysis/guidemaker/nonAVXGuidemaker/GuideMaker

     active environment : nonAVX2
    active env location : /home/rp3448/.conda/envs/nonAVX2
            shell level : 2
       user config file : /home/rp3448/.condarc
 populated config files : /home/rp3448/.condarc
          conda version : 4.8.3
    conda-build version : not installed
         python version : 3.8.3.final.0
       virtual packages : __glibc=2.17
       base environment : /apps/conda/4.8.3.0  (read only)
           channel URLs : https://conda.anaconda.org/biobakery/linux-64
                          https://conda.anaconda.org/biobakery/noarch
                          https://conda.anaconda.org/conda-forge/linux-64
                          https://conda.anaconda.org/conda-forge/noarch
                          https://conda.anaconda.org/bioconda/linux-64
                          https://conda.anaconda.org/bioconda/noarch
                          https://repo.anaconda.com/pkgs/main/linux-64
                          https://repo.anaconda.com/pkgs/main/noarch
                          https://repo.anaconda.com/pkgs/r/linux-64
                          https://repo.anaconda.com/pkgs/r/noarch
          package cache : /apps/conda/4.8.3.0/pkgs
                          /home/rp3448/.conda/pkgs
       envs directories : /home/rp3448/.conda/envs
                          /apps/conda/4.8.3.0/envs
               platform : linux-64
             user-agent : conda/4.8.3 requests/2.23.0 CPython/3.8.3 Linux/3.10.0-1062.18.1.el7.x86_64 rhel/7.7 glibc/2.17
                UID:GID : 6472:3511
             netrc file : None
           offline mode : False

My SLURM_ARRAY_TASK_ID:  4
My TMPDIR IS:  /scratch/local/57683017
Input Genome:>>>>>>>>>>>>>>>>>>>>>>>>>>>>>>>>>>>>>>>>>>>  Pseudomonas_aeruginosa_PAO1_107.gbk
Threads used:>>>>>>>>>>>>>>>>>>>>>>>>>>>>>>>>>>>>>>>>>>>  1
GuideMaker
Your CPU supports instructions that this binary was not compiled to use: SSE4.1 SSE4.2 AVX AVX2
For maximum performance, you can install NMSLIB from sources 
pip install --no-binary :all: nmslib
2020-08-19 20:31:51,708: INFO     Temp directory is: /scratch/local/57683017/guidemaker_lwzn7p7u
2020-08-19 20:31:51,708: INFO     Writing fasta file from genbank file(s)
2020-08-19 20:31:51,709: INFO     check if test/test_data/Pseudomonas_aeruginosa_PAO1_107.gbk is gzipped
/home/rp3448/.conda/envs/nonAVX2/lib/python3.7/site-packages/Bio/GenBank/Scanner.py:1400: BiopythonParserWarning: Truncated LOCUS line found - is this correct?
:'LOCUS       NC_002516            6264404 bp    dna     circular UNK \n'
  BiopythonParserWarning,
/home/rp3448/.conda/envs/nonAVX2/lib/python3.7/site-packages/Bio/GenBank/__init__.py:762: BiopythonParserWarning: Non-upper case molecule type in LOCUS line: dna
  BiopythonParserWarning,
2020-08-19 20:31:52,612: INFO     Identifying PAM sites in the genome
2020-08-19 20:32:17,030: INFO     Identifing guides that are unique near the PAM site
2020-08-19 20:32:18,567: INFO     Indexing all potential guide sites: 1171800. This is the longest step.
2020-08-19 20:32:23,420: INFO     M                   = 16
2020-08-19 20:32:23,420: INFO     indexThreadQty      = 1
2020-08-19 20:32:23,421: INFO     efConstruction      = 64
2020-08-19 20:32:23,421: INFO     maxM			          = 16
2020-08-19 20:32:23,421: INFO     maxM0			          = 32
2020-08-19 20:32:23,421: INFO     mult                = 0.360674
2020-08-19 20:32:23,421: INFO     skip_optimized_index= 0
2020-08-19 20:32:23,421: INFO     delaunay_type       = 2
2020-08-19 20:32:23,421: INFO     Set HNSW query-time parameters:
2020-08-19 20:32:23,421: INFO     ef(Search)         =20
2020-08-19 20:32:23,421: INFO     algoType           =2

0%   10   20   30   40   50   60   70   80   90   100%
|----|----|----|----|----|----|----|----|----|----|
***************************************************

0%   10   20   30   40   50   60   70   80   90   100%
|----|----|----|----|----|----|----|----|----|----|
***************************************************
*2020-08-19 20:44:43,641: INFO     No appropriate custom distance function for Hamming (bit-storage) space
2020-08-19 20:44:43,643: INFO     searchMethod			  = 0
2020-08-19 20:44:43,742: INFO     Identifying guides that have a hamming distance <= 3 to all other potential guides
2020-08-19 20:44:44,069: INFO     Set HNSW query-time parameters:
2020-08-19 20:44:44,069: INFO     ef(Search)         =256
2020-08-19 20:44:44,069: INFO     algoType           =2
2020-08-19 20:48:14,479: INFO     Formatting data for BedTools
2020-08-19 20:48:14,924: INFO     Create GuideMaker Annotation object
2020-08-19 20:48:14,924: INFO     Identify genomic features
2020-08-19 20:48:14,925: INFO     check if test/test_data/Pseudomonas_aeruginosa_PAO1_107.gbk is gzipped
2020-08-19 20:48:16,312: INFO     Total number of CDS/locus in the input genome: 5584
2020-08-19 20:48:16,312: INFO     Find genomic features closest the guides
2020-08-19 20:48:18,904: INFO     Select guides that start between +100 and -100 of a feature start
2020-08-19 20:48:19,092: INFO     Select description columns
2020-08-19 20:48:19,144: INFO     Format the output
2020-08-19 20:48:20,208: INFO     creating random control guides
2020-08-19 20:50:38,556: INFO     created 10 control guides with a minimum distance of 7 and a median distance of 7
2020-08-19 20:50:38,568: INFO     guidemaker completed, results are at TEST
2020-08-19 20:50:38,568: INFO     PAM sequence: NGG
2020-08-19 20:50:38,568: INFO     PAM orientation: 5prime
2020-08-19 20:50:38,569: INFO     Genome strand(s) searched: both
2020-08-19 20:50:38,569: INFO     Total PAM sites considered: 1171800
2020-08-19 20:50:38,569: INFO     Guide RNA candidates found: 45720
Number of random control searched:  100000
	Command being timed: "guidemaker -i test/test_data/Pseudomonas_aeruginosa_PAO1_107.gbk --pamseq NGG --outdir TEST --pam_orientation 5prime --guidelength 20 --strand both --lcp 10 --dist 3 --before 100 --into 100 --knum 10 --controls 10 --log GuideMaker_57683017_4.log --threads 1"
	User time (seconds): 1124.99
	System time (seconds): 7.97
	Percent of CPU this job got: 100%
	Elapsed (wall clock) time (h:mm:ss or m:ss): 18:52.91
	Average shared text size (kbytes): 0
	Average unshared data size (kbytes): 0
	Average stack size (kbytes): 0
	Average total size (kbytes): 0
	Maximum resident set size (kbytes): 2739656
	Average resident set size (kbytes): 0
	Major (requiring I/O) page faults: 122
	Minor (reclaiming a frame) page faults: 7227946
	Voluntary context switches: 3899
	Involuntary context switches: 5785
	Swaps: 0
	File system inputs: 337200
	File system outputs: 185240
	Socket messages sent: 0
	Socket messages received: 0
	Signals delivered: 0
	Page size (bytes): 4096
	Exit status: 0
My SLURM_ARRAY_TASK_ID:  4
My TMPDIR IS:  /scratch/local/57683017
Input Genome:>>>>>>>>>>>>>>>>>>>>>>>>>>>>>>>>>>>>>>>>>>>  Pseudomonas_aeruginosa_PAO1_107.gbk
Threads used:>>>>>>>>>>>>>>>>>>>>>>>>>>>>>>>>>>>>>>>>>>>  2
GuideMaker
Your CPU supports instructions that this binary was not compiled to use: SSE4.1 SSE4.2 AVX AVX2
For maximum performance, you can install NMSLIB from sources 
pip install --no-binary :all: nmslib
2020-08-19 20:50:41,889: INFO     Temp directory is: /scratch/local/57683017/guidemaker_pkrkv46a
2020-08-19 20:50:41,889: INFO     Writing fasta file from genbank file(s)
2020-08-19 20:50:41,889: INFO     check if test/test_data/Pseudomonas_aeruginosa_PAO1_107.gbk is gzipped
/home/rp3448/.conda/envs/nonAVX2/lib/python3.7/site-packages/Bio/GenBank/Scanner.py:1400: BiopythonParserWarning: Truncated LOCUS line found - is this correct?
:'LOCUS       NC_002516            6264404 bp    dna     circular UNK \n'
  BiopythonParserWarning,
/home/rp3448/.conda/envs/nonAVX2/lib/python3.7/site-packages/Bio/GenBank/__init__.py:762: BiopythonParserWarning: Non-upper case molecule type in LOCUS line: dna
  BiopythonParserWarning,
2020-08-19 20:50:42,691: INFO     Identifying PAM sites in the genome
2020-08-19 20:51:08,719: INFO     Identifing guides that are unique near the PAM site
2020-08-19 20:51:10,246: INFO     Indexing all potential guide sites: 1171800. This is the longest step.
2020-08-19 20:51:15,142: INFO     M                   = 16
2020-08-19 20:51:15,143: INFO     indexThreadQty      = 2
2020-08-19 20:51:15,143: INFO     efConstruction      = 64
2020-08-19 20:51:15,143: INFO     maxM			          = 16
2020-08-19 20:51:15,143: INFO     maxM0			          = 32
2020-08-19 20:51:15,143: INFO     mult                = 0.360674
2020-08-19 20:51:15,143: INFO     skip_optimized_index= 0
2020-08-19 20:51:15,143: INFO     delaunay_type       = 2
2020-08-19 20:51:15,143: INFO     Set HNSW query-time parameters:
2020-08-19 20:51:15,143: INFO     ef(Search)         =20
2020-08-19 20:51:15,143: INFO     algoType           =2

0%   10   20   30   40   50   60   70   80   90   100%
|----|----|----|----|----|----|----|----|----|----|
***************************************************

0%   10   20   30   40   50   60   70   80   90   100%
|----|----|----|----|----|----|----|----|----|----|
****************************************************2020-08-19 20:58:18,513: INFO     No appropriate custom distance function for Hamming (bit-storage) space
2020-08-19 20:58:18,514: INFO     searchMethod			  = 0
2020-08-19 20:58:18,611: INFO     Identifying guides that have a hamming distance <= 3 to all other potential guides
2020-08-19 20:58:18,934: INFO     Set HNSW query-time parameters:
2020-08-19 20:58:18,934: INFO     ef(Search)         =256
2020-08-19 20:58:18,935: INFO     algoType           =2
2020-08-19 21:00:28,215: INFO     Formatting data for BedTools
2020-08-19 21:00:28,675: INFO     Create GuideMaker Annotation object
2020-08-19 21:00:28,675: INFO     Identify genomic features
2020-08-19 21:00:28,675: INFO     check if test/test_data/Pseudomonas_aeruginosa_PAO1_107.gbk is gzipped
2020-08-19 21:00:30,203: INFO     Total number of CDS/locus in the input genome: 5584
2020-08-19 21:00:30,203: INFO     Find genomic features closest the guides
2020-08-19 21:00:32,910: INFO     Select guides that start between +100 and -100 of a feature start
2020-08-19 21:00:33,090: INFO     Select description columns
2020-08-19 21:00:33,142: INFO     Format the output
2020-08-19 21:00:34,266: INFO     creating random control guides
2020-08-19 21:02:00,167: INFO     created 10 control guides with a minimum distance of 7 and a median distance of 7
2020-08-19 21:02:00,176: INFO     guidemaker completed, results are at TEST
2020-08-19 21:02:00,176: INFO     PAM sequence: NGG
2020-08-19 21:02:00,176: INFO     PAM orientation: 5prime
2020-08-19 21:02:00,177: INFO     Genome strand(s) searched: both
2020-08-19 21:02:00,177: INFO     Total PAM sites considered: 1171800
2020-08-19 21:02:00,177: INFO     Guide RNA candidates found: 45720
Number of random control searched:  100000
	Command being timed: "guidemaker -i test/test_data/Pseudomonas_aeruginosa_PAO1_107.gbk --pamseq NGG --outdir TEST --pam_orientation 5prime --guidelength 20 --strand both --lcp 10 --dist 3 --before 100 --into 100 --knum 10 --controls 10 --log GuideMaker_57683017_4.log --threads 2"
	User time (seconds): 1262.70
	System time (seconds): 43.96
	Percent of CPU this job got: 191%
	Elapsed (wall clock) time (h:mm:ss or m:ss): 11:21.67
	Average shared text size (kbytes): 0
	Average unshared data size (kbytes): 0
	Average stack size (kbytes): 0
	Average total size (kbytes): 0
	Maximum resident set size (kbytes): 2853884
	Average resident set size (kbytes): 0
	Major (requiring I/O) page faults: 0
	Minor (reclaiming a frame) page faults: 25756646
	Voluntary context switches: 71449
	Involuntary context switches: 265646
	Swaps: 0
	File system inputs: 8
	File system outputs: 185192
	Socket messages sent: 0
	Socket messages received: 0
	Signals delivered: 0
	Page size (bytes): 4096
	Exit status: 0
My SLURM_ARRAY_TASK_ID:  4
My TMPDIR IS:  /scratch/local/57683017
Input Genome:>>>>>>>>>>>>>>>>>>>>>>>>>>>>>>>>>>>>>>>>>>>  Pseudomonas_aeruginosa_PAO1_107.gbk
Threads used:>>>>>>>>>>>>>>>>>>>>>>>>>>>>>>>>>>>>>>>>>>>  4
GuideMaker
Your CPU supports instructions that this binary was not compiled to use: SSE4.1 SSE4.2 AVX AVX2
For maximum performance, you can install NMSLIB from sources 
pip install --no-binary :all: nmslib
2020-08-19 21:02:03,504: INFO     Temp directory is: /scratch/local/57683017/guidemaker_j72m6oe0
2020-08-19 21:02:03,504: INFO     Writing fasta file from genbank file(s)
2020-08-19 21:02:03,505: INFO     check if test/test_data/Pseudomonas_aeruginosa_PAO1_107.gbk is gzipped
/home/rp3448/.conda/envs/nonAVX2/lib/python3.7/site-packages/Bio/GenBank/Scanner.py:1400: BiopythonParserWarning: Truncated LOCUS line found - is this correct?
:'LOCUS       NC_002516            6264404 bp    dna     circular UNK \n'
  BiopythonParserWarning,
/home/rp3448/.conda/envs/nonAVX2/lib/python3.7/site-packages/Bio/GenBank/__init__.py:762: BiopythonParserWarning: Non-upper case molecule type in LOCUS line: dna
  BiopythonParserWarning,
2020-08-19 21:02:04,309: INFO     Identifying PAM sites in the genome
2020-08-19 21:02:28,921: INFO     Identifing guides that are unique near the PAM site
2020-08-19 21:02:30,456: INFO     Indexing all potential guide sites: 1171800. This is the longest step.
2020-08-19 21:02:35,631: INFO     M                   = 16
2020-08-19 21:02:35,631: INFO     indexThreadQty      = 4
2020-08-19 21:02:35,631: INFO     efConstruction      = 64
2020-08-19 21:02:35,631: INFO     maxM			          = 16
2020-08-19 21:02:35,631: INFO     maxM0			          = 32
2020-08-19 21:02:35,631: INFO     mult                = 0.360674
2020-08-19 21:02:35,631: INFO     skip_optimized_index= 0
2020-08-19 21:02:35,631: INFO     delaunay_type       = 2
2020-08-19 21:02:35,631: INFO     Set HNSW query-time parameters:
2020-08-19 21:02:35,632: INFO     ef(Search)         =20
2020-08-19 21:02:35,632: INFO     algoType           =2

0%   10   20   30   40   50   60   70   80   90   100%
|----|----|----|----|----|----|----|----|----|----|
***************************************************

0%   10   20   30   40   50   60   70   80   90   100%
|----|----|----|----|----|----|----|----|----|----|
****************************************************2020-08-19 21:06:13,397: INFO     No appropriate custom distance function for Hamming (bit-storage) space
2020-08-19 21:06:13,397: INFO     searchMethod			  = 0
2020-08-19 21:06:13,498: INFO     Identifying guides that have a hamming distance <= 3 to all other potential guides
2020-08-19 21:06:13,847: INFO     Set HNSW query-time parameters:
2020-08-19 21:06:13,847: INFO     ef(Search)         =256
2020-08-19 21:06:13,848: INFO     algoType           =2
2020-08-19 21:07:21,001: INFO     Formatting data for BedTools
2020-08-19 21:07:21,390: INFO     Create GuideMaker Annotation object
2020-08-19 21:07:21,390: INFO     Identify genomic features
2020-08-19 21:07:21,391: INFO     check if test/test_data/Pseudomonas_aeruginosa_PAO1_107.gbk is gzipped
2020-08-19 21:07:22,811: INFO     Total number of CDS/locus in the input genome: 5584
2020-08-19 21:07:22,811: INFO     Find genomic features closest the guides
2020-08-19 21:07:25,461: INFO     Select guides that start between +100 and -100 of a feature start
2020-08-19 21:07:25,639: INFO     Select description columns
2020-08-19 21:07:25,687: INFO     Format the output
2020-08-19 21:07:26,742: INFO     creating random control guides
2020-08-19 21:08:12,320: INFO     created 10 control guides with a minimum distance of 7 and a median distance of 7
2020-08-19 21:08:12,324: INFO     guidemaker completed, results are at TEST
2020-08-19 21:08:12,324: INFO     PAM sequence: NGG
2020-08-19 21:08:12,324: INFO     PAM orientation: 5prime
2020-08-19 21:08:12,324: INFO     Genome strand(s) searched: both
2020-08-19 21:08:12,324: INFO     Total PAM sites considered: 1171800
2020-08-19 21:08:12,324: INFO     Guide RNA candidates found: 45720
Number of random control searched:  100000
	Command being timed: "guidemaker -i test/test_data/Pseudomonas_aeruginosa_PAO1_107.gbk --pamseq NGG --outdir TEST --pam_orientation 5prime --guidelength 20 --strand both --lcp 10 --dist 3 --before 100 --into 100 --knum 10 --controls 10 --log GuideMaker_57683017_4.log --threads 4"
	User time (seconds): 1282.02
	System time (seconds): 33.85
	Percent of CPU this job got: 353%
	Elapsed (wall clock) time (h:mm:ss or m:ss): 6:12.16
	Average shared text size (kbytes): 0
	Average unshared data size (kbytes): 0
	Average stack size (kbytes): 0
	Average total size (kbytes): 0
	Maximum resident set size (kbytes): 2851352
	Average resident set size (kbytes): 0
	Major (requiring I/O) page faults: 0
	Minor (reclaiming a frame) page faults: 17232265
	Voluntary context switches: 171248
	Involuntary context switches: 531606
	Swaps: 0
	File system inputs: 15520
	File system outputs: 185176
	Socket messages sent: 0
	Socket messages received: 0
	Signals delivered: 0
	Page size (bytes): 4096
	Exit status: 0
My SLURM_ARRAY_TASK_ID:  4
My TMPDIR IS:  /scratch/local/57683017
Input Genome:>>>>>>>>>>>>>>>>>>>>>>>>>>>>>>>>>>>>>>>>>>>  Pseudomonas_aeruginosa_PAO1_107.gbk
Threads used:>>>>>>>>>>>>>>>>>>>>>>>>>>>>>>>>>>>>>>>>>>>  8
GuideMaker
Your CPU supports instructions that this binary was not compiled to use: SSE4.1 SSE4.2 AVX AVX2
For maximum performance, you can install NMSLIB from sources 
pip install --no-binary :all: nmslib
2020-08-19 21:08:15,576: INFO     Temp directory is: /scratch/local/57683017/guidemaker__ifol30g
2020-08-19 21:08:15,577: INFO     Writing fasta file from genbank file(s)
2020-08-19 21:08:15,577: INFO     check if test/test_data/Pseudomonas_aeruginosa_PAO1_107.gbk is gzipped
/home/rp3448/.conda/envs/nonAVX2/lib/python3.7/site-packages/Bio/GenBank/Scanner.py:1400: BiopythonParserWarning: Truncated LOCUS line found - is this correct?
:'LOCUS       NC_002516            6264404 bp    dna     circular UNK \n'
  BiopythonParserWarning,
/home/rp3448/.conda/envs/nonAVX2/lib/python3.7/site-packages/Bio/GenBank/__init__.py:762: BiopythonParserWarning: Non-upper case molecule type in LOCUS line: dna
  BiopythonParserWarning,
2020-08-19 21:08:16,368: INFO     Identifying PAM sites in the genome
2020-08-19 21:08:43,000: INFO     Identifing guides that are unique near the PAM site
2020-08-19 21:08:44,537: INFO     Indexing all potential guide sites: 1171800. This is the longest step.
2020-08-19 21:08:49,603: INFO     M                   = 16
2020-08-19 21:08:49,603: INFO     indexThreadQty      = 8
2020-08-19 21:08:49,603: INFO     efConstruction      = 64
2020-08-19 21:08:49,603: INFO     maxM			          = 16
2020-08-19 21:08:49,603: INFO     maxM0			          = 32
2020-08-19 21:08:49,603: INFO     mult                = 0.360674
2020-08-19 21:08:49,604: INFO     skip_optimized_index= 0
2020-08-19 21:08:49,604: INFO     delaunay_type       = 2
2020-08-19 21:08:49,604: INFO     Set HNSW query-time parameters:
2020-08-19 21:08:49,604: INFO     ef(Search)         =20
2020-08-19 21:08:49,604: INFO     algoType           =2

0%   10   20   30   40   50   60   70   80   90   100%
|----|----|----|----|----|----|----|----|----|----|
***************************************************

0%   10   20   30   40   50   60   70   80   90   100%
|----|----|----|----|----|----|----|----|----|----|
******************************************************




2020-08-19 21:10:46,876: INFO     No appropriate custom distance function for Hamming (bit-storage) space
2020-08-19 21:10:46,877: INFO     searchMethod			  = 0
2020-08-19 21:10:46,981: INFO     Identifying guides that have a hamming distance <= 3 to all other potential guides
2020-08-19 21:10:47,347: INFO     Set HNSW query-time parameters:
2020-08-19 21:10:47,347: INFO     ef(Search)         =256
2020-08-19 21:10:47,348: INFO     algoType           =2
2020-08-19 21:11:27,178: INFO     Formatting data for BedTools
2020-08-19 21:11:27,599: INFO     Create GuideMaker Annotation object
2020-08-19 21:11:27,599: INFO     Identify genomic features
2020-08-19 21:11:27,599: INFO     check if test/test_data/Pseudomonas_aeruginosa_PAO1_107.gbk is gzipped
2020-08-19 21:11:29,014: INFO     Total number of CDS/locus in the input genome: 5584
2020-08-19 21:11:29,014: INFO     Find genomic features closest the guides
2020-08-19 21:11:31,626: INFO     Select guides that start between +100 and -100 of a feature start
2020-08-19 21:11:31,799: INFO     Select description columns
2020-08-19 21:11:31,846: INFO     Format the output
2020-08-19 21:11:32,874: INFO     creating random control guides
2020-08-19 21:11:59,094: INFO     created 10 control guides with a minimum distance of 7 and a median distance of 7
2020-08-19 21:11:59,098: INFO     guidemaker completed, results are at TEST
2020-08-19 21:11:59,098: INFO     PAM sequence: NGG
2020-08-19 21:11:59,098: INFO     PAM orientation: 5prime
2020-08-19 21:11:59,098: INFO     Genome strand(s) searched: both
2020-08-19 21:11:59,098: INFO     Total PAM sites considered: 1171800
2020-08-19 21:11:59,098: INFO     Guide RNA candidates found: 45720
Number of random control searched:  100000
	Command being timed: "guidemaker -i test/test_data/Pseudomonas_aeruginosa_PAO1_107.gbk --pamseq NGG --outdir TEST --pam_orientation 5prime --guidelength 20 --strand both --lcp 10 --dist 3 --before 100 --into 100 --knum 10 --controls 10 --log GuideMaker_57683017_4.log --threads 8"
	User time (seconds): 1362.21
	System time (seconds): 32.23
	Percent of CPU this job got: 614%
	Elapsed (wall clock) time (h:mm:ss or m:ss): 3:46.82
	Average shared text size (kbytes): 0
	Average unshared data size (kbytes): 0
	Average stack size (kbytes): 0
	Average total size (kbytes): 0
	Maximum resident set size (kbytes): 2882840
	Average resident set size (kbytes): 0
	Major (requiring I/O) page faults: 0
	Minor (reclaiming a frame) page faults: 14135755
	Voluntary context switches: 266190
	Involuntary context switches: 146257
	Swaps: 0
	File system inputs: 8
	File system outputs: 185152
	Socket messages sent: 0
	Socket messages received: 0
	Signals delivered: 0
	Page size (bytes): 4096
	Exit status: 0
My SLURM_ARRAY_TASK_ID:  4
My TMPDIR IS:  /scratch/local/57683017
Input Genome:>>>>>>>>>>>>>>>>>>>>>>>>>>>>>>>>>>>>>>>>>>>  Pseudomonas_aeruginosa_PAO1_107.gbk
Threads used:>>>>>>>>>>>>>>>>>>>>>>>>>>>>>>>>>>>>>>>>>>>  16
GuideMaker
Your CPU supports instructions that this binary was not compiled to use: SSE4.1 SSE4.2 AVX AVX2
For maximum performance, you can install NMSLIB from sources 
pip install --no-binary :all: nmslib
2020-08-19 21:12:02,453: INFO     Temp directory is: /scratch/local/57683017/guidemaker_ductq1sa
2020-08-19 21:12:02,454: INFO     Writing fasta file from genbank file(s)
2020-08-19 21:12:02,454: INFO     check if test/test_data/Pseudomonas_aeruginosa_PAO1_107.gbk is gzipped
/home/rp3448/.conda/envs/nonAVX2/lib/python3.7/site-packages/Bio/GenBank/Scanner.py:1400: BiopythonParserWarning: Truncated LOCUS line found - is this correct?
:'LOCUS       NC_002516            6264404 bp    dna     circular UNK \n'
  BiopythonParserWarning,
/home/rp3448/.conda/envs/nonAVX2/lib/python3.7/site-packages/Bio/GenBank/__init__.py:762: BiopythonParserWarning: Non-upper case molecule type in LOCUS line: dna
  BiopythonParserWarning,
2020-08-19 21:12:03,247: INFO     Identifying PAM sites in the genome
2020-08-19 21:12:29,686: INFO     Identifing guides that are unique near the PAM site
2020-08-19 21:12:31,213: INFO     Indexing all potential guide sites: 1171800. This is the longest step.
2020-08-19 21:12:36,440: INFO     M                   = 16
2020-08-19 21:12:36,441: INFO     indexThreadQty      = 16
2020-08-19 21:12:36,441: INFO     efConstruction      = 64
2020-08-19 21:12:36,441: INFO     maxM			          = 16
2020-08-19 21:12:36,441: INFO     maxM0			          = 32
2020-08-19 21:12:36,441: INFO     mult                = 0.360674
2020-08-19 21:12:36,441: INFO     skip_optimized_index= 0
2020-08-19 21:12:36,441: INFO     delaunay_type       = 2
2020-08-19 21:12:36,441: INFO     Set HNSW query-time parameters:
2020-08-19 21:12:36,441: INFO     ef(Search)         =20
2020-08-19 21:12:36,441: INFO     algoType           =2

0%   10   20   30   40   50   60   70   80   90   100%
|----|----|----|----|----|----|----|----|----|----|
***************************************************

0%   10   20   30   40   50   60   70   80   90   100%
|----|----|----|----|----|----|----|----|----|----|
****************************************************2020-08-19 21:13:41,618: INFO     No appropriate custom distance function for Hamming (bit-storage) space
2020-08-19 21:13:41,619: INFO     searchMethod			  = 0
2020-08-19 21:13:41,732: INFO     Identifying guides that have a hamming distance <= 3 to all other potential guides
2020-08-19 21:13:42,076: INFO     Set HNSW query-time parameters:
2020-08-19 21:13:42,076: INFO     ef(Search)         =256
2020-08-19 21:13:42,076: INFO     algoType           =2
2020-08-19 21:14:07,212: INFO     Formatting data for BedTools
2020-08-19 21:14:07,620: INFO     Create GuideMaker Annotation object
2020-08-19 21:14:07,620: INFO     Identify genomic features
2020-08-19 21:14:07,620: INFO     check if test/test_data/Pseudomonas_aeruginosa_PAO1_107.gbk is gzipped
2020-08-19 21:14:09,059: INFO     Total number of CDS/locus in the input genome: 5584
2020-08-19 21:14:09,060: INFO     Find genomic features closest the guides
2020-08-19 21:14:11,785: INFO     Select guides that start between +100 and -100 of a feature start
2020-08-19 21:14:11,983: INFO     Select description columns
2020-08-19 21:14:12,030: INFO     Format the output
2020-08-19 21:14:13,086: INFO     creating random control guides
2020-08-19 21:14:31,142: INFO     created 10 control guides with a minimum distance of 7 and a median distance of 7
2020-08-19 21:14:31,145: INFO     guidemaker completed, results are at TEST
2020-08-19 21:14:31,145: INFO     PAM sequence: NGG
2020-08-19 21:14:31,145: INFO     PAM orientation: 5prime
2020-08-19 21:14:31,145: INFO     Genome strand(s) searched: both
2020-08-19 21:14:31,145: INFO     Total PAM sites considered: 1171800
2020-08-19 21:14:31,145: INFO     Guide RNA candidates found: 45720
Number of random control searched:  100000
	Command being timed: "guidemaker -i test/test_data/Pseudomonas_aeruginosa_PAO1_107.gbk --pamseq NGG --outdir TEST --pam_orientation 5prime --guidelength 20 --strand both --lcp 10 --dist 3 --before 100 --into 100 --knum 10 --controls 10 --log GuideMaker_57683017_4.log --threads 16"
	User time (seconds): 1476.88
	System time (seconds): 49.18
	Percent of CPU this job got: 1001%
	Elapsed (wall clock) time (h:mm:ss or m:ss): 2:32.31
	Average shared text size (kbytes): 0
	Average unshared data size (kbytes): 0
	Average stack size (kbytes): 0
	Average total size (kbytes): 0
	Maximum resident set size (kbytes): 2927160
	Average resident set size (kbytes): 0
	Major (requiring I/O) page faults: 0
	Minor (reclaiming a frame) page faults: 13721489
	Voluntary context switches: 493939
	Involuntary context switches: 2435
	Swaps: 0
	File system inputs: 8
	File system outputs: 185152
	Socket messages sent: 0
	Socket messages received: 0
	Signals delivered: 0
	Page size (bytes): 4096
	Exit status: 0
My SLURM_ARRAY_TASK_ID:  4
My TMPDIR IS:  /scratch/local/57683017
Input Genome:>>>>>>>>>>>>>>>>>>>>>>>>>>>>>>>>>>>>>>>>>>>  Pseudomonas_aeruginosa_PAO1_107.gbk
Threads used:>>>>>>>>>>>>>>>>>>>>>>>>>>>>>>>>>>>>>>>>>>>  32
GuideMaker
Your CPU supports instructions that this binary was not compiled to use: SSE4.1 SSE4.2 AVX AVX2
For maximum performance, you can install NMSLIB from sources 
pip install --no-binary :all: nmslib
2020-08-19 21:14:34,717: INFO     Temp directory is: /scratch/local/57683017/guidemaker_43sfd2_r
2020-08-19 21:14:34,717: INFO     Writing fasta file from genbank file(s)
2020-08-19 21:14:34,717: INFO     check if test/test_data/Pseudomonas_aeruginosa_PAO1_107.gbk is gzipped
/home/rp3448/.conda/envs/nonAVX2/lib/python3.7/site-packages/Bio/GenBank/Scanner.py:1400: BiopythonParserWarning: Truncated LOCUS line found - is this correct?
:'LOCUS       NC_002516            6264404 bp    dna     circular UNK \n'
  BiopythonParserWarning,
/home/rp3448/.conda/envs/nonAVX2/lib/python3.7/site-packages/Bio/GenBank/__init__.py:762: BiopythonParserWarning: Non-upper case molecule type in LOCUS line: dna
  BiopythonParserWarning,
2020-08-19 21:14:35,518: INFO     Identifying PAM sites in the genome
2020-08-19 21:15:00,866: INFO     Identifing guides that are unique near the PAM site
2020-08-19 21:15:02,393: INFO     Indexing all potential guide sites: 1171800. This is the longest step.
2020-08-19 21:15:07,544: INFO     M                   = 16
2020-08-19 21:15:07,544: INFO     indexThreadQty      = 32
2020-08-19 21:15:07,544: INFO     efConstruction      = 64
2020-08-19 21:15:07,544: INFO     maxM			          = 16
2020-08-19 21:15:07,544: INFO     maxM0			          = 32
2020-08-19 21:15:07,544: INFO     mult                = 0.360674
2020-08-19 21:15:07,544: INFO     skip_optimized_index= 0
2020-08-19 21:15:07,544: INFO     delaunay_type       = 2
2020-08-19 21:15:07,544: INFO     Set HNSW query-time parameters:
2020-08-19 21:15:07,544: INFO     ef(Search)         =20
2020-08-19 21:15:07,544: INFO     algoType           =2

0%   10   20   30   40   50   60   70   80   90   100%
|----|----|----|----|----|----|----|----|----|----|
***************************************************

0%   10   20   30   40   50   60   70   80   90   100%
|----|----|----|----|----|----|----|----|----|----|
*****************************************************2020-08-19 21:15:43,343: INFO     No appropriate custom distance function for Hamming (bit-storage) space
2020-08-19 21:15:43,344: INFO     searchMethod			  = 0
2020-08-19 21:15:43,444: INFO     Identifying guides that have a hamming distance <= 3 to all other potential guides
2020-08-19 21:15:43,772: INFO     Set HNSW query-time parameters:
2020-08-19 21:15:43,772: INFO     ef(Search)         =256
2020-08-19 21:15:43,772: INFO     algoType           =2
2020-08-19 21:16:01,630: INFO     Formatting data for BedTools
2020-08-19 21:16:02,006: INFO     Create GuideMaker Annotation object
2020-08-19 21:16:02,006: INFO     Identify genomic features
2020-08-19 21:16:02,007: INFO     check if test/test_data/Pseudomonas_aeruginosa_PAO1_107.gbk is gzipped
2020-08-19 21:16:03,361: INFO     Total number of CDS/locus in the input genome: 5584
2020-08-19 21:16:03,361: INFO     Find genomic features closest the guides
2020-08-19 21:16:06,002: INFO     Select guides that start between +100 and -100 of a feature start
2020-08-19 21:16:06,173: INFO     Select description columns
2020-08-19 21:16:06,220: INFO     Format the output
2020-08-19 21:16:07,242: INFO     creating random control guides
2020-08-19 21:16:20,408: INFO     created 10 control guides with a minimum distance of 7 and a median distance of 7
2020-08-19 21:16:20,412: INFO     guidemaker completed, results are at TEST
2020-08-19 21:16:20,412: INFO     PAM sequence: NGG
2020-08-19 21:16:20,412: INFO     PAM orientation: 5prime
2020-08-19 21:16:20,412: INFO     Genome strand(s) searched: both
2020-08-19 21:16:20,412: INFO     Total PAM sites considered: 1171800
2020-08-19 21:16:20,412: INFO     Guide RNA candidates found: 45720
Number of random control searched:  100000
	Command being timed: "guidemaker -i test/test_data/Pseudomonas_aeruginosa_PAO1_107.gbk --pamseq NGG --outdir TEST --pam_orientation 5prime --guidelength 20 --strand both --lcp 10 --dist 3 --before 100 --into 100 --knum 10 --controls 10 --log GuideMaker_57683017_4.log --threads 32"
	User time (seconds): 1593.34
	System time (seconds): 56.02
	Percent of CPU this job got: 1506%
	Elapsed (wall clock) time (h:mm:ss or m:ss): 1:49.45
	Average shared text size (kbytes): 0
	Average unshared data size (kbytes): 0
	Average stack size (kbytes): 0
	Average total size (kbytes): 0
	Maximum resident set size (kbytes): 2942180
	Average resident set size (kbytes): 0
	Major (requiring I/O) page faults: 0
	Minor (reclaiming a frame) page faults: 8732448
	Voluntary context switches: 849241
	Involuntary context switches: 96807
	Swaps: 0
	File system inputs: 0
	File system outputs: 185128
	Socket messages sent: 0
	Socket messages received: 0
	Signals delivered: 0
	Page size (bytes): 4096
	Exit status: 0
