Thu Feb  4 21:17:46 EST 2021
c27b-s35.ufhpc
/blue/garrett/rp3448/analysis/guidemaker/nonAVXGuidemaker

     active environment : NONAVX2
    active env location : /home/rp3448/.conda/envs/NONAVX2
            shell level : 3
       user config file : /home/rp3448/.condarc
 populated config files : /home/rp3448/.condarc
          conda version : 4.9.2
    conda-build version : not installed
         python version : 3.9.1.final.0
       virtual packages : __glibc=2.17=0
                          __unix=0=0
                          __archspec=1=x86_64
       base environment : /apps/conda/4.9.2  (read only)
           channel URLs : https://conda.anaconda.org/biobakery/linux-64
                          https://conda.anaconda.org/biobakery/noarch
                          https://conda.anaconda.org/conda-forge/linux-64
                          https://conda.anaconda.org/conda-forge/noarch
                          https://conda.anaconda.org/bioconda/linux-64
                          https://conda.anaconda.org/bioconda/noarch
                          https://repo.anaconda.com/pkgs/main/linux-64
                          https://repo.anaconda.com/pkgs/main/noarch
                          https://repo.anaconda.com/pkgs/r/linux-64
                          https://repo.anaconda.com/pkgs/r/noarch
          package cache : /apps/conda/4.9.2/pkgs
                          /home/rp3448/.conda/pkgs
       envs directories : /home/rp3448/.conda/envs
                          /apps/conda/4.9.2/envs
               platform : linux-64
             user-agent : conda/4.9.2 requests/2.25.1 CPython/3.9.1 Linux/3.10.0-1062.18.1.el7.x86_64 rhel/7.7 glibc/2.17
                UID:GID : 6472:3511
             netrc file : None
           offline mode : False

My SLURM_ARRAY_TASK_ID:  1
My TMPDIR IS:  /scratch/local/63833322
Input Genome:>>>>>>>>>>>>>>>>>>>>>>>>>>>>>>>>>>>>>>>>>>>  Escherichia.coli_str_K-12_substr_MG1655.gbk
Input PAM:>>>>>>>>>>>>>>>>>>>>>>>>>>>>>>>>>>>>>>>>>>>  NNAGAAW
Threads used:>>>>>>>>>>>>>>>>>>>>>>>>>>>>>>>>>>>>>>>>>>>  1
GuideMaker
Your CPU supports instructions that this binary was not compiled to use: SSE4.1 SSE4.2 AVX AVX2
For maximum performance, you can install NMSLIB from sources 
pip install --no-binary :all: nmslib
2021-02-04 21:17:51,155: INFO     Temp directory is: /scratch/local/63833322/guidemaker_wriv38ia
2021-02-04 21:17:51,156: INFO     Writing fasta file from genbank file(s)
2021-02-04 21:17:51,156: INFO     check if ../all_test_data/Escherichia.coli_str_K-12_substr_MG1655.gbk is gzipped
2021-02-04 21:17:52,057: INFO     Identifying PAM sites in the genome
2021-02-04 21:17:54,223: INFO     Checking guides for restriction enzymes
2021-02-04 21:17:54,228: INFO     Number of guides removed after checking for restriction enzymes: 0
2021-02-04 21:17:54,229: INFO     Identifing guides that are unique near the PAM site
2021-02-04 21:17:54,247: INFO     Number of guides removed after checking for unique PAM: 697
2021-02-04 21:17:54,247: INFO     Indexing all potential guide sites: 20528. This is the longest step.
2021-02-04 21:17:54,332: INFO     M                   = 16
2021-02-04 21:17:54,332: INFO     indexThreadQty      = 1
2021-02-04 21:17:54,332: INFO     efConstruction      = 10
2021-02-04 21:17:54,332: INFO     maxM			          = 16
2021-02-04 21:17:54,332: INFO     maxM0			          = 32
2021-02-04 21:17:54,333: INFO     mult                = 0.360674
2021-02-04 21:17:54,333: INFO     skip_optimized_index= 0
2021-02-04 21:17:54,333: INFO     delaunay_type       = 2
2021-02-04 21:17:54,333: INFO     Set HNSW query-time parameters:
2021-02-04 21:17:54,333: INFO     ef(Search)         =20
2021-02-04 21:17:54,333: INFO     algoType           =2

0%   10   20   30   40   50   60   70   80   90   100%
|----|----|----|----|----|----|----|----|----|----|
***************************************************

0%   10   20   30   40   50   60   70   80   90   100%
|----|----|----|----|----|----|----|----|----|----|
***************************************************
*2021-02-04 21:17:55,211: INFO     No appropriate custom distance function for Hamming (bit-storage) space
2021-02-04 21:17:55,211: INFO     searchMethod			  = 0
2021-02-04 21:17:55,213: INFO     Identifying guides that have a hamming distance <= 3 to all other potential guides
2021-02-04 21:17:55,238: INFO     Set HNSW query-time parameters:
2021-02-04 21:17:55,239: INFO     ef(Search)         =9
2021-02-04 21:17:55,239: INFO     algoType           =2
2021-02-04 21:17:56,385: INFO     Formatting data for BedTools
2021-02-04 21:17:56,419: INFO     Create GuideMaker Annotation object
2021-02-04 21:17:56,419: INFO     Identify genomic features
2021-02-04 21:17:56,420: INFO     check if ../all_test_data/Escherichia.coli_str_K-12_substr_MG1655.gbk is gzipped
2021-02-04 21:17:57,374: INFO     Total number of CDS/locus in the input genome: 4357
2021-02-04 21:17:57,375: INFO     Find genomic features closest the guides
2021-02-04 21:17:57,724: INFO     Select guides that start between +500 and -500 of a feature start
2021-02-04 21:17:57,795: INFO     Select description columns
2021-02-04 21:17:57,868: INFO     Format the output
2021-02-04 21:17:58,003: INFO     Number of Guides within a gene coordinates i.e. zero Feature distance: 8354
2021-02-04 21:17:58,261: INFO     creating random control guides
2021-02-04 21:17:58,324: INFO     Number of random control searched: 100
2021-02-04 21:17:58,324: INFO     Percentage of GC content in the input genome: 50.79
2021-02-04 21:17:58,325: INFO     Total length of the genome: 4.4 MB
2021-02-04 21:17:58,325: INFO     created 10 control guides with a minimum distance of 8 and a median distance of 8
2021-02-04 21:17:58,327: INFO     guidemaker completed, results are at TEST
2021-02-04 21:17:58,327: INFO     PAM sequence: NNAGAAW
2021-02-04 21:17:58,327: INFO     PAM orientation: 3prime
2021-02-04 21:17:58,327: INFO     Genome strand(s) searched: both
2021-02-04 21:17:58,327: INFO     Total PAM sites considered: 20528
2021-02-04 21:17:58,327: INFO     Guide RNA candidates found: 15634
	Command being timed: "guidemaker -i ../all_test_data/Escherichia.coli_str_K-12_substr_MG1655.gbk --pamseq NNAGAAW --outdir TEST --pam_orientation 3prime --guidelength 20 --strand both --lcp 11 --dist 3 --before 500 --into 500 --knum 10 --controls 10 --log GM_63833322_1.log --threads 1"
	User time (seconds): 9.28
	System time (seconds): 1.92
	Percent of CPU this job got: 128%
	Elapsed (wall clock) time (h:mm:ss or m:ss): 0:08.72
	Average shared text size (kbytes): 0
	Average unshared data size (kbytes): 0
	Average stack size (kbytes): 0
	Average total size (kbytes): 0
	Maximum resident set size (kbytes): 186348
	Average resident set size (kbytes): 0
	Major (requiring I/O) page faults: 0
	Minor (reclaiming a frame) page faults: 210196
	Voluntary context switches: 3096
	Involuntary context switches: 286210
	Swaps: 0
	File system inputs: 4000
	File system outputs: 40464
	Socket messages sent: 0
	Socket messages received: 0
	Signals delivered: 0
	Page size (bytes): 4096
	Exit status: 0
My SLURM_ARRAY_TASK_ID:  1
My TMPDIR IS:  /scratch/local/63833322
Input Genome:>>>>>>>>>>>>>>>>>>>>>>>>>>>>>>>>>>>>>>>>>>>  Escherichia.coli_str_K-12_substr_MG1655.gbk
Input PAM:>>>>>>>>>>>>>>>>>>>>>>>>>>>>>>>>>>>>>>>>>>>  NNAGAAW
Threads used:>>>>>>>>>>>>>>>>>>>>>>>>>>>>>>>>>>>>>>>>>>>  2
GuideMaker
Your CPU supports instructions that this binary was not compiled to use: SSE4.1 SSE4.2 AVX AVX2
For maximum performance, you can install NMSLIB from sources 
pip install --no-binary :all: nmslib
2021-02-04 21:17:59,298: INFO     Temp directory is: /scratch/local/63833322/guidemaker_h2d9sblg
2021-02-04 21:17:59,298: INFO     Writing fasta file from genbank file(s)
2021-02-04 21:17:59,298: INFO     check if ../all_test_data/Escherichia.coli_str_K-12_substr_MG1655.gbk is gzipped
2021-02-04 21:18:00,188: INFO     Identifying PAM sites in the genome
2021-02-04 21:18:02,331: INFO     Checking guides for restriction enzymes
2021-02-04 21:18:02,337: INFO     Number of guides removed after checking for restriction enzymes: 0
2021-02-04 21:18:02,337: INFO     Identifing guides that are unique near the PAM site
2021-02-04 21:18:02,356: INFO     Number of guides removed after checking for unique PAM: 697
2021-02-04 21:18:02,356: INFO     Indexing all potential guide sites: 20528. This is the longest step.
2021-02-04 21:18:02,440: INFO     M                   = 16
2021-02-04 21:18:02,440: INFO     indexThreadQty      = 2
2021-02-04 21:18:02,440: INFO     efConstruction      = 10
2021-02-04 21:18:02,440: INFO     maxM			          = 16
2021-02-04 21:18:02,440: INFO     maxM0			          = 32
2021-02-04 21:18:02,440: INFO     mult                = 0.360674
2021-02-04 21:18:02,440: INFO     skip_optimized_index= 0
2021-02-04 21:18:02,440: INFO     delaunay_type       = 2
2021-02-04 21:18:02,440: INFO     Set HNSW query-time parameters:
2021-02-04 21:18:02,440: INFO     ef(Search)         =20
2021-02-04 21:18:02,441: INFO     algoType           =2

0%   10   20   30   40   50   60   70   80   90   100%
|----|----|----|----|----|----|----|----|----|----|
***************************************************

0%   10   20   30   40   50   60   70   80   90   100%
|----|----|----|----|----|----|----|----|----|----|
****************************************************


2021-02-04 21:18:03,026: INFO     No appropriate custom distance function for Hamming (bit-storage) space
2021-02-04 21:18:03,026: INFO     searchMethod			  = 0
2021-02-04 21:18:03,026: INFO     Identifying guides that have a hamming distance <= 3 to all other potential guides
2021-02-04 21:18:03,049: INFO     Set HNSW query-time parameters:
2021-02-04 21:18:03,049: INFO     ef(Search)         =9
2021-02-04 21:18:03,049: INFO     algoType           =2
2021-02-04 21:18:03,983: INFO     Formatting data for BedTools
2021-02-04 21:18:04,016: INFO     Create GuideMaker Annotation object
2021-02-04 21:18:04,016: INFO     Identify genomic features
2021-02-04 21:18:04,016: INFO     check if ../all_test_data/Escherichia.coli_str_K-12_substr_MG1655.gbk is gzipped
2021-02-04 21:18:04,970: INFO     Total number of CDS/locus in the input genome: 4357
2021-02-04 21:18:04,970: INFO     Find genomic features closest the guides
2021-02-04 21:18:05,318: INFO     Select guides that start between +500 and -500 of a feature start
2021-02-04 21:18:05,394: INFO     Select description columns
2021-02-04 21:18:05,469: INFO     Format the output
2021-02-04 21:18:05,608: INFO     Number of Guides within a gene coordinates i.e. zero Feature distance: 8353
2021-02-04 21:18:05,828: INFO     creating random control guides
2021-02-04 21:18:05,896: INFO     Number of random control searched: 100
2021-02-04 21:18:05,897: INFO     Percentage of GC content in the input genome: 50.79
2021-02-04 21:18:05,897: INFO     Total length of the genome: 4.4 MB
2021-02-04 21:18:05,897: INFO     created 10 control guides with a minimum distance of 8 and a median distance of 8
2021-02-04 21:18:05,899: INFO     guidemaker completed, results are at TEST
2021-02-04 21:18:05,900: INFO     PAM sequence: NNAGAAW
2021-02-04 21:18:05,900: INFO     PAM orientation: 3prime
2021-02-04 21:18:05,900: INFO     Genome strand(s) searched: both
2021-02-04 21:18:05,900: INFO     Total PAM sites considered: 20528
2021-02-04 21:18:05,900: INFO     Guide RNA candidates found: 15630
	Command being timed: "guidemaker -i ../all_test_data/Escherichia.coli_str_K-12_substr_MG1655.gbk --pamseq NNAGAAW --outdir TEST --pam_orientation 3prime --guidelength 20 --strand both --lcp 11 --dist 3 --before 500 --into 500 --knum 10 --controls 10 --log GM_63833322_1.log --threads 2"
	User time (seconds): 9.64
	System time (seconds): 1.93
	Percent of CPU this job got: 152%
	Elapsed (wall clock) time (h:mm:ss or m:ss): 0:07.59
	Average shared text size (kbytes): 0
	Average unshared data size (kbytes): 0
	Average stack size (kbytes): 0
	Average total size (kbytes): 0
	Maximum resident set size (kbytes): 197632
	Average resident set size (kbytes): 0
	Major (requiring I/O) page faults: 0
	Minor (reclaiming a frame) page faults: 195759
	Voluntary context switches: 4593
	Involuntary context switches: 84814
	Swaps: 0
	File system inputs: 32
	File system outputs: 40432
	Socket messages sent: 0
	Socket messages received: 0
	Signals delivered: 0
	Page size (bytes): 4096
	Exit status: 0
My SLURM_ARRAY_TASK_ID:  1
My TMPDIR IS:  /scratch/local/63833322
Input Genome:>>>>>>>>>>>>>>>>>>>>>>>>>>>>>>>>>>>>>>>>>>>  Escherichia.coli_str_K-12_substr_MG1655.gbk
Input PAM:>>>>>>>>>>>>>>>>>>>>>>>>>>>>>>>>>>>>>>>>>>>  NNAGAAW
Threads used:>>>>>>>>>>>>>>>>>>>>>>>>>>>>>>>>>>>>>>>>>>>  4
GuideMaker
Your CPU supports instructions that this binary was not compiled to use: SSE4.1 SSE4.2 AVX AVX2
For maximum performance, you can install NMSLIB from sources 
pip install --no-binary :all: nmslib
2021-02-04 21:18:06,945: INFO     Temp directory is: /scratch/local/63833322/guidemaker_np20pecg
2021-02-04 21:18:06,945: INFO     Writing fasta file from genbank file(s)
2021-02-04 21:18:06,946: INFO     check if ../all_test_data/Escherichia.coli_str_K-12_substr_MG1655.gbk is gzipped
2021-02-04 21:18:07,856: INFO     Identifying PAM sites in the genome
2021-02-04 21:18:09,993: INFO     Checking guides for restriction enzymes
2021-02-04 21:18:09,998: INFO     Number of guides removed after checking for restriction enzymes: 0
2021-02-04 21:18:09,998: INFO     Identifing guides that are unique near the PAM site
2021-02-04 21:18:10,017: INFO     Number of guides removed after checking for unique PAM: 697
2021-02-04 21:18:10,017: INFO     Indexing all potential guide sites: 20528. This is the longest step.
2021-02-04 21:18:10,101: INFO     M                   = 16
2021-02-04 21:18:10,101: INFO     indexThreadQty      = 4
2021-02-04 21:18:10,101: INFO     efConstruction      = 10
2021-02-04 21:18:10,101: INFO     maxM			          = 16
2021-02-04 21:18:10,101: INFO     maxM0			          = 32
2021-02-04 21:18:10,102: INFO     mult                = 0.360674
2021-02-04 21:18:10,102: INFO     skip_optimized_index= 0
2021-02-04 21:18:10,102: INFO     delaunay_type       = 2
2021-02-04 21:18:10,102: INFO     Set HNSW query-time parameters:
2021-02-04 21:18:10,102: INFO     ef(Search)         =20
2021-02-04 21:18:10,102: INFO     algoType           =2

0%   10   20   30   40   50   60   70   80   90   100%
|----|----|----|----|----|----|----|----|----|----|
***************************************************

0%   10   20   30   40   50   60   70   80   90   100%
|----|----|----|----|----|----|----|----|----|----|
****************************************************


2021-02-04 21:18:10,441: INFO     No appropriate custom distance function for Hamming (bit-storage) space
2021-02-04 21:18:10,441: INFO     searchMethod			  = 0
2021-02-04 21:18:10,442: INFO     Identifying guides that have a hamming distance <= 3 to all other potential guides
2021-02-04 21:18:10,465: INFO     Set HNSW query-time parameters:
2021-02-04 21:18:10,465: INFO     ef(Search)         =9
2021-02-04 21:18:10,465: INFO     algoType           =2
2021-02-04 21:18:11,290: INFO     Formatting data for BedTools
2021-02-04 21:18:11,323: INFO     Create GuideMaker Annotation object
2021-02-04 21:18:11,323: INFO     Identify genomic features
2021-02-04 21:18:11,323: INFO     check if ../all_test_data/Escherichia.coli_str_K-12_substr_MG1655.gbk is gzipped
2021-02-04 21:18:12,293: INFO     Total number of CDS/locus in the input genome: 4357
2021-02-04 21:18:12,293: INFO     Find genomic features closest the guides
2021-02-04 21:18:12,634: INFO     Select guides that start between +500 and -500 of a feature start
2021-02-04 21:18:12,708: INFO     Select description columns
2021-02-04 21:18:12,784: INFO     Format the output
2021-02-04 21:18:12,922: INFO     Number of Guides within a gene coordinates i.e. zero Feature distance: 8354
2021-02-04 21:18:13,114: INFO     creating random control guides
2021-02-04 21:18:13,178: INFO     Number of random control searched: 100
2021-02-04 21:18:13,179: INFO     Percentage of GC content in the input genome: 50.79
2021-02-04 21:18:13,179: INFO     Total length of the genome: 4.4 MB
2021-02-04 21:18:13,179: INFO     created 10 control guides with a minimum distance of 8 and a median distance of 8
2021-02-04 21:18:13,182: INFO     guidemaker completed, results are at TEST
2021-02-04 21:18:13,182: INFO     PAM sequence: NNAGAAW
2021-02-04 21:18:13,182: INFO     PAM orientation: 3prime
2021-02-04 21:18:13,182: INFO     Genome strand(s) searched: both
2021-02-04 21:18:13,182: INFO     Total PAM sites considered: 20528
2021-02-04 21:18:13,182: INFO     Guide RNA candidates found: 15630
	Command being timed: "guidemaker -i ../all_test_data/Escherichia.coli_str_K-12_substr_MG1655.gbk --pamseq NNAGAAW --outdir TEST --pam_orientation 3prime --guidelength 20 --strand both --lcp 11 --dist 3 --before 500 --into 500 --knum 10 --controls 10 --log GM_63833322_1.log --threads 4"
	User time (seconds): 9.89
	System time (seconds): 2.01
	Percent of CPU this job got: 164%
	Elapsed (wall clock) time (h:mm:ss or m:ss): 0:07.26
	Average shared text size (kbytes): 0
	Average unshared data size (kbytes): 0
	Average stack size (kbytes): 0
	Average total size (kbytes): 0
	Maximum resident set size (kbytes): 197540
	Average resident set size (kbytes): 0
	Major (requiring I/O) page faults: 0
	Minor (reclaiming a frame) page faults: 195493
	Voluntary context switches: 7613
	Involuntary context switches: 293
	Swaps: 0
	File system inputs: 32
	File system outputs: 40432
	Socket messages sent: 0
	Socket messages received: 0
	Signals delivered: 0
	Page size (bytes): 4096
	Exit status: 0
My SLURM_ARRAY_TASK_ID:  1
My TMPDIR IS:  /scratch/local/63833322
Input Genome:>>>>>>>>>>>>>>>>>>>>>>>>>>>>>>>>>>>>>>>>>>>  Escherichia.coli_str_K-12_substr_MG1655.gbk
Input PAM:>>>>>>>>>>>>>>>>>>>>>>>>>>>>>>>>>>>>>>>>>>>  NNAGAAW
Threads used:>>>>>>>>>>>>>>>>>>>>>>>>>>>>>>>>>>>>>>>>>>>  8
GuideMaker
Your CPU supports instructions that this binary was not compiled to use: SSE4.1 SSE4.2 AVX AVX2
For maximum performance, you can install NMSLIB from sources 
pip install --no-binary :all: nmslib
2021-02-04 21:18:14,173: INFO     Temp directory is: /scratch/local/63833322/guidemaker_9yy9prts
2021-02-04 21:18:14,173: INFO     Writing fasta file from genbank file(s)
2021-02-04 21:18:14,174: INFO     check if ../all_test_data/Escherichia.coli_str_K-12_substr_MG1655.gbk is gzipped
2021-02-04 21:18:15,074: INFO     Identifying PAM sites in the genome
2021-02-04 21:18:17,235: INFO     Checking guides for restriction enzymes
2021-02-04 21:18:17,241: INFO     Number of guides removed after checking for restriction enzymes: 0
2021-02-04 21:18:17,241: INFO     Identifing guides that are unique near the PAM site
2021-02-04 21:18:17,259: INFO     Number of guides removed after checking for unique PAM: 697
2021-02-04 21:18:17,259: INFO     Indexing all potential guide sites: 20528. This is the longest step.
2021-02-04 21:18:17,344: INFO     M                   = 16
2021-02-04 21:18:17,344: INFO     indexThreadQty      = 8
2021-02-04 21:18:17,344: INFO     efConstruction      = 10
2021-02-04 21:18:17,344: INFO     maxM			          = 16
2021-02-04 21:18:17,344: INFO     maxM0			          = 32
2021-02-04 21:18:17,344: INFO     mult                = 0.360674
2021-02-04 21:18:17,344: INFO     skip_optimized_index= 0
2021-02-04 21:18:17,344: INFO     delaunay_type       = 2
2021-02-04 21:18:17,344: INFO     Set HNSW query-time parameters:
2021-02-04 21:18:17,344: INFO     ef(Search)         =20
2021-02-04 21:18:17,344: INFO     algoType           =2

0%   10   20   30   40   50   60   70   80   90   100%
|----|----|----|----|----|----|----|----|----|----|
***************************************************

0%   10   20   30   40   50   60   70   80   90   100%
|----|----|----|----|----|----|----|----|----|----|
*******************************************************2021-02-04 21:18:17,534: INFO     No appropriate custom distance function for Hamming (bit-storage) space
2021-02-04 21:18:17,534: INFO     searchMethod			  = 0
2021-02-04 21:18:17,534: INFO     Identifying guides that have a hamming distance <= 3 to all other potential guides
2021-02-04 21:18:17,560: INFO     Set HNSW query-time parameters:
2021-02-04 21:18:17,560: INFO     ef(Search)         =9
2021-02-04 21:18:17,560: INFO     algoType           =2
2021-02-04 21:18:18,397: INFO     Formatting data for BedTools
2021-02-04 21:18:18,431: INFO     Create GuideMaker Annotation object
2021-02-04 21:18:18,431: INFO     Identify genomic features
2021-02-04 21:18:18,431: INFO     check if ../all_test_data/Escherichia.coli_str_K-12_substr_MG1655.gbk is gzipped
2021-02-04 21:18:19,395: INFO     Total number of CDS/locus in the input genome: 4357
2021-02-04 21:18:19,395: INFO     Find genomic features closest the guides
2021-02-04 21:18:19,739: INFO     Select guides that start between +500 and -500 of a feature start
2021-02-04 21:18:19,815: INFO     Select description columns
2021-02-04 21:18:19,891: INFO     Format the output
2021-02-04 21:18:20,028: INFO     Number of Guides within a gene coordinates i.e. zero Feature distance: 8353
2021-02-04 21:18:20,203: INFO     creating random control guides
2021-02-04 21:18:20,266: INFO     Number of random control searched: 100
2021-02-04 21:18:20,266: INFO     Percentage of GC content in the input genome: 50.79
2021-02-04 21:18:20,266: INFO     Total length of the genome: 4.4 MB
2021-02-04 21:18:20,266: INFO     created 10 control guides with a minimum distance of 8 and a median distance of 8
2021-02-04 21:18:20,269: INFO     guidemaker completed, results are at TEST
2021-02-04 21:18:20,269: INFO     PAM sequence: NNAGAAW
2021-02-04 21:18:20,269: INFO     PAM orientation: 3prime
2021-02-04 21:18:20,269: INFO     Genome strand(s) searched: both
2021-02-04 21:18:20,269: INFO     Total PAM sites considered: 20528
2021-02-04 21:18:20,270: INFO     Guide RNA candidates found: 15629
	Command being timed: "guidemaker -i ../all_test_data/Escherichia.coli_str_K-12_substr_MG1655.gbk --pamseq NNAGAAW --outdir TEST --pam_orientation 3prime --guidelength 20 --strand both --lcp 11 --dist 3 --before 500 --into 500 --knum 10 --controls 10 --log GM_63833322_1.log --threads 8"
	User time (seconds): 9.75
	System time (seconds): 2.01
	Percent of CPU this job got: 166%
	Elapsed (wall clock) time (h:mm:ss or m:ss): 0:07.08
	Average shared text size (kbytes): 0
	Average unshared data size (kbytes): 0
	Average stack size (kbytes): 0
	Average total size (kbytes): 0
	Maximum resident set size (kbytes): 195480
	Average resident set size (kbytes): 0
	Major (requiring I/O) page faults: 0
	Minor (reclaiming a frame) page faults: 193930
	Voluntary context switches: 12629
	Involuntary context switches: 313758
	Swaps: 0
	File system inputs: 24
	File system outputs: 40424
	Socket messages sent: 0
	Socket messages received: 0
	Signals delivered: 0
	Page size (bytes): 4096
	Exit status: 0
My SLURM_ARRAY_TASK_ID:  1
My TMPDIR IS:  /scratch/local/63833322
Input Genome:>>>>>>>>>>>>>>>>>>>>>>>>>>>>>>>>>>>>>>>>>>>  Escherichia.coli_str_K-12_substr_MG1655.gbk
Input PAM:>>>>>>>>>>>>>>>>>>>>>>>>>>>>>>>>>>>>>>>>>>>  NNAGAAW
Threads used:>>>>>>>>>>>>>>>>>>>>>>>>>>>>>>>>>>>>>>>>>>>  16
GuideMaker
Your CPU supports instructions that this binary was not compiled to use: SSE4.1 SSE4.2 AVX AVX2
For maximum performance, you can install NMSLIB from sources 
pip install --no-binary :all: nmslib
2021-02-04 21:18:21,274: INFO     Temp directory is: /scratch/local/63833322/guidemaker_t2s13dx9
2021-02-04 21:18:21,275: INFO     Writing fasta file from genbank file(s)
2021-02-04 21:18:21,275: INFO     check if ../all_test_data/Escherichia.coli_str_K-12_substr_MG1655.gbk is gzipped
2021-02-04 21:18:22,163: INFO     Identifying PAM sites in the genome
2021-02-04 21:18:24,358: INFO     Checking guides for restriction enzymes
2021-02-04 21:18:24,364: INFO     Number of guides removed after checking for restriction enzymes: 0
2021-02-04 21:18:24,364: INFO     Identifing guides that are unique near the PAM site
2021-02-04 21:18:24,382: INFO     Number of guides removed after checking for unique PAM: 697
2021-02-04 21:18:24,382: INFO     Indexing all potential guide sites: 20528. This is the longest step.
2021-02-04 21:18:24,466: INFO     M                   = 16
2021-02-04 21:18:24,466: INFO     indexThreadQty      = 16
2021-02-04 21:18:24,466: INFO     efConstruction      = 10
2021-02-04 21:18:24,466: INFO     maxM			          = 16
2021-02-04 21:18:24,466: INFO     maxM0			          = 32
2021-02-04 21:18:24,467: INFO     mult                = 0.360674
2021-02-04 21:18:24,467: INFO     skip_optimized_index= 0
2021-02-04 21:18:24,467: INFO     delaunay_type       = 2
2021-02-04 21:18:24,467: INFO     Set HNSW query-time parameters:
2021-02-04 21:18:24,467: INFO     ef(Search)         =20
2021-02-04 21:18:24,467: INFO     algoType           =2

0%   10   20   30   40   50   60   70   80   90   100%
|----|----|----|----|----|----|----|----|----|----|
***************************************************

0%   10   20   30   40   50   60   70   80   90   100%
|----|----|----|----|----|----|----|----|----|----|
******************************************************




2021-02-04 21:18:24,589: INFO     No appropriate custom distance function for Hamming (bit-storage) space
2021-02-04 21:18:24,589: INFO     searchMethod			  = 0
2021-02-04 21:18:24,590: INFO     Identifying guides that have a hamming distance <= 3 to all other potential guides
2021-02-04 21:18:24,613: INFO     Set HNSW query-time parameters:
2021-02-04 21:18:24,613: INFO     ef(Search)         =9
2021-02-04 21:18:24,613: INFO     algoType           =2
2021-02-04 21:18:25,374: INFO     Formatting data for BedTools
2021-02-04 21:18:25,407: INFO     Create GuideMaker Annotation object
2021-02-04 21:18:25,407: INFO     Identify genomic features
2021-02-04 21:18:25,408: INFO     check if ../all_test_data/Escherichia.coli_str_K-12_substr_MG1655.gbk is gzipped
2021-02-04 21:18:26,368: INFO     Total number of CDS/locus in the input genome: 4357
2021-02-04 21:18:26,368: INFO     Find genomic features closest the guides
2021-02-04 21:18:26,716: INFO     Select guides that start between +500 and -500 of a feature start
2021-02-04 21:18:26,788: INFO     Select description columns
2021-02-04 21:18:26,862: INFO     Format the output
2021-02-04 21:18:27,001: INFO     Number of Guides within a gene coordinates i.e. zero Feature distance: 8353
2021-02-04 21:18:27,182: INFO     creating random control guides
2021-02-04 21:18:27,248: INFO     Number of random control searched: 100
2021-02-04 21:18:27,248: INFO     Percentage of GC content in the input genome: 50.79
2021-02-04 21:18:27,248: INFO     Total length of the genome: 4.4 MB
2021-02-04 21:18:27,248: INFO     created 10 control guides with a minimum distance of 8 and a median distance of 8
2021-02-04 21:18:27,251: INFO     guidemaker completed, results are at TEST
2021-02-04 21:18:27,251: INFO     PAM sequence: NNAGAAW
2021-02-04 21:18:27,251: INFO     PAM orientation: 3prime
2021-02-04 21:18:27,251: INFO     Genome strand(s) searched: both
2021-02-04 21:18:27,251: INFO     Total PAM sites considered: 20528
2021-02-04 21:18:27,251: INFO     Guide RNA candidates found: 15628
	Command being timed: "guidemaker -i ../all_test_data/Escherichia.coli_str_K-12_substr_MG1655.gbk --pamseq NNAGAAW --outdir TEST --pam_orientation 3prime --guidelength 20 --strand both --lcp 11 --dist 3 --before 500 --into 500 --knum 10 --controls 10 --log GM_63833322_1.log --threads 16"
	User time (seconds): 9.70
	System time (seconds): 2.09
	Percent of CPU this job got: 169%
	Elapsed (wall clock) time (h:mm:ss or m:ss): 0:06.97
	Average shared text size (kbytes): 0
	Average unshared data size (kbytes): 0
	Average stack size (kbytes): 0
	Average total size (kbytes): 0
	Maximum resident set size (kbytes): 195548
	Average resident set size (kbytes): 0
	Major (requiring I/O) page faults: 0
	Minor (reclaiming a frame) page faults: 228433
	Voluntary context switches: 27669
	Involuntary context switches: 714476
	Swaps: 0
	File system inputs: 32
	File system outputs: 40448
	Socket messages sent: 0
	Socket messages received: 0
	Signals delivered: 0
	Page size (bytes): 4096
	Exit status: 0
My SLURM_ARRAY_TASK_ID:  1
My TMPDIR IS:  /scratch/local/63833322
Input Genome:>>>>>>>>>>>>>>>>>>>>>>>>>>>>>>>>>>>>>>>>>>>  Escherichia.coli_str_K-12_substr_MG1655.gbk
Input PAM:>>>>>>>>>>>>>>>>>>>>>>>>>>>>>>>>>>>>>>>>>>>  NNAGAAW
Threads used:>>>>>>>>>>>>>>>>>>>>>>>>>>>>>>>>>>>>>>>>>>>  32
GuideMaker
Your CPU supports instructions that this binary was not compiled to use: SSE4.1 SSE4.2 AVX AVX2
For maximum performance, you can install NMSLIB from sources 
pip install --no-binary :all: nmslib
2021-02-04 21:18:28,241: INFO     Temp directory is: /scratch/local/63833322/guidemaker_m5pwgjkz
2021-02-04 21:18:28,241: INFO     Writing fasta file from genbank file(s)
2021-02-04 21:18:28,241: INFO     check if ../all_test_data/Escherichia.coli_str_K-12_substr_MG1655.gbk is gzipped
2021-02-04 21:18:29,133: INFO     Identifying PAM sites in the genome
2021-02-04 21:18:31,348: INFO     Checking guides for restriction enzymes
2021-02-04 21:18:31,355: INFO     Number of guides removed after checking for restriction enzymes: 0
2021-02-04 21:18:31,356: INFO     Identifing guides that are unique near the PAM site
2021-02-04 21:18:31,378: INFO     Number of guides removed after checking for unique PAM: 697
2021-02-04 21:18:31,378: INFO     Indexing all potential guide sites: 20528. This is the longest step.
2021-02-04 21:18:31,487: INFO     M                   = 16
2021-02-04 21:18:31,488: INFO     indexThreadQty      = 32
2021-02-04 21:18:31,488: INFO     efConstruction      = 10
2021-02-04 21:18:31,488: INFO     maxM			          = 16
2021-02-04 21:18:31,488: INFO     maxM0			          = 32
2021-02-04 21:18:31,488: INFO     mult                = 0.360674
2021-02-04 21:18:31,488: INFO     skip_optimized_index= 0
2021-02-04 21:18:31,488: INFO     delaunay_type       = 2
2021-02-04 21:18:31,488: INFO     Set HNSW query-time parameters:
2021-02-04 21:18:31,488: INFO     ef(Search)         =20
2021-02-04 21:18:31,488: INFO     algoType           =2

0%   10   20   30   40   50   60   70   80   90   100%
|----|----|----|----|----|----|----|----|----|----|
***************************************************

0%   10   20   30   40   50   60   70   80   90   100%
|----|----|----|----|----|----|----|----|----|----|
*******************************************************2021-02-04 21:18:31,580: INFO     No appropriate custom distance function for Hamming (bit-storage) space
2021-02-04 21:18:31,580: INFO     searchMethod			  = 0
2021-02-04 21:18:31,580: INFO     Identifying guides that have a hamming distance <= 3 to all other potential guides
2021-02-04 21:18:31,605: INFO     Set HNSW query-time parameters:
2021-02-04 21:18:31,605: INFO     ef(Search)         =9
2021-02-04 21:18:31,605: INFO     algoType           =2
2021-02-04 21:18:32,360: INFO     Formatting data for BedTools
2021-02-04 21:18:32,394: INFO     Create GuideMaker Annotation object
2021-02-04 21:18:32,394: INFO     Identify genomic features
2021-02-04 21:18:32,395: INFO     check if ../all_test_data/Escherichia.coli_str_K-12_substr_MG1655.gbk is gzipped
2021-02-04 21:18:33,375: INFO     Total number of CDS/locus in the input genome: 4357
2021-02-04 21:18:33,375: INFO     Find genomic features closest the guides
2021-02-04 21:18:33,723: INFO     Select guides that start between +500 and -500 of a feature start
2021-02-04 21:18:33,795: INFO     Select description columns
2021-02-04 21:18:33,868: INFO     Format the output
2021-02-04 21:18:34,005: INFO     Number of Guides within a gene coordinates i.e. zero Feature distance: 8354
2021-02-04 21:18:34,179: INFO     creating random control guides
2021-02-04 21:18:34,248: INFO     Number of random control searched: 100
2021-02-04 21:18:34,248: INFO     Percentage of GC content in the input genome: 50.79
2021-02-04 21:18:34,248: INFO     Total length of the genome: 4.4 MB
2021-02-04 21:18:34,248: INFO     created 10 control guides with a minimum distance of 8 and a median distance of 8
2021-02-04 21:18:34,251: INFO     guidemaker completed, results are at TEST
2021-02-04 21:18:34,251: INFO     PAM sequence: NNAGAAW
2021-02-04 21:18:34,251: INFO     PAM orientation: 3prime
2021-02-04 21:18:34,251: INFO     Genome strand(s) searched: both
2021-02-04 21:18:34,251: INFO     Total PAM sites considered: 20528
2021-02-04 21:18:34,251: INFO     Guide RNA candidates found: 15632
	Command being timed: "guidemaker -i ../all_test_data/Escherichia.coli_str_K-12_substr_MG1655.gbk --pamseq NNAGAAW --outdir TEST --pam_orientation 3prime --guidelength 20 --strand both --lcp 11 --dist 3 --before 500 --into 500 --knum 10 --controls 10 --log GM_63833322_1.log --threads 32"
	User time (seconds): 10.65
	System time (seconds): 2.52
	Percent of CPU this job got: 188%
	Elapsed (wall clock) time (h:mm:ss or m:ss): 0:06.99
	Average shared text size (kbytes): 0
	Average unshared data size (kbytes): 0
	Average stack size (kbytes): 0
	Average total size (kbytes): 0
	Maximum resident set size (kbytes): 196216
	Average resident set size (kbytes): 0
	Major (requiring I/O) page faults: 0
	Minor (reclaiming a frame) page faults: 232063
	Voluntary context switches: 53130
	Involuntary context switches: 263
	Swaps: 0
	File system inputs: 24
	File system outputs: 40416
	Socket messages sent: 0
	Socket messages received: 0
	Signals delivered: 0
	Page size (bytes): 4096
	Exit status: 0
