Thu Feb  4 21:17:46 EST 2021
c27b-s23.ufhpc
/blue/garrett/rp3448/analysis/guidemaker/nonAVXGuidemaker

     active environment : NONAVX2
    active env location : /home/rp3448/.conda/envs/NONAVX2
            shell level : 3
       user config file : /home/rp3448/.condarc
 populated config files : /home/rp3448/.condarc
          conda version : 4.9.2
    conda-build version : not installed
         python version : 3.9.1.final.0
       virtual packages : __glibc=2.17=0
                          __unix=0=0
                          __archspec=1=x86_64
       base environment : /apps/conda/4.9.2  (read only)
           channel URLs : https://conda.anaconda.org/biobakery/linux-64
                          https://conda.anaconda.org/biobakery/noarch
                          https://conda.anaconda.org/conda-forge/linux-64
                          https://conda.anaconda.org/conda-forge/noarch
                          https://conda.anaconda.org/bioconda/linux-64
                          https://conda.anaconda.org/bioconda/noarch
                          https://repo.anaconda.com/pkgs/main/linux-64
                          https://repo.anaconda.com/pkgs/main/noarch
                          https://repo.anaconda.com/pkgs/r/linux-64
                          https://repo.anaconda.com/pkgs/r/noarch
          package cache : /apps/conda/4.9.2/pkgs
                          /home/rp3448/.conda/pkgs
       envs directories : /home/rp3448/.conda/envs
                          /apps/conda/4.9.2/envs
               platform : linux-64
             user-agent : conda/4.9.2 requests/2.25.1 CPython/3.9.1 Linux/3.10.0-1062.18.1.el7.x86_64 rhel/7.7 glibc/2.17
                UID:GID : 6472:3511
             netrc file : None
           offline mode : False

My SLURM_ARRAY_TASK_ID:  10
My TMPDIR IS:  /scratch/local/63828942
Input Genome:>>>>>>>>>>>>>>>>>>>>>>>>>>>>>>>>>>>>>>>>>>>  Pseudomonas_aeruginosa_PAO1_107.gbk
Input PAM:>>>>>>>>>>>>>>>>>>>>>>>>>>>>>>>>>>>>>>>>>>>  NNAGAAW
Threads used:>>>>>>>>>>>>>>>>>>>>>>>>>>>>>>>>>>>>>>>>>>>  1
GuideMaker
Your CPU supports instructions that this binary was not compiled to use: SSE4.1 SSE4.2 AVX AVX2
For maximum performance, you can install NMSLIB from sources 
pip install --no-binary :all: nmslib
2021-02-04 21:17:53,726: INFO     Temp directory is: /scratch/local/63828942/guidemaker_82oql4qp
2021-02-04 21:17:53,726: INFO     Writing fasta file from genbank file(s)
2021-02-04 21:17:53,727: INFO     check if ../all_test_data/Pseudomonas_aeruginosa_PAO1_107.gbk is gzipped
/home/rp3448/.conda/envs/NONAVX2/lib/python3.7/site-packages/Bio/GenBank/Scanner.py:1400: BiopythonParserWarning: Truncated LOCUS line found - is this correct?
:'LOCUS       NC_002516            6264404 bp    dna     circular UNK \n'
  BiopythonParserWarning,
/home/rp3448/.conda/envs/NONAVX2/lib/python3.7/site-packages/Bio/GenBank/__init__.py:762: BiopythonParserWarning: Non-upper case molecule type in LOCUS line: dna
  BiopythonParserWarning,
2021-02-04 21:17:54,543: INFO     Identifying PAM sites in the genome
2021-02-04 21:17:56,998: INFO     Checking guides for restriction enzymes
2021-02-04 21:17:57,000: INFO     Number of guides removed after checking for restriction enzymes: 0
2021-02-04 21:17:57,001: INFO     Identifing guides that are unique near the PAM site
2021-02-04 21:17:57,007: INFO     Number of guides removed after checking for unique PAM: 201
2021-02-04 21:17:57,007: INFO     Indexing all potential guide sites: 7291. This is the longest step.
2021-02-04 21:17:57,038: INFO     M                   = 16
2021-02-04 21:17:57,038: INFO     indexThreadQty      = 1
2021-02-04 21:17:57,038: INFO     efConstruction      = 10
2021-02-04 21:17:57,038: INFO     maxM			          = 16
2021-02-04 21:17:57,038: INFO     maxM0			          = 32
2021-02-04 21:17:57,038: INFO     mult                = 0.360674
2021-02-04 21:17:57,038: INFO     skip_optimized_index= 0
2021-02-04 21:17:57,038: INFO     delaunay_type       = 2
2021-02-04 21:17:57,038: INFO     Set HNSW query-time parameters:
2021-02-04 21:17:57,038: INFO     ef(Search)         =20
2021-02-04 21:17:57,038: INFO     algoType           =2

0%   10   20   30   40   50   60   70   80   90   100%
|----|----|----|----|----|----|----|----|----|----|
***************************************************

0%   10   20   30   40   50   60   70   80   90   100%
|----|----|----|----|----|----|----|----|----|----|
***************************************************
*2021-02-04 21:17:57,305: INFO     No appropriate custom distance function for Hamming (bit-storage) space
2021-02-04 21:17:57,306: INFO     searchMethod			  = 0
2021-02-04 21:17:57,306: INFO     Identifying guides that have a hamming distance <= 3 to all other potential guides
2021-02-04 21:17:57,315: INFO     Set HNSW query-time parameters:
2021-02-04 21:17:57,315: INFO     ef(Search)         =9
2021-02-04 21:17:57,315: INFO     algoType           =2
2021-02-04 21:17:57,658: INFO     Formatting data for BedTools
2021-02-04 21:17:57,673: INFO     Create GuideMaker Annotation object
2021-02-04 21:17:57,673: INFO     Identify genomic features
2021-02-04 21:17:57,673: INFO     check if ../all_test_data/Pseudomonas_aeruginosa_PAO1_107.gbk is gzipped
2021-02-04 21:17:58,516: INFO     Total number of CDS/locus in the input genome: 5584
2021-02-04 21:17:58,516: INFO     Find genomic features closest the guides
2021-02-04 21:17:58,705: INFO     Select guides that start between +500 and -500 of a feature start
2021-02-04 21:17:58,767: INFO     Select description columns
2021-02-04 21:17:58,814: INFO     Format the output
2021-02-04 21:17:58,878: INFO     Number of Guides within a gene coordinates i.e. zero Feature distance: 2841
2021-02-04 21:17:58,964: INFO     creating random control guides
2021-02-04 21:17:59,054: INFO     Number of random control searched: 100
2021-02-04 21:17:59,054: INFO     Percentage of GC content in the input genome: 66.56
2021-02-04 21:17:59,054: INFO     Total length of the genome: 6.0 MB
2021-02-04 21:17:59,054: INFO     created 10 control guides with a minimum distance of 8 and a median distance of 8
2021-02-04 21:17:59,057: INFO     guidemaker completed, results are at TEST
2021-02-04 21:17:59,057: INFO     PAM sequence: NNAGAAW
2021-02-04 21:17:59,057: INFO     PAM orientation: 3prime
2021-02-04 21:17:59,057: INFO     Genome strand(s) searched: both
2021-02-04 21:17:59,057: INFO     Total PAM sites considered: 7291
2021-02-04 21:17:59,057: INFO     Guide RNA candidates found: 6404
	Command being timed: "guidemaker -i ../all_test_data/Pseudomonas_aeruginosa_PAO1_107.gbk --pamseq NNAGAAW --outdir TEST --pam_orientation 3prime --guidelength 20 --strand both --lcp 11 --dist 3 --before 500 --into 500 --knum 10 --controls 10 --log GM_63828942_10.log --threads 1"
	User time (seconds): 7.84
	System time (seconds): 1.89
	Percent of CPU this job got: 111%
	Elapsed (wall clock) time (h:mm:ss or m:ss): 0:08.76
	Average shared text size (kbytes): 0
	Average unshared data size (kbytes): 0
	Average stack size (kbytes): 0
	Average total size (kbytes): 0
	Maximum resident set size (kbytes): 149652
	Average resident set size (kbytes): 0
	Major (requiring I/O) page faults: 122
	Minor (reclaiming a frame) page faults: 179608
	Voluntary context switches: 3907
	Involuntary context switches: 69337
	Swaps: 0
	File system inputs: 308072
	File system outputs: 26896
	Socket messages sent: 0
	Socket messages received: 0
	Signals delivered: 0
	Page size (bytes): 4096
	Exit status: 0
My SLURM_ARRAY_TASK_ID:  10
My TMPDIR IS:  /scratch/local/63828942
Input Genome:>>>>>>>>>>>>>>>>>>>>>>>>>>>>>>>>>>>>>>>>>>>  Pseudomonas_aeruginosa_PAO1_107.gbk
Input PAM:>>>>>>>>>>>>>>>>>>>>>>>>>>>>>>>>>>>>>>>>>>>  NNAGAAW
Threads used:>>>>>>>>>>>>>>>>>>>>>>>>>>>>>>>>>>>>>>>>>>>  2
GuideMaker
Your CPU supports instructions that this binary was not compiled to use: SSE4.1 SSE4.2 AVX AVX2
For maximum performance, you can install NMSLIB from sources 
pip install --no-binary :all: nmslib
2021-02-04 21:18:00,294: INFO     Temp directory is: /scratch/local/63828942/guidemaker_6k7_xj0i
2021-02-04 21:18:00,295: INFO     Writing fasta file from genbank file(s)
2021-02-04 21:18:00,295: INFO     check if ../all_test_data/Pseudomonas_aeruginosa_PAO1_107.gbk is gzipped
/home/rp3448/.conda/envs/NONAVX2/lib/python3.7/site-packages/Bio/GenBank/Scanner.py:1400: BiopythonParserWarning: Truncated LOCUS line found - is this correct?
:'LOCUS       NC_002516            6264404 bp    dna     circular UNK \n'
  BiopythonParserWarning,
/home/rp3448/.conda/envs/NONAVX2/lib/python3.7/site-packages/Bio/GenBank/__init__.py:762: BiopythonParserWarning: Non-upper case molecule type in LOCUS line: dna
  BiopythonParserWarning,
2021-02-04 21:18:01,105: INFO     Identifying PAM sites in the genome
2021-02-04 21:18:03,603: INFO     Checking guides for restriction enzymes
2021-02-04 21:18:03,605: INFO     Number of guides removed after checking for restriction enzymes: 0
2021-02-04 21:18:03,605: INFO     Identifing guides that are unique near the PAM site
2021-02-04 21:18:03,611: INFO     Number of guides removed after checking for unique PAM: 201
2021-02-04 21:18:03,611: INFO     Indexing all potential guide sites: 7291. This is the longest step.
2021-02-04 21:18:03,642: INFO     M                   = 16
2021-02-04 21:18:03,642: INFO     indexThreadQty      = 2
2021-02-04 21:18:03,642: INFO     efConstruction      = 10
2021-02-04 21:18:03,642: INFO     maxM			          = 16
2021-02-04 21:18:03,642: INFO     maxM0			          = 32
2021-02-04 21:18:03,642: INFO     mult                = 0.360674
2021-02-04 21:18:03,642: INFO     skip_optimized_index= 0
2021-02-04 21:18:03,642: INFO     delaunay_type       = 2
2021-02-04 21:18:03,642: INFO     Set HNSW query-time parameters:
2021-02-04 21:18:03,642: INFO     ef(Search)         =20
2021-02-04 21:18:03,642: INFO     algoType           =2

0%   10   20   30   40   50   60   70   80   90   100%
|----|----|----|----|----|----|----|----|----|----|
***************************************************

0%   10   20   30   40   50   60   70   80   90   100%
|----|----|----|----|----|----|----|----|----|----|
****************************************************2021-02-04 21:18:03,806: INFO     No appropriate custom distance function for Hamming (bit-storage) space
2021-02-04 21:18:03,806: INFO     searchMethod			  = 0
2021-02-04 21:18:03,806: INFO     Identifying guides that have a hamming distance <= 3 to all other potential guides
2021-02-04 21:18:03,814: INFO     Set HNSW query-time parameters:
2021-02-04 21:18:03,814: INFO     ef(Search)         =9
2021-02-04 21:18:03,815: INFO     algoType           =2
2021-02-04 21:18:04,133: INFO     Formatting data for BedTools
2021-02-04 21:18:04,147: INFO     Create GuideMaker Annotation object
2021-02-04 21:18:04,147: INFO     Identify genomic features
2021-02-04 21:18:04,148: INFO     check if ../all_test_data/Pseudomonas_aeruginosa_PAO1_107.gbk is gzipped
2021-02-04 21:18:04,989: INFO     Total number of CDS/locus in the input genome: 5584
2021-02-04 21:18:04,990: INFO     Find genomic features closest the guides
2021-02-04 21:18:05,182: INFO     Select guides that start between +500 and -500 of a feature start
2021-02-04 21:18:05,244: INFO     Select description columns
2021-02-04 21:18:05,289: INFO     Format the output
2021-02-04 21:18:05,349: INFO     Number of Guides within a gene coordinates i.e. zero Feature distance: 2841
2021-02-04 21:18:05,437: INFO     creating random control guides
2021-02-04 21:18:05,523: INFO     Number of random control searched: 100
2021-02-04 21:18:05,524: INFO     Percentage of GC content in the input genome: 66.56
2021-02-04 21:18:05,524: INFO     Total length of the genome: 6.0 MB
2021-02-04 21:18:05,524: INFO     created 10 control guides with a minimum distance of 8 and a median distance of 9
2021-02-04 21:18:05,528: INFO     guidemaker completed, results are at TEST
2021-02-04 21:18:05,528: INFO     PAM sequence: NNAGAAW
2021-02-04 21:18:05,528: INFO     PAM orientation: 3prime
2021-02-04 21:18:05,528: INFO     Genome strand(s) searched: both
2021-02-04 21:18:05,528: INFO     Total PAM sites considered: 7291
2021-02-04 21:18:05,528: INFO     Guide RNA candidates found: 6404
	Command being timed: "guidemaker -i ../all_test_data/Pseudomonas_aeruginosa_PAO1_107.gbk --pamseq NNAGAAW --outdir TEST --pam_orientation 3prime --guidelength 20 --strand both --lcp 11 --dist 3 --before 500 --into 500 --knum 10 --controls 10 --log GM_63828942_10.log --threads 2"
	User time (seconds): 7.88
	System time (seconds): 1.84
	Percent of CPU this job got: 150%
	Elapsed (wall clock) time (h:mm:ss or m:ss): 0:06.46
	Average shared text size (kbytes): 0
	Average unshared data size (kbytes): 0
	Average stack size (kbytes): 0
	Average total size (kbytes): 0
	Maximum resident set size (kbytes): 153980
	Average resident set size (kbytes): 0
	Major (requiring I/O) page faults: 0
	Minor (reclaiming a frame) page faults: 169747
	Voluntary context switches: 4032
	Involuntary context switches: 73329
	Swaps: 0
	File system inputs: 0
	File system outputs: 26872
	Socket messages sent: 0
	Socket messages received: 0
	Signals delivered: 0
	Page size (bytes): 4096
	Exit status: 0
My SLURM_ARRAY_TASK_ID:  10
My TMPDIR IS:  /scratch/local/63828942
Input Genome:>>>>>>>>>>>>>>>>>>>>>>>>>>>>>>>>>>>>>>>>>>>  Pseudomonas_aeruginosa_PAO1_107.gbk
Input PAM:>>>>>>>>>>>>>>>>>>>>>>>>>>>>>>>>>>>>>>>>>>>  NNAGAAW
Threads used:>>>>>>>>>>>>>>>>>>>>>>>>>>>>>>>>>>>>>>>>>>>  4
GuideMaker
Your CPU supports instructions that this binary was not compiled to use: SSE4.1 SSE4.2 AVX AVX2
For maximum performance, you can install NMSLIB from sources 
pip install --no-binary :all: nmslib
2021-02-04 21:18:06,635: INFO     Temp directory is: /scratch/local/63828942/guidemaker_n8j9ri41
2021-02-04 21:18:06,635: INFO     Writing fasta file from genbank file(s)
2021-02-04 21:18:06,635: INFO     check if ../all_test_data/Pseudomonas_aeruginosa_PAO1_107.gbk is gzipped
/home/rp3448/.conda/envs/NONAVX2/lib/python3.7/site-packages/Bio/GenBank/Scanner.py:1400: BiopythonParserWarning: Truncated LOCUS line found - is this correct?
:'LOCUS       NC_002516            6264404 bp    dna     circular UNK \n'
  BiopythonParserWarning,
/home/rp3448/.conda/envs/NONAVX2/lib/python3.7/site-packages/Bio/GenBank/__init__.py:762: BiopythonParserWarning: Non-upper case molecule type in LOCUS line: dna
  BiopythonParserWarning,
2021-02-04 21:18:07,442: INFO     Identifying PAM sites in the genome
2021-02-04 21:18:09,829: INFO     Checking guides for restriction enzymes
2021-02-04 21:18:09,831: INFO     Number of guides removed after checking for restriction enzymes: 0
2021-02-04 21:18:09,831: INFO     Identifing guides that are unique near the PAM site
2021-02-04 21:18:09,837: INFO     Number of guides removed after checking for unique PAM: 201
2021-02-04 21:18:09,838: INFO     Indexing all potential guide sites: 7291. This is the longest step.
2021-02-04 21:18:09,868: INFO     M                   = 16
2021-02-04 21:18:09,868: INFO     indexThreadQty      = 4
2021-02-04 21:18:09,868: INFO     efConstruction      = 10
2021-02-04 21:18:09,868: INFO     maxM			          = 16
2021-02-04 21:18:09,869: INFO     maxM0			          = 32
2021-02-04 21:18:09,869: INFO     mult                = 0.360674
2021-02-04 21:18:09,869: INFO     skip_optimized_index= 0
2021-02-04 21:18:09,869: INFO     delaunay_type       = 2
2021-02-04 21:18:09,869: INFO     Set HNSW query-time parameters:
2021-02-04 21:18:09,869: INFO     ef(Search)         =20
2021-02-04 21:18:09,869: INFO     algoType           =2

0%   10   20   30   40   50   60   70   80   90   100%
|----|----|----|----|----|----|----|----|----|----|
***************************************************

0%   10   20   30   40   50   60   70   80   90   100%
|----|----|----|----|----|----|----|----|----|----|
*******************************************************
2021-02-04 21:18:09,974: INFO     No appropriate custom distance function for Hamming (bit-storage) space
2021-02-04 21:18:09,974: INFO     searchMethod			  = 0
2021-02-04 21:18:09,974: INFO     Identifying guides that have a hamming distance <= 3 to all other potential guides
2021-02-04 21:18:09,983: INFO     Set HNSW query-time parameters:
2021-02-04 21:18:09,983: INFO     ef(Search)         =9
2021-02-04 21:18:09,983: INFO     algoType           =2
2021-02-04 21:18:10,266: INFO     Formatting data for BedTools
2021-02-04 21:18:10,279: INFO     Create GuideMaker Annotation object
2021-02-04 21:18:10,280: INFO     Identify genomic features
2021-02-04 21:18:10,280: INFO     check if ../all_test_data/Pseudomonas_aeruginosa_PAO1_107.gbk is gzipped
2021-02-04 21:18:11,130: INFO     Total number of CDS/locus in the input genome: 5584
2021-02-04 21:18:11,130: INFO     Find genomic features closest the guides
2021-02-04 21:18:11,319: INFO     Select guides that start between +500 and -500 of a feature start
2021-02-04 21:18:11,380: INFO     Select description columns
2021-02-04 21:18:11,424: INFO     Format the output
2021-02-04 21:18:11,485: INFO     Number of Guides within a gene coordinates i.e. zero Feature distance: 2841
2021-02-04 21:18:11,583: INFO     creating random control guides
2021-02-04 21:18:11,671: INFO     Number of random control searched: 100
2021-02-04 21:18:11,671: INFO     Percentage of GC content in the input genome: 66.56
2021-02-04 21:18:11,671: INFO     Total length of the genome: 6.0 MB
2021-02-04 21:18:11,671: INFO     created 10 control guides with a minimum distance of 8 and a median distance of 8
2021-02-04 21:18:11,673: INFO     guidemaker completed, results are at TEST
2021-02-04 21:18:11,673: INFO     PAM sequence: NNAGAAW
2021-02-04 21:18:11,673: INFO     PAM orientation: 3prime
2021-02-04 21:18:11,674: INFO     Genome strand(s) searched: both
2021-02-04 21:18:11,674: INFO     Total PAM sites considered: 7291
2021-02-04 21:18:11,674: INFO     Guide RNA candidates found: 6404
	Command being timed: "guidemaker -i ../all_test_data/Pseudomonas_aeruginosa_PAO1_107.gbk --pamseq NNAGAAW --outdir TEST --pam_orientation 3prime --guidelength 20 --strand both --lcp 11 --dist 3 --before 500 --into 500 --knum 10 --controls 10 --log GM_63828942_10.log --threads 4"
	User time (seconds): 7.87
	System time (seconds): 1.83
	Percent of CPU this job got: 158%
	Elapsed (wall clock) time (h:mm:ss or m:ss): 0:06.13
	Average shared text size (kbytes): 0
	Average unshared data size (kbytes): 0
	Average stack size (kbytes): 0
	Average total size (kbytes): 0
	Maximum resident set size (kbytes): 153932
	Average resident set size (kbytes): 0
	Major (requiring I/O) page faults: 0
	Minor (reclaiming a frame) page faults: 169516
	Voluntary context switches: 5219
	Involuntary context switches: 91118
	Swaps: 0
	File system inputs: 16
	File system outputs: 26872
	Socket messages sent: 0
	Socket messages received: 0
	Signals delivered: 0
	Page size (bytes): 4096
	Exit status: 0
My SLURM_ARRAY_TASK_ID:  10
My TMPDIR IS:  /scratch/local/63828942
Input Genome:>>>>>>>>>>>>>>>>>>>>>>>>>>>>>>>>>>>>>>>>>>>  Pseudomonas_aeruginosa_PAO1_107.gbk
Input PAM:>>>>>>>>>>>>>>>>>>>>>>>>>>>>>>>>>>>>>>>>>>>  NNAGAAW
Threads used:>>>>>>>>>>>>>>>>>>>>>>>>>>>>>>>>>>>>>>>>>>>  8
GuideMaker
Your CPU supports instructions that this binary was not compiled to use: SSE4.1 SSE4.2 AVX AVX2
For maximum performance, you can install NMSLIB from sources 
pip install --no-binary :all: nmslib
2021-02-04 21:18:12,838: INFO     Temp directory is: /scratch/local/63828942/guidemaker_z26dl5h_
2021-02-04 21:18:12,838: INFO     Writing fasta file from genbank file(s)
2021-02-04 21:18:12,839: INFO     check if ../all_test_data/Pseudomonas_aeruginosa_PAO1_107.gbk is gzipped
/home/rp3448/.conda/envs/NONAVX2/lib/python3.7/site-packages/Bio/GenBank/Scanner.py:1400: BiopythonParserWarning: Truncated LOCUS line found - is this correct?
:'LOCUS       NC_002516            6264404 bp    dna     circular UNK \n'
  BiopythonParserWarning,
/home/rp3448/.conda/envs/NONAVX2/lib/python3.7/site-packages/Bio/GenBank/__init__.py:762: BiopythonParserWarning: Non-upper case molecule type in LOCUS line: dna
  BiopythonParserWarning,
2021-02-04 21:18:13,628: INFO     Identifying PAM sites in the genome
2021-02-04 21:18:16,173: INFO     Checking guides for restriction enzymes
2021-02-04 21:18:16,175: INFO     Number of guides removed after checking for restriction enzymes: 0
2021-02-04 21:18:16,175: INFO     Identifing guides that are unique near the PAM site
2021-02-04 21:18:16,182: INFO     Number of guides removed after checking for unique PAM: 201
2021-02-04 21:18:16,182: INFO     Indexing all potential guide sites: 7291. This is the longest step.
2021-02-04 21:18:16,213: INFO     M                   = 16
2021-02-04 21:18:16,213: INFO     indexThreadQty      = 8
2021-02-04 21:18:16,213: INFO     efConstruction      = 10
2021-02-04 21:18:16,213: INFO     maxM			          = 16
2021-02-04 21:18:16,213: INFO     maxM0			          = 32
2021-02-04 21:18:16,213: INFO     mult                = 0.360674
2021-02-04 21:18:16,213: INFO     skip_optimized_index= 0
2021-02-04 21:18:16,214: INFO     delaunay_type       = 2
2021-02-04 21:18:16,214: INFO     Set HNSW query-time parameters:
2021-02-04 21:18:16,214: INFO     ef(Search)         =20
2021-02-04 21:18:16,214: INFO     algoType           =2

0%   10   20   30   40   50   60   70   80   90   100%
|----|----|----|----|----|----|----|----|----|----|
***************************************************

0%   10   20   30   40   50   60   70   80   90   100%
|----|----|----|----|----|----|----|----|----|----|
*******************************************************2021-02-04 21:18:16,276: INFO     No appropriate custom distance function for Hamming (bit-storage) space
2021-02-04 21:18:16,277: INFO     searchMethod			  = 0
2021-02-04 21:18:16,277: INFO     Identifying guides that have a hamming distance <= 3 to all other potential guides
2021-02-04 21:18:16,286: INFO     Set HNSW query-time parameters:
2021-02-04 21:18:16,286: INFO     ef(Search)         =9
2021-02-04 21:18:16,286: INFO     algoType           =2
2021-02-04 21:18:16,559: INFO     Formatting data for BedTools
2021-02-04 21:18:16,573: INFO     Create GuideMaker Annotation object
2021-02-04 21:18:16,573: INFO     Identify genomic features
2021-02-04 21:18:16,574: INFO     check if ../all_test_data/Pseudomonas_aeruginosa_PAO1_107.gbk is gzipped
2021-02-04 21:18:17,405: INFO     Total number of CDS/locus in the input genome: 5584
2021-02-04 21:18:17,405: INFO     Find genomic features closest the guides
2021-02-04 21:18:17,594: INFO     Select guides that start between +500 and -500 of a feature start
2021-02-04 21:18:17,657: INFO     Select description columns
2021-02-04 21:18:17,703: INFO     Format the output
2021-02-04 21:18:17,766: INFO     Number of Guides within a gene coordinates i.e. zero Feature distance: 2841
2021-02-04 21:18:17,854: INFO     creating random control guides
2021-02-04 21:18:17,941: INFO     Number of random control searched: 100
2021-02-04 21:18:17,941: INFO     Percentage of GC content in the input genome: 66.56
2021-02-04 21:18:17,941: INFO     Total length of the genome: 6.0 MB
2021-02-04 21:18:17,941: INFO     created 10 control guides with a minimum distance of 8 and a median distance of 9
2021-02-04 21:18:17,945: INFO     guidemaker completed, results are at TEST
2021-02-04 21:18:17,945: INFO     PAM sequence: NNAGAAW
2021-02-04 21:18:17,945: INFO     PAM orientation: 3prime
2021-02-04 21:18:17,945: INFO     Genome strand(s) searched: both
2021-02-04 21:18:17,945: INFO     Total PAM sites considered: 7291
2021-02-04 21:18:17,945: INFO     Guide RNA candidates found: 6404
	Command being timed: "guidemaker -i ../all_test_data/Pseudomonas_aeruginosa_PAO1_107.gbk --pamseq NNAGAAW --outdir TEST --pam_orientation 3prime --guidelength 20 --strand both --lcp 11 --dist 3 --before 500 --into 500 --knum 10 --controls 10 --log GM_63828942_10.log --threads 8"
	User time (seconds): 7.58
	System time (seconds): 1.93
	Percent of CPU this job got: 151%
	Elapsed (wall clock) time (h:mm:ss or m:ss): 0:06.26
	Average shared text size (kbytes): 0
	Average unshared data size (kbytes): 0
	Average stack size (kbytes): 0
	Average total size (kbytes): 0
	Maximum resident set size (kbytes): 153976
	Average resident set size (kbytes): 0
	Major (requiring I/O) page faults: 0
	Minor (reclaiming a frame) page faults: 169678
	Voluntary context switches: 8223
	Involuntary context switches: 571284
	Swaps: 0
	File system inputs: 0
	File system outputs: 26872
	Socket messages sent: 0
	Socket messages received: 0
	Signals delivered: 0
	Page size (bytes): 4096
	Exit status: 0
My SLURM_ARRAY_TASK_ID:  10
My TMPDIR IS:  /scratch/local/63828942
Input Genome:>>>>>>>>>>>>>>>>>>>>>>>>>>>>>>>>>>>>>>>>>>>  Pseudomonas_aeruginosa_PAO1_107.gbk
Input PAM:>>>>>>>>>>>>>>>>>>>>>>>>>>>>>>>>>>>>>>>>>>>  NNAGAAW
Threads used:>>>>>>>>>>>>>>>>>>>>>>>>>>>>>>>>>>>>>>>>>>>  16
GuideMaker
Your CPU supports instructions that this binary was not compiled to use: SSE4.1 SSE4.2 AVX AVX2
For maximum performance, you can install NMSLIB from sources 
pip install --no-binary :all: nmslib
2021-02-04 21:18:19,001: INFO     Temp directory is: /scratch/local/63828942/guidemaker_2dwefsnt
2021-02-04 21:18:19,001: INFO     Writing fasta file from genbank file(s)
2021-02-04 21:18:19,001: INFO     check if ../all_test_data/Pseudomonas_aeruginosa_PAO1_107.gbk is gzipped
/home/rp3448/.conda/envs/NONAVX2/lib/python3.7/site-packages/Bio/GenBank/Scanner.py:1400: BiopythonParserWarning: Truncated LOCUS line found - is this correct?
:'LOCUS       NC_002516            6264404 bp    dna     circular UNK \n'
  BiopythonParserWarning,
/home/rp3448/.conda/envs/NONAVX2/lib/python3.7/site-packages/Bio/GenBank/__init__.py:762: BiopythonParserWarning: Non-upper case molecule type in LOCUS line: dna
  BiopythonParserWarning,
2021-02-04 21:18:19,813: INFO     Identifying PAM sites in the genome
2021-02-04 21:18:22,310: INFO     Checking guides for restriction enzymes
2021-02-04 21:18:22,313: INFO     Number of guides removed after checking for restriction enzymes: 0
2021-02-04 21:18:22,313: INFO     Identifing guides that are unique near the PAM site
2021-02-04 21:18:22,319: INFO     Number of guides removed after checking for unique PAM: 201
2021-02-04 21:18:22,319: INFO     Indexing all potential guide sites: 7291. This is the longest step.
2021-02-04 21:18:22,350: INFO     M                   = 16
2021-02-04 21:18:22,350: INFO     indexThreadQty      = 16
2021-02-04 21:18:22,350: INFO     efConstruction      = 10
2021-02-04 21:18:22,350: INFO     maxM			          = 16
2021-02-04 21:18:22,350: INFO     maxM0			          = 32
2021-02-04 21:18:22,350: INFO     mult                = 0.360674
2021-02-04 21:18:22,350: INFO     skip_optimized_index= 0
2021-02-04 21:18:22,350: INFO     delaunay_type       = 2
2021-02-04 21:18:22,351: INFO     Set HNSW query-time parameters:
2021-02-04 21:18:22,351: INFO     ef(Search)         =20
2021-02-04 21:18:22,351: INFO     algoType           =2

0%   10   20   30   40   50   60   70   80   90   100%
|----|----|----|----|----|----|----|----|----|----|
***************************************************

0%   10   20   30   40   50   60   70   80   90   100%
|----|----|----|----|----|----|----|----|----|----|
****************************************************2021-02-04 21:18:22,395: INFO     No appropriate custom distance function for Hamming (bit-storage) space
2021-02-04 21:18:22,395: INFO     searchMethod			  = 0
2021-02-04 21:18:22,395: INFO     Identifying guides that have a hamming distance <= 3 to all other potential guides
2021-02-04 21:18:22,405: INFO     Set HNSW query-time parameters:
2021-02-04 21:18:22,405: INFO     ef(Search)         =9
2021-02-04 21:18:22,405: INFO     algoType           =2
2021-02-04 21:18:22,662: INFO     Formatting data for BedTools
2021-02-04 21:18:22,676: INFO     Create GuideMaker Annotation object
2021-02-04 21:18:22,677: INFO     Identify genomic features
2021-02-04 21:18:22,677: INFO     check if ../all_test_data/Pseudomonas_aeruginosa_PAO1_107.gbk is gzipped
2021-02-04 21:18:23,524: INFO     Total number of CDS/locus in the input genome: 5584
2021-02-04 21:18:23,524: INFO     Find genomic features closest the guides
2021-02-04 21:18:23,713: INFO     Select guides that start between +500 and -500 of a feature start
2021-02-04 21:18:23,777: INFO     Select description columns
2021-02-04 21:18:23,822: INFO     Format the output
2021-02-04 21:18:23,885: INFO     Number of Guides within a gene coordinates i.e. zero Feature distance: 2841
2021-02-04 21:18:23,972: INFO     creating random control guides
2021-02-04 21:18:24,059: INFO     Number of random control searched: 100
2021-02-04 21:18:24,059: INFO     Percentage of GC content in the input genome: 66.56
2021-02-04 21:18:24,059: INFO     Total length of the genome: 6.0 MB
2021-02-04 21:18:24,059: INFO     created 10 control guides with a minimum distance of 8 and a median distance of 8
2021-02-04 21:18:24,062: INFO     guidemaker completed, results are at TEST
2021-02-04 21:18:24,062: INFO     PAM sequence: NNAGAAW
2021-02-04 21:18:24,062: INFO     PAM orientation: 3prime
2021-02-04 21:18:24,062: INFO     Genome strand(s) searched: both
2021-02-04 21:18:24,062: INFO     Total PAM sites considered: 7291
2021-02-04 21:18:24,062: INFO     Guide RNA candidates found: 6404
	Command being timed: "guidemaker -i ../all_test_data/Pseudomonas_aeruginosa_PAO1_107.gbk --pamseq NNAGAAW --outdir TEST --pam_orientation 3prime --guidelength 20 --strand both --lcp 11 --dist 3 --before 500 --into 500 --knum 10 --controls 10 --log GM_63828942_10.log --threads 16"
	User time (seconds): 8.01
	System time (seconds): 1.98
	Percent of CPU this job got: 163%
	Elapsed (wall clock) time (h:mm:ss or m:ss): 0:06.11
	Average shared text size (kbytes): 0
	Average unshared data size (kbytes): 0
	Average stack size (kbytes): 0
	Average total size (kbytes): 0
	Maximum resident set size (kbytes): 154064
	Average resident set size (kbytes): 0
	Major (requiring I/O) page faults: 0
	Minor (reclaiming a frame) page faults: 169705
	Voluntary context switches: 14452
	Involuntary context switches: 536
	Swaps: 0
	File system inputs: 0
	File system outputs: 26872
	Socket messages sent: 0
	Socket messages received: 0
	Signals delivered: 0
	Page size (bytes): 4096
	Exit status: 0
My SLURM_ARRAY_TASK_ID:  10
My TMPDIR IS:  /scratch/local/63828942
Input Genome:>>>>>>>>>>>>>>>>>>>>>>>>>>>>>>>>>>>>>>>>>>>  Pseudomonas_aeruginosa_PAO1_107.gbk
Input PAM:>>>>>>>>>>>>>>>>>>>>>>>>>>>>>>>>>>>>>>>>>>>  NNAGAAW
Threads used:>>>>>>>>>>>>>>>>>>>>>>>>>>>>>>>>>>>>>>>>>>>  32
GuideMaker
Your CPU supports instructions that this binary was not compiled to use: SSE4.1 SSE4.2 AVX AVX2
For maximum performance, you can install NMSLIB from sources 
pip install --no-binary :all: nmslib
2021-02-04 21:18:25,267: INFO     Temp directory is: /scratch/local/63828942/guidemaker_v0elw4tw
2021-02-04 21:18:25,267: INFO     Writing fasta file from genbank file(s)
2021-02-04 21:18:25,267: INFO     check if ../all_test_data/Pseudomonas_aeruginosa_PAO1_107.gbk is gzipped
/home/rp3448/.conda/envs/NONAVX2/lib/python3.7/site-packages/Bio/GenBank/Scanner.py:1400: BiopythonParserWarning: Truncated LOCUS line found - is this correct?
:'LOCUS       NC_002516            6264404 bp    dna     circular UNK \n'
  BiopythonParserWarning,
/home/rp3448/.conda/envs/NONAVX2/lib/python3.7/site-packages/Bio/GenBank/__init__.py:762: BiopythonParserWarning: Non-upper case molecule type in LOCUS line: dna
  BiopythonParserWarning,
2021-02-04 21:18:26,076: INFO     Identifying PAM sites in the genome
2021-02-04 21:18:28,457: INFO     Checking guides for restriction enzymes
2021-02-04 21:18:28,459: INFO     Number of guides removed after checking for restriction enzymes: 0
2021-02-04 21:18:28,460: INFO     Identifing guides that are unique near the PAM site
2021-02-04 21:18:28,466: INFO     Number of guides removed after checking for unique PAM: 201
2021-02-04 21:18:28,466: INFO     Indexing all potential guide sites: 7291. This is the longest step.
2021-02-04 21:18:28,496: INFO     M                   = 16
2021-02-04 21:18:28,496: INFO     indexThreadQty      = 32
2021-02-04 21:18:28,496: INFO     efConstruction      = 10
2021-02-04 21:18:28,497: INFO     maxM			          = 16
2021-02-04 21:18:28,497: INFO     maxM0			          = 32
2021-02-04 21:18:28,497: INFO     mult                = 0.360674
2021-02-04 21:18:28,497: INFO     skip_optimized_index= 0
2021-02-04 21:18:28,497: INFO     delaunay_type       = 2
2021-02-04 21:18:28,497: INFO     Set HNSW query-time parameters:
2021-02-04 21:18:28,497: INFO     ef(Search)         =20
2021-02-04 21:18:28,497: INFO     algoType           =2

0%   10   20   30   40   50   60   70   80   90   100%
|----|----|----|----|----|----|----|----|----|----|
***************************************************

0%   10   20   30   40   50   60   70   80   90   100%
|----|----|----|----|----|----|----|----|----|----|
****************************************************2021-02-04 21:18:28,533: INFO     No appropriate custom distance function for Hamming (bit-storage) space
2021-02-04 21:18:28,533: INFO     searchMethod			  = 0
2021-02-04 21:18:28,533: INFO     Identifying guides that have a hamming distance <= 3 to all other potential guides
2021-02-04 21:18:28,543: INFO     Set HNSW query-time parameters:
2021-02-04 21:18:28,543: INFO     ef(Search)         =9
2021-02-04 21:18:28,543: INFO     algoType           =2
2021-02-04 21:18:28,803: INFO     Formatting data for BedTools
2021-02-04 21:18:28,817: INFO     Create GuideMaker Annotation object
2021-02-04 21:18:28,817: INFO     Identify genomic features
2021-02-04 21:18:28,818: INFO     check if ../all_test_data/Pseudomonas_aeruginosa_PAO1_107.gbk is gzipped
2021-02-04 21:18:29,663: INFO     Total number of CDS/locus in the input genome: 5584
2021-02-04 21:18:29,663: INFO     Find genomic features closest the guides
2021-02-04 21:18:29,847: INFO     Select guides that start between +500 and -500 of a feature start
2021-02-04 21:18:29,910: INFO     Select description columns
2021-02-04 21:18:29,956: INFO     Format the output
2021-02-04 21:18:30,018: INFO     Number of Guides within a gene coordinates i.e. zero Feature distance: 2841
2021-02-04 21:18:30,106: INFO     creating random control guides
2021-02-04 21:18:30,194: INFO     Number of random control searched: 100
2021-02-04 21:18:30,194: INFO     Percentage of GC content in the input genome: 66.56
2021-02-04 21:18:30,194: INFO     Total length of the genome: 6.0 MB
2021-02-04 21:18:30,194: INFO     created 10 control guides with a minimum distance of 8 and a median distance of 8
2021-02-04 21:18:30,196: INFO     guidemaker completed, results are at TEST
2021-02-04 21:18:30,197: INFO     PAM sequence: NNAGAAW
2021-02-04 21:18:30,197: INFO     PAM orientation: 3prime
2021-02-04 21:18:30,197: INFO     Genome strand(s) searched: both
2021-02-04 21:18:30,197: INFO     Total PAM sites considered: 7291
2021-02-04 21:18:30,197: INFO     Guide RNA candidates found: 6404
	Command being timed: "guidemaker -i ../all_test_data/Pseudomonas_aeruginosa_PAO1_107.gbk --pamseq NNAGAAW --outdir TEST --pam_orientation 3prime --guidelength 20 --strand both --lcp 11 --dist 3 --before 500 --into 500 --knum 10 --controls 10 --log GM_63828942_10.log --threads 32"
	User time (seconds): 8.21
	System time (seconds): 2.01
	Percent of CPU this job got: 166%
	Elapsed (wall clock) time (h:mm:ss or m:ss): 0:06.12
	Average shared text size (kbytes): 0
	Average unshared data size (kbytes): 0
	Average stack size (kbytes): 0
	Average total size (kbytes): 0
	Maximum resident set size (kbytes): 154164
	Average resident set size (kbytes): 0
	Major (requiring I/O) page faults: 0
	Minor (reclaiming a frame) page faults: 170068
	Voluntary context switches: 24030
	Involuntary context switches: 333
	Swaps: 0
	File system inputs: 0
	File system outputs: 26888
	Socket messages sent: 0
	Socket messages received: 0
	Signals delivered: 0
	Page size (bytes): 4096
	Exit status: 0
