slurmstepd: error: Unable to create TMPDIR [/scratch/local/58616138]: Permission denied
slurmstepd: error: Setting TMPDIR to /tmp
Mon Sep 14 14:48:50 EDT 2020
c25b-s41.ufhpc
/blue/garrett/rp3448/analysis/guidemaker/AVXGuidemaker/GuideMaker
My SLURM_ARRAY_TASK_ID:  1
My TMPDIR IS:  /tmp
Input Genome:>>>>>>>>>>>>>>>>>>>>>>>>>>>>>>>>>>>>>>>>>>>  Pseudomonas_aeruginosa_PAO1_107.gbk
Threads used:>>>>>>>>>>>>>>>>>>>>>>>>>>>>>>>>>>>>>>>>>>>  1
GuideMaker
2020-09-14 14:48:54,638: INFO     Temp directory is: /tmp/guidemaker_1vcwz8pk
2020-09-14 14:48:54,639: INFO     Writing fasta file from genbank file(s)
2020-09-14 14:48:54,640: INFO     check if ../../all_test_data/Pseudomonas_aeruginosa_PAO1_107.gbk is gzipped
/home/rp3448/.conda/envs/avx2/lib/python3.7/site-packages/Bio/GenBank/Scanner.py:1400: BiopythonParserWarning: Truncated LOCUS line found - is this correct?
:'LOCUS       NC_002516            6264404 bp    dna     circular UNK \n'
  BiopythonParserWarning,
/home/rp3448/.conda/envs/avx2/lib/python3.7/site-packages/Bio/GenBank/__init__.py:762: BiopythonParserWarning: Non-upper case molecule type in LOCUS line: dna
  BiopythonParserWarning,
2020-09-14 14:48:55,648: INFO     Identifying PAM sites in the genome
2020-09-14 14:49:52,344: INFO     Identifing guides that are unique near the PAM site
2020-09-14 14:49:53,821: INFO     Indexing all potential guide sites: 1171800. This is the longest step.
2020-09-14 14:49:59,981: INFO     M                   = 16
2020-09-14 14:49:59,981: INFO     indexThreadQty      = 1
2020-09-14 14:49:59,981: INFO     efConstruction      = 10
2020-09-14 14:49:59,981: INFO     maxM			          = 16
2020-09-14 14:49:59,981: INFO     maxM0			          = 32
2020-09-14 14:49:59,982: INFO     mult                = 0.360674
2020-09-14 14:49:59,982: INFO     skip_optimized_index= 0
2020-09-14 14:49:59,982: INFO     delaunay_type       = 2
2020-09-14 14:49:59,982: INFO     Set HNSW query-time parameters:
2020-09-14 14:49:59,982: INFO     ef(Search)         =20
2020-09-14 14:49:59,982: INFO     algoType           =2

0%   10   20   30   40   50   60   70   80   90   100%
|----|----|----|----|----|----|----|----|----|----|
***************************************************

0%   10   20   30   40   50   60   70   80   90   100%
|----|----|----|----|----|----|----|----|----|----|
***************************************************
*2020-09-14 14:51:53,702: INFO     No appropriate custom distance function for Hamming (bit-storage) space
2020-09-14 14:51:53,702: INFO     searchMethod			  = 0
2020-09-14 14:51:53,796: INFO     Identifying guides that have a hamming distance <= 3 to all other potential guides
2020-09-14 14:51:54,095: INFO     Set HNSW query-time parameters:
2020-09-14 14:51:54,095: INFO     ef(Search)         =9
2020-09-14 14:51:54,095: INFO     algoType           =2
2020-09-14 14:52:10,030: INFO     Formatting data for BedTools
2020-09-14 14:52:10,432: INFO     Create GuideMaker Annotation object
2020-09-14 14:52:10,432: INFO     Identify genomic features
2020-09-14 14:52:10,433: INFO     check if ../../all_test_data/Pseudomonas_aeruginosa_PAO1_107.gbk is gzipped
2020-09-14 14:52:11,794: INFO     Total number of CDS/locus in the input genome: 5584
2020-09-14 14:52:11,794: INFO     Find genomic features closest the guides
2020-09-14 14:52:14,285: INFO     Select guides that start between +100 and -100 of a feature start
2020-09-14 14:52:14,459: INFO     Select description columns
2020-09-14 14:52:14,506: INFO     Format the output
2020-09-14 14:52:15,791: INFO     creating random control guides
2020-09-14 14:52:15,883: INFO     Number of random control searched: 100
2020-09-14 14:52:15,883: INFO     Percentage of GC content in the input genome: 66.56
2020-09-14 14:52:15,883: INFO     Total length of the genome: 6.0 MB
2020-09-14 14:52:15,883: INFO     created 10 control guides with a minimum distance of 7 and a median distance of 7
2020-09-14 14:52:15,886: INFO     guidemaker completed, results are at TEST
2020-09-14 14:52:15,886: INFO     PAM sequence: NGG
2020-09-14 14:52:15,886: INFO     PAM orientation: 5prime
2020-09-14 14:52:15,886: INFO     Genome strand(s) searched: both
2020-09-14 14:52:15,886: INFO     Total PAM sites considered: 1171800
2020-09-14 14:52:15,886: INFO     Guide RNA candidates found: 45901
	Command being timed: "guidemaker -i ../../all_test_data/Pseudomonas_aeruginosa_PAO1_107.gbk --pamseq NGG --outdir TEST --pam_orientation 5prime --guidelength 20 --strand both --lcp 10 --dist 3 --before 100 --into 100 --knum 10 --controls 10 --log GuideMaker_58624307_1.log --threads 1"
	User time (seconds): 202.07
	System time (seconds): 4.34
	Percent of CPU this job got: 101%
	Elapsed (wall clock) time (h:mm:ss or m:ss): 3:24.00
	Average shared text size (kbytes): 0
	Average unshared data size (kbytes): 0
	Average stack size (kbytes): 0
	Average total size (kbytes): 0
	Maximum resident set size (kbytes): 2415820
	Average resident set size (kbytes): 0
	Major (requiring I/O) page faults: 0
	Minor (reclaiming a frame) page faults: 2144022
	Voluntary context switches: 3082
	Involuntary context switches: 285457
	Swaps: 0
	File system inputs: 29424
	File system outputs: 186504
	Socket messages sent: 0
	Socket messages received: 0
	Signals delivered: 0
	Page size (bytes): 4096
	Exit status: 0
My SLURM_ARRAY_TASK_ID:  1
My TMPDIR IS:  /tmp
Input Genome:>>>>>>>>>>>>>>>>>>>>>>>>>>>>>>>>>>>>>>>>>>>  Pseudomonas_aeruginosa_PAO1_107.gbk
Threads used:>>>>>>>>>>>>>>>>>>>>>>>>>>>>>>>>>>>>>>>>>>>  2
GuideMaker
2020-09-14 14:52:18,661: INFO     Temp directory is: /tmp/guidemaker_hms1lyvs
2020-09-14 14:52:18,661: INFO     Writing fasta file from genbank file(s)
2020-09-14 14:52:18,661: INFO     check if ../../all_test_data/Pseudomonas_aeruginosa_PAO1_107.gbk is gzipped
/home/rp3448/.conda/envs/avx2/lib/python3.7/site-packages/Bio/GenBank/Scanner.py:1400: BiopythonParserWarning: Truncated LOCUS line found - is this correct?
:'LOCUS       NC_002516            6264404 bp    dna     circular UNK \n'
  BiopythonParserWarning,
/home/rp3448/.conda/envs/avx2/lib/python3.7/site-packages/Bio/GenBank/__init__.py:762: BiopythonParserWarning: Non-upper case molecule type in LOCUS line: dna
  BiopythonParserWarning,
2020-09-14 14:52:19,454: INFO     Identifying PAM sites in the genome
2020-09-14 14:53:15,654: INFO     Identifing guides that are unique near the PAM site
2020-09-14 14:53:17,161: INFO     Indexing all potential guide sites: 1171800. This is the longest step.
2020-09-14 14:53:22,670: INFO     M                   = 16
2020-09-14 14:53:22,670: INFO     indexThreadQty      = 2
2020-09-14 14:53:22,670: INFO     efConstruction      = 10
2020-09-14 14:53:22,670: INFO     maxM			          = 16
2020-09-14 14:53:22,670: INFO     maxM0			          = 32
2020-09-14 14:53:22,670: INFO     mult                = 0.360674
2020-09-14 14:53:22,671: INFO     skip_optimized_index= 0
2020-09-14 14:53:22,671: INFO     delaunay_type       = 2
2020-09-14 14:53:22,671: INFO     Set HNSW query-time parameters:
2020-09-14 14:53:22,671: INFO     ef(Search)         =20
2020-09-14 14:53:22,671: INFO     algoType           =2

0%   10   20   30   40   50   60   70   80   90   100%
|----|----|----|----|----|----|----|----|----|----|
***************************************************

0%   10   20   30   40   50   60   70   80   90   100%
|----|----|----|----|----|----|----|----|----|----|
****************************************************2020-09-14 14:54:35,756: INFO     No appropriate custom distance function for Hamming (bit-storage) space
2020-09-14 14:54:35,756: INFO     searchMethod			  = 0
2020-09-14 14:54:35,864: INFO     Identifying guides that have a hamming distance <= 3 to all other potential guides
2020-09-14 14:54:36,233: INFO     Set HNSW query-time parameters:
2020-09-14 14:54:36,233: INFO     ef(Search)         =9
2020-09-14 14:54:36,233: INFO     algoType           =2
2020-09-14 14:54:49,781: INFO     Formatting data for BedTools
2020-09-14 14:54:50,186: INFO     Create GuideMaker Annotation object
2020-09-14 14:54:50,187: INFO     Identify genomic features
2020-09-14 14:54:50,187: INFO     check if ../../all_test_data/Pseudomonas_aeruginosa_PAO1_107.gbk is gzipped
2020-09-14 14:54:51,567: INFO     Total number of CDS/locus in the input genome: 5584
2020-09-14 14:54:51,567: INFO     Find genomic features closest the guides
2020-09-14 14:54:54,234: INFO     Select guides that start between +100 and -100 of a feature start
2020-09-14 14:54:54,414: INFO     Select description columns
2020-09-14 14:54:54,465: INFO     Format the output
2020-09-14 14:54:55,823: INFO     creating random control guides
2020-09-14 14:54:55,998: INFO     Number of random control searched: 100
2020-09-14 14:54:55,998: INFO     Percentage of GC content in the input genome: 66.56
2020-09-14 14:54:55,998: INFO     Total length of the genome: 6.0 MB
2020-09-14 14:54:55,999: INFO     created 10 control guides with a minimum distance of 7 and a median distance of 7
2020-09-14 14:54:56,001: INFO     guidemaker completed, results are at TEST
2020-09-14 14:54:56,001: INFO     PAM sequence: NGG
2020-09-14 14:54:56,001: INFO     PAM orientation: 5prime
2020-09-14 14:54:56,001: INFO     Genome strand(s) searched: both
2020-09-14 14:54:56,001: INFO     Total PAM sites considered: 1171800
2020-09-14 14:54:56,001: INFO     Guide RNA candidates found: 45914
	Command being timed: "guidemaker -i ../../all_test_data/Pseudomonas_aeruginosa_PAO1_107.gbk --pamseq NGG --outdir TEST --pam_orientation 5prime --guidelength 20 --strand both --lcp 10 --dist 3 --before 100 --into 100 --knum 10 --controls 10 --log GuideMaker_58624307_1.log --threads 2"
	User time (seconds): 227.98
	System time (seconds): 12.73
	Percent of CPU this job got: 149%
	Elapsed (wall clock) time (h:mm:ss or m:ss): 2:40.59
	Average shared text size (kbytes): 0
	Average unshared data size (kbytes): 0
	Average stack size (kbytes): 0
	Average total size (kbytes): 0
	Maximum resident set size (kbytes): 2587372
	Average resident set size (kbytes): 0
	Major (requiring I/O) page faults: 0
	Minor (reclaiming a frame) page faults: 6310300
	Voluntary context switches: 69888
	Involuntary context switches: 577
	Swaps: 0
	File system inputs: 0
	File system outputs: 186552
	Socket messages sent: 0
	Socket messages received: 0
	Signals delivered: 0
	Page size (bytes): 4096
	Exit status: 0
My SLURM_ARRAY_TASK_ID:  1
My TMPDIR IS:  /tmp
Input Genome:>>>>>>>>>>>>>>>>>>>>>>>>>>>>>>>>>>>>>>>>>>>  Pseudomonas_aeruginosa_PAO1_107.gbk
Threads used:>>>>>>>>>>>>>>>>>>>>>>>>>>>>>>>>>>>>>>>>>>>  4
GuideMaker
2020-09-14 14:54:59,255: INFO     Temp directory is: /tmp/guidemaker_fwlcq8b9
2020-09-14 14:54:59,255: INFO     Writing fasta file from genbank file(s)
2020-09-14 14:54:59,256: INFO     check if ../../all_test_data/Pseudomonas_aeruginosa_PAO1_107.gbk is gzipped
/home/rp3448/.conda/envs/avx2/lib/python3.7/site-packages/Bio/GenBank/Scanner.py:1400: BiopythonParserWarning: Truncated LOCUS line found - is this correct?
:'LOCUS       NC_002516            6264404 bp    dna     circular UNK \n'
  BiopythonParserWarning,
/home/rp3448/.conda/envs/avx2/lib/python3.7/site-packages/Bio/GenBank/__init__.py:762: BiopythonParserWarning: Non-upper case molecule type in LOCUS line: dna
  BiopythonParserWarning,
2020-09-14 14:55:00,057: INFO     Identifying PAM sites in the genome
2020-09-14 14:55:56,582: INFO     Identifing guides that are unique near the PAM site
2020-09-14 14:55:58,113: INFO     Indexing all potential guide sites: 1171800. This is the longest step.
2020-09-14 14:56:03,769: INFO     M                   = 16
2020-09-14 14:56:03,769: INFO     indexThreadQty      = 4
2020-09-14 14:56:03,769: INFO     efConstruction      = 10
2020-09-14 14:56:03,769: INFO     maxM			          = 16
2020-09-14 14:56:03,769: INFO     maxM0			          = 32
2020-09-14 14:56:03,769: INFO     mult                = 0.360674
2020-09-14 14:56:03,769: INFO     skip_optimized_index= 0
2020-09-14 14:56:03,769: INFO     delaunay_type       = 2
2020-09-14 14:56:03,769: INFO     Set HNSW query-time parameters:
2020-09-14 14:56:03,769: INFO     ef(Search)         =20
2020-09-14 14:56:03,769: INFO     algoType           =2

0%   10   20   30   40   50   60   70   80   90   100%
|----|----|----|----|----|----|----|----|----|----|
***************************************************

0%   10   20   30   40   50   60   70   80   90   100%
|----|----|----|----|----|----|----|----|----|----|
****************************************************


2020-09-14 14:56:42,051: INFO     No appropriate custom distance function for Hamming (bit-storage) space
2020-09-14 14:56:42,051: INFO     searchMethod			  = 0
2020-09-14 14:56:42,154: INFO     Identifying guides that have a hamming distance <= 3 to all other potential guides
2020-09-14 14:56:42,515: INFO     Set HNSW query-time parameters:
2020-09-14 14:56:42,515: INFO     ef(Search)         =9
2020-09-14 14:56:42,515: INFO     algoType           =2
2020-09-14 14:56:53,443: INFO     Formatting data for BedTools
2020-09-14 14:56:53,837: INFO     Create GuideMaker Annotation object
2020-09-14 14:56:53,837: INFO     Identify genomic features
2020-09-14 14:56:53,838: INFO     check if ../../all_test_data/Pseudomonas_aeruginosa_PAO1_107.gbk is gzipped
2020-09-14 14:56:55,225: INFO     Total number of CDS/locus in the input genome: 5584
2020-09-14 14:56:55,225: INFO     Find genomic features closest the guides
2020-09-14 14:56:57,855: INFO     Select guides that start between +100 and -100 of a feature start
2020-09-14 14:56:58,058: INFO     Select description columns
2020-09-14 14:56:58,106: INFO     Format the output
2020-09-14 14:56:59,214: INFO     creating random control guides
2020-09-14 14:56:59,342: INFO     Number of random control searched: 100
2020-09-14 14:56:59,342: INFO     Percentage of GC content in the input genome: 66.56
2020-09-14 14:56:59,342: INFO     Total length of the genome: 6.0 MB
2020-09-14 14:56:59,342: INFO     created 10 control guides with a minimum distance of 7 and a median distance of 7
2020-09-14 14:56:59,344: INFO     guidemaker completed, results are at TEST
2020-09-14 14:56:59,345: INFO     PAM sequence: NGG
2020-09-14 14:56:59,345: INFO     PAM orientation: 5prime
2020-09-14 14:56:59,345: INFO     Genome strand(s) searched: both
2020-09-14 14:56:59,345: INFO     Total PAM sites considered: 1171800
2020-09-14 14:56:59,345: INFO     Guide RNA candidates found: 45918
	Command being timed: "guidemaker -i ../../all_test_data/Pseudomonas_aeruginosa_PAO1_107.gbk --pamseq NGG --outdir TEST --pam_orientation 5prime --guidelength 20 --strand both --lcp 10 --dist 3 --before 100 --into 100 --knum 10 --controls 10 --log GuideMaker_58624307_1.log --threads 4"
	User time (seconds): 232.61
	System time (seconds): 12.49
	Percent of CPU this job got: 199%
	Elapsed (wall clock) time (h:mm:ss or m:ss): 2:03.14
	Average shared text size (kbytes): 0
	Average unshared data size (kbytes): 0
	Average stack size (kbytes): 0
	Average total size (kbytes): 0
	Maximum resident set size (kbytes): 2599064
	Average resident set size (kbytes): 0
	Major (requiring I/O) page faults: 0
	Minor (reclaiming a frame) page faults: 5693079
	Voluntary context switches: 160541
	Involuntary context switches: 209620
	Swaps: 0
	File system inputs: 0
	File system outputs: 186392
	Socket messages sent: 0
	Socket messages received: 0
	Signals delivered: 0
	Page size (bytes): 4096
	Exit status: 0
My SLURM_ARRAY_TASK_ID:  1
My TMPDIR IS:  /tmp
Input Genome:>>>>>>>>>>>>>>>>>>>>>>>>>>>>>>>>>>>>>>>>>>>  Pseudomonas_aeruginosa_PAO1_107.gbk
Threads used:>>>>>>>>>>>>>>>>>>>>>>>>>>>>>>>>>>>>>>>>>>>  8
GuideMaker
2020-09-14 14:57:02,404: INFO     Temp directory is: /tmp/guidemaker_j2j47eq2
2020-09-14 14:57:02,404: INFO     Writing fasta file from genbank file(s)
2020-09-14 14:57:02,404: INFO     check if ../../all_test_data/Pseudomonas_aeruginosa_PAO1_107.gbk is gzipped
/home/rp3448/.conda/envs/avx2/lib/python3.7/site-packages/Bio/GenBank/Scanner.py:1400: BiopythonParserWarning: Truncated LOCUS line found - is this correct?
:'LOCUS       NC_002516            6264404 bp    dna     circular UNK \n'
  BiopythonParserWarning,
/home/rp3448/.conda/envs/avx2/lib/python3.7/site-packages/Bio/GenBank/__init__.py:762: BiopythonParserWarning: Non-upper case molecule type in LOCUS line: dna
  BiopythonParserWarning,
2020-09-14 14:57:03,293: INFO     Identifying PAM sites in the genome
2020-09-14 14:58:02,202: INFO     Identifing guides that are unique near the PAM site
2020-09-14 14:58:03,741: INFO     Indexing all potential guide sites: 1171800. This is the longest step.
2020-09-14 14:58:09,182: INFO     M                   = 16
2020-09-14 14:58:09,183: INFO     indexThreadQty      = 8
2020-09-14 14:58:09,183: INFO     efConstruction      = 10
2020-09-14 14:58:09,183: INFO     maxM			          = 16
2020-09-14 14:58:09,183: INFO     maxM0			          = 32
2020-09-14 14:58:09,183: INFO     mult                = 0.360674
2020-09-14 14:58:09,183: INFO     skip_optimized_index= 0
2020-09-14 14:58:09,183: INFO     delaunay_type       = 2
2020-09-14 14:58:09,183: INFO     Set HNSW query-time parameters:
2020-09-14 14:58:09,183: INFO     ef(Search)         =20
2020-09-14 14:58:09,183: INFO     algoType           =2

0%   10   20   30   40   50   60   70   80   90   100%
|----|----|----|----|----|----|----|----|----|----|
***************************************************

0%   10   20   30   40   50   60   70   80   90   100%
|----|----|----|----|----|----|----|----|----|----|
****************************************************2020-09-14 14:58:29,350: INFO     No appropriate custom distance function for Hamming (bit-storage) space
2020-09-14 14:58:29,350: INFO     searchMethod			  = 0
2020-09-14 14:58:29,462: INFO     Identifying guides that have a hamming distance <= 3 to all other potential guides
2020-09-14 14:58:29,842: INFO     Set HNSW query-time parameters:
2020-09-14 14:58:29,842: INFO     ef(Search)         =9
2020-09-14 14:58:29,842: INFO     algoType           =2
2020-09-14 14:58:40,237: INFO     Formatting data for BedTools
2020-09-14 14:58:40,630: INFO     Create GuideMaker Annotation object
2020-09-14 14:58:40,630: INFO     Identify genomic features
2020-09-14 14:58:40,631: INFO     check if ../../all_test_data/Pseudomonas_aeruginosa_PAO1_107.gbk is gzipped
2020-09-14 14:58:42,011: INFO     Total number of CDS/locus in the input genome: 5584
2020-09-14 14:58:42,011: INFO     Find genomic features closest the guides
2020-09-14 14:58:44,758: INFO     Select guides that start between +100 and -100 of a feature start
2020-09-14 14:58:44,945: INFO     Select description columns
2020-09-14 14:58:44,995: INFO     Format the output
2020-09-14 14:58:46,118: INFO     creating random control guides
2020-09-14 14:58:46,300: INFO     Number of random control searched: 1000
2020-09-14 14:58:46,300: INFO     Percentage of GC content in the input genome: 66.56
2020-09-14 14:58:46,300: INFO     Total length of the genome: 6.0 MB
2020-09-14 14:58:46,300: INFO     created 10 control guides with a minimum distance of 8 and a median distance of 8
2020-09-14 14:58:46,303: INFO     guidemaker completed, results are at TEST
2020-09-14 14:58:46,303: INFO     PAM sequence: NGG
2020-09-14 14:58:46,303: INFO     PAM orientation: 5prime
2020-09-14 14:58:46,303: INFO     Genome strand(s) searched: both
2020-09-14 14:58:46,303: INFO     Total PAM sites considered: 1171800
2020-09-14 14:58:46,303: INFO     Guide RNA candidates found: 45916
	Command being timed: "guidemaker -i ../../all_test_data/Pseudomonas_aeruginosa_PAO1_107.gbk --pamseq NGG --outdir TEST --pam_orientation 5prime --guidelength 20 --strand both --lcp 10 --dist 3 --before 100 --into 100 --knum 10 --controls 10 --log GuideMaker_58624307_1.log --threads 8"
	User time (seconds): 243.19
	System time (seconds): 11.78
	Percent of CPU this job got: 238%
	Elapsed (wall clock) time (h:mm:ss or m:ss): 1:46.93
	Average shared text size (kbytes): 0
	Average unshared data size (kbytes): 0
	Average stack size (kbytes): 0
	Average total size (kbytes): 0
	Maximum resident set size (kbytes): 2607420
	Average resident set size (kbytes): 0
	Major (requiring I/O) page faults: 0
	Minor (reclaiming a frame) page faults: 4144658
	Voluntary context switches: 274057
	Involuntary context switches: 134974
	Swaps: 0
	File system inputs: 0
	File system outputs: 186440
	Socket messages sent: 0
	Socket messages received: 0
	Signals delivered: 0
	Page size (bytes): 4096
	Exit status: 0
My SLURM_ARRAY_TASK_ID:  1
My TMPDIR IS:  /tmp
Input Genome:>>>>>>>>>>>>>>>>>>>>>>>>>>>>>>>>>>>>>>>>>>>  Pseudomonas_aeruginosa_PAO1_107.gbk
Threads used:>>>>>>>>>>>>>>>>>>>>>>>>>>>>>>>>>>>>>>>>>>>  16
GuideMaker
2020-09-14 14:58:49,275: INFO     Temp directory is: /tmp/guidemaker_7_46455u
2020-09-14 14:58:49,275: INFO     Writing fasta file from genbank file(s)
2020-09-14 14:58:49,275: INFO     check if ../../all_test_data/Pseudomonas_aeruginosa_PAO1_107.gbk is gzipped
/home/rp3448/.conda/envs/avx2/lib/python3.7/site-packages/Bio/GenBank/Scanner.py:1400: BiopythonParserWarning: Truncated LOCUS line found - is this correct?
:'LOCUS       NC_002516            6264404 bp    dna     circular UNK \n'
  BiopythonParserWarning,
/home/rp3448/.conda/envs/avx2/lib/python3.7/site-packages/Bio/GenBank/__init__.py:762: BiopythonParserWarning: Non-upper case molecule type in LOCUS line: dna
  BiopythonParserWarning,
2020-09-14 14:58:50,077: INFO     Identifying PAM sites in the genome
2020-09-14 14:59:48,280: INFO     Identifing guides that are unique near the PAM site
2020-09-14 14:59:49,806: INFO     Indexing all potential guide sites: 1171800. This is the longest step.
2020-09-14 14:59:55,240: INFO     M                   = 16
2020-09-14 14:59:55,240: INFO     indexThreadQty      = 16
2020-09-14 14:59:55,240: INFO     efConstruction      = 10
2020-09-14 14:59:55,240: INFO     maxM			          = 16
2020-09-14 14:59:55,241: INFO     maxM0			          = 32
2020-09-14 14:59:55,241: INFO     mult                = 0.360674
2020-09-14 14:59:55,241: INFO     skip_optimized_index= 0
2020-09-14 14:59:55,241: INFO     delaunay_type       = 2
2020-09-14 14:59:55,241: INFO     Set HNSW query-time parameters:
2020-09-14 14:59:55,241: INFO     ef(Search)         =20
2020-09-14 14:59:55,241: INFO     algoType           =2

0%   10   20   30   40   50   60   70   80   90   100%
|----|----|----|----|----|----|----|----|----|----|
***************************************************

0%   10   20   30   40   50   60   70   80   90   100%
|----|----|----|----|----|----|----|----|----|----|
******************************************************2020-09-14 15:00:06,780: INFO     No appropriate custom distance function for Hamming (bit-storage) space
2020-09-14 15:00:06,781: INFO     searchMethod			  = 0
2020-09-14 15:00:06,878: INFO     Identifying guides that have a hamming distance <= 3 to all other potential guides
2020-09-14 15:00:07,202: INFO     Set HNSW query-time parameters:
2020-09-14 15:00:07,202: INFO     ef(Search)         =9
2020-09-14 15:00:07,202: INFO     algoType           =2
2020-09-14 15:00:15,891: INFO     Formatting data for BedTools
2020-09-14 15:00:16,306: INFO     Create GuideMaker Annotation object
2020-09-14 15:00:16,306: INFO     Identify genomic features
2020-09-14 15:00:16,306: INFO     check if ../../all_test_data/Pseudomonas_aeruginosa_PAO1_107.gbk is gzipped
2020-09-14 15:00:17,711: INFO     Total number of CDS/locus in the input genome: 5584
2020-09-14 15:00:17,711: INFO     Find genomic features closest the guides
2020-09-14 15:00:20,329: INFO     Select guides that start between +100 and -100 of a feature start
2020-09-14 15:00:20,507: INFO     Select description columns
2020-09-14 15:00:20,554: INFO     Format the output
2020-09-14 15:00:21,644: INFO     creating random control guides
2020-09-14 15:00:21,825: INFO     Number of random control searched: 1000
2020-09-14 15:00:21,825: INFO     Percentage of GC content in the input genome: 66.56
2020-09-14 15:00:21,825: INFO     Total length of the genome: 6.0 MB
2020-09-14 15:00:21,825: INFO     created 10 control guides with a minimum distance of 8 and a median distance of 8
2020-09-14 15:00:21,827: INFO     guidemaker completed, results are at TEST
2020-09-14 15:00:21,828: INFO     PAM sequence: NGG
2020-09-14 15:00:21,828: INFO     PAM orientation: 5prime
2020-09-14 15:00:21,828: INFO     Genome strand(s) searched: both
2020-09-14 15:00:21,828: INFO     Total PAM sites considered: 1171800
2020-09-14 15:00:21,828: INFO     Guide RNA candidates found: 45906
	Command being timed: "guidemaker -i ../../all_test_data/Pseudomonas_aeruginosa_PAO1_107.gbk --pamseq NGG --outdir TEST --pam_orientation 5prime --guidelength 20 --strand both --lcp 10 --dist 3 --before 100 --into 100 --knum 10 --controls 10 --log GuideMaker_58624307_1.log --threads 16"
	User time (seconds): 258.26
	System time (seconds): 14.59
	Percent of CPU this job got: 285%
	Elapsed (wall clock) time (h:mm:ss or m:ss): 1:35.54
	Average shared text size (kbytes): 0
	Average unshared data size (kbytes): 0
	Average stack size (kbytes): 0
	Average total size (kbytes): 0
	Maximum resident set size (kbytes): 2618204
	Average resident set size (kbytes): 0
	Major (requiring I/O) page faults: 0
	Minor (reclaiming a frame) page faults: 3242238
	Voluntary context switches: 474386
	Involuntary context switches: 701
	Swaps: 0
	File system inputs: 0
	File system outputs: 186432
	Socket messages sent: 0
	Socket messages received: 0
	Signals delivered: 0
	Page size (bytes): 4096
	Exit status: 0
My SLURM_ARRAY_TASK_ID:  1
My TMPDIR IS:  /tmp
Input Genome:>>>>>>>>>>>>>>>>>>>>>>>>>>>>>>>>>>>>>>>>>>>  Pseudomonas_aeruginosa_PAO1_107.gbk
Threads used:>>>>>>>>>>>>>>>>>>>>>>>>>>>>>>>>>>>>>>>>>>>  32
GuideMaker
2020-09-14 15:00:24,988: INFO     Temp directory is: /tmp/guidemaker_qamsvls6
2020-09-14 15:00:24,988: INFO     Writing fasta file from genbank file(s)
2020-09-14 15:00:24,989: INFO     check if ../../all_test_data/Pseudomonas_aeruginosa_PAO1_107.gbk is gzipped
/home/rp3448/.conda/envs/avx2/lib/python3.7/site-packages/Bio/GenBank/Scanner.py:1400: BiopythonParserWarning: Truncated LOCUS line found - is this correct?
:'LOCUS       NC_002516            6264404 bp    dna     circular UNK \n'
  BiopythonParserWarning,
/home/rp3448/.conda/envs/avx2/lib/python3.7/site-packages/Bio/GenBank/__init__.py:762: BiopythonParserWarning: Non-upper case molecule type in LOCUS line: dna
  BiopythonParserWarning,
2020-09-14 15:00:25,792: INFO     Identifying PAM sites in the genome
2020-09-14 15:01:22,090: INFO     Identifing guides that are unique near the PAM site
2020-09-14 15:01:23,593: INFO     Indexing all potential guide sites: 1171800. This is the longest step.
2020-09-14 15:01:29,086: INFO     M                   = 16
2020-09-14 15:01:29,086: INFO     indexThreadQty      = 32
2020-09-14 15:01:29,086: INFO     efConstruction      = 10
2020-09-14 15:01:29,087: INFO     maxM			          = 16
2020-09-14 15:01:29,087: INFO     maxM0			          = 32
2020-09-14 15:01:29,087: INFO     mult                = 0.360674
2020-09-14 15:01:29,087: INFO     skip_optimized_index= 0
2020-09-14 15:01:29,087: INFO     delaunay_type       = 2
2020-09-14 15:01:29,087: INFO     Set HNSW query-time parameters:
2020-09-14 15:01:29,087: INFO     ef(Search)         =20
2020-09-14 15:01:29,087: INFO     algoType           =2

0%   10   20   30   40   50   60   70   80   90   100%
|----|----|----|----|----|----|----|----|----|----|
***************************************************

0%   10   20   30   40   50   60   70   80   90   100%
|----|----|----|----|----|----|----|----|----|----|
*******************************************************2020-09-14 15:01:36,545: INFO     No appropriate custom distance function for Hamming (bit-storage) space
2020-09-14 15:01:36,546: INFO     searchMethod			  = 0
2020-09-14 15:01:36,642: INFO     Identifying guides that have a hamming distance <= 3 to all other potential guides
2020-09-14 15:01:36,968: INFO     Set HNSW query-time parameters:
2020-09-14 15:01:36,968: INFO     ef(Search)         =9
2020-09-14 15:01:36,968: INFO     algoType           =2
2020-09-14 15:01:45,460: INFO     Formatting data for BedTools
2020-09-14 15:01:45,855: INFO     Create GuideMaker Annotation object
2020-09-14 15:01:45,856: INFO     Identify genomic features
2020-09-14 15:01:45,856: INFO     check if ../../all_test_data/Pseudomonas_aeruginosa_PAO1_107.gbk is gzipped
2020-09-14 15:01:47,272: INFO     Total number of CDS/locus in the input genome: 5584
2020-09-14 15:01:47,272: INFO     Find genomic features closest the guides
2020-09-14 15:01:49,874: INFO     Select guides that start between +100 and -100 of a feature start
2020-09-14 15:01:50,077: INFO     Select description columns
2020-09-14 15:01:50,125: INFO     Format the output
2020-09-14 15:01:51,212: INFO     creating random control guides
2020-09-14 15:01:51,336: INFO     Number of random control searched: 100
2020-09-14 15:01:51,336: INFO     Percentage of GC content in the input genome: 66.56
2020-09-14 15:01:51,336: INFO     Total length of the genome: 6.0 MB
2020-09-14 15:01:51,336: INFO     created 10 control guides with a minimum distance of 7 and a median distance of 7
2020-09-14 15:01:51,339: INFO     guidemaker completed, results are at TEST
2020-09-14 15:01:51,339: INFO     PAM sequence: NGG
2020-09-14 15:01:51,339: INFO     PAM orientation: 5prime
2020-09-14 15:01:51,339: INFO     Genome strand(s) searched: both
2020-09-14 15:01:51,339: INFO     Total PAM sites considered: 1171800
2020-09-14 15:01:51,339: INFO     Guide RNA candidates found: 45917
	Command being timed: "guidemaker -i ../../all_test_data/Pseudomonas_aeruginosa_PAO1_107.gbk --pamseq NGG --outdir TEST --pam_orientation 5prime --guidelength 20 --strand both --lcp 10 --dist 3 --before 100 --into 100 --knum 10 --controls 10 --log GuideMaker_58624307_1.log --threads 32"
	User time (seconds): 272.65
	System time (seconds): 22.88
	Percent of CPU this job got: 330%
	Elapsed (wall clock) time (h:mm:ss or m:ss): 1:29.48
	Average shared text size (kbytes): 0
	Average unshared data size (kbytes): 0
	Average stack size (kbytes): 0
	Average total size (kbytes): 0
	Maximum resident set size (kbytes): 2633364
	Average resident set size (kbytes): 0
	Major (requiring I/O) page faults: 0
	Minor (reclaiming a frame) page faults: 2939393
	Voluntary context switches: 1057004
	Involuntary context switches: 102882
	Swaps: 0
	File system inputs: 0
	File system outputs: 186464
	Socket messages sent: 0
	Socket messages received: 0
	Signals delivered: 0
	Page size (bytes): 4096
	Exit status: 0
