Thu Aug 13 13:04:22 EDT 2020
c29b-s26.ufhpc
/blue/garrett/rp3448/analysis/guidemaker/GuideMaker
My SLURM_ARRAY_TASK_ID:  7
My TMPDIR IS:  /scratch/local/57447720
Input Genome:>>>>>>>>>>>>>>>>>>>>>>>>>>>>>>>>>>>>>>>>>>>  Burkholderia_thailandensis_E264_ATCC_700388_133.gbk
Threads used:>>>>>>>>>>>>>>>>>>>>>>>>>>>>>>>>>>>>>>>>>>>  1
GuideMaker
2020-08-13 13:04:26,572: INFO     Temp directory is: /scratch/local/57447720/guidemaker_sd3b1dk6
2020-08-13 13:04:26,573: INFO     Writing fasta file from genbank file(s)
2020-08-13 13:04:26,573: INFO     check if test/test_data/Burkholderia_thailandensis_E264_ATCC_700388_133.gbk is gzipped
2020-08-13 13:04:27,326: INFO     Identifying PAM sites in the genome
2020-08-13 13:04:47,787: INFO     Identifing guides that are unique near the PAM site
2020-08-13 13:04:48,959: INFO     Indexing all potential guide sites: 923226. This is the longest step.
2020-08-13 13:04:53,337: INFO     M                   = 16
2020-08-13 13:04:53,337: INFO     indexThreadQty      = 1
2020-08-13 13:04:53,337: INFO     efConstruction      = 64
2020-08-13 13:04:53,337: INFO     maxM			          = 16
2020-08-13 13:04:53,337: INFO     maxM0			          = 32
2020-08-13 13:04:53,338: INFO     mult                = 0.360674
2020-08-13 13:04:53,338: INFO     skip_optimized_index= 0
2020-08-13 13:04:53,338: INFO     delaunay_type       = 2
2020-08-13 13:04:53,338: INFO     Set HNSW query-time parameters:
2020-08-13 13:04:53,338: INFO     ef(Search)         =20
2020-08-13 13:04:53,338: INFO     algoType           =2

0%   10   20   30   40   50   60   70   80   90   100%
|----|----|----|----|----|----|----|----|----|----|
***************************************************

0%   10   20   30   40   50   60   70   80   90   100%
|----|----|----|----|----|----|----|----|----|----|
***************************************************
*2020-08-13 13:12:25,878: INFO     No appropriate custom distance function for Hamming (bit-storage) space
2020-08-13 13:12:25,880: INFO     searchMethod			  = 0
2020-08-13 13:12:25,959: INFO     Identifying guides that have a hamming distance <= 3 to all other potential guides
2020-08-13 13:12:26,246: INFO     Set HNSW query-time parameters:
2020-08-13 13:12:26,246: INFO     ef(Search)         =256
2020-08-13 13:12:26,246: INFO     algoType           =2
2020-08-13 13:14:47,525: INFO     Formatting data for BedTools
2020-08-13 13:14:47,883: INFO     Create GuideMaker Annotation object
2020-08-13 13:14:47,883: INFO     Identify genomic features
2020-08-13 13:14:47,884: INFO     check if test/test_data/Burkholderia_thailandensis_E264_ATCC_700388_133.gbk is gzipped
2020-08-13 13:14:49,117: INFO     Find genomic features closest the guides
2020-08-13 13:14:51,522: INFO     Select guides that start between +100 and -100 of a feature start
2020-08-13 13:14:51,710: INFO     Select description columns
2020-08-13 13:14:51,763: INFO     Format the output
2020-08-13 13:14:52,473: INFO     creating random control guides
2020-08-13 13:15:03,167: INFO     created 10 control guides with a minimum distance of 7 and a median distance of 7
2020-08-13 13:15:03,170: INFO     guidemaker completed, results are at TEST
2020-08-13 13:15:03,170: INFO     PAM sequence: NGG
2020-08-13 13:15:03,170: INFO     PAM orientation: 5prime
2020-08-13 13:15:03,170: INFO     Genome strand(s) searched: both
2020-08-13 13:15:03,170: INFO     Total PAM sites considered: 923226
2020-08-13 13:15:03,170: INFO     Guide RNA candidates found: 35882
	Command being timed: "guidemaker -i test/test_data/Burkholderia_thailandensis_E264_ATCC_700388_133.gbk --pamseq NGG --outdir TEST --pam_orientation 5prime --guidelength 20 --strand both --lcp 10 --dist 3 --before 100 --into 100 --knum 10 --controls 10 --log GuideMaker_57447720_7.log --threads 1"
	User time (seconds): 637.04
	System time (seconds): 5.09
	Percent of CPU this job got: 100%
	Elapsed (wall clock) time (h:mm:ss or m:ss): 10:39.17
	Average shared text size (kbytes): 0
	Average unshared data size (kbytes): 0
	Average stack size (kbytes): 0
	Average total size (kbytes): 0
	Maximum resident set size (kbytes): 2159288
	Average resident set size (kbytes): 0
	Major (requiring I/O) page faults: 0
	Minor (reclaiming a frame) page faults: 3712965
	Voluntary context switches: 3094
	Involuntary context switches: 1124
	Swaps: 0
	File system inputs: 0
	File system outputs: 146672
	Socket messages sent: 0
	Socket messages received: 0
	Signals delivered: 0
	Page size (bytes): 4096
	Exit status: 0
My SLURM_ARRAY_TASK_ID:  7
My TMPDIR IS:  /scratch/local/57447720
Input Genome:>>>>>>>>>>>>>>>>>>>>>>>>>>>>>>>>>>>>>>>>>>>  Burkholderia_thailandensis_E264_ATCC_700388_133.gbk
Threads used:>>>>>>>>>>>>>>>>>>>>>>>>>>>>>>>>>>>>>>>>>>>  2
GuideMaker
2020-08-13 13:15:05,711: INFO     Temp directory is: /scratch/local/57447720/guidemaker_s7ow6282
2020-08-13 13:15:05,711: INFO     Writing fasta file from genbank file(s)
2020-08-13 13:15:05,712: INFO     check if test/test_data/Burkholderia_thailandensis_E264_ATCC_700388_133.gbk is gzipped
2020-08-13 13:15:06,529: INFO     Identifying PAM sites in the genome
2020-08-13 13:15:27,057: INFO     Identifing guides that are unique near the PAM site
2020-08-13 13:15:28,239: INFO     Indexing all potential guide sites: 923226. This is the longest step.
2020-08-13 13:15:32,928: INFO     M                   = 16
2020-08-13 13:15:32,928: INFO     indexThreadQty      = 2
2020-08-13 13:15:32,928: INFO     efConstruction      = 64
2020-08-13 13:15:32,928: INFO     maxM			          = 16
2020-08-13 13:15:32,929: INFO     maxM0			          = 32
2020-08-13 13:15:32,929: INFO     mult                = 0.360674
2020-08-13 13:15:32,929: INFO     skip_optimized_index= 0
2020-08-13 13:15:32,929: INFO     delaunay_type       = 2
2020-08-13 13:15:32,929: INFO     Set HNSW query-time parameters:
2020-08-13 13:15:32,929: INFO     ef(Search)         =20
2020-08-13 13:15:32,929: INFO     algoType           =2

0%   10   20   30   40   50   60   70   80   90   100%
|----|----|----|----|----|----|----|----|----|----|
***************************************************

0%   10   20   30   40   50   60   70   80   90   100%
|----|----|----|----|----|----|----|----|----|----|
****************************************************2020-08-13 13:19:49,152: INFO     No appropriate custom distance function for Hamming (bit-storage) space
2020-08-13 13:19:49,153: INFO     searchMethod			  = 0
2020-08-13 13:19:49,229: INFO     Identifying guides that have a hamming distance <= 3 to all other potential guides
2020-08-13 13:19:49,512: INFO     Set HNSW query-time parameters:
2020-08-13 13:19:49,512: INFO     ef(Search)         =256
2020-08-13 13:19:49,513: INFO     algoType           =2
2020-08-13 13:21:14,268: INFO     Formatting data for BedTools
2020-08-13 13:21:14,602: INFO     Create GuideMaker Annotation object
2020-08-13 13:21:14,603: INFO     Identify genomic features
2020-08-13 13:21:14,603: INFO     check if test/test_data/Burkholderia_thailandensis_E264_ATCC_700388_133.gbk is gzipped
2020-08-13 13:21:15,803: INFO     Find genomic features closest the guides
2020-08-13 13:21:18,176: INFO     Select guides that start between +100 and -100 of a feature start
2020-08-13 13:21:18,334: INFO     Select description columns
2020-08-13 13:21:18,386: INFO     Format the output
2020-08-13 13:21:19,152: INFO     creating random control guides
2020-08-13 13:21:26,304: INFO     created 10 control guides with a minimum distance of 7 and a median distance of 7
2020-08-13 13:21:26,308: INFO     guidemaker completed, results are at TEST
2020-08-13 13:21:26,308: INFO     PAM sequence: NGG
2020-08-13 13:21:26,308: INFO     PAM orientation: 5prime
2020-08-13 13:21:26,308: INFO     Genome strand(s) searched: both
2020-08-13 13:21:26,308: INFO     Total PAM sites considered: 923226
2020-08-13 13:21:26,308: INFO     Guide RNA candidates found: 35882
	Command being timed: "guidemaker -i test/test_data/Burkholderia_thailandensis_E264_ATCC_700388_133.gbk --pamseq NGG --outdir TEST --pam_orientation 5prime --guidelength 20 --strand both --lcp 10 --dist 3 --before 100 --into 100 --knum 10 --controls 10 --log GuideMaker_57447720_7.log --threads 2"
	User time (seconds): 698.06
	System time (seconds): 27.19
	Percent of CPU this job got: 189%
	Elapsed (wall clock) time (h:mm:ss or m:ss): 6:23.65
	Average shared text size (kbytes): 0
	Average unshared data size (kbytes): 0
	Average stack size (kbytes): 0
	Average total size (kbytes): 0
	Maximum resident set size (kbytes): 2256120
	Average resident set size (kbytes): 0
	Major (requiring I/O) page faults: 0
	Minor (reclaiming a frame) page faults: 17043979
	Voluntary context switches: 62635
	Involuntary context switches: 433367
	Swaps: 0
	File system inputs: 0
	File system outputs: 146664
	Socket messages sent: 0
	Socket messages received: 0
	Signals delivered: 0
	Page size (bytes): 4096
	Exit status: 0
My SLURM_ARRAY_TASK_ID:  7
My TMPDIR IS:  /scratch/local/57447720
Input Genome:>>>>>>>>>>>>>>>>>>>>>>>>>>>>>>>>>>>>>>>>>>>  Burkholderia_thailandensis_E264_ATCC_700388_133.gbk
Threads used:>>>>>>>>>>>>>>>>>>>>>>>>>>>>>>>>>>>>>>>>>>>  4
GuideMaker
2020-08-13 13:21:29,380: INFO     Temp directory is: /scratch/local/57447720/guidemaker_3o85itb1
2020-08-13 13:21:29,380: INFO     Writing fasta file from genbank file(s)
2020-08-13 13:21:29,380: INFO     check if test/test_data/Burkholderia_thailandensis_E264_ATCC_700388_133.gbk is gzipped
2020-08-13 13:21:30,114: INFO     Identifying PAM sites in the genome
2020-08-13 13:21:50,209: INFO     Identifing guides that are unique near the PAM site
2020-08-13 13:21:51,382: INFO     Indexing all potential guide sites: 923226. This is the longest step.
2020-08-13 13:21:55,814: INFO     M                   = 16
2020-08-13 13:21:55,814: INFO     indexThreadQty      = 4
2020-08-13 13:21:55,814: INFO     efConstruction      = 64
2020-08-13 13:21:55,814: INFO     maxM			          = 16
2020-08-13 13:21:55,814: INFO     maxM0			          = 32
2020-08-13 13:21:55,814: INFO     mult                = 0.360674
2020-08-13 13:21:55,814: INFO     skip_optimized_index= 0
2020-08-13 13:21:55,814: INFO     delaunay_type       = 2
2020-08-13 13:21:55,814: INFO     Set HNSW query-time parameters:
2020-08-13 13:21:55,814: INFO     ef(Search)         =20
2020-08-13 13:21:55,815: INFO     algoType           =2

0%   10   20   30   40   50   60   70   80   90   100%
|----|----|----|----|----|----|----|----|----|----|
***************************************************

0%   10   20   30   40   50   60   70   80   90   100%
|----|----|----|----|----|----|----|----|----|----|
****************************************************2020-08-13 13:24:07,407: INFO     No appropriate custom distance function for Hamming (bit-storage) space
2020-08-13 13:24:07,408: INFO     searchMethod			  = 0
2020-08-13 13:24:07,491: INFO     Identifying guides that have a hamming distance <= 3 to all other potential guides
2020-08-13 13:24:07,835: INFO     Set HNSW query-time parameters:
2020-08-13 13:24:07,835: INFO     ef(Search)         =256
2020-08-13 13:24:07,835: INFO     algoType           =2
2020-08-13 13:24:54,085: INFO     Formatting data for BedTools
2020-08-13 13:24:54,439: INFO     Create GuideMaker Annotation object
2020-08-13 13:24:54,439: INFO     Identify genomic features
2020-08-13 13:24:54,439: INFO     check if test/test_data/Burkholderia_thailandensis_E264_ATCC_700388_133.gbk is gzipped
2020-08-13 13:24:55,644: INFO     Find genomic features closest the guides
2020-08-13 13:24:57,935: INFO     Select guides that start between +100 and -100 of a feature start
2020-08-13 13:24:58,108: INFO     Select description columns
2020-08-13 13:24:58,157: INFO     Format the output
2020-08-13 13:24:58,849: INFO     creating random control guides
2020-08-13 13:25:02,473: INFO     created 10 control guides with a minimum distance of 7 and a median distance of 7
2020-08-13 13:25:02,475: INFO     guidemaker completed, results are at TEST
2020-08-13 13:25:02,475: INFO     PAM sequence: NGG
2020-08-13 13:25:02,475: INFO     PAM orientation: 5prime
2020-08-13 13:25:02,475: INFO     Genome strand(s) searched: both
2020-08-13 13:25:02,475: INFO     Total PAM sites considered: 923226
2020-08-13 13:25:02,475: INFO     Guide RNA candidates found: 35882
	Command being timed: "guidemaker -i test/test_data/Burkholderia_thailandensis_E264_ATCC_700388_133.gbk --pamseq NGG --outdir TEST --pam_orientation 5prime --guidelength 20 --strand both --lcp 10 --dist 3 --before 100 --into 100 --knum 10 --controls 10 --log GuideMaker_57447720_7.log --threads 4"
	User time (seconds): 713.67
	System time (seconds): 21.00
	Percent of CPU this job got: 340%
	Elapsed (wall clock) time (h:mm:ss or m:ss): 3:35.91
	Average shared text size (kbytes): 0
	Average unshared data size (kbytes): 0
	Average stack size (kbytes): 0
	Average total size (kbytes): 0
	Maximum resident set size (kbytes): 2250948
	Average resident set size (kbytes): 0
	Major (requiring I/O) page faults: 0
	Minor (reclaiming a frame) page faults: 10775890
	Voluntary context switches: 134121
	Involuntary context switches: 147102
	Swaps: 0
	File system inputs: 0
	File system outputs: 146728
	Socket messages sent: 0
	Socket messages received: 0
	Signals delivered: 0
	Page size (bytes): 4096
	Exit status: 0
My SLURM_ARRAY_TASK_ID:  7
My TMPDIR IS:  /scratch/local/57447720
Input Genome:>>>>>>>>>>>>>>>>>>>>>>>>>>>>>>>>>>>>>>>>>>>  Burkholderia_thailandensis_E264_ATCC_700388_133.gbk
Threads used:>>>>>>>>>>>>>>>>>>>>>>>>>>>>>>>>>>>>>>>>>>>  8
GuideMaker
2020-08-13 13:25:05,328: INFO     Temp directory is: /scratch/local/57447720/guidemaker_nt0kkhb0
2020-08-13 13:25:05,328: INFO     Writing fasta file from genbank file(s)
2020-08-13 13:25:05,328: INFO     check if test/test_data/Burkholderia_thailandensis_E264_ATCC_700388_133.gbk is gzipped
2020-08-13 13:25:06,063: INFO     Identifying PAM sites in the genome
2020-08-13 13:25:26,026: INFO     Identifing guides that are unique near the PAM site
2020-08-13 13:25:27,170: INFO     Indexing all potential guide sites: 923226. This is the longest step.
2020-08-13 13:25:31,551: INFO     M                   = 16
2020-08-13 13:25:31,551: INFO     indexThreadQty      = 8
2020-08-13 13:25:31,551: INFO     efConstruction      = 64
2020-08-13 13:25:31,551: INFO     maxM			          = 16
2020-08-13 13:25:31,551: INFO     maxM0			          = 32
2020-08-13 13:25:31,552: INFO     mult                = 0.360674
2020-08-13 13:25:31,552: INFO     skip_optimized_index= 0
2020-08-13 13:25:31,552: INFO     delaunay_type       = 2
2020-08-13 13:25:31,552: INFO     Set HNSW query-time parameters:
2020-08-13 13:25:31,552: INFO     ef(Search)         =20
2020-08-13 13:25:31,552: INFO     algoType           =2

0%   10   20   30   40   50   60   70   80   90   100%
|----|----|----|----|----|----|----|----|----|----|
***************************************************

0%   10   20   30   40   50   60   70   80   90   100%
|----|----|----|----|----|----|----|----|----|----|
****************************************************2020-08-13 13:26:43,182: INFO     No appropriate custom distance function for Hamming (bit-storage) space
2020-08-13 13:26:43,182: INFO     searchMethod			  = 0
2020-08-13 13:26:43,260: INFO     Identifying guides that have a hamming distance <= 3 to all other potential guides
2020-08-13 13:26:43,572: INFO     Set HNSW query-time parameters:
2020-08-13 13:26:43,572: INFO     ef(Search)         =256
2020-08-13 13:26:43,572: INFO     algoType           =2
2020-08-13 13:27:11,148: INFO     Formatting data for BedTools
2020-08-13 13:27:11,527: INFO     Create GuideMaker Annotation object
2020-08-13 13:27:11,527: INFO     Identify genomic features
2020-08-13 13:27:11,528: INFO     check if test/test_data/Burkholderia_thailandensis_E264_ATCC_700388_133.gbk is gzipped
2020-08-13 13:27:12,908: INFO     Find genomic features closest the guides
2020-08-13 13:27:15,287: INFO     Select guides that start between +100 and -100 of a feature start
2020-08-13 13:27:15,446: INFO     Select description columns
2020-08-13 13:27:15,497: INFO     Format the output
2020-08-13 13:27:16,237: INFO     creating random control guides
2020-08-13 13:27:18,403: INFO     created 10 control guides with a minimum distance of 7 and a median distance of 7
2020-08-13 13:27:18,406: INFO     guidemaker completed, results are at TEST
2020-08-13 13:27:18,406: INFO     PAM sequence: NGG
2020-08-13 13:27:18,407: INFO     PAM orientation: 5prime
2020-08-13 13:27:18,407: INFO     Genome strand(s) searched: both
2020-08-13 13:27:18,407: INFO     Total PAM sites considered: 923226
2020-08-13 13:27:18,407: INFO     Guide RNA candidates found: 35882
	Command being timed: "guidemaker -i test/test_data/Burkholderia_thailandensis_E264_ATCC_700388_133.gbk --pamseq NGG --outdir TEST --pam_orientation 5prime --guidelength 20 --strand both --lcp 10 --dist 3 --before 100 --into 100 --knum 10 --controls 10 --log GuideMaker_57447720_7.log --threads 8"
	User time (seconds): 763.43
	System time (seconds): 17.83
	Percent of CPU this job got: 574%
	Elapsed (wall clock) time (h:mm:ss or m:ss): 2:16.04
	Average shared text size (kbytes): 0
	Average unshared data size (kbytes): 0
	Average stack size (kbytes): 0
	Average total size (kbytes): 0
	Maximum resident set size (kbytes): 2273308
	Average resident set size (kbytes): 0
	Major (requiring I/O) page faults: 0
	Minor (reclaiming a frame) page faults: 7762547
	Voluntary context switches: 206007
	Involuntary context switches: 440866
	Swaps: 0
	File system inputs: 8
	File system outputs: 146664
	Socket messages sent: 0
	Socket messages received: 0
	Signals delivered: 0
	Page size (bytes): 4096
	Exit status: 0
My SLURM_ARRAY_TASK_ID:  7
My TMPDIR IS:  /scratch/local/57447720
Input Genome:>>>>>>>>>>>>>>>>>>>>>>>>>>>>>>>>>>>>>>>>>>>  Burkholderia_thailandensis_E264_ATCC_700388_133.gbk
Threads used:>>>>>>>>>>>>>>>>>>>>>>>>>>>>>>>>>>>>>>>>>>>  16
GuideMaker
2020-08-13 13:27:21,381: INFO     Temp directory is: /scratch/local/57447720/guidemaker_n1_895ov
2020-08-13 13:27:21,382: INFO     Writing fasta file from genbank file(s)
2020-08-13 13:27:21,382: INFO     check if test/test_data/Burkholderia_thailandensis_E264_ATCC_700388_133.gbk is gzipped
2020-08-13 13:27:22,126: INFO     Identifying PAM sites in the genome
2020-08-13 13:27:42,084: INFO     Identifing guides that are unique near the PAM site
2020-08-13 13:27:43,255: INFO     Indexing all potential guide sites: 923226. This is the longest step.
2020-08-13 13:27:47,551: INFO     M                   = 16
2020-08-13 13:27:47,551: INFO     indexThreadQty      = 16
2020-08-13 13:27:47,551: INFO     efConstruction      = 64
2020-08-13 13:27:47,551: INFO     maxM			          = 16
2020-08-13 13:27:47,551: INFO     maxM0			          = 32
2020-08-13 13:27:47,551: INFO     mult                = 0.360674
2020-08-13 13:27:47,552: INFO     skip_optimized_index= 0
2020-08-13 13:27:47,552: INFO     delaunay_type       = 2
2020-08-13 13:27:47,552: INFO     Set HNSW query-time parameters:
2020-08-13 13:27:47,552: INFO     ef(Search)         =20
2020-08-13 13:27:47,552: INFO     algoType           =2

0%   10   20   30   40   50   60   70   80   90   100%
|----|----|----|----|----|----|----|----|----|----|
***************************************************

0%   10   20   30   40   50   60   70   80   90   100%
|----|----|----|----|----|----|----|----|----|----|
*******************************************************2020-08-13 13:28:27,331: INFO     No appropriate custom distance function for Hamming (bit-storage) space
2020-08-13 13:28:27,332: INFO     searchMethod			  = 0
2020-08-13 13:28:27,408: INFO     Identifying guides that have a hamming distance <= 3 to all other potential guides
2020-08-13 13:28:27,688: INFO     Set HNSW query-time parameters:
2020-08-13 13:28:27,688: INFO     ef(Search)         =256
2020-08-13 13:28:27,688: INFO     algoType           =2
2020-08-13 13:28:45,813: INFO     Formatting data for BedTools
2020-08-13 13:28:46,150: INFO     Create GuideMaker Annotation object
2020-08-13 13:28:46,150: INFO     Identify genomic features
2020-08-13 13:28:46,152: INFO     check if test/test_data/Burkholderia_thailandensis_E264_ATCC_700388_133.gbk is gzipped
2020-08-13 13:28:47,358: INFO     Find genomic features closest the guides
2020-08-13 13:28:49,700: INFO     Select guides that start between +100 and -100 of a feature start
2020-08-13 13:28:49,856: INFO     Select description columns
2020-08-13 13:28:49,906: INFO     Format the output
2020-08-13 13:28:50,605: INFO     creating random control guides
2020-08-13 13:28:52,155: INFO     created 10 control guides with a minimum distance of 7 and a median distance of 7
2020-08-13 13:28:52,157: INFO     guidemaker completed, results are at TEST
2020-08-13 13:28:52,157: INFO     PAM sequence: NGG
2020-08-13 13:28:52,157: INFO     PAM orientation: 5prime
2020-08-13 13:28:52,157: INFO     Genome strand(s) searched: both
2020-08-13 13:28:52,157: INFO     Total PAM sites considered: 923226
2020-08-13 13:28:52,157: INFO     Guide RNA candidates found: 35882
	Command being timed: "guidemaker -i test/test_data/Burkholderia_thailandensis_E264_ATCC_700388_133.gbk --pamseq NGG --outdir TEST --pam_orientation 5prime --guidelength 20 --strand both --lcp 10 --dist 3 --before 100 --into 100 --knum 10 --controls 10 --log GuideMaker_57447720_7.log --threads 16"
	User time (seconds): 828.62
	System time (seconds): 25.01
	Percent of CPU this job got: 911%
	Elapsed (wall clock) time (h:mm:ss or m:ss): 1:33.62
	Average shared text size (kbytes): 0
	Average unshared data size (kbytes): 0
	Average stack size (kbytes): 0
	Average total size (kbytes): 0
	Maximum resident set size (kbytes): 2309228
	Average resident set size (kbytes): 0
	Major (requiring I/O) page faults: 0
	Minor (reclaiming a frame) page faults: 6373449
	Voluntary context switches: 340823
	Involuntary context switches: 93090
	Swaps: 0
	File system inputs: 0
	File system outputs: 146624
	Socket messages sent: 0
	Socket messages received: 0
	Signals delivered: 0
	Page size (bytes): 4096
	Exit status: 0
My SLURM_ARRAY_TASK_ID:  7
My TMPDIR IS:  /scratch/local/57447720
Input Genome:>>>>>>>>>>>>>>>>>>>>>>>>>>>>>>>>>>>>>>>>>>>  Burkholderia_thailandensis_E264_ATCC_700388_133.gbk
Threads used:>>>>>>>>>>>>>>>>>>>>>>>>>>>>>>>>>>>>>>>>>>>  32
GuideMaker
2020-08-13 13:28:55,004: INFO     Temp directory is: /scratch/local/57447720/guidemaker_7h52otua
2020-08-13 13:28:55,004: INFO     Writing fasta file from genbank file(s)
2020-08-13 13:28:55,004: INFO     check if test/test_data/Burkholderia_thailandensis_E264_ATCC_700388_133.gbk is gzipped
2020-08-13 13:28:55,736: INFO     Identifying PAM sites in the genome
2020-08-13 13:29:16,152: INFO     Identifing guides that are unique near the PAM site
2020-08-13 13:29:17,291: INFO     Indexing all potential guide sites: 923226. This is the longest step.
2020-08-13 13:29:22,024: INFO     M                   = 16
2020-08-13 13:29:22,025: INFO     indexThreadQty      = 32
2020-08-13 13:29:22,025: INFO     efConstruction      = 64
2020-08-13 13:29:22,025: INFO     maxM			          = 16
2020-08-13 13:29:22,025: INFO     maxM0			          = 32
2020-08-13 13:29:22,025: INFO     mult                = 0.360674
2020-08-13 13:29:22,025: INFO     skip_optimized_index= 0
2020-08-13 13:29:22,025: INFO     delaunay_type       = 2
2020-08-13 13:29:22,025: INFO     Set HNSW query-time parameters:
2020-08-13 13:29:22,025: INFO     ef(Search)         =20
2020-08-13 13:29:22,026: INFO     algoType           =2

0%   10   20   30   40   50   60   70   80   90   100%
|----|----|----|----|----|----|----|----|----|----|
***************************************************

0%   10   20   30   40   50   60   70   80   90   100%
|----|----|----|----|----|----|----|----|----|----|
*****************************************************




2020-08-13 13:29:44,576: INFO     No appropriate custom distance function for Hamming (bit-storage) space
2020-08-13 13:29:44,576: INFO     searchMethod			  = 0
2020-08-13 13:29:44,664: INFO     Identifying guides that have a hamming distance <= 3 to all other potential guides
2020-08-13 13:29:45,000: INFO     Set HNSW query-time parameters:
2020-08-13 13:29:45,000: INFO     ef(Search)         =256
2020-08-13 13:29:45,000: INFO     algoType           =2
2020-08-13 13:29:58,848: INFO     Formatting data for BedTools
2020-08-13 13:29:59,183: INFO     Create GuideMaker Annotation object
2020-08-13 13:29:59,183: INFO     Identify genomic features
2020-08-13 13:29:59,184: INFO     check if test/test_data/Burkholderia_thailandensis_E264_ATCC_700388_133.gbk is gzipped
2020-08-13 13:30:00,396: INFO     Find genomic features closest the guides
2020-08-13 13:30:02,751: INFO     Select guides that start between +100 and -100 of a feature start
2020-08-13 13:30:02,913: INFO     Select description columns
2020-08-13 13:30:02,964: INFO     Format the output
2020-08-13 13:30:03,676: INFO     creating random control guides
2020-08-13 13:30:04,922: INFO     created 10 control guides with a minimum distance of 7 and a median distance of 7
2020-08-13 13:30:04,924: INFO     guidemaker completed, results are at TEST
2020-08-13 13:30:04,924: INFO     PAM sequence: NGG
2020-08-13 13:30:04,924: INFO     PAM orientation: 5prime
2020-08-13 13:30:04,924: INFO     Genome strand(s) searched: both
2020-08-13 13:30:04,924: INFO     Total PAM sites considered: 923226
2020-08-13 13:30:04,924: INFO     Guide RNA candidates found: 35882
	Command being timed: "guidemaker -i test/test_data/Burkholderia_thailandensis_E264_ATCC_700388_133.gbk --pamseq NGG --outdir TEST --pam_orientation 5prime --guidelength 20 --strand both --lcp 10 --dist 3 --before 100 --into 100 --knum 10 --controls 10 --log GuideMaker_57447720_7.log --threads 32"
	User time (seconds): 919.81
	System time (seconds): 34.97
	Percent of CPU this job got: 1313%
	Elapsed (wall clock) time (h:mm:ss or m:ss): 1:12.70
	Average shared text size (kbytes): 0
	Average unshared data size (kbytes): 0
	Average stack size (kbytes): 0
	Average total size (kbytes): 0
	Maximum resident set size (kbytes): 2314360
	Average resident set size (kbytes): 0
	Major (requiring I/O) page faults: 0
	Minor (reclaiming a frame) page faults: 4789819
	Voluntary context switches: 638624
	Involuntary context switches: 3960
	Swaps: 0
	File system inputs: 0
	File system outputs: 146672
	Socket messages sent: 0
	Socket messages received: 0
	Signals delivered: 0
	Page size (bytes): 4096
	Exit status: 0
