Thu Feb  4 15:42:11 EST 2021
c26b-s7.ufhpc
/blue/garrett/rp3448/analysis/guidemaker/AVXGuidemaker
My SLURM_ARRAY_TASK_ID:  4
My TMPDIR IS:  /scratch/local/63823924
Input Genome:>>>>>>>>>>>>>>>>>>>>>>>>>>>>>>>>>>>>>>>>>>>  Escherichia.coli_str_K-12_substr_MG1655.gbk
Input PAM:>>>>>>>>>>>>>>>>>>>>>>>>>>>>>>>>>>>>>>>>>>>  NGG
Threads used:>>>>>>>>>>>>>>>>>>>>>>>>>>>>>>>>>>>>>>>>>>>  1
GuideMaker
2021-02-04 15:42:18,218: INFO     Temp directory is: /scratch/local/63823924/guidemaker_1_nkd24p
2021-02-04 15:42:18,219: INFO     Writing fasta file from genbank file(s)
2021-02-04 15:42:18,219: INFO     check if ../all_test_data/Escherichia.coli_str_K-12_substr_MG1655.gbk is gzipped
2021-02-04 15:42:19,121: INFO     Identifying PAM sites in the genome
2021-02-04 15:42:32,333: INFO     Checking guides for restriction enzymes
2021-02-04 15:42:32,483: INFO     Number of guides removed after checking for restriction enzymes: 0
2021-02-04 15:42:32,483: INFO     Identifing guides that are unique near the PAM site
2021-02-04 15:42:33,636: INFO     Number of guides removed after checking for unique PAM: 150893
2021-02-04 15:42:33,636: INFO     Indexing all potential guide sites: 542072. This is the longest step.
2021-02-04 15:42:36,202: INFO     M                   = 16
2021-02-04 15:42:36,202: INFO     indexThreadQty      = 1
2021-02-04 15:42:36,203: INFO     efConstruction      = 10
2021-02-04 15:42:36,203: INFO     maxM			          = 16
2021-02-04 15:42:36,203: INFO     maxM0			          = 32
2021-02-04 15:42:36,203: INFO     mult                = 0.360674
2021-02-04 15:42:36,203: INFO     skip_optimized_index= 0
2021-02-04 15:42:36,203: INFO     delaunay_type       = 2
2021-02-04 15:42:36,203: INFO     Set HNSW query-time parameters:
2021-02-04 15:42:36,203: INFO     ef(Search)         =20
2021-02-04 15:42:36,203: INFO     algoType           =2

0%   10   20   30   40   50   60   70   80   90   100%
|----|----|----|----|----|----|----|----|----|----|
***************************************************

0%   10   20   30   40   50   60   70   80   90   100%
|----|----|----|----|----|----|----|----|----|----|
***************************************************
*2021-02-04 15:43:17,239: INFO     No appropriate custom distance function for Hamming (bit-storage) space
2021-02-04 15:43:17,239: INFO     searchMethod			  = 0
2021-02-04 15:43:17,284: INFO     Identifying guides that have a hamming distance <= 3 to all other potential guides
2021-02-04 15:43:17,848: INFO     Set HNSW query-time parameters:
2021-02-04 15:43:17,848: INFO     ef(Search)         =9
2021-02-04 15:43:17,848: INFO     algoType           =2
2021-02-04 15:43:51,055: INFO     Formatting data for BedTools
2021-02-04 15:43:51,765: INFO     Create GuideMaker Annotation object
2021-02-04 15:43:51,765: INFO     Identify genomic features
2021-02-04 15:43:51,766: INFO     check if ../all_test_data/Escherichia.coli_str_K-12_substr_MG1655.gbk is gzipped
2021-02-04 15:43:53,456: INFO     Total number of CDS/locus in the input genome: 4357
2021-02-04 15:43:53,456: INFO     Find genomic features closest the guides
2021-02-04 15:43:58,615: INFO     Select guides that start between +500 and -500 of a feature start
2021-02-04 15:43:59,137: INFO     Select description columns
2021-02-04 15:43:59,213: INFO     Format the output
2021-02-04 15:44:02,124: INFO     Number of Guides within a gene coordinates i.e. zero Feature distance: 168421
2021-02-04 15:44:05,373: INFO     creating random control guides
2021-02-04 15:44:05,443: INFO     Number of random control searched: 100
2021-02-04 15:44:05,443: INFO     Percentage of GC content in the input genome: 50.79
2021-02-04 15:44:05,443: INFO     Total length of the genome: 4.4 MB
2021-02-04 15:44:05,443: INFO     created 10 control guides with a minimum distance of 7 and a median distance of 8
2021-02-04 15:44:05,446: INFO     guidemaker completed, results are at TEST
2021-02-04 15:44:05,446: INFO     PAM sequence: NGG
2021-02-04 15:44:05,446: INFO     PAM orientation: 3prime
2021-02-04 15:44:05,446: INFO     Genome strand(s) searched: both
2021-02-04 15:44:05,446: INFO     Total PAM sites considered: 542072
2021-02-04 15:44:05,446: INFO     Guide RNA candidates found: 280996
	Command being timed: "guidemaker -i ../all_test_data/Escherichia.coli_str_K-12_substr_MG1655.gbk --pamseq NGG --outdir TEST --pam_orientation 3prime --guidelength 20 --strand both --lcp 11 --dist 3 --before 500 --into 500 --knum 10 --controls 10 --log GM_63823924_4.log --threads 1"
	User time (seconds): 108.27
	System time (seconds): 4.15
	Percent of CPU this job got: 100%
	Elapsed (wall clock) time (h:mm:ss or m:ss): 1:51.93
	Average shared text size (kbytes): 0
	Average unshared data size (kbytes): 0
	Average stack size (kbytes): 0
	Average total size (kbytes): 0
	Maximum resident set size (kbytes): 1844676
	Average resident set size (kbytes): 0
	Major (requiring I/O) page faults: 123
	Minor (reclaiming a frame) page faults: 1829203
	Voluntary context switches: 3941
	Involuntary context switches: 147105
	Swaps: 0
	File system inputs: 366496
	File system outputs: 571696
	Socket messages sent: 0
	Socket messages received: 0
	Signals delivered: 0
	Page size (bytes): 4096
	Exit status: 0
My SLURM_ARRAY_TASK_ID:  4
My TMPDIR IS:  /scratch/local/63823924
Input Genome:>>>>>>>>>>>>>>>>>>>>>>>>>>>>>>>>>>>>>>>>>>>  Escherichia.coli_str_K-12_substr_MG1655.gbk
Input PAM:>>>>>>>>>>>>>>>>>>>>>>>>>>>>>>>>>>>>>>>>>>>  NGG
Threads used:>>>>>>>>>>>>>>>>>>>>>>>>>>>>>>>>>>>>>>>>>>>  2
GuideMaker
2021-02-04 15:44:07,905: INFO     Temp directory is: /scratch/local/63823924/guidemaker_5dwkbsul
2021-02-04 15:44:07,905: INFO     Writing fasta file from genbank file(s)
2021-02-04 15:44:07,905: INFO     check if ../all_test_data/Escherichia.coli_str_K-12_substr_MG1655.gbk is gzipped
2021-02-04 15:44:08,808: INFO     Identifying PAM sites in the genome
2021-02-04 15:44:22,428: INFO     Checking guides for restriction enzymes
2021-02-04 15:44:22,595: INFO     Number of guides removed after checking for restriction enzymes: 0
2021-02-04 15:44:22,596: INFO     Identifing guides that are unique near the PAM site
2021-02-04 15:44:23,803: INFO     Number of guides removed after checking for unique PAM: 150893
2021-02-04 15:44:23,803: INFO     Indexing all potential guide sites: 542072. This is the longest step.
2021-02-04 15:44:26,391: INFO     M                   = 16
2021-02-04 15:44:26,391: INFO     indexThreadQty      = 2
2021-02-04 15:44:26,391: INFO     efConstruction      = 10
2021-02-04 15:44:26,391: INFO     maxM			          = 16
2021-02-04 15:44:26,391: INFO     maxM0			          = 32
2021-02-04 15:44:26,391: INFO     mult                = 0.360674
2021-02-04 15:44:26,391: INFO     skip_optimized_index= 0
2021-02-04 15:44:26,392: INFO     delaunay_type       = 2
2021-02-04 15:44:26,392: INFO     Set HNSW query-time parameters:
2021-02-04 15:44:26,392: INFO     ef(Search)         =20
2021-02-04 15:44:26,392: INFO     algoType           =2

0%   10   20   30   40   50   60   70   80   90   100%
|----|----|----|----|----|----|----|----|----|----|
***************************************************

0%   10   20   30   40   50   60   70   80   90   100%
|----|----|----|----|----|----|----|----|----|----|
****************************************************2021-02-04 15:44:52,945: INFO     No appropriate custom distance function for Hamming (bit-storage) space
2021-02-04 15:44:52,945: INFO     searchMethod			  = 0
2021-02-04 15:44:52,992: INFO     Identifying guides that have a hamming distance <= 3 to all other potential guides
2021-02-04 15:44:53,557: INFO     Set HNSW query-time parameters:
2021-02-04 15:44:53,557: INFO     ef(Search)         =9
2021-02-04 15:44:53,557: INFO     algoType           =2
2021-02-04 15:45:21,950: INFO     Formatting data for BedTools
2021-02-04 15:45:22,668: INFO     Create GuideMaker Annotation object
2021-02-04 15:45:22,668: INFO     Identify genomic features
2021-02-04 15:45:22,669: INFO     check if ../all_test_data/Escherichia.coli_str_K-12_substr_MG1655.gbk is gzipped
2021-02-04 15:45:24,322: INFO     Total number of CDS/locus in the input genome: 4357
2021-02-04 15:45:24,322: INFO     Find genomic features closest the guides
2021-02-04 15:45:29,597: INFO     Select guides that start between +500 and -500 of a feature start
2021-02-04 15:45:30,139: INFO     Select description columns
2021-02-04 15:45:30,217: INFO     Format the output
2021-02-04 15:45:33,224: INFO     Number of Guides within a gene coordinates i.e. zero Feature distance: 168348
2021-02-04 15:45:36,440: INFO     creating random control guides
2021-02-04 15:45:36,572: INFO     Number of random control searched: 100
2021-02-04 15:45:36,572: INFO     Percentage of GC content in the input genome: 50.79
2021-02-04 15:45:36,572: INFO     Total length of the genome: 4.4 MB
2021-02-04 15:45:36,572: INFO     created 10 control guides with a minimum distance of 7 and a median distance of 8
2021-02-04 15:45:36,575: INFO     guidemaker completed, results are at TEST
2021-02-04 15:45:36,575: INFO     PAM sequence: NGG
2021-02-04 15:45:36,575: INFO     PAM orientation: 3prime
2021-02-04 15:45:36,575: INFO     Genome strand(s) searched: both
2021-02-04 15:45:36,575: INFO     Total PAM sites considered: 542072
2021-02-04 15:45:36,575: INFO     Guide RNA candidates found: 280875
	Command being timed: "guidemaker -i ../all_test_data/Escherichia.coli_str_K-12_substr_MG1655.gbk --pamseq NGG --outdir TEST --pam_orientation 3prime --guidelength 20 --strand both --lcp 11 --dist 3 --before 500 --into 500 --knum 10 --controls 10 --log GM_63823924_4.log --threads 2"
	User time (seconds): 121.53
	System time (seconds): 7.82
	Percent of CPU this job got: 141%
	Elapsed (wall clock) time (h:mm:ss or m:ss): 1:31.21
	Average shared text size (kbytes): 0
	Average unshared data size (kbytes): 0
	Average stack size (kbytes): 0
	Average total size (kbytes): 0
	Maximum resident set size (kbytes): 2020368
	Average resident set size (kbytes): 0
	Major (requiring I/O) page faults: 0
	Minor (reclaiming a frame) page faults: 3499303
	Voluntary context switches: 52975
	Involuntary context switches: 239891
	Swaps: 0
	File system inputs: 0
	File system outputs: 571480
	Socket messages sent: 0
	Socket messages received: 0
	Signals delivered: 0
	Page size (bytes): 4096
	Exit status: 0
My SLURM_ARRAY_TASK_ID:  4
My TMPDIR IS:  /scratch/local/63823924
Input Genome:>>>>>>>>>>>>>>>>>>>>>>>>>>>>>>>>>>>>>>>>>>>  Escherichia.coli_str_K-12_substr_MG1655.gbk
Input PAM:>>>>>>>>>>>>>>>>>>>>>>>>>>>>>>>>>>>>>>>>>>>  NGG
Threads used:>>>>>>>>>>>>>>>>>>>>>>>>>>>>>>>>>>>>>>>>>>>  4
GuideMaker
2021-02-04 15:45:39,115: INFO     Temp directory is: /scratch/local/63823924/guidemaker_036oc5hb
2021-02-04 15:45:39,115: INFO     Writing fasta file from genbank file(s)
2021-02-04 15:45:39,115: INFO     check if ../all_test_data/Escherichia.coli_str_K-12_substr_MG1655.gbk is gzipped
2021-02-04 15:45:40,037: INFO     Identifying PAM sites in the genome
2021-02-04 15:45:53,214: INFO     Checking guides for restriction enzymes
2021-02-04 15:45:53,363: INFO     Number of guides removed after checking for restriction enzymes: 0
2021-02-04 15:45:53,364: INFO     Identifing guides that are unique near the PAM site
2021-02-04 15:45:54,532: INFO     Number of guides removed after checking for unique PAM: 150893
2021-02-04 15:45:54,533: INFO     Indexing all potential guide sites: 542072. This is the longest step.
2021-02-04 15:45:57,055: INFO     M                   = 16
2021-02-04 15:45:57,056: INFO     indexThreadQty      = 4
2021-02-04 15:45:57,056: INFO     efConstruction      = 10
2021-02-04 15:45:57,056: INFO     maxM			          = 16
2021-02-04 15:45:57,056: INFO     maxM0			          = 32
2021-02-04 15:45:57,056: INFO     mult                = 0.360674
2021-02-04 15:45:57,057: INFO     skip_optimized_index= 0
2021-02-04 15:45:57,057: INFO     delaunay_type       = 2
2021-02-04 15:45:57,057: INFO     Set HNSW query-time parameters:
2021-02-04 15:45:57,057: INFO     ef(Search)         =20
2021-02-04 15:45:57,057: INFO     algoType           =2

0%   10   20   30   40   50   60   70   80   90   100%
|----|----|----|----|----|----|----|----|----|----|
***************************************************

0%   10   20   30   40   50   60   70   80   90   100%
|----|----|----|----|----|----|----|----|----|----|
****************************************************2021-02-04 15:46:11,114: INFO     No appropriate custom distance function for Hamming (bit-storage) space
2021-02-04 15:46:11,114: INFO     searchMethod			  = 0
2021-02-04 15:46:11,164: INFO     Identifying guides that have a hamming distance <= 3 to all other potential guides
2021-02-04 15:46:11,747: INFO     Set HNSW query-time parameters:
2021-02-04 15:46:11,747: INFO     ef(Search)         =9
2021-02-04 15:46:11,747: INFO     algoType           =2
2021-02-04 15:46:34,830: INFO     Formatting data for BedTools
2021-02-04 15:46:35,541: INFO     Create GuideMaker Annotation object
2021-02-04 15:46:35,541: INFO     Identify genomic features
2021-02-04 15:46:35,542: INFO     check if ../all_test_data/Escherichia.coli_str_K-12_substr_MG1655.gbk is gzipped
2021-02-04 15:46:37,208: INFO     Total number of CDS/locus in the input genome: 4357
2021-02-04 15:46:37,208: INFO     Find genomic features closest the guides
2021-02-04 15:46:42,509: INFO     Select guides that start between +500 and -500 of a feature start
2021-02-04 15:46:43,051: INFO     Select description columns
2021-02-04 15:46:43,129: INFO     Format the output
2021-02-04 15:46:46,114: INFO     Number of Guides within a gene coordinates i.e. zero Feature distance: 168401
2021-02-04 15:46:49,507: INFO     creating random control guides
2021-02-04 15:46:49,613: INFO     Number of random control searched: 100
2021-02-04 15:46:49,613: INFO     Percentage of GC content in the input genome: 50.79
2021-02-04 15:46:49,613: INFO     Total length of the genome: 4.4 MB
2021-02-04 15:46:49,613: INFO     created 10 control guides with a minimum distance of 7 and a median distance of 8
2021-02-04 15:46:49,616: INFO     guidemaker completed, results are at TEST
2021-02-04 15:46:49,616: INFO     PAM sequence: NGG
2021-02-04 15:46:49,616: INFO     PAM orientation: 3prime
2021-02-04 15:46:49,616: INFO     Genome strand(s) searched: both
2021-02-04 15:46:49,616: INFO     Total PAM sites considered: 542072
2021-02-04 15:46:49,616: INFO     Guide RNA candidates found: 280955
	Command being timed: "guidemaker -i ../all_test_data/Escherichia.coli_str_K-12_substr_MG1655.gbk --pamseq NGG --outdir TEST --pam_orientation 3prime --guidelength 20 --strand both --lcp 11 --dist 3 --before 500 --into 500 --knum 10 --controls 10 --log GM_63823924_4.log --threads 4"
	User time (seconds): 123.27
	System time (seconds): 7.39
	Percent of CPU this job got: 178%
	Elapsed (wall clock) time (h:mm:ss or m:ss): 1:13.10
	Average shared text size (kbytes): 0
	Average unshared data size (kbytes): 0
	Average stack size (kbytes): 0
	Average total size (kbytes): 0
	Maximum resident set size (kbytes): 2031904
	Average resident set size (kbytes): 0
	Major (requiring I/O) page faults: 0
	Minor (reclaiming a frame) page faults: 2918283
	Voluntary context switches: 89476
	Involuntary context switches: 144631
	Swaps: 0
	File system inputs: 272
	File system outputs: 571848
	Socket messages sent: 0
	Socket messages received: 0
	Signals delivered: 0
	Page size (bytes): 4096
	Exit status: 0
My SLURM_ARRAY_TASK_ID:  4
My TMPDIR IS:  /scratch/local/63823924
Input Genome:>>>>>>>>>>>>>>>>>>>>>>>>>>>>>>>>>>>>>>>>>>>  Escherichia.coli_str_K-12_substr_MG1655.gbk
Input PAM:>>>>>>>>>>>>>>>>>>>>>>>>>>>>>>>>>>>>>>>>>>>  NGG
Threads used:>>>>>>>>>>>>>>>>>>>>>>>>>>>>>>>>>>>>>>>>>>>  8
GuideMaker
2021-02-04 15:46:52,204: INFO     Temp directory is: /scratch/local/63823924/guidemaker_gnhs6ygj
2021-02-04 15:46:52,204: INFO     Writing fasta file from genbank file(s)
2021-02-04 15:46:52,204: INFO     check if ../all_test_data/Escherichia.coli_str_K-12_substr_MG1655.gbk is gzipped
2021-02-04 15:46:53,110: INFO     Identifying PAM sites in the genome
2021-02-04 15:47:06,042: INFO     Checking guides for restriction enzymes
2021-02-04 15:47:06,192: INFO     Number of guides removed after checking for restriction enzymes: 0
2021-02-04 15:47:06,192: INFO     Identifing guides that are unique near the PAM site
2021-02-04 15:47:07,324: INFO     Number of guides removed after checking for unique PAM: 150893
2021-02-04 15:47:07,325: INFO     Indexing all potential guide sites: 542072. This is the longest step.
2021-02-04 15:47:09,873: INFO     M                   = 16
2021-02-04 15:47:09,873: INFO     indexThreadQty      = 8
2021-02-04 15:47:09,873: INFO     efConstruction      = 10
2021-02-04 15:47:09,874: INFO     maxM			          = 16
2021-02-04 15:47:09,874: INFO     maxM0			          = 32
2021-02-04 15:47:09,874: INFO     mult                = 0.360674
2021-02-04 15:47:09,874: INFO     skip_optimized_index= 0
2021-02-04 15:47:09,874: INFO     delaunay_type       = 2
2021-02-04 15:47:09,874: INFO     Set HNSW query-time parameters:
2021-02-04 15:47:09,874: INFO     ef(Search)         =20
2021-02-04 15:47:09,874: INFO     algoType           =2

0%   10   20   30   40   50   60   70   80   90   100%
|----|----|----|----|----|----|----|----|----|----|
***************************************************

0%   10   20   30   40   50   60   70   80   90   100%
|----|----|----|----|----|----|----|----|----|----|
****************************************************2021-02-04 15:47:17,384: INFO     No appropriate custom distance function for Hamming (bit-storage) space
2021-02-04 15:47:17,384: INFO     searchMethod			  = 0
2021-02-04 15:47:17,432: INFO     Identifying guides that have a hamming distance <= 3 to all other potential guides
2021-02-04 15:47:18,011: INFO     Set HNSW query-time parameters:
2021-02-04 15:47:18,011: INFO     ef(Search)         =9
2021-02-04 15:47:18,012: INFO     algoType           =2
2021-02-04 15:47:38,150: INFO     Formatting data for BedTools
2021-02-04 15:47:38,846: INFO     Create GuideMaker Annotation object
2021-02-04 15:47:38,847: INFO     Identify genomic features
2021-02-04 15:47:38,847: INFO     check if ../all_test_data/Escherichia.coli_str_K-12_substr_MG1655.gbk is gzipped
2021-02-04 15:47:40,520: INFO     Total number of CDS/locus in the input genome: 4357
2021-02-04 15:47:40,520: INFO     Find genomic features closest the guides
2021-02-04 15:47:45,787: INFO     Select guides that start between +500 and -500 of a feature start
2021-02-04 15:47:46,322: INFO     Select description columns
2021-02-04 15:47:46,398: INFO     Format the output
2021-02-04 15:47:49,364: INFO     Number of Guides within a gene coordinates i.e. zero Feature distance: 168367
2021-02-04 15:47:52,703: INFO     creating random control guides
2021-02-04 15:47:52,785: INFO     Number of random control searched: 100
2021-02-04 15:47:52,785: INFO     Percentage of GC content in the input genome: 50.79
2021-02-04 15:47:52,785: INFO     Total length of the genome: 4.4 MB
2021-02-04 15:47:52,785: INFO     created 10 control guides with a minimum distance of 7 and a median distance of 8
2021-02-04 15:47:52,788: INFO     guidemaker completed, results are at TEST
2021-02-04 15:47:52,788: INFO     PAM sequence: NGG
2021-02-04 15:47:52,788: INFO     PAM orientation: 3prime
2021-02-04 15:47:52,788: INFO     Genome strand(s) searched: both
2021-02-04 15:47:52,788: INFO     Total PAM sites considered: 542072
2021-02-04 15:47:52,788: INFO     Guide RNA candidates found: 280883
	Command being timed: "guidemaker -i ../all_test_data/Escherichia.coli_str_K-12_substr_MG1655.gbk --pamseq NGG --outdir TEST --pam_orientation 3prime --guidelength 20 --strand both --lcp 11 --dist 3 --before 500 --into 500 --knum 10 --controls 10 --log GM_63823924_4.log --threads 8"
	User time (seconds): 126.09
	System time (seconds): 6.79
	Percent of CPU this job got: 210%
	Elapsed (wall clock) time (h:mm:ss or m:ss): 1:03.08
	Average shared text size (kbytes): 0
	Average unshared data size (kbytes): 0
	Average stack size (kbytes): 0
	Average total size (kbytes): 0
	Maximum resident set size (kbytes): 2024136
	Average resident set size (kbytes): 0
	Major (requiring I/O) page faults: 0
	Minor (reclaiming a frame) page faults: 2333810
	Voluntary context switches: 139727
	Involuntary context switches: 35716
	Swaps: 0
	File system inputs: 496
	File system outputs: 571544
	Socket messages sent: 0
	Socket messages received: 0
	Signals delivered: 0
	Page size (bytes): 4096
	Exit status: 0
My SLURM_ARRAY_TASK_ID:  4
My TMPDIR IS:  /scratch/local/63823924
Input Genome:>>>>>>>>>>>>>>>>>>>>>>>>>>>>>>>>>>>>>>>>>>>  Escherichia.coli_str_K-12_substr_MG1655.gbk
Input PAM:>>>>>>>>>>>>>>>>>>>>>>>>>>>>>>>>>>>>>>>>>>>  NGG
Threads used:>>>>>>>>>>>>>>>>>>>>>>>>>>>>>>>>>>>>>>>>>>>  16
GuideMaker
2021-02-04 15:47:55,296: INFO     Temp directory is: /scratch/local/63823924/guidemaker_4mp1d0qw
2021-02-04 15:47:55,296: INFO     Writing fasta file from genbank file(s)
2021-02-04 15:47:55,296: INFO     check if ../all_test_data/Escherichia.coli_str_K-12_substr_MG1655.gbk is gzipped
2021-02-04 15:47:56,211: INFO     Identifying PAM sites in the genome
2021-02-04 15:48:10,072: INFO     Checking guides for restriction enzymes
2021-02-04 15:48:10,223: INFO     Number of guides removed after checking for restriction enzymes: 0
2021-02-04 15:48:10,223: INFO     Identifing guides that are unique near the PAM site
2021-02-04 15:48:11,382: INFO     Number of guides removed after checking for unique PAM: 150893
2021-02-04 15:48:11,382: INFO     Indexing all potential guide sites: 542072. This is the longest step.
2021-02-04 15:48:13,981: INFO     M                   = 16
2021-02-04 15:48:13,981: INFO     indexThreadQty      = 16
2021-02-04 15:48:13,981: INFO     efConstruction      = 10
2021-02-04 15:48:13,982: INFO     maxM			          = 16
2021-02-04 15:48:13,982: INFO     maxM0			          = 32
2021-02-04 15:48:13,982: INFO     mult                = 0.360674
2021-02-04 15:48:13,982: INFO     skip_optimized_index= 0
2021-02-04 15:48:13,982: INFO     delaunay_type       = 2
2021-02-04 15:48:13,982: INFO     Set HNSW query-time parameters:
2021-02-04 15:48:13,982: INFO     ef(Search)         =20
2021-02-04 15:48:13,982: INFO     algoType           =2

0%   10   20   30   40   50   60   70   80   90   100%
|----|----|----|----|----|----|----|----|----|----|
***************************************************

0%   10   20   30   40   50   60   70   80   90   100%
|----|----|----|----|----|----|----|----|----|----|
******************************************************




2021-02-04 15:48:18,186: INFO     No appropriate custom distance function for Hamming (bit-storage) space
2021-02-04 15:48:18,186: INFO     searchMethod			  = 0
2021-02-04 15:48:18,233: INFO     Identifying guides that have a hamming distance <= 3 to all other potential guides
2021-02-04 15:48:18,810: INFO     Set HNSW query-time parameters:
2021-02-04 15:48:18,811: INFO     ef(Search)         =9
2021-02-04 15:48:18,811: INFO     algoType           =2
2021-02-04 15:48:38,347: INFO     Formatting data for BedTools
2021-02-04 15:48:39,065: INFO     Create GuideMaker Annotation object
2021-02-04 15:48:39,065: INFO     Identify genomic features
2021-02-04 15:48:39,066: INFO     check if ../all_test_data/Escherichia.coli_str_K-12_substr_MG1655.gbk is gzipped
2021-02-04 15:48:40,726: INFO     Total number of CDS/locus in the input genome: 4357
2021-02-04 15:48:40,726: INFO     Find genomic features closest the guides
2021-02-04 15:48:46,020: INFO     Select guides that start between +500 and -500 of a feature start
2021-02-04 15:48:46,560: INFO     Select description columns
2021-02-04 15:48:46,637: INFO     Format the output
2021-02-04 15:48:49,606: INFO     Number of Guides within a gene coordinates i.e. zero Feature distance: 168400
2021-02-04 15:48:52,732: INFO     creating random control guides
2021-02-04 15:48:52,820: INFO     Number of random control searched: 100
2021-02-04 15:48:52,820: INFO     Percentage of GC content in the input genome: 50.79
2021-02-04 15:48:52,820: INFO     Total length of the genome: 4.4 MB
2021-02-04 15:48:52,820: INFO     created 10 control guides with a minimum distance of 7 and a median distance of 7
2021-02-04 15:48:52,823: INFO     guidemaker completed, results are at TEST
2021-02-04 15:48:52,823: INFO     PAM sequence: NGG
2021-02-04 15:48:52,823: INFO     PAM orientation: 3prime
2021-02-04 15:48:52,823: INFO     Genome strand(s) searched: both
2021-02-04 15:48:52,823: INFO     Total PAM sites considered: 542072
2021-02-04 15:48:52,823: INFO     Guide RNA candidates found: 280942
	Command being timed: "guidemaker -i ../all_test_data/Escherichia.coli_str_K-12_substr_MG1655.gbk --pamseq NGG --outdir TEST --pam_orientation 3prime --guidelength 20 --strand both --lcp 11 --dist 3 --before 500 --into 500 --knum 10 --controls 10 --log GM_63823924_4.log --threads 16"
	User time (seconds): 134.37
	System time (seconds): 8.00
	Percent of CPU this job got: 236%
	Elapsed (wall clock) time (h:mm:ss or m:ss): 1:00.08
	Average shared text size (kbytes): 0
	Average unshared data size (kbytes): 0
	Average stack size (kbytes): 0
	Average total size (kbytes): 0
	Maximum resident set size (kbytes): 2037612
	Average resident set size (kbytes): 0
	Major (requiring I/O) page faults: 0
	Minor (reclaiming a frame) page faults: 1967153
	Voluntary context switches: 282170
	Involuntary context switches: 149289
	Swaps: 0
	File system inputs: 8
	File system outputs: 571584
	Socket messages sent: 0
	Socket messages received: 0
	Signals delivered: 0
	Page size (bytes): 4096
	Exit status: 0
My SLURM_ARRAY_TASK_ID:  4
My TMPDIR IS:  /scratch/local/63823924
Input Genome:>>>>>>>>>>>>>>>>>>>>>>>>>>>>>>>>>>>>>>>>>>>  Escherichia.coli_str_K-12_substr_MG1655.gbk
Input PAM:>>>>>>>>>>>>>>>>>>>>>>>>>>>>>>>>>>>>>>>>>>>  NGG
Threads used:>>>>>>>>>>>>>>>>>>>>>>>>>>>>>>>>>>>>>>>>>>>  32
GuideMaker
2021-02-04 15:48:55,362: INFO     Temp directory is: /scratch/local/63823924/guidemaker_eluugccx
2021-02-04 15:48:55,362: INFO     Writing fasta file from genbank file(s)
2021-02-04 15:48:55,363: INFO     check if ../all_test_data/Escherichia.coli_str_K-12_substr_MG1655.gbk is gzipped
2021-02-04 15:48:56,254: INFO     Identifying PAM sites in the genome
2021-02-04 15:49:09,404: INFO     Checking guides for restriction enzymes
2021-02-04 15:49:09,553: INFO     Number of guides removed after checking for restriction enzymes: 0
2021-02-04 15:49:09,553: INFO     Identifing guides that are unique near the PAM site
2021-02-04 15:49:10,670: INFO     Number of guides removed after checking for unique PAM: 150893
2021-02-04 15:49:10,670: INFO     Indexing all potential guide sites: 542072. This is the longest step.
2021-02-04 15:49:13,262: INFO     M                   = 16
2021-02-04 15:49:13,262: INFO     indexThreadQty      = 32
2021-02-04 15:49:13,263: INFO     efConstruction      = 10
2021-02-04 15:49:13,263: INFO     maxM			          = 16
2021-02-04 15:49:13,263: INFO     maxM0			          = 32
2021-02-04 15:49:13,263: INFO     mult                = 0.360674
2021-02-04 15:49:13,263: INFO     skip_optimized_index= 0
2021-02-04 15:49:13,263: INFO     delaunay_type       = 2
2021-02-04 15:49:13,263: INFO     Set HNSW query-time parameters:
2021-02-04 15:49:13,263: INFO     ef(Search)         =20
2021-02-04 15:49:13,263: INFO     algoType           =2

0%   10   20   30   40   50   60   70   80   90   100%
|----|----|----|----|----|----|----|----|----|----|
***************************************************

0%   10   20   30   40   50   60   70   80   90   100%
|----|----|----|----|----|----|----|----|----|----|
****************************************************2021-02-04 15:49:15,937: INFO     No appropriate custom distance function for Hamming (bit-storage) space
2021-02-04 15:49:15,938: INFO     searchMethod			  = 0
2021-02-04 15:49:15,970: INFO     Identifying guides that have a hamming distance <= 3 to all other potential guides
2021-02-04 15:49:16,541: INFO     Set HNSW query-time parameters:
2021-02-04 15:49:16,541: INFO     ef(Search)         =9
2021-02-04 15:49:16,541: INFO     algoType           =2
2021-02-04 15:49:36,125: INFO     Formatting data for BedTools
2021-02-04 15:49:36,845: INFO     Create GuideMaker Annotation object
2021-02-04 15:49:36,845: INFO     Identify genomic features
2021-02-04 15:49:36,845: INFO     check if ../all_test_data/Escherichia.coli_str_K-12_substr_MG1655.gbk is gzipped
2021-02-04 15:49:38,504: INFO     Total number of CDS/locus in the input genome: 4357
2021-02-04 15:49:38,504: INFO     Find genomic features closest the guides
2021-02-04 15:49:43,786: INFO     Select guides that start between +500 and -500 of a feature start
2021-02-04 15:49:44,393: INFO     Select description columns
2021-02-04 15:49:44,473: INFO     Format the output
2021-02-04 15:49:47,600: INFO     Number of Guides within a gene coordinates i.e. zero Feature distance: 168380
2021-02-04 15:49:50,714: INFO     creating random control guides
2021-02-04 15:49:50,821: INFO     Number of random control searched: 100
2021-02-04 15:49:50,821: INFO     Percentage of GC content in the input genome: 50.79
2021-02-04 15:49:50,821: INFO     Total length of the genome: 4.4 MB
2021-02-04 15:49:50,821: INFO     created 10 control guides with a minimum distance of 7 and a median distance of 7
2021-02-04 15:49:50,824: INFO     guidemaker completed, results are at TEST
2021-02-04 15:49:50,824: INFO     PAM sequence: NGG
2021-02-04 15:49:50,824: INFO     PAM orientation: 3prime
2021-02-04 15:49:50,824: INFO     Genome strand(s) searched: both
2021-02-04 15:49:50,824: INFO     Total PAM sites considered: 542072
2021-02-04 15:49:50,825: INFO     Guide RNA candidates found: 280916
	Command being timed: "guidemaker -i ../all_test_data/Escherichia.coli_str_K-12_substr_MG1655.gbk --pamseq NGG --outdir TEST --pam_orientation 3prime --guidelength 20 --strand both --lcp 11 --dist 3 --before 500 --into 500 --knum 10 --controls 10 --log GM_63823924_4.log --threads 32"
	User time (seconds): 141.92
	System time (seconds): 11.01
	Percent of CPU this job got: 263%
	Elapsed (wall clock) time (h:mm:ss or m:ss): 0:57.99
	Average shared text size (kbytes): 0
	Average unshared data size (kbytes): 0
	Average stack size (kbytes): 0
	Average total size (kbytes): 0
	Maximum resident set size (kbytes): 2038464
	Average resident set size (kbytes): 0
	Major (requiring I/O) page faults: 0
	Minor (reclaiming a frame) page faults: 1695696
	Voluntary context switches: 697180
	Involuntary context switches: 93434
	Swaps: 0
	File system inputs: 0
	File system outputs: 571504
	Socket messages sent: 0
	Socket messages received: 0
	Signals delivered: 0
	Page size (bytes): 4096
	Exit status: 0
