Thu Feb  4 18:15:28 EST 2021
c27b-s35.ufhpc
/blue/garrett/rp3448/analysis/guidemaker/AVXGuidemaker
My SLURM_ARRAY_TASK_ID:  3
My TMPDIR IS:  /scratch/local/63828748
Input Genome:>>>>>>>>>>>>>>>>>>>>>>>>>>>>>>>>>>>>>>>>>>>  Aspergillus_fumigatus.gbk
Input PAM:>>>>>>>>>>>>>>>>>>>>>>>>>>>>>>>>>>>>>>>>>>>  NNAGAAW
Threads used:>>>>>>>>>>>>>>>>>>>>>>>>>>>>>>>>>>>>>>>>>>>  1
GuideMaker
2021-02-04 18:15:31,853: INFO     Temp directory is: /scratch/local/63828748/guidemaker_kiful_5a
2021-02-04 18:15:31,854: INFO     Writing fasta file from genbank file(s)
2021-02-04 18:15:31,854: INFO     check if ../all_test_data/Aspergillus_fumigatus.gbk is gzipped
2021-02-04 18:15:34,946: INFO     Identifying PAM sites in the genome
2021-02-04 18:15:49,483: INFO     Checking guides for restriction enzymes
2021-02-04 18:15:49,527: INFO     Number of guides removed after checking for restriction enzymes: 0
2021-02-04 18:15:49,527: INFO     Identifing guides that are unique near the PAM site
2021-02-04 18:15:49,758: INFO     Number of guides removed after checking for unique PAM: 16937
2021-02-04 18:15:49,759: INFO     Indexing all potential guide sites: 160756. This is the longest step.
2021-02-04 18:15:50,518: INFO     M                   = 16
2021-02-04 18:15:50,518: INFO     indexThreadQty      = 1
2021-02-04 18:15:50,518: INFO     efConstruction      = 10
2021-02-04 18:15:50,518: INFO     maxM			          = 16
2021-02-04 18:15:50,518: INFO     maxM0			          = 32
2021-02-04 18:15:50,518: INFO     mult                = 0.360674
2021-02-04 18:15:50,518: INFO     skip_optimized_index= 0
2021-02-04 18:15:50,519: INFO     delaunay_type       = 2
2021-02-04 18:15:50,519: INFO     Set HNSW query-time parameters:
2021-02-04 18:15:50,519: INFO     ef(Search)         =20
2021-02-04 18:15:50,519: INFO     algoType           =2

0%   10   20   30   40   50   60   70   80   90   100%
|----|----|----|----|----|----|----|----|----|----|
***************************************************

0%   10   20   30   40   50   60   70   80   90   100%
|----|----|----|----|----|----|----|----|----|----|
***************************************************
*2021-02-04 18:15:59,623: INFO     No appropriate custom distance function for Hamming (bit-storage) space
2021-02-04 18:15:59,623: INFO     searchMethod			  = 0
2021-02-04 18:15:59,636: INFO     Identifying guides that have a hamming distance <= 3 to all other potential guides
2021-02-04 18:15:59,825: INFO     Set HNSW query-time parameters:
2021-02-04 18:15:59,825: INFO     ef(Search)         =9
2021-02-04 18:15:59,825: INFO     algoType           =2
2021-02-04 18:16:09,766: INFO     Formatting data for BedTools
2021-02-04 18:16:10,024: INFO     Create GuideMaker Annotation object
2021-02-04 18:16:10,024: INFO     Identify genomic features
2021-02-04 18:16:10,025: INFO     check if ../all_test_data/Aspergillus_fumigatus.gbk is gzipped
2021-02-04 18:16:13,787: INFO     Total number of CDS/locus in the input genome: 9630
2021-02-04 18:16:13,787: INFO     Find genomic features closest the guides
2021-02-04 18:16:15,795: INFO     Select guides that start between +500 and -500 of a feature start
2021-02-04 18:16:15,984: INFO     Select description columns
2021-02-04 18:16:16,086: INFO     Format the output
2021-02-04 18:16:16,616: INFO     Number of Guides within a gene coordinates i.e. zero Feature distance: 20836
2021-02-04 18:16:17,111: INFO     creating random control guides
2021-02-04 18:16:17,463: INFO     Number of random control searched: 100
2021-02-04 18:16:17,463: INFO     Percentage of GC content in the input genome: 48.82
2021-02-04 18:16:17,463: INFO     Total length of the genome: 28.0 MB
2021-02-04 18:16:17,463: INFO     created 10 control guides with a minimum distance of 8 and a median distance of 8
2021-02-04 18:16:17,465: INFO     guidemaker completed, results are at TEST
2021-02-04 18:16:17,465: INFO     PAM sequence: NNAGAAW
2021-02-04 18:16:17,466: INFO     PAM orientation: 3prime
2021-02-04 18:16:17,466: INFO     Genome strand(s) searched: both
2021-02-04 18:16:17,466: INFO     Total PAM sites considered: 160756
2021-02-04 18:16:17,466: INFO     Guide RNA candidates found: 49328
	Command being timed: "guidemaker -i ../all_test_data/Aspergillus_fumigatus.gbk --pamseq NNAGAAW --outdir TEST --pam_orientation 3prime --guidelength 20 --strand both --lcp 11 --dist 3 --before 500 --into 500 --knum 10 --controls 10 --log GM_63828748_3.log --threads 1"
	User time (seconds): 46.68
	System time (seconds): 2.36
	Percent of CPU this job got: 104%
	Elapsed (wall clock) time (h:mm:ss or m:ss): 0:46.92
	Average shared text size (kbytes): 0
	Average unshared data size (kbytes): 0
	Average stack size (kbytes): 0
	Average total size (kbytes): 0
	Maximum resident set size (kbytes): 664812
	Average resident set size (kbytes): 0
	Major (requiring I/O) page faults: 0
	Minor (reclaiming a frame) page faults: 715666
	Voluntary context switches: 1620
	Involuntary context switches: 1135350
	Swaps: 0
	File system inputs: 24
	File system outputs: 202896
	Socket messages sent: 0
	Socket messages received: 0
	Signals delivered: 0
	Page size (bytes): 4096
	Exit status: 0
My SLURM_ARRAY_TASK_ID:  3
My TMPDIR IS:  /scratch/local/63828748
Input Genome:>>>>>>>>>>>>>>>>>>>>>>>>>>>>>>>>>>>>>>>>>>>  Aspergillus_fumigatus.gbk
Input PAM:>>>>>>>>>>>>>>>>>>>>>>>>>>>>>>>>>>>>>>>>>>>  NNAGAAW
Threads used:>>>>>>>>>>>>>>>>>>>>>>>>>>>>>>>>>>>>>>>>>>>  2
GuideMaker
2021-02-04 18:16:19,097: INFO     Temp directory is: /scratch/local/63828748/guidemaker_hjvq08k4
2021-02-04 18:16:19,097: INFO     Writing fasta file from genbank file(s)
2021-02-04 18:16:19,098: INFO     check if ../all_test_data/Aspergillus_fumigatus.gbk is gzipped
2021-02-04 18:16:22,202: INFO     Identifying PAM sites in the genome
2021-02-04 18:16:36,715: INFO     Checking guides for restriction enzymes
2021-02-04 18:16:36,757: INFO     Number of guides removed after checking for restriction enzymes: 0
2021-02-04 18:16:36,757: INFO     Identifing guides that are unique near the PAM site
2021-02-04 18:16:36,987: INFO     Number of guides removed after checking for unique PAM: 16937
2021-02-04 18:16:36,987: INFO     Indexing all potential guide sites: 160756. This is the longest step.
2021-02-04 18:16:37,750: INFO     M                   = 16
2021-02-04 18:16:37,750: INFO     indexThreadQty      = 2
2021-02-04 18:16:37,750: INFO     efConstruction      = 10
2021-02-04 18:16:37,750: INFO     maxM			          = 16
2021-02-04 18:16:37,751: INFO     maxM0			          = 32
2021-02-04 18:16:37,751: INFO     mult                = 0.360674
2021-02-04 18:16:37,751: INFO     skip_optimized_index= 0
2021-02-04 18:16:37,751: INFO     delaunay_type       = 2
2021-02-04 18:16:37,751: INFO     Set HNSW query-time parameters:
2021-02-04 18:16:37,751: INFO     ef(Search)         =20
2021-02-04 18:16:37,751: INFO     algoType           =2

0%   10   20   30   40   50   60   70   80   90   100%
|----|----|----|----|----|----|----|----|----|----|
***************************************************

0%   10   20   30   40   50   60   70   80   90   100%
|----|----|----|----|----|----|----|----|----|----|
****************************************************2021-02-04 18:16:43,807: INFO     No appropriate custom distance function for Hamming (bit-storage) space
2021-02-04 18:16:43,808: INFO     searchMethod			  = 0
2021-02-04 18:16:43,822: INFO     Identifying guides that have a hamming distance <= 3 to all other potential guides
2021-02-04 18:16:44,032: INFO     Set HNSW query-time parameters:
2021-02-04 18:16:44,033: INFO     ef(Search)         =9
2021-02-04 18:16:44,033: INFO     algoType           =2
2021-02-04 18:16:52,291: INFO     Formatting data for BedTools
2021-02-04 18:16:52,543: INFO     Create GuideMaker Annotation object
2021-02-04 18:16:52,543: INFO     Identify genomic features
2021-02-04 18:16:52,544: INFO     check if ../all_test_data/Aspergillus_fumigatus.gbk is gzipped
2021-02-04 18:16:56,370: INFO     Total number of CDS/locus in the input genome: 9630
2021-02-04 18:16:56,370: INFO     Find genomic features closest the guides
2021-02-04 18:16:58,358: INFO     Select guides that start between +500 and -500 of a feature start
2021-02-04 18:16:58,524: INFO     Select description columns
2021-02-04 18:16:58,626: INFO     Format the output
2021-02-04 18:16:59,162: INFO     Number of Guides within a gene coordinates i.e. zero Feature distance: 20831
2021-02-04 18:16:59,673: INFO     creating random control guides
2021-02-04 18:17:00,035: INFO     Number of random control searched: 100
2021-02-04 18:17:00,036: INFO     Percentage of GC content in the input genome: 48.82
2021-02-04 18:17:00,036: INFO     Total length of the genome: 28.0 MB
2021-02-04 18:17:00,036: INFO     created 10 control guides with a minimum distance of 8 and a median distance of 8
2021-02-04 18:17:00,039: INFO     guidemaker completed, results are at TEST
2021-02-04 18:17:00,039: INFO     PAM sequence: NNAGAAW
2021-02-04 18:17:00,039: INFO     PAM orientation: 3prime
2021-02-04 18:17:00,039: INFO     Genome strand(s) searched: both
2021-02-04 18:17:00,039: INFO     Total PAM sites considered: 160756
2021-02-04 18:17:00,039: INFO     Guide RNA candidates found: 49319
	Command being timed: "guidemaker -i ../all_test_data/Aspergillus_fumigatus.gbk --pamseq NNAGAAW --outdir TEST --pam_orientation 3prime --guidelength 20 --strand both --lcp 11 --dist 3 --before 500 --into 500 --knum 10 --controls 10 --log GM_63828748_3.log --threads 2"
	User time (seconds): 50.59
	System time (seconds): 3.04
	Percent of CPU this job got: 125%
	Elapsed (wall clock) time (h:mm:ss or m:ss): 0:42.62
	Average shared text size (kbytes): 0
	Average unshared data size (kbytes): 0
	Average stack size (kbytes): 0
	Average total size (kbytes): 0
	Maximum resident set size (kbytes): 717096
	Average resident set size (kbytes): 0
	Major (requiring I/O) page faults: 0
	Minor (reclaiming a frame) page faults: 839622
	Voluntary context switches: 14196
	Involuntary context switches: 398
	Swaps: 0
	File system inputs: 32
	File system outputs: 202824
	Socket messages sent: 0
	Socket messages received: 0
	Signals delivered: 0
	Page size (bytes): 4096
	Exit status: 0
My SLURM_ARRAY_TASK_ID:  3
My TMPDIR IS:  /scratch/local/63828748
Input Genome:>>>>>>>>>>>>>>>>>>>>>>>>>>>>>>>>>>>>>>>>>>>  Aspergillus_fumigatus.gbk
Input PAM:>>>>>>>>>>>>>>>>>>>>>>>>>>>>>>>>>>>>>>>>>>>  NNAGAAW
Threads used:>>>>>>>>>>>>>>>>>>>>>>>>>>>>>>>>>>>>>>>>>>>  4
GuideMaker
2021-02-04 18:17:01,485: INFO     Temp directory is: /scratch/local/63828748/guidemaker_abw1_amd
2021-02-04 18:17:01,485: INFO     Writing fasta file from genbank file(s)
2021-02-04 18:17:01,486: INFO     check if ../all_test_data/Aspergillus_fumigatus.gbk is gzipped
2021-02-04 18:17:05,043: INFO     Identifying PAM sites in the genome
2021-02-04 18:17:20,208: INFO     Checking guides for restriction enzymes
2021-02-04 18:17:20,250: INFO     Number of guides removed after checking for restriction enzymes: 0
2021-02-04 18:17:20,251: INFO     Identifing guides that are unique near the PAM site
2021-02-04 18:17:20,488: INFO     Number of guides removed after checking for unique PAM: 16937
2021-02-04 18:17:20,488: INFO     Indexing all potential guide sites: 160756. This is the longest step.
2021-02-04 18:17:21,246: INFO     M                   = 16
2021-02-04 18:17:21,246: INFO     indexThreadQty      = 4
2021-02-04 18:17:21,246: INFO     efConstruction      = 10
2021-02-04 18:17:21,246: INFO     maxM			          = 16
2021-02-04 18:17:21,246: INFO     maxM0			          = 32
2021-02-04 18:17:21,246: INFO     mult                = 0.360674
2021-02-04 18:17:21,246: INFO     skip_optimized_index= 0
2021-02-04 18:17:21,246: INFO     delaunay_type       = 2
2021-02-04 18:17:21,246: INFO     Set HNSW query-time parameters:
2021-02-04 18:17:21,246: INFO     ef(Search)         =20
2021-02-04 18:17:21,246: INFO     algoType           =2

0%   10   20   30   40   50   60   70   80   90   100%
|----|----|----|----|----|----|----|----|----|----|
***************************************************

0%   10   20   30   40   50   60   70   80   90   100%
|----|----|----|----|----|----|----|----|----|----|
****************************************************2021-02-04 18:17:24,369: INFO     No appropriate custom distance function for Hamming (bit-storage) space
2021-02-04 18:17:24,370: INFO     searchMethod			  = 0
2021-02-04 18:17:24,383: INFO     Identifying guides that have a hamming distance <= 3 to all other potential guides
2021-02-04 18:17:24,580: INFO     Set HNSW query-time parameters:
2021-02-04 18:17:24,580: INFO     ef(Search)         =9
2021-02-04 18:17:24,581: INFO     algoType           =2
2021-02-04 18:17:32,735: INFO     Formatting data for BedTools
2021-02-04 18:17:33,020: INFO     Create GuideMaker Annotation object
2021-02-04 18:17:33,020: INFO     Identify genomic features
2021-02-04 18:17:33,020: INFO     check if ../all_test_data/Aspergillus_fumigatus.gbk is gzipped
2021-02-04 18:17:36,890: INFO     Total number of CDS/locus in the input genome: 9630
2021-02-04 18:17:36,890: INFO     Find genomic features closest the guides
2021-02-04 18:17:38,920: INFO     Select guides that start between +500 and -500 of a feature start
2021-02-04 18:17:39,087: INFO     Select description columns
2021-02-04 18:17:39,189: INFO     Format the output
2021-02-04 18:17:39,716: INFO     Number of Guides within a gene coordinates i.e. zero Feature distance: 20837
2021-02-04 18:17:40,233: INFO     creating random control guides
2021-02-04 18:17:40,587: INFO     Number of random control searched: 100
2021-02-04 18:17:40,587: INFO     Percentage of GC content in the input genome: 48.82
2021-02-04 18:17:40,587: INFO     Total length of the genome: 28.0 MB
2021-02-04 18:17:40,587: INFO     created 10 control guides with a minimum distance of 8 and a median distance of 8
2021-02-04 18:17:40,590: INFO     guidemaker completed, results are at TEST
2021-02-04 18:17:40,590: INFO     PAM sequence: NNAGAAW
2021-02-04 18:17:40,590: INFO     PAM orientation: 3prime
2021-02-04 18:17:40,590: INFO     Genome strand(s) searched: both
2021-02-04 18:17:40,590: INFO     Total PAM sites considered: 160756
2021-02-04 18:17:40,590: INFO     Guide RNA candidates found: 49321
	Command being timed: "guidemaker -i ../all_test_data/Aspergillus_fumigatus.gbk --pamseq NNAGAAW --outdir TEST --pam_orientation 3prime --guidelength 20 --strand both --lcp 11 --dist 3 --before 500 --into 500 --knum 10 --controls 10 --log GM_63828748_3.log --threads 4"
	User time (seconds): 52.47
	System time (seconds): 3.18
	Percent of CPU this job got: 137%
	Elapsed (wall clock) time (h:mm:ss or m:ss): 0:40.52
	Average shared text size (kbytes): 0
	Average unshared data size (kbytes): 0
	Average stack size (kbytes): 0
	Average total size (kbytes): 0
	Maximum resident set size (kbytes): 722956
	Average resident set size (kbytes): 0
	Major (requiring I/O) page faults: 0
	Minor (reclaiming a frame) page faults: 772848
	Voluntary context switches: 32121
	Involuntary context switches: 295342
	Swaps: 0
	File system inputs: 80
	File system outputs: 202816
	Socket messages sent: 0
	Socket messages received: 0
	Signals delivered: 0
	Page size (bytes): 4096
	Exit status: 0
My SLURM_ARRAY_TASK_ID:  3
My TMPDIR IS:  /scratch/local/63828748
Input Genome:>>>>>>>>>>>>>>>>>>>>>>>>>>>>>>>>>>>>>>>>>>>  Aspergillus_fumigatus.gbk
Input PAM:>>>>>>>>>>>>>>>>>>>>>>>>>>>>>>>>>>>>>>>>>>>  NNAGAAW
Threads used:>>>>>>>>>>>>>>>>>>>>>>>>>>>>>>>>>>>>>>>>>>>  8
GuideMaker
2021-02-04 18:17:42,260: INFO     Temp directory is: /scratch/local/63828748/guidemaker_mhs6p0au
2021-02-04 18:17:42,260: INFO     Writing fasta file from genbank file(s)
2021-02-04 18:17:42,261: INFO     check if ../all_test_data/Aspergillus_fumigatus.gbk is gzipped
2021-02-04 18:17:45,388: INFO     Identifying PAM sites in the genome
2021-02-04 18:17:59,657: INFO     Checking guides for restriction enzymes
2021-02-04 18:17:59,700: INFO     Number of guides removed after checking for restriction enzymes: 0
2021-02-04 18:17:59,700: INFO     Identifing guides that are unique near the PAM site
2021-02-04 18:17:59,933: INFO     Number of guides removed after checking for unique PAM: 16937
2021-02-04 18:17:59,933: INFO     Indexing all potential guide sites: 160756. This is the longest step.
2021-02-04 18:18:00,705: INFO     M                   = 16
2021-02-04 18:18:00,705: INFO     indexThreadQty      = 8
2021-02-04 18:18:00,705: INFO     efConstruction      = 10
2021-02-04 18:18:00,705: INFO     maxM			          = 16
2021-02-04 18:18:00,705: INFO     maxM0			          = 32
2021-02-04 18:18:00,705: INFO     mult                = 0.360674
2021-02-04 18:18:00,705: INFO     skip_optimized_index= 0
2021-02-04 18:18:00,705: INFO     delaunay_type       = 2
2021-02-04 18:18:00,705: INFO     Set HNSW query-time parameters:
2021-02-04 18:18:00,706: INFO     ef(Search)         =20
2021-02-04 18:18:00,706: INFO     algoType           =2

0%   10   20   30   40   50   60   70   80   90   100%
|----|----|----|----|----|----|----|----|----|----|
***************************************************

0%   10   20   30   40   50   60   70   80   90   100%
|----|----|----|----|----|----|----|----|----|----|
*******************************************************2021-02-04 18:18:02,434: INFO     No appropriate custom distance function for Hamming (bit-storage) space
2021-02-04 18:18:02,434: INFO     searchMethod			  = 0
2021-02-04 18:18:02,442: INFO     Identifying guides that have a hamming distance <= 3 to all other potential guides
2021-02-04 18:18:02,642: INFO     Set HNSW query-time parameters:
2021-02-04 18:18:02,642: INFO     ef(Search)         =9
2021-02-04 18:18:02,642: INFO     algoType           =2
2021-02-04 18:18:09,479: INFO     Formatting data for BedTools
2021-02-04 18:18:09,730: INFO     Create GuideMaker Annotation object
2021-02-04 18:18:09,730: INFO     Identify genomic features
2021-02-04 18:18:09,731: INFO     check if ../all_test_data/Aspergillus_fumigatus.gbk is gzipped
2021-02-04 18:18:13,501: INFO     Total number of CDS/locus in the input genome: 9630
2021-02-04 18:18:13,501: INFO     Find genomic features closest the guides
2021-02-04 18:18:15,498: INFO     Select guides that start between +500 and -500 of a feature start
2021-02-04 18:18:15,663: INFO     Select description columns
2021-02-04 18:18:15,765: INFO     Format the output
2021-02-04 18:18:16,295: INFO     Number of Guides within a gene coordinates i.e. zero Feature distance: 20840
2021-02-04 18:18:16,786: INFO     creating random control guides
2021-02-04 18:18:17,142: INFO     Number of random control searched: 100
2021-02-04 18:18:17,143: INFO     Percentage of GC content in the input genome: 48.82
2021-02-04 18:18:17,143: INFO     Total length of the genome: 28.0 MB
2021-02-04 18:18:17,143: INFO     created 10 control guides with a minimum distance of 8 and a median distance of 8
2021-02-04 18:18:17,146: INFO     guidemaker completed, results are at TEST
2021-02-04 18:18:17,146: INFO     PAM sequence: NNAGAAW
2021-02-04 18:18:17,146: INFO     PAM orientation: 3prime
2021-02-04 18:18:17,146: INFO     Genome strand(s) searched: both
2021-02-04 18:18:17,146: INFO     Total PAM sites considered: 160756
2021-02-04 18:18:17,146: INFO     Guide RNA candidates found: 49327
	Command being timed: "guidemaker -i ../all_test_data/Aspergillus_fumigatus.gbk --pamseq NNAGAAW --outdir TEST --pam_orientation 3prime --guidelength 20 --strand both --lcp 11 --dist 3 --before 500 --into 500 --knum 10 --controls 10 --log GM_63828748_3.log --threads 8"
	User time (seconds): 52.03
	System time (seconds): 3.14
	Percent of CPU this job got: 150%
	Elapsed (wall clock) time (h:mm:ss or m:ss): 0:36.57
	Average shared text size (kbytes): 0
	Average unshared data size (kbytes): 0
	Average stack size (kbytes): 0
	Average total size (kbytes): 0
	Maximum resident set size (kbytes): 724228
	Average resident set size (kbytes): 0
	Major (requiring I/O) page faults: 0
	Minor (reclaiming a frame) page faults: 712249
	Voluntary context switches: 50160
	Involuntary context switches: 142531
	Swaps: 0
	File system inputs: 40
	File system outputs: 202760
	Socket messages sent: 0
	Socket messages received: 0
	Signals delivered: 0
	Page size (bytes): 4096
	Exit status: 0
My SLURM_ARRAY_TASK_ID:  3
My TMPDIR IS:  /scratch/local/63828748
Input Genome:>>>>>>>>>>>>>>>>>>>>>>>>>>>>>>>>>>>>>>>>>>>  Aspergillus_fumigatus.gbk
Input PAM:>>>>>>>>>>>>>>>>>>>>>>>>>>>>>>>>>>>>>>>>>>>  NNAGAAW
Threads used:>>>>>>>>>>>>>>>>>>>>>>>>>>>>>>>>>>>>>>>>>>>  16
GuideMaker
2021-02-04 18:18:18,557: INFO     Temp directory is: /scratch/local/63828748/guidemaker_tylql17q
2021-02-04 18:18:18,557: INFO     Writing fasta file from genbank file(s)
2021-02-04 18:18:18,557: INFO     check if ../all_test_data/Aspergillus_fumigatus.gbk is gzipped
2021-02-04 18:18:21,644: INFO     Identifying PAM sites in the genome
2021-02-04 18:18:36,087: INFO     Checking guides for restriction enzymes
2021-02-04 18:18:36,130: INFO     Number of guides removed after checking for restriction enzymes: 0
2021-02-04 18:18:36,130: INFO     Identifing guides that are unique near the PAM site
2021-02-04 18:18:36,361: INFO     Number of guides removed after checking for unique PAM: 16937
2021-02-04 18:18:36,361: INFO     Indexing all potential guide sites: 160756. This is the longest step.
2021-02-04 18:18:37,115: INFO     M                   = 16
2021-02-04 18:18:37,116: INFO     indexThreadQty      = 16
2021-02-04 18:18:37,116: INFO     efConstruction      = 10
2021-02-04 18:18:37,116: INFO     maxM			          = 16
2021-02-04 18:18:37,116: INFO     maxM0			          = 32
2021-02-04 18:18:37,116: INFO     mult                = 0.360674
2021-02-04 18:18:37,116: INFO     skip_optimized_index= 0
2021-02-04 18:18:37,116: INFO     delaunay_type       = 2
2021-02-04 18:18:37,116: INFO     Set HNSW query-time parameters:
2021-02-04 18:18:37,116: INFO     ef(Search)         =20
2021-02-04 18:18:37,116: INFO     algoType           =2

0%   10   20   30   40   50   60   70   80   90   100%
|----|----|----|----|----|----|----|----|----|----|
***************************************************

0%   10   20   30   40   50   60   70   80   90   100%
|----|----|----|----|----|----|----|----|----|----|
****************************************************2021-02-04 18:18:38,089: INFO     No appropriate custom distance function for Hamming (bit-storage) space
2021-02-04 18:18:38,089: INFO     searchMethod			  = 0
2021-02-04 18:18:38,097: INFO     Identifying guides that have a hamming distance <= 3 to all other potential guides
2021-02-04 18:18:38,330: INFO     Set HNSW query-time parameters:
2021-02-04 18:18:38,331: INFO     ef(Search)         =9
2021-02-04 18:18:38,331: INFO     algoType           =2
2021-02-04 18:18:45,155: INFO     Formatting data for BedTools
2021-02-04 18:18:45,465: INFO     Create GuideMaker Annotation object
2021-02-04 18:18:45,466: INFO     Identify genomic features
2021-02-04 18:18:45,466: INFO     check if ../all_test_data/Aspergillus_fumigatus.gbk is gzipped
2021-02-04 18:18:49,980: INFO     Total number of CDS/locus in the input genome: 9630
2021-02-04 18:18:49,980: INFO     Find genomic features closest the guides
2021-02-04 18:18:52,035: INFO     Select guides that start between +500 and -500 of a feature start
2021-02-04 18:18:52,199: INFO     Select description columns
2021-02-04 18:18:52,299: INFO     Format the output
2021-02-04 18:18:52,821: INFO     Number of Guides within a gene coordinates i.e. zero Feature distance: 20843
2021-02-04 18:18:53,356: INFO     creating random control guides
2021-02-04 18:18:53,710: INFO     Number of random control searched: 100
2021-02-04 18:18:53,710: INFO     Percentage of GC content in the input genome: 48.82
2021-02-04 18:18:53,710: INFO     Total length of the genome: 28.0 MB
2021-02-04 18:18:53,710: INFO     created 10 control guides with a minimum distance of 7 and a median distance of 8
2021-02-04 18:18:53,713: INFO     guidemaker completed, results are at TEST
2021-02-04 18:18:53,713: INFO     PAM sequence: NNAGAAW
2021-02-04 18:18:53,714: INFO     PAM orientation: 3prime
2021-02-04 18:18:53,714: INFO     Genome strand(s) searched: both
2021-02-04 18:18:53,714: INFO     Total PAM sites considered: 160756
2021-02-04 18:18:53,714: INFO     Guide RNA candidates found: 49328
	Command being timed: "guidemaker -i ../all_test_data/Aspergillus_fumigatus.gbk --pamseq NNAGAAW --outdir TEST --pam_orientation 3prime --guidelength 20 --strand both --lcp 11 --dist 3 --before 500 --into 500 --knum 10 --controls 10 --log GM_63828748_3.log --threads 16"
	User time (seconds): 54.06
	System time (seconds): 3.58
	Percent of CPU this job got: 157%
	Elapsed (wall clock) time (h:mm:ss or m:ss): 0:36.52
	Average shared text size (kbytes): 0
	Average unshared data size (kbytes): 0
	Average stack size (kbytes): 0
	Average total size (kbytes): 0
	Maximum resident set size (kbytes): 726604
	Average resident set size (kbytes): 0
	Major (requiring I/O) page faults: 0
	Minor (reclaiming a frame) page faults: 696806
	Voluntary context switches: 107763
	Involuntary context switches: 419877
	Swaps: 0
	File system inputs: 120
	File system outputs: 202856
	Socket messages sent: 0
	Socket messages received: 0
	Signals delivered: 0
	Page size (bytes): 4096
	Exit status: 0
My SLURM_ARRAY_TASK_ID:  3
My TMPDIR IS:  /scratch/local/63828748
Input Genome:>>>>>>>>>>>>>>>>>>>>>>>>>>>>>>>>>>>>>>>>>>>  Aspergillus_fumigatus.gbk
Input PAM:>>>>>>>>>>>>>>>>>>>>>>>>>>>>>>>>>>>>>>>>>>>  NNAGAAW
Threads used:>>>>>>>>>>>>>>>>>>>>>>>>>>>>>>>>>>>>>>>>>>>  32
GuideMaker
2021-02-04 18:18:55,376: INFO     Temp directory is: /scratch/local/63828748/guidemaker_mmlxwqds
2021-02-04 18:18:55,376: INFO     Writing fasta file from genbank file(s)
2021-02-04 18:18:55,377: INFO     check if ../all_test_data/Aspergillus_fumigatus.gbk is gzipped
2021-02-04 18:18:58,425: INFO     Identifying PAM sites in the genome
2021-02-04 18:19:13,653: INFO     Checking guides for restriction enzymes
2021-02-04 18:19:13,704: INFO     Number of guides removed after checking for restriction enzymes: 0
2021-02-04 18:19:13,704: INFO     Identifing guides that are unique near the PAM site
2021-02-04 18:19:13,960: INFO     Number of guides removed after checking for unique PAM: 16937
2021-02-04 18:19:13,960: INFO     Indexing all potential guide sites: 160756. This is the longest step.
2021-02-04 18:19:14,863: INFO     M                   = 16
2021-02-04 18:19:14,863: INFO     indexThreadQty      = 32
2021-02-04 18:19:14,863: INFO     efConstruction      = 10
2021-02-04 18:19:14,863: INFO     maxM			          = 16
2021-02-04 18:19:14,863: INFO     maxM0			          = 32
2021-02-04 18:19:14,864: INFO     mult                = 0.360674
2021-02-04 18:19:14,864: INFO     skip_optimized_index= 0
2021-02-04 18:19:14,864: INFO     delaunay_type       = 2
2021-02-04 18:19:14,864: INFO     Set HNSW query-time parameters:
2021-02-04 18:19:14,864: INFO     ef(Search)         =20
2021-02-04 18:19:14,864: INFO     algoType           =2

0%   10   20   30   40   50   60   70   80   90   100%
|----|----|----|----|----|----|----|----|----|----|
***************************************************

0%   10   20   30   40   50   60   70   80   90   100%
|----|----|----|----|----|----|----|----|----|----|
*******************************************************2021-02-04 18:19:15,540: INFO     No appropriate custom distance function for Hamming (bit-storage) space
2021-02-04 18:19:15,540: INFO     searchMethod			  = 0
2021-02-04 18:19:15,547: INFO     Identifying guides that have a hamming distance <= 3 to all other potential guides
2021-02-04 18:19:15,723: INFO     Set HNSW query-time parameters:
2021-02-04 18:19:15,723: INFO     ef(Search)         =9
2021-02-04 18:19:15,723: INFO     algoType           =2
2021-02-04 18:19:22,368: INFO     Formatting data for BedTools
2021-02-04 18:19:22,624: INFO     Create GuideMaker Annotation object
2021-02-04 18:19:22,624: INFO     Identify genomic features
2021-02-04 18:19:22,625: INFO     check if ../all_test_data/Aspergillus_fumigatus.gbk is gzipped
2021-02-04 18:19:26,447: INFO     Total number of CDS/locus in the input genome: 9630
2021-02-04 18:19:26,447: INFO     Find genomic features closest the guides
2021-02-04 18:19:28,444: INFO     Select guides that start between +500 and -500 of a feature start
2021-02-04 18:19:28,633: INFO     Select description columns
2021-02-04 18:19:28,737: INFO     Format the output
2021-02-04 18:19:29,271: INFO     Number of Guides within a gene coordinates i.e. zero Feature distance: 20833
2021-02-04 18:19:29,758: INFO     creating random control guides
2021-02-04 18:19:30,124: INFO     Number of random control searched: 100
2021-02-04 18:19:30,125: INFO     Percentage of GC content in the input genome: 48.82
2021-02-04 18:19:30,125: INFO     Total length of the genome: 28.0 MB
2021-02-04 18:19:30,125: INFO     created 10 control guides with a minimum distance of 8 and a median distance of 8
2021-02-04 18:19:30,128: INFO     guidemaker completed, results are at TEST
2021-02-04 18:19:30,128: INFO     PAM sequence: NNAGAAW
2021-02-04 18:19:30,128: INFO     PAM orientation: 3prime
2021-02-04 18:19:30,128: INFO     Genome strand(s) searched: both
2021-02-04 18:19:30,128: INFO     Total PAM sites considered: 160756
2021-02-04 18:19:30,128: INFO     Guide RNA candidates found: 49321
	Command being timed: "guidemaker -i ../all_test_data/Aspergillus_fumigatus.gbk --pamseq NNAGAAW --outdir TEST --pam_orientation 3prime --guidelength 20 --strand both --lcp 11 --dist 3 --before 500 --into 500 --knum 10 --controls 10 --log GM_63828748_3.log --threads 32"
	User time (seconds): 56.24
	System time (seconds): 5.09
	Percent of CPU this job got: 168%
	Elapsed (wall clock) time (h:mm:ss or m:ss): 0:36.44
	Average shared text size (kbytes): 0
	Average unshared data size (kbytes): 0
	Average stack size (kbytes): 0
	Average total size (kbytes): 0
	Maximum resident set size (kbytes): 724868
	Average resident set size (kbytes): 0
	Major (requiring I/O) page faults: 0
	Minor (reclaiming a frame) page faults: 688740
	Voluntary context switches: 238933
	Involuntary context switches: 394295
	Swaps: 0
	File system inputs: 0
	File system outputs: 202768
	Socket messages sent: 0
	Socket messages received: 0
	Signals delivered: 0
	Page size (bytes): 4096
	Exit status: 0
