Wed Aug 19 22:37:45 EDT 2020
c22b-s18.ufhpc
/blue/garrett/rp3448/analysis/guidemaker/AVXGuidemaker/GuideMaker
My SLURM_ARRAY_TASK_ID:  4
My TMPDIR IS:  /scratch/local/57684909
Input Genome:>>>>>>>>>>>>>>>>>>>>>>>>>>>>>>>>>>>>>>>>>>>  Pseudomonas_aeruginosa_PAO1_107.gbk
Threads used:>>>>>>>>>>>>>>>>>>>>>>>>>>>>>>>>>>>>>>>>>>>  1
GuideMaker
2020-08-19 22:37:49,144: INFO     Temp directory is: /scratch/local/57684909/guidemaker_1qd7_447
2020-08-19 22:37:49,145: INFO     Writing fasta file from genbank file(s)
2020-08-19 22:37:49,145: INFO     check if test/test_data/Pseudomonas_aeruginosa_PAO1_107.gbk is gzipped
/home/rp3448/.conda/envs/avx2/lib/python3.7/site-packages/Bio/GenBank/Scanner.py:1400: BiopythonParserWarning: Truncated LOCUS line found - is this correct?
:'LOCUS       NC_002516            6264404 bp    dna     circular UNK \n'
  BiopythonParserWarning,
/home/rp3448/.conda/envs/avx2/lib/python3.7/site-packages/Bio/GenBank/__init__.py:762: BiopythonParserWarning: Non-upper case molecule type in LOCUS line: dna
  BiopythonParserWarning,
2020-08-19 22:37:50,052: INFO     Identifying PAM sites in the genome
2020-08-19 22:38:15,808: INFO     Identifing guides that are unique near the PAM site
2020-08-19 22:38:17,389: INFO     Indexing all potential guide sites: 1171800. This is the longest step.
2020-08-19 22:38:22,977: INFO     M                   = 16
2020-08-19 22:38:22,977: INFO     indexThreadQty      = 1
2020-08-19 22:38:22,977: INFO     efConstruction      = 64
2020-08-19 22:38:22,978: INFO     maxM			          = 16
2020-08-19 22:38:22,978: INFO     maxM0			          = 32
2020-08-19 22:38:22,978: INFO     mult                = 0.360674
2020-08-19 22:38:22,978: INFO     skip_optimized_index= 0
2020-08-19 22:38:22,978: INFO     delaunay_type       = 2
2020-08-19 22:38:22,978: INFO     Set HNSW query-time parameters:
2020-08-19 22:38:22,978: INFO     ef(Search)         =20
2020-08-19 22:38:22,978: INFO     algoType           =2

0%   10   20   30   40   50   60   70   80   90   100%
|----|----|----|----|----|----|----|----|----|----|
***************************************************

0%   10   20   30   40   50   60   70   80   90   100%
|----|----|----|----|----|----|----|----|----|----|
***************************************************
*2020-08-19 22:48:36,625: INFO     No appropriate custom distance function for Hamming (bit-storage) space
2020-08-19 22:48:36,627: INFO     searchMethod			  = 0
2020-08-19 22:48:36,725: INFO     Identifying guides that have a hamming distance <= 3 to all other potential guides
2020-08-19 22:48:37,050: INFO     Set HNSW query-time parameters:
2020-08-19 22:48:37,050: INFO     ef(Search)         =256
2020-08-19 22:48:37,050: INFO     algoType           =2
2020-08-19 22:51:23,531: INFO     Formatting data for BedTools
2020-08-19 22:51:23,970: INFO     Create GuideMaker Annotation object
2020-08-19 22:51:23,971: INFO     Identify genomic features
2020-08-19 22:51:23,971: INFO     check if test/test_data/Pseudomonas_aeruginosa_PAO1_107.gbk is gzipped
2020-08-19 22:51:25,383: INFO     Total number of CDS/locus in the input genome: 5584
2020-08-19 22:51:25,384: INFO     Find genomic features closest the guides
2020-08-19 22:51:27,934: INFO     Select guides that start between +100 and -100 of a feature start
2020-08-19 22:51:28,121: INFO     Select description columns
2020-08-19 22:51:28,173: INFO     Format the output
2020-08-19 22:51:29,236: INFO     creating random control guides
2020-08-19 22:53:16,645: INFO     created 10 control guides with a minimum distance of 7 and a median distance of 7
2020-08-19 22:53:16,657: INFO     guidemaker completed, results are at TEST
2020-08-19 22:53:16,657: INFO     PAM sequence: NGG
2020-08-19 22:53:16,657: INFO     PAM orientation: 5prime
2020-08-19 22:53:16,657: INFO     Genome strand(s) searched: both
2020-08-19 22:53:16,657: INFO     Total PAM sites considered: 1171800
2020-08-19 22:53:16,657: INFO     Guide RNA candidates found: 45720
Number of random control searched:  100000
	Command being timed: "guidemaker -i test/test_data/Pseudomonas_aeruginosa_PAO1_107.gbk --pamseq NGG --outdir TEST --pam_orientation 5prime --guidelength 20 --strand both --lcp 10 --dist 3 --before 100 --into 100 --knum 10 --controls 10 --log GuideMaker_57684909_4.log --threads 1"
	User time (seconds): 926.70
	System time (seconds): 6.86
	Percent of CPU this job got: 100%
	Elapsed (wall clock) time (h:mm:ss or m:ss): 15:30.58
	Average shared text size (kbytes): 0
	Average unshared data size (kbytes): 0
	Average stack size (kbytes): 0
	Average total size (kbytes): 0
	Maximum resident set size (kbytes): 2742504
	Average resident set size (kbytes): 0
	Major (requiring I/O) page faults: 0
	Minor (reclaiming a frame) page faults: 6156050
	Voluntary context switches: 3125
	Involuntary context switches: 1544
	Swaps: 0
	File system inputs: 29136
	File system outputs: 185536
	Socket messages sent: 0
	Socket messages received: 0
	Signals delivered: 0
	Page size (bytes): 4096
	Exit status: 0
My SLURM_ARRAY_TASK_ID:  4
My TMPDIR IS:  /scratch/local/57684909
Input Genome:>>>>>>>>>>>>>>>>>>>>>>>>>>>>>>>>>>>>>>>>>>>  Pseudomonas_aeruginosa_PAO1_107.gbk
Threads used:>>>>>>>>>>>>>>>>>>>>>>>>>>>>>>>>>>>>>>>>>>>  2
GuideMaker
2020-08-19 22:53:19,793: INFO     Temp directory is: /scratch/local/57684909/guidemaker_9sx2nzii
2020-08-19 22:53:19,794: INFO     Writing fasta file from genbank file(s)
2020-08-19 22:53:19,794: INFO     check if test/test_data/Pseudomonas_aeruginosa_PAO1_107.gbk is gzipped
/home/rp3448/.conda/envs/avx2/lib/python3.7/site-packages/Bio/GenBank/Scanner.py:1400: BiopythonParserWarning: Truncated LOCUS line found - is this correct?
:'LOCUS       NC_002516            6264404 bp    dna     circular UNK \n'
  BiopythonParserWarning,
/home/rp3448/.conda/envs/avx2/lib/python3.7/site-packages/Bio/GenBank/__init__.py:762: BiopythonParserWarning: Non-upper case molecule type in LOCUS line: dna
  BiopythonParserWarning,
2020-08-19 22:53:20,583: INFO     Identifying PAM sites in the genome
2020-08-19 22:53:44,631: INFO     Identifing guides that are unique near the PAM site
2020-08-19 22:53:46,295: INFO     Indexing all potential guide sites: 1171800. This is the longest step.
2020-08-19 22:53:51,922: INFO     M                   = 16
2020-08-19 22:53:51,922: INFO     indexThreadQty      = 2
2020-08-19 22:53:51,923: INFO     efConstruction      = 64
2020-08-19 22:53:51,923: INFO     maxM			          = 16
2020-08-19 22:53:51,923: INFO     maxM0			          = 32
2020-08-19 22:53:51,923: INFO     mult                = 0.360674
2020-08-19 22:53:51,923: INFO     skip_optimized_index= 0
2020-08-19 22:53:51,923: INFO     delaunay_type       = 2
2020-08-19 22:53:51,923: INFO     Set HNSW query-time parameters:
2020-08-19 22:53:51,923: INFO     ef(Search)         =20
2020-08-19 22:53:51,923: INFO     algoType           =2

0%   10   20   30   40   50   60   70   80   90   100%
|----|----|----|----|----|----|----|----|----|----|
***************************************************

0%   10   20   30   40   50   60   70   80   90   100%
|----|----|----|----|----|----|----|----|----|----|
****************************************************2020-08-19 22:59:38,290: INFO     No appropriate custom distance function for Hamming (bit-storage) space
2020-08-19 22:59:38,290: INFO     searchMethod			  = 0
2020-08-19 22:59:38,396: INFO     Identifying guides that have a hamming distance <= 3 to all other potential guides
2020-08-19 22:59:38,780: INFO     Set HNSW query-time parameters:
2020-08-19 22:59:38,780: INFO     ef(Search)         =256
2020-08-19 22:59:38,780: INFO     algoType           =2
2020-08-19 23:01:21,093: INFO     Formatting data for BedTools
2020-08-19 23:01:21,501: INFO     Create GuideMaker Annotation object
2020-08-19 23:01:21,502: INFO     Identify genomic features
2020-08-19 23:01:21,502: INFO     check if test/test_data/Pseudomonas_aeruginosa_PAO1_107.gbk is gzipped
2020-08-19 23:01:22,970: INFO     Total number of CDS/locus in the input genome: 5584
2020-08-19 23:01:22,970: INFO     Find genomic features closest the guides
2020-08-19 23:01:25,605: INFO     Select guides that start between +100 and -100 of a feature start
2020-08-19 23:01:25,808: INFO     Select description columns
2020-08-19 23:01:25,859: INFO     Format the output
2020-08-19 23:01:26,981: INFO     creating random control guides
2020-08-19 23:02:34,274: INFO     created 10 control guides with a minimum distance of 7 and a median distance of 7
2020-08-19 23:02:34,280: INFO     guidemaker completed, results are at TEST
2020-08-19 23:02:34,280: INFO     PAM sequence: NGG
2020-08-19 23:02:34,280: INFO     PAM orientation: 5prime
2020-08-19 23:02:34,280: INFO     Genome strand(s) searched: both
2020-08-19 23:02:34,281: INFO     Total PAM sites considered: 1171800
2020-08-19 23:02:34,281: INFO     Guide RNA candidates found: 45720
Number of random control searched:  100000
	Command being timed: "guidemaker -i test/test_data/Pseudomonas_aeruginosa_PAO1_107.gbk --pamseq NGG --outdir TEST --pam_orientation 5prime --guidelength 20 --strand both --lcp 10 --dist 3 --before 100 --into 100 --knum 10 --controls 10 --log GuideMaker_57684909_4.log --threads 2"
	User time (seconds): 1017.07
	System time (seconds): 43.03
	Percent of CPU this job got: 189%
	Elapsed (wall clock) time (h:mm:ss or m:ss): 9:18.00
	Average shared text size (kbytes): 0
	Average unshared data size (kbytes): 0
	Average stack size (kbytes): 0
	Average total size (kbytes): 0
	Maximum resident set size (kbytes): 2858296
	Average resident set size (kbytes): 0
	Major (requiring I/O) page faults: 0
	Minor (reclaiming a frame) page faults: 25528147
	Voluntary context switches: 78024
	Involuntary context switches: 2335
	Swaps: 0
	File system inputs: 0
	File system outputs: 185376
	Socket messages sent: 0
	Socket messages received: 0
	Signals delivered: 0
	Page size (bytes): 4096
	Exit status: 0
My SLURM_ARRAY_TASK_ID:  4
My TMPDIR IS:  /scratch/local/57684909
Input Genome:>>>>>>>>>>>>>>>>>>>>>>>>>>>>>>>>>>>>>>>>>>>  Pseudomonas_aeruginosa_PAO1_107.gbk
Threads used:>>>>>>>>>>>>>>>>>>>>>>>>>>>>>>>>>>>>>>>>>>>  4
GuideMaker
2020-08-19 23:02:37,751: INFO     Temp directory is: /scratch/local/57684909/guidemaker_dampruy_
2020-08-19 23:02:37,751: INFO     Writing fasta file from genbank file(s)
2020-08-19 23:02:37,751: INFO     check if test/test_data/Pseudomonas_aeruginosa_PAO1_107.gbk is gzipped
/home/rp3448/.conda/envs/avx2/lib/python3.7/site-packages/Bio/GenBank/Scanner.py:1400: BiopythonParserWarning: Truncated LOCUS line found - is this correct?
:'LOCUS       NC_002516            6264404 bp    dna     circular UNK \n'
  BiopythonParserWarning,
/home/rp3448/.conda/envs/avx2/lib/python3.7/site-packages/Bio/GenBank/__init__.py:762: BiopythonParserWarning: Non-upper case molecule type in LOCUS line: dna
  BiopythonParserWarning,
2020-08-19 23:02:38,567: INFO     Identifying PAM sites in the genome
2020-08-19 23:03:03,489: INFO     Identifing guides that are unique near the PAM site
2020-08-19 23:03:05,001: INFO     Indexing all potential guide sites: 1171800. This is the longest step.
2020-08-19 23:03:10,513: INFO     M                   = 16
2020-08-19 23:03:10,513: INFO     indexThreadQty      = 4
2020-08-19 23:03:10,513: INFO     efConstruction      = 64
2020-08-19 23:03:10,513: INFO     maxM			          = 16
2020-08-19 23:03:10,513: INFO     maxM0			          = 32
2020-08-19 23:03:10,513: INFO     mult                = 0.360674
2020-08-19 23:03:10,513: INFO     skip_optimized_index= 0
2020-08-19 23:03:10,513: INFO     delaunay_type       = 2
2020-08-19 23:03:10,513: INFO     Set HNSW query-time parameters:
2020-08-19 23:03:10,514: INFO     ef(Search)         =20
2020-08-19 23:03:10,514: INFO     algoType           =2

0%   10   20   30   40   50   60   70   80   90   100%
|----|----|----|----|----|----|----|----|----|----|
***************************************************

0%   10   20   30   40   50   60   70   80   90   100%
|----|----|----|----|----|----|----|----|----|----|
****************************************************2020-08-19 23:06:09,843: INFO     No appropriate custom distance function for Hamming (bit-storage) space
2020-08-19 23:06:09,843: INFO     searchMethod			  = 0
2020-08-19 23:06:09,941: INFO     Identifying guides that have a hamming distance <= 3 to all other potential guides
2020-08-19 23:06:10,275: INFO     Set HNSW query-time parameters:
2020-08-19 23:06:10,275: INFO     ef(Search)         =256
2020-08-19 23:06:10,275: INFO     algoType           =2
2020-08-19 23:07:03,551: INFO     Formatting data for BedTools
2020-08-19 23:07:03,947: INFO     Create GuideMaker Annotation object
2020-08-19 23:07:03,947: INFO     Identify genomic features
2020-08-19 23:07:03,948: INFO     check if test/test_data/Pseudomonas_aeruginosa_PAO1_107.gbk is gzipped
2020-08-19 23:07:05,345: INFO     Total number of CDS/locus in the input genome: 5584
2020-08-19 23:07:05,345: INFO     Find genomic features closest the guides
2020-08-19 23:07:08,149: INFO     Select guides that start between +100 and -100 of a feature start
2020-08-19 23:07:08,342: INFO     Select description columns
2020-08-19 23:07:08,396: INFO     Format the output
2020-08-19 23:07:09,549: INFO     creating random control guides
2020-08-19 23:07:46,345: INFO     created 10 control guides with a minimum distance of 7 and a median distance of 7
2020-08-19 23:07:46,351: INFO     guidemaker completed, results are at TEST
2020-08-19 23:07:46,351: INFO     PAM sequence: NGG
2020-08-19 23:07:46,351: INFO     PAM orientation: 5prime
2020-08-19 23:07:46,351: INFO     Genome strand(s) searched: both
2020-08-19 23:07:46,351: INFO     Total PAM sites considered: 1171800
2020-08-19 23:07:46,351: INFO     Guide RNA candidates found: 45720
Number of random control searched:  100000
	Command being timed: "guidemaker -i test/test_data/Pseudomonas_aeruginosa_PAO1_107.gbk --pamseq NGG --outdir TEST --pam_orientation 5prime --guidelength 20 --strand both --lcp 10 --dist 3 --before 100 --into 100 --knum 10 --controls 10 --log GuideMaker_57684909_4.log --threads 4"
	User time (seconds): 1044.12
	System time (seconds): 30.70
	Percent of CPU this job got: 344%
	Elapsed (wall clock) time (h:mm:ss or m:ss): 5:12.13
	Average shared text size (kbytes): 0
	Average unshared data size (kbytes): 0
	Average stack size (kbytes): 0
	Average total size (kbytes): 0
	Maximum resident set size (kbytes): 2852260
	Average resident set size (kbytes): 0
	Major (requiring I/O) page faults: 0
	Minor (reclaiming a frame) page faults: 15669148
	Voluntary context switches: 170214
	Involuntary context switches: 244520
	Swaps: 0
	File system inputs: 0
	File system outputs: 185304
	Socket messages sent: 0
	Socket messages received: 0
	Signals delivered: 0
	Page size (bytes): 4096
	Exit status: 0
My SLURM_ARRAY_TASK_ID:  4
My TMPDIR IS:  /scratch/local/57684909
Input Genome:>>>>>>>>>>>>>>>>>>>>>>>>>>>>>>>>>>>>>>>>>>>  Pseudomonas_aeruginosa_PAO1_107.gbk
Threads used:>>>>>>>>>>>>>>>>>>>>>>>>>>>>>>>>>>>>>>>>>>>  8
GuideMaker
2020-08-19 23:07:49,925: INFO     Temp directory is: /scratch/local/57684909/guidemaker_rt64rt_7
2020-08-19 23:07:49,926: INFO     Writing fasta file from genbank file(s)
2020-08-19 23:07:49,926: INFO     check if test/test_data/Pseudomonas_aeruginosa_PAO1_107.gbk is gzipped
/home/rp3448/.conda/envs/avx2/lib/python3.7/site-packages/Bio/GenBank/Scanner.py:1400: BiopythonParserWarning: Truncated LOCUS line found - is this correct?
:'LOCUS       NC_002516            6264404 bp    dna     circular UNK \n'
  BiopythonParserWarning,
/home/rp3448/.conda/envs/avx2/lib/python3.7/site-packages/Bio/GenBank/__init__.py:762: BiopythonParserWarning: Non-upper case molecule type in LOCUS line: dna
  BiopythonParserWarning,
2020-08-19 23:07:50,737: INFO     Identifying PAM sites in the genome
2020-08-19 23:08:16,014: INFO     Identifing guides that are unique near the PAM site
2020-08-19 23:08:17,524: INFO     Indexing all potential guide sites: 1171800. This is the longest step.
2020-08-19 23:08:23,170: INFO     M                   = 16
2020-08-19 23:08:23,170: INFO     indexThreadQty      = 8
2020-08-19 23:08:23,171: INFO     efConstruction      = 64
2020-08-19 23:08:23,171: INFO     maxM			          = 16
2020-08-19 23:08:23,171: INFO     maxM0			          = 32
2020-08-19 23:08:23,171: INFO     mult                = 0.360674
2020-08-19 23:08:23,171: INFO     skip_optimized_index= 0
2020-08-19 23:08:23,171: INFO     delaunay_type       = 2
2020-08-19 23:08:23,171: INFO     Set HNSW query-time parameters:
2020-08-19 23:08:23,171: INFO     ef(Search)         =20
2020-08-19 23:08:23,171: INFO     algoType           =2

0%   10   20   30   40   50   60   70   80   90   100%
|----|----|----|----|----|----|----|----|----|----|
***************************************************

0%   10   20   30   40   50   60   70   80   90   100%
|----|----|----|----|----|----|----|----|----|----|
******************************************************2020-08-19 23:10:00,356: INFO     No appropriate custom distance function for Hamming (bit-storage) space
2020-08-19 23:10:00,357: INFO     searchMethod			  = 0
2020-08-19 23:10:00,449: INFO     Identifying guides that have a hamming distance <= 3 to all other potential guides
2020-08-19 23:10:00,769: INFO     Set HNSW query-time parameters:
2020-08-19 23:10:00,769: INFO     ef(Search)         =256
2020-08-19 23:10:00,769: INFO     algoType           =2
2020-08-19 23:10:33,562: INFO     Formatting data for BedTools
2020-08-19 23:10:33,977: INFO     Create GuideMaker Annotation object
2020-08-19 23:10:33,977: INFO     Identify genomic features
2020-08-19 23:10:33,979: INFO     check if test/test_data/Pseudomonas_aeruginosa_PAO1_107.gbk is gzipped
2020-08-19 23:10:35,425: INFO     Total number of CDS/locus in the input genome: 5584
2020-08-19 23:10:35,425: INFO     Find genomic features closest the guides
2020-08-19 23:10:38,061: INFO     Select guides that start between +100 and -100 of a feature start
2020-08-19 23:10:38,240: INFO     Select description columns
2020-08-19 23:10:38,292: INFO     Format the output
2020-08-19 23:10:39,490: INFO     creating random control guides
2020-08-19 23:11:02,015: INFO     created 10 control guides with a minimum distance of 7 and a median distance of 7
2020-08-19 23:11:02,025: INFO     guidemaker completed, results are at TEST
2020-08-19 23:11:02,025: INFO     PAM sequence: NGG
2020-08-19 23:11:02,025: INFO     PAM orientation: 5prime
2020-08-19 23:11:02,025: INFO     Genome strand(s) searched: both
2020-08-19 23:11:02,025: INFO     Total PAM sites considered: 1171800
2020-08-19 23:11:02,025: INFO     Guide RNA candidates found: 45720
Number of random control searched:  100000
	Command being timed: "guidemaker -i test/test_data/Pseudomonas_aeruginosa_PAO1_107.gbk --pamseq NGG --outdir TEST --pam_orientation 5prime --guidelength 20 --strand both --lcp 10 --dist 3 --before 100 --into 100 --knum 10 --controls 10 --log GuideMaker_57684909_4.log --threads 8"
	User time (seconds): 1114.40
	System time (seconds): 31.13
	Percent of CPU this job got: 585%
	Elapsed (wall clock) time (h:mm:ss or m:ss): 3:15.51
	Average shared text size (kbytes): 0
	Average unshared data size (kbytes): 0
	Average stack size (kbytes): 0
	Average total size (kbytes): 0
	Maximum resident set size (kbytes): 2881616
	Average resident set size (kbytes): 0
	Major (requiring I/O) page faults: 0
	Minor (reclaiming a frame) page faults: 13599312
	Voluntary context switches: 255144
	Involuntary context switches: 1848
	Swaps: 0
	File system inputs: 0
	File system outputs: 185240
	Socket messages sent: 0
	Socket messages received: 0
	Signals delivered: 0
	Page size (bytes): 4096
	Exit status: 0
My SLURM_ARRAY_TASK_ID:  4
My TMPDIR IS:  /scratch/local/57684909
Input Genome:>>>>>>>>>>>>>>>>>>>>>>>>>>>>>>>>>>>>>>>>>>>  Pseudomonas_aeruginosa_PAO1_107.gbk
Threads used:>>>>>>>>>>>>>>>>>>>>>>>>>>>>>>>>>>>>>>>>>>>  16
GuideMaker
2020-08-19 23:11:05,416: INFO     Temp directory is: /scratch/local/57684909/guidemaker_nu50g54f
2020-08-19 23:11:05,416: INFO     Writing fasta file from genbank file(s)
2020-08-19 23:11:05,416: INFO     check if test/test_data/Pseudomonas_aeruginosa_PAO1_107.gbk is gzipped
/home/rp3448/.conda/envs/avx2/lib/python3.7/site-packages/Bio/GenBank/Scanner.py:1400: BiopythonParserWarning: Truncated LOCUS line found - is this correct?
:'LOCUS       NC_002516            6264404 bp    dna     circular UNK \n'
  BiopythonParserWarning,
/home/rp3448/.conda/envs/avx2/lib/python3.7/site-packages/Bio/GenBank/__init__.py:762: BiopythonParserWarning: Non-upper case molecule type in LOCUS line: dna
  BiopythonParserWarning,
2020-08-19 23:11:06,232: INFO     Identifying PAM sites in the genome
2020-08-19 23:11:32,210: INFO     Identifing guides that are unique near the PAM site
2020-08-19 23:11:33,704: INFO     Indexing all potential guide sites: 1171800. This is the longest step.
2020-08-19 23:11:39,180: INFO     M                   = 16
2020-08-19 23:11:39,180: INFO     indexThreadQty      = 16
2020-08-19 23:11:39,180: INFO     efConstruction      = 64
2020-08-19 23:11:39,180: INFO     maxM			          = 16
2020-08-19 23:11:39,181: INFO     maxM0			          = 32
2020-08-19 23:11:39,181: INFO     mult                = 0.360674
2020-08-19 23:11:39,181: INFO     skip_optimized_index= 0
2020-08-19 23:11:39,181: INFO     delaunay_type       = 2
2020-08-19 23:11:39,181: INFO     Set HNSW query-time parameters:
2020-08-19 23:11:39,181: INFO     ef(Search)         =20
2020-08-19 23:11:39,181: INFO     algoType           =2

0%   10   20   30   40   50   60   70   80   90   100%
|----|----|----|----|----|----|----|----|----|----|
***************************************************

0%   10   20   30   40   50   60   70   80   90   100%
|----|----|----|----|----|----|----|----|----|----|
****************************************************

2020-08-19 23:12:33,775: INFO     No appropriate custom distance function for Hamming (bit-storage) space
2020-08-19 23:12:33,775: INFO     searchMethod			  = 0
2020-08-19 23:12:33,885: INFO     Identifying guides that have a hamming distance <= 3 to all other potential guides
2020-08-19 23:12:34,290: INFO     Set HNSW query-time parameters:
2020-08-19 23:12:34,291: INFO     ef(Search)         =256
2020-08-19 23:12:34,291: INFO     algoType           =2
2020-08-19 23:12:55,493: INFO     Formatting data for BedTools
2020-08-19 23:12:55,878: INFO     Create GuideMaker Annotation object
2020-08-19 23:12:55,878: INFO     Identify genomic features
2020-08-19 23:12:55,879: INFO     check if test/test_data/Pseudomonas_aeruginosa_PAO1_107.gbk is gzipped
2020-08-19 23:12:57,259: INFO     Total number of CDS/locus in the input genome: 5584
2020-08-19 23:12:57,259: INFO     Find genomic features closest the guides
2020-08-19 23:13:00,243: INFO     Select guides that start between +100 and -100 of a feature start
2020-08-19 23:13:00,442: INFO     Select description columns
2020-08-19 23:13:00,495: INFO     Format the output
2020-08-19 23:13:01,609: INFO     creating random control guides
2020-08-19 23:13:16,952: INFO     created 10 control guides with a minimum distance of 7 and a median distance of 7
2020-08-19 23:13:16,955: INFO     guidemaker completed, results are at TEST
2020-08-19 23:13:16,955: INFO     PAM sequence: NGG
2020-08-19 23:13:16,955: INFO     PAM orientation: 5prime
2020-08-19 23:13:16,955: INFO     Genome strand(s) searched: both
2020-08-19 23:13:16,955: INFO     Total PAM sites considered: 1171800
2020-08-19 23:13:16,955: INFO     Guide RNA candidates found: 45720
Number of random control searched:  100000
	Command being timed: "guidemaker -i test/test_data/Pseudomonas_aeruginosa_PAO1_107.gbk --pamseq NGG --outdir TEST --pam_orientation 5prime --guidelength 20 --strand both --lcp 10 --dist 3 --before 100 --into 100 --knum 10 --controls 10 --log GuideMaker_57684909_4.log --threads 16"
	User time (seconds): 1214.03
	System time (seconds): 42.15
	Percent of CPU this job got: 930%
	Elapsed (wall clock) time (h:mm:ss or m:ss): 2:14.94
	Average shared text size (kbytes): 0
	Average unshared data size (kbytes): 0
	Average stack size (kbytes): 0
	Average total size (kbytes): 0
	Maximum resident set size (kbytes): 2924304
	Average resident set size (kbytes): 0
	Major (requiring I/O) page faults: 0
	Minor (reclaiming a frame) page faults: 11407923
	Voluntary context switches: 430669
	Involuntary context switches: 292030
	Swaps: 0
	File system inputs: 0
	File system outputs: 185216
	Socket messages sent: 0
	Socket messages received: 0
	Signals delivered: 0
	Page size (bytes): 4096
	Exit status: 0
My SLURM_ARRAY_TASK_ID:  4
My TMPDIR IS:  /scratch/local/57684909
Input Genome:>>>>>>>>>>>>>>>>>>>>>>>>>>>>>>>>>>>>>>>>>>>  Pseudomonas_aeruginosa_PAO1_107.gbk
Threads used:>>>>>>>>>>>>>>>>>>>>>>>>>>>>>>>>>>>>>>>>>>>  32
GuideMaker
2020-08-19 23:13:20,423: INFO     Temp directory is: /scratch/local/57684909/guidemaker_9ladhllq
2020-08-19 23:13:20,423: INFO     Writing fasta file from genbank file(s)
2020-08-19 23:13:20,423: INFO     check if test/test_data/Pseudomonas_aeruginosa_PAO1_107.gbk is gzipped
/home/rp3448/.conda/envs/avx2/lib/python3.7/site-packages/Bio/GenBank/Scanner.py:1400: BiopythonParserWarning: Truncated LOCUS line found - is this correct?
:'LOCUS       NC_002516            6264404 bp    dna     circular UNK \n'
  BiopythonParserWarning,
/home/rp3448/.conda/envs/avx2/lib/python3.7/site-packages/Bio/GenBank/__init__.py:762: BiopythonParserWarning: Non-upper case molecule type in LOCUS line: dna
  BiopythonParserWarning,
2020-08-19 23:13:21,225: INFO     Identifying PAM sites in the genome
2020-08-19 23:13:46,584: INFO     Identifing guides that are unique near the PAM site
2020-08-19 23:13:48,108: INFO     Indexing all potential guide sites: 1171800. This is the longest step.
2020-08-19 23:13:53,628: INFO     M                   = 16
2020-08-19 23:13:53,628: INFO     indexThreadQty      = 32
2020-08-19 23:13:53,629: INFO     efConstruction      = 64
2020-08-19 23:13:53,629: INFO     maxM			          = 16
2020-08-19 23:13:53,629: INFO     maxM0			          = 32
2020-08-19 23:13:53,629: INFO     mult                = 0.360674
2020-08-19 23:13:53,629: INFO     skip_optimized_index= 0
2020-08-19 23:13:53,629: INFO     delaunay_type       = 2
2020-08-19 23:13:53,629: INFO     Set HNSW query-time parameters:
2020-08-19 23:13:53,629: INFO     ef(Search)         =20
2020-08-19 23:13:53,629: INFO     algoType           =2

0%   10   20   30   40   50   60   70   80   90   100%
|----|----|----|----|----|----|----|----|----|----|
***************************************************

0%   10   20   30   40   50   60   70   80   90   100%
|----|----|----|----|----|----|----|----|----|----|
****************************************************2020-08-19 23:14:24,416: INFO     No appropriate custom distance function for Hamming (bit-storage) space
2020-08-19 23:14:24,417: INFO     searchMethod			  = 0
2020-08-19 23:14:24,513: INFO     Identifying guides that have a hamming distance <= 3 to all other potential guides
2020-08-19 23:14:24,840: INFO     Set HNSW query-time parameters:
2020-08-19 23:14:24,840: INFO     ef(Search)         =256
2020-08-19 23:14:24,840: INFO     algoType           =2
2020-08-19 23:14:41,281: INFO     Formatting data for BedTools
2020-08-19 23:14:41,668: INFO     Create GuideMaker Annotation object
2020-08-19 23:14:41,668: INFO     Identify genomic features
2020-08-19 23:14:41,669: INFO     check if test/test_data/Pseudomonas_aeruginosa_PAO1_107.gbk is gzipped
2020-08-19 23:14:43,064: INFO     Total number of CDS/locus in the input genome: 5584
2020-08-19 23:14:43,064: INFO     Find genomic features closest the guides
2020-08-19 23:14:45,699: INFO     Select guides that start between +100 and -100 of a feature start
2020-08-19 23:14:45,902: INFO     Select description columns
2020-08-19 23:14:45,950: INFO     Format the output
2020-08-19 23:14:46,997: INFO     creating random control guides
2020-08-19 23:14:59,050: INFO     created 10 control guides with a minimum distance of 7 and a median distance of 7
2020-08-19 23:14:59,053: INFO     guidemaker completed, results are at TEST
2020-08-19 23:14:59,053: INFO     PAM sequence: NGG
2020-08-19 23:14:59,053: INFO     PAM orientation: 5prime
2020-08-19 23:14:59,053: INFO     Genome strand(s) searched: both
2020-08-19 23:14:59,053: INFO     Total PAM sites considered: 1171800
2020-08-19 23:14:59,053: INFO     Guide RNA candidates found: 45720
Number of random control searched:  100000
	Command being timed: "guidemaker -i test/test_data/Pseudomonas_aeruginosa_PAO1_107.gbk --pamseq NGG --outdir TEST --pam_orientation 5prime --guidelength 20 --strand both --lcp 10 --dist 3 --before 100 --into 100 --knum 10 --controls 10 --log GuideMaker_57684909_4.log --threads 32"
	User time (seconds): 1367.25
	System time (seconds): 54.63
	Percent of CPU this job got: 1384%
	Elapsed (wall clock) time (h:mm:ss or m:ss): 1:42.72
	Average shared text size (kbytes): 0
	Average unshared data size (kbytes): 0
	Average stack size (kbytes): 0
	Average total size (kbytes): 0
	Maximum resident set size (kbytes): 2965268
	Average resident set size (kbytes): 0
	Major (requiring I/O) page faults: 0
	Minor (reclaiming a frame) page faults: 8475576
	Voluntary context switches: 805529
	Involuntary context switches: 57344
	Swaps: 0
	File system inputs: 0
	File system outputs: 185176
	Socket messages sent: 0
	Socket messages received: 0
	Signals delivered: 0
	Page size (bytes): 4096
	Exit status: 0
