Thu Feb  4 18:14:17 EST 2021
c26b-s7.ufhpc
/blue/garrett/rp3448/analysis/guidemaker/AVXGuidemaker
My SLURM_ARRAY_TASK_ID:  1
My TMPDIR IS:  /scratch/local/63828729
Input Genome:>>>>>>>>>>>>>>>>>>>>>>>>>>>>>>>>>>>>>>>>>>>  Burkholderia_thailandensis_E264_ATCC_700388_133.gbk
Input PAM:>>>>>>>>>>>>>>>>>>>>>>>>>>>>>>>>>>>>>>>>>>>  NNAGAAW
Threads used:>>>>>>>>>>>>>>>>>>>>>>>>>>>>>>>>>>>>>>>>>>>  1
GuideMaker
2021-02-04 18:14:19,434: INFO     Temp directory is: /scratch/local/63828729/guidemaker_gdgt_zi9
2021-02-04 18:14:19,435: INFO     Writing fasta file from genbank file(s)
2021-02-04 18:14:19,435: INFO     check if ../all_test_data/Burkholderia_thailandensis_E264_ATCC_700388_133.gbk is gzipped
2021-02-04 18:14:20,160: INFO     Identifying PAM sites in the genome
2021-02-04 18:14:22,840: INFO     Checking guides for restriction enzymes
2021-02-04 18:14:22,843: INFO     Number of guides removed after checking for restriction enzymes: 0
2021-02-04 18:14:22,843: INFO     Identifing guides that are unique near the PAM site
2021-02-04 18:14:22,851: INFO     Number of guides removed after checking for unique PAM: 422
2021-02-04 18:14:22,851: INFO     Indexing all potential guide sites: 8607. This is the longest step.
2021-02-04 18:14:22,891: INFO     M                   = 16
2021-02-04 18:14:22,891: INFO     indexThreadQty      = 1
2021-02-04 18:14:22,891: INFO     efConstruction      = 10
2021-02-04 18:14:22,891: INFO     maxM			          = 16
2021-02-04 18:14:22,891: INFO     maxM0			          = 32
2021-02-04 18:14:22,891: INFO     mult                = 0.360674
2021-02-04 18:14:22,891: INFO     skip_optimized_index= 0
2021-02-04 18:14:22,891: INFO     delaunay_type       = 2
2021-02-04 18:14:22,891: INFO     Set HNSW query-time parameters:
2021-02-04 18:14:22,891: INFO     ef(Search)         =20
2021-02-04 18:14:22,891: INFO     algoType           =2

0%   10   20   30   40   50   60   70   80   90   100%
|----|----|----|----|----|----|----|----|----|----|
***************************************************

0%   10   20   30   40   50   60   70   80   90   100%
|----|----|----|----|----|----|----|----|----|----|
***************************************************
*2021-02-04 18:14:23,145: INFO     No appropriate custom distance function for Hamming (bit-storage) space
2021-02-04 18:14:23,145: INFO     searchMethod			  = 0
2021-02-04 18:14:23,146: INFO     Identifying guides that have a hamming distance <= 3 to all other potential guides
2021-02-04 18:14:23,157: INFO     Set HNSW query-time parameters:
2021-02-04 18:14:23,157: INFO     ef(Search)         =9
2021-02-04 18:14:23,157: INFO     algoType           =2
2021-02-04 18:14:23,526: INFO     Formatting data for BedTools
2021-02-04 18:14:23,543: INFO     Create GuideMaker Annotation object
2021-02-04 18:14:23,543: INFO     Identify genomic features
2021-02-04 18:14:23,544: INFO     check if ../all_test_data/Burkholderia_thailandensis_E264_ATCC_700388_133.gbk is gzipped
2021-02-04 18:14:24,324: INFO     Total number of CDS/locus in the input genome: 5633
2021-02-04 18:14:24,324: INFO     Find genomic features closest the guides
2021-02-04 18:14:24,524: INFO     Select guides that start between +500 and -500 of a feature start
2021-02-04 18:14:24,585: INFO     Select description columns
2021-02-04 18:14:24,635: INFO     Format the output
2021-02-04 18:14:24,699: INFO     Number of Guides within a gene coordinates i.e. zero Feature distance: 3304
2021-02-04 18:14:24,763: INFO     creating random control guides
2021-02-04 18:14:24,853: INFO     Number of random control searched: 100
2021-02-04 18:14:24,853: INFO     Percentage of GC content in the input genome: 67.63
2021-02-04 18:14:24,853: INFO     Total length of the genome: 6.4 MB
2021-02-04 18:14:24,853: INFO     created 10 control guides with a minimum distance of 8 and a median distance of 8
2021-02-04 18:14:24,856: INFO     guidemaker completed, results are at TEST
2021-02-04 18:14:24,856: INFO     PAM sequence: NNAGAAW
2021-02-04 18:14:24,856: INFO     PAM orientation: 3prime
2021-02-04 18:14:24,856: INFO     Genome strand(s) searched: both
2021-02-04 18:14:24,856: INFO     Total PAM sites considered: 8607
2021-02-04 18:14:24,856: INFO     Guide RNA candidates found: 6330
	Command being timed: "guidemaker -i ../all_test_data/Burkholderia_thailandensis_E264_ATCC_700388_133.gbk --pamseq NNAGAAW --outdir TEST --pam_orientation 3prime --guidelength 20 --strand both --lcp 11 --dist 3 --before 500 --into 500 --knum 10 --controls 10 --log GM_63828729_1.log --threads 1"
	User time (seconds): 7.74
	System time (seconds): 1.92
	Percent of CPU this job got: 152%
	Elapsed (wall clock) time (h:mm:ss or m:ss): 0:06.35
	Average shared text size (kbytes): 0
	Average unshared data size (kbytes): 0
	Average stack size (kbytes): 0
	Average total size (kbytes): 0
	Maximum resident set size (kbytes): 138132
	Average resident set size (kbytes): 0
	Major (requiring I/O) page faults: 0
	Minor (reclaiming a frame) page faults: 173570
	Voluntary context switches: 1516
	Involuntary context switches: 100249
	Swaps: 0
	File system inputs: 0
	File system outputs: 25744
	Socket messages sent: 0
	Socket messages received: 0
	Signals delivered: 0
	Page size (bytes): 4096
	Exit status: 0
My SLURM_ARRAY_TASK_ID:  1
My TMPDIR IS:  /scratch/local/63828729
Input Genome:>>>>>>>>>>>>>>>>>>>>>>>>>>>>>>>>>>>>>>>>>>>  Burkholderia_thailandensis_E264_ATCC_700388_133.gbk
Input PAM:>>>>>>>>>>>>>>>>>>>>>>>>>>>>>>>>>>>>>>>>>>>  NNAGAAW
Threads used:>>>>>>>>>>>>>>>>>>>>>>>>>>>>>>>>>>>>>>>>>>>  2
GuideMaker
2021-02-04 18:14:26,085: INFO     Temp directory is: /scratch/local/63828729/guidemaker_mvvk86_8
2021-02-04 18:14:26,086: INFO     Writing fasta file from genbank file(s)
2021-02-04 18:14:26,086: INFO     check if ../all_test_data/Burkholderia_thailandensis_E264_ATCC_700388_133.gbk is gzipped
2021-02-04 18:14:26,825: INFO     Identifying PAM sites in the genome
2021-02-04 18:14:29,495: INFO     Checking guides for restriction enzymes
2021-02-04 18:14:29,497: INFO     Number of guides removed after checking for restriction enzymes: 0
2021-02-04 18:14:29,498: INFO     Identifing guides that are unique near the PAM site
2021-02-04 18:14:29,505: INFO     Number of guides removed after checking for unique PAM: 422
2021-02-04 18:14:29,505: INFO     Indexing all potential guide sites: 8607. This is the longest step.
2021-02-04 18:14:29,545: INFO     M                   = 16
2021-02-04 18:14:29,545: INFO     indexThreadQty      = 2
2021-02-04 18:14:29,545: INFO     efConstruction      = 10
2021-02-04 18:14:29,545: INFO     maxM			          = 16
2021-02-04 18:14:29,545: INFO     maxM0			          = 32
2021-02-04 18:14:29,545: INFO     mult                = 0.360674
2021-02-04 18:14:29,545: INFO     skip_optimized_index= 0
2021-02-04 18:14:29,545: INFO     delaunay_type       = 2
2021-02-04 18:14:29,545: INFO     Set HNSW query-time parameters:
2021-02-04 18:14:29,545: INFO     ef(Search)         =20
2021-02-04 18:14:29,545: INFO     algoType           =2

0%   10   20   30   40   50   60   70   80   90   100%
|----|----|----|----|----|----|----|----|----|----|
***************************************************

0%   10   20   30   40   50   60   70   80   90   100%
|----|----|----|----|----|----|----|----|----|----|
****************************************************2021-02-04 18:14:29,706: INFO     No appropriate custom distance function for Hamming (bit-storage) space
2021-02-04 18:14:29,706: INFO     searchMethod			  = 0
2021-02-04 18:14:29,707: INFO     Identifying guides that have a hamming distance <= 3 to all other potential guides
2021-02-04 18:14:29,716: INFO     Set HNSW query-time parameters:
2021-02-04 18:14:29,716: INFO     ef(Search)         =9
2021-02-04 18:14:29,716: INFO     algoType           =2
2021-02-04 18:14:30,082: INFO     Formatting data for BedTools
2021-02-04 18:14:30,098: INFO     Create GuideMaker Annotation object
2021-02-04 18:14:30,098: INFO     Identify genomic features
2021-02-04 18:14:30,098: INFO     check if ../all_test_data/Burkholderia_thailandensis_E264_ATCC_700388_133.gbk is gzipped
2021-02-04 18:14:30,873: INFO     Total number of CDS/locus in the input genome: 5633
2021-02-04 18:14:30,873: INFO     Find genomic features closest the guides
2021-02-04 18:14:31,074: INFO     Select guides that start between +500 and -500 of a feature start
2021-02-04 18:14:31,134: INFO     Select description columns
2021-02-04 18:14:31,184: INFO     Format the output
2021-02-04 18:14:31,248: INFO     Number of Guides within a gene coordinates i.e. zero Feature distance: 3304
2021-02-04 18:14:31,334: INFO     creating random control guides
2021-02-04 18:14:31,427: INFO     Number of random control searched: 100
2021-02-04 18:14:31,427: INFO     Percentage of GC content in the input genome: 67.63
2021-02-04 18:14:31,427: INFO     Total length of the genome: 6.4 MB
2021-02-04 18:14:31,427: INFO     created 10 control guides with a minimum distance of 8 and a median distance of 8
2021-02-04 18:14:31,428: INFO     guidemaker completed, results are at TEST
2021-02-04 18:14:31,428: INFO     PAM sequence: NNAGAAW
2021-02-04 18:14:31,428: INFO     PAM orientation: 3prime
2021-02-04 18:14:31,429: INFO     Genome strand(s) searched: both
2021-02-04 18:14:31,429: INFO     Total PAM sites considered: 8607
2021-02-04 18:14:31,429: INFO     Guide RNA candidates found: 6330
	Command being timed: "guidemaker -i ../all_test_data/Burkholderia_thailandensis_E264_ATCC_700388_133.gbk --pamseq NNAGAAW --outdir TEST --pam_orientation 3prime --guidelength 20 --strand both --lcp 11 --dist 3 --before 500 --into 500 --knum 10 --controls 10 --log GM_63828729_1.log --threads 2"
	User time (seconds): 7.27
	System time (seconds): 1.92
	Percent of CPU this job got: 140%
	Elapsed (wall clock) time (h:mm:ss or m:ss): 0:06.57
	Average shared text size (kbytes): 0
	Average unshared data size (kbytes): 0
	Average stack size (kbytes): 0
	Average total size (kbytes): 0
	Maximum resident set size (kbytes): 141616
	Average resident set size (kbytes): 0
	Major (requiring I/O) page faults: 0
	Minor (reclaiming a frame) page faults: 187799
	Voluntary context switches: 3891
	Involuntary context switches: 781735
	Swaps: 0
	File system inputs: 8
	File system outputs: 25744
	Socket messages sent: 0
	Socket messages received: 0
	Signals delivered: 0
	Page size (bytes): 4096
	Exit status: 0
My SLURM_ARRAY_TASK_ID:  1
My TMPDIR IS:  /scratch/local/63828729
Input Genome:>>>>>>>>>>>>>>>>>>>>>>>>>>>>>>>>>>>>>>>>>>>  Burkholderia_thailandensis_E264_ATCC_700388_133.gbk
Input PAM:>>>>>>>>>>>>>>>>>>>>>>>>>>>>>>>>>>>>>>>>>>>  NNAGAAW
Threads used:>>>>>>>>>>>>>>>>>>>>>>>>>>>>>>>>>>>>>>>>>>>  4
GuideMaker
2021-02-04 18:14:32,461: INFO     Temp directory is: /scratch/local/63828729/guidemaker_pihm05pn
2021-02-04 18:14:32,461: INFO     Writing fasta file from genbank file(s)
2021-02-04 18:14:32,461: INFO     check if ../all_test_data/Burkholderia_thailandensis_E264_ATCC_700388_133.gbk is gzipped
2021-02-04 18:14:33,196: INFO     Identifying PAM sites in the genome
2021-02-04 18:14:35,830: INFO     Checking guides for restriction enzymes
2021-02-04 18:14:35,832: INFO     Number of guides removed after checking for restriction enzymes: 0
2021-02-04 18:14:35,832: INFO     Identifing guides that are unique near the PAM site
2021-02-04 18:14:35,840: INFO     Number of guides removed after checking for unique PAM: 422
2021-02-04 18:14:35,840: INFO     Indexing all potential guide sites: 8607. This is the longest step.
2021-02-04 18:14:35,882: INFO     M                   = 16
2021-02-04 18:14:35,882: INFO     indexThreadQty      = 4
2021-02-04 18:14:35,882: INFO     efConstruction      = 10
2021-02-04 18:14:35,882: INFO     maxM			          = 16
2021-02-04 18:14:35,882: INFO     maxM0			          = 32
2021-02-04 18:14:35,882: INFO     mult                = 0.360674
2021-02-04 18:14:35,883: INFO     skip_optimized_index= 0
2021-02-04 18:14:35,883: INFO     delaunay_type       = 2
2021-02-04 18:14:35,883: INFO     Set HNSW query-time parameters:
2021-02-04 18:14:35,883: INFO     ef(Search)         =20
2021-02-04 18:14:35,883: INFO     algoType           =2

0%   10   20   30   40   50   60   70   80   90   100%
|----|----|----|----|----|----|----|----|----|----|
***************************************************

0%   10   20   30   40   50   60   70   80   90   100%
|----|----|----|----|----|----|----|----|----|----|
****************************************************2021-02-04 18:14:35,991: INFO     No appropriate custom distance function for Hamming (bit-storage) space
2021-02-04 18:14:35,991: INFO     searchMethod			  = 0
2021-02-04 18:14:35,992: INFO     Identifying guides that have a hamming distance <= 3 to all other potential guides
2021-02-04 18:14:36,003: INFO     Set HNSW query-time parameters:
2021-02-04 18:14:36,003: INFO     ef(Search)         =9
2021-02-04 18:14:36,003: INFO     algoType           =2
2021-02-04 18:14:36,360: INFO     Formatting data for BedTools
2021-02-04 18:14:36,376: INFO     Create GuideMaker Annotation object
2021-02-04 18:14:36,376: INFO     Identify genomic features
2021-02-04 18:14:36,377: INFO     check if ../all_test_data/Burkholderia_thailandensis_E264_ATCC_700388_133.gbk is gzipped
2021-02-04 18:14:37,160: INFO     Total number of CDS/locus in the input genome: 5633
2021-02-04 18:14:37,160: INFO     Find genomic features closest the guides
2021-02-04 18:14:37,355: INFO     Select guides that start between +500 and -500 of a feature start
2021-02-04 18:14:37,417: INFO     Select description columns
2021-02-04 18:14:37,467: INFO     Format the output
2021-02-04 18:14:37,530: INFO     Number of Guides within a gene coordinates i.e. zero Feature distance: 3304
2021-02-04 18:14:37,593: INFO     creating random control guides
2021-02-04 18:14:37,683: INFO     Number of random control searched: 100
2021-02-04 18:14:37,684: INFO     Percentage of GC content in the input genome: 67.63
2021-02-04 18:14:37,684: INFO     Total length of the genome: 6.4 MB
2021-02-04 18:14:37,684: INFO     created 10 control guides with a minimum distance of 8 and a median distance of 8
2021-02-04 18:14:37,686: INFO     guidemaker completed, results are at TEST
2021-02-04 18:14:37,686: INFO     PAM sequence: NNAGAAW
2021-02-04 18:14:37,686: INFO     PAM orientation: 3prime
2021-02-04 18:14:37,686: INFO     Genome strand(s) searched: both
2021-02-04 18:14:37,686: INFO     Total PAM sites considered: 8607
2021-02-04 18:14:37,686: INFO     Guide RNA candidates found: 6330
	Command being timed: "guidemaker -i ../all_test_data/Burkholderia_thailandensis_E264_ATCC_700388_133.gbk --pamseq NNAGAAW --outdir TEST --pam_orientation 3prime --guidelength 20 --strand both --lcp 11 --dist 3 --before 500 --into 500 --knum 10 --controls 10 --log GM_63828729_1.log --threads 4"
	User time (seconds): 8.16
	System time (seconds): 1.82
	Percent of CPU this job got: 159%
	Elapsed (wall clock) time (h:mm:ss or m:ss): 0:06.25
	Average shared text size (kbytes): 0
	Average unshared data size (kbytes): 0
	Average stack size (kbytes): 0
	Average total size (kbytes): 0
	Maximum resident set size (kbytes): 141664
	Average resident set size (kbytes): 0
	Major (requiring I/O) page faults: 0
	Minor (reclaiming a frame) page faults: 161506
	Voluntary context switches: 5399
	Involuntary context switches: 278
	Swaps: 0
	File system inputs: 0
	File system outputs: 25744
	Socket messages sent: 0
	Socket messages received: 0
	Signals delivered: 0
	Page size (bytes): 4096
	Exit status: 0
My SLURM_ARRAY_TASK_ID:  1
My TMPDIR IS:  /scratch/local/63828729
Input Genome:>>>>>>>>>>>>>>>>>>>>>>>>>>>>>>>>>>>>>>>>>>>  Burkholderia_thailandensis_E264_ATCC_700388_133.gbk
Input PAM:>>>>>>>>>>>>>>>>>>>>>>>>>>>>>>>>>>>>>>>>>>>  NNAGAAW
Threads used:>>>>>>>>>>>>>>>>>>>>>>>>>>>>>>>>>>>>>>>>>>>  8
GuideMaker
2021-02-04 18:14:38,743: INFO     Temp directory is: /scratch/local/63828729/guidemaker_jg1i9p_z
2021-02-04 18:14:38,744: INFO     Writing fasta file from genbank file(s)
2021-02-04 18:14:38,744: INFO     check if ../all_test_data/Burkholderia_thailandensis_E264_ATCC_700388_133.gbk is gzipped
2021-02-04 18:14:39,514: INFO     Identifying PAM sites in the genome
2021-02-04 18:14:42,135: INFO     Checking guides for restriction enzymes
2021-02-04 18:14:42,137: INFO     Number of guides removed after checking for restriction enzymes: 0
2021-02-04 18:14:42,138: INFO     Identifing guides that are unique near the PAM site
2021-02-04 18:14:42,145: INFO     Number of guides removed after checking for unique PAM: 422
2021-02-04 18:14:42,145: INFO     Indexing all potential guide sites: 8607. This is the longest step.
2021-02-04 18:14:42,186: INFO     M                   = 16
2021-02-04 18:14:42,186: INFO     indexThreadQty      = 8
2021-02-04 18:14:42,186: INFO     efConstruction      = 10
2021-02-04 18:14:42,186: INFO     maxM			          = 16
2021-02-04 18:14:42,187: INFO     maxM0			          = 32
2021-02-04 18:14:42,187: INFO     mult                = 0.360674
2021-02-04 18:14:42,187: INFO     skip_optimized_index= 0
2021-02-04 18:14:42,187: INFO     delaunay_type       = 2
2021-02-04 18:14:42,187: INFO     Set HNSW query-time parameters:
2021-02-04 18:14:42,187: INFO     ef(Search)         =20
2021-02-04 18:14:42,187: INFO     algoType           =2

0%   10   20   30   40   50   60   70   80   90   100%
|----|----|----|----|----|----|----|----|----|----|
***************************************************

0%   10   20   30   40   50   60   70   80   90   100%
|----|----|----|----|----|----|----|----|----|----|
*******************************************************2021-02-04 18:14:42,252: INFO     No appropriate custom distance function for Hamming (bit-storage) space
2021-02-04 18:14:42,253: INFO     searchMethod			  = 0
2021-02-04 18:14:42,253: INFO     Identifying guides that have a hamming distance <= 3 to all other potential guides
2021-02-04 18:14:42,264: INFO     Set HNSW query-time parameters:
2021-02-04 18:14:42,264: INFO     ef(Search)         =9
2021-02-04 18:14:42,265: INFO     algoType           =2
2021-02-04 18:14:42,594: INFO     Formatting data for BedTools
2021-02-04 18:14:42,610: INFO     Create GuideMaker Annotation object
2021-02-04 18:14:42,610: INFO     Identify genomic features
2021-02-04 18:14:42,610: INFO     check if ../all_test_data/Burkholderia_thailandensis_E264_ATCC_700388_133.gbk is gzipped
2021-02-04 18:14:43,429: INFO     Total number of CDS/locus in the input genome: 5633
2021-02-04 18:14:43,429: INFO     Find genomic features closest the guides
2021-02-04 18:14:43,632: INFO     Select guides that start between +500 and -500 of a feature start
2021-02-04 18:14:43,697: INFO     Select description columns
2021-02-04 18:14:43,749: INFO     Format the output
2021-02-04 18:14:43,813: INFO     Number of Guides within a gene coordinates i.e. zero Feature distance: 3304
2021-02-04 18:14:43,877: INFO     creating random control guides
2021-02-04 18:14:43,968: INFO     Number of random control searched: 100
2021-02-04 18:14:43,969: INFO     Percentage of GC content in the input genome: 67.63
2021-02-04 18:14:43,969: INFO     Total length of the genome: 6.4 MB
2021-02-04 18:14:43,969: INFO     created 10 control guides with a minimum distance of 8 and a median distance of 8
2021-02-04 18:14:43,971: INFO     guidemaker completed, results are at TEST
2021-02-04 18:14:43,971: INFO     PAM sequence: NNAGAAW
2021-02-04 18:14:43,971: INFO     PAM orientation: 3prime
2021-02-04 18:14:43,971: INFO     Genome strand(s) searched: both
2021-02-04 18:14:43,971: INFO     Total PAM sites considered: 8607
2021-02-04 18:14:43,971: INFO     Guide RNA candidates found: 6330
	Command being timed: "guidemaker -i ../all_test_data/Burkholderia_thailandensis_E264_ATCC_700388_133.gbk --pamseq NNAGAAW --outdir TEST --pam_orientation 3prime --guidelength 20 --strand both --lcp 11 --dist 3 --before 500 --into 500 --knum 10 --controls 10 --log GM_63828729_1.log --threads 8"
	User time (seconds): 7.94
	System time (seconds): 1.89
	Percent of CPU this job got: 156%
	Elapsed (wall clock) time (h:mm:ss or m:ss): 0:06.27
	Average shared text size (kbytes): 0
	Average unshared data size (kbytes): 0
	Average stack size (kbytes): 0
	Average total size (kbytes): 0
	Maximum resident set size (kbytes): 141664
	Average resident set size (kbytes): 0
	Major (requiring I/O) page faults: 0
	Minor (reclaiming a frame) page faults: 161332
	Voluntary context switches: 8287
	Involuntary context switches: 292981
	Swaps: 0
	File system inputs: 0
	File system outputs: 25728
	Socket messages sent: 0
	Socket messages received: 0
	Signals delivered: 0
	Page size (bytes): 4096
	Exit status: 0
My SLURM_ARRAY_TASK_ID:  1
My TMPDIR IS:  /scratch/local/63828729
Input Genome:>>>>>>>>>>>>>>>>>>>>>>>>>>>>>>>>>>>>>>>>>>>  Burkholderia_thailandensis_E264_ATCC_700388_133.gbk
Input PAM:>>>>>>>>>>>>>>>>>>>>>>>>>>>>>>>>>>>>>>>>>>>  NNAGAAW
Threads used:>>>>>>>>>>>>>>>>>>>>>>>>>>>>>>>>>>>>>>>>>>>  16
GuideMaker
2021-02-04 18:14:44,998: INFO     Temp directory is: /scratch/local/63828729/guidemaker_yfuhs994
2021-02-04 18:14:44,998: INFO     Writing fasta file from genbank file(s)
2021-02-04 18:14:44,998: INFO     check if ../all_test_data/Burkholderia_thailandensis_E264_ATCC_700388_133.gbk is gzipped
2021-02-04 18:14:45,732: INFO     Identifying PAM sites in the genome
2021-02-04 18:14:48,464: INFO     Checking guides for restriction enzymes
2021-02-04 18:14:48,467: INFO     Number of guides removed after checking for restriction enzymes: 0
2021-02-04 18:14:48,467: INFO     Identifing guides that are unique near the PAM site
2021-02-04 18:14:48,476: INFO     Number of guides removed after checking for unique PAM: 422
2021-02-04 18:14:48,476: INFO     Indexing all potential guide sites: 8607. This is the longest step.
2021-02-04 18:14:48,517: INFO     M                   = 16
2021-02-04 18:14:48,517: INFO     indexThreadQty      = 16
2021-02-04 18:14:48,517: INFO     efConstruction      = 10
2021-02-04 18:14:48,517: INFO     maxM			          = 16
2021-02-04 18:14:48,518: INFO     maxM0			          = 32
2021-02-04 18:14:48,518: INFO     mult                = 0.360674
2021-02-04 18:14:48,518: INFO     skip_optimized_index= 0
2021-02-04 18:14:48,518: INFO     delaunay_type       = 2
2021-02-04 18:14:48,518: INFO     Set HNSW query-time parameters:
2021-02-04 18:14:48,518: INFO     ef(Search)         =20
2021-02-04 18:14:48,518: INFO     algoType           =2

0%   10   20   30   40   50   60   70   80   90   100%
|----|----|----|----|----|----|----|----|----|----|
***************************************************

0%   10   20   30   40   50   60   70   80   90   100%
|----|----|----|----|----|----|----|----|----|----|
*******************************************************2021-02-04 18:14:48,562: INFO     No appropriate custom distance function for Hamming (bit-storage) space
2021-02-04 18:14:48,562: INFO     searchMethod			  = 0
2021-02-04 18:14:48,562: INFO     Identifying guides that have a hamming distance <= 3 to all other potential guides
2021-02-04 18:14:48,573: INFO     Set HNSW query-time parameters:
2021-02-04 18:14:48,573: INFO     ef(Search)         =9
2021-02-04 18:14:48,574: INFO     algoType           =2
2021-02-04 18:14:48,882: INFO     Formatting data for BedTools
2021-02-04 18:14:48,899: INFO     Create GuideMaker Annotation object
2021-02-04 18:14:48,899: INFO     Identify genomic features
2021-02-04 18:14:48,900: INFO     check if ../all_test_data/Burkholderia_thailandensis_E264_ATCC_700388_133.gbk is gzipped
2021-02-04 18:14:49,689: INFO     Total number of CDS/locus in the input genome: 5633
2021-02-04 18:14:49,689: INFO     Find genomic features closest the guides
2021-02-04 18:14:49,884: INFO     Select guides that start between +500 and -500 of a feature start
2021-02-04 18:14:49,945: INFO     Select description columns
2021-02-04 18:14:49,995: INFO     Format the output
2021-02-04 18:14:50,058: INFO     Number of Guides within a gene coordinates i.e. zero Feature distance: 3304
2021-02-04 18:14:50,120: INFO     creating random control guides
2021-02-04 18:14:50,210: INFO     Number of random control searched: 100
2021-02-04 18:14:50,210: INFO     Percentage of GC content in the input genome: 67.63
2021-02-04 18:14:50,210: INFO     Total length of the genome: 6.4 MB
2021-02-04 18:14:50,210: INFO     created 10 control guides with a minimum distance of 8 and a median distance of 8
2021-02-04 18:14:50,213: INFO     guidemaker completed, results are at TEST
2021-02-04 18:14:50,213: INFO     PAM sequence: NNAGAAW
2021-02-04 18:14:50,213: INFO     PAM orientation: 3prime
2021-02-04 18:14:50,213: INFO     Genome strand(s) searched: both
2021-02-04 18:14:50,213: INFO     Total PAM sites considered: 8607
2021-02-04 18:14:50,213: INFO     Guide RNA candidates found: 6330
	Command being timed: "guidemaker -i ../all_test_data/Burkholderia_thailandensis_E264_ATCC_700388_133.gbk --pamseq NNAGAAW --outdir TEST --pam_orientation 3prime --guidelength 20 --strand both --lcp 11 --dist 3 --before 500 --into 500 --knum 10 --controls 10 --log GM_63828729_1.log --threads 16"
	User time (seconds): 8.20
	System time (seconds): 1.98
	Percent of CPU this job got: 163%
	Elapsed (wall clock) time (h:mm:ss or m:ss): 0:06.23
	Average shared text size (kbytes): 0
	Average unshared data size (kbytes): 0
	Average stack size (kbytes): 0
	Average total size (kbytes): 0
	Maximum resident set size (kbytes): 141772
	Average resident set size (kbytes): 0
	Major (requiring I/O) page faults: 0
	Minor (reclaiming a frame) page faults: 173883
	Voluntary context switches: 14369
	Involuntary context switches: 99752
	Swaps: 0
	File system inputs: 0
	File system outputs: 25728
	Socket messages sent: 0
	Socket messages received: 0
	Signals delivered: 0
	Page size (bytes): 4096
	Exit status: 0
My SLURM_ARRAY_TASK_ID:  1
My TMPDIR IS:  /scratch/local/63828729
Input Genome:>>>>>>>>>>>>>>>>>>>>>>>>>>>>>>>>>>>>>>>>>>>  Burkholderia_thailandensis_E264_ATCC_700388_133.gbk
Input PAM:>>>>>>>>>>>>>>>>>>>>>>>>>>>>>>>>>>>>>>>>>>>  NNAGAAW
Threads used:>>>>>>>>>>>>>>>>>>>>>>>>>>>>>>>>>>>>>>>>>>>  32
GuideMaker
2021-02-04 18:14:51,220: INFO     Temp directory is: /scratch/local/63828729/guidemaker_jjxq35vr
2021-02-04 18:14:51,220: INFO     Writing fasta file from genbank file(s)
2021-02-04 18:14:51,220: INFO     check if ../all_test_data/Burkholderia_thailandensis_E264_ATCC_700388_133.gbk is gzipped
2021-02-04 18:14:51,971: INFO     Identifying PAM sites in the genome
2021-02-04 18:14:54,717: INFO     Checking guides for restriction enzymes
2021-02-04 18:14:54,720: INFO     Number of guides removed after checking for restriction enzymes: 0
2021-02-04 18:14:54,720: INFO     Identifing guides that are unique near the PAM site
2021-02-04 18:14:54,728: INFO     Number of guides removed after checking for unique PAM: 422
2021-02-04 18:14:54,728: INFO     Indexing all potential guide sites: 8607. This is the longest step.
2021-02-04 18:14:54,768: INFO     M                   = 16
2021-02-04 18:14:54,768: INFO     indexThreadQty      = 32
2021-02-04 18:14:54,768: INFO     efConstruction      = 10
2021-02-04 18:14:54,768: INFO     maxM			          = 16
2021-02-04 18:14:54,768: INFO     maxM0			          = 32
2021-02-04 18:14:54,768: INFO     mult                = 0.360674
2021-02-04 18:14:54,768: INFO     skip_optimized_index= 0
2021-02-04 18:14:54,768: INFO     delaunay_type       = 2
2021-02-04 18:14:54,768: INFO     Set HNSW query-time parameters:
2021-02-04 18:14:54,768: INFO     ef(Search)         =20
2021-02-04 18:14:54,768: INFO     algoType           =2

0%   10   20   30   40   50   60   70   80   90   100%
|----|----|----|----|----|----|----|----|----|----|
***************************************************

0%   10   20   30   40   50   60   70   80   90   100%
|----|----|----|----|----|----|----|----|----|----|
****************************************************2021-02-04 18:14:54,806: INFO     No appropriate custom distance function for Hamming (bit-storage) space
2021-02-04 18:14:54,806: INFO     searchMethod			  = 0
2021-02-04 18:14:54,806: INFO     Identifying guides that have a hamming distance <= 3 to all other potential guides
2021-02-04 18:14:54,817: INFO     Set HNSW query-time parameters:
2021-02-04 18:14:54,817: INFO     ef(Search)         =9
2021-02-04 18:14:54,817: INFO     algoType           =2
2021-02-04 18:14:55,114: INFO     Formatting data for BedTools
2021-02-04 18:14:55,130: INFO     Create GuideMaker Annotation object
2021-02-04 18:14:55,130: INFO     Identify genomic features
2021-02-04 18:14:55,131: INFO     check if ../all_test_data/Burkholderia_thailandensis_E264_ATCC_700388_133.gbk is gzipped
2021-02-04 18:14:55,935: INFO     Total number of CDS/locus in the input genome: 5633
2021-02-04 18:14:55,935: INFO     Find genomic features closest the guides
2021-02-04 18:14:56,148: INFO     Select guides that start between +500 and -500 of a feature start
2021-02-04 18:14:56,211: INFO     Select description columns
2021-02-04 18:14:56,262: INFO     Format the output
2021-02-04 18:14:56,326: INFO     Number of Guides within a gene coordinates i.e. zero Feature distance: 3305
2021-02-04 18:14:56,394: INFO     creating random control guides
2021-02-04 18:14:56,484: INFO     Number of random control searched: 100
2021-02-04 18:14:56,485: INFO     Percentage of GC content in the input genome: 67.63
2021-02-04 18:14:56,485: INFO     Total length of the genome: 6.4 MB
2021-02-04 18:14:56,485: INFO     created 10 control guides with a minimum distance of 8 and a median distance of 8
2021-02-04 18:14:56,487: INFO     guidemaker completed, results are at TEST
2021-02-04 18:14:56,487: INFO     PAM sequence: NNAGAAW
2021-02-04 18:14:56,487: INFO     PAM orientation: 3prime
2021-02-04 18:14:56,487: INFO     Genome strand(s) searched: both
2021-02-04 18:14:56,488: INFO     Total PAM sites considered: 8607
2021-02-04 18:14:56,488: INFO     Guide RNA candidates found: 6332
	Command being timed: "guidemaker -i ../all_test_data/Burkholderia_thailandensis_E264_ATCC_700388_133.gbk --pamseq NNAGAAW --outdir TEST --pam_orientation 3prime --guidelength 20 --strand both --lcp 11 --dist 3 --before 500 --into 500 --knum 10 --controls 10 --log GM_63828729_1.log --threads 32"
	User time (seconds): 8.30
	System time (seconds): 2.28
	Percent of CPU this job got: 168%
	Elapsed (wall clock) time (h:mm:ss or m:ss): 0:06.26
	Average shared text size (kbytes): 0
	Average unshared data size (kbytes): 0
	Average stack size (kbytes): 0
	Average total size (kbytes): 0
	Maximum resident set size (kbytes): 141884
	Average resident set size (kbytes): 0
	Major (requiring I/O) page faults: 0
	Minor (reclaiming a frame) page faults: 174778
	Voluntary context switches: 25848
	Involuntary context switches: 87696
	Swaps: 0
	File system inputs: 0
	File system outputs: 25760
	Socket messages sent: 0
	Socket messages received: 0
	Signals delivered: 0
	Page size (bytes): 4096
	Exit status: 0
