slurmstepd: error: Unable to create TMPDIR [/scratch/local/58616138]: Permission denied
slurmstepd: error: Setting TMPDIR to /tmp
Mon Sep 14 15:02:25 EDT 2020
c32b-s37.ufhpc
/blue/garrett/rp3448/analysis/guidemaker/AVXGuidemaker/GuideMaker
My SLURM_ARRAY_TASK_ID:  9
My TMPDIR IS:  /tmp
Input Genome:>>>>>>>>>>>>>>>>>>>>>>>>>>>>>>>>>>>>>>>>>>>  Pseudomonas_aeruginosa_PAO1_107.gbk
Threads used:>>>>>>>>>>>>>>>>>>>>>>>>>>>>>>>>>>>>>>>>>>>  1
GuideMaker
2020-09-14 15:02:32,656: INFO     Temp directory is: /tmp/guidemaker_9zylc1c_
2020-09-14 15:02:32,657: INFO     Writing fasta file from genbank file(s)
2020-09-14 15:02:32,658: INFO     check if ../../all_test_data/Pseudomonas_aeruginosa_PAO1_107.gbk is gzipped
/home/rp3448/.conda/envs/avx2/lib/python3.7/site-packages/Bio/GenBank/Scanner.py:1400: BiopythonParserWarning: Truncated LOCUS line found - is this correct?
:'LOCUS       NC_002516            6264404 bp    dna     circular UNK \n'
  BiopythonParserWarning,
/home/rp3448/.conda/envs/avx2/lib/python3.7/site-packages/Bio/GenBank/__init__.py:762: BiopythonParserWarning: Non-upper case molecule type in LOCUS line: dna
  BiopythonParserWarning,
2020-09-14 15:02:33,525: INFO     Identifying PAM sites in the genome
2020-09-14 15:03:32,080: INFO     Identifing guides that are unique near the PAM site
2020-09-14 15:03:33,616: INFO     Indexing all potential guide sites: 1171800. This is the longest step.
2020-09-14 15:03:39,363: INFO     M                   = 16
2020-09-14 15:03:39,363: INFO     indexThreadQty      = 1
2020-09-14 15:03:39,363: INFO     efConstruction      = 10
2020-09-14 15:03:39,363: INFO     maxM			          = 16
2020-09-14 15:03:39,363: INFO     maxM0			          = 32
2020-09-14 15:03:39,363: INFO     mult                = 0.360674
2020-09-14 15:03:39,363: INFO     skip_optimized_index= 0
2020-09-14 15:03:39,364: INFO     delaunay_type       = 2
2020-09-14 15:03:39,364: INFO     Set HNSW query-time parameters:
2020-09-14 15:03:39,364: INFO     ef(Search)         =20
2020-09-14 15:03:39,364: INFO     algoType           =2

0%   10   20   30   40   50   60   70   80   90   100%
|----|----|----|----|----|----|----|----|----|----|
***************************************************

0%   10   20   30   40   50   60   70   80   90   100%
|----|----|----|----|----|----|----|----|----|----|
***************************************************
*2020-09-14 15:05:36,500: INFO     No appropriate custom distance function for Hamming (bit-storage) space
2020-09-14 15:05:36,501: INFO     searchMethod			  = 0
2020-09-14 15:05:36,599: INFO     Identifying guides that have a hamming distance <= 3 to all other potential guides
2020-09-14 15:05:36,923: INFO     Set HNSW query-time parameters:
2020-09-14 15:05:36,923: INFO     ef(Search)         =9
2020-09-14 15:05:36,923: INFO     algoType           =2
2020-09-14 15:05:54,282: INFO     Formatting data for BedTools
2020-09-14 15:05:54,691: INFO     Create GuideMaker Annotation object
2020-09-14 15:05:54,691: INFO     Identify genomic features
2020-09-14 15:05:54,692: INFO     check if ../../all_test_data/Pseudomonas_aeruginosa_PAO1_107.gbk is gzipped
2020-09-14 15:05:56,081: INFO     Total number of CDS/locus in the input genome: 5584
2020-09-14 15:05:56,081: INFO     Find genomic features closest the guides
2020-09-14 15:05:58,601: INFO     Select guides that start between +100 and -100 of a feature start
2020-09-14 15:05:58,782: INFO     Select description columns
2020-09-14 15:05:58,829: INFO     Format the output
2020-09-14 15:05:59,948: INFO     creating random control guides
2020-09-14 15:06:00,046: INFO     Number of random control searched: 100
2020-09-14 15:06:00,046: INFO     Percentage of GC content in the input genome: 66.56
2020-09-14 15:06:00,046: INFO     Total length of the genome: 6.0 MB
2020-09-14 15:06:00,046: INFO     created 10 control guides with a minimum distance of 7 and a median distance of 7
2020-09-14 15:06:00,050: INFO     guidemaker completed, results are at TEST
2020-09-14 15:06:00,050: INFO     PAM sequence: NGG
2020-09-14 15:06:00,051: INFO     PAM orientation: 5prime
2020-09-14 15:06:00,051: INFO     Genome strand(s) searched: both
2020-09-14 15:06:00,051: INFO     Total PAM sites considered: 1171800
2020-09-14 15:06:00,051: INFO     Guide RNA candidates found: 45901
	Command being timed: "guidemaker -i ../../all_test_data/Pseudomonas_aeruginosa_PAO1_107.gbk --pamseq NGG --outdir TEST --pam_orientation 5prime --guidelength 20 --strand both --lcp 10 --dist 3 --before 100 --into 100 --knum 10 --controls 10 --log GuideMaker_58625418_9.log --threads 1"
	User time (seconds): 208.34
	System time (seconds): 4.69
	Percent of CPU this job got: 100%
	Elapsed (wall clock) time (h:mm:ss or m:ss): 3:32.77
	Average shared text size (kbytes): 0
	Average unshared data size (kbytes): 0
	Average stack size (kbytes): 0
	Average total size (kbytes): 0
	Maximum resident set size (kbytes): 2415660
	Average resident set size (kbytes): 0
	Major (requiring I/O) page faults: 123
	Minor (reclaiming a frame) page faults: 2345009
	Voluntary context switches: 3939
	Involuntary context switches: 287813
	Swaps: 0
	File system inputs: 396168
	File system outputs: 186528
	Socket messages sent: 0
	Socket messages received: 0
	Signals delivered: 0
	Page size (bytes): 4096
	Exit status: 0
My SLURM_ARRAY_TASK_ID:  9
My TMPDIR IS:  /tmp
Input Genome:>>>>>>>>>>>>>>>>>>>>>>>>>>>>>>>>>>>>>>>>>>>  Pseudomonas_aeruginosa_PAO1_107.gbk
Threads used:>>>>>>>>>>>>>>>>>>>>>>>>>>>>>>>>>>>>>>>>>>>  2
GuideMaker
2020-09-14 15:06:02,878: INFO     Temp directory is: /tmp/guidemaker_33shd9i0
2020-09-14 15:06:02,878: INFO     Writing fasta file from genbank file(s)
2020-09-14 15:06:02,879: INFO     check if ../../all_test_data/Pseudomonas_aeruginosa_PAO1_107.gbk is gzipped
/home/rp3448/.conda/envs/avx2/lib/python3.7/site-packages/Bio/GenBank/Scanner.py:1400: BiopythonParserWarning: Truncated LOCUS line found - is this correct?
:'LOCUS       NC_002516            6264404 bp    dna     circular UNK \n'
  BiopythonParserWarning,
/home/rp3448/.conda/envs/avx2/lib/python3.7/site-packages/Bio/GenBank/__init__.py:762: BiopythonParserWarning: Non-upper case molecule type in LOCUS line: dna
  BiopythonParserWarning,
2020-09-14 15:06:03,687: INFO     Identifying PAM sites in the genome
2020-09-14 15:07:03,071: INFO     Identifing guides that are unique near the PAM site
2020-09-14 15:07:04,574: INFO     Indexing all potential guide sites: 1171800. This is the longest step.
2020-09-14 15:07:10,041: INFO     M                   = 16
2020-09-14 15:07:10,041: INFO     indexThreadQty      = 2
2020-09-14 15:07:10,042: INFO     efConstruction      = 10
2020-09-14 15:07:10,042: INFO     maxM			          = 16
2020-09-14 15:07:10,042: INFO     maxM0			          = 32
2020-09-14 15:07:10,042: INFO     mult                = 0.360674
2020-09-14 15:07:10,042: INFO     skip_optimized_index= 0
2020-09-14 15:07:10,042: INFO     delaunay_type       = 2
2020-09-14 15:07:10,042: INFO     Set HNSW query-time parameters:
2020-09-14 15:07:10,042: INFO     ef(Search)         =20
2020-09-14 15:07:10,042: INFO     algoType           =2

0%   10   20   30   40   50   60   70   80   90   100%
|----|----|----|----|----|----|----|----|----|----|
***************************************************

0%   10   20   30   40   50   60   70   80   90   100%
|----|----|----|----|----|----|----|----|----|----|
****************************************************2020-09-14 15:08:25,863: INFO     No appropriate custom distance function for Hamming (bit-storage) space
2020-09-14 15:08:25,863: INFO     searchMethod			  = 0
2020-09-14 15:08:25,974: INFO     Identifying guides that have a hamming distance <= 3 to all other potential guides
2020-09-14 15:08:26,330: INFO     Set HNSW query-time parameters:
2020-09-14 15:08:26,330: INFO     ef(Search)         =9
2020-09-14 15:08:26,330: INFO     algoType           =2
2020-09-14 15:08:41,251: INFO     Formatting data for BedTools
2020-09-14 15:08:41,650: INFO     Create GuideMaker Annotation object
2020-09-14 15:08:41,650: INFO     Identify genomic features
2020-09-14 15:08:41,650: INFO     check if ../../all_test_data/Pseudomonas_aeruginosa_PAO1_107.gbk is gzipped
2020-09-14 15:08:43,040: INFO     Total number of CDS/locus in the input genome: 5584
2020-09-14 15:08:43,040: INFO     Find genomic features closest the guides
2020-09-14 15:08:45,708: INFO     Select guides that start between +100 and -100 of a feature start
2020-09-14 15:08:45,894: INFO     Select description columns
2020-09-14 15:08:45,943: INFO     Format the output
2020-09-14 15:08:47,015: INFO     creating random control guides
2020-09-14 15:08:47,197: INFO     Number of random control searched: 100
2020-09-14 15:08:47,198: INFO     Percentage of GC content in the input genome: 66.56
2020-09-14 15:08:47,198: INFO     Total length of the genome: 6.0 MB
2020-09-14 15:08:47,198: INFO     created 10 control guides with a minimum distance of 7 and a median distance of 7
2020-09-14 15:08:47,201: INFO     guidemaker completed, results are at TEST
2020-09-14 15:08:47,201: INFO     PAM sequence: NGG
2020-09-14 15:08:47,201: INFO     PAM orientation: 5prime
2020-09-14 15:08:47,201: INFO     Genome strand(s) searched: both
2020-09-14 15:08:47,201: INFO     Total PAM sites considered: 1171800
2020-09-14 15:08:47,201: INFO     Guide RNA candidates found: 45896
	Command being timed: "guidemaker -i ../../all_test_data/Pseudomonas_aeruginosa_PAO1_107.gbk --pamseq NGG --outdir TEST --pam_orientation 5prime --guidelength 20 --strand both --lcp 10 --dist 3 --before 100 --into 100 --knum 10 --controls 10 --log GuideMaker_58625418_9.log --threads 2"
	User time (seconds): 233.44
	System time (seconds): 17.00
	Percent of CPU this job got: 149%
	Elapsed (wall clock) time (h:mm:ss or m:ss): 2:47.40
	Average shared text size (kbytes): 0
	Average unshared data size (kbytes): 0
	Average stack size (kbytes): 0
	Average total size (kbytes): 0
	Maximum resident set size (kbytes): 2586620
	Average resident set size (kbytes): 0
	Major (requiring I/O) page faults: 0
	Minor (reclaiming a frame) page faults: 9550539
	Voluntary context switches: 90012
	Involuntary context switches: 785
	Swaps: 0
	File system inputs: 0
	File system outputs: 186488
	Socket messages sent: 0
	Socket messages received: 0
	Signals delivered: 0
	Page size (bytes): 4096
	Exit status: 0
My SLURM_ARRAY_TASK_ID:  9
My TMPDIR IS:  /tmp
Input Genome:>>>>>>>>>>>>>>>>>>>>>>>>>>>>>>>>>>>>>>>>>>>  Pseudomonas_aeruginosa_PAO1_107.gbk
Threads used:>>>>>>>>>>>>>>>>>>>>>>>>>>>>>>>>>>>>>>>>>>>  4
GuideMaker
2020-09-14 15:08:50,342: INFO     Temp directory is: /tmp/guidemaker_8zvdly_a
2020-09-14 15:08:50,343: INFO     Writing fasta file from genbank file(s)
2020-09-14 15:08:50,343: INFO     check if ../../all_test_data/Pseudomonas_aeruginosa_PAO1_107.gbk is gzipped
/home/rp3448/.conda/envs/avx2/lib/python3.7/site-packages/Bio/GenBank/Scanner.py:1400: BiopythonParserWarning: Truncated LOCUS line found - is this correct?
:'LOCUS       NC_002516            6264404 bp    dna     circular UNK \n'
  BiopythonParserWarning,
/home/rp3448/.conda/envs/avx2/lib/python3.7/site-packages/Bio/GenBank/__init__.py:762: BiopythonParserWarning: Non-upper case molecule type in LOCUS line: dna
  BiopythonParserWarning,
2020-09-14 15:08:51,150: INFO     Identifying PAM sites in the genome
2020-09-14 15:09:47,464: INFO     Identifing guides that are unique near the PAM site
2020-09-14 15:09:48,981: INFO     Indexing all potential guide sites: 1171800. This is the longest step.
2020-09-14 15:09:54,451: INFO     M                   = 16
2020-09-14 15:09:54,452: INFO     indexThreadQty      = 4
2020-09-14 15:09:54,452: INFO     efConstruction      = 10
2020-09-14 15:09:54,452: INFO     maxM			          = 16
2020-09-14 15:09:54,452: INFO     maxM0			          = 32
2020-09-14 15:09:54,452: INFO     mult                = 0.360674
2020-09-14 15:09:54,452: INFO     skip_optimized_index= 0
2020-09-14 15:09:54,452: INFO     delaunay_type       = 2
2020-09-14 15:09:54,452: INFO     Set HNSW query-time parameters:
2020-09-14 15:09:54,452: INFO     ef(Search)         =20
2020-09-14 15:09:54,452: INFO     algoType           =2

0%   10   20   30   40   50   60   70   80   90   100%
|----|----|----|----|----|----|----|----|----|----|
***************************************************

0%   10   20   30   40   50   60   70   80   90   100%
|----|----|----|----|----|----|----|----|----|----|
****************************************************2020-09-14 15:10:34,258: INFO     No appropriate custom distance function for Hamming (bit-storage) space
2020-09-14 15:10:34,258: INFO     searchMethod			  = 0
2020-09-14 15:10:34,365: INFO     Identifying guides that have a hamming distance <= 3 to all other potential guides
2020-09-14 15:10:34,719: INFO     Set HNSW query-time parameters:
2020-09-14 15:10:34,719: INFO     ef(Search)         =9
2020-09-14 15:10:34,719: INFO     algoType           =2
2020-09-14 15:10:45,769: INFO     Formatting data for BedTools
2020-09-14 15:10:46,232: INFO     Create GuideMaker Annotation object
2020-09-14 15:10:46,232: INFO     Identify genomic features
2020-09-14 15:10:46,233: INFO     check if ../../all_test_data/Pseudomonas_aeruginosa_PAO1_107.gbk is gzipped
2020-09-14 15:10:47,728: INFO     Total number of CDS/locus in the input genome: 5584
2020-09-14 15:10:47,728: INFO     Find genomic features closest the guides
2020-09-14 15:10:50,506: INFO     Select guides that start between +100 and -100 of a feature start
2020-09-14 15:10:50,689: INFO     Select description columns
2020-09-14 15:10:50,736: INFO     Format the output
2020-09-14 15:10:51,801: INFO     creating random control guides
2020-09-14 15:10:51,941: INFO     Number of random control searched: 100
2020-09-14 15:10:51,941: INFO     Percentage of GC content in the input genome: 66.56
2020-09-14 15:10:51,941: INFO     Total length of the genome: 6.0 MB
2020-09-14 15:10:51,941: INFO     created 10 control guides with a minimum distance of 7 and a median distance of 7
2020-09-14 15:10:51,944: INFO     guidemaker completed, results are at TEST
2020-09-14 15:10:51,944: INFO     PAM sequence: NGG
2020-09-14 15:10:51,944: INFO     PAM orientation: 5prime
2020-09-14 15:10:51,944: INFO     Genome strand(s) searched: both
2020-09-14 15:10:51,944: INFO     Total PAM sites considered: 1171800
2020-09-14 15:10:51,944: INFO     Guide RNA candidates found: 45911
	Command being timed: "guidemaker -i ../../all_test_data/Pseudomonas_aeruginosa_PAO1_107.gbk --pamseq NGG --outdir TEST --pam_orientation 5prime --guidelength 20 --strand both --lcp 10 --dist 3 --before 100 --into 100 --knum 10 --controls 10 --log GuideMaker_58625418_9.log --threads 4"
	User time (seconds): 237.90
	System time (seconds): 13.18
	Percent of CPU this job got: 201%
	Elapsed (wall clock) time (h:mm:ss or m:ss): 2:04.73
	Average shared text size (kbytes): 0
	Average unshared data size (kbytes): 0
	Average stack size (kbytes): 0
	Average total size (kbytes): 0
	Maximum resident set size (kbytes): 2598664
	Average resident set size (kbytes): 0
	Major (requiring I/O) page faults: 0
	Minor (reclaiming a frame) page faults: 6050382
	Voluntary context switches: 166978
	Involuntary context switches: 254956
	Swaps: 0
	File system inputs: 8
	File system outputs: 186480
	Socket messages sent: 0
	Socket messages received: 0
	Signals delivered: 0
	Page size (bytes): 4096
	Exit status: 0
My SLURM_ARRAY_TASK_ID:  9
My TMPDIR IS:  /tmp
Input Genome:>>>>>>>>>>>>>>>>>>>>>>>>>>>>>>>>>>>>>>>>>>>  Pseudomonas_aeruginosa_PAO1_107.gbk
Threads used:>>>>>>>>>>>>>>>>>>>>>>>>>>>>>>>>>>>>>>>>>>>  8
GuideMaker
2020-09-14 15:10:55,064: INFO     Temp directory is: /tmp/guidemaker_o48ddx8s
2020-09-14 15:10:55,064: INFO     Writing fasta file from genbank file(s)
2020-09-14 15:10:55,065: INFO     check if ../../all_test_data/Pseudomonas_aeruginosa_PAO1_107.gbk is gzipped
/home/rp3448/.conda/envs/avx2/lib/python3.7/site-packages/Bio/GenBank/Scanner.py:1400: BiopythonParserWarning: Truncated LOCUS line found - is this correct?
:'LOCUS       NC_002516            6264404 bp    dna     circular UNK \n'
  BiopythonParserWarning,
/home/rp3448/.conda/envs/avx2/lib/python3.7/site-packages/Bio/GenBank/__init__.py:762: BiopythonParserWarning: Non-upper case molecule type in LOCUS line: dna
  BiopythonParserWarning,
2020-09-14 15:10:55,859: INFO     Identifying PAM sites in the genome
2020-09-14 15:11:53,874: INFO     Identifing guides that are unique near the PAM site
2020-09-14 15:11:55,419: INFO     Indexing all potential guide sites: 1171800. This is the longest step.
2020-09-14 15:12:00,945: INFO     M                   = 16
2020-09-14 15:12:00,945: INFO     indexThreadQty      = 8
2020-09-14 15:12:00,945: INFO     efConstruction      = 10
2020-09-14 15:12:00,945: INFO     maxM			          = 16
2020-09-14 15:12:00,945: INFO     maxM0			          = 32
2020-09-14 15:12:00,946: INFO     mult                = 0.360674
2020-09-14 15:12:00,946: INFO     skip_optimized_index= 0
2020-09-14 15:12:00,946: INFO     delaunay_type       = 2
2020-09-14 15:12:00,946: INFO     Set HNSW query-time parameters:
2020-09-14 15:12:00,946: INFO     ef(Search)         =20
2020-09-14 15:12:00,946: INFO     algoType           =2

0%   10   20   30   40   50   60   70   80   90   100%
|----|----|----|----|----|----|----|----|----|----|
***************************************************

0%   10   20   30   40   50   60   70   80   90   100%
|----|----|----|----|----|----|----|----|----|----|
****************************************************


2020-09-14 15:12:22,379: INFO     No appropriate custom distance function for Hamming (bit-storage) space
2020-09-14 15:12:22,380: INFO     searchMethod			  = 0
2020-09-14 15:12:22,492: INFO     Identifying guides that have a hamming distance <= 3 to all other potential guides
2020-09-14 15:12:22,857: INFO     Set HNSW query-time parameters:
2020-09-14 15:12:22,857: INFO     ef(Search)         =9
2020-09-14 15:12:22,857: INFO     algoType           =2
2020-09-14 15:12:32,567: INFO     Formatting data for BedTools
2020-09-14 15:12:32,965: INFO     Create GuideMaker Annotation object
2020-09-14 15:12:32,965: INFO     Identify genomic features
2020-09-14 15:12:32,965: INFO     check if ../../all_test_data/Pseudomonas_aeruginosa_PAO1_107.gbk is gzipped
2020-09-14 15:12:34,377: INFO     Total number of CDS/locus in the input genome: 5584
2020-09-14 15:12:34,378: INFO     Find genomic features closest the guides
2020-09-14 15:12:37,025: INFO     Select guides that start between +100 and -100 of a feature start
2020-09-14 15:12:37,203: INFO     Select description columns
2020-09-14 15:12:37,251: INFO     Format the output
2020-09-14 15:12:38,318: INFO     creating random control guides
2020-09-14 15:12:38,424: INFO     Number of random control searched: 100
2020-09-14 15:12:38,424: INFO     Percentage of GC content in the input genome: 66.56
2020-09-14 15:12:38,424: INFO     Total length of the genome: 6.0 MB
2020-09-14 15:12:38,425: INFO     created 10 control guides with a minimum distance of 7 and a median distance of 7
2020-09-14 15:12:38,428: INFO     guidemaker completed, results are at TEST
2020-09-14 15:12:38,428: INFO     PAM sequence: NGG
2020-09-14 15:12:38,428: INFO     PAM orientation: 5prime
2020-09-14 15:12:38,428: INFO     Genome strand(s) searched: both
2020-09-14 15:12:38,428: INFO     Total PAM sites considered: 1171800
2020-09-14 15:12:38,428: INFO     Guide RNA candidates found: 45915
	Command being timed: "guidemaker -i ../../all_test_data/Pseudomonas_aeruginosa_PAO1_107.gbk --pamseq NGG --outdir TEST --pam_orientation 5prime --guidelength 20 --strand both --lcp 10 --dist 3 --before 100 --into 100 --knum 10 --controls 10 --log GuideMaker_58625418_9.log --threads 8"
	User time (seconds): 249.63
	System time (seconds): 12.77
	Percent of CPU this job got: 246%
	Elapsed (wall clock) time (h:mm:ss or m:ss): 1:46.42
	Average shared text size (kbytes): 0
	Average unshared data size (kbytes): 0
	Average stack size (kbytes): 0
	Average total size (kbytes): 0
	Maximum resident set size (kbytes): 2601992
	Average resident set size (kbytes): 0
	Major (requiring I/O) page faults: 0
	Minor (reclaiming a frame) page faults: 4540902
	Voluntary context switches: 270913
	Involuntary context switches: 708
	Swaps: 0
	File system inputs: 0
	File system outputs: 186440
	Socket messages sent: 0
	Socket messages received: 0
	Signals delivered: 0
	Page size (bytes): 4096
	Exit status: 0
My SLURM_ARRAY_TASK_ID:  9
My TMPDIR IS:  /tmp
Input Genome:>>>>>>>>>>>>>>>>>>>>>>>>>>>>>>>>>>>>>>>>>>>  Pseudomonas_aeruginosa_PAO1_107.gbk
Threads used:>>>>>>>>>>>>>>>>>>>>>>>>>>>>>>>>>>>>>>>>>>>  16
GuideMaker
2020-09-14 15:12:41,518: INFO     Temp directory is: /tmp/guidemaker_b9sg3_js
2020-09-14 15:12:41,518: INFO     Writing fasta file from genbank file(s)
2020-09-14 15:12:41,519: INFO     check if ../../all_test_data/Pseudomonas_aeruginosa_PAO1_107.gbk is gzipped
/home/rp3448/.conda/envs/avx2/lib/python3.7/site-packages/Bio/GenBank/Scanner.py:1400: BiopythonParserWarning: Truncated LOCUS line found - is this correct?
:'LOCUS       NC_002516            6264404 bp    dna     circular UNK \n'
  BiopythonParserWarning,
/home/rp3448/.conda/envs/avx2/lib/python3.7/site-packages/Bio/GenBank/__init__.py:762: BiopythonParserWarning: Non-upper case molecule type in LOCUS line: dna
  BiopythonParserWarning,
2020-09-14 15:12:42,328: INFO     Identifying PAM sites in the genome
2020-09-14 15:13:42,418: INFO     Identifing guides that are unique near the PAM site
2020-09-14 15:13:44,025: INFO     Indexing all potential guide sites: 1171800. This is the longest step.
2020-09-14 15:13:49,500: INFO     M                   = 16
2020-09-14 15:13:49,500: INFO     indexThreadQty      = 16
2020-09-14 15:13:49,500: INFO     efConstruction      = 10
2020-09-14 15:13:49,500: INFO     maxM			          = 16
2020-09-14 15:13:49,500: INFO     maxM0			          = 32
2020-09-14 15:13:49,500: INFO     mult                = 0.360674
2020-09-14 15:13:49,500: INFO     skip_optimized_index= 0
2020-09-14 15:13:49,500: INFO     delaunay_type       = 2
2020-09-14 15:13:49,501: INFO     Set HNSW query-time parameters:
2020-09-14 15:13:49,501: INFO     ef(Search)         =20
2020-09-14 15:13:49,501: INFO     algoType           =2

0%   10   20   30   40   50   60   70   80   90   100%
|----|----|----|----|----|----|----|----|----|----|
***************************************************

0%   10   20   30   40   50   60   70   80   90   100%
|----|----|----|----|----|----|----|----|----|----|
****************************************************2020-09-14 15:14:00,963: INFO     No appropriate custom distance function for Hamming (bit-storage) space
2020-09-14 15:14:00,964: INFO     searchMethod			  = 0
2020-09-14 15:14:01,073: INFO     Identifying guides that have a hamming distance <= 3 to all other potential guides
2020-09-14 15:14:01,429: INFO     Set HNSW query-time parameters:
2020-09-14 15:14:01,430: INFO     ef(Search)         =9
2020-09-14 15:14:01,430: INFO     algoType           =2
2020-09-14 15:14:11,526: INFO     Formatting data for BedTools
2020-09-14 15:14:11,928: INFO     Create GuideMaker Annotation object
2020-09-14 15:14:11,928: INFO     Identify genomic features
2020-09-14 15:14:11,928: INFO     check if ../../all_test_data/Pseudomonas_aeruginosa_PAO1_107.gbk is gzipped
2020-09-14 15:14:13,323: INFO     Total number of CDS/locus in the input genome: 5584
2020-09-14 15:14:13,323: INFO     Find genomic features closest the guides
2020-09-14 15:14:15,942: INFO     Select guides that start between +100 and -100 of a feature start
2020-09-14 15:14:16,120: INFO     Select description columns
2020-09-14 15:14:16,168: INFO     Format the output
2020-09-14 15:14:17,231: INFO     creating random control guides
2020-09-14 15:14:17,374: INFO     Number of random control searched: 100
2020-09-14 15:14:17,374: INFO     Percentage of GC content in the input genome: 66.56
2020-09-14 15:14:17,374: INFO     Total length of the genome: 6.0 MB
2020-09-14 15:14:17,374: INFO     created 10 control guides with a minimum distance of 7 and a median distance of 7
2020-09-14 15:14:17,377: INFO     guidemaker completed, results are at TEST
2020-09-14 15:14:17,377: INFO     PAM sequence: NGG
2020-09-14 15:14:17,377: INFO     PAM orientation: 5prime
2020-09-14 15:14:17,377: INFO     Genome strand(s) searched: both
2020-09-14 15:14:17,377: INFO     Total PAM sites considered: 1171800
2020-09-14 15:14:17,377: INFO     Guide RNA candidates found: 45900
	Command being timed: "guidemaker -i ../../all_test_data/Pseudomonas_aeruginosa_PAO1_107.gbk --pamseq NGG --outdir TEST --pam_orientation 5prime --guidelength 20 --strand both --lcp 10 --dist 3 --before 100 --into 100 --knum 10 --controls 10 --log GuideMaker_58625418_9.log --threads 16"
	User time (seconds): 258.94
	System time (seconds): 15.01
	Percent of CPU this job got: 276%
	Elapsed (wall clock) time (h:mm:ss or m:ss): 1:39.02
	Average shared text size (kbytes): 0
	Average unshared data size (kbytes): 0
	Average stack size (kbytes): 0
	Average total size (kbytes): 0
	Maximum resident set size (kbytes): 2618072
	Average resident set size (kbytes): 0
	Major (requiring I/O) page faults: 0
	Minor (reclaiming a frame) page faults: 3268679
	Voluntary context switches: 545471
	Involuntary context switches: 77670
	Swaps: 0
	File system inputs: 0
	File system outputs: 186408
	Socket messages sent: 0
	Socket messages received: 0
	Signals delivered: 0
	Page size (bytes): 4096
	Exit status: 0
My SLURM_ARRAY_TASK_ID:  9
My TMPDIR IS:  /tmp
Input Genome:>>>>>>>>>>>>>>>>>>>>>>>>>>>>>>>>>>>>>>>>>>>  Pseudomonas_aeruginosa_PAO1_107.gbk
Threads used:>>>>>>>>>>>>>>>>>>>>>>>>>>>>>>>>>>>>>>>>>>>  32
GuideMaker
2020-09-14 15:14:20,472: INFO     Temp directory is: /tmp/guidemaker_mnj7setq
2020-09-14 15:14:20,472: INFO     Writing fasta file from genbank file(s)
2020-09-14 15:14:20,473: INFO     check if ../../all_test_data/Pseudomonas_aeruginosa_PAO1_107.gbk is gzipped
/home/rp3448/.conda/envs/avx2/lib/python3.7/site-packages/Bio/GenBank/Scanner.py:1400: BiopythonParserWarning: Truncated LOCUS line found - is this correct?
:'LOCUS       NC_002516            6264404 bp    dna     circular UNK \n'
  BiopythonParserWarning,
/home/rp3448/.conda/envs/avx2/lib/python3.7/site-packages/Bio/GenBank/__init__.py:762: BiopythonParserWarning: Non-upper case molecule type in LOCUS line: dna
  BiopythonParserWarning,
2020-09-14 15:14:21,263: INFO     Identifying PAM sites in the genome
2020-09-14 15:15:18,741: INFO     Identifing guides that are unique near the PAM site
2020-09-14 15:15:20,234: INFO     Indexing all potential guide sites: 1171800. This is the longest step.
2020-09-14 15:15:26,245: INFO     M                   = 16
2020-09-14 15:15:26,245: INFO     indexThreadQty      = 32
2020-09-14 15:15:26,246: INFO     efConstruction      = 10
2020-09-14 15:15:26,246: INFO     maxM			          = 16
2020-09-14 15:15:26,246: INFO     maxM0			          = 32
2020-09-14 15:15:26,246: INFO     mult                = 0.360674
2020-09-14 15:15:26,246: INFO     skip_optimized_index= 0
2020-09-14 15:15:26,246: INFO     delaunay_type       = 2
2020-09-14 15:15:26,246: INFO     Set HNSW query-time parameters:
2020-09-14 15:15:26,246: INFO     ef(Search)         =20
2020-09-14 15:15:26,246: INFO     algoType           =2

0%   10   20   30   40   50   60   70   80   90   100%
|----|----|----|----|----|----|----|----|----|----|
***************************************************

0%   10   20   30   40   50   60   70   80   90   100%
|----|----|----|----|----|----|----|----|----|----|
****************************************************


2020-09-14 15:15:33,860: INFO     No appropriate custom distance function for Hamming (bit-storage) space
2020-09-14 15:15:33,860: INFO     searchMethod			  = 0
2020-09-14 15:15:33,960: INFO     Identifying guides that have a hamming distance <= 3 to all other potential guides
2020-09-14 15:15:34,300: INFO     Set HNSW query-time parameters:
2020-09-14 15:15:34,300: INFO     ef(Search)         =9
2020-09-14 15:15:34,300: INFO     algoType           =2
2020-09-14 15:15:42,900: INFO     Formatting data for BedTools
2020-09-14 15:15:43,303: INFO     Create GuideMaker Annotation object
2020-09-14 15:15:43,303: INFO     Identify genomic features
2020-09-14 15:15:43,304: INFO     check if ../../all_test_data/Pseudomonas_aeruginosa_PAO1_107.gbk is gzipped
2020-09-14 15:15:44,703: INFO     Total number of CDS/locus in the input genome: 5584
2020-09-14 15:15:44,703: INFO     Find genomic features closest the guides
2020-09-14 15:15:47,633: INFO     Select guides that start between +100 and -100 of a feature start
2020-09-14 15:15:47,856: INFO     Select description columns
2020-09-14 15:15:47,908: INFO     Format the output
2020-09-14 15:15:49,027: INFO     creating random control guides
2020-09-14 15:15:49,186: INFO     Number of random control searched: 100
2020-09-14 15:15:49,186: INFO     Percentage of GC content in the input genome: 66.56
2020-09-14 15:15:49,187: INFO     Total length of the genome: 6.0 MB
2020-09-14 15:15:49,187: INFO     created 10 control guides with a minimum distance of 7 and a median distance of 7
2020-09-14 15:15:49,190: INFO     guidemaker completed, results are at TEST
2020-09-14 15:15:49,190: INFO     PAM sequence: NGG
2020-09-14 15:15:49,190: INFO     PAM orientation: 5prime
2020-09-14 15:15:49,190: INFO     Genome strand(s) searched: both
2020-09-14 15:15:49,190: INFO     Total PAM sites considered: 1171800
2020-09-14 15:15:49,190: INFO     Guide RNA candidates found: 45912
	Command being timed: "guidemaker -i ../../all_test_data/Pseudomonas_aeruginosa_PAO1_107.gbk --pamseq NGG --outdir TEST --pam_orientation 5prime --guidelength 20 --strand both --lcp 10 --dist 3 --before 100 --into 100 --knum 10 --controls 10 --log GuideMaker_58625418_9.log --threads 32"
	User time (seconds): 276.18
	System time (seconds): 23.11
	Percent of CPU this job got: 325%
	Elapsed (wall clock) time (h:mm:ss or m:ss): 1:32.04
	Average shared text size (kbytes): 0
	Average unshared data size (kbytes): 0
	Average stack size (kbytes): 0
	Average total size (kbytes): 0
	Maximum resident set size (kbytes): 2646572
	Average resident set size (kbytes): 0
	Major (requiring I/O) page faults: 0
	Minor (reclaiming a frame) page faults: 2886611
	Voluntary context switches: 1191349
	Involuntary context switches: 91881
	Swaps: 0
	File system inputs: 0
	File system outputs: 186464
	Socket messages sent: 0
	Socket messages received: 0
	Signals delivered: 0
	Page size (bytes): 4096
	Exit status: 0
