Thu Feb  4 18:14:27 EST 2021
c22b-s26.ufhpc
/blue/garrett/rp3448/analysis/guidemaker/AVXGuidemaker
My SLURM_ARRAY_TASK_ID:  2
My TMPDIR IS:  /scratch/local/63828731
Input Genome:>>>>>>>>>>>>>>>>>>>>>>>>>>>>>>>>>>>>>>>>>>>  Burkholderia_thailandensis_E264_ATCC_700388_133.gbk
Input PAM:>>>>>>>>>>>>>>>>>>>>>>>>>>>>>>>>>>>>>>>>>>>  NNAGAAW
Threads used:>>>>>>>>>>>>>>>>>>>>>>>>>>>>>>>>>>>>>>>>>>>  1
GuideMaker
2021-02-04 18:14:31,597: INFO     Temp directory is: /scratch/local/63828731/guidemaker_ztvarwnr
2021-02-04 18:14:31,598: INFO     Writing fasta file from genbank file(s)
2021-02-04 18:14:31,599: INFO     check if ../all_test_data/Burkholderia_thailandensis_E264_ATCC_700388_133.gbk is gzipped
2021-02-04 18:14:32,324: INFO     Identifying PAM sites in the genome
2021-02-04 18:14:34,968: INFO     Checking guides for restriction enzymes
2021-02-04 18:14:34,971: INFO     Number of guides removed after checking for restriction enzymes: 0
2021-02-04 18:14:34,971: INFO     Identifing guides that are unique near the PAM site
2021-02-04 18:14:34,979: INFO     Number of guides removed after checking for unique PAM: 422
2021-02-04 18:14:34,979: INFO     Indexing all potential guide sites: 8607. This is the longest step.
2021-02-04 18:14:35,019: INFO     M                   = 16
2021-02-04 18:14:35,019: INFO     indexThreadQty      = 1
2021-02-04 18:14:35,019: INFO     efConstruction      = 10
2021-02-04 18:14:35,019: INFO     maxM			          = 16
2021-02-04 18:14:35,019: INFO     maxM0			          = 32
2021-02-04 18:14:35,020: INFO     mult                = 0.360674
2021-02-04 18:14:35,020: INFO     skip_optimized_index= 0
2021-02-04 18:14:35,020: INFO     delaunay_type       = 2
2021-02-04 18:14:35,020: INFO     Set HNSW query-time parameters:
2021-02-04 18:14:35,020: INFO     ef(Search)         =20
2021-02-04 18:14:35,020: INFO     algoType           =2

0%   10   20   30   40   50   60   70   80   90   100%
|----|----|----|----|----|----|----|----|----|----|
***************************************************

0%   10   20   30   40   50   60   70   80   90   100%
|----|----|----|----|----|----|----|----|----|----|
***************************************************
*2021-02-04 18:14:35,274: INFO     No appropriate custom distance function for Hamming (bit-storage) space
2021-02-04 18:14:35,274: INFO     searchMethod			  = 0
2021-02-04 18:14:35,274: INFO     Identifying guides that have a hamming distance <= 3 to all other potential guides
2021-02-04 18:14:35,285: INFO     Set HNSW query-time parameters:
2021-02-04 18:14:35,285: INFO     ef(Search)         =9
2021-02-04 18:14:35,285: INFO     algoType           =2
2021-02-04 18:14:35,662: INFO     Formatting data for BedTools
2021-02-04 18:14:35,679: INFO     Create GuideMaker Annotation object
2021-02-04 18:14:35,679: INFO     Identify genomic features
2021-02-04 18:14:35,680: INFO     check if ../all_test_data/Burkholderia_thailandensis_E264_ATCC_700388_133.gbk is gzipped
2021-02-04 18:14:36,466: INFO     Total number of CDS/locus in the input genome: 5633
2021-02-04 18:14:36,466: INFO     Find genomic features closest the guides
2021-02-04 18:14:36,665: INFO     Select guides that start between +500 and -500 of a feature start
2021-02-04 18:14:36,727: INFO     Select description columns
2021-02-04 18:14:36,778: INFO     Format the output
2021-02-04 18:14:36,843: INFO     Number of Guides within a gene coordinates i.e. zero Feature distance: 3304
2021-02-04 18:14:36,906: INFO     creating random control guides
2021-02-04 18:14:36,997: INFO     Number of random control searched: 100
2021-02-04 18:14:36,997: INFO     Percentage of GC content in the input genome: 67.63
2021-02-04 18:14:36,997: INFO     Total length of the genome: 6.4 MB
2021-02-04 18:14:36,997: INFO     created 10 control guides with a minimum distance of 8 and a median distance of 8
2021-02-04 18:14:36,999: INFO     guidemaker completed, results are at TEST
2021-02-04 18:14:36,999: INFO     PAM sequence: NNAGAAW
2021-02-04 18:14:36,999: INFO     PAM orientation: 3prime
2021-02-04 18:14:36,999: INFO     Genome strand(s) searched: both
2021-02-04 18:14:36,999: INFO     Total PAM sites considered: 8607
2021-02-04 18:14:36,999: INFO     Guide RNA candidates found: 6330
	Command being timed: "guidemaker -i ../all_test_data/Burkholderia_thailandensis_E264_ATCC_700388_133.gbk --pamseq NNAGAAW --outdir TEST --pam_orientation 3prime --guidelength 20 --strand both --lcp 11 --dist 3 --before 500 --into 500 --knum 10 --controls 10 --log GM_63828731_2.log --threads 1"
	User time (seconds): 7.72
	System time (seconds): 1.94
	Percent of CPU this job got: 152%
	Elapsed (wall clock) time (h:mm:ss or m:ss): 0:06.33
	Average shared text size (kbytes): 0
	Average unshared data size (kbytes): 0
	Average stack size (kbytes): 0
	Average total size (kbytes): 0
	Maximum resident set size (kbytes): 138128
	Average resident set size (kbytes): 0
	Major (requiring I/O) page faults: 0
	Minor (reclaiming a frame) page faults: 173648
	Voluntary context switches: 1529
	Involuntary context switches: 80070
	Swaps: 0
	File system inputs: 0
	File system outputs: 25744
	Socket messages sent: 0
	Socket messages received: 0
	Signals delivered: 0
	Page size (bytes): 4096
	Exit status: 0
My SLURM_ARRAY_TASK_ID:  2
My TMPDIR IS:  /scratch/local/63828731
Input Genome:>>>>>>>>>>>>>>>>>>>>>>>>>>>>>>>>>>>>>>>>>>>  Burkholderia_thailandensis_E264_ATCC_700388_133.gbk
Input PAM:>>>>>>>>>>>>>>>>>>>>>>>>>>>>>>>>>>>>>>>>>>>  NNAGAAW
Threads used:>>>>>>>>>>>>>>>>>>>>>>>>>>>>>>>>>>>>>>>>>>>  2
GuideMaker
2021-02-04 18:14:37,916: INFO     Temp directory is: /scratch/local/63828731/guidemaker_n39t4wef
2021-02-04 18:14:37,917: INFO     Writing fasta file from genbank file(s)
2021-02-04 18:14:37,917: INFO     check if ../all_test_data/Burkholderia_thailandensis_E264_ATCC_700388_133.gbk is gzipped
2021-02-04 18:14:38,672: INFO     Identifying PAM sites in the genome
2021-02-04 18:14:41,407: INFO     Checking guides for restriction enzymes
2021-02-04 18:14:41,410: INFO     Number of guides removed after checking for restriction enzymes: 0
2021-02-04 18:14:41,410: INFO     Identifing guides that are unique near the PAM site
2021-02-04 18:14:41,418: INFO     Number of guides removed after checking for unique PAM: 422
2021-02-04 18:14:41,418: INFO     Indexing all potential guide sites: 8607. This is the longest step.
2021-02-04 18:14:41,458: INFO     M                   = 16
2021-02-04 18:14:41,458: INFO     indexThreadQty      = 2
2021-02-04 18:14:41,458: INFO     efConstruction      = 10
2021-02-04 18:14:41,459: INFO     maxM			          = 16
2021-02-04 18:14:41,459: INFO     maxM0			          = 32
2021-02-04 18:14:41,459: INFO     mult                = 0.360674
2021-02-04 18:14:41,459: INFO     skip_optimized_index= 0
2021-02-04 18:14:41,459: INFO     delaunay_type       = 2
2021-02-04 18:14:41,459: INFO     Set HNSW query-time parameters:
2021-02-04 18:14:41,459: INFO     ef(Search)         =20
2021-02-04 18:14:41,459: INFO     algoType           =2

0%   10   20   30   40   50   60   70   80   90   100%
|----|----|----|----|----|----|----|----|----|----|
***************************************************

0%   10   20   30   40   50   60   70   80   90   100%
|----|----|----|----|----|----|----|----|----|----|
****************************************************2021-02-04 18:14:41,621: INFO     No appropriate custom distance function for Hamming (bit-storage) space
2021-02-04 18:14:41,621: INFO     searchMethod			  = 0
2021-02-04 18:14:41,621: INFO     Identifying guides that have a hamming distance <= 3 to all other potential guides
2021-02-04 18:14:41,631: INFO     Set HNSW query-time parameters:
2021-02-04 18:14:41,631: INFO     ef(Search)         =9
2021-02-04 18:14:41,631: INFO     algoType           =2
2021-02-04 18:14:41,994: INFO     Formatting data for BedTools
2021-02-04 18:14:42,011: INFO     Create GuideMaker Annotation object
2021-02-04 18:14:42,011: INFO     Identify genomic features
2021-02-04 18:14:42,011: INFO     check if ../all_test_data/Burkholderia_thailandensis_E264_ATCC_700388_133.gbk is gzipped
2021-02-04 18:14:42,822: INFO     Total number of CDS/locus in the input genome: 5633
2021-02-04 18:14:42,822: INFO     Find genomic features closest the guides
2021-02-04 18:14:43,021: INFO     Select guides that start between +500 and -500 of a feature start
2021-02-04 18:14:43,081: INFO     Select description columns
2021-02-04 18:14:43,130: INFO     Format the output
2021-02-04 18:14:43,192: INFO     Number of Guides within a gene coordinates i.e. zero Feature distance: 3304
2021-02-04 18:14:43,254: INFO     creating random control guides
2021-02-04 18:14:43,345: INFO     Number of random control searched: 100
2021-02-04 18:14:43,345: INFO     Percentage of GC content in the input genome: 67.63
2021-02-04 18:14:43,345: INFO     Total length of the genome: 6.4 MB
2021-02-04 18:14:43,345: INFO     created 10 control guides with a minimum distance of 8 and a median distance of 8
2021-02-04 18:14:43,348: INFO     guidemaker completed, results are at TEST
2021-02-04 18:14:43,348: INFO     PAM sequence: NNAGAAW
2021-02-04 18:14:43,348: INFO     PAM orientation: 3prime
2021-02-04 18:14:43,348: INFO     Genome strand(s) searched: both
2021-02-04 18:14:43,348: INFO     Total PAM sites considered: 8607
2021-02-04 18:14:43,348: INFO     Guide RNA candidates found: 6330
	Command being timed: "guidemaker -i ../all_test_data/Burkholderia_thailandensis_E264_ATCC_700388_133.gbk --pamseq NNAGAAW --outdir TEST --pam_orientation 3prime --guidelength 20 --strand both --lcp 11 --dist 3 --before 500 --into 500 --knum 10 --controls 10 --log GM_63828731_2.log --threads 2"
	User time (seconds): 8.06
	System time (seconds): 1.83
	Percent of CPU this job got: 156%
	Elapsed (wall clock) time (h:mm:ss or m:ss): 0:06.34
	Average shared text size (kbytes): 0
	Average unshared data size (kbytes): 0
	Average stack size (kbytes): 0
	Average total size (kbytes): 0
	Maximum resident set size (kbytes): 141672
	Average resident set size (kbytes): 0
	Major (requiring I/O) page faults: 0
	Minor (reclaiming a frame) page faults: 175079
	Voluntary context switches: 2882
	Involuntary context switches: 56767
	Swaps: 0
	File system inputs: 0
	File system outputs: 25744
	Socket messages sent: 0
	Socket messages received: 0
	Signals delivered: 0
	Page size (bytes): 4096
	Exit status: 0
My SLURM_ARRAY_TASK_ID:  2
My TMPDIR IS:  /scratch/local/63828731
Input Genome:>>>>>>>>>>>>>>>>>>>>>>>>>>>>>>>>>>>>>>>>>>>  Burkholderia_thailandensis_E264_ATCC_700388_133.gbk
Input PAM:>>>>>>>>>>>>>>>>>>>>>>>>>>>>>>>>>>>>>>>>>>>  NNAGAAW
Threads used:>>>>>>>>>>>>>>>>>>>>>>>>>>>>>>>>>>>>>>>>>>>  4
GuideMaker
2021-02-04 18:14:44,292: INFO     Temp directory is: /scratch/local/63828731/guidemaker_4b6mvrw7
2021-02-04 18:14:44,292: INFO     Writing fasta file from genbank file(s)
2021-02-04 18:14:44,292: INFO     check if ../all_test_data/Burkholderia_thailandensis_E264_ATCC_700388_133.gbk is gzipped
2021-02-04 18:14:45,025: INFO     Identifying PAM sites in the genome
2021-02-04 18:14:47,900: INFO     Checking guides for restriction enzymes
2021-02-04 18:14:47,902: INFO     Number of guides removed after checking for restriction enzymes: 0
2021-02-04 18:14:47,902: INFO     Identifing guides that are unique near the PAM site
2021-02-04 18:14:47,910: INFO     Number of guides removed after checking for unique PAM: 422
2021-02-04 18:14:47,910: INFO     Indexing all potential guide sites: 8607. This is the longest step.
2021-02-04 18:14:47,950: INFO     M                   = 16
2021-02-04 18:14:47,950: INFO     indexThreadQty      = 4
2021-02-04 18:14:47,950: INFO     efConstruction      = 10
2021-02-04 18:14:47,950: INFO     maxM			          = 16
2021-02-04 18:14:47,950: INFO     maxM0			          = 32
2021-02-04 18:14:47,951: INFO     mult                = 0.360674
2021-02-04 18:14:47,951: INFO     skip_optimized_index= 0
2021-02-04 18:14:47,951: INFO     delaunay_type       = 2
2021-02-04 18:14:47,951: INFO     Set HNSW query-time parameters:
2021-02-04 18:14:47,951: INFO     ef(Search)         =20
2021-02-04 18:14:47,951: INFO     algoType           =2

0%   10   20   30   40   50   60   70   80   90   100%
|----|----|----|----|----|----|----|----|----|----|
***************************************************

0%   10   20   30   40   50   60   70   80   90   100%
|----|----|----|----|----|----|----|----|----|----|
****************************************************2021-02-04 18:14:48,061: INFO     No appropriate custom distance function for Hamming (bit-storage) space
2021-02-04 18:14:48,061: INFO     searchMethod			  = 0
2021-02-04 18:14:48,062: INFO     Identifying guides that have a hamming distance <= 3 to all other potential guides
2021-02-04 18:14:48,072: INFO     Set HNSW query-time parameters:
2021-02-04 18:14:48,073: INFO     ef(Search)         =9
2021-02-04 18:14:48,073: INFO     algoType           =2
2021-02-04 18:14:48,404: INFO     Formatting data for BedTools
2021-02-04 18:14:48,419: INFO     Create GuideMaker Annotation object
2021-02-04 18:14:48,420: INFO     Identify genomic features
2021-02-04 18:14:48,420: INFO     check if ../all_test_data/Burkholderia_thailandensis_E264_ATCC_700388_133.gbk is gzipped
2021-02-04 18:14:49,193: INFO     Total number of CDS/locus in the input genome: 5633
2021-02-04 18:14:49,193: INFO     Find genomic features closest the guides
2021-02-04 18:14:49,393: INFO     Select guides that start between +500 and -500 of a feature start
2021-02-04 18:14:49,453: INFO     Select description columns
2021-02-04 18:14:49,502: INFO     Format the output
2021-02-04 18:14:49,564: INFO     Number of Guides within a gene coordinates i.e. zero Feature distance: 3304
2021-02-04 18:14:49,629: INFO     creating random control guides
2021-02-04 18:14:49,719: INFO     Number of random control searched: 100
2021-02-04 18:14:49,719: INFO     Percentage of GC content in the input genome: 67.63
2021-02-04 18:14:49,719: INFO     Total length of the genome: 6.4 MB
2021-02-04 18:14:49,719: INFO     created 10 control guides with a minimum distance of 8 and a median distance of 8
2021-02-04 18:14:49,722: INFO     guidemaker completed, results are at TEST
2021-02-04 18:14:49,722: INFO     PAM sequence: NNAGAAW
2021-02-04 18:14:49,722: INFO     PAM orientation: 3prime
2021-02-04 18:14:49,722: INFO     Genome strand(s) searched: both
2021-02-04 18:14:49,722: INFO     Total PAM sites considered: 8607
2021-02-04 18:14:49,722: INFO     Guide RNA candidates found: 6330
	Command being timed: "guidemaker -i ../all_test_data/Burkholderia_thailandensis_E264_ATCC_700388_133.gbk --pamseq NNAGAAW --outdir TEST --pam_orientation 3prime --guidelength 20 --strand both --lcp 11 --dist 3 --before 500 --into 500 --knum 10 --controls 10 --log GM_63828731_2.log --threads 4"
	User time (seconds): 7.70
	System time (seconds): 1.90
	Percent of CPU this job got: 150%
	Elapsed (wall clock) time (h:mm:ss or m:ss): 0:06.36
	Average shared text size (kbytes): 0
	Average unshared data size (kbytes): 0
	Average stack size (kbytes): 0
	Average total size (kbytes): 0
	Maximum resident set size (kbytes): 141660
	Average resident set size (kbytes): 0
	Major (requiring I/O) page faults: 0
	Minor (reclaiming a frame) page faults: 175277
	Voluntary context switches: 5057
	Involuntary context switches: 571303
	Swaps: 0
	File system inputs: 0
	File system outputs: 25744
	Socket messages sent: 0
	Socket messages received: 0
	Signals delivered: 0
	Page size (bytes): 4096
	Exit status: 0
My SLURM_ARRAY_TASK_ID:  2
My TMPDIR IS:  /scratch/local/63828731
Input Genome:>>>>>>>>>>>>>>>>>>>>>>>>>>>>>>>>>>>>>>>>>>>  Burkholderia_thailandensis_E264_ATCC_700388_133.gbk
Input PAM:>>>>>>>>>>>>>>>>>>>>>>>>>>>>>>>>>>>>>>>>>>>  NNAGAAW
Threads used:>>>>>>>>>>>>>>>>>>>>>>>>>>>>>>>>>>>>>>>>>>>  8
GuideMaker
2021-02-04 18:14:50,653: INFO     Temp directory is: /scratch/local/63828731/guidemaker_nw32ttac
2021-02-04 18:14:50,654: INFO     Writing fasta file from genbank file(s)
2021-02-04 18:14:50,654: INFO     check if ../all_test_data/Burkholderia_thailandensis_E264_ATCC_700388_133.gbk is gzipped
2021-02-04 18:14:51,388: INFO     Identifying PAM sites in the genome
2021-02-04 18:14:54,084: INFO     Checking guides for restriction enzymes
2021-02-04 18:14:54,086: INFO     Number of guides removed after checking for restriction enzymes: 0
2021-02-04 18:14:54,087: INFO     Identifing guides that are unique near the PAM site
2021-02-04 18:14:54,094: INFO     Number of guides removed after checking for unique PAM: 422
2021-02-04 18:14:54,094: INFO     Indexing all potential guide sites: 8607. This is the longest step.
2021-02-04 18:14:54,134: INFO     M                   = 16
2021-02-04 18:14:54,134: INFO     indexThreadQty      = 8
2021-02-04 18:14:54,134: INFO     efConstruction      = 10
2021-02-04 18:14:54,134: INFO     maxM			          = 16
2021-02-04 18:14:54,134: INFO     maxM0			          = 32
2021-02-04 18:14:54,134: INFO     mult                = 0.360674
2021-02-04 18:14:54,135: INFO     skip_optimized_index= 0
2021-02-04 18:14:54,135: INFO     delaunay_type       = 2
2021-02-04 18:14:54,135: INFO     Set HNSW query-time parameters:
2021-02-04 18:14:54,135: INFO     ef(Search)         =20
2021-02-04 18:14:54,135: INFO     algoType           =2

0%   10   20   30   40   50   60   70   80   90   100%
|----|----|----|----|----|----|----|----|----|----|
***************************************************

0%   10   20   30   40   50   60   70   80   90   100%
|----|----|----|----|----|----|----|----|----|----|
********************************************************2021-02-04 18:14:54,199: INFO     No appropriate custom distance function for Hamming (bit-storage) space
2021-02-04 18:14:54,200: INFO     searchMethod			  = 0
2021-02-04 18:14:54,200: INFO     Identifying guides that have a hamming distance <= 3 to all other potential guides
2021-02-04 18:14:54,210: INFO     Set HNSW query-time parameters:
2021-02-04 18:14:54,210: INFO     ef(Search)         =9
2021-02-04 18:14:54,210: INFO     algoType           =2
2021-02-04 18:14:54,507: INFO     Formatting data for BedTools
2021-02-04 18:14:54,522: INFO     Create GuideMaker Annotation object
2021-02-04 18:14:54,523: INFO     Identify genomic features
2021-02-04 18:14:54,523: INFO     check if ../all_test_data/Burkholderia_thailandensis_E264_ATCC_700388_133.gbk is gzipped
2021-02-04 18:14:55,304: INFO     Total number of CDS/locus in the input genome: 5633
2021-02-04 18:14:55,304: INFO     Find genomic features closest the guides
2021-02-04 18:14:55,503: INFO     Select guides that start between +500 and -500 of a feature start
2021-02-04 18:14:55,564: INFO     Select description columns
2021-02-04 18:14:55,613: INFO     Format the output
2021-02-04 18:14:55,676: INFO     Number of Guides within a gene coordinates i.e. zero Feature distance: 3304
2021-02-04 18:14:55,745: INFO     creating random control guides
2021-02-04 18:14:55,835: INFO     Number of random control searched: 100
2021-02-04 18:14:55,835: INFO     Percentage of GC content in the input genome: 67.63
2021-02-04 18:14:55,835: INFO     Total length of the genome: 6.4 MB
2021-02-04 18:14:55,835: INFO     created 10 control guides with a minimum distance of 8 and a median distance of 8
2021-02-04 18:14:55,838: INFO     guidemaker completed, results are at TEST
2021-02-04 18:14:55,838: INFO     PAM sequence: NNAGAAW
2021-02-04 18:14:55,838: INFO     PAM orientation: 3prime
2021-02-04 18:14:55,838: INFO     Genome strand(s) searched: both
2021-02-04 18:14:55,838: INFO     Total PAM sites considered: 8607
2021-02-04 18:14:55,838: INFO     Guide RNA candidates found: 6330
	Command being timed: "guidemaker -i ../all_test_data/Burkholderia_thailandensis_E264_ATCC_700388_133.gbk --pamseq NNAGAAW --outdir TEST --pam_orientation 3prime --guidelength 20 --strand both --lcp 11 --dist 3 --before 500 --into 500 --knum 10 --controls 10 --log GM_63828731_2.log --threads 8"
	User time (seconds): 7.97
	System time (seconds): 1.83
	Percent of CPU this job got: 160%
	Elapsed (wall clock) time (h:mm:ss or m:ss): 0:06.11
	Average shared text size (kbytes): 0
	Average unshared data size (kbytes): 0
	Average stack size (kbytes): 0
	Average total size (kbytes): 0
	Maximum resident set size (kbytes): 141664
	Average resident set size (kbytes): 0
	Major (requiring I/O) page faults: 0
	Minor (reclaiming a frame) page faults: 161408
	Voluntary context switches: 7475
	Involuntary context switches: 143678
	Swaps: 0
	File system inputs: 8
	File system outputs: 25728
	Socket messages sent: 0
	Socket messages received: 0
	Signals delivered: 0
	Page size (bytes): 4096
	Exit status: 0
My SLURM_ARRAY_TASK_ID:  2
My TMPDIR IS:  /scratch/local/63828731
Input Genome:>>>>>>>>>>>>>>>>>>>>>>>>>>>>>>>>>>>>>>>>>>>  Burkholderia_thailandensis_E264_ATCC_700388_133.gbk
Input PAM:>>>>>>>>>>>>>>>>>>>>>>>>>>>>>>>>>>>>>>>>>>>  NNAGAAW
Threads used:>>>>>>>>>>>>>>>>>>>>>>>>>>>>>>>>>>>>>>>>>>>  16
GuideMaker
2021-02-04 18:14:56,800: INFO     Temp directory is: /scratch/local/63828731/guidemaker__lm2cbsm
2021-02-04 18:14:56,800: INFO     Writing fasta file from genbank file(s)
2021-02-04 18:14:56,800: INFO     check if ../all_test_data/Burkholderia_thailandensis_E264_ATCC_700388_133.gbk is gzipped
2021-02-04 18:14:57,535: INFO     Identifying PAM sites in the genome
2021-02-04 18:15:00,270: INFO     Checking guides for restriction enzymes
2021-02-04 18:15:00,272: INFO     Number of guides removed after checking for restriction enzymes: 0
2021-02-04 18:15:00,272: INFO     Identifing guides that are unique near the PAM site
2021-02-04 18:15:00,280: INFO     Number of guides removed after checking for unique PAM: 422
2021-02-04 18:15:00,280: INFO     Indexing all potential guide sites: 8607. This is the longest step.
2021-02-04 18:15:00,322: INFO     M                   = 16
2021-02-04 18:15:00,322: INFO     indexThreadQty      = 16
2021-02-04 18:15:00,322: INFO     efConstruction      = 10
2021-02-04 18:15:00,322: INFO     maxM			          = 16
2021-02-04 18:15:00,323: INFO     maxM0			          = 32
2021-02-04 18:15:00,323: INFO     mult                = 0.360674
2021-02-04 18:15:00,323: INFO     skip_optimized_index= 0
2021-02-04 18:15:00,323: INFO     delaunay_type       = 2
2021-02-04 18:15:00,323: INFO     Set HNSW query-time parameters:
2021-02-04 18:15:00,323: INFO     ef(Search)         =20
2021-02-04 18:15:00,323: INFO     algoType           =2

0%   10   20   30   40   50   60   70   80   90   100%
|----|----|----|----|----|----|----|----|----|----|
***************************************************

0%   10   20   30   40   50   60   70   80   90   100%
|----|----|----|----|----|----|----|----|----|----|
*******************************************************2021-02-04 18:15:00,368: INFO     No appropriate custom distance function for Hamming (bit-storage) space
2021-02-04 18:15:00,368: INFO     searchMethod			  = 0
2021-02-04 18:15:00,368: INFO     Identifying guides that have a hamming distance <= 3 to all other potential guides
2021-02-04 18:15:00,379: INFO     Set HNSW query-time parameters:
2021-02-04 18:15:00,379: INFO     ef(Search)         =9
2021-02-04 18:15:00,380: INFO     algoType           =2
2021-02-04 18:15:00,687: INFO     Formatting data for BedTools
2021-02-04 18:15:00,704: INFO     Create GuideMaker Annotation object
2021-02-04 18:15:00,704: INFO     Identify genomic features
2021-02-04 18:15:00,705: INFO     check if ../all_test_data/Burkholderia_thailandensis_E264_ATCC_700388_133.gbk is gzipped
2021-02-04 18:15:01,486: INFO     Total number of CDS/locus in the input genome: 5633
2021-02-04 18:15:01,486: INFO     Find genomic features closest the guides
2021-02-04 18:15:01,687: INFO     Select guides that start between +500 and -500 of a feature start
2021-02-04 18:15:01,747: INFO     Select description columns
2021-02-04 18:15:01,796: INFO     Format the output
2021-02-04 18:15:01,857: INFO     Number of Guides within a gene coordinates i.e. zero Feature distance: 3304
2021-02-04 18:15:01,920: INFO     creating random control guides
2021-02-04 18:15:02,009: INFO     Number of random control searched: 100
2021-02-04 18:15:02,009: INFO     Percentage of GC content in the input genome: 67.63
2021-02-04 18:15:02,010: INFO     Total length of the genome: 6.4 MB
2021-02-04 18:15:02,010: INFO     created 10 control guides with a minimum distance of 8 and a median distance of 8
2021-02-04 18:15:02,012: INFO     guidemaker completed, results are at TEST
2021-02-04 18:15:02,012: INFO     PAM sequence: NNAGAAW
2021-02-04 18:15:02,012: INFO     PAM orientation: 3prime
2021-02-04 18:15:02,012: INFO     Genome strand(s) searched: both
2021-02-04 18:15:02,012: INFO     Total PAM sites considered: 8607
2021-02-04 18:15:02,012: INFO     Guide RNA candidates found: 6330
	Command being timed: "guidemaker -i ../all_test_data/Burkholderia_thailandensis_E264_ATCC_700388_133.gbk --pamseq NNAGAAW --outdir TEST --pam_orientation 3prime --guidelength 20 --strand both --lcp 11 --dist 3 --before 500 --into 500 --knum 10 --controls 10 --log GM_63828731_2.log --threads 16"
	User time (seconds): 8.05
	System time (seconds): 1.89
	Percent of CPU this job got: 161%
	Elapsed (wall clock) time (h:mm:ss or m:ss): 0:06.16
	Average shared text size (kbytes): 0
	Average unshared data size (kbytes): 0
	Average stack size (kbytes): 0
	Average total size (kbytes): 0
	Maximum resident set size (kbytes): 141788
	Average resident set size (kbytes): 0
	Major (requiring I/O) page faults: 0
	Minor (reclaiming a frame) page faults: 174461
	Voluntary context switches: 13853
	Involuntary context switches: 256589
	Swaps: 0
	File system inputs: 0
	File system outputs: 25728
	Socket messages sent: 0
	Socket messages received: 0
	Signals delivered: 0
	Page size (bytes): 4096
	Exit status: 0
My SLURM_ARRAY_TASK_ID:  2
My TMPDIR IS:  /scratch/local/63828731
Input Genome:>>>>>>>>>>>>>>>>>>>>>>>>>>>>>>>>>>>>>>>>>>>  Burkholderia_thailandensis_E264_ATCC_700388_133.gbk
Input PAM:>>>>>>>>>>>>>>>>>>>>>>>>>>>>>>>>>>>>>>>>>>>  NNAGAAW
Threads used:>>>>>>>>>>>>>>>>>>>>>>>>>>>>>>>>>>>>>>>>>>>  32
GuideMaker
2021-02-04 18:15:03,388: INFO     Temp directory is: /scratch/local/63828731/guidemaker_1uiy68cl
2021-02-04 18:15:03,388: INFO     Writing fasta file from genbank file(s)
2021-02-04 18:15:03,388: INFO     check if ../all_test_data/Burkholderia_thailandensis_E264_ATCC_700388_133.gbk is gzipped
2021-02-04 18:15:04,125: INFO     Identifying PAM sites in the genome
2021-02-04 18:15:06,798: INFO     Checking guides for restriction enzymes
2021-02-04 18:15:06,801: INFO     Number of guides removed after checking for restriction enzymes: 0
2021-02-04 18:15:06,801: INFO     Identifing guides that are unique near the PAM site
2021-02-04 18:15:06,810: INFO     Number of guides removed after checking for unique PAM: 422
2021-02-04 18:15:06,810: INFO     Indexing all potential guide sites: 8607. This is the longest step.
2021-02-04 18:15:06,851: INFO     M                   = 16
2021-02-04 18:15:06,851: INFO     indexThreadQty      = 32
2021-02-04 18:15:06,851: INFO     efConstruction      = 10
2021-02-04 18:15:06,851: INFO     maxM			          = 16
2021-02-04 18:15:06,851: INFO     maxM0			          = 32
2021-02-04 18:15:06,852: INFO     mult                = 0.360674
2021-02-04 18:15:06,852: INFO     skip_optimized_index= 0
2021-02-04 18:15:06,852: INFO     delaunay_type       = 2
2021-02-04 18:15:06,852: INFO     Set HNSW query-time parameters:
2021-02-04 18:15:06,852: INFO     ef(Search)         =20
2021-02-04 18:15:06,852: INFO     algoType           =2

0%   10   20   30   40   50   60   70   80   90   100%
|----|----|----|----|----|----|----|----|----|----|
***************************************************

0%   10   20   30   40   50   60   70   80   90   100%
|----|----|----|----|----|----|----|----|----|----|
*******************************************************2021-02-04 18:15:06,889: INFO     No appropriate custom distance function for Hamming (bit-storage) space
2021-02-04 18:15:06,890: INFO     searchMethod			  = 0
2021-02-04 18:15:06,890: INFO     Identifying guides that have a hamming distance <= 3 to all other potential guides
2021-02-04 18:15:06,901: INFO     Set HNSW query-time parameters:
2021-02-04 18:15:06,901: INFO     ef(Search)         =9
2021-02-04 18:15:06,901: INFO     algoType           =2
2021-02-04 18:15:07,213: INFO     Formatting data for BedTools
2021-02-04 18:15:07,230: INFO     Create GuideMaker Annotation object
2021-02-04 18:15:07,231: INFO     Identify genomic features
2021-02-04 18:15:07,231: INFO     check if ../all_test_data/Burkholderia_thailandensis_E264_ATCC_700388_133.gbk is gzipped
2021-02-04 18:15:08,022: INFO     Total number of CDS/locus in the input genome: 5633
2021-02-04 18:15:08,022: INFO     Find genomic features closest the guides
2021-02-04 18:15:08,227: INFO     Select guides that start between +500 and -500 of a feature start
2021-02-04 18:15:08,286: INFO     Select description columns
2021-02-04 18:15:08,335: INFO     Format the output
2021-02-04 18:15:08,398: INFO     Number of Guides within a gene coordinates i.e. zero Feature distance: 3304
2021-02-04 18:15:08,461: INFO     creating random control guides
2021-02-04 18:15:08,551: INFO     Number of random control searched: 100
2021-02-04 18:15:08,551: INFO     Percentage of GC content in the input genome: 67.63
2021-02-04 18:15:08,551: INFO     Total length of the genome: 6.4 MB
2021-02-04 18:15:08,552: INFO     created 10 control guides with a minimum distance of 8 and a median distance of 8
2021-02-04 18:15:08,555: INFO     guidemaker completed, results are at TEST
2021-02-04 18:15:08,555: INFO     PAM sequence: NNAGAAW
2021-02-04 18:15:08,555: INFO     PAM orientation: 3prime
2021-02-04 18:15:08,555: INFO     Genome strand(s) searched: both
2021-02-04 18:15:08,555: INFO     Total PAM sites considered: 8607
2021-02-04 18:15:08,555: INFO     Guide RNA candidates found: 6330
	Command being timed: "guidemaker -i ../all_test_data/Burkholderia_thailandensis_E264_ATCC_700388_133.gbk --pamseq NNAGAAW --outdir TEST --pam_orientation 3prime --guidelength 20 --strand both --lcp 11 --dist 3 --before 500 --into 500 --knum 10 --controls 10 --log GM_63828731_2.log --threads 32"
	User time (seconds): 8.26
	System time (seconds): 2.29
	Percent of CPU this job got: 161%
	Elapsed (wall clock) time (h:mm:ss or m:ss): 0:06.54
	Average shared text size (kbytes): 0
	Average unshared data size (kbytes): 0
	Average stack size (kbytes): 0
	Average total size (kbytes): 0
	Maximum resident set size (kbytes): 141904
	Average resident set size (kbytes): 0
	Major (requiring I/O) page faults: 0
	Minor (reclaiming a frame) page faults: 174963
	Voluntary context switches: 26965
	Involuntary context switches: 73602
	Swaps: 0
	File system inputs: 0
	File system outputs: 25744
	Socket messages sent: 0
	Socket messages received: 0
	Signals delivered: 0
	Page size (bytes): 4096
	Exit status: 0
