slurmstepd: error: Unable to create TMPDIR [/scratch/local/58616138]: Permission denied
slurmstepd: error: Setting TMPDIR to /tmp
Mon Sep 14 14:55:16 EDT 2020
c24b-s26.ufhpc
/blue/garrett/rp3448/analysis/guidemaker/AVXGuidemaker/GuideMaker
My SLURM_ARRAY_TASK_ID:  4
My TMPDIR IS:  /tmp
Input Genome:>>>>>>>>>>>>>>>>>>>>>>>>>>>>>>>>>>>>>>>>>>>  Pseudomonas_aeruginosa_PAO1_107.gbk
Threads used:>>>>>>>>>>>>>>>>>>>>>>>>>>>>>>>>>>>>>>>>>>>  1
GuideMaker
2020-09-14 14:55:21,030: INFO     Temp directory is: /tmp/guidemaker_xxki4u7k
2020-09-14 14:55:21,031: INFO     Writing fasta file from genbank file(s)
2020-09-14 14:55:21,034: INFO     check if ../../all_test_data/Pseudomonas_aeruginosa_PAO1_107.gbk is gzipped
/home/rp3448/.conda/envs/avx2/lib/python3.7/site-packages/Bio/GenBank/Scanner.py:1400: BiopythonParserWarning: Truncated LOCUS line found - is this correct?
:'LOCUS       NC_002516            6264404 bp    dna     circular UNK \n'
  BiopythonParserWarning,
/home/rp3448/.conda/envs/avx2/lib/python3.7/site-packages/Bio/GenBank/__init__.py:762: BiopythonParserWarning: Non-upper case molecule type in LOCUS line: dna
  BiopythonParserWarning,
2020-09-14 14:55:22,081: INFO     Identifying PAM sites in the genome
2020-09-14 14:56:21,922: INFO     Identifing guides that are unique near the PAM site
2020-09-14 14:56:23,431: INFO     Indexing all potential guide sites: 1171800. This is the longest step.
2020-09-14 14:56:29,006: INFO     M                   = 16
2020-09-14 14:56:29,006: INFO     indexThreadQty      = 1
2020-09-14 14:56:29,006: INFO     efConstruction      = 10
2020-09-14 14:56:29,006: INFO     maxM			          = 16
2020-09-14 14:56:29,006: INFO     maxM0			          = 32
2020-09-14 14:56:29,006: INFO     mult                = 0.360674
2020-09-14 14:56:29,006: INFO     skip_optimized_index= 0
2020-09-14 14:56:29,006: INFO     delaunay_type       = 2
2020-09-14 14:56:29,006: INFO     Set HNSW query-time parameters:
2020-09-14 14:56:29,006: INFO     ef(Search)         =20
2020-09-14 14:56:29,006: INFO     algoType           =2

0%   10   20   30   40   50   60   70   80   90   100%
|----|----|----|----|----|----|----|----|----|----|
***************************************************

0%   10   20   30   40   50   60   70   80   90   100%
|----|----|----|----|----|----|----|----|----|----|
***************************************************
*2020-09-14 14:58:26,357: INFO     No appropriate custom distance function for Hamming (bit-storage) space
2020-09-14 14:58:26,358: INFO     searchMethod			  = 0
2020-09-14 14:58:26,454: INFO     Identifying guides that have a hamming distance <= 3 to all other potential guides
2020-09-14 14:58:26,771: INFO     Set HNSW query-time parameters:
2020-09-14 14:58:26,771: INFO     ef(Search)         =9
2020-09-14 14:58:26,771: INFO     algoType           =2
2020-09-14 14:58:42,833: INFO     Formatting data for BedTools
2020-09-14 14:58:43,290: INFO     Create GuideMaker Annotation object
2020-09-14 14:58:43,290: INFO     Identify genomic features
2020-09-14 14:58:43,290: INFO     check if ../../all_test_data/Pseudomonas_aeruginosa_PAO1_107.gbk is gzipped
2020-09-14 14:58:44,790: INFO     Total number of CDS/locus in the input genome: 5584
2020-09-14 14:58:44,790: INFO     Find genomic features closest the guides
2020-09-14 14:58:47,392: INFO     Select guides that start between +100 and -100 of a feature start
2020-09-14 14:58:47,570: INFO     Select description columns
2020-09-14 14:58:47,617: INFO     Format the output
2020-09-14 14:58:48,701: INFO     creating random control guides
2020-09-14 14:58:48,793: INFO     Number of random control searched: 100
2020-09-14 14:58:48,794: INFO     Percentage of GC content in the input genome: 66.56
2020-09-14 14:58:48,794: INFO     Total length of the genome: 6.0 MB
2020-09-14 14:58:48,794: INFO     created 10 control guides with a minimum distance of 7 and a median distance of 7
2020-09-14 14:58:48,797: INFO     guidemaker completed, results are at TEST
2020-09-14 14:58:48,797: INFO     PAM sequence: NGG
2020-09-14 14:58:48,797: INFO     PAM orientation: 5prime
2020-09-14 14:58:48,797: INFO     Genome strand(s) searched: both
2020-09-14 14:58:48,797: INFO     Total PAM sites considered: 1171800
2020-09-14 14:58:48,797: INFO     Guide RNA candidates found: 45901
	Command being timed: "guidemaker -i ../../all_test_data/Pseudomonas_aeruginosa_PAO1_107.gbk --pamseq NGG --outdir TEST --pam_orientation 5prime --guidelength 20 --strand both --lcp 10 --dist 3 --before 100 --into 100 --knum 10 --controls 10 --log GuideMaker_58625024_4.log --threads 1"
	User time (seconds): 208.92
	System time (seconds): 4.50
	Percent of CPU this job got: 101%
	Elapsed (wall clock) time (h:mm:ss or m:ss): 3:30.56
	Average shared text size (kbytes): 0
	Average unshared data size (kbytes): 0
	Average stack size (kbytes): 0
	Average total size (kbytes): 0
	Maximum resident set size (kbytes): 2415756
	Average resident set size (kbytes): 0
	Major (requiring I/O) page faults: 0
	Minor (reclaiming a frame) page faults: 2224719
	Voluntary context switches: 3083
	Involuntary context switches: 818
	Swaps: 0
	File system inputs: 29424
	File system outputs: 186384
	Socket messages sent: 0
	Socket messages received: 0
	Signals delivered: 0
	Page size (bytes): 4096
	Exit status: 0
My SLURM_ARRAY_TASK_ID:  4
My TMPDIR IS:  /tmp
Input Genome:>>>>>>>>>>>>>>>>>>>>>>>>>>>>>>>>>>>>>>>>>>>  Pseudomonas_aeruginosa_PAO1_107.gbk
Threads used:>>>>>>>>>>>>>>>>>>>>>>>>>>>>>>>>>>>>>>>>>>>  2
GuideMaker
2020-09-14 14:58:51,605: INFO     Temp directory is: /tmp/guidemaker_k8j_8be9
2020-09-14 14:58:51,606: INFO     Writing fasta file from genbank file(s)
2020-09-14 14:58:51,606: INFO     check if ../../all_test_data/Pseudomonas_aeruginosa_PAO1_107.gbk is gzipped
/home/rp3448/.conda/envs/avx2/lib/python3.7/site-packages/Bio/GenBank/Scanner.py:1400: BiopythonParserWarning: Truncated LOCUS line found - is this correct?
:'LOCUS       NC_002516            6264404 bp    dna     circular UNK \n'
  BiopythonParserWarning,
/home/rp3448/.conda/envs/avx2/lib/python3.7/site-packages/Bio/GenBank/__init__.py:762: BiopythonParserWarning: Non-upper case molecule type in LOCUS line: dna
  BiopythonParserWarning,
2020-09-14 14:58:52,395: INFO     Identifying PAM sites in the genome
2020-09-14 14:59:50,037: INFO     Identifing guides that are unique near the PAM site
2020-09-14 14:59:51,520: INFO     Indexing all potential guide sites: 1171800. This is the longest step.
2020-09-14 14:59:56,970: INFO     M                   = 16
2020-09-14 14:59:56,970: INFO     indexThreadQty      = 2
2020-09-14 14:59:56,970: INFO     efConstruction      = 10
2020-09-14 14:59:56,970: INFO     maxM			          = 16
2020-09-14 14:59:56,970: INFO     maxM0			          = 32
2020-09-14 14:59:56,970: INFO     mult                = 0.360674
2020-09-14 14:59:56,970: INFO     skip_optimized_index= 0
2020-09-14 14:59:56,971: INFO     delaunay_type       = 2
2020-09-14 14:59:56,971: INFO     Set HNSW query-time parameters:
2020-09-14 14:59:56,971: INFO     ef(Search)         =20
2020-09-14 14:59:56,971: INFO     algoType           =2

0%   10   20   30   40   50   60   70   80   90   100%
|----|----|----|----|----|----|----|----|----|----|
***************************************************

0%   10   20   30   40   50   60   70   80   90   100%
|----|----|----|----|----|----|----|----|----|----|
****************************************************2020-09-14 15:01:11,618: INFO     No appropriate custom distance function for Hamming (bit-storage) space
2020-09-14 15:01:11,619: INFO     searchMethod			  = 0
2020-09-14 15:01:11,719: INFO     Identifying guides that have a hamming distance <= 3 to all other potential guides
2020-09-14 15:01:12,060: INFO     Set HNSW query-time parameters:
2020-09-14 15:01:12,060: INFO     ef(Search)         =9
2020-09-14 15:01:12,060: INFO     algoType           =2
2020-09-14 15:01:25,613: INFO     Formatting data for BedTools
2020-09-14 15:01:26,006: INFO     Create GuideMaker Annotation object
2020-09-14 15:01:26,006: INFO     Identify genomic features
2020-09-14 15:01:26,006: INFO     check if ../../all_test_data/Pseudomonas_aeruginosa_PAO1_107.gbk is gzipped
2020-09-14 15:01:27,379: INFO     Total number of CDS/locus in the input genome: 5584
2020-09-14 15:01:27,379: INFO     Find genomic features closest the guides
2020-09-14 15:01:30,029: INFO     Select guides that start between +100 and -100 of a feature start
2020-09-14 15:01:30,230: INFO     Select description columns
2020-09-14 15:01:30,276: INFO     Format the output
2020-09-14 15:01:31,388: INFO     creating random control guides
2020-09-14 15:01:31,549: INFO     Number of random control searched: 100
2020-09-14 15:01:31,549: INFO     Percentage of GC content in the input genome: 66.56
2020-09-14 15:01:31,549: INFO     Total length of the genome: 6.0 MB
2020-09-14 15:01:31,549: INFO     created 10 control guides with a minimum distance of 7 and a median distance of 7
2020-09-14 15:01:31,552: INFO     guidemaker completed, results are at TEST
2020-09-14 15:01:31,552: INFO     PAM sequence: NGG
2020-09-14 15:01:31,552: INFO     PAM orientation: 5prime
2020-09-14 15:01:31,552: INFO     Genome strand(s) searched: both
2020-09-14 15:01:31,552: INFO     Total PAM sites considered: 1171800
2020-09-14 15:01:31,552: INFO     Guide RNA candidates found: 45926
	Command being timed: "guidemaker -i ../../all_test_data/Pseudomonas_aeruginosa_PAO1_107.gbk --pamseq NGG --outdir TEST --pam_orientation 5prime --guidelength 20 --strand both --lcp 10 --dist 3 --before 100 --into 100 --knum 10 --controls 10 --log GuideMaker_58625024_4.log --threads 2"
	User time (seconds): 229.46
	System time (seconds): 14.52
	Percent of CPU this job got: 149%
	Elapsed (wall clock) time (h:mm:ss or m:ss): 2:42.95
	Average shared text size (kbytes): 0
	Average unshared data size (kbytes): 0
	Average stack size (kbytes): 0
	Average total size (kbytes): 0
	Maximum resident set size (kbytes): 2591696
	Average resident set size (kbytes): 0
	Major (requiring I/O) page faults: 0
	Minor (reclaiming a frame) page faults: 7980436
	Voluntary context switches: 87616
	Involuntary context switches: 293265
	Swaps: 0
	File system inputs: 0
	File system outputs: 186408
	Socket messages sent: 0
	Socket messages received: 0
	Signals delivered: 0
	Page size (bytes): 4096
	Exit status: 0
My SLURM_ARRAY_TASK_ID:  4
My TMPDIR IS:  /tmp
Input Genome:>>>>>>>>>>>>>>>>>>>>>>>>>>>>>>>>>>>>>>>>>>>  Pseudomonas_aeruginosa_PAO1_107.gbk
Threads used:>>>>>>>>>>>>>>>>>>>>>>>>>>>>>>>>>>>>>>>>>>>  4
GuideMaker
2020-09-14 15:01:34,590: INFO     Temp directory is: /tmp/guidemaker_azclwuk4
2020-09-14 15:01:34,590: INFO     Writing fasta file from genbank file(s)
2020-09-14 15:01:34,591: INFO     check if ../../all_test_data/Pseudomonas_aeruginosa_PAO1_107.gbk is gzipped
/home/rp3448/.conda/envs/avx2/lib/python3.7/site-packages/Bio/GenBank/Scanner.py:1400: BiopythonParserWarning: Truncated LOCUS line found - is this correct?
:'LOCUS       NC_002516            6264404 bp    dna     circular UNK \n'
  BiopythonParserWarning,
/home/rp3448/.conda/envs/avx2/lib/python3.7/site-packages/Bio/GenBank/__init__.py:762: BiopythonParserWarning: Non-upper case molecule type in LOCUS line: dna
  BiopythonParserWarning,
2020-09-14 15:01:35,382: INFO     Identifying PAM sites in the genome
2020-09-14 15:02:33,894: INFO     Identifing guides that are unique near the PAM site
2020-09-14 15:02:35,374: INFO     Indexing all potential guide sites: 1171800. This is the longest step.
2020-09-14 15:02:40,810: INFO     M                   = 16
2020-09-14 15:02:40,810: INFO     indexThreadQty      = 4
2020-09-14 15:02:40,810: INFO     efConstruction      = 10
2020-09-14 15:02:40,810: INFO     maxM			          = 16
2020-09-14 15:02:40,811: INFO     maxM0			          = 32
2020-09-14 15:02:40,811: INFO     mult                = 0.360674
2020-09-14 15:02:40,811: INFO     skip_optimized_index= 0
2020-09-14 15:02:40,811: INFO     delaunay_type       = 2
2020-09-14 15:02:40,811: INFO     Set HNSW query-time parameters:
2020-09-14 15:02:40,811: INFO     ef(Search)         =20
2020-09-14 15:02:40,811: INFO     algoType           =2

0%   10   20   30   40   50   60   70   80   90   100%
|----|----|----|----|----|----|----|----|----|----|
***************************************************

0%   10   20   30   40   50   60   70   80   90   100%
|----|----|----|----|----|----|----|----|----|----|
****************************************************


2020-09-14 15:03:20,230: INFO     No appropriate custom distance function for Hamming (bit-storage) space
2020-09-14 15:03:20,231: INFO     searchMethod			  = 0
2020-09-14 15:03:20,342: INFO     Identifying guides that have a hamming distance <= 3 to all other potential guides
2020-09-14 15:03:20,732: INFO     Set HNSW query-time parameters:
2020-09-14 15:03:20,732: INFO     ef(Search)         =9
2020-09-14 15:03:20,732: INFO     algoType           =2
2020-09-14 15:03:31,961: INFO     Formatting data for BedTools
2020-09-14 15:03:32,345: INFO     Create GuideMaker Annotation object
2020-09-14 15:03:32,345: INFO     Identify genomic features
2020-09-14 15:03:32,346: INFO     check if ../../all_test_data/Pseudomonas_aeruginosa_PAO1_107.gbk is gzipped
2020-09-14 15:03:33,711: INFO     Total number of CDS/locus in the input genome: 5584
2020-09-14 15:03:33,711: INFO     Find genomic features closest the guides
2020-09-14 15:03:36,321: INFO     Select guides that start between +100 and -100 of a feature start
2020-09-14 15:03:36,520: INFO     Select description columns
2020-09-14 15:03:36,566: INFO     Format the output
2020-09-14 15:03:37,638: INFO     creating random control guides
2020-09-14 15:03:37,761: INFO     Number of random control searched: 100
2020-09-14 15:03:37,761: INFO     Percentage of GC content in the input genome: 66.56
2020-09-14 15:03:37,761: INFO     Total length of the genome: 6.0 MB
2020-09-14 15:03:37,761: INFO     created 10 control guides with a minimum distance of 7 and a median distance of 7
2020-09-14 15:03:37,764: INFO     guidemaker completed, results are at TEST
2020-09-14 15:03:37,764: INFO     PAM sequence: NGG
2020-09-14 15:03:37,764: INFO     PAM orientation: 5prime
2020-09-14 15:03:37,764: INFO     Genome strand(s) searched: both
2020-09-14 15:03:37,764: INFO     Total PAM sites considered: 1171800
2020-09-14 15:03:37,764: INFO     Guide RNA candidates found: 45915
	Command being timed: "guidemaker -i ../../all_test_data/Pseudomonas_aeruginosa_PAO1_107.gbk --pamseq NGG --outdir TEST --pam_orientation 5prime --guidelength 20 --strand both --lcp 10 --dist 3 --before 100 --into 100 --knum 10 --controls 10 --log GuideMaker_58625024_4.log --threads 4"
	User time (seconds): 238.90
	System time (seconds): 12.95
	Percent of CPU this job got: 199%
	Elapsed (wall clock) time (h:mm:ss or m:ss): 2:06.27
	Average shared text size (kbytes): 0
	Average unshared data size (kbytes): 0
	Average stack size (kbytes): 0
	Average total size (kbytes): 0
	Maximum resident set size (kbytes): 2598720
	Average resident set size (kbytes): 0
	Major (requiring I/O) page faults: 0
	Minor (reclaiming a frame) page faults: 6014469
	Voluntary context switches: 147987
	Involuntary context switches: 364672
	Swaps: 0
	File system inputs: 0
	File system outputs: 186432
	Socket messages sent: 0
	Socket messages received: 0
	Signals delivered: 0
	Page size (bytes): 4096
	Exit status: 0
My SLURM_ARRAY_TASK_ID:  4
My TMPDIR IS:  /tmp
Input Genome:>>>>>>>>>>>>>>>>>>>>>>>>>>>>>>>>>>>>>>>>>>>  Pseudomonas_aeruginosa_PAO1_107.gbk
Threads used:>>>>>>>>>>>>>>>>>>>>>>>>>>>>>>>>>>>>>>>>>>>  8
GuideMaker
2020-09-14 15:03:40,865: INFO     Temp directory is: /tmp/guidemaker_9grda41u
2020-09-14 15:03:40,866: INFO     Writing fasta file from genbank file(s)
2020-09-14 15:03:40,866: INFO     check if ../../all_test_data/Pseudomonas_aeruginosa_PAO1_107.gbk is gzipped
/home/rp3448/.conda/envs/avx2/lib/python3.7/site-packages/Bio/GenBank/Scanner.py:1400: BiopythonParserWarning: Truncated LOCUS line found - is this correct?
:'LOCUS       NC_002516            6264404 bp    dna     circular UNK \n'
  BiopythonParserWarning,
/home/rp3448/.conda/envs/avx2/lib/python3.7/site-packages/Bio/GenBank/__init__.py:762: BiopythonParserWarning: Non-upper case molecule type in LOCUS line: dna
  BiopythonParserWarning,
2020-09-14 15:03:41,657: INFO     Identifying PAM sites in the genome
2020-09-14 15:04:37,676: INFO     Identifing guides that are unique near the PAM site
2020-09-14 15:04:39,181: INFO     Indexing all potential guide sites: 1171800. This is the longest step.
2020-09-14 15:04:44,666: INFO     M                   = 16
2020-09-14 15:04:44,666: INFO     indexThreadQty      = 8
2020-09-14 15:04:44,666: INFO     efConstruction      = 10
2020-09-14 15:04:44,667: INFO     maxM			          = 16
2020-09-14 15:04:44,667: INFO     maxM0			          = 32
2020-09-14 15:04:44,667: INFO     mult                = 0.360674
2020-09-14 15:04:44,667: INFO     skip_optimized_index= 0
2020-09-14 15:04:44,667: INFO     delaunay_type       = 2
2020-09-14 15:04:44,667: INFO     Set HNSW query-time parameters:
2020-09-14 15:04:44,667: INFO     ef(Search)         =20
2020-09-14 15:04:44,667: INFO     algoType           =2

0%   10   20   30   40   50   60   70   80   90   100%
|----|----|----|----|----|----|----|----|----|----|
***************************************************

0%   10   20   30   40   50   60   70   80   90   100%
|----|----|----|----|----|----|----|----|----|----|
******************************************************




2020-09-14 15:05:05,836: INFO     No appropriate custom distance function for Hamming (bit-storage) space
2020-09-14 15:05:05,836: INFO     searchMethod			  = 0
2020-09-14 15:05:05,938: INFO     Identifying guides that have a hamming distance <= 3 to all other potential guides
2020-09-14 15:05:06,282: INFO     Set HNSW query-time parameters:
2020-09-14 15:05:06,282: INFO     ef(Search)         =9
2020-09-14 15:05:06,282: INFO     algoType           =2
2020-09-14 15:05:15,755: INFO     Formatting data for BedTools
2020-09-14 15:05:16,153: INFO     Create GuideMaker Annotation object
2020-09-14 15:05:16,153: INFO     Identify genomic features
2020-09-14 15:05:16,154: INFO     check if ../../all_test_data/Pseudomonas_aeruginosa_PAO1_107.gbk is gzipped
2020-09-14 15:05:17,516: INFO     Total number of CDS/locus in the input genome: 5584
2020-09-14 15:05:17,516: INFO     Find genomic features closest the guides
2020-09-14 15:05:20,120: INFO     Select guides that start between +100 and -100 of a feature start
2020-09-14 15:05:20,319: INFO     Select description columns
2020-09-14 15:05:20,365: INFO     Format the output
2020-09-14 15:05:21,437: INFO     creating random control guides
2020-09-14 15:05:21,555: INFO     Number of random control searched: 100
2020-09-14 15:05:21,555: INFO     Percentage of GC content in the input genome: 66.56
2020-09-14 15:05:21,555: INFO     Total length of the genome: 6.0 MB
2020-09-14 15:05:21,556: INFO     created 10 control guides with a minimum distance of 7 and a median distance of 7
2020-09-14 15:05:21,558: INFO     guidemaker completed, results are at TEST
2020-09-14 15:05:21,558: INFO     PAM sequence: NGG
2020-09-14 15:05:21,558: INFO     PAM orientation: 5prime
2020-09-14 15:05:21,558: INFO     Genome strand(s) searched: both
2020-09-14 15:05:21,558: INFO     Total PAM sites considered: 1171800
2020-09-14 15:05:21,559: INFO     Guide RNA candidates found: 45907
	Command being timed: "guidemaker -i ../../all_test_data/Pseudomonas_aeruginosa_PAO1_107.gbk --pamseq NGG --outdir TEST --pam_orientation 5prime --guidelength 20 --strand both --lcp 10 --dist 3 --before 100 --into 100 --knum 10 --controls 10 --log GuideMaker_58625024_4.log --threads 8"
	User time (seconds): 245.44
	System time (seconds): 12.75
	Percent of CPU this job got: 248%
	Elapsed (wall clock) time (h:mm:ss or m:ss): 1:43.75
	Average shared text size (kbytes): 0
	Average unshared data size (kbytes): 0
	Average stack size (kbytes): 0
	Average total size (kbytes): 0
	Maximum resident set size (kbytes): 2599456
	Average resident set size (kbytes): 0
	Major (requiring I/O) page faults: 0
	Minor (reclaiming a frame) page faults: 4648935
	Voluntary context switches: 271991
	Involuntary context switches: 730
	Swaps: 0
	File system inputs: 0
	File system outputs: 186424
	Socket messages sent: 0
	Socket messages received: 0
	Signals delivered: 0
	Page size (bytes): 4096
	Exit status: 0
My SLURM_ARRAY_TASK_ID:  4
My TMPDIR IS:  /tmp
Input Genome:>>>>>>>>>>>>>>>>>>>>>>>>>>>>>>>>>>>>>>>>>>>  Pseudomonas_aeruginosa_PAO1_107.gbk
Threads used:>>>>>>>>>>>>>>>>>>>>>>>>>>>>>>>>>>>>>>>>>>>  16
GuideMaker
2020-09-14 15:05:24,607: INFO     Temp directory is: /tmp/guidemaker_ahgc7eb7
2020-09-14 15:05:24,607: INFO     Writing fasta file from genbank file(s)
2020-09-14 15:05:24,607: INFO     check if ../../all_test_data/Pseudomonas_aeruginosa_PAO1_107.gbk is gzipped
/home/rp3448/.conda/envs/avx2/lib/python3.7/site-packages/Bio/GenBank/Scanner.py:1400: BiopythonParserWarning: Truncated LOCUS line found - is this correct?
:'LOCUS       NC_002516            6264404 bp    dna     circular UNK \n'
  BiopythonParserWarning,
/home/rp3448/.conda/envs/avx2/lib/python3.7/site-packages/Bio/GenBank/__init__.py:762: BiopythonParserWarning: Non-upper case molecule type in LOCUS line: dna
  BiopythonParserWarning,
2020-09-14 15:05:25,419: INFO     Identifying PAM sites in the genome
2020-09-14 15:06:24,832: INFO     Identifing guides that are unique near the PAM site
2020-09-14 15:06:26,365: INFO     Indexing all potential guide sites: 1171800. This is the longest step.
2020-09-14 15:06:31,856: INFO     M                   = 16
2020-09-14 15:06:31,856: INFO     indexThreadQty      = 16
2020-09-14 15:06:31,856: INFO     efConstruction      = 10
2020-09-14 15:06:31,856: INFO     maxM			          = 16
2020-09-14 15:06:31,856: INFO     maxM0			          = 32
2020-09-14 15:06:31,856: INFO     mult                = 0.360674
2020-09-14 15:06:31,856: INFO     skip_optimized_index= 0
2020-09-14 15:06:31,856: INFO     delaunay_type       = 2
2020-09-14 15:06:31,856: INFO     Set HNSW query-time parameters:
2020-09-14 15:06:31,856: INFO     ef(Search)         =20
2020-09-14 15:06:31,857: INFO     algoType           =2

0%   10   20   30   40   50   60   70   80   90   100%
|----|----|----|----|----|----|----|----|----|----|
***************************************************

0%   10   20   30   40   50   60   70   80   90   100%
|----|----|----|----|----|----|----|----|----|----|
****************************************************2020-09-14 15:06:43,687: INFO     No appropriate custom distance function for Hamming (bit-storage) space
2020-09-14 15:06:43,687: INFO     searchMethod			  = 0
2020-09-14 15:06:43,795: INFO     Identifying guides that have a hamming distance <= 3 to all other potential guides
2020-09-14 15:06:44,170: INFO     Set HNSW query-time parameters:
2020-09-14 15:06:44,170: INFO     ef(Search)         =9
2020-09-14 15:06:44,170: INFO     algoType           =2
2020-09-14 15:06:53,448: INFO     Formatting data for BedTools
2020-09-14 15:06:53,862: INFO     Create GuideMaker Annotation object
2020-09-14 15:06:53,862: INFO     Identify genomic features
2020-09-14 15:06:53,863: INFO     check if ../../all_test_data/Pseudomonas_aeruginosa_PAO1_107.gbk is gzipped
2020-09-14 15:06:55,311: INFO     Total number of CDS/locus in the input genome: 5584
2020-09-14 15:06:55,311: INFO     Find genomic features closest the guides
2020-09-14 15:06:57,949: INFO     Select guides that start between +100 and -100 of a feature start
2020-09-14 15:06:58,126: INFO     Select description columns
2020-09-14 15:06:58,173: INFO     Format the output
2020-09-14 15:06:59,254: INFO     creating random control guides
2020-09-14 15:06:59,415: INFO     Number of random control searched: 100
2020-09-14 15:06:59,415: INFO     Percentage of GC content in the input genome: 66.56
2020-09-14 15:06:59,415: INFO     Total length of the genome: 6.0 MB
2020-09-14 15:06:59,415: INFO     created 10 control guides with a minimum distance of 7 and a median distance of 7
2020-09-14 15:06:59,417: INFO     guidemaker completed, results are at TEST
2020-09-14 15:06:59,418: INFO     PAM sequence: NGG
2020-09-14 15:06:59,418: INFO     PAM orientation: 5prime
2020-09-14 15:06:59,418: INFO     Genome strand(s) searched: both
2020-09-14 15:06:59,418: INFO     Total PAM sites considered: 1171800
2020-09-14 15:06:59,418: INFO     Guide RNA candidates found: 45909
	Command being timed: "guidemaker -i ../../all_test_data/Pseudomonas_aeruginosa_PAO1_107.gbk --pamseq NGG --outdir TEST --pam_orientation 5prime --guidelength 20 --strand both --lcp 10 --dist 3 --before 100 --into 100 --knum 10 --controls 10 --log GuideMaker_58625024_4.log --threads 16"
	User time (seconds): 260.41
	System time (seconds): 15.77
	Percent of CPU this job got: 281%
	Elapsed (wall clock) time (h:mm:ss or m:ss): 1:37.97
	Average shared text size (kbytes): 0
	Average unshared data size (kbytes): 0
	Average stack size (kbytes): 0
	Average total size (kbytes): 0
	Maximum resident set size (kbytes): 2623640
	Average resident set size (kbytes): 0
	Major (requiring I/O) page faults: 0
	Minor (reclaiming a frame) page faults: 4189439
	Voluntary context switches: 544947
	Involuntary context switches: 145841
	Swaps: 0
	File system inputs: 0
	File system outputs: 186376
	Socket messages sent: 0
	Socket messages received: 0
	Signals delivered: 0
	Page size (bytes): 4096
	Exit status: 0
My SLURM_ARRAY_TASK_ID:  4
My TMPDIR IS:  /tmp
Input Genome:>>>>>>>>>>>>>>>>>>>>>>>>>>>>>>>>>>>>>>>>>>>  Pseudomonas_aeruginosa_PAO1_107.gbk
Threads used:>>>>>>>>>>>>>>>>>>>>>>>>>>>>>>>>>>>>>>>>>>>  32
GuideMaker
2020-09-14 15:07:02,601: INFO     Temp directory is: /tmp/guidemaker_o0jr7ysj
2020-09-14 15:07:02,601: INFO     Writing fasta file from genbank file(s)
2020-09-14 15:07:02,601: INFO     check if ../../all_test_data/Pseudomonas_aeruginosa_PAO1_107.gbk is gzipped
/home/rp3448/.conda/envs/avx2/lib/python3.7/site-packages/Bio/GenBank/Scanner.py:1400: BiopythonParserWarning: Truncated LOCUS line found - is this correct?
:'LOCUS       NC_002516            6264404 bp    dna     circular UNK \n'
  BiopythonParserWarning,
/home/rp3448/.conda/envs/avx2/lib/python3.7/site-packages/Bio/GenBank/__init__.py:762: BiopythonParserWarning: Non-upper case molecule type in LOCUS line: dna
  BiopythonParserWarning,
2020-09-14 15:07:03,398: INFO     Identifying PAM sites in the genome
2020-09-14 15:08:00,487: INFO     Identifing guides that are unique near the PAM site
2020-09-14 15:08:02,007: INFO     Indexing all potential guide sites: 1171800. This is the longest step.
2020-09-14 15:08:07,480: INFO     M                   = 16
2020-09-14 15:08:07,480: INFO     indexThreadQty      = 32
2020-09-14 15:08:07,480: INFO     efConstruction      = 10
2020-09-14 15:08:07,480: INFO     maxM			          = 16
2020-09-14 15:08:07,480: INFO     maxM0			          = 32
2020-09-14 15:08:07,480: INFO     mult                = 0.360674
2020-09-14 15:08:07,480: INFO     skip_optimized_index= 0
2020-09-14 15:08:07,480: INFO     delaunay_type       = 2
2020-09-14 15:08:07,481: INFO     Set HNSW query-time parameters:
2020-09-14 15:08:07,481: INFO     ef(Search)         =20
2020-09-14 15:08:07,481: INFO     algoType           =2

0%   10   20   30   40   50   60   70   80   90   100%
|----|----|----|----|----|----|----|----|----|----|
***************************************************

0%   10   20   30   40   50   60   70   80   90   100%
|----|----|----|----|----|----|----|----|----|----|
****************************************************2020-09-14 15:08:14,878: INFO     No appropriate custom distance function for Hamming (bit-storage) space
2020-09-14 15:08:14,879: INFO     searchMethod			  = 0
2020-09-14 15:08:14,992: INFO     Identifying guides that have a hamming distance <= 3 to all other potential guides
2020-09-14 15:08:15,339: INFO     Set HNSW query-time parameters:
2020-09-14 15:08:15,339: INFO     ef(Search)         =9
2020-09-14 15:08:15,339: INFO     algoType           =2
2020-09-14 15:08:24,187: INFO     Formatting data for BedTools
2020-09-14 15:08:24,576: INFO     Create GuideMaker Annotation object
2020-09-14 15:08:24,576: INFO     Identify genomic features
2020-09-14 15:08:24,577: INFO     check if ../../all_test_data/Pseudomonas_aeruginosa_PAO1_107.gbk is gzipped
2020-09-14 15:08:25,945: INFO     Total number of CDS/locus in the input genome: 5584
2020-09-14 15:08:25,945: INFO     Find genomic features closest the guides
2020-09-14 15:08:28,574: INFO     Select guides that start between +100 and -100 of a feature start
2020-09-14 15:08:28,773: INFO     Select description columns
2020-09-14 15:08:28,819: INFO     Format the output
2020-09-14 15:08:29,893: INFO     creating random control guides
2020-09-14 15:08:30,048: INFO     Number of random control searched: 100
2020-09-14 15:08:30,049: INFO     Percentage of GC content in the input genome: 66.56
2020-09-14 15:08:30,049: INFO     Total length of the genome: 6.0 MB
2020-09-14 15:08:30,049: INFO     created 10 control guides with a minimum distance of 7 and a median distance of 7
2020-09-14 15:08:30,051: INFO     guidemaker completed, results are at TEST
2020-09-14 15:08:30,051: INFO     PAM sequence: NGG
2020-09-14 15:08:30,051: INFO     PAM orientation: 5prime
2020-09-14 15:08:30,051: INFO     Genome strand(s) searched: both
2020-09-14 15:08:30,052: INFO     Total PAM sites considered: 1171800
2020-09-14 15:08:30,052: INFO     Guide RNA candidates found: 45915
	Command being timed: "guidemaker -i ../../all_test_data/Pseudomonas_aeruginosa_PAO1_107.gbk --pamseq NGG --outdir TEST --pam_orientation 5prime --guidelength 20 --strand both --lcp 10 --dist 3 --before 100 --into 100 --knum 10 --controls 10 --log GuideMaker_58625024_4.log --threads 32"
	User time (seconds): 272.71
	System time (seconds): 23.11
	Percent of CPU this job got: 326%
	Elapsed (wall clock) time (h:mm:ss or m:ss): 1:30.55
	Average shared text size (kbytes): 0
	Average unshared data size (kbytes): 0
	Average stack size (kbytes): 0
	Average total size (kbytes): 0
	Maximum resident set size (kbytes): 2629100
	Average resident set size (kbytes): 0
	Major (requiring I/O) page faults: 0
	Minor (reclaiming a frame) page faults: 2851779
	Voluntary context switches: 1119967
	Involuntary context switches: 144099
	Swaps: 0
	File system inputs: 0
	File system outputs: 186432
	Socket messages sent: 0
	Socket messages received: 0
	Signals delivered: 0
	Page size (bytes): 4096
	Exit status: 0
