Thu Feb  4 18:15:28 EST 2021
c22b-s26.ufhpc
/blue/garrett/rp3448/analysis/guidemaker/AVXGuidemaker
My SLURM_ARRAY_TASK_ID:  2
My TMPDIR IS:  /scratch/local/63828747
Input Genome:>>>>>>>>>>>>>>>>>>>>>>>>>>>>>>>>>>>>>>>>>>>  Aspergillus_fumigatus.gbk
Input PAM:>>>>>>>>>>>>>>>>>>>>>>>>>>>>>>>>>>>>>>>>>>>  NNAGAAW
Threads used:>>>>>>>>>>>>>>>>>>>>>>>>>>>>>>>>>>>>>>>>>>>  1
GuideMaker
2021-02-04 18:15:31,968: INFO     Temp directory is: /scratch/local/63828747/guidemaker_tzcybg0k
2021-02-04 18:15:31,968: INFO     Writing fasta file from genbank file(s)
2021-02-04 18:15:31,969: INFO     check if ../all_test_data/Aspergillus_fumigatus.gbk is gzipped
2021-02-04 18:15:35,090: INFO     Identifying PAM sites in the genome
2021-02-04 18:15:49,383: INFO     Checking guides for restriction enzymes
2021-02-04 18:15:49,425: INFO     Number of guides removed after checking for restriction enzymes: 0
2021-02-04 18:15:49,425: INFO     Identifing guides that are unique near the PAM site
2021-02-04 18:15:49,659: INFO     Number of guides removed after checking for unique PAM: 16937
2021-02-04 18:15:49,659: INFO     Indexing all potential guide sites: 160756. This is the longest step.
2021-02-04 18:15:50,420: INFO     M                   = 16
2021-02-04 18:15:50,420: INFO     indexThreadQty      = 1
2021-02-04 18:15:50,420: INFO     efConstruction      = 10
2021-02-04 18:15:50,420: INFO     maxM			          = 16
2021-02-04 18:15:50,420: INFO     maxM0			          = 32
2021-02-04 18:15:50,420: INFO     mult                = 0.360674
2021-02-04 18:15:50,420: INFO     skip_optimized_index= 0
2021-02-04 18:15:50,420: INFO     delaunay_type       = 2
2021-02-04 18:15:50,420: INFO     Set HNSW query-time parameters:
2021-02-04 18:15:50,420: INFO     ef(Search)         =20
2021-02-04 18:15:50,421: INFO     algoType           =2

0%   10   20   30   40   50   60   70   80   90   100%
|----|----|----|----|----|----|----|----|----|----|
***************************************************

0%   10   20   30   40   50   60   70   80   90   100%
|----|----|----|----|----|----|----|----|----|----|
***************************************************
*2021-02-04 18:15:59,243: INFO     No appropriate custom distance function for Hamming (bit-storage) space
2021-02-04 18:15:59,244: INFO     searchMethod			  = 0
2021-02-04 18:15:59,258: INFO     Identifying guides that have a hamming distance <= 3 to all other potential guides
2021-02-04 18:15:59,458: INFO     Set HNSW query-time parameters:
2021-02-04 18:15:59,458: INFO     ef(Search)         =9
2021-02-04 18:15:59,458: INFO     algoType           =2
2021-02-04 18:16:09,361: INFO     Formatting data for BedTools
2021-02-04 18:16:09,618: INFO     Create GuideMaker Annotation object
2021-02-04 18:16:09,619: INFO     Identify genomic features
2021-02-04 18:16:09,619: INFO     check if ../all_test_data/Aspergillus_fumigatus.gbk is gzipped
2021-02-04 18:16:13,397: INFO     Total number of CDS/locus in the input genome: 9630
2021-02-04 18:16:13,397: INFO     Find genomic features closest the guides
2021-02-04 18:16:15,399: INFO     Select guides that start between +500 and -500 of a feature start
2021-02-04 18:16:15,566: INFO     Select description columns
2021-02-04 18:16:15,668: INFO     Format the output
2021-02-04 18:16:16,201: INFO     Number of Guides within a gene coordinates i.e. zero Feature distance: 20836
2021-02-04 18:16:16,754: INFO     creating random control guides
2021-02-04 18:16:17,121: INFO     Number of random control searched: 100
2021-02-04 18:16:17,121: INFO     Percentage of GC content in the input genome: 48.82
2021-02-04 18:16:17,121: INFO     Total length of the genome: 28.0 MB
2021-02-04 18:16:17,121: INFO     created 10 control guides with a minimum distance of 8 and a median distance of 8
2021-02-04 18:16:17,124: INFO     guidemaker completed, results are at TEST
2021-02-04 18:16:17,124: INFO     PAM sequence: NNAGAAW
2021-02-04 18:16:17,124: INFO     PAM orientation: 3prime
2021-02-04 18:16:17,124: INFO     Genome strand(s) searched: both
2021-02-04 18:16:17,124: INFO     Total PAM sites considered: 160756
2021-02-04 18:16:17,124: INFO     Guide RNA candidates found: 49328
	Command being timed: "guidemaker -i ../all_test_data/Aspergillus_fumigatus.gbk --pamseq NNAGAAW --outdir TEST --pam_orientation 3prime --guidelength 20 --strand both --lcp 11 --dist 3 --before 500 --into 500 --knum 10 --controls 10 --log GM_63828747_2.log --threads 1"
	User time (seconds): 47.20
	System time (seconds): 2.56
	Percent of CPU this job got: 107%
	Elapsed (wall clock) time (h:mm:ss or m:ss): 0:46.44
	Average shared text size (kbytes): 0
	Average unshared data size (kbytes): 0
	Average stack size (kbytes): 0
	Average total size (kbytes): 0
	Maximum resident set size (kbytes): 662592
	Average resident set size (kbytes): 0
	Major (requiring I/O) page faults: 0
	Minor (reclaiming a frame) page faults: 713249
	Voluntary context switches: 1595
	Involuntary context switches: 277
	Swaps: 0
	File system inputs: 88
	File system outputs: 202880
	Socket messages sent: 0
	Socket messages received: 0
	Signals delivered: 0
	Page size (bytes): 4096
	Exit status: 0
My SLURM_ARRAY_TASK_ID:  2
My TMPDIR IS:  /scratch/local/63828747
Input Genome:>>>>>>>>>>>>>>>>>>>>>>>>>>>>>>>>>>>>>>>>>>>  Aspergillus_fumigatus.gbk
Input PAM:>>>>>>>>>>>>>>>>>>>>>>>>>>>>>>>>>>>>>>>>>>>  NNAGAAW
Threads used:>>>>>>>>>>>>>>>>>>>>>>>>>>>>>>>>>>>>>>>>>>>  2
GuideMaker
2021-02-04 18:16:18,781: INFO     Temp directory is: /scratch/local/63828747/guidemaker_faxp8opu
2021-02-04 18:16:18,782: INFO     Writing fasta file from genbank file(s)
2021-02-04 18:16:18,782: INFO     check if ../all_test_data/Aspergillus_fumigatus.gbk is gzipped
2021-02-04 18:16:21,923: INFO     Identifying PAM sites in the genome
2021-02-04 18:16:36,629: INFO     Checking guides for restriction enzymes
2021-02-04 18:16:36,671: INFO     Number of guides removed after checking for restriction enzymes: 0
2021-02-04 18:16:36,671: INFO     Identifing guides that are unique near the PAM site
2021-02-04 18:16:36,903: INFO     Number of guides removed after checking for unique PAM: 16937
2021-02-04 18:16:36,903: INFO     Indexing all potential guide sites: 160756. This is the longest step.
2021-02-04 18:16:37,661: INFO     M                   = 16
2021-02-04 18:16:37,661: INFO     indexThreadQty      = 2
2021-02-04 18:16:37,661: INFO     efConstruction      = 10
2021-02-04 18:16:37,661: INFO     maxM			          = 16
2021-02-04 18:16:37,661: INFO     maxM0			          = 32
2021-02-04 18:16:37,662: INFO     mult                = 0.360674
2021-02-04 18:16:37,662: INFO     skip_optimized_index= 0
2021-02-04 18:16:37,662: INFO     delaunay_type       = 2
2021-02-04 18:16:37,662: INFO     Set HNSW query-time parameters:
2021-02-04 18:16:37,662: INFO     ef(Search)         =20
2021-02-04 18:16:37,662: INFO     algoType           =2

0%   10   20   30   40   50   60   70   80   90   100%
|----|----|----|----|----|----|----|----|----|----|
***************************************************

0%   10   20   30   40   50   60   70   80   90   100%
|----|----|----|----|----|----|----|----|----|----|
****************************************************2021-02-04 18:16:43,460: INFO     No appropriate custom distance function for Hamming (bit-storage) space
2021-02-04 18:16:43,460: INFO     searchMethod			  = 0
2021-02-04 18:16:43,473: INFO     Identifying guides that have a hamming distance <= 3 to all other potential guides
2021-02-04 18:16:43,671: INFO     Set HNSW query-time parameters:
2021-02-04 18:16:43,671: INFO     ef(Search)         =9
2021-02-04 18:16:43,671: INFO     algoType           =2
2021-02-04 18:16:52,150: INFO     Formatting data for BedTools
2021-02-04 18:16:52,407: INFO     Create GuideMaker Annotation object
2021-02-04 18:16:52,407: INFO     Identify genomic features
2021-02-04 18:16:52,408: INFO     check if ../all_test_data/Aspergillus_fumigatus.gbk is gzipped
2021-02-04 18:16:56,255: INFO     Total number of CDS/locus in the input genome: 9630
2021-02-04 18:16:56,255: INFO     Find genomic features closest the guides
2021-02-04 18:16:58,360: INFO     Select guides that start between +500 and -500 of a feature start
2021-02-04 18:16:58,549: INFO     Select description columns
2021-02-04 18:16:58,660: INFO     Format the output
2021-02-04 18:16:59,274: INFO     Number of Guides within a gene coordinates i.e. zero Feature distance: 20839
2021-02-04 18:16:59,832: INFO     creating random control guides
2021-02-04 18:17:00,199: INFO     Number of random control searched: 100
2021-02-04 18:17:00,199: INFO     Percentage of GC content in the input genome: 48.82
2021-02-04 18:17:00,199: INFO     Total length of the genome: 28.0 MB
2021-02-04 18:17:00,199: INFO     created 10 control guides with a minimum distance of 8 and a median distance of 8
2021-02-04 18:17:00,202: INFO     guidemaker completed, results are at TEST
2021-02-04 18:17:00,202: INFO     PAM sequence: NNAGAAW
2021-02-04 18:17:00,202: INFO     PAM orientation: 3prime
2021-02-04 18:17:00,202: INFO     Genome strand(s) searched: both
2021-02-04 18:17:00,202: INFO     Total PAM sites considered: 160756
2021-02-04 18:17:00,202: INFO     Guide RNA candidates found: 49333
	Command being timed: "guidemaker -i ../all_test_data/Aspergillus_fumigatus.gbk --pamseq NNAGAAW --outdir TEST --pam_orientation 3prime --guidelength 20 --strand both --lcp 11 --dist 3 --before 500 --into 500 --knum 10 --controls 10 --log GM_63828747_2.log --threads 2"
	User time (seconds): 50.48
	System time (seconds): 3.23
	Percent of CPU this job got: 124%
	Elapsed (wall clock) time (h:mm:ss or m:ss): 0:43.17
	Average shared text size (kbytes): 0
	Average unshared data size (kbytes): 0
	Average stack size (kbytes): 0
	Average total size (kbytes): 0
	Maximum resident set size (kbytes): 722392
	Average resident set size (kbytes): 0
	Major (requiring I/O) page faults: 0
	Minor (reclaiming a frame) page faults: 826609
	Voluntary context switches: 15756
	Involuntary context switches: 144764
	Swaps: 0
	File system inputs: 80
	File system outputs: 202864
	Socket messages sent: 0
	Socket messages received: 0
	Signals delivered: 0
	Page size (bytes): 4096
	Exit status: 0
My SLURM_ARRAY_TASK_ID:  2
My TMPDIR IS:  /scratch/local/63828747
Input Genome:>>>>>>>>>>>>>>>>>>>>>>>>>>>>>>>>>>>>>>>>>>>  Aspergillus_fumigatus.gbk
Input PAM:>>>>>>>>>>>>>>>>>>>>>>>>>>>>>>>>>>>>>>>>>>>  NNAGAAW
Threads used:>>>>>>>>>>>>>>>>>>>>>>>>>>>>>>>>>>>>>>>>>>>  4
GuideMaker
2021-02-04 18:17:01,689: INFO     Temp directory is: /scratch/local/63828747/guidemaker_1vpx1ycn
2021-02-04 18:17:01,689: INFO     Writing fasta file from genbank file(s)
2021-02-04 18:17:01,690: INFO     check if ../all_test_data/Aspergillus_fumigatus.gbk is gzipped
2021-02-04 18:17:04,838: INFO     Identifying PAM sites in the genome
2021-02-04 18:17:19,225: INFO     Checking guides for restriction enzymes
2021-02-04 18:17:19,268: INFO     Number of guides removed after checking for restriction enzymes: 0
2021-02-04 18:17:19,268: INFO     Identifing guides that are unique near the PAM site
2021-02-04 18:17:19,503: INFO     Number of guides removed after checking for unique PAM: 16937
2021-02-04 18:17:19,503: INFO     Indexing all potential guide sites: 160756. This is the longest step.
2021-02-04 18:17:20,282: INFO     M                   = 16
2021-02-04 18:17:20,282: INFO     indexThreadQty      = 4
2021-02-04 18:17:20,282: INFO     efConstruction      = 10
2021-02-04 18:17:20,282: INFO     maxM			          = 16
2021-02-04 18:17:20,282: INFO     maxM0			          = 32
2021-02-04 18:17:20,282: INFO     mult                = 0.360674
2021-02-04 18:17:20,283: INFO     skip_optimized_index= 0
2021-02-04 18:17:20,283: INFO     delaunay_type       = 2
2021-02-04 18:17:20,283: INFO     Set HNSW query-time parameters:
2021-02-04 18:17:20,283: INFO     ef(Search)         =20
2021-02-04 18:17:20,283: INFO     algoType           =2

0%   10   20   30   40   50   60   70   80   90   100%
|----|----|----|----|----|----|----|----|----|----|
***************************************************

0%   10   20   30   40   50   60   70   80   90   100%
|----|----|----|----|----|----|----|----|----|----|
****************************************************2021-02-04 18:17:23,443: INFO     No appropriate custom distance function for Hamming (bit-storage) space
2021-02-04 18:17:23,443: INFO     searchMethod			  = 0
2021-02-04 18:17:23,457: INFO     Identifying guides that have a hamming distance <= 3 to all other potential guides
2021-02-04 18:17:23,691: INFO     Set HNSW query-time parameters:
2021-02-04 18:17:23,691: INFO     ef(Search)         =9
2021-02-04 18:17:23,691: INFO     algoType           =2
2021-02-04 18:17:31,167: INFO     Formatting data for BedTools
2021-02-04 18:17:31,420: INFO     Create GuideMaker Annotation object
2021-02-04 18:17:31,420: INFO     Identify genomic features
2021-02-04 18:17:31,421: INFO     check if ../all_test_data/Aspergillus_fumigatus.gbk is gzipped
2021-02-04 18:17:35,213: INFO     Total number of CDS/locus in the input genome: 9630
2021-02-04 18:17:35,213: INFO     Find genomic features closest the guides
2021-02-04 18:17:37,228: INFO     Select guides that start between +500 and -500 of a feature start
2021-02-04 18:17:37,396: INFO     Select description columns
2021-02-04 18:17:37,498: INFO     Format the output
2021-02-04 18:17:38,030: INFO     Number of Guides within a gene coordinates i.e. zero Feature distance: 20847
2021-02-04 18:17:38,554: INFO     creating random control guides
2021-02-04 18:17:38,911: INFO     Number of random control searched: 100
2021-02-04 18:17:38,911: INFO     Percentage of GC content in the input genome: 48.82
2021-02-04 18:17:38,911: INFO     Total length of the genome: 28.0 MB
2021-02-04 18:17:38,911: INFO     created 10 control guides with a minimum distance of 8 and a median distance of 8
2021-02-04 18:17:38,913: INFO     guidemaker completed, results are at TEST
2021-02-04 18:17:38,914: INFO     PAM sequence: NNAGAAW
2021-02-04 18:17:38,914: INFO     PAM orientation: 3prime
2021-02-04 18:17:38,914: INFO     Genome strand(s) searched: both
2021-02-04 18:17:38,914: INFO     Total PAM sites considered: 160756
2021-02-04 18:17:38,914: INFO     Guide RNA candidates found: 49334
	Command being timed: "guidemaker -i ../all_test_data/Aspergillus_fumigatus.gbk --pamseq NNAGAAW --outdir TEST --pam_orientation 3prime --guidelength 20 --strand both --lcp 11 --dist 3 --before 500 --into 500 --knum 10 --controls 10 --log GM_63828747_2.log --threads 4"
	User time (seconds): 50.89
	System time (seconds): 3.09
	Percent of CPU this job got: 139%
	Elapsed (wall clock) time (h:mm:ss or m:ss): 0:38.61
	Average shared text size (kbytes): 0
	Average unshared data size (kbytes): 0
	Average stack size (kbytes): 0
	Average total size (kbytes): 0
	Maximum resident set size (kbytes): 722664
	Average resident set size (kbytes): 0
	Major (requiring I/O) page faults: 0
	Minor (reclaiming a frame) page faults: 779817
	Voluntary context switches: 32573
	Involuntary context switches: 221005
	Swaps: 0
	File system inputs: 40
	File system outputs: 202824
	Socket messages sent: 0
	Socket messages received: 0
	Signals delivered: 0
	Page size (bytes): 4096
	Exit status: 0
My SLURM_ARRAY_TASK_ID:  2
My TMPDIR IS:  /scratch/local/63828747
Input Genome:>>>>>>>>>>>>>>>>>>>>>>>>>>>>>>>>>>>>>>>>>>>  Aspergillus_fumigatus.gbk
Input PAM:>>>>>>>>>>>>>>>>>>>>>>>>>>>>>>>>>>>>>>>>>>>  NNAGAAW
Threads used:>>>>>>>>>>>>>>>>>>>>>>>>>>>>>>>>>>>>>>>>>>>  8
GuideMaker
2021-02-04 18:17:40,557: INFO     Temp directory is: /scratch/local/63828747/guidemaker_ahptvyeo
2021-02-04 18:17:40,557: INFO     Writing fasta file from genbank file(s)
2021-02-04 18:17:40,557: INFO     check if ../all_test_data/Aspergillus_fumigatus.gbk is gzipped
2021-02-04 18:17:43,720: INFO     Identifying PAM sites in the genome
2021-02-04 18:17:58,291: INFO     Checking guides for restriction enzymes
2021-02-04 18:17:58,333: INFO     Number of guides removed after checking for restriction enzymes: 0
2021-02-04 18:17:58,333: INFO     Identifing guides that are unique near the PAM site
2021-02-04 18:17:58,579: INFO     Number of guides removed after checking for unique PAM: 16937
2021-02-04 18:17:58,580: INFO     Indexing all potential guide sites: 160756. This is the longest step.
2021-02-04 18:17:59,338: INFO     M                   = 16
2021-02-04 18:17:59,338: INFO     indexThreadQty      = 8
2021-02-04 18:17:59,338: INFO     efConstruction      = 10
2021-02-04 18:17:59,338: INFO     maxM			          = 16
2021-02-04 18:17:59,338: INFO     maxM0			          = 32
2021-02-04 18:17:59,338: INFO     mult                = 0.360674
2021-02-04 18:17:59,338: INFO     skip_optimized_index= 0
2021-02-04 18:17:59,338: INFO     delaunay_type       = 2
2021-02-04 18:17:59,338: INFO     Set HNSW query-time parameters:
2021-02-04 18:17:59,338: INFO     ef(Search)         =20
2021-02-04 18:17:59,338: INFO     algoType           =2

0%   10   20   30   40   50   60   70   80   90   100%
|----|----|----|----|----|----|----|----|----|----|
***************************************************

0%   10   20   30   40   50   60   70   80   90   100%
|----|----|----|----|----|----|----|----|----|----|
*******************************************************2021-02-04 18:18:01,038: INFO     No appropriate custom distance function for Hamming (bit-storage) space
2021-02-04 18:18:01,038: INFO     searchMethod			  = 0
2021-02-04 18:18:01,047: INFO     Identifying guides that have a hamming distance <= 3 to all other potential guides
2021-02-04 18:18:01,248: INFO     Set HNSW query-time parameters:
2021-02-04 18:18:01,248: INFO     ef(Search)         =9
2021-02-04 18:18:01,248: INFO     algoType           =2
2021-02-04 18:18:08,447: INFO     Formatting data for BedTools
2021-02-04 18:18:08,721: INFO     Create GuideMaker Annotation object
2021-02-04 18:18:08,721: INFO     Identify genomic features
2021-02-04 18:18:08,722: INFO     check if ../all_test_data/Aspergillus_fumigatus.gbk is gzipped
2021-02-04 18:18:12,552: INFO     Total number of CDS/locus in the input genome: 9630
2021-02-04 18:18:12,553: INFO     Find genomic features closest the guides
2021-02-04 18:18:14,545: INFO     Select guides that start between +500 and -500 of a feature start
2021-02-04 18:18:14,708: INFO     Select description columns
2021-02-04 18:18:14,807: INFO     Format the output
2021-02-04 18:18:15,358: INFO     Number of Guides within a gene coordinates i.e. zero Feature distance: 20844
2021-02-04 18:18:15,875: INFO     creating random control guides
2021-02-04 18:18:16,225: INFO     Number of random control searched: 100
2021-02-04 18:18:16,225: INFO     Percentage of GC content in the input genome: 48.82
2021-02-04 18:18:16,225: INFO     Total length of the genome: 28.0 MB
2021-02-04 18:18:16,225: INFO     created 10 control guides with a minimum distance of 8 and a median distance of 8
2021-02-04 18:18:16,228: INFO     guidemaker completed, results are at TEST
2021-02-04 18:18:16,228: INFO     PAM sequence: NNAGAAW
2021-02-04 18:18:16,228: INFO     PAM orientation: 3prime
2021-02-04 18:18:16,228: INFO     Genome strand(s) searched: both
2021-02-04 18:18:16,228: INFO     Total PAM sites considered: 160756
2021-02-04 18:18:16,228: INFO     Guide RNA candidates found: 49333
	Command being timed: "guidemaker -i ../all_test_data/Aspergillus_fumigatus.gbk --pamseq NNAGAAW --outdir TEST --pam_orientation 3prime --guidelength 20 --strand both --lcp 11 --dist 3 --before 500 --into 500 --knum 10 --controls 10 --log GM_63828747_2.log --threads 8"
	User time (seconds): 52.34
	System time (seconds): 3.21
	Percent of CPU this job got: 148%
	Elapsed (wall clock) time (h:mm:ss or m:ss): 0:37.38
	Average shared text size (kbytes): 0
	Average unshared data size (kbytes): 0
	Average stack size (kbytes): 0
	Average total size (kbytes): 0
	Maximum resident set size (kbytes): 724604
	Average resident set size (kbytes): 0
	Major (requiring I/O) page faults: 0
	Minor (reclaiming a frame) page faults: 665149
	Voluntary context switches: 50891
	Involuntary context switches: 431257
	Swaps: 0
	File system inputs: 8
	File system outputs: 202808
	Socket messages sent: 0
	Socket messages received: 0
	Signals delivered: 0
	Page size (bytes): 4096
	Exit status: 0
My SLURM_ARRAY_TASK_ID:  2
My TMPDIR IS:  /scratch/local/63828747
Input Genome:>>>>>>>>>>>>>>>>>>>>>>>>>>>>>>>>>>>>>>>>>>>  Aspergillus_fumigatus.gbk
Input PAM:>>>>>>>>>>>>>>>>>>>>>>>>>>>>>>>>>>>>>>>>>>>  NNAGAAW
Threads used:>>>>>>>>>>>>>>>>>>>>>>>>>>>>>>>>>>>>>>>>>>>  16
GuideMaker
2021-02-04 18:18:17,707: INFO     Temp directory is: /scratch/local/63828747/guidemaker_pmjk_61m
2021-02-04 18:18:17,707: INFO     Writing fasta file from genbank file(s)
2021-02-04 18:18:17,707: INFO     check if ../all_test_data/Aspergillus_fumigatus.gbk is gzipped
2021-02-04 18:18:20,844: INFO     Identifying PAM sites in the genome
2021-02-04 18:18:35,343: INFO     Checking guides for restriction enzymes
2021-02-04 18:18:35,385: INFO     Number of guides removed after checking for restriction enzymes: 0
2021-02-04 18:18:35,385: INFO     Identifing guides that are unique near the PAM site
2021-02-04 18:18:35,620: INFO     Number of guides removed after checking for unique PAM: 16937
2021-02-04 18:18:35,620: INFO     Indexing all potential guide sites: 160756. This is the longest step.
2021-02-04 18:18:36,407: INFO     M                   = 16
2021-02-04 18:18:36,407: INFO     indexThreadQty      = 16
2021-02-04 18:18:36,407: INFO     efConstruction      = 10
2021-02-04 18:18:36,407: INFO     maxM			          = 16
2021-02-04 18:18:36,407: INFO     maxM0			          = 32
2021-02-04 18:18:36,407: INFO     mult                = 0.360674
2021-02-04 18:18:36,408: INFO     skip_optimized_index= 0
2021-02-04 18:18:36,408: INFO     delaunay_type       = 2
2021-02-04 18:18:36,408: INFO     Set HNSW query-time parameters:
2021-02-04 18:18:36,408: INFO     ef(Search)         =20
2021-02-04 18:18:36,408: INFO     algoType           =2

0%   10   20   30   40   50   60   70   80   90   100%
|----|----|----|----|----|----|----|----|----|----|
***************************************************

0%   10   20   30   40   50   60   70   80   90   100%
|----|----|----|----|----|----|----|----|----|----|
*******************************************************2021-02-04 18:18:37,382: INFO     No appropriate custom distance function for Hamming (bit-storage) space
2021-02-04 18:18:37,382: INFO     searchMethod			  = 0
2021-02-04 18:18:37,390: INFO     Identifying guides that have a hamming distance <= 3 to all other potential guides
2021-02-04 18:18:37,602: INFO     Set HNSW query-time parameters:
2021-02-04 18:18:37,602: INFO     ef(Search)         =9
2021-02-04 18:18:37,602: INFO     algoType           =2
2021-02-04 18:18:44,352: INFO     Formatting data for BedTools
2021-02-04 18:18:44,600: INFO     Create GuideMaker Annotation object
2021-02-04 18:18:44,600: INFO     Identify genomic features
2021-02-04 18:18:44,601: INFO     check if ../all_test_data/Aspergillus_fumigatus.gbk is gzipped
2021-02-04 18:18:48,384: INFO     Total number of CDS/locus in the input genome: 9630
2021-02-04 18:18:48,384: INFO     Find genomic features closest the guides
2021-02-04 18:18:50,417: INFO     Select guides that start between +500 and -500 of a feature start
2021-02-04 18:18:50,584: INFO     Select description columns
2021-02-04 18:18:50,685: INFO     Format the output
2021-02-04 18:18:51,209: INFO     Number of Guides within a gene coordinates i.e. zero Feature distance: 20835
2021-02-04 18:18:51,760: INFO     creating random control guides
2021-02-04 18:18:52,120: INFO     Number of random control searched: 100
2021-02-04 18:18:52,120: INFO     Percentage of GC content in the input genome: 48.82
2021-02-04 18:18:52,120: INFO     Total length of the genome: 28.0 MB
2021-02-04 18:18:52,120: INFO     created 10 control guides with a minimum distance of 8 and a median distance of 8
2021-02-04 18:18:52,123: INFO     guidemaker completed, results are at TEST
2021-02-04 18:18:52,123: INFO     PAM sequence: NNAGAAW
2021-02-04 18:18:52,123: INFO     PAM orientation: 3prime
2021-02-04 18:18:52,123: INFO     Genome strand(s) searched: both
2021-02-04 18:18:52,123: INFO     Total PAM sites considered: 160756
2021-02-04 18:18:52,123: INFO     Guide RNA candidates found: 49328
	Command being timed: "guidemaker -i ../all_test_data/Aspergillus_fumigatus.gbk --pamseq NNAGAAW --outdir TEST --pam_orientation 3prime --guidelength 20 --strand both --lcp 11 --dist 3 --before 500 --into 500 --knum 10 --controls 10 --log GM_63828747_2.log --threads 16"
	User time (seconds): 53.79
	System time (seconds): 3.60
	Percent of CPU this job got: 159%
	Elapsed (wall clock) time (h:mm:ss or m:ss): 0:35.93
	Average shared text size (kbytes): 0
	Average unshared data size (kbytes): 0
	Average stack size (kbytes): 0
	Average total size (kbytes): 0
	Maximum resident set size (kbytes): 726460
	Average resident set size (kbytes): 0
	Major (requiring I/O) page faults: 0
	Minor (reclaiming a frame) page faults: 695701
	Voluntary context switches: 106399
	Involuntary context switches: 137542
	Swaps: 0
	File system inputs: 72
	File system outputs: 202808
	Socket messages sent: 0
	Socket messages received: 0
	Signals delivered: 0
	Page size (bytes): 4096
	Exit status: 0
My SLURM_ARRAY_TASK_ID:  2
My TMPDIR IS:  /scratch/local/63828747
Input Genome:>>>>>>>>>>>>>>>>>>>>>>>>>>>>>>>>>>>>>>>>>>>  Aspergillus_fumigatus.gbk
Input PAM:>>>>>>>>>>>>>>>>>>>>>>>>>>>>>>>>>>>>>>>>>>>  NNAGAAW
Threads used:>>>>>>>>>>>>>>>>>>>>>>>>>>>>>>>>>>>>>>>>>>>  32
GuideMaker
2021-02-04 18:18:53,934: INFO     Temp directory is: /scratch/local/63828747/guidemaker_5emoabww
2021-02-04 18:18:53,934: INFO     Writing fasta file from genbank file(s)
2021-02-04 18:18:53,934: INFO     check if ../all_test_data/Aspergillus_fumigatus.gbk is gzipped
2021-02-04 18:18:56,941: INFO     Identifying PAM sites in the genome
2021-02-04 18:19:11,839: INFO     Checking guides for restriction enzymes
2021-02-04 18:19:11,881: INFO     Number of guides removed after checking for restriction enzymes: 0
2021-02-04 18:19:11,881: INFO     Identifing guides that are unique near the PAM site
2021-02-04 18:19:12,111: INFO     Number of guides removed after checking for unique PAM: 16937
2021-02-04 18:19:12,111: INFO     Indexing all potential guide sites: 160756. This is the longest step.
2021-02-04 18:19:12,911: INFO     M                   = 16
2021-02-04 18:19:12,911: INFO     indexThreadQty      = 32
2021-02-04 18:19:12,911: INFO     efConstruction      = 10
2021-02-04 18:19:12,911: INFO     maxM			          = 16
2021-02-04 18:19:12,912: INFO     maxM0			          = 32
2021-02-04 18:19:12,912: INFO     mult                = 0.360674
2021-02-04 18:19:12,912: INFO     skip_optimized_index= 0
2021-02-04 18:19:12,912: INFO     delaunay_type       = 2
2021-02-04 18:19:12,912: INFO     Set HNSW query-time parameters:
2021-02-04 18:19:12,912: INFO     ef(Search)         =20
2021-02-04 18:19:12,912: INFO     algoType           =2

0%   10   20   30   40   50   60   70   80   90   100%
|----|----|----|----|----|----|----|----|----|----|
***************************************************

0%   10   20   30   40   50   60   70   80   90   100%
|----|----|----|----|----|----|----|----|----|----|
***********************************************************2021-02-04 18:19:13,594: INFO     No appropriate custom distance function for Hamming (bit-storage) space
2021-02-04 18:19:13,594: INFO     searchMethod			  = 0
2021-02-04 18:19:13,603: INFO     Identifying guides that have a hamming distance <= 3 to all other potential guides
2021-02-04 18:19:13,843: INFO     Set HNSW query-time parameters:
2021-02-04 18:19:13,844: INFO     ef(Search)         =9
2021-02-04 18:19:13,844: INFO     algoType           =2
2021-02-04 18:19:21,422: INFO     Formatting data for BedTools
2021-02-04 18:19:21,705: INFO     Create GuideMaker Annotation object
2021-02-04 18:19:21,705: INFO     Identify genomic features
2021-02-04 18:19:21,706: INFO     check if ../all_test_data/Aspergillus_fumigatus.gbk is gzipped
2021-02-04 18:19:25,591: INFO     Total number of CDS/locus in the input genome: 9630
2021-02-04 18:19:25,591: INFO     Find genomic features closest the guides
2021-02-04 18:19:27,665: INFO     Select guides that start between +500 and -500 of a feature start
2021-02-04 18:19:27,840: INFO     Select description columns
2021-02-04 18:19:27,953: INFO     Format the output
2021-02-04 18:19:28,562: INFO     Number of Guides within a gene coordinates i.e. zero Feature distance: 20843
2021-02-04 18:19:29,063: INFO     creating random control guides
2021-02-04 18:19:29,426: INFO     Number of random control searched: 100
2021-02-04 18:19:29,427: INFO     Percentage of GC content in the input genome: 48.82
2021-02-04 18:19:29,427: INFO     Total length of the genome: 28.0 MB
2021-02-04 18:19:29,427: INFO     created 10 control guides with a minimum distance of 8 and a median distance of 8
2021-02-04 18:19:29,429: INFO     guidemaker completed, results are at TEST
2021-02-04 18:19:29,429: INFO     PAM sequence: NNAGAAW
2021-02-04 18:19:29,429: INFO     PAM orientation: 3prime
2021-02-04 18:19:29,430: INFO     Genome strand(s) searched: both
2021-02-04 18:19:29,430: INFO     Total PAM sites considered: 160756
2021-02-04 18:19:29,430: INFO     Guide RNA candidates found: 49328
	Command being timed: "guidemaker -i ../all_test_data/Aspergillus_fumigatus.gbk --pamseq NNAGAAW --outdir TEST --pam_orientation 3prime --guidelength 20 --strand both --lcp 11 --dist 3 --before 500 --into 500 --knum 10 --controls 10 --log GM_63828747_2.log --threads 32"
	User time (seconds): 56.72
	System time (seconds): 5.50
	Percent of CPU this job got: 167%
	Elapsed (wall clock) time (h:mm:ss or m:ss): 0:37.24
	Average shared text size (kbytes): 0
	Average unshared data size (kbytes): 0
	Average stack size (kbytes): 0
	Average total size (kbytes): 0
	Maximum resident set size (kbytes): 717044
	Average resident set size (kbytes): 0
	Major (requiring I/O) page faults: 0
	Minor (reclaiming a frame) page faults: 670101
	Voluntary context switches: 270145
	Involuntary context switches: 292911
	Swaps: 0
	File system inputs: 0
	File system outputs: 202792
	Socket messages sent: 0
	Socket messages received: 0
	Signals delivered: 0
	Page size (bytes): 4096
	Exit status: 0
