Thu Feb  4 17:00:42 EST 2021
c27b-s35.ufhpc
/blue/garrett/rp3448/analysis/guidemaker/AVXGuidemaker
My SLURM_ARRAY_TASK_ID:  8
My TMPDIR IS:  /scratch/local/63826514
Input Genome:>>>>>>>>>>>>>>>>>>>>>>>>>>>>>>>>>>>>>>>>>>>  Burkholderia_thailandensis_E264_ATCC_700388_133.gbk
Input PAM:>>>>>>>>>>>>>>>>>>>>>>>>>>>>>>>>>>>>>>>>>>>  NGRRT
Threads used:>>>>>>>>>>>>>>>>>>>>>>>>>>>>>>>>>>>>>>>>>>>  1
GuideMaker
2021-02-04 17:00:46,509: INFO     Temp directory is: /scratch/local/63826514/guidemaker_2mx8eaay
2021-02-04 17:00:46,510: INFO     Writing fasta file from genbank file(s)
2021-02-04 17:00:46,511: INFO     check if ../all_test_data/Burkholderia_thailandensis_E264_ATCC_700388_133.gbk is gzipped
2021-02-04 17:00:47,248: INFO     Identifying PAM sites in the genome
2021-02-04 17:00:52,254: INFO     Checking guides for restriction enzymes
2021-02-04 17:00:52,284: INFO     Number of guides removed after checking for restriction enzymes: 0
2021-02-04 17:00:52,284: INFO     Identifing guides that are unique near the PAM site
2021-02-04 17:00:52,456: INFO     Number of guides removed after checking for unique PAM: 29346
2021-02-04 17:00:52,457: INFO     Indexing all potential guide sites: 116535. This is the longest step.
2021-02-04 17:00:53,015: INFO     M                   = 16
2021-02-04 17:00:53,015: INFO     indexThreadQty      = 1
2021-02-04 17:00:53,015: INFO     efConstruction      = 10
2021-02-04 17:00:53,015: INFO     maxM			          = 16
2021-02-04 17:00:53,015: INFO     maxM0			          = 32
2021-02-04 17:00:53,015: INFO     mult                = 0.360674
2021-02-04 17:00:53,015: INFO     skip_optimized_index= 0
2021-02-04 17:00:53,015: INFO     delaunay_type       = 2
2021-02-04 17:00:53,015: INFO     Set HNSW query-time parameters:
2021-02-04 17:00:53,016: INFO     ef(Search)         =20
2021-02-04 17:00:53,016: INFO     algoType           =2

0%   10   20   30   40   50   60   70   80   90   100%
|----|----|----|----|----|----|----|----|----|----|
***************************************************

0%   10   20   30   40   50   60   70   80   90   100%
|----|----|----|----|----|----|----|----|----|----|
***************************************************
*2021-02-04 17:00:59,443: INFO     No appropriate custom distance function for Hamming (bit-storage) space
2021-02-04 17:00:59,443: INFO     searchMethod			  = 0
2021-02-04 17:00:59,453: INFO     Identifying guides that have a hamming distance <= 3 to all other potential guides
2021-02-04 17:00:59,582: INFO     Set HNSW query-time parameters:
2021-02-04 17:00:59,583: INFO     ef(Search)         =9
2021-02-04 17:00:59,583: INFO     algoType           =2
2021-02-04 17:01:05,225: INFO     Formatting data for BedTools
2021-02-04 17:01:05,377: INFO     Create GuideMaker Annotation object
2021-02-04 17:01:05,377: INFO     Identify genomic features
2021-02-04 17:01:05,378: INFO     check if ../all_test_data/Burkholderia_thailandensis_E264_ATCC_700388_133.gbk is gzipped
2021-02-04 17:01:06,271: INFO     Total number of CDS/locus in the input genome: 5633
2021-02-04 17:01:06,271: INFO     Find genomic features closest the guides
2021-02-04 17:01:07,507: INFO     Select guides that start between +500 and -500 of a feature start
2021-02-04 17:01:07,653: INFO     Select description columns
2021-02-04 17:01:07,704: INFO     Format the output
2021-02-04 17:01:08,312: INFO     Number of Guides within a gene coordinates i.e. zero Feature distance: 33967
2021-02-04 17:01:08,872: INFO     creating random control guides
2021-02-04 17:01:08,968: INFO     Number of random control searched: 100
2021-02-04 17:01:08,968: INFO     Percentage of GC content in the input genome: 67.63
2021-02-04 17:01:08,968: INFO     Total length of the genome: 6.4 MB
2021-02-04 17:01:08,968: INFO     created 10 control guides with a minimum distance of 7 and a median distance of 7
2021-02-04 17:01:08,971: INFO     guidemaker completed, results are at TEST
2021-02-04 17:01:08,971: INFO     PAM sequence: NGRRT
2021-02-04 17:01:08,972: INFO     PAM orientation: 3prime
2021-02-04 17:01:08,972: INFO     Genome strand(s) searched: both
2021-02-04 17:01:08,972: INFO     Total PAM sites considered: 116535
2021-02-04 17:01:08,972: INFO     Guide RNA candidates found: 61918
	Command being timed: "guidemaker -i ../all_test_data/Burkholderia_thailandensis_E264_ATCC_700388_133.gbk --pamseq NGRRT --outdir TEST --pam_orientation 3prime --guidelength 20 --strand both --lcp 11 --dist 3 --before 500 --into 500 --knum 10 --controls 10 --log GM_63826514_8.log --threads 1"
	User time (seconds): 24.69
	System time (seconds): 2.30
	Percent of CPU this job got: 114%
	Elapsed (wall clock) time (h:mm:ss or m:ss): 0:23.62
	Average shared text size (kbytes): 0
	Average unshared data size (kbytes): 0
	Average stack size (kbytes): 0
	Average total size (kbytes): 0
	Maximum resident set size (kbytes): 467024
	Average resident set size (kbytes): 0
	Major (requiring I/O) page faults: 0
	Minor (reclaiming a frame) page faults: 506397
	Voluntary context switches: 1558
	Involuntary context switches: 357
	Swaps: 0
	File system inputs: 0
	File system outputs: 125480
	Socket messages sent: 0
	Socket messages received: 0
	Signals delivered: 0
	Page size (bytes): 4096
	Exit status: 0
My SLURM_ARRAY_TASK_ID:  8
My TMPDIR IS:  /scratch/local/63826514
Input Genome:>>>>>>>>>>>>>>>>>>>>>>>>>>>>>>>>>>>>>>>>>>>  Burkholderia_thailandensis_E264_ATCC_700388_133.gbk
Input PAM:>>>>>>>>>>>>>>>>>>>>>>>>>>>>>>>>>>>>>>>>>>>  NGRRT
Threads used:>>>>>>>>>>>>>>>>>>>>>>>>>>>>>>>>>>>>>>>>>>>  2
GuideMaker
2021-02-04 17:01:10,462: INFO     Temp directory is: /scratch/local/63826514/guidemaker_68u0ryd8
2021-02-04 17:01:10,462: INFO     Writing fasta file from genbank file(s)
2021-02-04 17:01:10,463: INFO     check if ../all_test_data/Burkholderia_thailandensis_E264_ATCC_700388_133.gbk is gzipped
2021-02-04 17:01:11,201: INFO     Identifying PAM sites in the genome
2021-02-04 17:01:16,214: INFO     Checking guides for restriction enzymes
2021-02-04 17:01:16,245: INFO     Number of guides removed after checking for restriction enzymes: 0
2021-02-04 17:01:16,245: INFO     Identifing guides that are unique near the PAM site
2021-02-04 17:01:16,415: INFO     Number of guides removed after checking for unique PAM: 29346
2021-02-04 17:01:16,415: INFO     Indexing all potential guide sites: 116535. This is the longest step.
2021-02-04 17:01:16,951: INFO     M                   = 16
2021-02-04 17:01:16,951: INFO     indexThreadQty      = 2
2021-02-04 17:01:16,951: INFO     efConstruction      = 10
2021-02-04 17:01:16,951: INFO     maxM			          = 16
2021-02-04 17:01:16,951: INFO     maxM0			          = 32
2021-02-04 17:01:16,951: INFO     mult                = 0.360674
2021-02-04 17:01:16,951: INFO     skip_optimized_index= 0
2021-02-04 17:01:16,952: INFO     delaunay_type       = 2
2021-02-04 17:01:16,952: INFO     Set HNSW query-time parameters:
2021-02-04 17:01:16,952: INFO     ef(Search)         =20
2021-02-04 17:01:16,952: INFO     algoType           =2

0%   10   20   30   40   50   60   70   80   90   100%
|----|----|----|----|----|----|----|----|----|----|
***************************************************

0%   10   20   30   40   50   60   70   80   90   100%
|----|----|----|----|----|----|----|----|----|----|
***************************************************


2021-02-04 17:01:21,177: INFO     No appropriate custom distance function for Hamming (bit-storage) space
2021-02-04 17:01:21,177: INFO     searchMethod			  = 0
2021-02-04 17:01:21,187: INFO     Identifying guides that have a hamming distance <= 3 to all other potential guides
2021-02-04 17:01:21,304: INFO     Set HNSW query-time parameters:
2021-02-04 17:01:21,305: INFO     ef(Search)         =9
2021-02-04 17:01:21,305: INFO     algoType           =2
2021-02-04 17:01:26,212: INFO     Formatting data for BedTools
2021-02-04 17:01:26,363: INFO     Create GuideMaker Annotation object
2021-02-04 17:01:26,364: INFO     Identify genomic features
2021-02-04 17:01:26,364: INFO     check if ../all_test_data/Burkholderia_thailandensis_E264_ATCC_700388_133.gbk is gzipped
2021-02-04 17:01:27,250: INFO     Total number of CDS/locus in the input genome: 5633
2021-02-04 17:01:27,250: INFO     Find genomic features closest the guides
2021-02-04 17:01:28,477: INFO     Select guides that start between +500 and -500 of a feature start
2021-02-04 17:01:28,622: INFO     Select description columns
2021-02-04 17:01:28,673: INFO     Format the output
2021-02-04 17:01:29,275: INFO     Number of Guides within a gene coordinates i.e. zero Feature distance: 33959
2021-02-04 17:01:29,829: INFO     creating random control guides
2021-02-04 17:01:29,939: INFO     Number of random control searched: 100
2021-02-04 17:01:29,940: INFO     Percentage of GC content in the input genome: 67.63
2021-02-04 17:01:29,940: INFO     Total length of the genome: 6.4 MB
2021-02-04 17:01:29,940: INFO     created 10 control guides with a minimum distance of 7 and a median distance of 8
2021-02-04 17:01:29,942: INFO     guidemaker completed, results are at TEST
2021-02-04 17:01:29,942: INFO     PAM sequence: NGRRT
2021-02-04 17:01:29,942: INFO     PAM orientation: 3prime
2021-02-04 17:01:29,942: INFO     Genome strand(s) searched: both
2021-02-04 17:01:29,942: INFO     Total PAM sites considered: 116535
2021-02-04 17:01:29,943: INFO     Guide RNA candidates found: 61897
	Command being timed: "guidemaker -i ../all_test_data/Burkholderia_thailandensis_E264_ATCC_700388_133.gbk --pamseq NGRRT --outdir TEST --pam_orientation 3prime --guidelength 20 --strand both --lcp 11 --dist 3 --before 500 --into 500 --knum 10 --controls 10 --log GM_63826514_8.log --threads 2"
	User time (seconds): 26.53
	System time (seconds): 2.52
	Percent of CPU this job got: 138%
	Elapsed (wall clock) time (h:mm:ss or m:ss): 0:20.99
	Average shared text size (kbytes): 0
	Average unshared data size (kbytes): 0
	Average stack size (kbytes): 0
	Average total size (kbytes): 0
	Maximum resident set size (kbytes): 516440
	Average resident set size (kbytes): 0
	Major (requiring I/O) page faults: 0
	Minor (reclaiming a frame) page faults: 546414
	Voluntary context switches: 15800
	Involuntary context switches: 257992
	Swaps: 0
	File system inputs: 0
	File system outputs: 125384
	Socket messages sent: 0
	Socket messages received: 0
	Signals delivered: 0
	Page size (bytes): 4096
	Exit status: 0
My SLURM_ARRAY_TASK_ID:  8
My TMPDIR IS:  /scratch/local/63826514
Input Genome:>>>>>>>>>>>>>>>>>>>>>>>>>>>>>>>>>>>>>>>>>>>  Burkholderia_thailandensis_E264_ATCC_700388_133.gbk
Input PAM:>>>>>>>>>>>>>>>>>>>>>>>>>>>>>>>>>>>>>>>>>>>  NGRRT
Threads used:>>>>>>>>>>>>>>>>>>>>>>>>>>>>>>>>>>>>>>>>>>>  4
GuideMaker
2021-02-04 17:01:31,133: INFO     Temp directory is: /scratch/local/63826514/guidemaker_fp4bu4bg
2021-02-04 17:01:31,133: INFO     Writing fasta file from genbank file(s)
2021-02-04 17:01:31,134: INFO     check if ../all_test_data/Burkholderia_thailandensis_E264_ATCC_700388_133.gbk is gzipped
2021-02-04 17:01:31,866: INFO     Identifying PAM sites in the genome
2021-02-04 17:01:36,875: INFO     Checking guides for restriction enzymes
2021-02-04 17:01:36,906: INFO     Number of guides removed after checking for restriction enzymes: 0
2021-02-04 17:01:36,906: INFO     Identifing guides that are unique near the PAM site
2021-02-04 17:01:37,082: INFO     Number of guides removed after checking for unique PAM: 29346
2021-02-04 17:01:37,083: INFO     Indexing all potential guide sites: 116535. This is the longest step.
2021-02-04 17:01:37,635: INFO     M                   = 16
2021-02-04 17:01:37,636: INFO     indexThreadQty      = 4
2021-02-04 17:01:37,636: INFO     efConstruction      = 10
2021-02-04 17:01:37,636: INFO     maxM			          = 16
2021-02-04 17:01:37,636: INFO     maxM0			          = 32
2021-02-04 17:01:37,636: INFO     mult                = 0.360674
2021-02-04 17:01:37,636: INFO     skip_optimized_index= 0
2021-02-04 17:01:37,636: INFO     delaunay_type       = 2
2021-02-04 17:01:37,636: INFO     Set HNSW query-time parameters:
2021-02-04 17:01:37,636: INFO     ef(Search)         =20
2021-02-04 17:01:37,636: INFO     algoType           =2

0%   10   20   30   40   50   60   70   80   90   100%
|----|----|----|----|----|----|----|----|----|----|
***************************************************

0%   10   20   30   40   50   60   70   80   90   100%
|----|----|----|----|----|----|----|----|----|----|
****************************************************


2021-02-04 17:01:39,799: INFO     No appropriate custom distance function for Hamming (bit-storage) space
2021-02-04 17:01:39,799: INFO     searchMethod			  = 0
2021-02-04 17:01:39,805: INFO     Identifying guides that have a hamming distance <= 3 to all other potential guides
2021-02-04 17:01:39,928: INFO     Set HNSW query-time parameters:
2021-02-04 17:01:39,929: INFO     ef(Search)         =9
2021-02-04 17:01:39,929: INFO     algoType           =2
2021-02-04 17:01:44,170: INFO     Formatting data for BedTools
2021-02-04 17:01:44,323: INFO     Create GuideMaker Annotation object
2021-02-04 17:01:44,324: INFO     Identify genomic features
2021-02-04 17:01:44,324: INFO     check if ../all_test_data/Burkholderia_thailandensis_E264_ATCC_700388_133.gbk is gzipped
2021-02-04 17:01:45,217: INFO     Total number of CDS/locus in the input genome: 5633
2021-02-04 17:01:45,217: INFO     Find genomic features closest the guides
2021-02-04 17:01:46,492: INFO     Select guides that start between +500 and -500 of a feature start
2021-02-04 17:01:46,636: INFO     Select description columns
2021-02-04 17:01:46,685: INFO     Format the output
2021-02-04 17:01:47,350: INFO     Number of Guides within a gene coordinates i.e. zero Feature distance: 33968
2021-02-04 17:01:48,009: INFO     creating random control guides
2021-02-04 17:01:48,126: INFO     Number of random control searched: 100
2021-02-04 17:01:48,126: INFO     Percentage of GC content in the input genome: 67.63
2021-02-04 17:01:48,126: INFO     Total length of the genome: 6.4 MB
2021-02-04 17:01:48,126: INFO     created 10 control guides with a minimum distance of 7 and a median distance of 8
2021-02-04 17:01:48,129: INFO     guidemaker completed, results are at TEST
2021-02-04 17:01:48,129: INFO     PAM sequence: NGRRT
2021-02-04 17:01:48,129: INFO     PAM orientation: 3prime
2021-02-04 17:01:48,129: INFO     Genome strand(s) searched: both
2021-02-04 17:01:48,129: INFO     Total PAM sites considered: 116535
2021-02-04 17:01:48,129: INFO     Guide RNA candidates found: 61918
	Command being timed: "guidemaker -i ../all_test_data/Burkholderia_thailandensis_E264_ATCC_700388_133.gbk --pamseq NGRRT --outdir TEST --pam_orientation 3prime --guidelength 20 --strand both --lcp 11 --dist 3 --before 500 --into 500 --knum 10 --controls 10 --log GM_63826514_8.log --threads 4"
	User time (seconds): 27.02
	System time (seconds): 2.51
	Percent of CPU this job got: 162%
	Elapsed (wall clock) time (h:mm:ss or m:ss): 0:18.19
	Average shared text size (kbytes): 0
	Average unshared data size (kbytes): 0
	Average stack size (kbytes): 0
	Average total size (kbytes): 0
	Maximum resident set size (kbytes): 516900
	Average resident set size (kbytes): 0
	Major (requiring I/O) page faults: 0
	Minor (reclaiming a frame) page faults: 495364
	Voluntary context switches: 17781
	Involuntary context switches: 239
	Swaps: 0
	File system inputs: 0
	File system outputs: 125448
	Socket messages sent: 0
	Socket messages received: 0
	Signals delivered: 0
	Page size (bytes): 4096
	Exit status: 0
My SLURM_ARRAY_TASK_ID:  8
My TMPDIR IS:  /scratch/local/63826514
Input Genome:>>>>>>>>>>>>>>>>>>>>>>>>>>>>>>>>>>>>>>>>>>>  Burkholderia_thailandensis_E264_ATCC_700388_133.gbk
Input PAM:>>>>>>>>>>>>>>>>>>>>>>>>>>>>>>>>>>>>>>>>>>>  NGRRT
Threads used:>>>>>>>>>>>>>>>>>>>>>>>>>>>>>>>>>>>>>>>>>>>  8
GuideMaker
2021-02-04 17:01:49,328: INFO     Temp directory is: /scratch/local/63826514/guidemaker_f2lbxfab
2021-02-04 17:01:49,328: INFO     Writing fasta file from genbank file(s)
2021-02-04 17:01:49,328: INFO     check if ../all_test_data/Burkholderia_thailandensis_E264_ATCC_700388_133.gbk is gzipped
2021-02-04 17:01:50,042: INFO     Identifying PAM sites in the genome
2021-02-04 17:01:55,038: INFO     Checking guides for restriction enzymes
2021-02-04 17:01:55,068: INFO     Number of guides removed after checking for restriction enzymes: 0
2021-02-04 17:01:55,068: INFO     Identifing guides that are unique near the PAM site
2021-02-04 17:01:55,233: INFO     Number of guides removed after checking for unique PAM: 29346
2021-02-04 17:01:55,233: INFO     Indexing all potential guide sites: 116535. This is the longest step.
2021-02-04 17:01:55,780: INFO     M                   = 16
2021-02-04 17:01:55,780: INFO     indexThreadQty      = 8
2021-02-04 17:01:55,780: INFO     efConstruction      = 10
2021-02-04 17:01:55,780: INFO     maxM			          = 16
2021-02-04 17:01:55,780: INFO     maxM0			          = 32
2021-02-04 17:01:55,780: INFO     mult                = 0.360674
2021-02-04 17:01:55,780: INFO     skip_optimized_index= 0
2021-02-04 17:01:55,780: INFO     delaunay_type       = 2
2021-02-04 17:01:55,780: INFO     Set HNSW query-time parameters:
2021-02-04 17:01:55,781: INFO     ef(Search)         =20
2021-02-04 17:01:55,781: INFO     algoType           =2

0%   10   20   30   40   50   60   70   80   90   100%
|----|----|----|----|----|----|----|----|----|----|
***************************************************

0%   10   20   30   40   50   60   70   80   90   100%
|----|----|----|----|----|----|----|----|----|----|
*******************************************************2021-02-04 17:01:57,019: INFO     No appropriate custom distance function for Hamming (bit-storage) space
2021-02-04 17:01:57,019: INFO     searchMethod			  = 0
2021-02-04 17:01:57,024: INFO     Identifying guides that have a hamming distance <= 3 to all other potential guides
2021-02-04 17:01:57,141: INFO     Set HNSW query-time parameters:
2021-02-04 17:01:57,142: INFO     ef(Search)         =9
2021-02-04 17:01:57,142: INFO     algoType           =2
2021-02-04 17:02:01,514: INFO     Formatting data for BedTools
2021-02-04 17:02:01,665: INFO     Create GuideMaker Annotation object
2021-02-04 17:02:01,665: INFO     Identify genomic features
2021-02-04 17:02:01,666: INFO     check if ../all_test_data/Burkholderia_thailandensis_E264_ATCC_700388_133.gbk is gzipped
2021-02-04 17:02:02,542: INFO     Total number of CDS/locus in the input genome: 5633
2021-02-04 17:02:02,542: INFO     Find genomic features closest the guides
2021-02-04 17:02:03,761: INFO     Select guides that start between +500 and -500 of a feature start
2021-02-04 17:02:03,901: INFO     Select description columns
2021-02-04 17:02:03,949: INFO     Format the output
2021-02-04 17:02:04,536: INFO     Number of Guides within a gene coordinates i.e. zero Feature distance: 33957
2021-02-04 17:02:05,086: INFO     creating random control guides
2021-02-04 17:02:05,198: INFO     Number of random control searched: 100
2021-02-04 17:02:05,198: INFO     Percentage of GC content in the input genome: 67.63
2021-02-04 17:02:05,198: INFO     Total length of the genome: 6.4 MB
2021-02-04 17:02:05,198: INFO     created 10 control guides with a minimum distance of 7 and a median distance of 7
2021-02-04 17:02:05,201: INFO     guidemaker completed, results are at TEST
2021-02-04 17:02:05,202: INFO     PAM sequence: NGRRT
2021-02-04 17:02:05,202: INFO     PAM orientation: 3prime
2021-02-04 17:02:05,202: INFO     Genome strand(s) searched: both
2021-02-04 17:02:05,202: INFO     Total PAM sites considered: 116535
2021-02-04 17:02:05,202: INFO     Guide RNA candidates found: 61897
	Command being timed: "guidemaker -i ../all_test_data/Burkholderia_thailandensis_E264_ATCC_700388_133.gbk --pamseq NGRRT --outdir TEST --pam_orientation 3prime --guidelength 20 --strand both --lcp 11 --dist 3 --before 500 --into 500 --knum 10 --controls 10 --log GM_63826514_8.log --threads 8"
	User time (seconds): 28.31
	System time (seconds): 2.54
	Percent of CPU this job got: 180%
	Elapsed (wall clock) time (h:mm:ss or m:ss): 0:17.05
	Average shared text size (kbytes): 0
	Average unshared data size (kbytes): 0
	Average stack size (kbytes): 0
	Average total size (kbytes): 0
	Maximum resident set size (kbytes): 518144
	Average resident set size (kbytes): 0
	Major (requiring I/O) page faults: 0
	Minor (reclaiming a frame) page faults: 469491
	Voluntary context switches: 33816
	Involuntary context switches: 247
	Swaps: 0
	File system inputs: 0
	File system outputs: 125400
	Socket messages sent: 0
	Socket messages received: 0
	Signals delivered: 0
	Page size (bytes): 4096
	Exit status: 0
My SLURM_ARRAY_TASK_ID:  8
My TMPDIR IS:  /scratch/local/63826514
Input Genome:>>>>>>>>>>>>>>>>>>>>>>>>>>>>>>>>>>>>>>>>>>>  Burkholderia_thailandensis_E264_ATCC_700388_133.gbk
Input PAM:>>>>>>>>>>>>>>>>>>>>>>>>>>>>>>>>>>>>>>>>>>>  NGRRT
Threads used:>>>>>>>>>>>>>>>>>>>>>>>>>>>>>>>>>>>>>>>>>>>  16
GuideMaker
2021-02-04 17:02:06,414: INFO     Temp directory is: /scratch/local/63826514/guidemaker_b6lp2pec
2021-02-04 17:02:06,414: INFO     Writing fasta file from genbank file(s)
2021-02-04 17:02:06,415: INFO     check if ../all_test_data/Burkholderia_thailandensis_E264_ATCC_700388_133.gbk is gzipped
2021-02-04 17:02:07,146: INFO     Identifying PAM sites in the genome
2021-02-04 17:02:12,106: INFO     Checking guides for restriction enzymes
2021-02-04 17:02:12,138: INFO     Number of guides removed after checking for restriction enzymes: 0
2021-02-04 17:02:12,138: INFO     Identifing guides that are unique near the PAM site
2021-02-04 17:02:12,324: INFO     Number of guides removed after checking for unique PAM: 29346
2021-02-04 17:02:12,324: INFO     Indexing all potential guide sites: 116535. This is the longest step.
2021-02-04 17:02:12,862: INFO     M                   = 16
2021-02-04 17:02:12,862: INFO     indexThreadQty      = 16
2021-02-04 17:02:12,863: INFO     efConstruction      = 10
2021-02-04 17:02:12,863: INFO     maxM			          = 16
2021-02-04 17:02:12,863: INFO     maxM0			          = 32
2021-02-04 17:02:12,863: INFO     mult                = 0.360674
2021-02-04 17:02:12,863: INFO     skip_optimized_index= 0
2021-02-04 17:02:12,863: INFO     delaunay_type       = 2
2021-02-04 17:02:12,863: INFO     Set HNSW query-time parameters:
2021-02-04 17:02:12,863: INFO     ef(Search)         =20
2021-02-04 17:02:12,863: INFO     algoType           =2

0%   10   20   30   40   50   60   70   80   90   100%
|----|----|----|----|----|----|----|----|----|----|
***************************************************

0%   10   20   30   40   50   60   70   80   90   100%
|----|----|----|----|----|----|----|----|----|----|
*******************************************************2021-02-04 17:02:13,571: INFO     No appropriate custom distance function for Hamming (bit-storage) space
2021-02-04 17:02:13,571: INFO     searchMethod			  = 0
2021-02-04 17:02:13,577: INFO     Identifying guides that have a hamming distance <= 3 to all other potential guides
2021-02-04 17:02:13,697: INFO     Set HNSW query-time parameters:
2021-02-04 17:02:13,698: INFO     ef(Search)         =9
2021-02-04 17:02:13,698: INFO     algoType           =2
2021-02-04 17:02:17,577: INFO     Formatting data for BedTools
2021-02-04 17:02:17,727: INFO     Create GuideMaker Annotation object
2021-02-04 17:02:17,727: INFO     Identify genomic features
2021-02-04 17:02:17,728: INFO     check if ../all_test_data/Burkholderia_thailandensis_E264_ATCC_700388_133.gbk is gzipped
2021-02-04 17:02:18,607: INFO     Total number of CDS/locus in the input genome: 5633
2021-02-04 17:02:18,607: INFO     Find genomic features closest the guides
2021-02-04 17:02:19,850: INFO     Select guides that start between +500 and -500 of a feature start
2021-02-04 17:02:19,992: INFO     Select description columns
2021-02-04 17:02:20,041: INFO     Format the output
2021-02-04 17:02:20,633: INFO     Number of Guides within a gene coordinates i.e. zero Feature distance: 33969
2021-02-04 17:02:21,188: INFO     creating random control guides
2021-02-04 17:02:21,288: INFO     Number of random control searched: 100
2021-02-04 17:02:21,289: INFO     Percentage of GC content in the input genome: 67.63
2021-02-04 17:02:21,289: INFO     Total length of the genome: 6.4 MB
2021-02-04 17:02:21,289: INFO     created 10 control guides with a minimum distance of 7 and a median distance of 7
2021-02-04 17:02:21,291: INFO     guidemaker completed, results are at TEST
2021-02-04 17:02:21,291: INFO     PAM sequence: NGRRT
2021-02-04 17:02:21,291: INFO     PAM orientation: 3prime
2021-02-04 17:02:21,291: INFO     Genome strand(s) searched: both
2021-02-04 17:02:21,291: INFO     Total PAM sites considered: 116535
2021-02-04 17:02:21,292: INFO     Guide RNA candidates found: 61914
	Command being timed: "guidemaker -i ../all_test_data/Burkholderia_thailandensis_E264_ATCC_700388_133.gbk --pamseq NGRRT --outdir TEST --pam_orientation 3prime --guidelength 20 --strand both --lcp 11 --dist 3 --before 500 --into 500 --knum 10 --controls 10 --log GM_63826514_8.log --threads 16"
	User time (seconds): 28.83
	System time (seconds): 2.87
	Percent of CPU this job got: 197%
	Elapsed (wall clock) time (h:mm:ss or m:ss): 0:16.08
	Average shared text size (kbytes): 0
	Average unshared data size (kbytes): 0
	Average stack size (kbytes): 0
	Average total size (kbytes): 0
	Maximum resident set size (kbytes): 519452
	Average resident set size (kbytes): 0
	Major (requiring I/O) page faults: 0
	Minor (reclaiming a frame) page faults: 437186
	Voluntary context switches: 66507
	Involuntary context switches: 141907
	Swaps: 0
	File system inputs: 0
	File system outputs: 125416
	Socket messages sent: 0
	Socket messages received: 0
	Signals delivered: 0
	Page size (bytes): 4096
	Exit status: 0
My SLURM_ARRAY_TASK_ID:  8
My TMPDIR IS:  /scratch/local/63826514
Input Genome:>>>>>>>>>>>>>>>>>>>>>>>>>>>>>>>>>>>>>>>>>>>  Burkholderia_thailandensis_E264_ATCC_700388_133.gbk
Input PAM:>>>>>>>>>>>>>>>>>>>>>>>>>>>>>>>>>>>>>>>>>>>  NGRRT
Threads used:>>>>>>>>>>>>>>>>>>>>>>>>>>>>>>>>>>>>>>>>>>>  32
GuideMaker
2021-02-04 17:02:22,810: INFO     Temp directory is: /scratch/local/63826514/guidemaker_347n8aq_
2021-02-04 17:02:22,811: INFO     Writing fasta file from genbank file(s)
2021-02-04 17:02:22,811: INFO     check if ../all_test_data/Burkholderia_thailandensis_E264_ATCC_700388_133.gbk is gzipped
2021-02-04 17:02:23,571: INFO     Identifying PAM sites in the genome
2021-02-04 17:02:28,590: INFO     Checking guides for restriction enzymes
2021-02-04 17:02:28,620: INFO     Number of guides removed after checking for restriction enzymes: 0
2021-02-04 17:02:28,620: INFO     Identifing guides that are unique near the PAM site
2021-02-04 17:02:28,791: INFO     Number of guides removed after checking for unique PAM: 29346
2021-02-04 17:02:28,792: INFO     Indexing all potential guide sites: 116535. This is the longest step.
2021-02-04 17:02:29,339: INFO     M                   = 16
2021-02-04 17:02:29,340: INFO     indexThreadQty      = 32
2021-02-04 17:02:29,340: INFO     efConstruction      = 10
2021-02-04 17:02:29,340: INFO     maxM			          = 16
2021-02-04 17:02:29,340: INFO     maxM0			          = 32
2021-02-04 17:02:29,340: INFO     mult                = 0.360674
2021-02-04 17:02:29,340: INFO     skip_optimized_index= 0
2021-02-04 17:02:29,340: INFO     delaunay_type       = 2
2021-02-04 17:02:29,340: INFO     Set HNSW query-time parameters:
2021-02-04 17:02:29,340: INFO     ef(Search)         =20
2021-02-04 17:02:29,340: INFO     algoType           =2

0%   10   20   30   40   50   60   70   80   90   100%
|----|----|----|----|----|----|----|----|----|----|
***************************************************

0%   10   20   30   40   50   60   70   80   90   100%
|----|----|----|----|----|----|----|----|----|----|
*******************************************************2021-02-04 17:02:29,832: INFO     No appropriate custom distance function for Hamming (bit-storage) space
2021-02-04 17:02:29,832: INFO     searchMethod			  = 0
2021-02-04 17:02:29,839: INFO     Identifying guides that have a hamming distance <= 3 to all other potential guides
2021-02-04 17:02:29,975: INFO     Set HNSW query-time parameters:
2021-02-04 17:02:29,975: INFO     ef(Search)         =9
2021-02-04 17:02:29,975: INFO     algoType           =2
2021-02-04 17:02:33,788: INFO     Formatting data for BedTools
2021-02-04 17:02:33,977: INFO     Create GuideMaker Annotation object
2021-02-04 17:02:33,978: INFO     Identify genomic features
2021-02-04 17:02:33,978: INFO     check if ../all_test_data/Burkholderia_thailandensis_E264_ATCC_700388_133.gbk is gzipped
2021-02-04 17:02:34,940: INFO     Total number of CDS/locus in the input genome: 5633
2021-02-04 17:02:34,940: INFO     Find genomic features closest the guides
2021-02-04 17:02:36,186: INFO     Select guides that start between +500 and -500 of a feature start
2021-02-04 17:02:36,332: INFO     Select description columns
2021-02-04 17:02:36,383: INFO     Format the output
2021-02-04 17:02:37,077: INFO     Number of Guides within a gene coordinates i.e. zero Feature distance: 33956
2021-02-04 17:02:37,773: INFO     creating random control guides
2021-02-04 17:02:37,916: INFO     Number of random control searched: 100
2021-02-04 17:02:37,916: INFO     Percentage of GC content in the input genome: 67.63
2021-02-04 17:02:37,916: INFO     Total length of the genome: 6.4 MB
2021-02-04 17:02:37,916: INFO     created 10 control guides with a minimum distance of 7 and a median distance of 7
2021-02-04 17:02:37,920: INFO     guidemaker completed, results are at TEST
2021-02-04 17:02:37,920: INFO     PAM sequence: NGRRT
2021-02-04 17:02:37,920: INFO     PAM orientation: 3prime
2021-02-04 17:02:37,920: INFO     Genome strand(s) searched: both
2021-02-04 17:02:37,920: INFO     Total PAM sites considered: 116535
2021-02-04 17:02:37,920: INFO     Guide RNA candidates found: 61903
	Command being timed: "guidemaker -i ../all_test_data/Burkholderia_thailandensis_E264_ATCC_700388_133.gbk --pamseq NGRRT --outdir TEST --pam_orientation 3prime --guidelength 20 --strand both --lcp 11 --dist 3 --before 500 --into 500 --knum 10 --controls 10 --log GM_63826514_8.log --threads 32"
	User time (seconds): 30.67
	System time (seconds): 5.05
	Percent of CPU this job got: 214%
	Elapsed (wall clock) time (h:mm:ss or m:ss): 0:16.68
	Average shared text size (kbytes): 0
	Average unshared data size (kbytes): 0
	Average stack size (kbytes): 0
	Average total size (kbytes): 0
	Maximum resident set size (kbytes): 522176
	Average resident set size (kbytes): 0
	Major (requiring I/O) page faults: 0
	Minor (reclaiming a frame) page faults: 598530
	Voluntary context switches: 177572
	Involuntary context switches: 408
	Swaps: 0
	File system inputs: 0
	File system outputs: 125416
	Socket messages sent: 0
	Socket messages received: 0
	Signals delivered: 0
	Page size (bytes): 4096
	Exit status: 0
