Thu Feb  4 15:52:38 EST 2021
c30b-s41.ufhpc
/blue/garrett/rp3448/analysis/guidemaker/AVXGuidemaker
My SLURM_ARRAY_TASK_ID:  10
My TMPDIR IS:  /scratch/local/63820995
Input Genome:>>>>>>>>>>>>>>>>>>>>>>>>>>>>>>>>>>>>>>>>>>>  Pseudomonas_aeruginosa_PAO1_107.gbk
Input PAM:>>>>>>>>>>>>>>>>>>>>>>>>>>>>>>>>>>>>>>>>>>>  NGG
Threads used:>>>>>>>>>>>>>>>>>>>>>>>>>>>>>>>>>>>>>>>>>>>  1
GuideMaker
2021-02-04 15:52:42,779: INFO     Temp directory is: /scratch/local/63820995/guidemaker_2gk82agx
2021-02-04 15:52:42,779: INFO     Writing fasta file from genbank file(s)
2021-02-04 15:52:42,780: INFO     check if ../all_test_data/Pseudomonas_aeruginosa_PAO1_107.gbk is gzipped
/home/rp3448/.conda/envs/AVX2/lib/python3.7/site-packages/Bio/GenBank/Scanner.py:1400: BiopythonParserWarning: Truncated LOCUS line found - is this correct?
:'LOCUS       NC_002516            6264404 bp    dna     circular UNK \n'
  BiopythonParserWarning,
/home/rp3448/.conda/envs/AVX2/lib/python3.7/site-packages/Bio/GenBank/__init__.py:762: BiopythonParserWarning: Non-upper case molecule type in LOCUS line: dna
  BiopythonParserWarning,
2021-02-04 15:52:43,626: INFO     Identifying PAM sites in the genome
2021-02-04 15:53:10,951: INFO     Checking guides for restriction enzymes
2021-02-04 15:53:11,276: INFO     Number of guides removed after checking for restriction enzymes: 0
2021-02-04 15:53:11,276: INFO     Identifing guides that are unique near the PAM site
2021-02-04 15:53:13,314: INFO     Number of guides removed after checking for unique PAM: 780424
2021-02-04 15:53:13,315: INFO     Indexing all potential guide sites: 1171798. This is the longest step.
2021-02-04 15:53:18,838: INFO     M                   = 16
2021-02-04 15:53:18,838: INFO     indexThreadQty      = 1
2021-02-04 15:53:18,838: INFO     efConstruction      = 10
2021-02-04 15:53:18,838: INFO     maxM			          = 16
2021-02-04 15:53:18,839: INFO     maxM0			          = 32
2021-02-04 15:53:18,839: INFO     mult                = 0.360674
2021-02-04 15:53:18,839: INFO     skip_optimized_index= 0
2021-02-04 15:53:18,839: INFO     delaunay_type       = 2
2021-02-04 15:53:18,839: INFO     Set HNSW query-time parameters:
2021-02-04 15:53:18,839: INFO     ef(Search)         =20
2021-02-04 15:53:18,839: INFO     algoType           =2

0%   10   20   30   40   50   60   70   80   90   100%
|----|----|----|----|----|----|----|----|----|----|
***************************************************

0%   10   20   30   40   50   60   70   80   90   100%
|----|----|----|----|----|----|----|----|----|----|
***************************************************
*2021-02-04 15:55:09,923: INFO     No appropriate custom distance function for Hamming (bit-storage) space
2021-02-04 15:55:09,924: INFO     searchMethod			  = 0
2021-02-04 15:55:10,015: INFO     Identifying guides that have a hamming distance <= 3 to all other potential guides
2021-02-04 15:55:10,648: INFO     Set HNSW query-time parameters:
2021-02-04 15:55:10,649: INFO     ef(Search)         =9
2021-02-04 15:55:10,649: INFO     algoType           =2
2021-02-04 15:55:47,965: INFO     Formatting data for BedTools
2021-02-04 15:55:48,772: INFO     Create GuideMaker Annotation object
2021-02-04 15:55:48,773: INFO     Identify genomic features
2021-02-04 15:55:48,773: INFO     check if ../all_test_data/Pseudomonas_aeruginosa_PAO1_107.gbk is gzipped
2021-02-04 15:55:49,545: INFO     Total number of CDS/locus in the input genome: 5584
2021-02-04 15:55:49,545: INFO     Find genomic features closest the guides
2021-02-04 15:55:55,408: INFO     Select guides that start between +500 and -500 of a feature start
2021-02-04 15:55:56,009: INFO     Select description columns
2021-02-04 15:55:56,063: INFO     Format the output
2021-02-04 15:55:59,398: INFO     Number of Guides within a gene coordinates i.e. zero Feature distance: 157826
2021-02-04 15:56:03,448: INFO     creating random control guides
2021-02-04 15:56:03,643: INFO     Number of random control searched: 1000
2021-02-04 15:56:03,644: INFO     Percentage of GC content in the input genome: 66.56
2021-02-04 15:56:03,644: INFO     Total length of the genome: 6.0 MB
2021-02-04 15:56:03,644: INFO     created 10 control guides with a minimum distance of 8 and a median distance of 8
2021-02-04 15:56:03,647: INFO     guidemaker completed, results are at TEST
2021-02-04 15:56:03,647: INFO     PAM sequence: NGG
2021-02-04 15:56:03,647: INFO     PAM orientation: 3prime
2021-02-04 15:56:03,647: INFO     Genome strand(s) searched: both
2021-02-04 15:56:03,647: INFO     Total PAM sites considered: 1171798
2021-02-04 15:56:03,647: INFO     Guide RNA candidates found: 292698
	Command being timed: "guidemaker -i ../all_test_data/Pseudomonas_aeruginosa_PAO1_107.gbk --pamseq NGG --outdir TEST --pam_orientation 3prime --guidelength 20 --strand both --lcp 11 --dist 3 --before 500 --into 500 --knum 10 --controls 10 --log GM_63820995_10.log --threads 1"
	User time (seconds): 201.21
	System time (seconds): 4.92
	Percent of CPU this job got: 101%
	Elapsed (wall clock) time (h:mm:ss or m:ss): 3:23.93
	Average shared text size (kbytes): 0
	Average unshared data size (kbytes): 0
	Average stack size (kbytes): 0
	Average total size (kbytes): 0
	Maximum resident set size (kbytes): 2693880
	Average resident set size (kbytes): 0
	Major (requiring I/O) page faults: 0
	Minor (reclaiming a frame) page faults: 2836606
	Voluntary context switches: 3182
	Involuntary context switches: 595
	Swaps: 0
	File system inputs: 29440
	File system outputs: 641008
	Socket messages sent: 0
	Socket messages received: 0
	Signals delivered: 0
	Page size (bytes): 4096
	Exit status: 0
My SLURM_ARRAY_TASK_ID:  10
My TMPDIR IS:  /scratch/local/63820995
Input Genome:>>>>>>>>>>>>>>>>>>>>>>>>>>>>>>>>>>>>>>>>>>>  Pseudomonas_aeruginosa_PAO1_107.gbk
Input PAM:>>>>>>>>>>>>>>>>>>>>>>>>>>>>>>>>>>>>>>>>>>>  NGG
Threads used:>>>>>>>>>>>>>>>>>>>>>>>>>>>>>>>>>>>>>>>>>>>  2
GuideMaker
2021-02-04 15:56:06,702: INFO     Temp directory is: /scratch/local/63820995/guidemaker_qz2i9yuv
2021-02-04 15:56:06,702: INFO     Writing fasta file from genbank file(s)
2021-02-04 15:56:06,702: INFO     check if ../all_test_data/Pseudomonas_aeruginosa_PAO1_107.gbk is gzipped
/home/rp3448/.conda/envs/AVX2/lib/python3.7/site-packages/Bio/GenBank/Scanner.py:1400: BiopythonParserWarning: Truncated LOCUS line found - is this correct?
:'LOCUS       NC_002516            6264404 bp    dna     circular UNK \n'
  BiopythonParserWarning,
/home/rp3448/.conda/envs/AVX2/lib/python3.7/site-packages/Bio/GenBank/__init__.py:762: BiopythonParserWarning: Non-upper case molecule type in LOCUS line: dna
  BiopythonParserWarning,
2021-02-04 15:56:07,519: INFO     Identifying PAM sites in the genome
2021-02-04 15:56:35,035: INFO     Checking guides for restriction enzymes
2021-02-04 15:56:35,355: INFO     Number of guides removed after checking for restriction enzymes: 0
2021-02-04 15:56:35,356: INFO     Identifing guides that are unique near the PAM site
2021-02-04 15:56:37,393: INFO     Number of guides removed after checking for unique PAM: 780424
2021-02-04 15:56:37,393: INFO     Indexing all potential guide sites: 1171798. This is the longest step.
2021-02-04 15:56:42,855: INFO     M                   = 16
2021-02-04 15:56:42,856: INFO     indexThreadQty      = 2
2021-02-04 15:56:42,856: INFO     efConstruction      = 10
2021-02-04 15:56:42,856: INFO     maxM			          = 16
2021-02-04 15:56:42,856: INFO     maxM0			          = 32
2021-02-04 15:56:42,856: INFO     mult                = 0.360674
2021-02-04 15:56:42,856: INFO     skip_optimized_index= 0
2021-02-04 15:56:42,856: INFO     delaunay_type       = 2
2021-02-04 15:56:42,856: INFO     Set HNSW query-time parameters:
2021-02-04 15:56:42,856: INFO     ef(Search)         =20
2021-02-04 15:56:42,856: INFO     algoType           =2

0%   10   20   30   40   50   60   70   80   90   100%
|----|----|----|----|----|----|----|----|----|----|
***************************************************

0%   10   20   30   40   50   60   70   80   90   100%
|----|----|----|----|----|----|----|----|----|----|
****************************************************2021-02-04 15:57:54,855: INFO     No appropriate custom distance function for Hamming (bit-storage) space
2021-02-04 15:57:54,856: INFO     searchMethod			  = 0
2021-02-04 15:57:54,948: INFO     Identifying guides that have a hamming distance <= 3 to all other potential guides
2021-02-04 15:57:55,563: INFO     Set HNSW query-time parameters:
2021-02-04 15:57:55,563: INFO     ef(Search)         =9
2021-02-04 15:57:55,563: INFO     algoType           =2
2021-02-04 15:58:26,602: INFO     Formatting data for BedTools
2021-02-04 15:58:27,430: INFO     Create GuideMaker Annotation object
2021-02-04 15:58:27,431: INFO     Identify genomic features
2021-02-04 15:58:27,431: INFO     check if ../all_test_data/Pseudomonas_aeruginosa_PAO1_107.gbk is gzipped
2021-02-04 15:58:28,229: INFO     Total number of CDS/locus in the input genome: 5584
2021-02-04 15:58:28,229: INFO     Find genomic features closest the guides
2021-02-04 15:58:33,760: INFO     Select guides that start between +500 and -500 of a feature start
2021-02-04 15:58:34,365: INFO     Select description columns
2021-02-04 15:58:34,414: INFO     Format the output
2021-02-04 15:58:37,659: INFO     Number of Guides within a gene coordinates i.e. zero Feature distance: 157753
2021-02-04 15:58:41,484: INFO     creating random control guides
2021-02-04 15:58:41,658: INFO     Number of random control searched: 100
2021-02-04 15:58:41,658: INFO     Percentage of GC content in the input genome: 66.56
2021-02-04 15:58:41,658: INFO     Total length of the genome: 6.0 MB
2021-02-04 15:58:41,658: INFO     created 10 control guides with a minimum distance of 7 and a median distance of 7
2021-02-04 15:58:41,661: INFO     guidemaker completed, results are at TEST
2021-02-04 15:58:41,661: INFO     PAM sequence: NGG
2021-02-04 15:58:41,661: INFO     PAM orientation: 3prime
2021-02-04 15:58:41,661: INFO     Genome strand(s) searched: both
2021-02-04 15:58:41,661: INFO     Total PAM sites considered: 1171798
2021-02-04 15:58:41,661: INFO     Guide RNA candidates found: 292592
	Command being timed: "guidemaker -i ../all_test_data/Pseudomonas_aeruginosa_PAO1_107.gbk --pamseq NGG --outdir TEST --pam_orientation 3prime --guidelength 20 --strand both --lcp 11 --dist 3 --before 500 --into 500 --knum 10 --controls 10 --log GM_63820995_10.log --threads 2"
	User time (seconds): 226.42
	System time (seconds): 17.27
	Percent of CPU this job got: 153%
	Elapsed (wall clock) time (h:mm:ss or m:ss): 2:38.29
	Average shared text size (kbytes): 0
	Average unshared data size (kbytes): 0
	Average stack size (kbytes): 0
	Average total size (kbytes): 0
	Maximum resident set size (kbytes): 3012420
	Average resident set size (kbytes): 0
	Major (requiring I/O) page faults: 0
	Minor (reclaiming a frame) page faults: 8994511
	Voluntary context switches: 91496
	Involuntary context switches: 183193
	Swaps: 0
	File system inputs: 1824
	File system outputs: 640936
	Socket messages sent: 0
	Socket messages received: 0
	Signals delivered: 0
	Page size (bytes): 4096
	Exit status: 0
My SLURM_ARRAY_TASK_ID:  10
My TMPDIR IS:  /scratch/local/63820995
Input Genome:>>>>>>>>>>>>>>>>>>>>>>>>>>>>>>>>>>>>>>>>>>>  Pseudomonas_aeruginosa_PAO1_107.gbk
Input PAM:>>>>>>>>>>>>>>>>>>>>>>>>>>>>>>>>>>>>>>>>>>>  NGG
Threads used:>>>>>>>>>>>>>>>>>>>>>>>>>>>>>>>>>>>>>>>>>>>  4
GuideMaker
2021-02-04 15:58:44,999: INFO     Temp directory is: /scratch/local/63820995/guidemaker_9dqxn5q5
2021-02-04 15:58:45,000: INFO     Writing fasta file from genbank file(s)
2021-02-04 15:58:45,000: INFO     check if ../all_test_data/Pseudomonas_aeruginosa_PAO1_107.gbk is gzipped
/home/rp3448/.conda/envs/AVX2/lib/python3.7/site-packages/Bio/GenBank/Scanner.py:1400: BiopythonParserWarning: Truncated LOCUS line found - is this correct?
:'LOCUS       NC_002516            6264404 bp    dna     circular UNK \n'
  BiopythonParserWarning,
/home/rp3448/.conda/envs/AVX2/lib/python3.7/site-packages/Bio/GenBank/__init__.py:762: BiopythonParserWarning: Non-upper case molecule type in LOCUS line: dna
  BiopythonParserWarning,
2021-02-04 15:58:45,797: INFO     Identifying PAM sites in the genome
2021-02-04 15:59:13,003: INFO     Checking guides for restriction enzymes
2021-02-04 15:59:13,326: INFO     Number of guides removed after checking for restriction enzymes: 0
2021-02-04 15:59:13,326: INFO     Identifing guides that are unique near the PAM site
2021-02-04 15:59:15,347: INFO     Number of guides removed after checking for unique PAM: 780424
2021-02-04 15:59:15,347: INFO     Indexing all potential guide sites: 1171798. This is the longest step.
2021-02-04 15:59:20,919: INFO     M                   = 16
2021-02-04 15:59:20,919: INFO     indexThreadQty      = 4
2021-02-04 15:59:20,919: INFO     efConstruction      = 10
2021-02-04 15:59:20,919: INFO     maxM			          = 16
2021-02-04 15:59:20,919: INFO     maxM0			          = 32
2021-02-04 15:59:20,920: INFO     mult                = 0.360674
2021-02-04 15:59:20,920: INFO     skip_optimized_index= 0
2021-02-04 15:59:20,920: INFO     delaunay_type       = 2
2021-02-04 15:59:20,920: INFO     Set HNSW query-time parameters:
2021-02-04 15:59:20,920: INFO     ef(Search)         =20
2021-02-04 15:59:20,920: INFO     algoType           =2

0%   10   20   30   40   50   60   70   80   90   100%
|----|----|----|----|----|----|----|----|----|----|
***************************************************

0%   10   20   30   40   50   60   70   80   90   100%
|----|----|----|----|----|----|----|----|----|----|
****************************************************2021-02-04 15:59:57,032: INFO     No appropriate custom distance function for Hamming (bit-storage) space
2021-02-04 15:59:57,033: INFO     searchMethod			  = 0
2021-02-04 15:59:57,125: INFO     Identifying guides that have a hamming distance <= 3 to all other potential guides
2021-02-04 15:59:57,761: INFO     Set HNSW query-time parameters:
2021-02-04 15:59:57,761: INFO     ef(Search)         =9
2021-02-04 15:59:57,761: INFO     algoType           =2
2021-02-04 16:00:22,455: INFO     Formatting data for BedTools
2021-02-04 16:00:23,250: INFO     Create GuideMaker Annotation object
2021-02-04 16:00:23,250: INFO     Identify genomic features
2021-02-04 16:00:23,251: INFO     check if ../all_test_data/Pseudomonas_aeruginosa_PAO1_107.gbk is gzipped
2021-02-04 16:00:24,033: INFO     Total number of CDS/locus in the input genome: 5584
2021-02-04 16:00:24,034: INFO     Find genomic features closest the guides
2021-02-04 16:00:29,368: INFO     Select guides that start between +500 and -500 of a feature start
2021-02-04 16:00:29,916: INFO     Select description columns
2021-02-04 16:00:29,964: INFO     Format the output
2021-02-04 16:00:33,279: INFO     Number of Guides within a gene coordinates i.e. zero Feature distance: 157706
2021-02-04 16:00:36,966: INFO     creating random control guides
2021-02-04 16:00:37,087: INFO     Number of random control searched: 100
2021-02-04 16:00:37,087: INFO     Percentage of GC content in the input genome: 66.56
2021-02-04 16:00:37,087: INFO     Total length of the genome: 6.0 MB
2021-02-04 16:00:37,087: INFO     created 10 control guides with a minimum distance of 7 and a median distance of 7
2021-02-04 16:00:37,089: INFO     guidemaker completed, results are at TEST
2021-02-04 16:00:37,090: INFO     PAM sequence: NGG
2021-02-04 16:00:37,090: INFO     PAM orientation: 3prime
2021-02-04 16:00:37,090: INFO     Genome strand(s) searched: both
2021-02-04 16:00:37,090: INFO     Total PAM sites considered: 1171798
2021-02-04 16:00:37,090: INFO     Guide RNA candidates found: 292546
	Command being timed: "guidemaker -i ../all_test_data/Pseudomonas_aeruginosa_PAO1_107.gbk --pamseq NGG --outdir TEST --pam_orientation 3prime --guidelength 20 --strand both --lcp 11 --dist 3 --before 500 --into 500 --knum 10 --controls 10 --log GM_63820995_10.log --threads 4"
	User time (seconds): 229.03
	System time (seconds): 12.72
	Percent of CPU this job got: 209%
	Elapsed (wall clock) time (h:mm:ss or m:ss): 1:55.36
	Average shared text size (kbytes): 0
	Average unshared data size (kbytes): 0
	Average stack size (kbytes): 0
	Average total size (kbytes): 0
	Maximum resident set size (kbytes): 3018492
	Average resident set size (kbytes): 0
	Major (requiring I/O) page faults: 0
	Minor (reclaiming a frame) page faults: 6101475
	Voluntary context switches: 184697
	Involuntary context switches: 574
	Swaps: 0
	File system inputs: 96
	File system outputs: 640832
	Socket messages sent: 0
	Socket messages received: 0
	Signals delivered: 0
	Page size (bytes): 4096
	Exit status: 0
My SLURM_ARRAY_TASK_ID:  10
My TMPDIR IS:  /scratch/local/63820995
Input Genome:>>>>>>>>>>>>>>>>>>>>>>>>>>>>>>>>>>>>>>>>>>>  Pseudomonas_aeruginosa_PAO1_107.gbk
Input PAM:>>>>>>>>>>>>>>>>>>>>>>>>>>>>>>>>>>>>>>>>>>>  NGG
Threads used:>>>>>>>>>>>>>>>>>>>>>>>>>>>>>>>>>>>>>>>>>>>  8
GuideMaker
2021-02-04 16:00:40,344: INFO     Temp directory is: /scratch/local/63820995/guidemaker_jg_wpap1
2021-02-04 16:00:40,344: INFO     Writing fasta file from genbank file(s)
2021-02-04 16:00:40,344: INFO     check if ../all_test_data/Pseudomonas_aeruginosa_PAO1_107.gbk is gzipped
/home/rp3448/.conda/envs/AVX2/lib/python3.7/site-packages/Bio/GenBank/Scanner.py:1400: BiopythonParserWarning: Truncated LOCUS line found - is this correct?
:'LOCUS       NC_002516            6264404 bp    dna     circular UNK \n'
  BiopythonParserWarning,
/home/rp3448/.conda/envs/AVX2/lib/python3.7/site-packages/Bio/GenBank/__init__.py:762: BiopythonParserWarning: Non-upper case molecule type in LOCUS line: dna
  BiopythonParserWarning,
2021-02-04 16:00:41,144: INFO     Identifying PAM sites in the genome
2021-02-04 16:01:09,855: INFO     Checking guides for restriction enzymes
2021-02-04 16:01:10,175: INFO     Number of guides removed after checking for restriction enzymes: 0
2021-02-04 16:01:10,175: INFO     Identifing guides that are unique near the PAM site
2021-02-04 16:01:12,220: INFO     Number of guides removed after checking for unique PAM: 780424
2021-02-04 16:01:12,220: INFO     Indexing all potential guide sites: 1171798. This is the longest step.
2021-02-04 16:01:17,729: INFO     M                   = 16
2021-02-04 16:01:17,729: INFO     indexThreadQty      = 8
2021-02-04 16:01:17,729: INFO     efConstruction      = 10
2021-02-04 16:01:17,729: INFO     maxM			          = 16
2021-02-04 16:01:17,729: INFO     maxM0			          = 32
2021-02-04 16:01:17,729: INFO     mult                = 0.360674
2021-02-04 16:01:17,729: INFO     skip_optimized_index= 0
2021-02-04 16:01:17,729: INFO     delaunay_type       = 2
2021-02-04 16:01:17,729: INFO     Set HNSW query-time parameters:
2021-02-04 16:01:17,729: INFO     ef(Search)         =20
2021-02-04 16:01:17,729: INFO     algoType           =2

0%   10   20   30   40   50   60   70   80   90   100%
|----|----|----|----|----|----|----|----|----|----|
***************************************************

0%   10   20   30   40   50   60   70   80   90   100%
|----|----|----|----|----|----|----|----|----|----|
****************************************************2021-02-04 16:01:37,008: INFO     No appropriate custom distance function for Hamming (bit-storage) space
2021-02-04 16:01:37,008: INFO     searchMethod			  = 0
2021-02-04 16:01:37,105: INFO     Identifying guides that have a hamming distance <= 3 to all other potential guides
2021-02-04 16:01:37,755: INFO     Set HNSW query-time parameters:
2021-02-04 16:01:37,756: INFO     ef(Search)         =9
2021-02-04 16:01:37,756: INFO     algoType           =2
2021-02-04 16:02:01,265: INFO     Formatting data for BedTools
2021-02-04 16:02:02,124: INFO     Create GuideMaker Annotation object
2021-02-04 16:02:02,124: INFO     Identify genomic features
2021-02-04 16:02:02,125: INFO     check if ../all_test_data/Pseudomonas_aeruginosa_PAO1_107.gbk is gzipped
2021-02-04 16:02:02,899: INFO     Total number of CDS/locus in the input genome: 5584
2021-02-04 16:02:02,900: INFO     Find genomic features closest the guides
2021-02-04 16:02:08,202: INFO     Select guides that start between +500 and -500 of a feature start
2021-02-04 16:02:08,857: INFO     Select description columns
2021-02-04 16:02:08,916: INFO     Format the output
2021-02-04 16:02:12,703: INFO     Number of Guides within a gene coordinates i.e. zero Feature distance: 157826
2021-02-04 16:02:16,558: INFO     creating random control guides
2021-02-04 16:02:16,668: INFO     Number of random control searched: 100
2021-02-04 16:02:16,668: INFO     Percentage of GC content in the input genome: 66.56
2021-02-04 16:02:16,668: INFO     Total length of the genome: 6.0 MB
2021-02-04 16:02:16,668: INFO     created 10 control guides with a minimum distance of 7 and a median distance of 7
2021-02-04 16:02:16,671: INFO     guidemaker completed, results are at TEST
2021-02-04 16:02:16,671: INFO     PAM sequence: NGG
2021-02-04 16:02:16,671: INFO     PAM orientation: 3prime
2021-02-04 16:02:16,671: INFO     Genome strand(s) searched: both
2021-02-04 16:02:16,671: INFO     Total PAM sites considered: 1171798
2021-02-04 16:02:16,671: INFO     Guide RNA candidates found: 292690
	Command being timed: "guidemaker -i ../all_test_data/Pseudomonas_aeruginosa_PAO1_107.gbk --pamseq NGG --outdir TEST --pam_orientation 3prime --guidelength 20 --strand both --lcp 11 --dist 3 --before 500 --into 500 --knum 10 --controls 10 --log GM_63820995_10.log --threads 8"
	User time (seconds): 241.14
	System time (seconds): 12.35
	Percent of CPU this job got: 254%
	Elapsed (wall clock) time (h:mm:ss or m:ss): 1:39.67
	Average shared text size (kbytes): 0
	Average unshared data size (kbytes): 0
	Average stack size (kbytes): 0
	Average total size (kbytes): 0
	Maximum resident set size (kbytes): 3017444
	Average resident set size (kbytes): 0
	Major (requiring I/O) page faults: 0
	Minor (reclaiming a frame) page faults: 4760949
	Voluntary context switches: 254754
	Involuntary context switches: 87259
	Swaps: 0
	File system inputs: 160
	File system outputs: 641096
	Socket messages sent: 0
	Socket messages received: 0
	Signals delivered: 0
	Page size (bytes): 4096
	Exit status: 0
My SLURM_ARRAY_TASK_ID:  10
My TMPDIR IS:  /scratch/local/63820995
Input Genome:>>>>>>>>>>>>>>>>>>>>>>>>>>>>>>>>>>>>>>>>>>>  Pseudomonas_aeruginosa_PAO1_107.gbk
Input PAM:>>>>>>>>>>>>>>>>>>>>>>>>>>>>>>>>>>>>>>>>>>>  NGG
Threads used:>>>>>>>>>>>>>>>>>>>>>>>>>>>>>>>>>>>>>>>>>>>  16
GuideMaker
2021-02-04 16:02:20,065: INFO     Temp directory is: /scratch/local/63820995/guidemaker_4nfuan2i
2021-02-04 16:02:20,065: INFO     Writing fasta file from genbank file(s)
2021-02-04 16:02:20,066: INFO     check if ../all_test_data/Pseudomonas_aeruginosa_PAO1_107.gbk is gzipped
/home/rp3448/.conda/envs/AVX2/lib/python3.7/site-packages/Bio/GenBank/Scanner.py:1400: BiopythonParserWarning: Truncated LOCUS line found - is this correct?
:'LOCUS       NC_002516            6264404 bp    dna     circular UNK \n'
  BiopythonParserWarning,
/home/rp3448/.conda/envs/AVX2/lib/python3.7/site-packages/Bio/GenBank/__init__.py:762: BiopythonParserWarning: Non-upper case molecule type in LOCUS line: dna
  BiopythonParserWarning,
2021-02-04 16:02:20,863: INFO     Identifying PAM sites in the genome
2021-02-04 16:02:48,237: INFO     Checking guides for restriction enzymes
2021-02-04 16:02:48,558: INFO     Number of guides removed after checking for restriction enzymes: 0
2021-02-04 16:02:48,558: INFO     Identifing guides that are unique near the PAM site
2021-02-04 16:02:50,654: INFO     Number of guides removed after checking for unique PAM: 780424
2021-02-04 16:02:50,655: INFO     Indexing all potential guide sites: 1171798. This is the longest step.
2021-02-04 16:02:56,095: INFO     M                   = 16
2021-02-04 16:02:56,096: INFO     indexThreadQty      = 16
2021-02-04 16:02:56,096: INFO     efConstruction      = 10
2021-02-04 16:02:56,096: INFO     maxM			          = 16
2021-02-04 16:02:56,096: INFO     maxM0			          = 32
2021-02-04 16:02:56,096: INFO     mult                = 0.360674
2021-02-04 16:02:56,096: INFO     skip_optimized_index= 0
2021-02-04 16:02:56,096: INFO     delaunay_type       = 2
2021-02-04 16:02:56,096: INFO     Set HNSW query-time parameters:
2021-02-04 16:02:56,096: INFO     ef(Search)         =20
2021-02-04 16:02:56,096: INFO     algoType           =2

0%   10   20   30   40   50   60   70   80   90   100%
|----|----|----|----|----|----|----|----|----|----|
***************************************************

0%   10   20   30   40   50   60   70   80   90   100%
|----|----|----|----|----|----|----|----|----|----|
****************************************************2021-02-04 16:03:07,327: INFO     No appropriate custom distance function for Hamming (bit-storage) space
2021-02-04 16:03:07,327: INFO     searchMethod			  = 0
2021-02-04 16:03:07,418: INFO     Identifying guides that have a hamming distance <= 3 to all other potential guides
2021-02-04 16:03:08,017: INFO     Set HNSW query-time parameters:
2021-02-04 16:03:08,017: INFO     ef(Search)         =9
2021-02-04 16:03:08,017: INFO     algoType           =2
2021-02-04 16:03:29,026: INFO     Formatting data for BedTools
2021-02-04 16:03:29,825: INFO     Create GuideMaker Annotation object
2021-02-04 16:03:29,825: INFO     Identify genomic features
2021-02-04 16:03:29,825: INFO     check if ../all_test_data/Pseudomonas_aeruginosa_PAO1_107.gbk is gzipped
2021-02-04 16:03:30,597: INFO     Total number of CDS/locus in the input genome: 5584
2021-02-04 16:03:30,597: INFO     Find genomic features closest the guides
2021-02-04 16:03:35,886: INFO     Select guides that start between +500 and -500 of a feature start
2021-02-04 16:03:36,425: INFO     Select description columns
2021-02-04 16:03:36,472: INFO     Format the output
2021-02-04 16:03:39,657: INFO     Number of Guides within a gene coordinates i.e. zero Feature distance: 157772
2021-02-04 16:03:43,437: INFO     creating random control guides
2021-02-04 16:03:43,579: INFO     Number of random control searched: 100
2021-02-04 16:03:43,579: INFO     Percentage of GC content in the input genome: 66.56
2021-02-04 16:03:43,579: INFO     Total length of the genome: 6.0 MB
2021-02-04 16:03:43,579: INFO     created 10 control guides with a minimum distance of 7 and a median distance of 7
2021-02-04 16:03:43,582: INFO     guidemaker completed, results are at TEST
2021-02-04 16:03:43,582: INFO     PAM sequence: NGG
2021-02-04 16:03:43,582: INFO     PAM orientation: 3prime
2021-02-04 16:03:43,582: INFO     Genome strand(s) searched: both
2021-02-04 16:03:43,582: INFO     Total PAM sites considered: 1171798
2021-02-04 16:03:43,582: INFO     Guide RNA candidates found: 292632
	Command being timed: "guidemaker -i ../all_test_data/Pseudomonas_aeruginosa_PAO1_107.gbk --pamseq NGG --outdir TEST --pam_orientation 3prime --guidelength 20 --strand both --lcp 11 --dist 3 --before 500 --into 500 --knum 10 --controls 10 --log GM_63820995_10.log --threads 16"
	User time (seconds): 256.00
	System time (seconds): 15.81
	Percent of CPU this job got: 313%
	Elapsed (wall clock) time (h:mm:ss or m:ss): 1:26.83
	Average shared text size (kbytes): 0
	Average unshared data size (kbytes): 0
	Average stack size (kbytes): 0
	Average total size (kbytes): 0
	Maximum resident set size (kbytes): 3032872
	Average resident set size (kbytes): 0
	Major (requiring I/O) page faults: 0
	Minor (reclaiming a frame) page faults: 4058987
	Voluntary context switches: 557007
	Involuntary context switches: 144148
	Swaps: 0
	File system inputs: 112
	File system outputs: 640952
	Socket messages sent: 0
	Socket messages received: 0
	Signals delivered: 0
	Page size (bytes): 4096
	Exit status: 0
My SLURM_ARRAY_TASK_ID:  10
My TMPDIR IS:  /scratch/local/63820995
Input Genome:>>>>>>>>>>>>>>>>>>>>>>>>>>>>>>>>>>>>>>>>>>>  Pseudomonas_aeruginosa_PAO1_107.gbk
Input PAM:>>>>>>>>>>>>>>>>>>>>>>>>>>>>>>>>>>>>>>>>>>>  NGG
Threads used:>>>>>>>>>>>>>>>>>>>>>>>>>>>>>>>>>>>>>>>>>>>  32
GuideMaker
2021-02-04 16:03:46,870: INFO     Temp directory is: /scratch/local/63820995/guidemaker_o0terqub
2021-02-04 16:03:46,871: INFO     Writing fasta file from genbank file(s)
2021-02-04 16:03:46,871: INFO     check if ../all_test_data/Pseudomonas_aeruginosa_PAO1_107.gbk is gzipped
/home/rp3448/.conda/envs/AVX2/lib/python3.7/site-packages/Bio/GenBank/Scanner.py:1400: BiopythonParserWarning: Truncated LOCUS line found - is this correct?
:'LOCUS       NC_002516            6264404 bp    dna     circular UNK \n'
  BiopythonParserWarning,
/home/rp3448/.conda/envs/AVX2/lib/python3.7/site-packages/Bio/GenBank/__init__.py:762: BiopythonParserWarning: Non-upper case molecule type in LOCUS line: dna
  BiopythonParserWarning,
2021-02-04 16:03:47,664: INFO     Identifying PAM sites in the genome
2021-02-04 16:04:16,103: INFO     Checking guides for restriction enzymes
2021-02-04 16:04:16,514: INFO     Number of guides removed after checking for restriction enzymes: 0
2021-02-04 16:04:16,515: INFO     Identifing guides that are unique near the PAM site
2021-02-04 16:04:18,761: INFO     Number of guides removed after checking for unique PAM: 780424
2021-02-04 16:04:18,761: INFO     Indexing all potential guide sites: 1171798. This is the longest step.
2021-02-04 16:04:24,594: INFO     M                   = 16
2021-02-04 16:04:24,595: INFO     indexThreadQty      = 32
2021-02-04 16:04:24,595: INFO     efConstruction      = 10
2021-02-04 16:04:24,595: INFO     maxM			          = 16
2021-02-04 16:04:24,595: INFO     maxM0			          = 32
2021-02-04 16:04:24,595: INFO     mult                = 0.360674
2021-02-04 16:04:24,595: INFO     skip_optimized_index= 0
2021-02-04 16:04:24,595: INFO     delaunay_type       = 2
2021-02-04 16:04:24,595: INFO     Set HNSW query-time parameters:
2021-02-04 16:04:24,595: INFO     ef(Search)         =20
2021-02-04 16:04:24,595: INFO     algoType           =2

0%   10   20   30   40   50   60   70   80   90   100%
|----|----|----|----|----|----|----|----|----|----|
***************************************************

0%   10   20   30   40   50   60   70   80   90   100%
|----|----|----|----|----|----|----|----|----|----|
*******************************************************2021-02-04 16:04:31,907: INFO     No appropriate custom distance function for Hamming (bit-storage) space
2021-02-04 16:04:31,907: INFO     searchMethod			  = 0
2021-02-04 16:04:32,000: INFO     Identifying guides that have a hamming distance <= 3 to all other potential guides
2021-02-04 16:04:32,639: INFO     Set HNSW query-time parameters:
2021-02-04 16:04:32,639: INFO     ef(Search)         =9
2021-02-04 16:04:32,639: INFO     algoType           =2
2021-02-04 16:04:52,793: INFO     Formatting data for BedTools
2021-02-04 16:04:53,588: INFO     Create GuideMaker Annotation object
2021-02-04 16:04:53,588: INFO     Identify genomic features
2021-02-04 16:04:53,589: INFO     check if ../all_test_data/Pseudomonas_aeruginosa_PAO1_107.gbk is gzipped
2021-02-04 16:04:54,357: INFO     Total number of CDS/locus in the input genome: 5584
2021-02-04 16:04:54,357: INFO     Find genomic features closest the guides
2021-02-04 16:04:59,650: INFO     Select guides that start between +500 and -500 of a feature start
2021-02-04 16:05:00,251: INFO     Select description columns
2021-02-04 16:05:00,299: INFO     Format the output
2021-02-04 16:05:03,573: INFO     Number of Guides within a gene coordinates i.e. zero Feature distance: 157796
2021-02-04 16:05:07,353: INFO     creating random control guides
2021-02-04 16:05:07,503: INFO     Number of random control searched: 100
2021-02-04 16:05:07,503: INFO     Percentage of GC content in the input genome: 66.56
2021-02-04 16:05:07,503: INFO     Total length of the genome: 6.0 MB
2021-02-04 16:05:07,503: INFO     created 10 control guides with a minimum distance of 7 and a median distance of 7
2021-02-04 16:05:07,507: INFO     guidemaker completed, results are at TEST
2021-02-04 16:05:07,507: INFO     PAM sequence: NGG
2021-02-04 16:05:07,507: INFO     PAM orientation: 3prime
2021-02-04 16:05:07,507: INFO     Genome strand(s) searched: both
2021-02-04 16:05:07,507: INFO     Total PAM sites considered: 1171798
2021-02-04 16:05:07,507: INFO     Guide RNA candidates found: 292726
	Command being timed: "guidemaker -i ../all_test_data/Pseudomonas_aeruginosa_PAO1_107.gbk --pamseq NGG --outdir TEST --pam_orientation 3prime --guidelength 20 --strand both --lcp 11 --dist 3 --before 500 --into 500 --knum 10 --controls 10 --log GM_63820995_10.log --threads 32"
	User time (seconds): 275.21
	System time (seconds): 23.32
	Percent of CPU this job got: 355%
	Elapsed (wall clock) time (h:mm:ss or m:ss): 1:23.92
	Average shared text size (kbytes): 0
	Average unshared data size (kbytes): 0
	Average stack size (kbytes): 0
	Average total size (kbytes): 0
	Maximum resident set size (kbytes): 3060796
	Average resident set size (kbytes): 0
	Major (requiring I/O) page faults: 0
	Minor (reclaiming a frame) page faults: 3452857
	Voluntary context switches: 1129414
	Involuntary context switches: 648
	Swaps: 0
	File system inputs: 680
	File system outputs: 641176
	Socket messages sent: 0
	Socket messages received: 0
	Signals delivered: 0
	Page size (bytes): 4096
	Exit status: 0
