Thu Feb  4 17:02:05 EST 2021
c26b-s7.ufhpc
/blue/garrett/rp3448/analysis/guidemaker/AVXGuidemaker
My SLURM_ARRAY_TASK_ID:  2
My TMPDIR IS:  /scratch/local/63826756
Input Genome:>>>>>>>>>>>>>>>>>>>>>>>>>>>>>>>>>>>>>>>>>>>  Arabidopsis_thaliana.gbk
Input PAM:>>>>>>>>>>>>>>>>>>>>>>>>>>>>>>>>>>>>>>>>>>>  NGRRT
Threads used:>>>>>>>>>>>>>>>>>>>>>>>>>>>>>>>>>>>>>>>>>>>  1
GuideMaker
2021-02-04 17:02:08,771: INFO     Temp directory is: /scratch/local/63826756/guidemaker_oi4uliq9
2021-02-04 17:02:08,771: INFO     Writing fasta file from genbank file(s)
2021-02-04 17:02:08,772: INFO     check if ../all_test_data/Arabidopsis_thaliana.gbk is gzipped
2021-02-04 17:02:33,663: INFO     Identifying PAM sites in the genome
2021-02-04 17:04:33,556: INFO     Checking guides for restriction enzymes
2021-02-04 17:04:34,467: INFO     Number of guides removed after checking for restriction enzymes: 0
2021-02-04 17:04:34,468: INFO     Identifing guides that are unique near the PAM site
2021-02-04 17:04:40,525: INFO     Number of guides removed after checking for unique PAM: 2398454
2021-02-04 17:04:40,525: INFO     Indexing all potential guide sites: 3282648. This is the longest step.
2021-02-04 17:04:56,256: INFO     M                   = 16
2021-02-04 17:04:56,257: INFO     indexThreadQty      = 1
2021-02-04 17:04:56,257: INFO     efConstruction      = 10
2021-02-04 17:04:56,257: INFO     maxM			          = 16
2021-02-04 17:04:56,257: INFO     maxM0			          = 32
2021-02-04 17:04:56,257: INFO     mult                = 0.360674
2021-02-04 17:04:56,257: INFO     skip_optimized_index= 0
2021-02-04 17:04:56,257: INFO     delaunay_type       = 2
2021-02-04 17:04:56,257: INFO     Set HNSW query-time parameters:
2021-02-04 17:04:56,257: INFO     ef(Search)         =20
2021-02-04 17:04:56,257: INFO     algoType           =2

0%   10   20   30   40   50   60   70   80   90   100%
|----|----|----|----|----|----|----|----|----|----|
***************************************************

0%   10   20   30   40   50   60   70   80   90   100%
|----|----|----|----|----|----|----|----|----|----|
***************************************************
*2021-02-04 17:10:36,101: INFO     No appropriate custom distance function for Hamming (bit-storage) space
2021-02-04 17:10:36,102: INFO     searchMethod			  = 0
2021-02-04 17:10:36,365: INFO     Identifying guides that have a hamming distance <= 3 to all other potential guides
2021-02-04 17:10:37,900: INFO     Set HNSW query-time parameters:
2021-02-04 17:10:37,900: INFO     ef(Search)         =9
2021-02-04 17:10:37,900: INFO     algoType           =2
2021-02-04 17:12:08,362: INFO     Formatting data for BedTools
2021-02-04 17:12:10,600: INFO     Create GuideMaker Annotation object
2021-02-04 17:12:10,601: INFO     Identify genomic features
2021-02-04 17:12:10,601: INFO     check if ../all_test_data/Arabidopsis_thaliana.gbk is gzipped
2021-02-04 17:12:40,935: INFO     Total number of CDS/locus in the input genome: 48262
2021-02-04 17:12:40,935: INFO     Find genomic features closest the guides
2021-02-04 17:12:55,073: INFO     Select guides that start between +500 and -500 of a feature start
2021-02-04 17:12:55,903: INFO     Select description columns
2021-02-04 17:12:56,419: INFO     Format the output
2021-02-04 17:13:00,776: INFO     Number of Guides within a gene coordinates i.e. zero Feature distance: 131903
2021-02-04 17:13:05,533: INFO     creating random control guides
2021-02-04 17:13:06,978: INFO     Number of random control searched: 100
2021-02-04 17:13:06,978: INFO     Percentage of GC content in the input genome: 36.00
2021-02-04 17:13:06,978: INFO     Total length of the genome: 114.1 MB
2021-02-04 17:13:06,978: INFO     created 10 control guides with a minimum distance of 7 and a median distance of 7
2021-02-04 17:13:06,981: INFO     guidemaker completed, results are at TEST
2021-02-04 17:13:06,981: INFO     PAM sequence: NGRRT
2021-02-04 17:13:06,981: INFO     PAM orientation: 3prime
2021-02-04 17:13:06,981: INFO     Genome strand(s) searched: both
2021-02-04 17:13:06,981: INFO     Total PAM sites considered: 3282648
2021-02-04 17:13:06,981: INFO     Guide RNA candidates found: 226149
	Command being timed: "guidemaker -i ../all_test_data/Arabidopsis_thaliana.gbk --pamseq NGRRT --outdir TEST --pam_orientation 3prime --guidelength 20 --strand both --lcp 11 --dist 3 --before 500 --into 500 --knum 10 --controls 10 --log GM_63826756_2.log --threads 1"
	User time (seconds): 653.52
	System time (seconds): 14.46
	Percent of CPU this job got: 100%
	Elapsed (wall clock) time (h:mm:ss or m:ss): 11:05.62
	Average shared text size (kbytes): 0
	Average unshared data size (kbytes): 0
	Average stack size (kbytes): 0
	Average total size (kbytes): 0
	Maximum resident set size (kbytes): 7227500
	Average resident set size (kbytes): 0
	Major (requiring I/O) page faults: 0
	Minor (reclaiming a frame) page faults: 11404771
	Voluntary context switches: 1824
	Involuntary context switches: 527
	Swaps: 0
	File system inputs: 135320
	File system outputs: 1368672
	Socket messages sent: 0
	Socket messages received: 0
	Signals delivered: 0
	Page size (bytes): 4096
	Exit status: 0
My SLURM_ARRAY_TASK_ID:  2
My TMPDIR IS:  /scratch/local/63826756
Input Genome:>>>>>>>>>>>>>>>>>>>>>>>>>>>>>>>>>>>>>>>>>>>  Arabidopsis_thaliana.gbk
Input PAM:>>>>>>>>>>>>>>>>>>>>>>>>>>>>>>>>>>>>>>>>>>>  NGRRT
Threads used:>>>>>>>>>>>>>>>>>>>>>>>>>>>>>>>>>>>>>>>>>>>  2
GuideMaker
2021-02-04 17:13:14,756: INFO     Temp directory is: /scratch/local/63826756/guidemaker_t6ph6r4q
2021-02-04 17:13:14,756: INFO     Writing fasta file from genbank file(s)
2021-02-04 17:13:14,756: INFO     check if ../all_test_data/Arabidopsis_thaliana.gbk is gzipped
2021-02-04 17:13:40,336: INFO     Identifying PAM sites in the genome
2021-02-04 17:15:44,183: INFO     Checking guides for restriction enzymes
2021-02-04 17:15:45,098: INFO     Number of guides removed after checking for restriction enzymes: 0
2021-02-04 17:15:45,098: INFO     Identifing guides that are unique near the PAM site
2021-02-04 17:15:51,077: INFO     Number of guides removed after checking for unique PAM: 2398454
2021-02-04 17:15:51,077: INFO     Indexing all potential guide sites: 3282648. This is the longest step.
2021-02-04 17:16:07,898: INFO     M                   = 16
2021-02-04 17:16:07,898: INFO     indexThreadQty      = 2
2021-02-04 17:16:07,898: INFO     efConstruction      = 10
2021-02-04 17:16:07,898: INFO     maxM			          = 16
2021-02-04 17:16:07,898: INFO     maxM0			          = 32
2021-02-04 17:16:07,898: INFO     mult                = 0.360674
2021-02-04 17:16:07,898: INFO     skip_optimized_index= 0
2021-02-04 17:16:07,898: INFO     delaunay_type       = 2
2021-02-04 17:16:07,899: INFO     Set HNSW query-time parameters:
2021-02-04 17:16:07,899: INFO     ef(Search)         =20
2021-02-04 17:16:07,899: INFO     algoType           =2

0%   10   20   30   40   50   60   70   80   90   100%
|----|----|----|----|----|----|----|----|----|----|
***************************************************

0%   10   20   30   40   50   60   70   80   90   100%
|----|----|----|----|----|----|----|----|----|----|
****************************************************2021-02-04 17:19:55,308: INFO     No appropriate custom distance function for Hamming (bit-storage) space
2021-02-04 17:19:55,309: INFO     searchMethod			  = 0
2021-02-04 17:19:55,571: INFO     Identifying guides that have a hamming distance <= 3 to all other potential guides
2021-02-04 17:19:57,101: INFO     Set HNSW query-time parameters:
2021-02-04 17:19:57,101: INFO     ef(Search)         =9
2021-02-04 17:19:57,101: INFO     algoType           =2
2021-02-04 17:21:13,863: INFO     Formatting data for BedTools
2021-02-04 17:21:15,993: INFO     Create GuideMaker Annotation object
2021-02-04 17:21:15,993: INFO     Identify genomic features
2021-02-04 17:21:15,993: INFO     check if ../all_test_data/Arabidopsis_thaliana.gbk is gzipped
2021-02-04 17:21:47,855: INFO     Total number of CDS/locus in the input genome: 48262
2021-02-04 17:21:47,856: INFO     Find genomic features closest the guides
2021-02-04 17:22:01,936: INFO     Select guides that start between +500 and -500 of a feature start
2021-02-04 17:22:02,724: INFO     Select description columns
2021-02-04 17:22:03,174: INFO     Format the output
2021-02-04 17:22:06,387: INFO     Number of Guides within a gene coordinates i.e. zero Feature distance: 132155
2021-02-04 17:22:11,219: INFO     creating random control guides
2021-02-04 17:22:13,064: INFO     Number of random control searched: 100
2021-02-04 17:22:13,064: INFO     Percentage of GC content in the input genome: 36.00
2021-02-04 17:22:13,064: INFO     Total length of the genome: 114.1 MB
2021-02-04 17:22:13,064: INFO     created 10 control guides with a minimum distance of 7 and a median distance of 7
2021-02-04 17:22:13,068: INFO     guidemaker completed, results are at TEST
2021-02-04 17:22:13,068: INFO     PAM sequence: NGRRT
2021-02-04 17:22:13,068: INFO     PAM orientation: 3prime
2021-02-04 17:22:13,068: INFO     Genome strand(s) searched: both
2021-02-04 17:22:13,068: INFO     Total PAM sites considered: 3282648
2021-02-04 17:22:13,068: INFO     Guide RNA candidates found: 226406
	Command being timed: "guidemaker -i ../all_test_data/Arabidopsis_thaliana.gbk --pamseq NGRRT --outdir TEST --pam_orientation 3prime --guidelength 20 --strand both --lcp 11 --dist 3 --before 500 --into 500 --knum 10 --controls 10 --log GM_63826756_2.log --threads 2"
	User time (seconds): 742.53
	System time (seconds): 61.40
	Percent of CPU this job got: 147%
	Elapsed (wall clock) time (h:mm:ss or m:ss): 9:06.21
	Average shared text size (kbytes): 0
	Average unshared data size (kbytes): 0
	Average stack size (kbytes): 0
	Average total size (kbytes): 0
	Maximum resident set size (kbytes): 7918416
	Average resident set size (kbytes): 0
	Major (requiring I/O) page faults: 0
	Minor (reclaiming a frame) page faults: 39120638
	Voluntary context switches: 304702
	Involuntary context switches: 1459
	Swaps: 0
	File system inputs: 137040
	File system outputs: 1370512
	Socket messages sent: 0
	Socket messages received: 0
	Signals delivered: 0
	Page size (bytes): 4096
	Exit status: 0
My SLURM_ARRAY_TASK_ID:  2
My TMPDIR IS:  /scratch/local/63826756
Input Genome:>>>>>>>>>>>>>>>>>>>>>>>>>>>>>>>>>>>>>>>>>>>  Arabidopsis_thaliana.gbk
Input PAM:>>>>>>>>>>>>>>>>>>>>>>>>>>>>>>>>>>>>>>>>>>>  NGRRT
Threads used:>>>>>>>>>>>>>>>>>>>>>>>>>>>>>>>>>>>>>>>>>>>  4
GuideMaker
2021-02-04 17:22:20,981: INFO     Temp directory is: /scratch/local/63826756/guidemaker_fl2k9xbt
2021-02-04 17:22:20,981: INFO     Writing fasta file from genbank file(s)
2021-02-04 17:22:20,982: INFO     check if ../all_test_data/Arabidopsis_thaliana.gbk is gzipped
2021-02-04 17:22:46,332: INFO     Identifying PAM sites in the genome
2021-02-04 17:24:41,911: INFO     Checking guides for restriction enzymes
2021-02-04 17:24:42,814: INFO     Number of guides removed after checking for restriction enzymes: 0
2021-02-04 17:24:42,814: INFO     Identifing guides that are unique near the PAM site
2021-02-04 17:24:48,742: INFO     Number of guides removed after checking for unique PAM: 2398454
2021-02-04 17:24:48,742: INFO     Indexing all potential guide sites: 3282648. This is the longest step.
2021-02-04 17:25:04,363: INFO     M                   = 16
2021-02-04 17:25:04,363: INFO     indexThreadQty      = 4
2021-02-04 17:25:04,363: INFO     efConstruction      = 10
2021-02-04 17:25:04,363: INFO     maxM			          = 16
2021-02-04 17:25:04,363: INFO     maxM0			          = 32
2021-02-04 17:25:04,363: INFO     mult                = 0.360674
2021-02-04 17:25:04,364: INFO     skip_optimized_index= 0
2021-02-04 17:25:04,364: INFO     delaunay_type       = 2
2021-02-04 17:25:04,364: INFO     Set HNSW query-time parameters:
2021-02-04 17:25:04,364: INFO     ef(Search)         =20
2021-02-04 17:25:04,364: INFO     algoType           =2

0%   10   20   30   40   50   60   70   80   90   100%
|----|----|----|----|----|----|----|----|----|----|
***************************************************

0%   10   20   30   40   50   60   70   80   90   100%
|----|----|----|----|----|----|----|----|----|----|
****************************************************


2021-02-04 17:26:59,890: INFO     No appropriate custom distance function for Hamming (bit-storage) space
2021-02-04 17:26:59,891: INFO     searchMethod			  = 0
2021-02-04 17:27:00,151: INFO     Identifying guides that have a hamming distance <= 3 to all other potential guides
2021-02-04 17:27:01,669: INFO     Set HNSW query-time parameters:
2021-02-04 17:27:01,669: INFO     ef(Search)         =9
2021-02-04 17:27:01,669: INFO     algoType           =2
2021-02-04 17:28:00,127: INFO     Formatting data for BedTools
2021-02-04 17:28:02,273: INFO     Create GuideMaker Annotation object
2021-02-04 17:28:02,273: INFO     Identify genomic features
2021-02-04 17:28:02,273: INFO     check if ../all_test_data/Arabidopsis_thaliana.gbk is gzipped
2021-02-04 17:28:32,370: INFO     Total number of CDS/locus in the input genome: 48262
2021-02-04 17:28:32,370: INFO     Find genomic features closest the guides
2021-02-04 17:28:46,233: INFO     Select guides that start between +500 and -500 of a feature start
2021-02-04 17:28:47,045: INFO     Select description columns
2021-02-04 17:28:47,542: INFO     Format the output
2021-02-04 17:28:51,097: INFO     Number of Guides within a gene coordinates i.e. zero Feature distance: 131942
2021-02-04 17:28:55,979: INFO     creating random control guides
2021-02-04 17:28:57,627: INFO     Number of random control searched: 100
2021-02-04 17:28:57,627: INFO     Percentage of GC content in the input genome: 36.00
2021-02-04 17:28:57,627: INFO     Total length of the genome: 114.1 MB
2021-02-04 17:28:57,627: INFO     created 10 control guides with a minimum distance of 7 and a median distance of 7
2021-02-04 17:28:57,629: INFO     guidemaker completed, results are at TEST
2021-02-04 17:28:57,629: INFO     PAM sequence: NGRRT
2021-02-04 17:28:57,629: INFO     PAM orientation: 3prime
2021-02-04 17:28:57,630: INFO     Genome strand(s) searched: both
2021-02-04 17:28:57,630: INFO     Total PAM sites considered: 3282648
2021-02-04 17:28:57,630: INFO     Guide RNA candidates found: 226189
	Command being timed: "guidemaker -i ../all_test_data/Arabidopsis_thaliana.gbk --pamseq NGRRT --outdir TEST --pam_orientation 3prime --guidelength 20 --strand both --lcp 11 --dist 3 --before 500 --into 500 --knum 10 --controls 10 --log GM_63826756_2.log --threads 4"
	User time (seconds): 745.85
	System time (seconds): 45.51
	Percent of CPU this job got: 195%
	Elapsed (wall clock) time (h:mm:ss or m:ss): 6:44.99
	Average shared text size (kbytes): 0
	Average unshared data size (kbytes): 0
	Average stack size (kbytes): 0
	Average total size (kbytes): 0
	Maximum resident set size (kbytes): 7920860
	Average resident set size (kbytes): 0
	Major (requiring I/O) page faults: 0
	Minor (reclaiming a frame) page faults: 25750122
	Voluntary context switches: 574608
	Involuntary context switches: 244275
	Swaps: 0
	File system inputs: 336
	File system outputs: 1368416
	Socket messages sent: 0
	Socket messages received: 0
	Signals delivered: 0
	Page size (bytes): 4096
	Exit status: 0
My SLURM_ARRAY_TASK_ID:  2
My TMPDIR IS:  /scratch/local/63826756
Input Genome:>>>>>>>>>>>>>>>>>>>>>>>>>>>>>>>>>>>>>>>>>>>  Arabidopsis_thaliana.gbk
Input PAM:>>>>>>>>>>>>>>>>>>>>>>>>>>>>>>>>>>>>>>>>>>>  NGRRT
Threads used:>>>>>>>>>>>>>>>>>>>>>>>>>>>>>>>>>>>>>>>>>>>  8
GuideMaker
2021-02-04 17:29:05,982: INFO     Temp directory is: /scratch/local/63826756/guidemaker_94x9tsxa
2021-02-04 17:29:05,982: INFO     Writing fasta file from genbank file(s)
2021-02-04 17:29:05,982: INFO     check if ../all_test_data/Arabidopsis_thaliana.gbk is gzipped
2021-02-04 17:29:31,097: INFO     Identifying PAM sites in the genome
2021-02-04 17:31:29,182: INFO     Checking guides for restriction enzymes
2021-02-04 17:31:30,098: INFO     Number of guides removed after checking for restriction enzymes: 0
2021-02-04 17:31:30,098: INFO     Identifing guides that are unique near the PAM site
2021-02-04 17:31:36,183: INFO     Number of guides removed after checking for unique PAM: 2398454
2021-02-04 17:31:36,183: INFO     Indexing all potential guide sites: 3282648. This is the longest step.
2021-02-04 17:31:51,959: INFO     M                   = 16
2021-02-04 17:31:51,959: INFO     indexThreadQty      = 8
2021-02-04 17:31:51,959: INFO     efConstruction      = 10
2021-02-04 17:31:51,959: INFO     maxM			          = 16
2021-02-04 17:31:51,959: INFO     maxM0			          = 32
2021-02-04 17:31:51,959: INFO     mult                = 0.360674
2021-02-04 17:31:51,959: INFO     skip_optimized_index= 0
2021-02-04 17:31:51,959: INFO     delaunay_type       = 2
2021-02-04 17:31:51,959: INFO     Set HNSW query-time parameters:
2021-02-04 17:31:51,959: INFO     ef(Search)         =20
2021-02-04 17:31:51,960: INFO     algoType           =2

0%   10   20   30   40   50   60   70   80   90   100%
|----|----|----|----|----|----|----|----|----|----|
***************************************************

0%   10   20   30   40   50   60   70   80   90   100%
|----|----|----|----|----|----|----|----|----|----|
****************************************************2021-02-04 17:32:55,778: INFO     No appropriate custom distance function for Hamming (bit-storage) space
2021-02-04 17:32:55,778: INFO     searchMethod			  = 0
2021-02-04 17:32:56,040: INFO     Identifying guides that have a hamming distance <= 3 to all other potential guides
2021-02-04 17:32:57,607: INFO     Set HNSW query-time parameters:
2021-02-04 17:32:57,607: INFO     ef(Search)         =9
2021-02-04 17:32:57,607: INFO     algoType           =2
2021-02-04 17:33:47,658: INFO     Formatting data for BedTools
2021-02-04 17:33:49,741: INFO     Create GuideMaker Annotation object
2021-02-04 17:33:49,741: INFO     Identify genomic features
2021-02-04 17:33:49,741: INFO     check if ../all_test_data/Arabidopsis_thaliana.gbk is gzipped
2021-02-04 17:34:19,930: INFO     Total number of CDS/locus in the input genome: 48262
2021-02-04 17:34:19,930: INFO     Find genomic features closest the guides
2021-02-04 17:34:33,510: INFO     Select guides that start between +500 and -500 of a feature start
2021-02-04 17:34:34,295: INFO     Select description columns
2021-02-04 17:34:34,755: INFO     Format the output
2021-02-04 17:34:37,928: INFO     Number of Guides within a gene coordinates i.e. zero Feature distance: 132018
2021-02-04 17:34:42,695: INFO     creating random control guides
2021-02-04 17:34:44,293: INFO     Number of random control searched: 100
2021-02-04 17:34:44,293: INFO     Percentage of GC content in the input genome: 36.00
2021-02-04 17:34:44,293: INFO     Total length of the genome: 114.1 MB
2021-02-04 17:34:44,293: INFO     created 10 control guides with a minimum distance of 7 and a median distance of 7
2021-02-04 17:34:44,296: INFO     guidemaker completed, results are at TEST
2021-02-04 17:34:44,296: INFO     PAM sequence: NGRRT
2021-02-04 17:34:44,296: INFO     PAM orientation: 3prime
2021-02-04 17:34:44,296: INFO     Genome strand(s) searched: both
2021-02-04 17:34:44,296: INFO     Total PAM sites considered: 3282648
2021-02-04 17:34:44,296: INFO     Guide RNA candidates found: 226237
	Command being timed: "guidemaker -i ../all_test_data/Arabidopsis_thaliana.gbk --pamseq NGRRT --outdir TEST --pam_orientation 3prime --guidelength 20 --strand both --lcp 11 --dist 3 --before 500 --into 500 --knum 10 --controls 10 --log GM_63826756_2.log --threads 8"
	User time (seconds): 782.65
	System time (seconds): 47.17
	Percent of CPU this job got: 239%
	Elapsed (wall clock) time (h:mm:ss or m:ss): 5:46.67
	Average shared text size (kbytes): 0
	Average unshared data size (kbytes): 0
	Average stack size (kbytes): 0
	Average total size (kbytes): 0
	Maximum resident set size (kbytes): 7956504
	Average resident set size (kbytes): 0
	Major (requiring I/O) page faults: 0
	Minor (reclaiming a frame) page faults: 21352541
	Voluntary context switches: 1070772
	Involuntary context switches: 566522
	Swaps: 0
	File system inputs: 944
	File system outputs: 1367856
	Socket messages sent: 0
	Socket messages received: 0
	Signals delivered: 0
	Page size (bytes): 4096
	Exit status: 0
My SLURM_ARRAY_TASK_ID:  2
My TMPDIR IS:  /scratch/local/63826756
Input Genome:>>>>>>>>>>>>>>>>>>>>>>>>>>>>>>>>>>>>>>>>>>>  Arabidopsis_thaliana.gbk
Input PAM:>>>>>>>>>>>>>>>>>>>>>>>>>>>>>>>>>>>>>>>>>>>  NGRRT
Threads used:>>>>>>>>>>>>>>>>>>>>>>>>>>>>>>>>>>>>>>>>>>>  16
GuideMaker
2021-02-04 17:34:52,640: INFO     Temp directory is: /scratch/local/63826756/guidemaker_km57z2uu
2021-02-04 17:34:52,641: INFO     Writing fasta file from genbank file(s)
2021-02-04 17:34:52,641: INFO     check if ../all_test_data/Arabidopsis_thaliana.gbk is gzipped
2021-02-04 17:35:18,152: INFO     Identifying PAM sites in the genome
2021-02-04 17:37:19,414: INFO     Checking guides for restriction enzymes
2021-02-04 17:37:20,361: INFO     Number of guides removed after checking for restriction enzymes: 0
2021-02-04 17:37:20,361: INFO     Identifing guides that are unique near the PAM site
2021-02-04 17:37:26,371: INFO     Number of guides removed after checking for unique PAM: 2398454
2021-02-04 17:37:26,371: INFO     Indexing all potential guide sites: 3282648. This is the longest step.
2021-02-04 17:37:43,089: INFO     M                   = 16
2021-02-04 17:37:43,089: INFO     indexThreadQty      = 16
2021-02-04 17:37:43,090: INFO     efConstruction      = 10
2021-02-04 17:37:43,090: INFO     maxM			          = 16
2021-02-04 17:37:43,090: INFO     maxM0			          = 32
2021-02-04 17:37:43,090: INFO     mult                = 0.360674
2021-02-04 17:37:43,090: INFO     skip_optimized_index= 0
2021-02-04 17:37:43,090: INFO     delaunay_type       = 2
2021-02-04 17:37:43,090: INFO     Set HNSW query-time parameters:
2021-02-04 17:37:43,090: INFO     ef(Search)         =20
2021-02-04 17:37:43,090: INFO     algoType           =2

0%   10   20   30   40   50   60   70   80   90   100%
|----|----|----|----|----|----|----|----|----|----|
***************************************************

0%   10   20   30   40   50   60   70   80   90   100%
|----|----|----|----|----|----|----|----|----|----|
****************************************************2021-02-04 17:38:18,462: INFO     No appropriate custom distance function for Hamming (bit-storage) space
2021-02-04 17:38:18,462: INFO     searchMethod			  = 0
2021-02-04 17:38:18,763: INFO     Identifying guides that have a hamming distance <= 3 to all other potential guides
2021-02-04 17:38:20,380: INFO     Set HNSW query-time parameters:
2021-02-04 17:38:20,380: INFO     ef(Search)         =9
2021-02-04 17:38:20,381: INFO     algoType           =2
2021-02-04 17:39:10,398: INFO     Formatting data for BedTools
2021-02-04 17:39:12,552: INFO     Create GuideMaker Annotation object
2021-02-04 17:39:12,552: INFO     Identify genomic features
2021-02-04 17:39:12,553: INFO     check if ../all_test_data/Arabidopsis_thaliana.gbk is gzipped
2021-02-04 17:39:43,627: INFO     Total number of CDS/locus in the input genome: 48262
2021-02-04 17:39:43,627: INFO     Find genomic features closest the guides
2021-02-04 17:39:57,914: INFO     Select guides that start between +500 and -500 of a feature start
2021-02-04 17:39:58,706: INFO     Select description columns
2021-02-04 17:39:59,176: INFO     Format the output
2021-02-04 17:40:02,328: INFO     Number of Guides within a gene coordinates i.e. zero Feature distance: 132043
2021-02-04 17:40:06,990: INFO     creating random control guides
2021-02-04 17:40:08,605: INFO     Number of random control searched: 100
2021-02-04 17:40:08,606: INFO     Percentage of GC content in the input genome: 36.00
2021-02-04 17:40:08,606: INFO     Total length of the genome: 114.1 MB
2021-02-04 17:40:08,606: INFO     created 10 control guides with a minimum distance of 7 and a median distance of 7
2021-02-04 17:40:08,609: INFO     guidemaker completed, results are at TEST
2021-02-04 17:40:08,609: INFO     PAM sequence: NGRRT
2021-02-04 17:40:08,609: INFO     PAM orientation: 3prime
2021-02-04 17:40:08,609: INFO     Genome strand(s) searched: both
2021-02-04 17:40:08,609: INFO     Total PAM sites considered: 3282648
2021-02-04 17:40:08,609: INFO     Guide RNA candidates found: 226290
	Command being timed: "guidemaker -i ../all_test_data/Arabidopsis_thaliana.gbk --pamseq NGRRT --outdir TEST --pam_orientation 3prime --guidelength 20 --strand both --lcp 11 --dist 3 --before 500 --into 500 --knum 10 --controls 10 --log GM_63826756_2.log --threads 16"
	User time (seconds): 829.32
	System time (seconds): 52.54
	Percent of CPU this job got: 271%
	Elapsed (wall clock) time (h:mm:ss or m:ss): 5:24.35
	Average shared text size (kbytes): 0
	Average unshared data size (kbytes): 0
	Average stack size (kbytes): 0
	Average total size (kbytes): 0
	Maximum resident set size (kbytes): 8005908
	Average resident set size (kbytes): 0
	Major (requiring I/O) page faults: 0
	Minor (reclaiming a frame) page faults: 15988821
	Voluntary context switches: 1802174
	Involuntary context switches: 251924
	Swaps: 0
	File system inputs: 0
	File system outputs: 1369504
	Socket messages sent: 0
	Socket messages received: 0
	Signals delivered: 0
	Page size (bytes): 4096
	Exit status: 0
My SLURM_ARRAY_TASK_ID:  2
My TMPDIR IS:  /scratch/local/63826756
Input Genome:>>>>>>>>>>>>>>>>>>>>>>>>>>>>>>>>>>>>>>>>>>>  Arabidopsis_thaliana.gbk
Input PAM:>>>>>>>>>>>>>>>>>>>>>>>>>>>>>>>>>>>>>>>>>>>  NGRRT
Threads used:>>>>>>>>>>>>>>>>>>>>>>>>>>>>>>>>>>>>>>>>>>>  32
GuideMaker
2021-02-04 17:40:17,043: INFO     Temp directory is: /scratch/local/63826756/guidemaker_fikavnth
2021-02-04 17:40:17,043: INFO     Writing fasta file from genbank file(s)
2021-02-04 17:40:17,043: INFO     check if ../all_test_data/Arabidopsis_thaliana.gbk is gzipped
2021-02-04 17:40:42,347: INFO     Identifying PAM sites in the genome
2021-02-04 17:42:45,027: INFO     Checking guides for restriction enzymes
2021-02-04 17:42:45,933: INFO     Number of guides removed after checking for restriction enzymes: 0
2021-02-04 17:42:45,934: INFO     Identifing guides that are unique near the PAM site
2021-02-04 17:42:51,996: INFO     Number of guides removed after checking for unique PAM: 2398454
2021-02-04 17:42:51,997: INFO     Indexing all potential guide sites: 3282648. This is the longest step.
2021-02-04 17:43:07,589: INFO     M                   = 16
2021-02-04 17:43:07,589: INFO     indexThreadQty      = 32
2021-02-04 17:43:07,589: INFO     efConstruction      = 10
2021-02-04 17:43:07,589: INFO     maxM			          = 16
2021-02-04 17:43:07,589: INFO     maxM0			          = 32
2021-02-04 17:43:07,589: INFO     mult                = 0.360674
2021-02-04 17:43:07,589: INFO     skip_optimized_index= 0
2021-02-04 17:43:07,589: INFO     delaunay_type       = 2
2021-02-04 17:43:07,589: INFO     Set HNSW query-time parameters:
2021-02-04 17:43:07,590: INFO     ef(Search)         =20
2021-02-04 17:43:07,590: INFO     algoType           =2

0%   10   20   30   40   50   60   70   80   90   100%
|----|----|----|----|----|----|----|----|----|----|
***************************************************

0%   10   20   30   40   50   60   70   80   90   100%
|----|----|----|----|----|----|----|----|----|----|
****************************************************2021-02-04 17:43:31,354: INFO     No appropriate custom distance function for Hamming (bit-storage) space
2021-02-04 17:43:31,355: INFO     searchMethod			  = 0
2021-02-04 17:43:31,620: INFO     Identifying guides that have a hamming distance <= 3 to all other potential guides
2021-02-04 17:43:33,069: INFO     Set HNSW query-time parameters:
2021-02-04 17:43:33,069: INFO     ef(Search)         =9
2021-02-04 17:43:33,069: INFO     algoType           =2
2021-02-04 17:44:18,721: INFO     Formatting data for BedTools
2021-02-04 17:44:20,810: INFO     Create GuideMaker Annotation object
2021-02-04 17:44:20,811: INFO     Identify genomic features
2021-02-04 17:44:20,811: INFO     check if ../all_test_data/Arabidopsis_thaliana.gbk is gzipped
2021-02-04 17:44:53,249: INFO     Total number of CDS/locus in the input genome: 48262
2021-02-04 17:44:53,250: INFO     Find genomic features closest the guides
2021-02-04 17:45:07,181: INFO     Select guides that start between +500 and -500 of a feature start
2021-02-04 17:45:08,182: INFO     Select description columns
2021-02-04 17:45:08,783: INFO     Format the output
2021-02-04 17:45:13,095: INFO     Number of Guides within a gene coordinates i.e. zero Feature distance: 131773
2021-02-04 17:45:17,847: INFO     creating random control guides
2021-02-04 17:45:19,545: INFO     Number of random control searched: 100
2021-02-04 17:45:19,546: INFO     Percentage of GC content in the input genome: 36.00
2021-02-04 17:45:19,546: INFO     Total length of the genome: 114.1 MB
2021-02-04 17:45:19,546: INFO     created 10 control guides with a minimum distance of 7 and a median distance of 7
2021-02-04 17:45:19,548: INFO     guidemaker completed, results are at TEST
2021-02-04 17:45:19,548: INFO     PAM sequence: NGRRT
2021-02-04 17:45:19,548: INFO     PAM orientation: 3prime
2021-02-04 17:45:19,549: INFO     Genome strand(s) searched: both
2021-02-04 17:45:19,549: INFO     Total PAM sites considered: 3282648
2021-02-04 17:45:19,549: INFO     Guide RNA candidates found: 225931
	Command being timed: "guidemaker -i ../all_test_data/Arabidopsis_thaliana.gbk --pamseq NGRRT --outdir TEST --pam_orientation 3prime --guidelength 20 --strand both --lcp 11 --dist 3 --before 500 --into 500 --knum 10 --controls 10 --log GM_63826756_2.log --threads 32"
	User time (seconds): 901.44
	System time (seconds): 86.12
	Percent of CPU this job got: 317%
	Elapsed (wall clock) time (h:mm:ss or m:ss): 5:10.84
	Average shared text size (kbytes): 0
	Average unshared data size (kbytes): 0
	Average stack size (kbytes): 0
	Average total size (kbytes): 0
	Maximum resident set size (kbytes): 8054708
	Average resident set size (kbytes): 0
	Major (requiring I/O) page faults: 0
	Minor (reclaiming a frame) page faults: 13855783
	Voluntary context switches: 3786010
	Involuntary context switches: 690788
	Swaps: 0
	File system inputs: 8
	File system outputs: 1367712
	Socket messages sent: 0
	Socket messages received: 0
	Signals delivered: 0
	Page size (bytes): 4096
	Exit status: 0
