Thu Feb  4 17:39:36 EST 2021
c22b-s25.ufhpc
/blue/garrett/rp3448/analysis/guidemaker/AVXGuidemaker
My SLURM_ARRAY_TASK_ID:  10
My TMPDIR IS:  /scratch/local/63821214
Input Genome:>>>>>>>>>>>>>>>>>>>>>>>>>>>>>>>>>>>>>>>>>>>  Arabidopsis_thaliana.gbk
Input PAM:>>>>>>>>>>>>>>>>>>>>>>>>>>>>>>>>>>>>>>>>>>>  NGRRT
Threads used:>>>>>>>>>>>>>>>>>>>>>>>>>>>>>>>>>>>>>>>>>>>  1
GuideMaker
2021-02-04 17:39:41,029: INFO     Temp directory is: /scratch/local/63821214/guidemaker_4fx0srdo
2021-02-04 17:39:41,030: INFO     Writing fasta file from genbank file(s)
2021-02-04 17:39:41,030: INFO     check if ../all_test_data/Arabidopsis_thaliana.gbk is gzipped
2021-02-04 17:40:06,110: INFO     Identifying PAM sites in the genome
2021-02-04 17:42:03,718: INFO     Checking guides for restriction enzymes
2021-02-04 17:42:04,639: INFO     Number of guides removed after checking for restriction enzymes: 0
2021-02-04 17:42:04,639: INFO     Identifing guides that are unique near the PAM site
2021-02-04 17:42:10,680: INFO     Number of guides removed after checking for unique PAM: 2398454
2021-02-04 17:42:10,680: INFO     Indexing all potential guide sites: 3282648. This is the longest step.
2021-02-04 17:42:26,284: INFO     M                   = 16
2021-02-04 17:42:26,285: INFO     indexThreadQty      = 1
2021-02-04 17:42:26,285: INFO     efConstruction      = 10
2021-02-04 17:42:26,285: INFO     maxM			          = 16
2021-02-04 17:42:26,285: INFO     maxM0			          = 32
2021-02-04 17:42:26,285: INFO     mult                = 0.360674
2021-02-04 17:42:26,285: INFO     skip_optimized_index= 0
2021-02-04 17:42:26,285: INFO     delaunay_type       = 2
2021-02-04 17:42:26,285: INFO     Set HNSW query-time parameters:
2021-02-04 17:42:26,285: INFO     ef(Search)         =20
2021-02-04 17:42:26,285: INFO     algoType           =2

0%   10   20   30   40   50   60   70   80   90   100%
|----|----|----|----|----|----|----|----|----|----|
***************************************************

0%   10   20   30   40   50   60   70   80   90   100%
|----|----|----|----|----|----|----|----|----|----|
***************************************************
*2021-02-04 17:47:59,543: INFO     No appropriate custom distance function for Hamming (bit-storage) space
2021-02-04 17:47:59,543: INFO     searchMethod			  = 0
2021-02-04 17:47:59,801: INFO     Identifying guides that have a hamming distance <= 3 to all other potential guides
2021-02-04 17:48:01,202: INFO     Set HNSW query-time parameters:
2021-02-04 17:48:01,202: INFO     ef(Search)         =9
2021-02-04 17:48:01,202: INFO     algoType           =2
2021-02-04 17:49:28,182: INFO     Formatting data for BedTools
2021-02-04 17:49:30,465: INFO     Create GuideMaker Annotation object
2021-02-04 17:49:30,466: INFO     Identify genomic features
2021-02-04 17:49:30,466: INFO     check if ../all_test_data/Arabidopsis_thaliana.gbk is gzipped
2021-02-04 17:50:00,803: INFO     Total number of CDS/locus in the input genome: 48262
2021-02-04 17:50:00,803: INFO     Find genomic features closest the guides
2021-02-04 17:50:15,584: INFO     Select guides that start between +500 and -500 of a feature start
2021-02-04 17:50:16,421: INFO     Select description columns
2021-02-04 17:50:16,923: INFO     Format the output
2021-02-04 17:50:20,796: INFO     Number of Guides within a gene coordinates i.e. zero Feature distance: 131903
2021-02-04 17:50:25,185: INFO     creating random control guides
2021-02-04 17:50:26,632: INFO     Number of random control searched: 100
2021-02-04 17:50:26,633: INFO     Percentage of GC content in the input genome: 36.00
2021-02-04 17:50:26,633: INFO     Total length of the genome: 114.1 MB
2021-02-04 17:50:26,633: INFO     created 10 control guides with a minimum distance of 7 and a median distance of 7
2021-02-04 17:50:26,635: INFO     guidemaker completed, results are at TEST
2021-02-04 17:50:26,636: INFO     PAM sequence: NGRRT
2021-02-04 17:50:26,636: INFO     PAM orientation: 3prime
2021-02-04 17:50:26,636: INFO     Genome strand(s) searched: both
2021-02-04 17:50:26,636: INFO     Total PAM sites considered: 3282648
2021-02-04 17:50:26,636: INFO     Guide RNA candidates found: 226149
	Command being timed: "guidemaker -i ../all_test_data/Arabidopsis_thaliana.gbk --pamseq NGRRT --outdir TEST --pam_orientation 3prime --guidelength 20 --strand both --lcp 11 --dist 3 --before 500 --into 500 --knum 10 --controls 10 --log GM_63821214_10.log --threads 1"
	User time (seconds): 643.64
	System time (seconds): 13.73
	Percent of CPU this job got: 100%
	Elapsed (wall clock) time (h:mm:ss or m:ss): 10:55.54
	Average shared text size (kbytes): 0
	Average unshared data size (kbytes): 0
	Average stack size (kbytes): 0
	Average total size (kbytes): 0
	Maximum resident set size (kbytes): 7227808
	Average resident set size (kbytes): 0
	Major (requiring I/O) page faults: 0
	Minor (reclaiming a frame) page faults: 8603959
	Voluntary context switches: 3147
	Involuntary context switches: 293503
	Swaps: 0
	File system inputs: 16
	File system outputs: 1368520
	Socket messages sent: 0
	Socket messages received: 0
	Signals delivered: 0
	Page size (bytes): 4096
	Exit status: 0
My SLURM_ARRAY_TASK_ID:  10
My TMPDIR IS:  /scratch/local/63821214
Input Genome:>>>>>>>>>>>>>>>>>>>>>>>>>>>>>>>>>>>>>>>>>>>  Arabidopsis_thaliana.gbk
Input PAM:>>>>>>>>>>>>>>>>>>>>>>>>>>>>>>>>>>>>>>>>>>>  NGRRT
Threads used:>>>>>>>>>>>>>>>>>>>>>>>>>>>>>>>>>>>>>>>>>>>  2
GuideMaker
2021-02-04 17:50:36,620: INFO     Temp directory is: /scratch/local/63821214/guidemaker_p7gdt3rt
2021-02-04 17:50:36,620: INFO     Writing fasta file from genbank file(s)
2021-02-04 17:50:36,621: INFO     check if ../all_test_data/Arabidopsis_thaliana.gbk is gzipped
2021-02-04 17:51:01,448: INFO     Identifying PAM sites in the genome
2021-02-04 17:52:57,520: INFO     Checking guides for restriction enzymes
2021-02-04 17:52:58,428: INFO     Number of guides removed after checking for restriction enzymes: 0
2021-02-04 17:52:58,429: INFO     Identifing guides that are unique near the PAM site
2021-02-04 17:53:04,530: INFO     Number of guides removed after checking for unique PAM: 2398454
2021-02-04 17:53:04,531: INFO     Indexing all potential guide sites: 3282648. This is the longest step.
2021-02-04 17:53:20,258: INFO     M                   = 16
2021-02-04 17:53:20,258: INFO     indexThreadQty      = 2
2021-02-04 17:53:20,258: INFO     efConstruction      = 10
2021-02-04 17:53:20,258: INFO     maxM			          = 16
2021-02-04 17:53:20,258: INFO     maxM0			          = 32
2021-02-04 17:53:20,258: INFO     mult                = 0.360674
2021-02-04 17:53:20,258: INFO     skip_optimized_index= 0
2021-02-04 17:53:20,258: INFO     delaunay_type       = 2
2021-02-04 17:53:20,258: INFO     Set HNSW query-time parameters:
2021-02-04 17:53:20,258: INFO     ef(Search)         =20
2021-02-04 17:53:20,258: INFO     algoType           =2

0%   10   20   30   40   50   60   70   80   90   100%
|----|----|----|----|----|----|----|----|----|----|
***************************************************

0%   10   20   30   40   50   60   70   80   90   100%
|----|----|----|----|----|----|----|----|----|----|
****************************************************2021-02-04 17:57:02,977: INFO     No appropriate custom distance function for Hamming (bit-storage) space
2021-02-04 17:57:02,978: INFO     searchMethod			  = 0
2021-02-04 17:57:03,240: INFO     Identifying guides that have a hamming distance <= 3 to all other potential guides
2021-02-04 17:57:04,791: INFO     Set HNSW query-time parameters:
2021-02-04 17:57:04,791: INFO     ef(Search)         =9
2021-02-04 17:57:04,791: INFO     algoType           =2
2021-02-04 17:58:18,472: INFO     Formatting data for BedTools
2021-02-04 17:58:20,593: INFO     Create GuideMaker Annotation object
2021-02-04 17:58:20,593: INFO     Identify genomic features
2021-02-04 17:58:20,594: INFO     check if ../all_test_data/Arabidopsis_thaliana.gbk is gzipped
2021-02-04 17:58:50,744: INFO     Total number of CDS/locus in the input genome: 48262
2021-02-04 17:58:50,745: INFO     Find genomic features closest the guides
2021-02-04 17:59:05,473: INFO     Select guides that start between +500 and -500 of a feature start
2021-02-04 17:59:06,265: INFO     Select description columns
2021-02-04 17:59:06,724: INFO     Format the output
2021-02-04 17:59:09,961: INFO     Number of Guides within a gene coordinates i.e. zero Feature distance: 132086
2021-02-04 17:59:14,354: INFO     creating random control guides
2021-02-04 17:59:16,404: INFO     Number of random control searched: 1000
2021-02-04 17:59:16,405: INFO     Percentage of GC content in the input genome: 36.00
2021-02-04 17:59:16,405: INFO     Total length of the genome: 114.1 MB
2021-02-04 17:59:16,405: INFO     created 10 control guides with a minimum distance of 8 and a median distance of 8
2021-02-04 17:59:16,408: INFO     guidemaker completed, results are at TEST
2021-02-04 17:59:16,408: INFO     PAM sequence: NGRRT
2021-02-04 17:59:16,408: INFO     PAM orientation: 3prime
2021-02-04 17:59:16,408: INFO     Genome strand(s) searched: both
2021-02-04 17:59:16,408: INFO     Total PAM sites considered: 3282648
2021-02-04 17:59:16,408: INFO     Guide RNA candidates found: 226384
	Command being timed: "guidemaker -i ../all_test_data/Arabidopsis_thaliana.gbk --pamseq NGRRT --outdir TEST --pam_orientation 3prime --guidelength 20 --strand both --lcp 11 --dist 3 --before 500 --into 500 --knum 10 --controls 10 --log GM_63821214_10.log --threads 2"
	User time (seconds): 722.72
	System time (seconds): 56.45
	Percent of CPU this job got: 147%
	Elapsed (wall clock) time (h:mm:ss or m:ss): 8:47.76
	Average shared text size (kbytes): 0
	Average unshared data size (kbytes): 0
	Average stack size (kbytes): 0
	Average total size (kbytes): 0
	Maximum resident set size (kbytes): 7918160
	Average resident set size (kbytes): 0
	Major (requiring I/O) page faults: 0
	Minor (reclaiming a frame) page faults: 34257429
	Voluntary context switches: 251146
	Involuntary context switches: 78484
	Swaps: 0
	File system inputs: 8
	File system outputs: 1370256
	Socket messages sent: 0
	Socket messages received: 0
	Signals delivered: 0
	Page size (bytes): 4096
	Exit status: 0
My SLURM_ARRAY_TASK_ID:  10
My TMPDIR IS:  /scratch/local/63821214
Input Genome:>>>>>>>>>>>>>>>>>>>>>>>>>>>>>>>>>>>>>>>>>>>  Arabidopsis_thaliana.gbk
Input PAM:>>>>>>>>>>>>>>>>>>>>>>>>>>>>>>>>>>>>>>>>>>>  NGRRT
Threads used:>>>>>>>>>>>>>>>>>>>>>>>>>>>>>>>>>>>>>>>>>>>  4
GuideMaker
2021-02-04 17:59:24,386: INFO     Temp directory is: /scratch/local/63821214/guidemaker_uv8sqv7a
2021-02-04 17:59:24,386: INFO     Writing fasta file from genbank file(s)
2021-02-04 17:59:24,386: INFO     check if ../all_test_data/Arabidopsis_thaliana.gbk is gzipped
2021-02-04 17:59:50,136: INFO     Identifying PAM sites in the genome
2021-02-04 18:01:51,410: INFO     Checking guides for restriction enzymes
2021-02-04 18:01:52,315: INFO     Number of guides removed after checking for restriction enzymes: 0
2021-02-04 18:01:52,315: INFO     Identifing guides that are unique near the PAM site
2021-02-04 18:01:58,382: INFO     Number of guides removed after checking for unique PAM: 2398454
2021-02-04 18:01:58,382: INFO     Indexing all potential guide sites: 3282648. This is the longest step.
2021-02-04 18:02:13,854: INFO     M                   = 16
2021-02-04 18:02:13,854: INFO     indexThreadQty      = 4
2021-02-04 18:02:13,854: INFO     efConstruction      = 10
2021-02-04 18:02:13,855: INFO     maxM			          = 16
2021-02-04 18:02:13,855: INFO     maxM0			          = 32
2021-02-04 18:02:13,855: INFO     mult                = 0.360674
2021-02-04 18:02:13,855: INFO     skip_optimized_index= 0
2021-02-04 18:02:13,855: INFO     delaunay_type       = 2
2021-02-04 18:02:13,855: INFO     Set HNSW query-time parameters:
2021-02-04 18:02:13,855: INFO     ef(Search)         =20
2021-02-04 18:02:13,855: INFO     algoType           =2

0%   10   20   30   40   50   60   70   80   90   100%
|----|----|----|----|----|----|----|----|----|----|
***************************************************

0%   10   20   30   40   50   60   70   80   90   100%
|----|----|----|----|----|----|----|----|----|----|
****************************************************2021-02-04 18:04:15,614: INFO     No appropriate custom distance function for Hamming (bit-storage) space
2021-02-04 18:04:15,615: INFO     searchMethod			  = 0
2021-02-04 18:04:15,928: INFO     Identifying guides that have a hamming distance <= 3 to all other potential guides
2021-02-04 18:04:17,599: INFO     Set HNSW query-time parameters:
2021-02-04 18:04:17,599: INFO     ef(Search)         =9
2021-02-04 18:04:17,599: INFO     algoType           =2
2021-02-04 18:05:16,583: INFO     Formatting data for BedTools
2021-02-04 18:05:18,726: INFO     Create GuideMaker Annotation object
2021-02-04 18:05:18,726: INFO     Identify genomic features
2021-02-04 18:05:18,727: INFO     check if ../all_test_data/Arabidopsis_thaliana.gbk is gzipped
2021-02-04 18:05:50,166: INFO     Total number of CDS/locus in the input genome: 48262
2021-02-04 18:05:50,167: INFO     Find genomic features closest the guides
2021-02-04 18:06:04,612: INFO     Select guides that start between +500 and -500 of a feature start
2021-02-04 18:06:05,358: INFO     Select description columns
2021-02-04 18:06:05,800: INFO     Format the output
2021-02-04 18:06:08,935: INFO     Number of Guides within a gene coordinates i.e. zero Feature distance: 131913
2021-02-04 18:06:13,228: INFO     creating random control guides
2021-02-04 18:06:15,063: INFO     Number of random control searched: 1000
2021-02-04 18:06:15,063: INFO     Percentage of GC content in the input genome: 36.00
2021-02-04 18:06:15,063: INFO     Total length of the genome: 114.1 MB
2021-02-04 18:06:15,063: INFO     created 10 control guides with a minimum distance of 8 and a median distance of 8
2021-02-04 18:06:15,066: INFO     guidemaker completed, results are at TEST
2021-02-04 18:06:15,066: INFO     PAM sequence: NGRRT
2021-02-04 18:06:15,066: INFO     PAM orientation: 3prime
2021-02-04 18:06:15,066: INFO     Genome strand(s) searched: both
2021-02-04 18:06:15,066: INFO     Total PAM sites considered: 3282648
2021-02-04 18:06:15,066: INFO     Guide RNA candidates found: 226153
	Command being timed: "guidemaker -i ../all_test_data/Arabidopsis_thaliana.gbk --pamseq NGRRT --outdir TEST --pam_orientation 3prime --guidelength 20 --strand both --lcp 11 --dist 3 --before 500 --into 500 --knum 10 --controls 10 --log GM_63821214_10.log --threads 4"
	User time (seconds): 765.20
	System time (seconds): 53.50
	Percent of CPU this job got: 195%
	Elapsed (wall clock) time (h:mm:ss or m:ss): 6:58.55
	Average shared text size (kbytes): 0
	Average unshared data size (kbytes): 0
	Average stack size (kbytes): 0
	Average total size (kbytes): 0
	Maximum resident set size (kbytes): 7923816
	Average resident set size (kbytes): 0
	Major (requiring I/O) page faults: 0
	Minor (reclaiming a frame) page faults: 30540860
	Voluntary context switches: 571353
	Involuntary context switches: 145752
	Swaps: 0
	File system inputs: 8
	File system outputs: 1367248
	Socket messages sent: 0
	Socket messages received: 0
	Signals delivered: 0
	Page size (bytes): 4096
	Exit status: 0
My SLURM_ARRAY_TASK_ID:  10
My TMPDIR IS:  /scratch/local/63821214
Input Genome:>>>>>>>>>>>>>>>>>>>>>>>>>>>>>>>>>>>>>>>>>>>  Arabidopsis_thaliana.gbk
Input PAM:>>>>>>>>>>>>>>>>>>>>>>>>>>>>>>>>>>>>>>>>>>>  NGRRT
Threads used:>>>>>>>>>>>>>>>>>>>>>>>>>>>>>>>>>>>>>>>>>>>  8
GuideMaker
2021-02-04 18:06:22,921: INFO     Temp directory is: /scratch/local/63821214/guidemaker_0gs2efuu
2021-02-04 18:06:22,922: INFO     Writing fasta file from genbank file(s)
2021-02-04 18:06:22,922: INFO     check if ../all_test_data/Arabidopsis_thaliana.gbk is gzipped
2021-02-04 18:06:47,776: INFO     Identifying PAM sites in the genome
2021-02-04 18:08:46,568: INFO     Checking guides for restriction enzymes
2021-02-04 18:08:47,470: INFO     Number of guides removed after checking for restriction enzymes: 0
2021-02-04 18:08:47,470: INFO     Identifing guides that are unique near the PAM site
2021-02-04 18:08:53,432: INFO     Number of guides removed after checking for unique PAM: 2398454
2021-02-04 18:08:53,432: INFO     Indexing all potential guide sites: 3282648. This is the longest step.
2021-02-04 18:09:09,292: INFO     M                   = 16
2021-02-04 18:09:09,292: INFO     indexThreadQty      = 8
2021-02-04 18:09:09,292: INFO     efConstruction      = 10
2021-02-04 18:09:09,292: INFO     maxM			          = 16
2021-02-04 18:09:09,292: INFO     maxM0			          = 32
2021-02-04 18:09:09,292: INFO     mult                = 0.360674
2021-02-04 18:09:09,292: INFO     skip_optimized_index= 0
2021-02-04 18:09:09,292: INFO     delaunay_type       = 2
2021-02-04 18:09:09,293: INFO     Set HNSW query-time parameters:
2021-02-04 18:09:09,293: INFO     ef(Search)         =20
2021-02-04 18:09:09,293: INFO     algoType           =2

0%   10   20   30   40   50   60   70   80   90   100%
|----|----|----|----|----|----|----|----|----|----|
***************************************************

0%   10   20   30   40   50   60   70   80   90   100%
|----|----|----|----|----|----|----|----|----|----|
****************************************************2021-02-04 18:10:13,792: INFO     No appropriate custom distance function for Hamming (bit-storage) space
2021-02-04 18:10:13,793: INFO     searchMethod			  = 0
2021-02-04 18:10:14,080: INFO     Identifying guides that have a hamming distance <= 3 to all other potential guides
2021-02-04 18:10:15,825: INFO     Set HNSW query-time parameters:
2021-02-04 18:10:15,826: INFO     ef(Search)         =9
2021-02-04 18:10:15,826: INFO     algoType           =2
2021-02-04 18:11:05,846: INFO     Formatting data for BedTools
2021-02-04 18:11:08,004: INFO     Create GuideMaker Annotation object
2021-02-04 18:11:08,004: INFO     Identify genomic features
2021-02-04 18:11:08,005: INFO     check if ../all_test_data/Arabidopsis_thaliana.gbk is gzipped
2021-02-04 18:11:38,021: INFO     Total number of CDS/locus in the input genome: 48262
2021-02-04 18:11:38,021: INFO     Find genomic features closest the guides
2021-02-04 18:11:51,901: INFO     Select guides that start between +500 and -500 of a feature start
2021-02-04 18:11:52,718: INFO     Select description columns
2021-02-04 18:11:53,193: INFO     Format the output
2021-02-04 18:11:56,377: INFO     Number of Guides within a gene coordinates i.e. zero Feature distance: 132000
2021-02-04 18:12:00,788: INFO     creating random control guides
2021-02-04 18:12:02,341: INFO     Number of random control searched: 100
2021-02-04 18:12:02,341: INFO     Percentage of GC content in the input genome: 36.00
2021-02-04 18:12:02,341: INFO     Total length of the genome: 114.1 MB
2021-02-04 18:12:02,341: INFO     created 10 control guides with a minimum distance of 7 and a median distance of 7
2021-02-04 18:12:02,344: INFO     guidemaker completed, results are at TEST
2021-02-04 18:12:02,344: INFO     PAM sequence: NGRRT
2021-02-04 18:12:02,344: INFO     PAM orientation: 3prime
2021-02-04 18:12:02,344: INFO     Genome strand(s) searched: both
2021-02-04 18:12:02,344: INFO     Total PAM sites considered: 3282648
2021-02-04 18:12:02,344: INFO     Guide RNA candidates found: 226267
	Command being timed: "guidemaker -i ../all_test_data/Arabidopsis_thaliana.gbk --pamseq NGRRT --outdir TEST --pam_orientation 3prime --guidelength 20 --strand both --lcp 11 --dist 3 --before 500 --into 500 --knum 10 --controls 10 --log GM_63821214_10.log --threads 8"
	User time (seconds): 787.10
	System time (seconds): 47.05
	Percent of CPU this job got: 239%
	Elapsed (wall clock) time (h:mm:ss or m:ss): 5:47.68
	Average shared text size (kbytes): 0
	Average unshared data size (kbytes): 0
	Average stack size (kbytes): 0
	Average total size (kbytes): 0
	Maximum resident set size (kbytes): 7958416
	Average resident set size (kbytes): 0
	Major (requiring I/O) page faults: 0
	Minor (reclaiming a frame) page faults: 22116043
	Voluntary context switches: 986028
	Involuntary context switches: 113543
	Swaps: 0
	File system inputs: 32
	File system outputs: 1369624
	Socket messages sent: 0
	Socket messages received: 0
	Signals delivered: 0
	Page size (bytes): 4096
	Exit status: 0
My SLURM_ARRAY_TASK_ID:  10
My TMPDIR IS:  /scratch/local/63821214
Input Genome:>>>>>>>>>>>>>>>>>>>>>>>>>>>>>>>>>>>>>>>>>>>  Arabidopsis_thaliana.gbk
Input PAM:>>>>>>>>>>>>>>>>>>>>>>>>>>>>>>>>>>>>>>>>>>>  NGRRT
Threads used:>>>>>>>>>>>>>>>>>>>>>>>>>>>>>>>>>>>>>>>>>>>  16
GuideMaker
2021-02-04 18:12:10,605: INFO     Temp directory is: /scratch/local/63821214/guidemaker_m8d5kdfj
2021-02-04 18:12:10,606: INFO     Writing fasta file from genbank file(s)
2021-02-04 18:12:10,606: INFO     check if ../all_test_data/Arabidopsis_thaliana.gbk is gzipped
2021-02-04 18:12:35,936: INFO     Identifying PAM sites in the genome
2021-02-04 18:14:34,130: INFO     Checking guides for restriction enzymes
2021-02-04 18:14:35,031: INFO     Number of guides removed after checking for restriction enzymes: 0
2021-02-04 18:14:35,032: INFO     Identifing guides that are unique near the PAM site
2021-02-04 18:14:41,048: INFO     Number of guides removed after checking for unique PAM: 2398454
2021-02-04 18:14:41,048: INFO     Indexing all potential guide sites: 3282648. This is the longest step.
2021-02-04 18:14:56,536: INFO     M                   = 16
2021-02-04 18:14:56,536: INFO     indexThreadQty      = 16
2021-02-04 18:14:56,537: INFO     efConstruction      = 10
2021-02-04 18:14:56,537: INFO     maxM			          = 16
2021-02-04 18:14:56,537: INFO     maxM0			          = 32
2021-02-04 18:14:56,537: INFO     mult                = 0.360674
2021-02-04 18:14:56,537: INFO     skip_optimized_index= 0
2021-02-04 18:14:56,537: INFO     delaunay_type       = 2
2021-02-04 18:14:56,537: INFO     Set HNSW query-time parameters:
2021-02-04 18:14:56,537: INFO     ef(Search)         =20
2021-02-04 18:14:56,537: INFO     algoType           =2

0%   10   20   30   40   50   60   70   80   90   100%
|----|----|----|----|----|----|----|----|----|----|
***************************************************

0%   10   20   30   40   50   60   70   80   90   100%
|----|----|----|----|----|----|----|----|----|----|
****************************************************2021-02-04 18:15:32,458: INFO     No appropriate custom distance function for Hamming (bit-storage) space
2021-02-04 18:15:32,459: INFO     searchMethod			  = 0
2021-02-04 18:15:32,757: INFO     Identifying guides that have a hamming distance <= 3 to all other potential guides
2021-02-04 18:15:34,439: INFO     Set HNSW query-time parameters:
2021-02-04 18:15:34,439: INFO     ef(Search)         =9
2021-02-04 18:15:34,439: INFO     algoType           =2
2021-02-04 18:16:20,478: INFO     Formatting data for BedTools
2021-02-04 18:16:22,612: INFO     Create GuideMaker Annotation object
2021-02-04 18:16:22,612: INFO     Identify genomic features
2021-02-04 18:16:22,612: INFO     check if ../all_test_data/Arabidopsis_thaliana.gbk is gzipped
2021-02-04 18:16:53,082: INFO     Total number of CDS/locus in the input genome: 48262
2021-02-04 18:16:53,082: INFO     Find genomic features closest the guides
2021-02-04 18:17:06,940: INFO     Select guides that start between +500 and -500 of a feature start
2021-02-04 18:17:07,728: INFO     Select description columns
2021-02-04 18:17:08,192: INFO     Format the output
2021-02-04 18:17:11,345: INFO     Number of Guides within a gene coordinates i.e. zero Feature distance: 132018
2021-02-04 18:17:15,691: INFO     creating random control guides
2021-02-04 18:17:17,230: INFO     Number of random control searched: 100
2021-02-04 18:17:17,230: INFO     Percentage of GC content in the input genome: 36.00
2021-02-04 18:17:17,230: INFO     Total length of the genome: 114.1 MB
2021-02-04 18:17:17,230: INFO     created 10 control guides with a minimum distance of 7 and a median distance of 7
2021-02-04 18:17:17,233: INFO     guidemaker completed, results are at TEST
2021-02-04 18:17:17,233: INFO     PAM sequence: NGRRT
2021-02-04 18:17:17,233: INFO     PAM orientation: 3prime
2021-02-04 18:17:17,233: INFO     Genome strand(s) searched: both
2021-02-04 18:17:17,233: INFO     Total PAM sites considered: 3282648
2021-02-04 18:17:17,233: INFO     Guide RNA candidates found: 226307
	Command being timed: "guidemaker -i ../all_test_data/Arabidopsis_thaliana.gbk --pamseq NGRRT --outdir TEST --pam_orientation 3prime --guidelength 20 --strand both --lcp 11 --dist 3 --before 500 --into 500 --knum 10 --controls 10 --log GM_63821214_10.log --threads 16"
	User time (seconds): 819.82
	System time (seconds): 51.34
	Percent of CPU this job got: 276%
	Elapsed (wall clock) time (h:mm:ss or m:ss): 5:14.98
	Average shared text size (kbytes): 0
	Average unshared data size (kbytes): 0
	Average stack size (kbytes): 0
	Average total size (kbytes): 0
	Maximum resident set size (kbytes): 8005816
	Average resident set size (kbytes): 0
	Major (requiring I/O) page faults: 0
	Minor (reclaiming a frame) page faults: 16925234
	Voluntary context switches: 1755999
	Involuntary context switches: 436332
	Swaps: 0
	File system inputs: 0
	File system outputs: 1369896
	Socket messages sent: 0
	Socket messages received: 0
	Signals delivered: 0
	Page size (bytes): 4096
	Exit status: 0
My SLURM_ARRAY_TASK_ID:  10
My TMPDIR IS:  /scratch/local/63821214
Input Genome:>>>>>>>>>>>>>>>>>>>>>>>>>>>>>>>>>>>>>>>>>>>  Arabidopsis_thaliana.gbk
Input PAM:>>>>>>>>>>>>>>>>>>>>>>>>>>>>>>>>>>>>>>>>>>>  NGRRT
Threads used:>>>>>>>>>>>>>>>>>>>>>>>>>>>>>>>>>>>>>>>>>>>  32
GuideMaker
2021-02-04 18:17:25,601: INFO     Temp directory is: /scratch/local/63821214/guidemaker_my1rwe4y
2021-02-04 18:17:25,601: INFO     Writing fasta file from genbank file(s)
2021-02-04 18:17:25,601: INFO     check if ../all_test_data/Arabidopsis_thaliana.gbk is gzipped
2021-02-04 18:17:50,985: INFO     Identifying PAM sites in the genome
2021-02-04 18:19:52,846: INFO     Checking guides for restriction enzymes
2021-02-04 18:19:53,814: INFO     Number of guides removed after checking for restriction enzymes: 0
2021-02-04 18:19:53,814: INFO     Identifing guides that are unique near the PAM site
2021-02-04 18:19:59,920: INFO     Number of guides removed after checking for unique PAM: 2398454
2021-02-04 18:19:59,920: INFO     Indexing all potential guide sites: 3282648. This is the longest step.
2021-02-04 18:20:16,428: INFO     M                   = 16
2021-02-04 18:20:16,428: INFO     indexThreadQty      = 32
2021-02-04 18:20:16,428: INFO     efConstruction      = 10
2021-02-04 18:20:16,428: INFO     maxM			          = 16
2021-02-04 18:20:16,428: INFO     maxM0			          = 32
2021-02-04 18:20:16,428: INFO     mult                = 0.360674
2021-02-04 18:20:16,428: INFO     skip_optimized_index= 0
2021-02-04 18:20:16,428: INFO     delaunay_type       = 2
2021-02-04 18:20:16,429: INFO     Set HNSW query-time parameters:
2021-02-04 18:20:16,429: INFO     ef(Search)         =20
2021-02-04 18:20:16,429: INFO     algoType           =2

0%   10   20   30   40   50   60   70   80   90   100%
|----|----|----|----|----|----|----|----|----|----|
***************************************************

0%   10   20   30   40   50   60   70   80   90   100%
|----|----|----|----|----|----|----|----|----|----|
***-*-************************************************
****


2021-02-04 18:20:39,731: INFO     No appropriate custom distance function for Hamming (bit-storage) space
2021-02-04 18:20:39,732: INFO     searchMethod			  = 0
2021-02-04 18:20:39,991: INFO     Identifying guides that have a hamming distance <= 3 to all other potential guides
2021-02-04 18:20:41,475: INFO     Set HNSW query-time parameters:
2021-02-04 18:20:41,475: INFO     ef(Search)         =9
2021-02-04 18:20:41,476: INFO     algoType           =2
2021-02-04 18:21:25,126: INFO     Formatting data for BedTools
2021-02-04 18:21:27,222: INFO     Create GuideMaker Annotation object
2021-02-04 18:21:27,222: INFO     Identify genomic features
2021-02-04 18:21:27,223: INFO     check if ../all_test_data/Arabidopsis_thaliana.gbk is gzipped
2021-02-04 18:21:57,869: INFO     Total number of CDS/locus in the input genome: 48262
2021-02-04 18:21:57,869: INFO     Find genomic features closest the guides
2021-02-04 18:22:11,804: INFO     Select guides that start between +500 and -500 of a feature start
2021-02-04 18:22:12,694: INFO     Select description columns
2021-02-04 18:22:13,141: INFO     Format the output
2021-02-04 18:22:16,212: INFO     Number of Guides within a gene coordinates i.e. zero Feature distance: 131797
2021-02-04 18:22:20,595: INFO     creating random control guides
2021-02-04 18:22:22,303: INFO     Number of random control searched: 100
2021-02-04 18:22:22,304: INFO     Percentage of GC content in the input genome: 36.00
2021-02-04 18:22:22,304: INFO     Total length of the genome: 114.1 MB
2021-02-04 18:22:22,304: INFO     created 10 control guides with a minimum distance of 7 and a median distance of 7
2021-02-04 18:22:22,306: INFO     guidemaker completed, results are at TEST
2021-02-04 18:22:22,306: INFO     PAM sequence: NGRRT
2021-02-04 18:22:22,306: INFO     PAM orientation: 3prime
2021-02-04 18:22:22,306: INFO     Genome strand(s) searched: both
2021-02-04 18:22:22,306: INFO     Total PAM sites considered: 3282648
2021-02-04 18:22:22,306: INFO     Guide RNA candidates found: 225982
	Command being timed: "guidemaker -i ../all_test_data/Arabidopsis_thaliana.gbk --pamseq NGRRT --outdir TEST --pam_orientation 3prime --guidelength 20 --strand both --lcp 11 --dist 3 --before 500 --into 500 --knum 10 --controls 10 --log GM_63821214_10.log --threads 32"
	User time (seconds): 884.85
	System time (seconds): 82.34
	Percent of CPU this job got: 317%
	Elapsed (wall clock) time (h:mm:ss or m:ss): 5:04.75
	Average shared text size (kbytes): 0
	Average unshared data size (kbytes): 0
	Average stack size (kbytes): 0
	Average total size (kbytes): 0
	Maximum resident set size (kbytes): 8036488
	Average resident set size (kbytes): 0
	Major (requiring I/O) page faults: 0
	Minor (reclaiming a frame) page faults: 13771096
	Voluntary context switches: 3807454
	Involuntary context switches: 81866
	Swaps: 0
	File system inputs: 0
	File system outputs: 1368000
	Socket messages sent: 0
	Socket messages received: 0
	Signals delivered: 0
	Page size (bytes): 4096
	Exit status: 0
