Thu Feb  4 16:00:51 EST 2021
c27b-s26.ufhpc
/blue/garrett/rp3448/analysis/guidemaker/AVXGuidemaker
My SLURM_ARRAY_TASK_ID:  6
My TMPDIR IS:  /scratch/local/63824472
Input Genome:>>>>>>>>>>>>>>>>>>>>>>>>>>>>>>>>>>>>>>>>>>>  Burkholderia_thailandensis_E264_ATCC_700388_133.gbk
Input PAM:>>>>>>>>>>>>>>>>>>>>>>>>>>>>>>>>>>>>>>>>>>>  NGG
Threads used:>>>>>>>>>>>>>>>>>>>>>>>>>>>>>>>>>>>>>>>>>>>  1
GuideMaker
2021-02-04 16:00:55,550: INFO     Temp directory is: /scratch/local/63824472/guidemaker_23lo2xy4
2021-02-04 16:00:55,551: INFO     Writing fasta file from genbank file(s)
2021-02-04 16:00:55,551: INFO     check if ../all_test_data/Burkholderia_thailandensis_E264_ATCC_700388_133.gbk is gzipped
2021-02-04 16:00:56,296: INFO     Identifying PAM sites in the genome
2021-02-04 16:01:18,330: INFO     Checking guides for restriction enzymes
2021-02-04 16:01:18,588: INFO     Number of guides removed after checking for restriction enzymes: 0
2021-02-04 16:01:18,589: INFO     Identifing guides that are unique near the PAM site
2021-02-04 16:01:20,251: INFO     Number of guides removed after checking for unique PAM: 592066
2021-02-04 16:01:20,252: INFO     Indexing all potential guide sites: 923228. This is the longest step.
2021-02-04 16:01:24,944: INFO     M                   = 16
2021-02-04 16:01:24,945: INFO     indexThreadQty      = 1
2021-02-04 16:01:24,945: INFO     efConstruction      = 10
2021-02-04 16:01:24,945: INFO     maxM			          = 16
2021-02-04 16:01:24,945: INFO     maxM0			          = 32
2021-02-04 16:01:24,945: INFO     mult                = 0.360674
2021-02-04 16:01:24,945: INFO     skip_optimized_index= 0
2021-02-04 16:01:24,945: INFO     delaunay_type       = 2
2021-02-04 16:01:24,945: INFO     Set HNSW query-time parameters:
2021-02-04 16:01:24,945: INFO     ef(Search)         =20
2021-02-04 16:01:24,945: INFO     algoType           =2

0%   10   20   30   40   50   60   70   80   90   100%
|----|----|----|----|----|----|----|----|----|----|
***************************************************

0%   10   20   30   40   50   60   70   80   90   100%
|----|----|----|----|----|----|----|----|----|----|
***************************************************
*2021-02-04 16:02:52,124: INFO     No appropriate custom distance function for Hamming (bit-storage) space
2021-02-04 16:02:52,125: INFO     searchMethod			  = 0
2021-02-04 16:02:52,200: INFO     Identifying guides that have a hamming distance <= 3 to all other potential guides
2021-02-04 16:02:52,731: INFO     Set HNSW query-time parameters:
2021-02-04 16:02:52,732: INFO     ef(Search)         =9
2021-02-04 16:02:52,732: INFO     algoType           =2
2021-02-04 16:03:23,106: INFO     Formatting data for BedTools
2021-02-04 16:03:23,787: INFO     Create GuideMaker Annotation object
2021-02-04 16:03:23,788: INFO     Identify genomic features
2021-02-04 16:03:23,788: INFO     check if ../all_test_data/Burkholderia_thailandensis_E264_ATCC_700388_133.gbk is gzipped
2021-02-04 16:03:24,514: INFO     Total number of CDS/locus in the input genome: 5633
2021-02-04 16:03:24,514: INFO     Find genomic features closest the guides
2021-02-04 16:03:29,507: INFO     Select guides that start between +500 and -500 of a feature start
2021-02-04 16:03:29,967: INFO     Select description columns
2021-02-04 16:03:30,018: INFO     Format the output
2021-02-04 16:03:32,587: INFO     Number of Guides within a gene coordinates i.e. zero Feature distance: 125154
2021-02-04 16:03:34,672: INFO     creating random control guides
2021-02-04 16:03:34,769: INFO     Number of random control searched: 100
2021-02-04 16:03:34,770: INFO     Percentage of GC content in the input genome: 67.63
2021-02-04 16:03:34,770: INFO     Total length of the genome: 6.4 MB
2021-02-04 16:03:34,770: INFO     created 10 control guides with a minimum distance of 7 and a median distance of 7
2021-02-04 16:03:34,773: INFO     guidemaker completed, results are at TEST
2021-02-04 16:03:34,773: INFO     PAM sequence: NGG
2021-02-04 16:03:34,773: INFO     PAM orientation: 3prime
2021-02-04 16:03:34,773: INFO     Genome strand(s) searched: both
2021-02-04 16:03:34,773: INFO     Total PAM sites considered: 923228
2021-02-04 16:03:34,773: INFO     Guide RNA candidates found: 233930
	Command being timed: "guidemaker -i ../all_test_data/Burkholderia_thailandensis_E264_ATCC_700388_133.gbk --pamseq NGG --outdir TEST --pam_orientation 3prime --guidelength 20 --strand both --lcp 11 --dist 3 --before 500 --into 500 --knum 10 --controls 10 --log GM_63824472_6.log --threads 1"
	User time (seconds): 160.42
	System time (seconds): 4.49
	Percent of CPU this job got: 101%
	Elapsed (wall clock) time (h:mm:ss or m:ss): 2:41.94
	Average shared text size (kbytes): 0
	Average unshared data size (kbytes): 0
	Average stack size (kbytes): 0
	Average total size (kbytes): 0
	Maximum resident set size (kbytes): 2155808
	Average resident set size (kbytes): 0
	Major (requiring I/O) page faults: 0
	Minor (reclaiming a frame) page faults: 2112502
	Voluntary context switches: 3107
	Involuntary context switches: 68380
	Swaps: 0
	File system inputs: 0
	File system outputs: 429616
	Socket messages sent: 0
	Socket messages received: 0
	Signals delivered: 0
	Page size (bytes): 4096
	Exit status: 0
My SLURM_ARRAY_TASK_ID:  6
My TMPDIR IS:  /scratch/local/63824472
Input Genome:>>>>>>>>>>>>>>>>>>>>>>>>>>>>>>>>>>>>>>>>>>>  Burkholderia_thailandensis_E264_ATCC_700388_133.gbk
Input PAM:>>>>>>>>>>>>>>>>>>>>>>>>>>>>>>>>>>>>>>>>>>>  NGG
Threads used:>>>>>>>>>>>>>>>>>>>>>>>>>>>>>>>>>>>>>>>>>>>  2
GuideMaker
2021-02-04 16:03:37,508: INFO     Temp directory is: /scratch/local/63824472/guidemaker_yqqrrbi7
2021-02-04 16:03:37,509: INFO     Writing fasta file from genbank file(s)
2021-02-04 16:03:37,509: INFO     check if ../all_test_data/Burkholderia_thailandensis_E264_ATCC_700388_133.gbk is gzipped
2021-02-04 16:03:38,251: INFO     Identifying PAM sites in the genome
2021-02-04 16:04:01,004: INFO     Checking guides for restriction enzymes
2021-02-04 16:04:01,263: INFO     Number of guides removed after checking for restriction enzymes: 0
2021-02-04 16:04:01,263: INFO     Identifing guides that are unique near the PAM site
2021-02-04 16:04:02,843: INFO     Number of guides removed after checking for unique PAM: 592066
2021-02-04 16:04:02,843: INFO     Indexing all potential guide sites: 923228. This is the longest step.
2021-02-04 16:04:07,144: INFO     M                   = 16
2021-02-04 16:04:07,145: INFO     indexThreadQty      = 2
2021-02-04 16:04:07,145: INFO     efConstruction      = 10
2021-02-04 16:04:07,145: INFO     maxM			          = 16
2021-02-04 16:04:07,145: INFO     maxM0			          = 32
2021-02-04 16:04:07,145: INFO     mult                = 0.360674
2021-02-04 16:04:07,145: INFO     skip_optimized_index= 0
2021-02-04 16:04:07,145: INFO     delaunay_type       = 2
2021-02-04 16:04:07,145: INFO     Set HNSW query-time parameters:
2021-02-04 16:04:07,145: INFO     ef(Search)         =20
2021-02-04 16:04:07,145: INFO     algoType           =2

0%   10   20   30   40   50   60   70   80   90   100%
|----|----|----|----|----|----|----|----|----|----|
***************************************************

0%   10   20   30   40   50   60   70   80   90   100%
|----|----|----|----|----|----|----|----|----|----|
****************************************************2021-02-04 16:05:00,365: INFO     No appropriate custom distance function for Hamming (bit-storage) space
2021-02-04 16:05:00,366: INFO     searchMethod			  = 0
2021-02-04 16:05:00,442: INFO     Identifying guides that have a hamming distance <= 3 to all other potential guides
2021-02-04 16:05:00,957: INFO     Set HNSW query-time parameters:
2021-02-04 16:05:00,957: INFO     ef(Search)         =9
2021-02-04 16:05:00,957: INFO     algoType           =2
2021-02-04 16:05:25,393: INFO     Formatting data for BedTools
2021-02-04 16:05:26,072: INFO     Create GuideMaker Annotation object
2021-02-04 16:05:26,072: INFO     Identify genomic features
2021-02-04 16:05:26,073: INFO     check if ../all_test_data/Burkholderia_thailandensis_E264_ATCC_700388_133.gbk is gzipped
2021-02-04 16:05:26,783: INFO     Total number of CDS/locus in the input genome: 5633
2021-02-04 16:05:26,783: INFO     Find genomic features closest the guides
2021-02-04 16:05:31,368: INFO     Select guides that start between +500 and -500 of a feature start
2021-02-04 16:05:31,848: INFO     Select description columns
2021-02-04 16:05:31,900: INFO     Format the output
2021-02-04 16:05:34,506: INFO     Number of Guides within a gene coordinates i.e. zero Feature distance: 125211
2021-02-04 16:05:36,624: INFO     creating random control guides
2021-02-04 16:05:36,804: INFO     Number of random control searched: 100
2021-02-04 16:05:36,804: INFO     Percentage of GC content in the input genome: 67.63
2021-02-04 16:05:36,804: INFO     Total length of the genome: 6.4 MB
2021-02-04 16:05:36,804: INFO     created 10 control guides with a minimum distance of 7 and a median distance of 7
2021-02-04 16:05:36,807: INFO     guidemaker completed, results are at TEST
2021-02-04 16:05:36,807: INFO     PAM sequence: NGG
2021-02-04 16:05:36,807: INFO     PAM orientation: 3prime
2021-02-04 16:05:36,807: INFO     Genome strand(s) searched: both
2021-02-04 16:05:36,807: INFO     Total PAM sites considered: 923228
2021-02-04 16:05:36,807: INFO     Guide RNA candidates found: 234003
	Command being timed: "guidemaker -i ../all_test_data/Burkholderia_thailandensis_E264_ATCC_700388_133.gbk --pamseq NGG --outdir TEST --pam_orientation 3prime --guidelength 20 --strand both --lcp 11 --dist 3 --before 500 --into 500 --knum 10 --controls 10 --log GM_63824472_6.log --threads 2"
	User time (seconds): 175.49
	System time (seconds): 11.04
	Percent of CPU this job got: 152%
	Elapsed (wall clock) time (h:mm:ss or m:ss): 2:02.19
	Average shared text size (kbytes): 0
	Average unshared data size (kbytes): 0
	Average stack size (kbytes): 0
	Average total size (kbytes): 0
	Maximum resident set size (kbytes): 2424452
	Average resident set size (kbytes): 0
	Major (requiring I/O) page faults: 0
	Minor (reclaiming a frame) page faults: 6122032
	Voluntary context switches: 69473
	Involuntary context switches: 58247
	Swaps: 0
	File system inputs: 680
	File system outputs: 429728
	Socket messages sent: 0
	Socket messages received: 0
	Signals delivered: 0
	Page size (bytes): 4096
	Exit status: 0
My SLURM_ARRAY_TASK_ID:  6
My TMPDIR IS:  /scratch/local/63824472
Input Genome:>>>>>>>>>>>>>>>>>>>>>>>>>>>>>>>>>>>>>>>>>>>  Burkholderia_thailandensis_E264_ATCC_700388_133.gbk
Input PAM:>>>>>>>>>>>>>>>>>>>>>>>>>>>>>>>>>>>>>>>>>>>  NGG
Threads used:>>>>>>>>>>>>>>>>>>>>>>>>>>>>>>>>>>>>>>>>>>>  4
GuideMaker
2021-02-04 16:05:39,711: INFO     Temp directory is: /scratch/local/63824472/guidemaker_0rb2cue6
2021-02-04 16:05:39,711: INFO     Writing fasta file from genbank file(s)
2021-02-04 16:05:39,711: INFO     check if ../all_test_data/Burkholderia_thailandensis_E264_ATCC_700388_133.gbk is gzipped
2021-02-04 16:05:40,453: INFO     Identifying PAM sites in the genome
2021-02-04 16:06:02,701: INFO     Checking guides for restriction enzymes
2021-02-04 16:06:02,961: INFO     Number of guides removed after checking for restriction enzymes: 0
2021-02-04 16:06:02,962: INFO     Identifing guides that are unique near the PAM site
2021-02-04 16:06:04,570: INFO     Number of guides removed after checking for unique PAM: 592066
2021-02-04 16:06:04,570: INFO     Indexing all potential guide sites: 923228. This is the longest step.
2021-02-04 16:06:08,991: INFO     M                   = 16
2021-02-04 16:06:08,991: INFO     indexThreadQty      = 4
2021-02-04 16:06:08,991: INFO     efConstruction      = 10
2021-02-04 16:06:08,992: INFO     maxM			          = 16
2021-02-04 16:06:08,992: INFO     maxM0			          = 32
2021-02-04 16:06:08,992: INFO     mult                = 0.360674
2021-02-04 16:06:08,992: INFO     skip_optimized_index= 0
2021-02-04 16:06:08,992: INFO     delaunay_type       = 2
2021-02-04 16:06:08,992: INFO     Set HNSW query-time parameters:
2021-02-04 16:06:08,992: INFO     ef(Search)         =20
2021-02-04 16:06:08,992: INFO     algoType           =2

0%   10   20   30   40   50   60   70   80   90   100%
|----|----|----|----|----|----|----|----|----|----|
***************************************************

0%   10   20   30   40   50   60   70   80   90   100%
|----|----|----|----|----|----|----|----|----|----|
****************************************************


2021-02-04 16:06:37,125: INFO     No appropriate custom distance function for Hamming (bit-storage) space
2021-02-04 16:06:37,126: INFO     searchMethod			  = 0
2021-02-04 16:06:37,209: INFO     Identifying guides that have a hamming distance <= 3 to all other potential guides
2021-02-04 16:06:37,814: INFO     Set HNSW query-time parameters:
2021-02-04 16:06:37,814: INFO     ef(Search)         =9
2021-02-04 16:06:37,814: INFO     algoType           =2
2021-02-04 16:06:58,167: INFO     Formatting data for BedTools
2021-02-04 16:06:58,852: INFO     Create GuideMaker Annotation object
2021-02-04 16:06:58,853: INFO     Identify genomic features
2021-02-04 16:06:58,853: INFO     check if ../all_test_data/Burkholderia_thailandensis_E264_ATCC_700388_133.gbk is gzipped
2021-02-04 16:06:59,575: INFO     Total number of CDS/locus in the input genome: 5633
2021-02-04 16:06:59,575: INFO     Find genomic features closest the guides
2021-02-04 16:07:04,045: INFO     Select guides that start between +500 and -500 of a feature start
2021-02-04 16:07:04,496: INFO     Select description columns
2021-02-04 16:07:04,545: INFO     Format the output
2021-02-04 16:07:07,081: INFO     Number of Guides within a gene coordinates i.e. zero Feature distance: 125151
2021-02-04 16:07:09,320: INFO     creating random control guides
2021-02-04 16:07:09,452: INFO     Number of random control searched: 100
2021-02-04 16:07:09,452: INFO     Percentage of GC content in the input genome: 67.63
2021-02-04 16:07:09,452: INFO     Total length of the genome: 6.4 MB
2021-02-04 16:07:09,452: INFO     created 10 control guides with a minimum distance of 7 and a median distance of 7
2021-02-04 16:07:09,455: INFO     guidemaker completed, results are at TEST
2021-02-04 16:07:09,455: INFO     PAM sequence: NGG
2021-02-04 16:07:09,455: INFO     PAM orientation: 3prime
2021-02-04 16:07:09,455: INFO     Genome strand(s) searched: both
2021-02-04 16:07:09,455: INFO     Total PAM sites considered: 923228
2021-02-04 16:07:09,456: INFO     Guide RNA candidates found: 233853
	Command being timed: "guidemaker -i ../all_test_data/Burkholderia_thailandensis_E264_ATCC_700388_133.gbk --pamseq NGG --outdir TEST --pam_orientation 3prime --guidelength 20 --strand both --lcp 11 --dist 3 --before 500 --into 500 --knum 10 --controls 10 --log GM_63824472_6.log --threads 4"
	User time (seconds): 180.79
	System time (seconds): 10.09
	Percent of CPU this job got: 206%
	Elapsed (wall clock) time (h:mm:ss or m:ss): 1:32.63
	Average shared text size (kbytes): 0
	Average unshared data size (kbytes): 0
	Average stack size (kbytes): 0
	Average total size (kbytes): 0
	Maximum resident set size (kbytes): 2434212
	Average resident set size (kbytes): 0
	Major (requiring I/O) page faults: 0
	Minor (reclaiming a frame) page faults: 4473759
	Voluntary context switches: 130650
	Involuntary context switches: 250
	Swaps: 0
	File system inputs: 272
	File system outputs: 429512
	Socket messages sent: 0
	Socket messages received: 0
	Signals delivered: 0
	Page size (bytes): 4096
	Exit status: 0
My SLURM_ARRAY_TASK_ID:  6
My TMPDIR IS:  /scratch/local/63824472
Input Genome:>>>>>>>>>>>>>>>>>>>>>>>>>>>>>>>>>>>>>>>>>>>  Burkholderia_thailandensis_E264_ATCC_700388_133.gbk
Input PAM:>>>>>>>>>>>>>>>>>>>>>>>>>>>>>>>>>>>>>>>>>>>  NGG
Threads used:>>>>>>>>>>>>>>>>>>>>>>>>>>>>>>>>>>>>>>>>>>>  8
GuideMaker
2021-02-04 16:07:12,399: INFO     Temp directory is: /scratch/local/63824472/guidemaker_fgw_d21w
2021-02-04 16:07:12,399: INFO     Writing fasta file from genbank file(s)
2021-02-04 16:07:12,400: INFO     check if ../all_test_data/Burkholderia_thailandensis_E264_ATCC_700388_133.gbk is gzipped
2021-02-04 16:07:13,134: INFO     Identifying PAM sites in the genome
2021-02-04 16:07:35,663: INFO     Checking guides for restriction enzymes
2021-02-04 16:07:35,921: INFO     Number of guides removed after checking for restriction enzymes: 0
2021-02-04 16:07:35,921: INFO     Identifing guides that are unique near the PAM site
2021-02-04 16:07:37,729: INFO     Number of guides removed after checking for unique PAM: 592066
2021-02-04 16:07:37,729: INFO     Indexing all potential guide sites: 923228. This is the longest step.
2021-02-04 16:07:42,464: INFO     M                   = 16
2021-02-04 16:07:42,465: INFO     indexThreadQty      = 8
2021-02-04 16:07:42,465: INFO     efConstruction      = 10
2021-02-04 16:07:42,465: INFO     maxM			          = 16
2021-02-04 16:07:42,465: INFO     maxM0			          = 32
2021-02-04 16:07:42,465: INFO     mult                = 0.360674
2021-02-04 16:07:42,465: INFO     skip_optimized_index= 0
2021-02-04 16:07:42,465: INFO     delaunay_type       = 2
2021-02-04 16:07:42,465: INFO     Set HNSW query-time parameters:
2021-02-04 16:07:42,465: INFO     ef(Search)         =20
2021-02-04 16:07:42,465: INFO     algoType           =2

0%   10   20   30   40   50   60   70   80   90   100%
|----|----|----|----|----|----|----|----|----|----|
***************************************************

0%   10   20   30   40   50   60   70   80   90   100%
|----|----|----|----|----|----|----|----|----|----|
****************************************************2021-02-04 16:07:56,976: INFO     No appropriate custom distance function for Hamming (bit-storage) space
2021-02-04 16:07:56,976: INFO     searchMethod			  = 0
2021-02-04 16:07:57,056: INFO     Identifying guides that have a hamming distance <= 3 to all other potential guides
2021-02-04 16:07:57,575: INFO     Set HNSW query-time parameters:
2021-02-04 16:07:57,575: INFO     ef(Search)         =9
2021-02-04 16:07:57,575: INFO     algoType           =2
2021-02-04 16:08:15,868: INFO     Formatting data for BedTools
2021-02-04 16:08:16,556: INFO     Create GuideMaker Annotation object
2021-02-04 16:08:16,556: INFO     Identify genomic features
2021-02-04 16:08:16,556: INFO     check if ../all_test_data/Burkholderia_thailandensis_E264_ATCC_700388_133.gbk is gzipped
2021-02-04 16:08:17,271: INFO     Total number of CDS/locus in the input genome: 5633
2021-02-04 16:08:17,271: INFO     Find genomic features closest the guides
2021-02-04 16:08:21,779: INFO     Select guides that start between +500 and -500 of a feature start
2021-02-04 16:08:22,240: INFO     Select description columns
2021-02-04 16:08:22,291: INFO     Format the output
2021-02-04 16:08:24,871: INFO     Number of Guides within a gene coordinates i.e. zero Feature distance: 125219
2021-02-04 16:08:26,978: INFO     creating random control guides
2021-02-04 16:08:27,098: INFO     Number of random control searched: 100
2021-02-04 16:08:27,099: INFO     Percentage of GC content in the input genome: 67.63
2021-02-04 16:08:27,099: INFO     Total length of the genome: 6.4 MB
2021-02-04 16:08:27,099: INFO     created 10 control guides with a minimum distance of 7 and a median distance of 7
2021-02-04 16:08:27,101: INFO     guidemaker completed, results are at TEST
2021-02-04 16:08:27,101: INFO     PAM sequence: NGG
2021-02-04 16:08:27,101: INFO     PAM orientation: 3prime
2021-02-04 16:08:27,101: INFO     Genome strand(s) searched: both
2021-02-04 16:08:27,101: INFO     Total PAM sites considered: 923228
2021-02-04 16:08:27,101: INFO     Guide RNA candidates found: 233974
	Command being timed: "guidemaker -i ../all_test_data/Burkholderia_thailandensis_E264_ATCC_700388_133.gbk --pamseq NGG --outdir TEST --pam_orientation 3prime --guidelength 20 --strand both --lcp 11 --dist 3 --before 500 --into 500 --knum 10 --controls 10 --log GM_63824472_6.log --threads 8"
	User time (seconds): 184.86
	System time (seconds): 9.86
	Percent of CPU this job got: 250%
	Elapsed (wall clock) time (h:mm:ss or m:ss): 1:17.67
	Average shared text size (kbytes): 0
	Average unshared data size (kbytes): 0
	Average stack size (kbytes): 0
	Average total size (kbytes): 0
	Maximum resident set size (kbytes): 2435556
	Average resident set size (kbytes): 0
	Major (requiring I/O) page faults: 0
	Minor (reclaiming a frame) page faults: 3381314
	Voluntary context switches: 217076
	Involuntary context switches: 782
	Swaps: 0
	File system inputs: 0
	File system outputs: 429600
	Socket messages sent: 0
	Socket messages received: 0
	Signals delivered: 0
	Page size (bytes): 4096
	Exit status: 0
My SLURM_ARRAY_TASK_ID:  6
My TMPDIR IS:  /scratch/local/63824472
Input Genome:>>>>>>>>>>>>>>>>>>>>>>>>>>>>>>>>>>>>>>>>>>>  Burkholderia_thailandensis_E264_ATCC_700388_133.gbk
Input PAM:>>>>>>>>>>>>>>>>>>>>>>>>>>>>>>>>>>>>>>>>>>>  NGG
Threads used:>>>>>>>>>>>>>>>>>>>>>>>>>>>>>>>>>>>>>>>>>>>  16
GuideMaker
2021-02-04 16:08:30,041: INFO     Temp directory is: /scratch/local/63824472/guidemaker_p23f6ikf
2021-02-04 16:08:30,041: INFO     Writing fasta file from genbank file(s)
2021-02-04 16:08:30,042: INFO     check if ../all_test_data/Burkholderia_thailandensis_E264_ATCC_700388_133.gbk is gzipped
2021-02-04 16:08:30,773: INFO     Identifying PAM sites in the genome
2021-02-04 16:08:52,631: INFO     Checking guides for restriction enzymes
2021-02-04 16:08:52,889: INFO     Number of guides removed after checking for restriction enzymes: 0
2021-02-04 16:08:52,890: INFO     Identifing guides that are unique near the PAM site
2021-02-04 16:08:54,442: INFO     Number of guides removed after checking for unique PAM: 592066
2021-02-04 16:08:54,442: INFO     Indexing all potential guide sites: 923228. This is the longest step.
2021-02-04 16:08:58,725: INFO     M                   = 16
2021-02-04 16:08:58,726: INFO     indexThreadQty      = 16
2021-02-04 16:08:58,726: INFO     efConstruction      = 10
2021-02-04 16:08:58,726: INFO     maxM			          = 16
2021-02-04 16:08:58,726: INFO     maxM0			          = 32
2021-02-04 16:08:58,726: INFO     mult                = 0.360674
2021-02-04 16:08:58,726: INFO     skip_optimized_index= 0
2021-02-04 16:08:58,726: INFO     delaunay_type       = 2
2021-02-04 16:08:58,726: INFO     Set HNSW query-time parameters:
2021-02-04 16:08:58,726: INFO     ef(Search)         =20
2021-02-04 16:08:58,726: INFO     algoType           =2

0%   10   20   30   40   50   60   70   80   90   100%
|----|----|----|----|----|----|----|----|----|----|
***************************************************

0%   10   20   30   40   50   60   70   80   90   100%
|----|----|----|----|----|----|----|----|----|----|
****************************************************2021-02-04 16:09:07,188: INFO     No appropriate custom distance function for Hamming (bit-storage) space
2021-02-04 16:09:07,188: INFO     searchMethod			  = 0
2021-02-04 16:09:07,264: INFO     Identifying guides that have a hamming distance <= 3 to all other potential guides
2021-02-04 16:09:07,777: INFO     Set HNSW query-time parameters:
2021-02-04 16:09:07,777: INFO     ef(Search)         =9
2021-02-04 16:09:07,777: INFO     algoType           =2
2021-02-04 16:09:24,655: INFO     Formatting data for BedTools
2021-02-04 16:09:25,325: INFO     Create GuideMaker Annotation object
2021-02-04 16:09:25,326: INFO     Identify genomic features
2021-02-04 16:09:25,326: INFO     check if ../all_test_data/Burkholderia_thailandensis_E264_ATCC_700388_133.gbk is gzipped
2021-02-04 16:09:26,037: INFO     Total number of CDS/locus in the input genome: 5633
2021-02-04 16:09:26,037: INFO     Find genomic features closest the guides
2021-02-04 16:09:30,523: INFO     Select guides that start between +500 and -500 of a feature start
2021-02-04 16:09:31,026: INFO     Select description columns
2021-02-04 16:09:31,075: INFO     Format the output
2021-02-04 16:09:33,624: INFO     Number of Guides within a gene coordinates i.e. zero Feature distance: 125186
2021-02-04 16:09:35,690: INFO     creating random control guides
2021-02-04 16:09:35,826: INFO     Number of random control searched: 100
2021-02-04 16:09:35,826: INFO     Percentage of GC content in the input genome: 67.63
2021-02-04 16:09:35,826: INFO     Total length of the genome: 6.4 MB
2021-02-04 16:09:35,826: INFO     created 10 control guides with a minimum distance of 7 and a median distance of 7
2021-02-04 16:09:35,828: INFO     guidemaker completed, results are at TEST
2021-02-04 16:09:35,829: INFO     PAM sequence: NGG
2021-02-04 16:09:35,829: INFO     PAM orientation: 3prime
2021-02-04 16:09:35,829: INFO     Genome strand(s) searched: both
2021-02-04 16:09:35,829: INFO     Total PAM sites considered: 923228
2021-02-04 16:09:35,829: INFO     Guide RNA candidates found: 233936
	Command being timed: "guidemaker -i ../all_test_data/Burkholderia_thailandensis_E264_ATCC_700388_133.gbk --pamseq NGG --outdir TEST --pam_orientation 3prime --guidelength 20 --strand both --lcp 11 --dist 3 --before 500 --into 500 --knum 10 --controls 10 --log GM_63824472_6.log --threads 16"
	User time (seconds): 197.89
	System time (seconds): 11.68
	Percent of CPU this job got: 304%
	Elapsed (wall clock) time (h:mm:ss or m:ss): 1:08.72
	Average shared text size (kbytes): 0
	Average unshared data size (kbytes): 0
	Average stack size (kbytes): 0
	Average total size (kbytes): 0
	Maximum resident set size (kbytes): 2458816
	Average resident set size (kbytes): 0
	Major (requiring I/O) page faults: 0
	Minor (reclaiming a frame) page faults: 2784592
	Voluntary context switches: 403104
	Involuntary context switches: 144907
	Swaps: 0
	File system inputs: 0
	File system outputs: 429544
	Socket messages sent: 0
	Socket messages received: 0
	Signals delivered: 0
	Page size (bytes): 4096
	Exit status: 0
My SLURM_ARRAY_TASK_ID:  6
My TMPDIR IS:  /scratch/local/63824472
Input Genome:>>>>>>>>>>>>>>>>>>>>>>>>>>>>>>>>>>>>>>>>>>>  Burkholderia_thailandensis_E264_ATCC_700388_133.gbk
Input PAM:>>>>>>>>>>>>>>>>>>>>>>>>>>>>>>>>>>>>>>>>>>>  NGG
Threads used:>>>>>>>>>>>>>>>>>>>>>>>>>>>>>>>>>>>>>>>>>>>  32
GuideMaker
2021-02-04 16:09:38,793: INFO     Temp directory is: /scratch/local/63824472/guidemaker_ed62u8dl
2021-02-04 16:09:38,793: INFO     Writing fasta file from genbank file(s)
2021-02-04 16:09:38,793: INFO     check if ../all_test_data/Burkholderia_thailandensis_E264_ATCC_700388_133.gbk is gzipped
2021-02-04 16:09:39,527: INFO     Identifying PAM sites in the genome
2021-02-04 16:10:01,703: INFO     Checking guides for restriction enzymes
2021-02-04 16:10:01,965: INFO     Number of guides removed after checking for restriction enzymes: 0
2021-02-04 16:10:01,965: INFO     Identifing guides that are unique near the PAM site
2021-02-04 16:10:03,512: INFO     Number of guides removed after checking for unique PAM: 592066
2021-02-04 16:10:03,512: INFO     Indexing all potential guide sites: 923228. This is the longest step.
2021-02-04 16:10:07,985: INFO     M                   = 16
2021-02-04 16:10:07,985: INFO     indexThreadQty      = 32
2021-02-04 16:10:07,985: INFO     efConstruction      = 10
2021-02-04 16:10:07,986: INFO     maxM			          = 16
2021-02-04 16:10:07,986: INFO     maxM0			          = 32
2021-02-04 16:10:07,986: INFO     mult                = 0.360674
2021-02-04 16:10:07,986: INFO     skip_optimized_index= 0
2021-02-04 16:10:07,986: INFO     delaunay_type       = 2
2021-02-04 16:10:07,986: INFO     Set HNSW query-time parameters:
2021-02-04 16:10:07,986: INFO     ef(Search)         =20
2021-02-04 16:10:07,986: INFO     algoType           =2

0%   10   20   30   40   50   60   70   80   90   100%
|----|----|----|----|----|----|----|----|----|----|
***************************************************

0%   10   20   30   40   50   60   70   80   90   100%
|----|----|----|----|----|----|----|----|----|----|
****************************************************2021-02-04 16:10:13,505: INFO     No appropriate custom distance function for Hamming (bit-storage) space
2021-02-04 16:10:13,506: INFO     searchMethod			  = 0
2021-02-04 16:10:13,583: INFO     Identifying guides that have a hamming distance <= 3 to all other potential guides
2021-02-04 16:10:14,134: INFO     Set HNSW query-time parameters:
2021-02-04 16:10:14,135: INFO     ef(Search)         =9
2021-02-04 16:10:14,135: INFO     algoType           =2
2021-02-04 16:10:30,135: INFO     Formatting data for BedTools
2021-02-04 16:10:30,806: INFO     Create GuideMaker Annotation object
2021-02-04 16:10:30,806: INFO     Identify genomic features
2021-02-04 16:10:30,807: INFO     check if ../all_test_data/Burkholderia_thailandensis_E264_ATCC_700388_133.gbk is gzipped
2021-02-04 16:10:31,527: INFO     Total number of CDS/locus in the input genome: 5633
2021-02-04 16:10:31,527: INFO     Find genomic features closest the guides
2021-02-04 16:10:36,073: INFO     Select guides that start between +500 and -500 of a feature start
2021-02-04 16:10:36,531: INFO     Select description columns
2021-02-04 16:10:36,583: INFO     Format the output
2021-02-04 16:10:39,178: INFO     Number of Guides within a gene coordinates i.e. zero Feature distance: 125235
2021-02-04 16:10:41,269: INFO     creating random control guides
2021-02-04 16:10:41,432: INFO     Number of random control searched: 100
2021-02-04 16:10:41,433: INFO     Percentage of GC content in the input genome: 67.63
2021-02-04 16:10:41,433: INFO     Total length of the genome: 6.4 MB
2021-02-04 16:10:41,433: INFO     created 10 control guides with a minimum distance of 7 and a median distance of 7
2021-02-04 16:10:41,436: INFO     guidemaker completed, results are at TEST
2021-02-04 16:10:41,436: INFO     PAM sequence: NGG
2021-02-04 16:10:41,436: INFO     PAM orientation: 3prime
2021-02-04 16:10:41,436: INFO     Genome strand(s) searched: both
2021-02-04 16:10:41,436: INFO     Total PAM sites considered: 923228
2021-02-04 16:10:41,436: INFO     Guide RNA candidates found: 234089
	Command being timed: "guidemaker -i ../all_test_data/Burkholderia_thailandensis_E264_ATCC_700388_133.gbk --pamseq NGG --outdir TEST --pam_orientation 3prime --guidelength 20 --strand both --lcp 11 --dist 3 --before 500 --into 500 --knum 10 --controls 10 --log GM_63824472_6.log --threads 32"
	User time (seconds): 211.66
	System time (seconds): 18.62
	Percent of CPU this job got: 350%
	Elapsed (wall clock) time (h:mm:ss or m:ss): 1:05.69
	Average shared text size (kbytes): 0
	Average unshared data size (kbytes): 0
	Average stack size (kbytes): 0
	Average total size (kbytes): 0
	Maximum resident set size (kbytes): 2451472
	Average resident set size (kbytes): 0
	Major (requiring I/O) page faults: 0
	Minor (reclaiming a frame) page faults: 2454434
	Voluntary context switches: 903568
	Involuntary context switches: 144298
	Swaps: 0
	File system inputs: 0
	File system outputs: 429784
	Socket messages sent: 0
	Socket messages received: 0
	Signals delivered: 0
	Page size (bytes): 4096
	Exit status: 0
