slurmstepd: error: Unable to create TMPDIR [/scratch/local/58616138]: Permission denied
slurmstepd: error: Setting TMPDIR to /tmp
Mon Sep 14 14:44:27 EDT 2020
c24b-s26.ufhpc
/blue/garrett/rp3448/analysis/guidemaker/AVXGuidemaker/GuideMaker
My SLURM_ARRAY_TASK_ID:  8
My TMPDIR IS:  /tmp
Input Genome:>>>>>>>>>>>>>>>>>>>>>>>>>>>>>>>>>>>>>>>>>>>  Burkholderia_thailandensis_E264_ATCC_700388_133.gbk
Threads used:>>>>>>>>>>>>>>>>>>>>>>>>>>>>>>>>>>>>>>>>>>>  1
GuideMaker
2020-09-14 14:44:31,378: INFO     Temp directory is: /tmp/guidemaker_1npbue77
2020-09-14 14:44:31,379: INFO     Writing fasta file from genbank file(s)
2020-09-14 14:44:31,379: INFO     check if ../../all_test_data/Burkholderia_thailandensis_E264_ATCC_700388_133.gbk is gzipped
2020-09-14 14:44:32,130: INFO     Identifying PAM sites in the genome
2020-09-14 14:45:17,530: INFO     Identifing guides that are unique near the PAM site
2020-09-14 14:45:18,692: INFO     Indexing all potential guide sites: 923226. This is the longest step.
2020-09-14 14:45:22,949: INFO     M                   = 16
2020-09-14 14:45:22,949: INFO     indexThreadQty      = 1
2020-09-14 14:45:22,949: INFO     efConstruction      = 10
2020-09-14 14:45:22,950: INFO     maxM			          = 16
2020-09-14 14:45:22,950: INFO     maxM0			          = 32
2020-09-14 14:45:22,950: INFO     mult                = 0.360674
2020-09-14 14:45:22,950: INFO     skip_optimized_index= 0
2020-09-14 14:45:22,950: INFO     delaunay_type       = 2
2020-09-14 14:45:22,950: INFO     Set HNSW query-time parameters:
2020-09-14 14:45:22,950: INFO     ef(Search)         =20
2020-09-14 14:45:22,950: INFO     algoType           =2

0%   10   20   30   40   50   60   70   80   90   100%
|----|----|----|----|----|----|----|----|----|----|
***************************************************

0%   10   20   30   40   50   60   70   80   90   100%
|----|----|----|----|----|----|----|----|----|----|
***************************************************
*2020-09-14 14:46:51,198: INFO     No appropriate custom distance function for Hamming (bit-storage) space
2020-09-14 14:46:51,198: INFO     searchMethod			  = 0
2020-09-14 14:46:51,275: INFO     Identifying guides that have a hamming distance <= 3 to all other potential guides
2020-09-14 14:46:51,556: INFO     Set HNSW query-time parameters:
2020-09-14 14:46:51,556: INFO     ef(Search)         =9
2020-09-14 14:46:51,556: INFO     algoType           =2
2020-09-14 14:47:05,284: INFO     Formatting data for BedTools
2020-09-14 14:47:05,623: INFO     Create GuideMaker Annotation object
2020-09-14 14:47:05,624: INFO     Identify genomic features
2020-09-14 14:47:05,624: INFO     check if ../../all_test_data/Burkholderia_thailandensis_E264_ATCC_700388_133.gbk is gzipped
2020-09-14 14:47:06,839: INFO     Total number of CDS/locus in the input genome: 5633
2020-09-14 14:47:06,840: INFO     Find genomic features closest the guides
2020-09-14 14:47:09,073: INFO     Select guides that start between +100 and -100 of a feature start
2020-09-14 14:47:09,231: INFO     Select description columns
2020-09-14 14:47:09,281: INFO     Format the output
2020-09-14 14:47:09,998: INFO     creating random control guides
2020-09-14 14:47:10,095: INFO     Number of random control searched: 100
2020-09-14 14:47:10,095: INFO     Percentage of GC content in the input genome: 67.63
2020-09-14 14:47:10,095: INFO     Total length of the genome: 6.4 MB
2020-09-14 14:47:10,095: INFO     created 10 control guides with a minimum distance of 7 and a median distance of 7
2020-09-14 14:47:10,098: INFO     guidemaker completed, results are at TEST
2020-09-14 14:47:10,098: INFO     PAM sequence: NGG
2020-09-14 14:47:10,098: INFO     PAM orientation: 5prime
2020-09-14 14:47:10,098: INFO     Genome strand(s) searched: both
2020-09-14 14:47:10,098: INFO     Total PAM sites considered: 923226
2020-09-14 14:47:10,098: INFO     Guide RNA candidates found: 36035
	Command being timed: "guidemaker -i ../../all_test_data/Burkholderia_thailandensis_E264_ATCC_700388_133.gbk --pamseq NGG --outdir TEST --pam_orientation 5prime --guidelength 20 --strand both --lcp 10 --dist 3 --before 100 --into 100 --knum 10 --controls 10 --log GuideMaker_58623943_8.log --threads 1"
	User time (seconds): 160.02
	System time (seconds): 3.92
	Percent of CPU this job got: 101%
	Elapsed (wall clock) time (h:mm:ss or m:ss): 2:41.19
	Average shared text size (kbytes): 0
	Average unshared data size (kbytes): 0
	Average stack size (kbytes): 0
	Average total size (kbytes): 0
	Maximum resident set size (kbytes): 1930916
	Average resident set size (kbytes): 0
	Major (requiring I/O) page faults: 0
	Minor (reclaiming a frame) page faults: 1811299
	Voluntary context switches: 3083
	Involuntary context switches: 359323
	Swaps: 0
	File system inputs: 0
	File system outputs: 147592
	Socket messages sent: 0
	Socket messages received: 0
	Signals delivered: 0
	Page size (bytes): 4096
	Exit status: 0
My SLURM_ARRAY_TASK_ID:  8
My TMPDIR IS:  /tmp
Input Genome:>>>>>>>>>>>>>>>>>>>>>>>>>>>>>>>>>>>>>>>>>>>  Burkholderia_thailandensis_E264_ATCC_700388_133.gbk
Threads used:>>>>>>>>>>>>>>>>>>>>>>>>>>>>>>>>>>>>>>>>>>>  2
GuideMaker
2020-09-14 14:47:12,609: INFO     Temp directory is: /tmp/guidemaker_y6iefpd4
2020-09-14 14:47:12,609: INFO     Writing fasta file from genbank file(s)
2020-09-14 14:47:12,610: INFO     check if ../../all_test_data/Burkholderia_thailandensis_E264_ATCC_700388_133.gbk is gzipped
2020-09-14 14:47:13,380: INFO     Identifying PAM sites in the genome
2020-09-14 14:47:59,892: INFO     Identifing guides that are unique near the PAM site
2020-09-14 14:48:01,066: INFO     Indexing all potential guide sites: 923226. This is the longest step.
2020-09-14 14:48:05,339: INFO     M                   = 16
2020-09-14 14:48:05,339: INFO     indexThreadQty      = 2
2020-09-14 14:48:05,339: INFO     efConstruction      = 10
2020-09-14 14:48:05,339: INFO     maxM			          = 16
2020-09-14 14:48:05,339: INFO     maxM0			          = 32
2020-09-14 14:48:05,339: INFO     mult                = 0.360674
2020-09-14 14:48:05,339: INFO     skip_optimized_index= 0
2020-09-14 14:48:05,339: INFO     delaunay_type       = 2
2020-09-14 14:48:05,339: INFO     Set HNSW query-time parameters:
2020-09-14 14:48:05,339: INFO     ef(Search)         =20
2020-09-14 14:48:05,339: INFO     algoType           =2

0%   10   20   30   40   50   60   70   80   90   100%
|----|----|----|----|----|----|----|----|----|----|
***************************************************

0%   10   20   30   40   50   60   70   80   90   100%
|----|----|----|----|----|----|----|----|----|----|
****************************************************2020-09-14 14:49:00,710: INFO     No appropriate custom distance function for Hamming (bit-storage) space
2020-09-14 14:49:00,710: INFO     searchMethod			  = 0
2020-09-14 14:49:00,788: INFO     Identifying guides that have a hamming distance <= 3 to all other potential guides
2020-09-14 14:49:01,062: INFO     Set HNSW query-time parameters:
2020-09-14 14:49:01,062: INFO     ef(Search)         =9
2020-09-14 14:49:01,062: INFO     algoType           =2
2020-09-14 14:49:12,660: INFO     Formatting data for BedTools
2020-09-14 14:49:13,009: INFO     Create GuideMaker Annotation object
2020-09-14 14:49:13,009: INFO     Identify genomic features
2020-09-14 14:49:13,010: INFO     check if ../../all_test_data/Burkholderia_thailandensis_E264_ATCC_700388_133.gbk is gzipped
2020-09-14 14:49:14,253: INFO     Total number of CDS/locus in the input genome: 5633
2020-09-14 14:49:14,253: INFO     Find genomic features closest the guides
2020-09-14 14:49:16,575: INFO     Select guides that start between +100 and -100 of a feature start
2020-09-14 14:49:16,732: INFO     Select description columns
2020-09-14 14:49:16,782: INFO     Format the output
2020-09-14 14:49:17,498: INFO     creating random control guides
2020-09-14 14:49:17,629: INFO     Number of random control searched: 100
2020-09-14 14:49:17,629: INFO     Percentage of GC content in the input genome: 67.63
2020-09-14 14:49:17,629: INFO     Total length of the genome: 6.4 MB
2020-09-14 14:49:17,629: INFO     created 10 control guides with a minimum distance of 7 and a median distance of 7
2020-09-14 14:49:17,632: INFO     guidemaker completed, results are at TEST
2020-09-14 14:49:17,632: INFO     PAM sequence: NGG
2020-09-14 14:49:17,632: INFO     PAM orientation: 5prime
2020-09-14 14:49:17,632: INFO     Genome strand(s) searched: both
2020-09-14 14:49:17,632: INFO     Total PAM sites considered: 923226
2020-09-14 14:49:17,632: INFO     Guide RNA candidates found: 36057
	Command being timed: "guidemaker -i ../../all_test_data/Burkholderia_thailandensis_E264_ATCC_700388_133.gbk --pamseq NGG --outdir TEST --pam_orientation 5prime --guidelength 20 --strand both --lcp 10 --dist 3 --before 100 --into 100 --knum 10 --controls 10 --log GuideMaker_58623943_8.log --threads 2"
	User time (seconds): 178.96
	System time (seconds): 9.93
	Percent of CPU this job got: 147%
	Elapsed (wall clock) time (h:mm:ss or m:ss): 2:07.67
	Average shared text size (kbytes): 0
	Average unshared data size (kbytes): 0
	Average stack size (kbytes): 0
	Average total size (kbytes): 0
	Maximum resident set size (kbytes): 2071088
	Average resident set size (kbytes): 0
	Major (requiring I/O) page faults: 0
	Minor (reclaiming a frame) page faults: 5174306
	Voluntary context switches: 51074
	Involuntary context switches: 433112
	Swaps: 0
	File system inputs: 0
	File system outputs: 147664
	Socket messages sent: 0
	Socket messages received: 0
	Signals delivered: 0
	Page size (bytes): 4096
	Exit status: 0
My SLURM_ARRAY_TASK_ID:  8
My TMPDIR IS:  /tmp
Input Genome:>>>>>>>>>>>>>>>>>>>>>>>>>>>>>>>>>>>>>>>>>>>  Burkholderia_thailandensis_E264_ATCC_700388_133.gbk
Threads used:>>>>>>>>>>>>>>>>>>>>>>>>>>>>>>>>>>>>>>>>>>>  4
GuideMaker
2020-09-14 14:49:20,304: INFO     Temp directory is: /tmp/guidemaker_jphc1z_4
2020-09-14 14:49:20,305: INFO     Writing fasta file from genbank file(s)
2020-09-14 14:49:20,305: INFO     check if ../../all_test_data/Burkholderia_thailandensis_E264_ATCC_700388_133.gbk is gzipped
2020-09-14 14:49:21,048: INFO     Identifying PAM sites in the genome
2020-09-14 14:50:08,256: INFO     Identifing guides that are unique near the PAM site
2020-09-14 14:50:09,396: INFO     Indexing all potential guide sites: 923226. This is the longest step.
2020-09-14 14:50:13,762: INFO     M                   = 16
2020-09-14 14:50:13,762: INFO     indexThreadQty      = 4
2020-09-14 14:50:13,762: INFO     efConstruction      = 10
2020-09-14 14:50:13,762: INFO     maxM			          = 16
2020-09-14 14:50:13,762: INFO     maxM0			          = 32
2020-09-14 14:50:13,763: INFO     mult                = 0.360674
2020-09-14 14:50:13,763: INFO     skip_optimized_index= 0
2020-09-14 14:50:13,763: INFO     delaunay_type       = 2
2020-09-14 14:50:13,763: INFO     Set HNSW query-time parameters:
2020-09-14 14:50:13,763: INFO     ef(Search)         =20
2020-09-14 14:50:13,763: INFO     algoType           =2

0%   10   20   30   40   50   60   70   80   90   100%
|----|----|----|----|----|----|----|----|----|----|
***************************************************

0%   10   20   30   40   50   60   70   80   90   100%
|----|----|----|----|----|----|----|----|----|----|
****************************************************2020-09-14 14:50:43,669: INFO     No appropriate custom distance function for Hamming (bit-storage) space
2020-09-14 14:50:43,670: INFO     searchMethod			  = 0
2020-09-14 14:50:43,755: INFO     Identifying guides that have a hamming distance <= 3 to all other potential guides
2020-09-14 14:50:44,069: INFO     Set HNSW query-time parameters:
2020-09-14 14:50:44,069: INFO     ef(Search)         =9
2020-09-14 14:50:44,069: INFO     algoType           =2
2020-09-14 14:50:54,250: INFO     Formatting data for BedTools
2020-09-14 14:50:54,608: INFO     Create GuideMaker Annotation object
2020-09-14 14:50:54,608: INFO     Identify genomic features
2020-09-14 14:50:54,609: INFO     check if ../../all_test_data/Burkholderia_thailandensis_E264_ATCC_700388_133.gbk is gzipped
2020-09-14 14:50:55,869: INFO     Total number of CDS/locus in the input genome: 5633
2020-09-14 14:50:55,869: INFO     Find genomic features closest the guides
2020-09-14 14:50:58,198: INFO     Select guides that start between +100 and -100 of a feature start
2020-09-14 14:50:58,352: INFO     Select description columns
2020-09-14 14:50:58,404: INFO     Format the output
2020-09-14 14:50:59,113: INFO     creating random control guides
2020-09-14 14:50:59,256: INFO     Number of random control searched: 100
2020-09-14 14:50:59,256: INFO     Percentage of GC content in the input genome: 67.63
2020-09-14 14:50:59,256: INFO     Total length of the genome: 6.4 MB
2020-09-14 14:50:59,256: INFO     created 10 control guides with a minimum distance of 7 and a median distance of 7
2020-09-14 14:50:59,259: INFO     guidemaker completed, results are at TEST
2020-09-14 14:50:59,259: INFO     PAM sequence: NGG
2020-09-14 14:50:59,259: INFO     PAM orientation: 5prime
2020-09-14 14:50:59,259: INFO     Genome strand(s) searched: both
2020-09-14 14:50:59,259: INFO     Total PAM sites considered: 923226
2020-09-14 14:50:59,259: INFO     Guide RNA candidates found: 36030
	Command being timed: "guidemaker -i ../../all_test_data/Burkholderia_thailandensis_E264_ATCC_700388_133.gbk --pamseq NGG --outdir TEST --pam_orientation 5prime --guidelength 20 --strand both --lcp 10 --dist 3 --before 100 --into 100 --knum 10 --controls 10 --log GuideMaker_58623943_8.log --threads 4"
	User time (seconds): 188.91
	System time (seconds): 9.42
	Percent of CPU this job got: 195%
	Elapsed (wall clock) time (h:mm:ss or m:ss): 1:41.70
	Average shared text size (kbytes): 0
	Average unshared data size (kbytes): 0
	Average stack size (kbytes): 0
	Average total size (kbytes): 0
	Maximum resident set size (kbytes): 2059220
	Average resident set size (kbytes): 0
	Major (requiring I/O) page faults: 0
	Minor (reclaiming a frame) page faults: 4030102
	Voluntary context switches: 120580
	Involuntary context switches: 90425
	Swaps: 0
	File system inputs: 0
	File system outputs: 147600
	Socket messages sent: 0
	Socket messages received: 0
	Signals delivered: 0
	Page size (bytes): 4096
	Exit status: 0
My SLURM_ARRAY_TASK_ID:  8
My TMPDIR IS:  /tmp
Input Genome:>>>>>>>>>>>>>>>>>>>>>>>>>>>>>>>>>>>>>>>>>>>  Burkholderia_thailandensis_E264_ATCC_700388_133.gbk
Threads used:>>>>>>>>>>>>>>>>>>>>>>>>>>>>>>>>>>>>>>>>>>>  8
GuideMaker
2020-09-14 14:51:08,703: INFO     Temp directory is: /tmp/guidemaker_kr3p8snz
2020-09-14 14:51:08,704: INFO     Writing fasta file from genbank file(s)
2020-09-14 14:51:08,704: INFO     check if ../../all_test_data/Burkholderia_thailandensis_E264_ATCC_700388_133.gbk is gzipped
2020-09-14 14:51:09,436: INFO     Identifying PAM sites in the genome
2020-09-14 14:51:56,453: INFO     Identifing guides that are unique near the PAM site
2020-09-14 14:51:57,617: INFO     Indexing all potential guide sites: 923226. This is the longest step.
2020-09-14 14:52:01,941: INFO     M                   = 16
2020-09-14 14:52:01,941: INFO     indexThreadQty      = 8
2020-09-14 14:52:01,941: INFO     efConstruction      = 10
2020-09-14 14:52:01,941: INFO     maxM			          = 16
2020-09-14 14:52:01,941: INFO     maxM0			          = 32
2020-09-14 14:52:01,941: INFO     mult                = 0.360674
2020-09-14 14:52:01,941: INFO     skip_optimized_index= 0
2020-09-14 14:52:01,941: INFO     delaunay_type       = 2
2020-09-14 14:52:01,941: INFO     Set HNSW query-time parameters:
2020-09-14 14:52:01,941: INFO     ef(Search)         =20
2020-09-14 14:52:01,942: INFO     algoType           =2

0%   10   20   30   40   50   60   70   80   90   100%
|----|----|----|----|----|----|----|----|----|----|
***************************************************

0%   10   20   30   40   50   60   70   80   90   100%
|----|----|----|----|----|----|----|----|----|----|
*******************************************************
2020-09-14 14:52:18,066: INFO     No appropriate custom distance function for Hamming (bit-storage) space
2020-09-14 14:52:18,067: INFO     searchMethod			  = 0
2020-09-14 14:52:18,144: INFO     Identifying guides that have a hamming distance <= 3 to all other potential guides
2020-09-14 14:52:18,429: INFO     Set HNSW query-time parameters:
2020-09-14 14:52:18,429: INFO     ef(Search)         =9
2020-09-14 14:52:18,429: INFO     algoType           =2
2020-09-14 14:52:26,758: INFO     Formatting data for BedTools
2020-09-14 14:52:27,108: INFO     Create GuideMaker Annotation object
2020-09-14 14:52:27,109: INFO     Identify genomic features
2020-09-14 14:52:27,109: INFO     check if ../../all_test_data/Burkholderia_thailandensis_E264_ATCC_700388_133.gbk is gzipped
2020-09-14 14:52:28,301: INFO     Total number of CDS/locus in the input genome: 5633
2020-09-14 14:52:28,302: INFO     Find genomic features closest the guides
2020-09-14 14:52:30,708: INFO     Select guides that start between +100 and -100 of a feature start
2020-09-14 14:52:30,866: INFO     Select description columns
2020-09-14 14:52:30,917: INFO     Format the output
2020-09-14 14:52:31,638: INFO     creating random control guides
2020-09-14 14:52:31,746: INFO     Number of random control searched: 100
2020-09-14 14:52:31,746: INFO     Percentage of GC content in the input genome: 67.63
2020-09-14 14:52:31,746: INFO     Total length of the genome: 6.4 MB
2020-09-14 14:52:31,746: INFO     created 10 control guides with a minimum distance of 7 and a median distance of 7
2020-09-14 14:52:31,748: INFO     guidemaker completed, results are at TEST
2020-09-14 14:52:31,748: INFO     PAM sequence: NGG
2020-09-14 14:52:31,748: INFO     PAM orientation: 5prime
2020-09-14 14:52:31,748: INFO     Genome strand(s) searched: both
2020-09-14 14:52:31,748: INFO     Total PAM sites considered: 923226
2020-09-14 14:52:31,748: INFO     Guide RNA candidates found: 36024
	Command being timed: "guidemaker -i ../../all_test_data/Burkholderia_thailandensis_E264_ATCC_700388_133.gbk --pamseq NGG --outdir TEST --pam_orientation 5prime --guidelength 20 --strand both --lcp 10 --dist 3 --before 100 --into 100 --knum 10 --controls 10 --log GuideMaker_58623943_8.log --threads 8"
	User time (seconds): 194.58
	System time (seconds): 8.84
	Percent of CPU this job got: 220%
	Elapsed (wall clock) time (h:mm:ss or m:ss): 1:32.41
	Average shared text size (kbytes): 0
	Average unshared data size (kbytes): 0
	Average stack size (kbytes): 0
	Average total size (kbytes): 0
	Maximum resident set size (kbytes): 2069992
	Average resident set size (kbytes): 0
	Major (requiring I/O) page faults: 0
	Minor (reclaiming a frame) page faults: 3028339
	Voluntary context switches: 205885
	Involuntary context switches: 1243711
	Swaps: 0
	File system inputs: 0
	File system outputs: 147592
	Socket messages sent: 0
	Socket messages received: 0
	Signals delivered: 0
	Page size (bytes): 4096
	Exit status: 0
My SLURM_ARRAY_TASK_ID:  8
My TMPDIR IS:  /tmp
Input Genome:>>>>>>>>>>>>>>>>>>>>>>>>>>>>>>>>>>>>>>>>>>>  Burkholderia_thailandensis_E264_ATCC_700388_133.gbk
Threads used:>>>>>>>>>>>>>>>>>>>>>>>>>>>>>>>>>>>>>>>>>>>  16
GuideMaker
2020-09-14 14:52:34,429: INFO     Temp directory is: /tmp/guidemaker_ag_i8pmr
2020-09-14 14:52:34,429: INFO     Writing fasta file from genbank file(s)
2020-09-14 14:52:34,430: INFO     check if ../../all_test_data/Burkholderia_thailandensis_E264_ATCC_700388_133.gbk is gzipped
2020-09-14 14:52:35,166: INFO     Identifying PAM sites in the genome
2020-09-14 14:53:22,281: INFO     Identifing guides that are unique near the PAM site
2020-09-14 14:53:23,479: INFO     Indexing all potential guide sites: 923226. This is the longest step.
2020-09-14 14:53:27,875: INFO     M                   = 16
2020-09-14 14:53:27,876: INFO     indexThreadQty      = 16
2020-09-14 14:53:27,876: INFO     efConstruction      = 10
2020-09-14 14:53:27,876: INFO     maxM			          = 16
2020-09-14 14:53:27,876: INFO     maxM0			          = 32
2020-09-14 14:53:27,876: INFO     mult                = 0.360674
2020-09-14 14:53:27,876: INFO     skip_optimized_index= 0
2020-09-14 14:53:27,876: INFO     delaunay_type       = 2
2020-09-14 14:53:27,876: INFO     Set HNSW query-time parameters:
2020-09-14 14:53:27,876: INFO     ef(Search)         =20
2020-09-14 14:53:27,876: INFO     algoType           =2

0%   10   20   30   40   50   60   70   80   90   100%
|----|----|----|----|----|----|----|----|----|----|
***************************************************

0%   10   20   30   40   50   60   70   80   90   100%
|----|----|----|----|----|----|----|----|----|----|
****************************************************2020-09-14 14:53:36,682: INFO     No appropriate custom distance function for Hamming (bit-storage) space
2020-09-14 14:53:36,682: INFO     searchMethod			  = 0
2020-09-14 14:53:36,764: INFO     Identifying guides that have a hamming distance <= 3 to all other potential guides
2020-09-14 14:53:37,056: INFO     Set HNSW query-time parameters:
2020-09-14 14:53:37,056: INFO     ef(Search)         =9
2020-09-14 14:53:37,057: INFO     algoType           =2
2020-09-14 14:53:45,300: INFO     Formatting data for BedTools
2020-09-14 14:53:45,665: INFO     Create GuideMaker Annotation object
2020-09-14 14:53:45,666: INFO     Identify genomic features
2020-09-14 14:53:45,666: INFO     check if ../../all_test_data/Burkholderia_thailandensis_E264_ATCC_700388_133.gbk is gzipped
2020-09-14 14:53:46,871: INFO     Total number of CDS/locus in the input genome: 5633
2020-09-14 14:53:46,871: INFO     Find genomic features closest the guides
2020-09-14 14:53:49,168: INFO     Select guides that start between +100 and -100 of a feature start
2020-09-14 14:53:49,321: INFO     Select description columns
2020-09-14 14:53:49,370: INFO     Format the output
2020-09-14 14:53:50,085: INFO     creating random control guides
2020-09-14 14:53:50,206: INFO     Number of random control searched: 100
2020-09-14 14:53:50,206: INFO     Percentage of GC content in the input genome: 67.63
2020-09-14 14:53:50,206: INFO     Total length of the genome: 6.4 MB
2020-09-14 14:53:50,206: INFO     created 10 control guides with a minimum distance of 7 and a median distance of 7
2020-09-14 14:53:50,208: INFO     guidemaker completed, results are at TEST
2020-09-14 14:53:50,208: INFO     PAM sequence: NGG
2020-09-14 14:53:50,209: INFO     PAM orientation: 5prime
2020-09-14 14:53:50,209: INFO     Genome strand(s) searched: both
2020-09-14 14:53:50,209: INFO     Total PAM sites considered: 923226
2020-09-14 14:53:50,209: INFO     Guide RNA candidates found: 36042
	Command being timed: "guidemaker -i ../../all_test_data/Burkholderia_thailandensis_E264_ATCC_700388_133.gbk --pamseq NGG --outdir TEST --pam_orientation 5prime --guidelength 20 --strand both --lcp 10 --dist 3 --before 100 --into 100 --knum 10 --controls 10 --log GuideMaker_58623943_8.log --threads 16"
	User time (seconds): 205.25
	System time (seconds): 11.14
	Percent of CPU this job got: 275%
	Elapsed (wall clock) time (h:mm:ss or m:ss): 1:18.51
	Average shared text size (kbytes): 0
	Average unshared data size (kbytes): 0
	Average stack size (kbytes): 0
	Average total size (kbytes): 0
	Maximum resident set size (kbytes): 2097000
	Average resident set size (kbytes): 0
	Major (requiring I/O) page faults: 0
	Minor (reclaiming a frame) page faults: 2539352
	Voluntary context switches: 356444
	Involuntary context switches: 689
	Swaps: 0
	File system inputs: 0
	File system outputs: 147576
	Socket messages sent: 0
	Socket messages received: 0
	Signals delivered: 0
	Page size (bytes): 4096
	Exit status: 0
My SLURM_ARRAY_TASK_ID:  8
My TMPDIR IS:  /tmp
Input Genome:>>>>>>>>>>>>>>>>>>>>>>>>>>>>>>>>>>>>>>>>>>>  Burkholderia_thailandensis_E264_ATCC_700388_133.gbk
Threads used:>>>>>>>>>>>>>>>>>>>>>>>>>>>>>>>>>>>>>>>>>>>  32
GuideMaker
2020-09-14 14:53:52,926: INFO     Temp directory is: /tmp/guidemaker_d_nthvvo
2020-09-14 14:53:52,927: INFO     Writing fasta file from genbank file(s)
2020-09-14 14:53:52,927: INFO     check if ../../all_test_data/Burkholderia_thailandensis_E264_ATCC_700388_133.gbk is gzipped
2020-09-14 14:53:53,664: INFO     Identifying PAM sites in the genome
2020-09-14 14:54:39,763: INFO     Identifing guides that are unique near the PAM site
2020-09-14 14:54:40,920: INFO     Indexing all potential guide sites: 923226. This is the longest step.
2020-09-14 14:54:45,233: INFO     M                   = 16
2020-09-14 14:54:45,233: INFO     indexThreadQty      = 32
2020-09-14 14:54:45,233: INFO     efConstruction      = 10
2020-09-14 14:54:45,233: INFO     maxM			          = 16
2020-09-14 14:54:45,233: INFO     maxM0			          = 32
2020-09-14 14:54:45,234: INFO     mult                = 0.360674
2020-09-14 14:54:45,234: INFO     skip_optimized_index= 0
2020-09-14 14:54:45,234: INFO     delaunay_type       = 2
2020-09-14 14:54:45,234: INFO     Set HNSW query-time parameters:
2020-09-14 14:54:45,234: INFO     ef(Search)         =20
2020-09-14 14:54:45,234: INFO     algoType           =2

0%   10   20   30   40   50   60   70   80   90   100%
|----|----|----|----|----|----|----|----|----|----|
***************************************************

0%   10   20   30   40   50   60   70   80   90   100%
|----|----|----|----|----|----|----|----|----|----|
*******************************************************
2020-09-14 14:54:50,795: INFO     No appropriate custom distance function for Hamming (bit-storage) space
2020-09-14 14:54:50,796: INFO     searchMethod			  = 0
2020-09-14 14:54:50,873: INFO     Identifying guides that have a hamming distance <= 3 to all other potential guides
2020-09-14 14:54:51,156: INFO     Set HNSW query-time parameters:
2020-09-14 14:54:51,156: INFO     ef(Search)         =9
2020-09-14 14:54:51,156: INFO     algoType           =2
2020-09-14 14:54:58,453: INFO     Formatting data for BedTools
2020-09-14 14:54:58,800: INFO     Create GuideMaker Annotation object
2020-09-14 14:54:58,800: INFO     Identify genomic features
2020-09-14 14:54:58,800: INFO     check if ../../all_test_data/Burkholderia_thailandensis_E264_ATCC_700388_133.gbk is gzipped
2020-09-14 14:55:00,003: INFO     Total number of CDS/locus in the input genome: 5633
2020-09-14 14:55:00,003: INFO     Find genomic features closest the guides
2020-09-14 14:55:02,339: INFO     Select guides that start between +100 and -100 of a feature start
2020-09-14 14:55:02,498: INFO     Select description columns
2020-09-14 14:55:02,547: INFO     Format the output
2020-09-14 14:55:03,266: INFO     creating random control guides
2020-09-14 14:55:03,406: INFO     Number of random control searched: 100
2020-09-14 14:55:03,406: INFO     Percentage of GC content in the input genome: 67.63
2020-09-14 14:55:03,406: INFO     Total length of the genome: 6.4 MB
2020-09-14 14:55:03,406: INFO     created 10 control guides with a minimum distance of 7 and a median distance of 7
2020-09-14 14:55:03,409: INFO     guidemaker completed, results are at TEST
2020-09-14 14:55:03,409: INFO     PAM sequence: NGG
2020-09-14 14:55:03,409: INFO     PAM orientation: 5prime
2020-09-14 14:55:03,409: INFO     Genome strand(s) searched: both
2020-09-14 14:55:03,409: INFO     Total PAM sites considered: 923226
2020-09-14 14:55:03,409: INFO     Guide RNA candidates found: 36064
	Command being timed: "guidemaker -i ../../all_test_data/Burkholderia_thailandensis_E264_ATCC_700388_133.gbk --pamseq NGG --outdir TEST --pam_orientation 5prime --guidelength 20 --strand both --lcp 10 --dist 3 --before 100 --into 100 --knum 10 --controls 10 --log GuideMaker_58623943_8.log --threads 32"
	User time (seconds): 211.64
	System time (seconds): 16.57
	Percent of CPU this job got: 312%
	Elapsed (wall clock) time (h:mm:ss or m:ss): 1:13.14
	Average shared text size (kbytes): 0
	Average unshared data size (kbytes): 0
	Average stack size (kbytes): 0
	Average total size (kbytes): 0
	Maximum resident set size (kbytes): 2098448
	Average resident set size (kbytes): 0
	Major (requiring I/O) page faults: 0
	Minor (reclaiming a frame) page faults: 2085237
	Voluntary context switches: 865042
	Involuntary context switches: 625
	Swaps: 0
	File system inputs: 0
	File system outputs: 147672
	Socket messages sent: 0
	Socket messages received: 0
	Signals delivered: 0
	Page size (bytes): 4096
	Exit status: 0
