Wed Aug 19 22:10:45 EDT 2020
c22b-s18.ufhpc
/blue/garrett/rp3448/analysis/guidemaker/AVXGuidemaker/GuideMaker
My SLURM_ARRAY_TASK_ID:  7
My TMPDIR IS:  /scratch/local/57684490
Input Genome:>>>>>>>>>>>>>>>>>>>>>>>>>>>>>>>>>>>>>>>>>>>  Burkholderia_thailandensis_E264_ATCC_700388_133.gbk
Threads used:>>>>>>>>>>>>>>>>>>>>>>>>>>>>>>>>>>>>>>>>>>>  1
GuideMaker
2020-08-19 22:10:50,907: INFO     Temp directory is: /scratch/local/57684490/guidemaker_yc27uorb
2020-08-19 22:10:50,908: INFO     Writing fasta file from genbank file(s)
2020-08-19 22:10:50,909: INFO     check if test/test_data/Burkholderia_thailandensis_E264_ATCC_700388_133.gbk is gzipped
2020-08-19 22:10:51,767: INFO     Identifying PAM sites in the genome
2020-08-19 22:11:12,199: INFO     Identifing guides that are unique near the PAM site
2020-08-19 22:11:13,331: INFO     Indexing all potential guide sites: 923226. This is the longest step.
2020-08-19 22:11:17,706: INFO     M                   = 16
2020-08-19 22:11:17,706: INFO     indexThreadQty      = 1
2020-08-19 22:11:17,707: INFO     efConstruction      = 64
2020-08-19 22:11:17,707: INFO     maxM			          = 16
2020-08-19 22:11:17,707: INFO     maxM0			          = 32
2020-08-19 22:11:17,707: INFO     mult                = 0.360674
2020-08-19 22:11:17,707: INFO     skip_optimized_index= 0
2020-08-19 22:11:17,707: INFO     delaunay_type       = 2
2020-08-19 22:11:17,707: INFO     Set HNSW query-time parameters:
2020-08-19 22:11:17,707: INFO     ef(Search)         =20
2020-08-19 22:11:17,707: INFO     algoType           =2

0%   10   20   30   40   50   60   70   80   90   100%
|----|----|----|----|----|----|----|----|----|----|
***************************************************

0%   10   20   30   40   50   60   70   80   90   100%
|----|----|----|----|----|----|----|----|----|----|
***************************************************
*2020-08-19 22:18:48,283: INFO     No appropriate custom distance function for Hamming (bit-storage) space
2020-08-19 22:18:48,285: INFO     searchMethod			  = 0
2020-08-19 22:18:48,363: INFO     Identifying guides that have a hamming distance <= 3 to all other potential guides
2020-08-19 22:18:48,647: INFO     Set HNSW query-time parameters:
2020-08-19 22:18:48,647: INFO     ef(Search)         =256
2020-08-19 22:18:48,647: INFO     algoType           =2
2020-08-19 22:21:10,006: INFO     Formatting data for BedTools
2020-08-19 22:21:10,382: INFO     Create GuideMaker Annotation object
2020-08-19 22:21:10,383: INFO     Identify genomic features
2020-08-19 22:21:10,383: INFO     check if test/test_data/Burkholderia_thailandensis_E264_ATCC_700388_133.gbk is gzipped
2020-08-19 22:21:11,624: INFO     Total number of CDS/locus in the input genome: 5633
2020-08-19 22:21:11,624: INFO     Find genomic features closest the guides
2020-08-19 22:21:13,876: INFO     Select guides that start between +100 and -100 of a feature start
2020-08-19 22:21:14,041: INFO     Select description columns
2020-08-19 22:21:14,095: INFO     Format the output
2020-08-19 22:21:14,805: INFO     creating random control guides
2020-08-19 22:21:25,372: INFO     created 10 control guides with a minimum distance of 7 and a median distance of 7
2020-08-19 22:21:25,375: INFO     guidemaker completed, results are at TEST
2020-08-19 22:21:25,375: INFO     PAM sequence: NGG
2020-08-19 22:21:25,375: INFO     PAM orientation: 5prime
2020-08-19 22:21:25,375: INFO     Genome strand(s) searched: both
2020-08-19 22:21:25,375: INFO     Total PAM sites considered: 923226
2020-08-19 22:21:25,375: INFO     Guide RNA candidates found: 35882
	Command being timed: "guidemaker -i test/test_data/Burkholderia_thailandensis_E264_ATCC_700388_133.gbk --pamseq NGG --outdir TEST --pam_orientation 5prime --guidelength 20 --strand both --lcp 10 --dist 3 --before 100 --into 100 --knum 10 --controls 10 --log GuideMaker_57684490_7.log --threads 1"
	User time (seconds): 635.06
	System time (seconds): 5.04
	Percent of CPU this job got: 100%
	Elapsed (wall clock) time (h:mm:ss or m:ss): 10:37.94
	Average shared text size (kbytes): 0
	Average unshared data size (kbytes): 0
	Average stack size (kbytes): 0
	Average total size (kbytes): 0
	Maximum resident set size (kbytes): 2159440
	Average resident set size (kbytes): 0
	Major (requiring I/O) page faults: 21
	Minor (reclaiming a frame) page faults: 3782651
	Voluntary context switches: 3161
	Involuntary context switches: 1224
	Swaps: 0
	File system inputs: 203200
	File system outputs: 146928
	Socket messages sent: 0
	Socket messages received: 0
	Signals delivered: 0
	Page size (bytes): 4096
	Exit status: 0
My SLURM_ARRAY_TASK_ID:  7
My TMPDIR IS:  /scratch/local/57684490
Input Genome:>>>>>>>>>>>>>>>>>>>>>>>>>>>>>>>>>>>>>>>>>>>  Burkholderia_thailandensis_E264_ATCC_700388_133.gbk
Threads used:>>>>>>>>>>>>>>>>>>>>>>>>>>>>>>>>>>>>>>>>>>>  2
GuideMaker
2020-08-19 22:21:28,022: INFO     Temp directory is: /scratch/local/57684490/guidemaker_3y1uawq0
2020-08-19 22:21:28,022: INFO     Writing fasta file from genbank file(s)
2020-08-19 22:21:28,023: INFO     check if test/test_data/Burkholderia_thailandensis_E264_ATCC_700388_133.gbk is gzipped
2020-08-19 22:21:28,756: INFO     Identifying PAM sites in the genome
2020-08-19 22:21:49,847: INFO     Identifing guides that are unique near the PAM site
2020-08-19 22:21:51,016: INFO     Indexing all potential guide sites: 923226. This is the longest step.
2020-08-19 22:21:55,375: INFO     M                   = 16
2020-08-19 22:21:55,375: INFO     indexThreadQty      = 2
2020-08-19 22:21:55,375: INFO     efConstruction      = 64
2020-08-19 22:21:55,375: INFO     maxM			          = 16
2020-08-19 22:21:55,375: INFO     maxM0			          = 32
2020-08-19 22:21:55,375: INFO     mult                = 0.360674
2020-08-19 22:21:55,375: INFO     skip_optimized_index= 0
2020-08-19 22:21:55,375: INFO     delaunay_type       = 2
2020-08-19 22:21:55,375: INFO     Set HNSW query-time parameters:
2020-08-19 22:21:55,375: INFO     ef(Search)         =20
2020-08-19 22:21:55,375: INFO     algoType           =2

0%   10   20   30   40   50   60   70   80   90   100%
|----|----|----|----|----|----|----|----|----|----|
***************************************************

0%   10   20   30   40   50   60   70   80   90   100%
|----|----|----|----|----|----|----|----|----|----|
****************************************************2020-08-19 22:26:13,495: INFO     No appropriate custom distance function for Hamming (bit-storage) space
2020-08-19 22:26:13,496: INFO     searchMethod			  = 0
2020-08-19 22:26:13,573: INFO     Identifying guides that have a hamming distance <= 3 to all other potential guides
2020-08-19 22:26:13,881: INFO     Set HNSW query-time parameters:
2020-08-19 22:26:13,881: INFO     ef(Search)         =256
2020-08-19 22:26:13,881: INFO     algoType           =2
2020-08-19 22:27:39,902: INFO     Formatting data for BedTools
2020-08-19 22:27:40,234: INFO     Create GuideMaker Annotation object
2020-08-19 22:27:40,235: INFO     Identify genomic features
2020-08-19 22:27:40,235: INFO     check if test/test_data/Burkholderia_thailandensis_E264_ATCC_700388_133.gbk is gzipped
2020-08-19 22:27:41,444: INFO     Total number of CDS/locus in the input genome: 5633
2020-08-19 22:27:41,445: INFO     Find genomic features closest the guides
2020-08-19 22:27:43,787: INFO     Select guides that start between +100 and -100 of a feature start
2020-08-19 22:27:43,946: INFO     Select description columns
2020-08-19 22:27:43,999: INFO     Format the output
2020-08-19 22:27:44,757: INFO     creating random control guides
2020-08-19 22:27:51,901: INFO     created 10 control guides with a minimum distance of 7 and a median distance of 7
2020-08-19 22:27:51,905: INFO     guidemaker completed, results are at TEST
2020-08-19 22:27:51,905: INFO     PAM sequence: NGG
2020-08-19 22:27:51,905: INFO     PAM orientation: 5prime
2020-08-19 22:27:51,905: INFO     Genome strand(s) searched: both
2020-08-19 22:27:51,905: INFO     Total PAM sites considered: 923226
2020-08-19 22:27:51,905: INFO     Guide RNA candidates found: 35882
	Command being timed: "guidemaker -i test/test_data/Burkholderia_thailandensis_E264_ATCC_700388_133.gbk --pamseq NGG --outdir TEST --pam_orientation 5prime --guidelength 20 --strand both --lcp 10 --dist 3 --before 100 --into 100 --knum 10 --controls 10 --log GuideMaker_57684490_7.log --threads 2"
	User time (seconds): 707.46
	System time (seconds): 24.77
	Percent of CPU this job got: 189%
	Elapsed (wall clock) time (h:mm:ss or m:ss): 6:27.01
	Average shared text size (kbytes): 0
	Average unshared data size (kbytes): 0
	Average stack size (kbytes): 0
	Average total size (kbytes): 0
	Maximum resident set size (kbytes): 2255284
	Average resident set size (kbytes): 0
	Major (requiring I/O) page faults: 0
	Minor (reclaiming a frame) page faults: 14384644
	Voluntary context switches: 61917
	Involuntary context switches: 1399
	Swaps: 0
	File system inputs: 0
	File system outputs: 146824
	Socket messages sent: 0
	Socket messages received: 0
	Signals delivered: 0
	Page size (bytes): 4096
	Exit status: 0
My SLURM_ARRAY_TASK_ID:  7
My TMPDIR IS:  /scratch/local/57684490
Input Genome:>>>>>>>>>>>>>>>>>>>>>>>>>>>>>>>>>>>>>>>>>>>  Burkholderia_thailandensis_E264_ATCC_700388_133.gbk
Threads used:>>>>>>>>>>>>>>>>>>>>>>>>>>>>>>>>>>>>>>>>>>>  4
GuideMaker
2020-08-19 22:27:54,992: INFO     Temp directory is: /scratch/local/57684490/guidemaker_d51bp_ac
2020-08-19 22:27:54,992: INFO     Writing fasta file from genbank file(s)
2020-08-19 22:27:54,993: INFO     check if test/test_data/Burkholderia_thailandensis_E264_ATCC_700388_133.gbk is gzipped
2020-08-19 22:27:55,720: INFO     Identifying PAM sites in the genome
2020-08-19 22:28:15,757: INFO     Identifing guides that are unique near the PAM site
2020-08-19 22:28:16,970: INFO     Indexing all potential guide sites: 923226. This is the longest step.
2020-08-19 22:28:21,939: INFO     M                   = 16
2020-08-19 22:28:21,939: INFO     indexThreadQty      = 4
2020-08-19 22:28:21,939: INFO     efConstruction      = 64
2020-08-19 22:28:21,939: INFO     maxM			          = 16
2020-08-19 22:28:21,939: INFO     maxM0			          = 32
2020-08-19 22:28:21,939: INFO     mult                = 0.360674
2020-08-19 22:28:21,939: INFO     skip_optimized_index= 0
2020-08-19 22:28:21,939: INFO     delaunay_type       = 2
2020-08-19 22:28:21,940: INFO     Set HNSW query-time parameters:
2020-08-19 22:28:21,940: INFO     ef(Search)         =20
2020-08-19 22:28:21,940: INFO     algoType           =2

0%   10   20   30   40   50   60   70   80   90   100%
|----|----|----|----|----|----|----|----|----|----|
***************************************************

0%   10   20   30   40   50   60   70   80   90   100%
|----|----|----|----|----|----|----|----|----|----|
****************************************************2020-08-19 22:30:33,939: INFO     No appropriate custom distance function for Hamming (bit-storage) space
2020-08-19 22:30:33,940: INFO     searchMethod			  = 0
2020-08-19 22:30:34,015: INFO     Identifying guides that have a hamming distance <= 3 to all other potential guides
2020-08-19 22:30:34,318: INFO     Set HNSW query-time parameters:
2020-08-19 22:30:34,318: INFO     ef(Search)         =256
2020-08-19 22:30:34,318: INFO     algoType           =2
2020-08-19 22:31:20,547: INFO     Formatting data for BedTools
2020-08-19 22:31:20,876: INFO     Create GuideMaker Annotation object
2020-08-19 22:31:20,877: INFO     Identify genomic features
2020-08-19 22:31:20,877: INFO     check if test/test_data/Burkholderia_thailandensis_E264_ATCC_700388_133.gbk is gzipped
2020-08-19 22:31:22,069: INFO     Total number of CDS/locus in the input genome: 5633
2020-08-19 22:31:22,069: INFO     Find genomic features closest the guides
2020-08-19 22:31:24,348: INFO     Select guides that start between +100 and -100 of a feature start
2020-08-19 22:31:24,502: INFO     Select description columns
2020-08-19 22:31:24,551: INFO     Format the output
2020-08-19 22:31:25,248: INFO     creating random control guides
2020-08-19 22:31:28,877: INFO     created 10 control guides with a minimum distance of 7 and a median distance of 7
2020-08-19 22:31:28,880: INFO     guidemaker completed, results are at TEST
2020-08-19 22:31:28,881: INFO     PAM sequence: NGG
2020-08-19 22:31:28,881: INFO     PAM orientation: 5prime
2020-08-19 22:31:28,881: INFO     Genome strand(s) searched: both
2020-08-19 22:31:28,881: INFO     Total PAM sites considered: 923226
2020-08-19 22:31:28,881: INFO     Guide RNA candidates found: 35882
	Command being timed: "guidemaker -i test/test_data/Burkholderia_thailandensis_E264_ATCC_700388_133.gbk --pamseq NGG --outdir TEST --pam_orientation 5prime --guidelength 20 --strand both --lcp 10 --dist 3 --before 100 --into 100 --knum 10 --controls 10 --log GuideMaker_57684490_7.log --threads 4"
	User time (seconds): 719.85
	System time (seconds): 18.04
	Percent of CPU this job got: 340%
	Elapsed (wall clock) time (h:mm:ss or m:ss): 3:36.63
	Average shared text size (kbytes): 0
	Average unshared data size (kbytes): 0
	Average stack size (kbytes): 0
	Average total size (kbytes): 0
	Maximum resident set size (kbytes): 2251004
	Average resident set size (kbytes): 0
	Major (requiring I/O) page faults: 0
	Minor (reclaiming a frame) page faults: 8757169
	Voluntary context switches: 117088
	Involuntary context switches: 241002
	Swaps: 0
	File system inputs: 8
	File system outputs: 146752
	Socket messages sent: 0
	Socket messages received: 0
	Signals delivered: 0
	Page size (bytes): 4096
	Exit status: 0
My SLURM_ARRAY_TASK_ID:  7
My TMPDIR IS:  /scratch/local/57684490
Input Genome:>>>>>>>>>>>>>>>>>>>>>>>>>>>>>>>>>>>>>>>>>>>  Burkholderia_thailandensis_E264_ATCC_700388_133.gbk
Threads used:>>>>>>>>>>>>>>>>>>>>>>>>>>>>>>>>>>>>>>>>>>>  8
GuideMaker
2020-08-19 22:31:31,710: INFO     Temp directory is: /scratch/local/57684490/guidemaker_7d6bj7wg
2020-08-19 22:31:31,710: INFO     Writing fasta file from genbank file(s)
2020-08-19 22:31:31,710: INFO     check if test/test_data/Burkholderia_thailandensis_E264_ATCC_700388_133.gbk is gzipped
2020-08-19 22:31:32,456: INFO     Identifying PAM sites in the genome
2020-08-19 22:31:53,390: INFO     Identifing guides that are unique near the PAM site
2020-08-19 22:31:54,552: INFO     Indexing all potential guide sites: 923226. This is the longest step.
2020-08-19 22:31:58,795: INFO     M                   = 16
2020-08-19 22:31:58,795: INFO     indexThreadQty      = 8
2020-08-19 22:31:58,795: INFO     efConstruction      = 64
2020-08-19 22:31:58,795: INFO     maxM			          = 16
2020-08-19 22:31:58,795: INFO     maxM0			          = 32
2020-08-19 22:31:58,795: INFO     mult                = 0.360674
2020-08-19 22:31:58,795: INFO     skip_optimized_index= 0
2020-08-19 22:31:58,796: INFO     delaunay_type       = 2
2020-08-19 22:31:58,796: INFO     Set HNSW query-time parameters:
2020-08-19 22:31:58,796: INFO     ef(Search)         =20
2020-08-19 22:31:58,796: INFO     algoType           =2

0%   10   20   30   40   50   60   70   80   90   100%
|----|----|----|----|----|----|----|----|----|----|
***************************************************

0%   10   20   30   40   50   60   70   80   90   100%
|----|----|----|----|----|----|----|----|----|----|
****************************************************2020-08-19 22:33:08,862: INFO     No appropriate custom distance function for Hamming (bit-storage) space
2020-08-19 22:33:08,862: INFO     searchMethod			  = 0
2020-08-19 22:33:08,940: INFO     Identifying guides that have a hamming distance <= 3 to all other potential guides
2020-08-19 22:33:09,233: INFO     Set HNSW query-time parameters:
2020-08-19 22:33:09,233: INFO     ef(Search)         =256
2020-08-19 22:33:09,233: INFO     algoType           =2
2020-08-19 22:33:36,129: INFO     Formatting data for BedTools
2020-08-19 22:33:36,465: INFO     Create GuideMaker Annotation object
2020-08-19 22:33:36,465: INFO     Identify genomic features
2020-08-19 22:33:36,465: INFO     check if test/test_data/Burkholderia_thailandensis_E264_ATCC_700388_133.gbk is gzipped
2020-08-19 22:33:37,683: INFO     Total number of CDS/locus in the input genome: 5633
2020-08-19 22:33:37,684: INFO     Find genomic features closest the guides
2020-08-19 22:33:40,028: INFO     Select guides that start between +100 and -100 of a feature start
2020-08-19 22:33:40,219: INFO     Select description columns
2020-08-19 22:33:40,279: INFO     Format the output
2020-08-19 22:33:41,123: INFO     creating random control guides
2020-08-19 22:34:02,133: INFO     created 10 control guides with a minimum distance of 7 and a median distance of 7
2020-08-19 22:34:02,137: INFO     guidemaker completed, results are at TEST
2020-08-19 22:34:02,137: INFO     PAM sequence: NGG
2020-08-19 22:34:02,137: INFO     PAM orientation: 5prime
2020-08-19 22:34:02,137: INFO     Genome strand(s) searched: both
2020-08-19 22:34:02,137: INFO     Total PAM sites considered: 923226
2020-08-19 22:34:02,137: INFO     Guide RNA candidates found: 35882
Number of random control searched:  100000
	Command being timed: "guidemaker -i test/test_data/Burkholderia_thailandensis_E264_ATCC_700388_133.gbk --pamseq NGG --outdir TEST --pam_orientation 5prime --guidelength 20 --strand both --lcp 10 --dist 3 --before 100 --into 100 --knum 10 --controls 10 --log GuideMaker_57684490_7.log --threads 8"
	User time (seconds): 860.10
	System time (seconds): 20.82
	Percent of CPU this job got: 574%
	Elapsed (wall clock) time (h:mm:ss or m:ss): 2:33.31
	Average shared text size (kbytes): 0
	Average unshared data size (kbytes): 0
	Average stack size (kbytes): 0
	Average total size (kbytes): 0
	Maximum resident set size (kbytes): 2334596
	Average resident set size (kbytes): 0
	Major (requiring I/O) page faults: 0
	Minor (reclaiming a frame) page faults: 9221147
	Voluntary context switches: 195340
	Involuntary context switches: 1452
	Swaps: 0
	File system inputs: 0
	File system outputs: 146720
	Socket messages sent: 0
	Socket messages received: 0
	Signals delivered: 0
	Page size (bytes): 4096
	Exit status: 0
My SLURM_ARRAY_TASK_ID:  7
My TMPDIR IS:  /scratch/local/57684490
Input Genome:>>>>>>>>>>>>>>>>>>>>>>>>>>>>>>>>>>>>>>>>>>>  Burkholderia_thailandensis_E264_ATCC_700388_133.gbk
Threads used:>>>>>>>>>>>>>>>>>>>>>>>>>>>>>>>>>>>>>>>>>>>  16
GuideMaker
2020-08-19 22:34:04,967: INFO     Temp directory is: /scratch/local/57684490/guidemaker_iq8bs72l
2020-08-19 22:34:04,967: INFO     Writing fasta file from genbank file(s)
2020-08-19 22:34:04,968: INFO     check if test/test_data/Burkholderia_thailandensis_E264_ATCC_700388_133.gbk is gzipped
2020-08-19 22:34:05,850: INFO     Identifying PAM sites in the genome
2020-08-19 22:34:25,389: INFO     Identifing guides that are unique near the PAM site
2020-08-19 22:34:26,564: INFO     Indexing all potential guide sites: 923226. This is the longest step.
2020-08-19 22:34:30,985: INFO     M                   = 16
2020-08-19 22:34:30,986: INFO     indexThreadQty      = 16
2020-08-19 22:34:30,986: INFO     efConstruction      = 64
2020-08-19 22:34:30,986: INFO     maxM			          = 16
2020-08-19 22:34:30,986: INFO     maxM0			          = 32
2020-08-19 22:34:30,986: INFO     mult                = 0.360674
2020-08-19 22:34:30,986: INFO     skip_optimized_index= 0
2020-08-19 22:34:30,986: INFO     delaunay_type       = 2
2020-08-19 22:34:30,986: INFO     Set HNSW query-time parameters:
2020-08-19 22:34:30,986: INFO     ef(Search)         =20
2020-08-19 22:34:30,986: INFO     algoType           =2

0%   10   20   30   40   50   60   70   80   90   100%
|----|----|----|----|----|----|----|----|----|----|
***************************************************

0%   10   20   30   40   50   60   70   80   90   100%
|----|----|----|----|----|----|----|----|----|----|
****************************************************2020-08-19 22:35:10,794: INFO     No appropriate custom distance function for Hamming (bit-storage) space
2020-08-19 22:35:10,794: INFO     searchMethod			  = 0
2020-08-19 22:35:10,878: INFO     Identifying guides that have a hamming distance <= 3 to all other potential guides
2020-08-19 22:35:11,185: INFO     Set HNSW query-time parameters:
2020-08-19 22:35:11,185: INFO     ef(Search)         =256
2020-08-19 22:35:11,185: INFO     algoType           =2
2020-08-19 22:35:28,989: INFO     Formatting data for BedTools
2020-08-19 22:35:29,318: INFO     Create GuideMaker Annotation object
2020-08-19 22:35:29,318: INFO     Identify genomic features
2020-08-19 22:35:29,319: INFO     check if test/test_data/Burkholderia_thailandensis_E264_ATCC_700388_133.gbk is gzipped
2020-08-19 22:35:30,507: INFO     Total number of CDS/locus in the input genome: 5633
2020-08-19 22:35:30,507: INFO     Find genomic features closest the guides
2020-08-19 22:35:32,826: INFO     Select guides that start between +100 and -100 of a feature start
2020-08-19 22:35:32,980: INFO     Select description columns
2020-08-19 22:35:33,029: INFO     Format the output
2020-08-19 22:35:33,722: INFO     creating random control guides
2020-08-19 22:35:35,267: INFO     created 10 control guides with a minimum distance of 7 and a median distance of 7
2020-08-19 22:35:35,269: INFO     guidemaker completed, results are at TEST
2020-08-19 22:35:35,269: INFO     PAM sequence: NGG
2020-08-19 22:35:35,269: INFO     PAM orientation: 5prime
2020-08-19 22:35:35,269: INFO     Genome strand(s) searched: both
2020-08-19 22:35:35,269: INFO     Total PAM sites considered: 923226
2020-08-19 22:35:35,269: INFO     Guide RNA candidates found: 35882
	Command being timed: "guidemaker -i test/test_data/Burkholderia_thailandensis_E264_ATCC_700388_133.gbk --pamseq NGG --outdir TEST --pam_orientation 5prime --guidelength 20 --strand both --lcp 10 --dist 3 --before 100 --into 100 --knum 10 --controls 10 --log GuideMaker_57684490_7.log --threads 16"
	User time (seconds): 828.97
	System time (seconds): 23.92
	Percent of CPU this job got: 916%
	Elapsed (wall clock) time (h:mm:ss or m:ss): 1:33.09
	Average shared text size (kbytes): 0
	Average unshared data size (kbytes): 0
	Average stack size (kbytes): 0
	Average total size (kbytes): 0
	Maximum resident set size (kbytes): 2309316
	Average resident set size (kbytes): 0
	Major (requiring I/O) page faults: 0
	Minor (reclaiming a frame) page faults: 6294384
	Voluntary context switches: 344081
	Involuntary context switches: 1793
	Swaps: 0
	File system inputs: 0
	File system outputs: 146696
	Socket messages sent: 0
	Socket messages received: 0
	Signals delivered: 0
	Page size (bytes): 4096
	Exit status: 0
My SLURM_ARRAY_TASK_ID:  7
My TMPDIR IS:  /scratch/local/57684490
Input Genome:>>>>>>>>>>>>>>>>>>>>>>>>>>>>>>>>>>>>>>>>>>>  Burkholderia_thailandensis_E264_ATCC_700388_133.gbk
Threads used:>>>>>>>>>>>>>>>>>>>>>>>>>>>>>>>>>>>>>>>>>>>  32
GuideMaker
2020-08-19 22:35:38,067: INFO     Temp directory is: /scratch/local/57684490/guidemaker_ce9_tp3p
2020-08-19 22:35:38,067: INFO     Writing fasta file from genbank file(s)
2020-08-19 22:35:38,067: INFO     check if test/test_data/Burkholderia_thailandensis_E264_ATCC_700388_133.gbk is gzipped
2020-08-19 22:35:38,808: INFO     Identifying PAM sites in the genome
2020-08-19 22:35:59,437: INFO     Identifing guides that are unique near the PAM site
2020-08-19 22:36:00,603: INFO     Indexing all potential guide sites: 923226. This is the longest step.
2020-08-19 22:36:04,892: INFO     M                   = 16
2020-08-19 22:36:04,892: INFO     indexThreadQty      = 32
2020-08-19 22:36:04,892: INFO     efConstruction      = 64
2020-08-19 22:36:04,892: INFO     maxM			          = 16
2020-08-19 22:36:04,892: INFO     maxM0			          = 32
2020-08-19 22:36:04,892: INFO     mult                = 0.360674
2020-08-19 22:36:04,892: INFO     skip_optimized_index= 0
2020-08-19 22:36:04,892: INFO     delaunay_type       = 2
2020-08-19 22:36:04,892: INFO     Set HNSW query-time parameters:
2020-08-19 22:36:04,892: INFO     ef(Search)         =20
2020-08-19 22:36:04,892: INFO     algoType           =2

0%   10   20   30   40   50   60   70   80   90   100%
|----|----|----|----|----|----|----|----|----|----|
***************************************************

0%   10   20   30   40   50   60   70   80   90   100%
|----|----|----|----|----|----|----|----|----|----|
*******************************************************2020-08-19 22:36:27,202: INFO     No appropriate custom distance function for Hamming (bit-storage) space
2020-08-19 22:36:27,202: INFO     searchMethod			  = 0
2020-08-19 22:36:27,278: INFO     Identifying guides that have a hamming distance <= 3 to all other potential guides
2020-08-19 22:36:27,559: INFO     Set HNSW query-time parameters:
2020-08-19 22:36:27,559: INFO     ef(Search)         =256
2020-08-19 22:36:27,559: INFO     algoType           =2
2020-08-19 22:36:41,642: INFO     Formatting data for BedTools
2020-08-19 22:36:41,980: INFO     Create GuideMaker Annotation object
2020-08-19 22:36:41,980: INFO     Identify genomic features
2020-08-19 22:36:41,981: INFO     check if test/test_data/Burkholderia_thailandensis_E264_ATCC_700388_133.gbk is gzipped
2020-08-19 22:36:43,196: INFO     Total number of CDS/locus in the input genome: 5633
2020-08-19 22:36:43,196: INFO     Find genomic features closest the guides
2020-08-19 22:36:45,524: INFO     Select guides that start between +100 and -100 of a feature start
2020-08-19 22:36:45,681: INFO     Select description columns
2020-08-19 22:36:45,732: INFO     Format the output
2020-08-19 22:36:46,443: INFO     creating random control guides
2020-08-19 22:36:47,763: INFO     created 10 control guides with a minimum distance of 7 and a median distance of 7
2020-08-19 22:36:47,765: INFO     guidemaker completed, results are at TEST
2020-08-19 22:36:47,765: INFO     PAM sequence: NGG
2020-08-19 22:36:47,765: INFO     PAM orientation: 5prime
2020-08-19 22:36:47,765: INFO     Genome strand(s) searched: both
2020-08-19 22:36:47,765: INFO     Total PAM sites considered: 923226
2020-08-19 22:36:47,765: INFO     Guide RNA candidates found: 35882
	Command being timed: "guidemaker -i test/test_data/Burkholderia_thailandensis_E264_ATCC_700388_133.gbk --pamseq NGG --outdir TEST --pam_orientation 5prime --guidelength 20 --strand both --lcp 10 --dist 3 --before 100 --into 100 --knum 10 --controls 10 --log GuideMaker_57684490_7.log --threads 32"
	User time (seconds): 912.89
	System time (seconds): 33.71
	Percent of CPU this job got: 1302%
	Elapsed (wall clock) time (h:mm:ss or m:ss): 1:12.67
	Average shared text size (kbytes): 0
	Average unshared data size (kbytes): 0
	Average stack size (kbytes): 0
	Average total size (kbytes): 0
	Maximum resident set size (kbytes): 2331936
	Average resident set size (kbytes): 0
	Major (requiring I/O) page faults: 0
	Minor (reclaiming a frame) page faults: 4673159
	Voluntary context switches: 620486
	Involuntary context switches: 146989
	Swaps: 0
	File system inputs: 0
	File system outputs: 146672
	Socket messages sent: 0
	Socket messages received: 0
	Signals delivered: 0
	Page size (bytes): 4096
	Exit status: 0
