Thu Feb  4 18:20:00 EST 2021
c24b-s37.ufhpc
/blue/garrett/rp3448/analysis/guidemaker/AVXGuidemaker
My SLURM_ARRAY_TASK_ID:  7
My TMPDIR IS:  /scratch/local/63828819
Input Genome:>>>>>>>>>>>>>>>>>>>>>>>>>>>>>>>>>>>>>>>>>>>  Arabidopsis_thaliana.gbk
Input PAM:>>>>>>>>>>>>>>>>>>>>>>>>>>>>>>>>>>>>>>>>>>>  NNAGAAW
Threads used:>>>>>>>>>>>>>>>>>>>>>>>>>>>>>>>>>>>>>>>>>>>  1
GuideMaker
2021-02-04 18:20:04,861: INFO     Temp directory is: /scratch/local/63828819/guidemaker_7nuu2xjj
2021-02-04 18:20:04,861: INFO     Writing fasta file from genbank file(s)
2021-02-04 18:20:04,862: INFO     check if ../all_test_data/Arabidopsis_thaliana.gbk is gzipped
2021-02-04 18:20:30,132: INFO     Identifying PAM sites in the genome
2021-02-04 18:21:44,729: INFO     Checking guides for restriction enzymes
2021-02-04 18:21:45,062: INFO     Number of guides removed after checking for restriction enzymes: 0
2021-02-04 18:21:45,063: INFO     Identifing guides that are unique near the PAM site
2021-02-04 18:21:47,779: INFO     Number of guides removed after checking for unique PAM: 677745
2021-02-04 18:21:47,779: INFO     Indexing all potential guide sites: 1228658. This is the longest step.
2021-02-04 18:21:53,598: INFO     M                   = 16
2021-02-04 18:21:53,599: INFO     indexThreadQty      = 1
2021-02-04 18:21:53,599: INFO     efConstruction      = 10
2021-02-04 18:21:53,599: INFO     maxM			          = 16
2021-02-04 18:21:53,599: INFO     maxM0			          = 32
2021-02-04 18:21:53,599: INFO     mult                = 0.360674
2021-02-04 18:21:53,599: INFO     skip_optimized_index= 0
2021-02-04 18:21:53,599: INFO     delaunay_type       = 2
2021-02-04 18:21:53,599: INFO     Set HNSW query-time parameters:
2021-02-04 18:21:53,599: INFO     ef(Search)         =20
2021-02-04 18:21:53,599: INFO     algoType           =2

0%   10   20   30   40   50   60   70   80   90   100%
|----|----|----|----|----|----|----|----|----|----|
***************************************************

0%   10   20   30   40   50   60   70   80   90   100%
|----|----|----|----|----|----|----|----|----|----|
***************************************************
*2021-02-04 18:23:50,788: INFO     No appropriate custom distance function for Hamming (bit-storage) space
2021-02-04 18:23:50,788: INFO     searchMethod			  = 0
2021-02-04 18:23:50,881: INFO     Identifying guides that have a hamming distance <= 3 to all other potential guides
2021-02-04 18:23:51,669: INFO     Set HNSW query-time parameters:
2021-02-04 18:23:51,669: INFO     ef(Search)         =9
2021-02-04 18:23:51,669: INFO     algoType           =2
2021-02-04 18:24:41,701: INFO     Formatting data for BedTools
2021-02-04 18:24:42,849: INFO     Create GuideMaker Annotation object
2021-02-04 18:24:42,850: INFO     Identify genomic features
2021-02-04 18:24:42,850: INFO     check if ../all_test_data/Arabidopsis_thaliana.gbk is gzipped
2021-02-04 18:25:12,865: INFO     Total number of CDS/locus in the input genome: 48262
2021-02-04 18:25:12,865: INFO     Find genomic features closest the guides
2021-02-04 18:25:21,085: INFO     Select guides that start between +500 and -500 of a feature start
2021-02-04 18:25:21,672: INFO     Select description columns
2021-02-04 18:25:22,213: INFO     Format the output
2021-02-04 18:25:24,356: INFO     Number of Guides within a gene coordinates i.e. zero Feature distance: 67565
2021-02-04 18:25:27,000: INFO     creating random control guides
2021-02-04 18:25:28,371: INFO     Number of random control searched: 100
2021-02-04 18:25:28,371: INFO     Percentage of GC content in the input genome: 36.00
2021-02-04 18:25:28,371: INFO     Total length of the genome: 114.1 MB
2021-02-04 18:25:28,371: INFO     created 10 control guides with a minimum distance of 7 and a median distance of 7
2021-02-04 18:25:28,374: INFO     guidemaker completed, results are at TEST
2021-02-04 18:25:28,374: INFO     PAM sequence: NNAGAAW
2021-02-04 18:25:28,374: INFO     PAM orientation: 3prime
2021-02-04 18:25:28,374: INFO     Genome strand(s) searched: both
2021-02-04 18:25:28,374: INFO     Total PAM sites considered: 1228658
2021-02-04 18:25:28,374: INFO     Guide RNA candidates found: 142171
	Command being timed: "guidemaker -i ../all_test_data/Arabidopsis_thaliana.gbk --pamseq NNAGAAW --outdir TEST --pam_orientation 3prime --guidelength 20 --strand both --lcp 11 --dist 3 --before 500 --into 500 --knum 10 --controls 10 --log GM_63828819_7.log --threads 1"
	User time (seconds): 322.76
	System time (seconds): 6.91
	Percent of CPU this job got: 100%
	Elapsed (wall clock) time (h:mm:ss or m:ss): 5:27.22
	Average shared text size (kbytes): 0
	Average unshared data size (kbytes): 0
	Average stack size (kbytes): 0
	Average total size (kbytes): 0
	Maximum resident set size (kbytes): 3279408
	Average resident set size (kbytes): 0
	Major (requiring I/O) page faults: 0
	Minor (reclaiming a frame) page faults: 4068897
	Voluntary context switches: 3254
	Involuntary context switches: 146492
	Swaps: 0
	File system inputs: 0
	File system outputs: 933408
	Socket messages sent: 0
	Socket messages received: 0
	Signals delivered: 0
	Page size (bytes): 4096
	Exit status: 0
My SLURM_ARRAY_TASK_ID:  7
My TMPDIR IS:  /scratch/local/63828819
Input Genome:>>>>>>>>>>>>>>>>>>>>>>>>>>>>>>>>>>>>>>>>>>>  Arabidopsis_thaliana.gbk
Input PAM:>>>>>>>>>>>>>>>>>>>>>>>>>>>>>>>>>>>>>>>>>>>  NNAGAAW
Threads used:>>>>>>>>>>>>>>>>>>>>>>>>>>>>>>>>>>>>>>>>>>>  2
GuideMaker
2021-02-04 18:25:32,094: INFO     Temp directory is: /scratch/local/63828819/guidemaker_qp9zdkal
2021-02-04 18:25:32,094: INFO     Writing fasta file from genbank file(s)
2021-02-04 18:25:32,094: INFO     check if ../all_test_data/Arabidopsis_thaliana.gbk is gzipped
2021-02-04 18:25:58,166: INFO     Identifying PAM sites in the genome
2021-02-04 18:27:11,708: INFO     Checking guides for restriction enzymes
2021-02-04 18:27:12,044: INFO     Number of guides removed after checking for restriction enzymes: 0
2021-02-04 18:27:12,045: INFO     Identifing guides that are unique near the PAM site
2021-02-04 18:27:14,769: INFO     Number of guides removed after checking for unique PAM: 677745
2021-02-04 18:27:14,769: INFO     Indexing all potential guide sites: 1228658. This is the longest step.
2021-02-04 18:27:20,522: INFO     M                   = 16
2021-02-04 18:27:20,523: INFO     indexThreadQty      = 2
2021-02-04 18:27:20,523: INFO     efConstruction      = 10
2021-02-04 18:27:20,523: INFO     maxM			          = 16
2021-02-04 18:27:20,523: INFO     maxM0			          = 32
2021-02-04 18:27:20,523: INFO     mult                = 0.360674
2021-02-04 18:27:20,523: INFO     skip_optimized_index= 0
2021-02-04 18:27:20,523: INFO     delaunay_type       = 2
2021-02-04 18:27:20,523: INFO     Set HNSW query-time parameters:
2021-02-04 18:27:20,523: INFO     ef(Search)         =20
2021-02-04 18:27:20,523: INFO     algoType           =2

0%   10   20   30   40   50   60   70   80   90   100%
|----|----|----|----|----|----|----|----|----|----|
***************************************************

0%   10   20   30   40   50   60   70   80   90   100%
|----|----|----|----|----|----|----|----|----|----|
****************************************************2021-02-04 18:28:35,167: INFO     No appropriate custom distance function for Hamming (bit-storage) space
2021-02-04 18:28:35,168: INFO     searchMethod			  = 0
2021-02-04 18:28:35,271: INFO     Identifying guides that have a hamming distance <= 3 to all other potential guides
2021-02-04 18:28:36,089: INFO     Set HNSW query-time parameters:
2021-02-04 18:28:36,089: INFO     ef(Search)         =9
2021-02-04 18:28:36,090: INFO     algoType           =2
2021-02-04 18:29:18,324: INFO     Formatting data for BedTools
2021-02-04 18:29:19,456: INFO     Create GuideMaker Annotation object
2021-02-04 18:29:19,456: INFO     Identify genomic features
2021-02-04 18:29:19,456: INFO     check if ../all_test_data/Arabidopsis_thaliana.gbk is gzipped
2021-02-04 18:29:49,678: INFO     Total number of CDS/locus in the input genome: 48262
2021-02-04 18:29:49,678: INFO     Find genomic features closest the guides
2021-02-04 18:29:58,224: INFO     Select guides that start between +500 and -500 of a feature start
2021-02-04 18:29:58,771: INFO     Select description columns
2021-02-04 18:29:59,257: INFO     Format the output
2021-02-04 18:30:01,316: INFO     Number of Guides within a gene coordinates i.e. zero Feature distance: 67661
2021-02-04 18:30:04,094: INFO     creating random control guides
2021-02-04 18:30:05,603: INFO     Number of random control searched: 100
2021-02-04 18:30:05,603: INFO     Percentage of GC content in the input genome: 36.00
2021-02-04 18:30:05,603: INFO     Total length of the genome: 114.1 MB
2021-02-04 18:30:05,604: INFO     created 10 control guides with a minimum distance of 7 and a median distance of 7
2021-02-04 18:30:05,606: INFO     guidemaker completed, results are at TEST
2021-02-04 18:30:05,606: INFO     PAM sequence: NNAGAAW
2021-02-04 18:30:05,606: INFO     PAM orientation: 3prime
2021-02-04 18:30:05,606: INFO     Genome strand(s) searched: both
2021-02-04 18:30:05,606: INFO     Total PAM sites considered: 1228658
2021-02-04 18:30:05,607: INFO     Guide RNA candidates found: 142238
	Command being timed: "guidemaker -i ../all_test_data/Arabidopsis_thaliana.gbk --pamseq NNAGAAW --outdir TEST --pam_orientation 3prime --guidelength 20 --strand both --lcp 11 --dist 3 --before 500 --into 500 --knum 10 --controls 10 --log GM_63828819_7.log --threads 2"
	User time (seconds): 348.90
	System time (seconds): 20.57
	Percent of CPU this job got: 133%
	Elapsed (wall clock) time (h:mm:ss or m:ss): 4:37.50
	Average shared text size (kbytes): 0
	Average unshared data size (kbytes): 0
	Average stack size (kbytes): 0
	Average total size (kbytes): 0
	Maximum resident set size (kbytes): 3788608
	Average resident set size (kbytes): 0
	Major (requiring I/O) page faults: 0
	Minor (reclaiming a frame) page faults: 11838598
	Voluntary context switches: 112765
	Involuntary context switches: 71928
	Swaps: 0
	File system inputs: 336
	File system outputs: 933672
	Socket messages sent: 0
	Socket messages received: 0
	Signals delivered: 0
	Page size (bytes): 4096
	Exit status: 0
My SLURM_ARRAY_TASK_ID:  7
My TMPDIR IS:  /scratch/local/63828819
Input Genome:>>>>>>>>>>>>>>>>>>>>>>>>>>>>>>>>>>>>>>>>>>>  Arabidopsis_thaliana.gbk
Input PAM:>>>>>>>>>>>>>>>>>>>>>>>>>>>>>>>>>>>>>>>>>>>  NNAGAAW
Threads used:>>>>>>>>>>>>>>>>>>>>>>>>>>>>>>>>>>>>>>>>>>>  4
GuideMaker
2021-02-04 18:30:09,606: INFO     Temp directory is: /scratch/local/63828819/guidemaker_41hz_2bj
2021-02-04 18:30:09,606: INFO     Writing fasta file from genbank file(s)
2021-02-04 18:30:09,606: INFO     check if ../all_test_data/Arabidopsis_thaliana.gbk is gzipped
2021-02-04 18:30:34,684: INFO     Identifying PAM sites in the genome
2021-02-04 18:31:47,222: INFO     Checking guides for restriction enzymes
2021-02-04 18:31:47,554: INFO     Number of guides removed after checking for restriction enzymes: 0
2021-02-04 18:31:47,554: INFO     Identifing guides that are unique near the PAM site
2021-02-04 18:31:50,238: INFO     Number of guides removed after checking for unique PAM: 677745
2021-02-04 18:31:50,238: INFO     Indexing all potential guide sites: 1228658. This is the longest step.
2021-02-04 18:31:56,121: INFO     M                   = 16
2021-02-04 18:31:56,121: INFO     indexThreadQty      = 4
2021-02-04 18:31:56,121: INFO     efConstruction      = 10
2021-02-04 18:31:56,121: INFO     maxM			          = 16
2021-02-04 18:31:56,121: INFO     maxM0			          = 32
2021-02-04 18:31:56,121: INFO     mult                = 0.360674
2021-02-04 18:31:56,121: INFO     skip_optimized_index= 0
2021-02-04 18:31:56,121: INFO     delaunay_type       = 2
2021-02-04 18:31:56,121: INFO     Set HNSW query-time parameters:
2021-02-04 18:31:56,121: INFO     ef(Search)         =20
2021-02-04 18:31:56,121: INFO     algoType           =2

0%   10   20   30   40   50   60   70   80   90   100%
|----|----|----|----|----|----|----|----|----|----|
***************************************************

0%   10   20   30   40   50   60   70   80   90   100%
|----|----|----|----|----|----|----|----|----|----|
****************************************************

2021-02-04 18:32:35,646: INFO     No appropriate custom distance function for Hamming (bit-storage) space
2021-02-04 18:32:35,647: INFO     searchMethod			  = 0
2021-02-04 18:32:35,754: INFO     Identifying guides that have a hamming distance <= 3 to all other potential guides
2021-02-04 18:32:36,721: INFO     Set HNSW query-time parameters:
2021-02-04 18:32:36,722: INFO     ef(Search)         =9
2021-02-04 18:32:36,722: INFO     algoType           =2
2021-02-04 18:33:10,190: INFO     Formatting data for BedTools
2021-02-04 18:33:11,316: INFO     Create GuideMaker Annotation object
2021-02-04 18:33:11,317: INFO     Identify genomic features
2021-02-04 18:33:11,317: INFO     check if ../all_test_data/Arabidopsis_thaliana.gbk is gzipped
2021-02-04 18:33:40,818: INFO     Total number of CDS/locus in the input genome: 48262
2021-02-04 18:33:40,818: INFO     Find genomic features closest the guides
2021-02-04 18:33:49,627: INFO     Select guides that start between +500 and -500 of a feature start
2021-02-04 18:33:50,147: INFO     Select description columns
2021-02-04 18:33:50,650: INFO     Format the output
2021-02-04 18:33:53,112: INFO     Number of Guides within a gene coordinates i.e. zero Feature distance: 67550
2021-02-04 18:33:55,897: INFO     creating random control guides
2021-02-04 18:33:57,368: INFO     Number of random control searched: 100
2021-02-04 18:33:57,369: INFO     Percentage of GC content in the input genome: 36.00
2021-02-04 18:33:57,369: INFO     Total length of the genome: 114.1 MB
2021-02-04 18:33:57,369: INFO     created 10 control guides with a minimum distance of 7 and a median distance of 7
2021-02-04 18:33:57,372: INFO     guidemaker completed, results are at TEST
2021-02-04 18:33:57,372: INFO     PAM sequence: NNAGAAW
2021-02-04 18:33:57,372: INFO     PAM orientation: 3prime
2021-02-04 18:33:57,372: INFO     Genome strand(s) searched: both
2021-02-04 18:33:57,372: INFO     Total PAM sites considered: 1228658
2021-02-04 18:33:57,372: INFO     Guide RNA candidates found: 142158
	Command being timed: "guidemaker -i ../all_test_data/Arabidopsis_thaliana.gbk --pamseq NNAGAAW --outdir TEST --pam_orientation 3prime --guidelength 20 --strand both --lcp 11 --dist 3 --before 500 --into 500 --knum 10 --controls 10 --log GM_63828819_7.log --threads 4"
	User time (seconds): 355.02
	System time (seconds): 17.51
	Percent of CPU this job got: 160%
	Elapsed (wall clock) time (h:mm:ss or m:ss): 3:52.21
	Average shared text size (kbytes): 0
	Average unshared data size (kbytes): 0
	Average stack size (kbytes): 0
	Average total size (kbytes): 0
	Maximum resident set size (kbytes): 3793108
	Average resident set size (kbytes): 0
	Major (requiring I/O) page faults: 0
	Minor (reclaiming a frame) page faults: 8860830
	Voluntary context switches: 189955
	Involuntary context switches: 1180366
	Swaps: 0
	File system inputs: 1896
	File system outputs: 933648
	Socket messages sent: 0
	Socket messages received: 0
	Signals delivered: 0
	Page size (bytes): 4096
	Exit status: 0
My SLURM_ARRAY_TASK_ID:  7
My TMPDIR IS:  /scratch/local/63828819
Input Genome:>>>>>>>>>>>>>>>>>>>>>>>>>>>>>>>>>>>>>>>>>>>  Arabidopsis_thaliana.gbk
Input PAM:>>>>>>>>>>>>>>>>>>>>>>>>>>>>>>>>>>>>>>>>>>>  NNAGAAW
Threads used:>>>>>>>>>>>>>>>>>>>>>>>>>>>>>>>>>>>>>>>>>>>  8
GuideMaker
2021-02-04 18:34:01,807: INFO     Temp directory is: /scratch/local/63828819/guidemaker_wv8dt87j
2021-02-04 18:34:01,807: INFO     Writing fasta file from genbank file(s)
2021-02-04 18:34:01,808: INFO     check if ../all_test_data/Arabidopsis_thaliana.gbk is gzipped
2021-02-04 18:34:27,283: INFO     Identifying PAM sites in the genome
2021-02-04 18:35:42,894: INFO     Checking guides for restriction enzymes
2021-02-04 18:35:43,232: INFO     Number of guides removed after checking for restriction enzymes: 0
2021-02-04 18:35:43,232: INFO     Identifing guides that are unique near the PAM site
2021-02-04 18:35:45,963: INFO     Number of guides removed after checking for unique PAM: 677745
2021-02-04 18:35:45,963: INFO     Indexing all potential guide sites: 1228658. This is the longest step.
2021-02-04 18:35:52,432: INFO     M                   = 16
2021-02-04 18:35:52,432: INFO     indexThreadQty      = 8
2021-02-04 18:35:52,433: INFO     efConstruction      = 10
2021-02-04 18:35:52,433: INFO     maxM			          = 16
2021-02-04 18:35:52,433: INFO     maxM0			          = 32
2021-02-04 18:35:52,433: INFO     mult                = 0.360674
2021-02-04 18:35:52,433: INFO     skip_optimized_index= 0
2021-02-04 18:35:52,433: INFO     delaunay_type       = 2
2021-02-04 18:35:52,433: INFO     Set HNSW query-time parameters:
2021-02-04 18:35:52,433: INFO     ef(Search)         =20
2021-02-04 18:35:52,433: INFO     algoType           =2

0%   10   20   30   40   50   60   70   80   90   100%
|----|----|----|----|----|----|----|----|----|----|
***************************************************

0%   10   20   30   40   50   60   70   80   90   100%
|----|----|----|----|----|----|----|----|----|----|
****************************************************2021-02-04 18:36:13,228: INFO     No appropriate custom distance function for Hamming (bit-storage) space
2021-02-04 18:36:13,228: INFO     searchMethod			  = 0
2021-02-04 18:36:13,327: INFO     Identifying guides that have a hamming distance <= 3 to all other potential guides
2021-02-04 18:36:14,177: INFO     Set HNSW query-time parameters:
2021-02-04 18:36:14,177: INFO     ef(Search)         =9
2021-02-04 18:36:14,177: INFO     algoType           =2
2021-02-04 18:36:44,251: INFO     Formatting data for BedTools
2021-02-04 18:36:45,414: INFO     Create GuideMaker Annotation object
2021-02-04 18:36:45,415: INFO     Identify genomic features
2021-02-04 18:36:45,415: INFO     check if ../all_test_data/Arabidopsis_thaliana.gbk is gzipped
2021-02-04 18:37:15,294: INFO     Total number of CDS/locus in the input genome: 48262
2021-02-04 18:37:15,294: INFO     Find genomic features closest the guides
2021-02-04 18:37:23,832: INFO     Select guides that start between +500 and -500 of a feature start
2021-02-04 18:37:24,323: INFO     Select description columns
2021-02-04 18:37:24,794: INFO     Format the output
2021-02-04 18:37:26,762: INFO     Number of Guides within a gene coordinates i.e. zero Feature distance: 67591
2021-02-04 18:37:29,530: INFO     creating random control guides
2021-02-04 18:37:30,959: INFO     Number of random control searched: 100
2021-02-04 18:37:30,959: INFO     Percentage of GC content in the input genome: 36.00
2021-02-04 18:37:30,959: INFO     Total length of the genome: 114.1 MB
2021-02-04 18:37:30,959: INFO     created 10 control guides with a minimum distance of 7 and a median distance of 7
2021-02-04 18:37:30,962: INFO     guidemaker completed, results are at TEST
2021-02-04 18:37:30,962: INFO     PAM sequence: NNAGAAW
2021-02-04 18:37:30,962: INFO     PAM orientation: 3prime
2021-02-04 18:37:30,962: INFO     Genome strand(s) searched: both
2021-02-04 18:37:30,962: INFO     Total PAM sites considered: 1228658
2021-02-04 18:37:30,962: INFO     Guide RNA candidates found: 142190
	Command being timed: "guidemaker -i ../all_test_data/Arabidopsis_thaliana.gbk --pamseq NNAGAAW --outdir TEST --pam_orientation 3prime --guidelength 20 --strand both --lcp 11 --dist 3 --before 500 --into 500 --knum 10 --controls 10 --log GM_63828819_7.log --threads 8"
	User time (seconds): 367.45
	System time (seconds): 16.43
	Percent of CPU this job got: 180%
	Elapsed (wall clock) time (h:mm:ss or m:ss): 3:33.11
	Average shared text size (kbytes): 0
	Average unshared data size (kbytes): 0
	Average stack size (kbytes): 0
	Average total size (kbytes): 0
	Maximum resident set size (kbytes): 3768628
	Average resident set size (kbytes): 0
	Major (requiring I/O) page faults: 0
	Minor (reclaiming a frame) page faults: 6846148
	Voluntary context switches: 302230
	Involuntary context switches: 293832
	Swaps: 0
	File system inputs: 360
	File system outputs: 932888
	Socket messages sent: 0
	Socket messages received: 0
	Signals delivered: 0
	Page size (bytes): 4096
	Exit status: 0
My SLURM_ARRAY_TASK_ID:  7
My TMPDIR IS:  /scratch/local/63828819
Input Genome:>>>>>>>>>>>>>>>>>>>>>>>>>>>>>>>>>>>>>>>>>>>  Arabidopsis_thaliana.gbk
Input PAM:>>>>>>>>>>>>>>>>>>>>>>>>>>>>>>>>>>>>>>>>>>>  NNAGAAW
Threads used:>>>>>>>>>>>>>>>>>>>>>>>>>>>>>>>>>>>>>>>>>>>  16
GuideMaker
2021-02-04 18:37:34,977: INFO     Temp directory is: /scratch/local/63828819/guidemaker_7d4a1aei
2021-02-04 18:37:34,977: INFO     Writing fasta file from genbank file(s)
2021-02-04 18:37:34,977: INFO     check if ../all_test_data/Arabidopsis_thaliana.gbk is gzipped
2021-02-04 18:38:00,265: INFO     Identifying PAM sites in the genome
2021-02-04 18:39:11,124: INFO     Checking guides for restriction enzymes
2021-02-04 18:39:11,489: INFO     Number of guides removed after checking for restriction enzymes: 0
2021-02-04 18:39:11,490: INFO     Identifing guides that are unique near the PAM site
2021-02-04 18:39:14,318: INFO     Number of guides removed after checking for unique PAM: 677745
2021-02-04 18:39:14,319: INFO     Indexing all potential guide sites: 1228658. This is the longest step.
2021-02-04 18:39:20,147: INFO     M                   = 16
2021-02-04 18:39:20,147: INFO     indexThreadQty      = 16
2021-02-04 18:39:20,147: INFO     efConstruction      = 10
2021-02-04 18:39:20,148: INFO     maxM			          = 16
2021-02-04 18:39:20,148: INFO     maxM0			          = 32
2021-02-04 18:39:20,148: INFO     mult                = 0.360674
2021-02-04 18:39:20,148: INFO     skip_optimized_index= 0
2021-02-04 18:39:20,148: INFO     delaunay_type       = 2
2021-02-04 18:39:20,148: INFO     Set HNSW query-time parameters:
2021-02-04 18:39:20,148: INFO     ef(Search)         =20
2021-02-04 18:39:20,148: INFO     algoType           =2

0%   10   20   30   40   50   60   70   80   90   100%
|----|----|----|----|----|----|----|----|----|----|
***************************************************

0%   10   20   30   40   50   60   70   80   90   100%
|----|----|----|----|----|----|----|----|----|----|
****************************************************2021-02-04 18:39:31,768: INFO     No appropriate custom distance function for Hamming (bit-storage) space
2021-02-04 18:39:31,768: INFO     searchMethod			  = 0
2021-02-04 18:39:31,885: INFO     Identifying guides that have a hamming distance <= 3 to all other potential guides
2021-02-04 18:39:32,911: INFO     Set HNSW query-time parameters:
2021-02-04 18:39:32,911: INFO     ef(Search)         =9
2021-02-04 18:39:32,911: INFO     algoType           =2
2021-02-04 18:40:02,232: INFO     Formatting data for BedTools
2021-02-04 18:40:03,414: INFO     Create GuideMaker Annotation object
2021-02-04 18:40:03,414: INFO     Identify genomic features
2021-02-04 18:40:03,414: INFO     check if ../all_test_data/Arabidopsis_thaliana.gbk is gzipped
2021-02-04 18:40:33,515: INFO     Total number of CDS/locus in the input genome: 48262
2021-02-04 18:40:33,515: INFO     Find genomic features closest the guides
2021-02-04 18:40:41,801: INFO     Select guides that start between +500 and -500 of a feature start
2021-02-04 18:40:42,286: INFO     Select description columns
2021-02-04 18:40:42,743: INFO     Format the output
2021-02-04 18:40:44,771: INFO     Number of Guides within a gene coordinates i.e. zero Feature distance: 67583
2021-02-04 18:40:47,402: INFO     creating random control guides
2021-02-04 18:40:48,852: INFO     Number of random control searched: 100
2021-02-04 18:40:48,852: INFO     Percentage of GC content in the input genome: 36.00
2021-02-04 18:40:48,853: INFO     Total length of the genome: 114.1 MB
2021-02-04 18:40:48,853: INFO     created 10 control guides with a minimum distance of 7 and a median distance of 7
2021-02-04 18:40:48,856: INFO     guidemaker completed, results are at TEST
2021-02-04 18:40:48,856: INFO     PAM sequence: NNAGAAW
2021-02-04 18:40:48,856: INFO     PAM orientation: 3prime
2021-02-04 18:40:48,856: INFO     Genome strand(s) searched: both
2021-02-04 18:40:48,856: INFO     Total PAM sites considered: 1228658
2021-02-04 18:40:48,856: INFO     Guide RNA candidates found: 142118
	Command being timed: "guidemaker -i ../all_test_data/Arabidopsis_thaliana.gbk --pamseq NNAGAAW --outdir TEST --pam_orientation 3prime --guidelength 20 --strand both --lcp 11 --dist 3 --before 500 --into 500 --knum 10 --controls 10 --log GM_63828819_7.log --threads 16"
	User time (seconds): 381.03
	System time (seconds): 21.53
	Percent of CPU this job got: 203%
	Elapsed (wall clock) time (h:mm:ss or m:ss): 3:18.01
	Average shared text size (kbytes): 0
	Average unshared data size (kbytes): 0
	Average stack size (kbytes): 0
	Average total size (kbytes): 0
	Maximum resident set size (kbytes): 3825200
	Average resident set size (kbytes): 0
	Major (requiring I/O) page faults: 0
	Minor (reclaiming a frame) page faults: 6817084
	Voluntary context switches: 638711
	Involuntary context switches: 289693
	Swaps: 0
	File system inputs: 0
	File system outputs: 932920
	Socket messages sent: 0
	Socket messages received: 0
	Signals delivered: 0
	Page size (bytes): 4096
	Exit status: 0
My SLURM_ARRAY_TASK_ID:  7
My TMPDIR IS:  /scratch/local/63828819
Input Genome:>>>>>>>>>>>>>>>>>>>>>>>>>>>>>>>>>>>>>>>>>>>  Arabidopsis_thaliana.gbk
Input PAM:>>>>>>>>>>>>>>>>>>>>>>>>>>>>>>>>>>>>>>>>>>>  NNAGAAW
Threads used:>>>>>>>>>>>>>>>>>>>>>>>>>>>>>>>>>>>>>>>>>>>  32
GuideMaker
2021-02-04 18:40:52,930: INFO     Temp directory is: /scratch/local/63828819/guidemaker_2ebv50mw
2021-02-04 18:40:52,930: INFO     Writing fasta file from genbank file(s)
2021-02-04 18:40:52,930: INFO     check if ../all_test_data/Arabidopsis_thaliana.gbk is gzipped
2021-02-04 18:41:18,016: INFO     Identifying PAM sites in the genome
2021-02-04 18:42:29,608: INFO     Checking guides for restriction enzymes
2021-02-04 18:42:29,962: INFO     Number of guides removed after checking for restriction enzymes: 0
2021-02-04 18:42:29,962: INFO     Identifing guides that are unique near the PAM site
2021-02-04 18:42:32,752: INFO     Number of guides removed after checking for unique PAM: 677745
2021-02-04 18:42:32,752: INFO     Indexing all potential guide sites: 1228658. This is the longest step.
2021-02-04 18:42:38,515: INFO     M                   = 16
2021-02-04 18:42:38,516: INFO     indexThreadQty      = 32
2021-02-04 18:42:38,516: INFO     efConstruction      = 10
2021-02-04 18:42:38,516: INFO     maxM			          = 16
2021-02-04 18:42:38,516: INFO     maxM0			          = 32
2021-02-04 18:42:38,516: INFO     mult                = 0.360674
2021-02-04 18:42:38,516: INFO     skip_optimized_index= 0
2021-02-04 18:42:38,516: INFO     delaunay_type       = 2
2021-02-04 18:42:38,516: INFO     Set HNSW query-time parameters:
2021-02-04 18:42:38,516: INFO     ef(Search)         =20
2021-02-04 18:42:38,516: INFO     algoType           =2

0%   10   20   30   40   50   60   70   80   90   100%
|----|----|----|----|----|----|----|----|----|----|
***************************************************

0%   10   20   30   40   50   60   70   80   90   100%
|----|----|----|----|----|----|----|----|----|----|
*******************************************************2021-02-04 18:42:46,093: INFO     No appropriate custom distance function for Hamming (bit-storage) space
2021-02-04 18:42:46,093: INFO     searchMethod			  = 0
2021-02-04 18:42:46,194: INFO     Identifying guides that have a hamming distance <= 3 to all other potential guides
2021-02-04 18:42:47,008: INFO     Set HNSW query-time parameters:
2021-02-04 18:42:47,008: INFO     ef(Search)         =9
2021-02-04 18:42:47,008: INFO     algoType           =2
2021-02-04 18:43:14,358: INFO     Formatting data for BedTools
2021-02-04 18:43:15,581: INFO     Create GuideMaker Annotation object
2021-02-04 18:43:15,581: INFO     Identify genomic features
2021-02-04 18:43:15,582: INFO     check if ../all_test_data/Arabidopsis_thaliana.gbk is gzipped
2021-02-04 18:43:45,877: INFO     Total number of CDS/locus in the input genome: 48262
2021-02-04 18:43:45,878: INFO     Find genomic features closest the guides
2021-02-04 18:43:54,477: INFO     Select guides that start between +500 and -500 of a feature start
2021-02-04 18:43:55,059: INFO     Select description columns
2021-02-04 18:43:55,524: INFO     Format the output
2021-02-04 18:43:57,583: INFO     Number of Guides within a gene coordinates i.e. zero Feature distance: 67656
2021-02-04 18:44:00,349: INFO     creating random control guides
2021-02-04 18:44:01,850: INFO     Number of random control searched: 100
2021-02-04 18:44:01,851: INFO     Percentage of GC content in the input genome: 36.00
2021-02-04 18:44:01,851: INFO     Total length of the genome: 114.1 MB
2021-02-04 18:44:01,851: INFO     created 10 control guides with a minimum distance of 7 and a median distance of 7
2021-02-04 18:44:01,854: INFO     guidemaker completed, results are at TEST
2021-02-04 18:44:01,854: INFO     PAM sequence: NNAGAAW
2021-02-04 18:44:01,854: INFO     PAM orientation: 3prime
2021-02-04 18:44:01,854: INFO     Genome strand(s) searched: both
2021-02-04 18:44:01,854: INFO     Total PAM sites considered: 1228658
2021-02-04 18:44:01,854: INFO     Guide RNA candidates found: 142268
	Command being timed: "guidemaker -i ../all_test_data/Arabidopsis_thaliana.gbk --pamseq NNAGAAW --outdir TEST --pam_orientation 3prime --guidelength 20 --strand both --lcp 11 --dist 3 --before 500 --into 500 --knum 10 --controls 10 --log GM_63828819_7.log --threads 32"
	User time (seconds): 397.47
	System time (seconds): 32.25
	Percent of CPU this job got: 222%
	Elapsed (wall clock) time (h:mm:ss or m:ss): 3:12.91
	Average shared text size (kbytes): 0
	Average unshared data size (kbytes): 0
	Average stack size (kbytes): 0
	Average total size (kbytes): 0
	Maximum resident set size (kbytes): 3841604
	Average resident set size (kbytes): 0
	Major (requiring I/O) page faults: 0
	Minor (reclaiming a frame) page faults: 6734950
	Voluntary context switches: 1487948
	Involuntary context switches: 554966
	Swaps: 0
	File system inputs: 120
	File system outputs: 933208
	Socket messages sent: 0
	Socket messages received: 0
	Signals delivered: 0
	Page size (bytes): 4096
	Exit status: 0
