Thu Feb  4 15:46:49 EST 2021
c22b-s26.ufhpc
/blue/garrett/rp3448/analysis/guidemaker/AVXGuidemaker
My SLURM_ARRAY_TASK_ID:  10
My TMPDIR IS:  /scratch/local/63820994
Input Genome:>>>>>>>>>>>>>>>>>>>>>>>>>>>>>>>>>>>>>>>>>>>  Escherichia.coli_str_K-12_substr_MG1655.gbk
Input PAM:>>>>>>>>>>>>>>>>>>>>>>>>>>>>>>>>>>>>>>>>>>>  NGG
Threads used:>>>>>>>>>>>>>>>>>>>>>>>>>>>>>>>>>>>>>>>>>>>  1
GuideMaker
2021-02-04 15:46:56,033: INFO     Temp directory is: /scratch/local/63820994/guidemaker_mf4ceiky
2021-02-04 15:46:56,034: INFO     Writing fasta file from genbank file(s)
2021-02-04 15:46:56,034: INFO     check if ../all_test_data/Escherichia.coli_str_K-12_substr_MG1655.gbk is gzipped
2021-02-04 15:46:56,942: INFO     Identifying PAM sites in the genome
2021-02-04 15:47:10,214: INFO     Checking guides for restriction enzymes
2021-02-04 15:47:10,364: INFO     Number of guides removed after checking for restriction enzymes: 0
2021-02-04 15:47:10,364: INFO     Identifing guides that are unique near the PAM site
2021-02-04 15:47:11,545: INFO     Number of guides removed after checking for unique PAM: 150893
2021-02-04 15:47:11,545: INFO     Indexing all potential guide sites: 542072. This is the longest step.
2021-02-04 15:47:14,104: INFO     M                   = 16
2021-02-04 15:47:14,104: INFO     indexThreadQty      = 1
2021-02-04 15:47:14,104: INFO     efConstruction      = 10
2021-02-04 15:47:14,104: INFO     maxM			          = 16
2021-02-04 15:47:14,104: INFO     maxM0			          = 32
2021-02-04 15:47:14,104: INFO     mult                = 0.360674
2021-02-04 15:47:14,104: INFO     skip_optimized_index= 0
2021-02-04 15:47:14,104: INFO     delaunay_type       = 2
2021-02-04 15:47:14,105: INFO     Set HNSW query-time parameters:
2021-02-04 15:47:14,105: INFO     ef(Search)         =20
2021-02-04 15:47:14,105: INFO     algoType           =2

0%   10   20   30   40   50   60   70   80   90   100%
|----|----|----|----|----|----|----|----|----|----|
***************************************************

0%   10   20   30   40   50   60   70   80   90   100%
|----|----|----|----|----|----|----|----|----|----|
***************************************************
*2021-02-04 15:47:55,523: INFO     No appropriate custom distance function for Hamming (bit-storage) space
2021-02-04 15:47:55,524: INFO     searchMethod			  = 0
2021-02-04 15:47:55,568: INFO     Identifying guides that have a hamming distance <= 3 to all other potential guides
2021-02-04 15:47:56,125: INFO     Set HNSW query-time parameters:
2021-02-04 15:47:56,125: INFO     ef(Search)         =9
2021-02-04 15:47:56,125: INFO     algoType           =2
2021-02-04 15:48:30,116: INFO     Formatting data for BedTools
2021-02-04 15:48:30,837: INFO     Create GuideMaker Annotation object
2021-02-04 15:48:30,838: INFO     Identify genomic features
2021-02-04 15:48:30,838: INFO     check if ../all_test_data/Escherichia.coli_str_K-12_substr_MG1655.gbk is gzipped
2021-02-04 15:48:32,523: INFO     Total number of CDS/locus in the input genome: 4357
2021-02-04 15:48:32,523: INFO     Find genomic features closest the guides
2021-02-04 15:48:38,355: INFO     Select guides that start between +500 and -500 of a feature start
2021-02-04 15:48:38,887: INFO     Select description columns
2021-02-04 15:48:38,965: INFO     Format the output
2021-02-04 15:48:41,900: INFO     Number of Guides within a gene coordinates i.e. zero Feature distance: 168421
2021-02-04 15:48:45,162: INFO     creating random control guides
2021-02-04 15:48:45,230: INFO     Number of random control searched: 100
2021-02-04 15:48:45,231: INFO     Percentage of GC content in the input genome: 50.79
2021-02-04 15:48:45,231: INFO     Total length of the genome: 4.4 MB
2021-02-04 15:48:45,231: INFO     created 10 control guides with a minimum distance of 7 and a median distance of 7
2021-02-04 15:48:45,233: INFO     guidemaker completed, results are at TEST
2021-02-04 15:48:45,233: INFO     PAM sequence: NGG
2021-02-04 15:48:45,233: INFO     PAM orientation: 3prime
2021-02-04 15:48:45,234: INFO     Genome strand(s) searched: both
2021-02-04 15:48:45,234: INFO     Total PAM sites considered: 542072
2021-02-04 15:48:45,234: INFO     Guide RNA candidates found: 280996
	Command being timed: "guidemaker -i ../all_test_data/Escherichia.coli_str_K-12_substr_MG1655.gbk --pamseq NGG --outdir TEST --pam_orientation 3prime --guidelength 20 --strand both --lcp 11 --dist 3 --before 500 --into 500 --knum 10 --controls 10 --log GM_63820994_10.log --threads 1"
	User time (seconds): 109.43
	System time (seconds): 4.14
	Percent of CPU this job got: 100%
	Elapsed (wall clock) time (h:mm:ss or m:ss): 1:53.32
	Average shared text size (kbytes): 0
	Average unshared data size (kbytes): 0
	Average stack size (kbytes): 0
	Average total size (kbytes): 0
	Maximum resident set size (kbytes): 1826800
	Average resident set size (kbytes): 0
	Major (requiring I/O) page faults: 123
	Minor (reclaiming a frame) page faults: 1881832
	Voluntary context switches: 3941
	Involuntary context switches: 286991
	Swaps: 0
	File system inputs: 366512
	File system outputs: 571696
	Socket messages sent: 0
	Socket messages received: 0
	Signals delivered: 0
	Page size (bytes): 4096
	Exit status: 0
My SLURM_ARRAY_TASK_ID:  10
My TMPDIR IS:  /scratch/local/63820994
Input Genome:>>>>>>>>>>>>>>>>>>>>>>>>>>>>>>>>>>>>>>>>>>>  Escherichia.coli_str_K-12_substr_MG1655.gbk
Input PAM:>>>>>>>>>>>>>>>>>>>>>>>>>>>>>>>>>>>>>>>>>>>  NGG
Threads used:>>>>>>>>>>>>>>>>>>>>>>>>>>>>>>>>>>>>>>>>>>>  2
GuideMaker
2021-02-04 15:48:47,720: INFO     Temp directory is: /scratch/local/63820994/guidemaker_pt9n3mj_
2021-02-04 15:48:47,720: INFO     Writing fasta file from genbank file(s)
2021-02-04 15:48:47,721: INFO     check if ../all_test_data/Escherichia.coli_str_K-12_substr_MG1655.gbk is gzipped
2021-02-04 15:48:48,615: INFO     Identifying PAM sites in the genome
2021-02-04 15:49:01,894: INFO     Checking guides for restriction enzymes
2021-02-04 15:49:02,045: INFO     Number of guides removed after checking for restriction enzymes: 0
2021-02-04 15:49:02,045: INFO     Identifing guides that are unique near the PAM site
2021-02-04 15:49:03,171: INFO     Number of guides removed after checking for unique PAM: 150893
2021-02-04 15:49:03,171: INFO     Indexing all potential guide sites: 542072. This is the longest step.
2021-02-04 15:49:05,742: INFO     M                   = 16
2021-02-04 15:49:05,742: INFO     indexThreadQty      = 2
2021-02-04 15:49:05,742: INFO     efConstruction      = 10
2021-02-04 15:49:05,742: INFO     maxM			          = 16
2021-02-04 15:49:05,742: INFO     maxM0			          = 32
2021-02-04 15:49:05,742: INFO     mult                = 0.360674
2021-02-04 15:49:05,743: INFO     skip_optimized_index= 0
2021-02-04 15:49:05,743: INFO     delaunay_type       = 2
2021-02-04 15:49:05,743: INFO     Set HNSW query-time parameters:
2021-02-04 15:49:05,743: INFO     ef(Search)         =20
2021-02-04 15:49:05,743: INFO     algoType           =2

0%   10   20   30   40   50   60   70   80   90   100%
|----|----|----|----|----|----|----|----|----|----|
***************************************************

0%   10   20   30   40   50   60   70   80   90   100%
|----|----|----|----|----|----|----|----|----|----|
****************************************************


2021-02-04 15:49:32,019: INFO     No appropriate custom distance function for Hamming (bit-storage) space
2021-02-04 15:49:32,019: INFO     searchMethod			  = 0
2021-02-04 15:49:32,067: INFO     Identifying guides that have a hamming distance <= 3 to all other potential guides
2021-02-04 15:49:32,657: INFO     Set HNSW query-time parameters:
2021-02-04 15:49:32,657: INFO     ef(Search)         =9
2021-02-04 15:49:32,657: INFO     algoType           =2
2021-02-04 15:50:00,155: INFO     Formatting data for BedTools
2021-02-04 15:50:00,860: INFO     Create GuideMaker Annotation object
2021-02-04 15:50:00,860: INFO     Identify genomic features
2021-02-04 15:50:00,861: INFO     check if ../all_test_data/Escherichia.coli_str_K-12_substr_MG1655.gbk is gzipped
2021-02-04 15:50:02,480: INFO     Total number of CDS/locus in the input genome: 4357
2021-02-04 15:50:02,481: INFO     Find genomic features closest the guides
2021-02-04 15:50:07,735: INFO     Select guides that start between +500 and -500 of a feature start
2021-02-04 15:50:08,328: INFO     Select description columns
2021-02-04 15:50:08,405: INFO     Format the output
2021-02-04 15:50:11,360: INFO     Number of Guides within a gene coordinates i.e. zero Feature distance: 168361
2021-02-04 15:50:14,511: INFO     creating random control guides
2021-02-04 15:50:14,609: INFO     Number of random control searched: 100
2021-02-04 15:50:14,609: INFO     Percentage of GC content in the input genome: 50.79
2021-02-04 15:50:14,609: INFO     Total length of the genome: 4.4 MB
2021-02-04 15:50:14,609: INFO     created 10 control guides with a minimum distance of 7 and a median distance of 8
2021-02-04 15:50:14,612: INFO     guidemaker completed, results are at TEST
2021-02-04 15:50:14,612: INFO     PAM sequence: NGG
2021-02-04 15:50:14,612: INFO     PAM orientation: 3prime
2021-02-04 15:50:14,612: INFO     Genome strand(s) searched: both
2021-02-04 15:50:14,612: INFO     Total PAM sites considered: 542072
2021-02-04 15:50:14,612: INFO     Guide RNA candidates found: 280914
	Command being timed: "guidemaker -i ../all_test_data/Escherichia.coli_str_K-12_substr_MG1655.gbk --pamseq NGG --outdir TEST --pam_orientation 3prime --guidelength 20 --strand both --lcp 11 --dist 3 --before 500 --into 500 --knum 10 --controls 10 --log GM_63820994_10.log --threads 2"
	User time (seconds): 119.79
	System time (seconds): 7.74
	Percent of CPU this job got: 142%
	Elapsed (wall clock) time (h:mm:ss or m:ss): 1:29.45
	Average shared text size (kbytes): 0
	Average unshared data size (kbytes): 0
	Average stack size (kbytes): 0
	Average total size (kbytes): 0
	Maximum resident set size (kbytes): 2019020
	Average resident set size (kbytes): 0
	Major (requiring I/O) page faults: 0
	Minor (reclaiming a frame) page faults: 3839461
	Voluntary context switches: 51662
	Involuntary context switches: 561
	Swaps: 0
	File system inputs: 576
	File system outputs: 571584
	Socket messages sent: 0
	Socket messages received: 0
	Signals delivered: 0
	Page size (bytes): 4096
	Exit status: 0
My SLURM_ARRAY_TASK_ID:  10
My TMPDIR IS:  /scratch/local/63820994
Input Genome:>>>>>>>>>>>>>>>>>>>>>>>>>>>>>>>>>>>>>>>>>>>  Escherichia.coli_str_K-12_substr_MG1655.gbk
Input PAM:>>>>>>>>>>>>>>>>>>>>>>>>>>>>>>>>>>>>>>>>>>>  NGG
Threads used:>>>>>>>>>>>>>>>>>>>>>>>>>>>>>>>>>>>>>>>>>>>  4
GuideMaker
2021-02-04 15:50:17,204: INFO     Temp directory is: /scratch/local/63820994/guidemaker_6oqelhre
2021-02-04 15:50:17,204: INFO     Writing fasta file from genbank file(s)
2021-02-04 15:50:17,204: INFO     check if ../all_test_data/Escherichia.coli_str_K-12_substr_MG1655.gbk is gzipped
2021-02-04 15:50:18,092: INFO     Identifying PAM sites in the genome
2021-02-04 15:50:31,107: INFO     Checking guides for restriction enzymes
2021-02-04 15:50:31,257: INFO     Number of guides removed after checking for restriction enzymes: 0
2021-02-04 15:50:31,257: INFO     Identifing guides that are unique near the PAM site
2021-02-04 15:50:32,407: INFO     Number of guides removed after checking for unique PAM: 150893
2021-02-04 15:50:32,408: INFO     Indexing all potential guide sites: 542072. This is the longest step.
2021-02-04 15:50:34,973: INFO     M                   = 16
2021-02-04 15:50:34,973: INFO     indexThreadQty      = 4
2021-02-04 15:50:34,973: INFO     efConstruction      = 10
2021-02-04 15:50:34,973: INFO     maxM			          = 16
2021-02-04 15:50:34,973: INFO     maxM0			          = 32
2021-02-04 15:50:34,973: INFO     mult                = 0.360674
2021-02-04 15:50:34,973: INFO     skip_optimized_index= 0
2021-02-04 15:50:34,973: INFO     delaunay_type       = 2
2021-02-04 15:50:34,973: INFO     Set HNSW query-time parameters:
2021-02-04 15:50:34,974: INFO     ef(Search)         =20
2021-02-04 15:50:34,974: INFO     algoType           =2

0%   10   20   30   40   50   60   70   80   90   100%
|----|----|----|----|----|----|----|----|----|----|
***************************************************

0%   10   20   30   40   50   60   70   80   90   100%
|----|----|----|----|----|----|----|----|----|----|
****************************************************


2021-02-04 15:50:48,762: INFO     No appropriate custom distance function for Hamming (bit-storage) space
2021-02-04 15:50:48,762: INFO     searchMethod			  = 0
2021-02-04 15:50:48,808: INFO     Identifying guides that have a hamming distance <= 3 to all other potential guides
2021-02-04 15:50:49,372: INFO     Set HNSW query-time parameters:
2021-02-04 15:50:49,373: INFO     ef(Search)         =9
2021-02-04 15:50:49,373: INFO     algoType           =2
2021-02-04 15:51:11,894: INFO     Formatting data for BedTools
2021-02-04 15:51:12,621: INFO     Create GuideMaker Annotation object
2021-02-04 15:51:12,621: INFO     Identify genomic features
2021-02-04 15:51:12,621: INFO     check if ../all_test_data/Escherichia.coli_str_K-12_substr_MG1655.gbk is gzipped
2021-02-04 15:51:14,266: INFO     Total number of CDS/locus in the input genome: 4357
2021-02-04 15:51:14,266: INFO     Find genomic features closest the guides
2021-02-04 15:51:19,475: INFO     Select guides that start between +500 and -500 of a feature start
2021-02-04 15:51:20,009: INFO     Select description columns
2021-02-04 15:51:20,085: INFO     Format the output
2021-02-04 15:51:23,181: INFO     Number of Guides within a gene coordinates i.e. zero Feature distance: 168349
2021-02-04 15:51:26,392: INFO     creating random control guides
2021-02-04 15:51:26,482: INFO     Number of random control searched: 100
2021-02-04 15:51:26,482: INFO     Percentage of GC content in the input genome: 50.79
2021-02-04 15:51:26,482: INFO     Total length of the genome: 4.4 MB
2021-02-04 15:51:26,482: INFO     created 10 control guides with a minimum distance of 7 and a median distance of 7
2021-02-04 15:51:26,485: INFO     guidemaker completed, results are at TEST
2021-02-04 15:51:26,485: INFO     PAM sequence: NGG
2021-02-04 15:51:26,485: INFO     PAM orientation: 3prime
2021-02-04 15:51:26,485: INFO     Genome strand(s) searched: both
2021-02-04 15:51:26,485: INFO     Total PAM sites considered: 542072
2021-02-04 15:51:26,485: INFO     Guide RNA candidates found: 280869
	Command being timed: "guidemaker -i ../all_test_data/Escherichia.coli_str_K-12_substr_MG1655.gbk --pamseq NGG --outdir TEST --pam_orientation 3prime --guidelength 20 --strand both --lcp 11 --dist 3 --before 500 --into 500 --knum 10 --controls 10 --log GM_63820994_10.log --threads 4"
	User time (seconds): 121.82
	System time (seconds): 6.95
	Percent of CPU this job got: 179%
	Elapsed (wall clock) time (h:mm:ss or m:ss): 1:11.84
	Average shared text size (kbytes): 0
	Average unshared data size (kbytes): 0
	Average stack size (kbytes): 0
	Average total size (kbytes): 0
	Maximum resident set size (kbytes): 2022504
	Average resident set size (kbytes): 0
	Major (requiring I/O) page faults: 0
	Minor (reclaiming a frame) page faults: 2872499
	Voluntary context switches: 89371
	Involuntary context switches: 91413
	Swaps: 0
	File system inputs: 0
	File system outputs: 571440
	Socket messages sent: 0
	Socket messages received: 0
	Signals delivered: 0
	Page size (bytes): 4096
	Exit status: 0
My SLURM_ARRAY_TASK_ID:  10
My TMPDIR IS:  /scratch/local/63820994
Input Genome:>>>>>>>>>>>>>>>>>>>>>>>>>>>>>>>>>>>>>>>>>>>  Escherichia.coli_str_K-12_substr_MG1655.gbk
Input PAM:>>>>>>>>>>>>>>>>>>>>>>>>>>>>>>>>>>>>>>>>>>>  NGG
Threads used:>>>>>>>>>>>>>>>>>>>>>>>>>>>>>>>>>>>>>>>>>>>  8
GuideMaker
2021-02-04 15:51:29,042: INFO     Temp directory is: /scratch/local/63820994/guidemaker_tcqx7kq6
2021-02-04 15:51:29,042: INFO     Writing fasta file from genbank file(s)
2021-02-04 15:51:29,043: INFO     check if ../all_test_data/Escherichia.coli_str_K-12_substr_MG1655.gbk is gzipped
2021-02-04 15:51:29,936: INFO     Identifying PAM sites in the genome
2021-02-04 15:51:43,000: INFO     Checking guides for restriction enzymes
2021-02-04 15:51:43,151: INFO     Number of guides removed after checking for restriction enzymes: 0
2021-02-04 15:51:43,151: INFO     Identifing guides that are unique near the PAM site
2021-02-04 15:51:44,277: INFO     Number of guides removed after checking for unique PAM: 150893
2021-02-04 15:51:44,277: INFO     Indexing all potential guide sites: 542072. This is the longest step.
2021-02-04 15:51:46,873: INFO     M                   = 16
2021-02-04 15:51:46,873: INFO     indexThreadQty      = 8
2021-02-04 15:51:46,873: INFO     efConstruction      = 10
2021-02-04 15:51:46,873: INFO     maxM			          = 16
2021-02-04 15:51:46,873: INFO     maxM0			          = 32
2021-02-04 15:51:46,873: INFO     mult                = 0.360674
2021-02-04 15:51:46,873: INFO     skip_optimized_index= 0
2021-02-04 15:51:46,873: INFO     delaunay_type       = 2
2021-02-04 15:51:46,874: INFO     Set HNSW query-time parameters:
2021-02-04 15:51:46,874: INFO     ef(Search)         =20
2021-02-04 15:51:46,874: INFO     algoType           =2

0%   10   20   30   40   50   60   70   80   90   100%
|----|----|----|----|----|----|----|----|----|----|
***************************************************

0%   10   20   30   40   50   60   70   80   90   100%
|----|----|----|----|----|----|----|----|----|----|
****************************************************2021-02-04 15:51:54,465: INFO     No appropriate custom distance function for Hamming (bit-storage) space
2021-02-04 15:51:54,465: INFO     searchMethod			  = 0
2021-02-04 15:51:54,512: INFO     Identifying guides that have a hamming distance <= 3 to all other potential guides
2021-02-04 15:51:55,113: INFO     Set HNSW query-time parameters:
2021-02-04 15:51:55,114: INFO     ef(Search)         =9
2021-02-04 15:51:55,114: INFO     algoType           =2
2021-02-04 15:52:16,718: INFO     Formatting data for BedTools
2021-02-04 15:52:17,424: INFO     Create GuideMaker Annotation object
2021-02-04 15:52:17,424: INFO     Identify genomic features
2021-02-04 15:52:17,425: INFO     check if ../all_test_data/Escherichia.coli_str_K-12_substr_MG1655.gbk is gzipped
2021-02-04 15:52:19,047: INFO     Total number of CDS/locus in the input genome: 4357
2021-02-04 15:52:19,047: INFO     Find genomic features closest the guides
2021-02-04 15:52:24,265: INFO     Select guides that start between +500 and -500 of a feature start
2021-02-04 15:52:24,858: INFO     Select description columns
2021-02-04 15:52:24,934: INFO     Format the output
2021-02-04 15:52:27,908: INFO     Number of Guides within a gene coordinates i.e. zero Feature distance: 168377
2021-02-04 15:52:31,162: INFO     creating random control guides
2021-02-04 15:52:31,248: INFO     Number of random control searched: 100
2021-02-04 15:52:31,248: INFO     Percentage of GC content in the input genome: 50.79
2021-02-04 15:52:31,248: INFO     Total length of the genome: 4.4 MB
2021-02-04 15:52:31,248: INFO     created 10 control guides with a minimum distance of 7 and a median distance of 7
2021-02-04 15:52:31,251: INFO     guidemaker completed, results are at TEST
2021-02-04 15:52:31,251: INFO     PAM sequence: NGG
2021-02-04 15:52:31,251: INFO     PAM orientation: 3prime
2021-02-04 15:52:31,251: INFO     Genome strand(s) searched: both
2021-02-04 15:52:31,252: INFO     Total PAM sites considered: 542072
2021-02-04 15:52:31,252: INFO     Guide RNA candidates found: 280888
	Command being timed: "guidemaker -i ../all_test_data/Escherichia.coli_str_K-12_substr_MG1655.gbk --pamseq NGG --outdir TEST --pam_orientation 3prime --guidelength 20 --strand both --lcp 11 --dist 3 --before 500 --into 500 --knum 10 --controls 10 --log GM_63820994_10.log --threads 8"
	User time (seconds): 128.43
	System time (seconds): 6.94
	Percent of CPU this job got: 209%
	Elapsed (wall clock) time (h:mm:ss or m:ss): 1:04.75
	Average shared text size (kbytes): 0
	Average unshared data size (kbytes): 0
	Average stack size (kbytes): 0
	Average total size (kbytes): 0
	Maximum resident set size (kbytes): 2034492
	Average resident set size (kbytes): 0
	Major (requiring I/O) page faults: 0
	Minor (reclaiming a frame) page faults: 2388128
	Voluntary context switches: 147812
	Involuntary context switches: 99490
	Swaps: 0
	File system inputs: 8
	File system outputs: 571496
	Socket messages sent: 0
	Socket messages received: 0
	Signals delivered: 0
	Page size (bytes): 4096
	Exit status: 0
My SLURM_ARRAY_TASK_ID:  10
My TMPDIR IS:  /scratch/local/63820994
Input Genome:>>>>>>>>>>>>>>>>>>>>>>>>>>>>>>>>>>>>>>>>>>>  Escherichia.coli_str_K-12_substr_MG1655.gbk
Input PAM:>>>>>>>>>>>>>>>>>>>>>>>>>>>>>>>>>>>>>>>>>>>  NGG
Threads used:>>>>>>>>>>>>>>>>>>>>>>>>>>>>>>>>>>>>>>>>>>>  16
GuideMaker
2021-02-04 15:52:33,813: INFO     Temp directory is: /scratch/local/63820994/guidemaker_sfnr01og
2021-02-04 15:52:33,813: INFO     Writing fasta file from genbank file(s)
2021-02-04 15:52:33,814: INFO     check if ../all_test_data/Escherichia.coli_str_K-12_substr_MG1655.gbk is gzipped
2021-02-04 15:52:34,722: INFO     Identifying PAM sites in the genome
2021-02-04 15:52:48,176: INFO     Checking guides for restriction enzymes
2021-02-04 15:52:48,327: INFO     Number of guides removed after checking for restriction enzymes: 0
2021-02-04 15:52:48,327: INFO     Identifing guides that are unique near the PAM site
2021-02-04 15:52:49,496: INFO     Number of guides removed after checking for unique PAM: 150893
2021-02-04 15:52:49,497: INFO     Indexing all potential guide sites: 542072. This is the longest step.
2021-02-04 15:52:52,067: INFO     M                   = 16
2021-02-04 15:52:52,068: INFO     indexThreadQty      = 16
2021-02-04 15:52:52,068: INFO     efConstruction      = 10
2021-02-04 15:52:52,068: INFO     maxM			          = 16
2021-02-04 15:52:52,068: INFO     maxM0			          = 32
2021-02-04 15:52:52,068: INFO     mult                = 0.360674
2021-02-04 15:52:52,068: INFO     skip_optimized_index= 0
2021-02-04 15:52:52,068: INFO     delaunay_type       = 2
2021-02-04 15:52:52,068: INFO     Set HNSW query-time parameters:
2021-02-04 15:52:52,068: INFO     ef(Search)         =20
2021-02-04 15:52:52,068: INFO     algoType           =2

0%   10   20   30   40   50   60   70   80   90   100%
|----|----|----|----|----|----|----|----|----|----|
***************************************************

0%   10   20   30   40   50   60   70   80   90   100%
|----|----|----|----|----|----|----|----|----|----|
****************************************************2021-02-04 15:52:56,318: INFO     No appropriate custom distance function for Hamming (bit-storage) space
2021-02-04 15:52:56,319: INFO     searchMethod			  = 0
2021-02-04 15:52:56,369: INFO     Identifying guides that have a hamming distance <= 3 to all other potential guides
2021-02-04 15:52:56,923: INFO     Set HNSW query-time parameters:
2021-02-04 15:52:56,923: INFO     ef(Search)         =9
2021-02-04 15:52:56,923: INFO     algoType           =2
2021-02-04 15:53:16,040: INFO     Formatting data for BedTools
2021-02-04 15:53:16,774: INFO     Create GuideMaker Annotation object
2021-02-04 15:53:16,774: INFO     Identify genomic features
2021-02-04 15:53:16,774: INFO     check if ../all_test_data/Escherichia.coli_str_K-12_substr_MG1655.gbk is gzipped
2021-02-04 15:53:18,402: INFO     Total number of CDS/locus in the input genome: 4357
2021-02-04 15:53:18,402: INFO     Find genomic features closest the guides
2021-02-04 15:53:23,650: INFO     Select guides that start between +500 and -500 of a feature start
2021-02-04 15:53:24,185: INFO     Select description columns
2021-02-04 15:53:24,261: INFO     Format the output
2021-02-04 15:53:27,253: INFO     Number of Guides within a gene coordinates i.e. zero Feature distance: 168389
2021-02-04 15:53:30,414: INFO     creating random control guides
2021-02-04 15:53:30,518: INFO     Number of random control searched: 100
2021-02-04 15:53:30,518: INFO     Percentage of GC content in the input genome: 50.79
2021-02-04 15:53:30,518: INFO     Total length of the genome: 4.4 MB
2021-02-04 15:53:30,518: INFO     created 10 control guides with a minimum distance of 7 and a median distance of 8
2021-02-04 15:53:30,521: INFO     guidemaker completed, results are at TEST
2021-02-04 15:53:30,521: INFO     PAM sequence: NGG
2021-02-04 15:53:30,521: INFO     PAM orientation: 3prime
2021-02-04 15:53:30,521: INFO     Genome strand(s) searched: both
2021-02-04 15:53:30,521: INFO     Total PAM sites considered: 542072
2021-02-04 15:53:30,521: INFO     Guide RNA candidates found: 280931
	Command being timed: "guidemaker -i ../all_test_data/Escherichia.coli_str_K-12_substr_MG1655.gbk --pamseq NGG --outdir TEST --pam_orientation 3prime --guidelength 20 --strand both --lcp 11 --dist 3 --before 500 --into 500 --knum 10 --controls 10 --log GM_63820994_10.log --threads 16"
	User time (seconds): 132.66
	System time (seconds): 8.38
	Percent of CPU this job got: 237%
	Elapsed (wall clock) time (h:mm:ss or m:ss): 0:59.29
	Average shared text size (kbytes): 0
	Average unshared data size (kbytes): 0
	Average stack size (kbytes): 0
	Average total size (kbytes): 0
	Maximum resident set size (kbytes): 2042988
	Average resident set size (kbytes): 0
	Major (requiring I/O) page faults: 0
	Minor (reclaiming a frame) page faults: 2074013
	Voluntary context switches: 282119
	Involuntary context switches: 1008608
	Swaps: 0
	File system inputs: 0
	File system outputs: 571544
	Socket messages sent: 0
	Socket messages received: 0
	Signals delivered: 0
	Page size (bytes): 4096
	Exit status: 0
My SLURM_ARRAY_TASK_ID:  10
My TMPDIR IS:  /scratch/local/63820994
Input Genome:>>>>>>>>>>>>>>>>>>>>>>>>>>>>>>>>>>>>>>>>>>>  Escherichia.coli_str_K-12_substr_MG1655.gbk
Input PAM:>>>>>>>>>>>>>>>>>>>>>>>>>>>>>>>>>>>>>>>>>>>  NGG
Threads used:>>>>>>>>>>>>>>>>>>>>>>>>>>>>>>>>>>>>>>>>>>>  32
GuideMaker
2021-02-04 15:53:32,942: INFO     Temp directory is: /scratch/local/63820994/guidemaker_sqsskuuh
2021-02-04 15:53:32,942: INFO     Writing fasta file from genbank file(s)
2021-02-04 15:53:32,943: INFO     check if ../all_test_data/Escherichia.coli_str_K-12_substr_MG1655.gbk is gzipped
2021-02-04 15:53:33,837: INFO     Identifying PAM sites in the genome
2021-02-04 15:53:46,665: INFO     Checking guides for restriction enzymes
2021-02-04 15:53:46,817: INFO     Number of guides removed after checking for restriction enzymes: 0
2021-02-04 15:53:46,817: INFO     Identifing guides that are unique near the PAM site
2021-02-04 15:53:47,953: INFO     Number of guides removed after checking for unique PAM: 150893
2021-02-04 15:53:47,954: INFO     Indexing all potential guide sites: 542072. This is the longest step.
2021-02-04 15:53:50,562: INFO     M                   = 16
2021-02-04 15:53:50,563: INFO     indexThreadQty      = 32
2021-02-04 15:53:50,563: INFO     efConstruction      = 10
2021-02-04 15:53:50,563: INFO     maxM			          = 16
2021-02-04 15:53:50,563: INFO     maxM0			          = 32
2021-02-04 15:53:50,563: INFO     mult                = 0.360674
2021-02-04 15:53:50,563: INFO     skip_optimized_index= 0
2021-02-04 15:53:50,563: INFO     delaunay_type       = 2
2021-02-04 15:53:50,563: INFO     Set HNSW query-time parameters:
2021-02-04 15:53:50,563: INFO     ef(Search)         =20
2021-02-04 15:53:50,563: INFO     algoType           =2

0%   10   20   30   40   50   60   70   80   90   100%
|----|----|----|----|----|----|----|----|----|----|
***************************************************

0%   10   20   30   40   50   60   70   80   90   100%
|----|----|----|----|----|----|----|----|----|----|
****************************************************2021-02-04 15:53:53,238: INFO     No appropriate custom distance function for Hamming (bit-storage) space
2021-02-04 15:53:53,239: INFO     searchMethod			  = 0
2021-02-04 15:53:53,264: INFO     Identifying guides that have a hamming distance <= 3 to all other potential guides
2021-02-04 15:53:53,836: INFO     Set HNSW query-time parameters:
2021-02-04 15:53:53,837: INFO     ef(Search)         =9
2021-02-04 15:53:53,837: INFO     algoType           =2
2021-02-04 15:54:12,302: INFO     Formatting data for BedTools
2021-02-04 15:54:13,016: INFO     Create GuideMaker Annotation object
2021-02-04 15:54:13,016: INFO     Identify genomic features
2021-02-04 15:54:13,016: INFO     check if ../all_test_data/Escherichia.coli_str_K-12_substr_MG1655.gbk is gzipped
2021-02-04 15:54:14,654: INFO     Total number of CDS/locus in the input genome: 4357
2021-02-04 15:54:14,654: INFO     Find genomic features closest the guides
2021-02-04 15:54:20,131: INFO     Select guides that start between +500 and -500 of a feature start
2021-02-04 15:54:20,740: INFO     Select description columns
2021-02-04 15:54:20,817: INFO     Format the output
2021-02-04 15:54:23,815: INFO     Number of Guides within a gene coordinates i.e. zero Feature distance: 168371
2021-02-04 15:54:27,073: INFO     creating random control guides
2021-02-04 15:54:27,172: INFO     Number of random control searched: 100
2021-02-04 15:54:27,172: INFO     Percentage of GC content in the input genome: 50.79
2021-02-04 15:54:27,172: INFO     Total length of the genome: 4.4 MB
2021-02-04 15:54:27,172: INFO     created 10 control guides with a minimum distance of 7 and a median distance of 7
2021-02-04 15:54:27,176: INFO     guidemaker completed, results are at TEST
2021-02-04 15:54:27,176: INFO     PAM sequence: NGG
2021-02-04 15:54:27,176: INFO     PAM orientation: 3prime
2021-02-04 15:54:27,176: INFO     Genome strand(s) searched: both
2021-02-04 15:54:27,176: INFO     Total PAM sites considered: 542072
2021-02-04 15:54:27,176: INFO     Guide RNA candidates found: 280906
	Command being timed: "guidemaker -i ../all_test_data/Escherichia.coli_str_K-12_substr_MG1655.gbk --pamseq NGG --outdir TEST --pam_orientation 3prime --guidelength 20 --strand both --lcp 11 --dist 3 --before 500 --into 500 --knum 10 --controls 10 --log GM_63820994_10.log --threads 32"
	User time (seconds): 139.83
	System time (seconds): 9.92
	Percent of CPU this job got: 264%
	Elapsed (wall clock) time (h:mm:ss or m:ss): 0:56.63
	Average shared text size (kbytes): 0
	Average unshared data size (kbytes): 0
	Average stack size (kbytes): 0
	Average total size (kbytes): 0
	Maximum resident set size (kbytes): 2043044
	Average resident set size (kbytes): 0
	Major (requiring I/O) page faults: 0
	Minor (reclaiming a frame) page faults: 1652426
	Voluntary context switches: 614644
	Involuntary context switches: 1261769
	Swaps: 0
	File system inputs: 512
	File system outputs: 571568
	Socket messages sent: 0
	Socket messages received: 0
	Signals delivered: 0
	Page size (bytes): 4096
	Exit status: 0
