slurmstepd: error: Unable to create TMPDIR [/scratch/local/58616138]: Permission denied
slurmstepd: error: Setting TMPDIR to /tmp
Mon Sep 14 14:29:05 EDT 2020
c33b-s39.ufhpc
/blue/garrett/rp3448/analysis/guidemaker/AVXGuidemaker/GuideMaker
My SLURM_ARRAY_TASK_ID:  2
My TMPDIR IS:  /tmp
Input Genome:>>>>>>>>>>>>>>>>>>>>>>>>>>>>>>>>>>>>>>>>>>>  Burkholderia_thailandensis_E264_ATCC_700388_133.gbk
Threads used:>>>>>>>>>>>>>>>>>>>>>>>>>>>>>>>>>>>>>>>>>>>  1
GuideMaker
2020-09-14 14:29:11,284: INFO     Temp directory is: /tmp/guidemaker__9ny3rao
2020-09-14 14:29:11,285: INFO     Writing fasta file from genbank file(s)
2020-09-14 14:29:11,286: INFO     check if ../../all_test_data/Burkholderia_thailandensis_E264_ATCC_700388_133.gbk is gzipped
2020-09-14 14:29:12,097: INFO     Identifying PAM sites in the genome
2020-09-14 14:29:58,082: INFO     Identifing guides that are unique near the PAM site
2020-09-14 14:29:59,219: INFO     Indexing all potential guide sites: 923226. This is the longest step.
2020-09-14 14:30:03,574: INFO     M                   = 16
2020-09-14 14:30:03,574: INFO     indexThreadQty      = 1
2020-09-14 14:30:03,574: INFO     efConstruction      = 10
2020-09-14 14:30:03,574: INFO     maxM			          = 16
2020-09-14 14:30:03,574: INFO     maxM0			          = 32
2020-09-14 14:30:03,574: INFO     mult                = 0.360674
2020-09-14 14:30:03,574: INFO     skip_optimized_index= 0
2020-09-14 14:30:03,574: INFO     delaunay_type       = 2
2020-09-14 14:30:03,574: INFO     Set HNSW query-time parameters:
2020-09-14 14:30:03,575: INFO     ef(Search)         =20
2020-09-14 14:30:03,575: INFO     algoType           =2

0%   10   20   30   40   50   60   70   80   90   100%
|----|----|----|----|----|----|----|----|----|----|
***************************************************

0%   10   20   30   40   50   60   70   80   90   100%
|----|----|----|----|----|----|----|----|----|----|
***************************************************
*2020-09-14 14:31:32,821: INFO     No appropriate custom distance function for Hamming (bit-storage) space
2020-09-14 14:31:32,821: INFO     searchMethod			  = 0
2020-09-14 14:31:32,896: INFO     Identifying guides that have a hamming distance <= 3 to all other potential guides
2020-09-14 14:31:33,168: INFO     Set HNSW query-time parameters:
2020-09-14 14:31:33,169: INFO     ef(Search)         =9
2020-09-14 14:31:33,169: INFO     algoType           =2
2020-09-14 14:31:46,806: INFO     Formatting data for BedTools
2020-09-14 14:31:47,156: INFO     Create GuideMaker Annotation object
2020-09-14 14:31:47,157: INFO     Identify genomic features
2020-09-14 14:31:47,157: INFO     check if ../../all_test_data/Burkholderia_thailandensis_E264_ATCC_700388_133.gbk is gzipped
2020-09-14 14:31:48,395: INFO     Total number of CDS/locus in the input genome: 5633
2020-09-14 14:31:48,395: INFO     Find genomic features closest the guides
2020-09-14 14:31:51,039: INFO     Select guides that start between +100 and -100 of a feature start
2020-09-14 14:31:51,218: INFO     Select description columns
2020-09-14 14:31:51,274: INFO     Format the output
2020-09-14 14:31:52,051: INFO     creating random control guides
2020-09-14 14:31:52,160: INFO     Number of random control searched: 100
2020-09-14 14:31:52,161: INFO     Percentage of GC content in the input genome: 67.63
2020-09-14 14:31:52,161: INFO     Total length of the genome: 6.4 MB
2020-09-14 14:31:52,161: INFO     created 10 control guides with a minimum distance of 7 and a median distance of 7
2020-09-14 14:31:52,164: INFO     guidemaker completed, results are at TEST
2020-09-14 14:31:52,164: INFO     PAM sequence: NGG
2020-09-14 14:31:52,164: INFO     PAM orientation: 5prime
2020-09-14 14:31:52,164: INFO     Genome strand(s) searched: both
2020-09-14 14:31:52,164: INFO     Total PAM sites considered: 923226
2020-09-14 14:31:52,164: INFO     Guide RNA candidates found: 36035
	Command being timed: "guidemaker -i ../../all_test_data/Burkholderia_thailandensis_E264_ATCC_700388_133.gbk --pamseq NGG --outdir TEST --pam_orientation 5prime --guidelength 20 --strand both --lcp 10 --dist 3 --before 100 --into 100 --knum 10 --controls 10 --log GuideMaker_58623691_2.log --threads 1"
	User time (seconds): 162.39
	System time (seconds): 4.03
	Percent of CPU this job got: 100%
	Elapsed (wall clock) time (h:mm:ss or m:ss): 2:45.43
	Average shared text size (kbytes): 0
	Average unshared data size (kbytes): 0
	Average stack size (kbytes): 0
	Average total size (kbytes): 0
	Maximum resident set size (kbytes): 1931140
	Average resident set size (kbytes): 0
	Major (requiring I/O) page faults: 123
	Minor (reclaiming a frame) page faults: 1888539
	Voluntary context switches: 3925
	Involuntary context switches: 144411
	Swaps: 0
	File system inputs: 393984
	File system outputs: 147592
	Socket messages sent: 0
	Socket messages received: 0
	Signals delivered: 0
	Page size (bytes): 4096
	Exit status: 0
My SLURM_ARRAY_TASK_ID:  2
My TMPDIR IS:  /tmp
Input Genome:>>>>>>>>>>>>>>>>>>>>>>>>>>>>>>>>>>>>>>>>>>>  Burkholderia_thailandensis_E264_ATCC_700388_133.gbk
Threads used:>>>>>>>>>>>>>>>>>>>>>>>>>>>>>>>>>>>>>>>>>>>  2
GuideMaker
2020-09-14 14:31:54,675: INFO     Temp directory is: /tmp/guidemaker_lfd0n3gs
2020-09-14 14:31:54,675: INFO     Writing fasta file from genbank file(s)
2020-09-14 14:31:54,676: INFO     check if ../../all_test_data/Burkholderia_thailandensis_E264_ATCC_700388_133.gbk is gzipped
2020-09-14 14:31:55,423: INFO     Identifying PAM sites in the genome
2020-09-14 14:32:39,854: INFO     Identifing guides that are unique near the PAM site
2020-09-14 14:32:41,058: INFO     Indexing all potential guide sites: 923226. This is the longest step.
2020-09-14 14:32:45,369: INFO     M                   = 16
2020-09-14 14:32:45,370: INFO     indexThreadQty      = 2
2020-09-14 14:32:45,370: INFO     efConstruction      = 10
2020-09-14 14:32:45,370: INFO     maxM			          = 16
2020-09-14 14:32:45,370: INFO     maxM0			          = 32
2020-09-14 14:32:45,370: INFO     mult                = 0.360674
2020-09-14 14:32:45,370: INFO     skip_optimized_index= 0
2020-09-14 14:32:45,370: INFO     delaunay_type       = 2
2020-09-14 14:32:45,370: INFO     Set HNSW query-time parameters:
2020-09-14 14:32:45,370: INFO     ef(Search)         =20
2020-09-14 14:32:45,370: INFO     algoType           =2

0%   10   20   30   40   50   60   70   80   90   100%
|----|----|----|----|----|----|----|----|----|----|
***************************************************

0%   10   20   30   40   50   60   70   80   90   100%
|----|----|----|----|----|----|----|----|----|----|
****************************************************2020-09-14 14:33:41,617: INFO     No appropriate custom distance function for Hamming (bit-storage) space
2020-09-14 14:33:41,618: INFO     searchMethod			  = 0
2020-09-14 14:33:41,694: INFO     Identifying guides that have a hamming distance <= 3 to all other potential guides
2020-09-14 14:33:41,972: INFO     Set HNSW query-time parameters:
2020-09-14 14:33:41,972: INFO     ef(Search)         =9
2020-09-14 14:33:41,972: INFO     algoType           =2
2020-09-14 14:33:53,007: INFO     Formatting data for BedTools
2020-09-14 14:33:53,348: INFO     Create GuideMaker Annotation object
2020-09-14 14:33:53,349: INFO     Identify genomic features
2020-09-14 14:33:53,349: INFO     check if ../../all_test_data/Burkholderia_thailandensis_E264_ATCC_700388_133.gbk is gzipped
2020-09-14 14:33:54,632: INFO     Total number of CDS/locus in the input genome: 5633
2020-09-14 14:33:54,632: INFO     Find genomic features closest the guides
2020-09-14 14:33:56,982: INFO     Select guides that start between +100 and -100 of a feature start
2020-09-14 14:33:57,139: INFO     Select description columns
2020-09-14 14:33:57,188: INFO     Format the output
2020-09-14 14:33:57,903: INFO     creating random control guides
2020-09-14 14:33:58,031: INFO     Number of random control searched: 100
2020-09-14 14:33:58,032: INFO     Percentage of GC content in the input genome: 67.63
2020-09-14 14:33:58,032: INFO     Total length of the genome: 6.4 MB
2020-09-14 14:33:58,032: INFO     created 10 control guides with a minimum distance of 7 and a median distance of 8
2020-09-14 14:33:58,034: INFO     guidemaker completed, results are at TEST
2020-09-14 14:33:58,034: INFO     PAM sequence: NGG
2020-09-14 14:33:58,034: INFO     PAM orientation: 5prime
2020-09-14 14:33:58,034: INFO     Genome strand(s) searched: both
2020-09-14 14:33:58,034: INFO     Total PAM sites considered: 923226
2020-09-14 14:33:58,034: INFO     Guide RNA candidates found: 36031
	Command being timed: "guidemaker -i ../../all_test_data/Burkholderia_thailandensis_E264_ATCC_700388_133.gbk --pamseq NGG --outdir TEST --pam_orientation 5prime --guidelength 20 --strand both --lcp 10 --dist 3 --before 100 --into 100 --knum 10 --controls 10 --log GuideMaker_58623691_2.log --threads 2"
	User time (seconds): 176.56
	System time (seconds): 11.43
	Percent of CPU this job got: 149%
	Elapsed (wall clock) time (h:mm:ss or m:ss): 2:05.96
	Average shared text size (kbytes): 0
	Average unshared data size (kbytes): 0
	Average stack size (kbytes): 0
	Average total size (kbytes): 0
	Maximum resident set size (kbytes): 2054384
	Average resident set size (kbytes): 0
	Major (requiring I/O) page faults: 0
	Minor (reclaiming a frame) page faults: 6020873
	Voluntary context switches: 68108
	Involuntary context switches: 218454
	Swaps: 0
	File system inputs: 0
	File system outputs: 147624
	Socket messages sent: 0
	Socket messages received: 0
	Signals delivered: 0
	Page size (bytes): 4096
	Exit status: 0
My SLURM_ARRAY_TASK_ID:  2
My TMPDIR IS:  /tmp
Input Genome:>>>>>>>>>>>>>>>>>>>>>>>>>>>>>>>>>>>>>>>>>>>  Burkholderia_thailandensis_E264_ATCC_700388_133.gbk
Threads used:>>>>>>>>>>>>>>>>>>>>>>>>>>>>>>>>>>>>>>>>>>>  4
GuideMaker
2020-09-14 14:34:00,707: INFO     Temp directory is: /tmp/guidemaker_klw2bmtq
2020-09-14 14:34:00,707: INFO     Writing fasta file from genbank file(s)
2020-09-14 14:34:00,707: INFO     check if ../../all_test_data/Burkholderia_thailandensis_E264_ATCC_700388_133.gbk is gzipped
2020-09-14 14:34:01,456: INFO     Identifying PAM sites in the genome
2020-09-14 14:34:46,116: INFO     Identifing guides that are unique near the PAM site
2020-09-14 14:34:47,291: INFO     Indexing all potential guide sites: 923226. This is the longest step.
2020-09-14 14:34:51,722: INFO     M                   = 16
2020-09-14 14:34:51,722: INFO     indexThreadQty      = 4
2020-09-14 14:34:51,722: INFO     efConstruction      = 10
2020-09-14 14:34:51,722: INFO     maxM			          = 16
2020-09-14 14:34:51,722: INFO     maxM0			          = 32
2020-09-14 14:34:51,722: INFO     mult                = 0.360674
2020-09-14 14:34:51,722: INFO     skip_optimized_index= 0
2020-09-14 14:34:51,723: INFO     delaunay_type       = 2
2020-09-14 14:34:51,723: INFO     Set HNSW query-time parameters:
2020-09-14 14:34:51,723: INFO     ef(Search)         =20
2020-09-14 14:34:51,723: INFO     algoType           =2

0%   10   20   30   40   50   60   70   80   90   100%
|----|----|----|----|----|----|----|----|----|----|
***************************************************

0%   10   20   30   40   50   60   70   80   90   100%
|----|----|----|----|----|----|----|----|----|----|
****************************************************2020-09-14 14:35:21,683: INFO     No appropriate custom distance function for Hamming (bit-storage) space
2020-09-14 14:35:21,684: INFO     searchMethod			  = 0
2020-09-14 14:35:21,767: INFO     Identifying guides that have a hamming distance <= 3 to all other potential guides
2020-09-14 14:35:22,077: INFO     Set HNSW query-time parameters:
2020-09-14 14:35:22,077: INFO     ef(Search)         =9
2020-09-14 14:35:22,078: INFO     algoType           =2
2020-09-14 14:35:31,745: INFO     Formatting data for BedTools
2020-09-14 14:35:32,093: INFO     Create GuideMaker Annotation object
2020-09-14 14:35:32,094: INFO     Identify genomic features
2020-09-14 14:35:32,094: INFO     check if ../../all_test_data/Burkholderia_thailandensis_E264_ATCC_700388_133.gbk is gzipped
2020-09-14 14:35:33,315: INFO     Total number of CDS/locus in the input genome: 5633
2020-09-14 14:35:33,316: INFO     Find genomic features closest the guides
2020-09-14 14:35:35,650: INFO     Select guides that start between +100 and -100 of a feature start
2020-09-14 14:35:35,807: INFO     Select description columns
2020-09-14 14:35:35,857: INFO     Format the output
2020-09-14 14:35:36,574: INFO     creating random control guides
2020-09-14 14:35:36,719: INFO     Number of random control searched: 100
2020-09-14 14:35:36,719: INFO     Percentage of GC content in the input genome: 67.63
2020-09-14 14:35:36,719: INFO     Total length of the genome: 6.4 MB
2020-09-14 14:35:36,719: INFO     created 10 control guides with a minimum distance of 7 and a median distance of 7
2020-09-14 14:35:36,722: INFO     guidemaker completed, results are at TEST
2020-09-14 14:35:36,722: INFO     PAM sequence: NGG
2020-09-14 14:35:36,722: INFO     PAM orientation: 5prime
2020-09-14 14:35:36,722: INFO     Genome strand(s) searched: both
2020-09-14 14:35:36,722: INFO     Total PAM sites considered: 923226
2020-09-14 14:35:36,722: INFO     Guide RNA candidates found: 36035
	Command being timed: "guidemaker -i ../../all_test_data/Burkholderia_thailandensis_E264_ATCC_700388_133.gbk --pamseq NGG --outdir TEST --pam_orientation 5prime --guidelength 20 --strand both --lcp 10 --dist 3 --before 100 --into 100 --knum 10 --controls 10 --log GuideMaker_58623691_2.log --threads 4"
	User time (seconds): 185.50
	System time (seconds): 9.84
	Percent of CPU this job got: 197%
	Elapsed (wall clock) time (h:mm:ss or m:ss): 1:38.71
	Average shared text size (kbytes): 0
	Average unshared data size (kbytes): 0
	Average stack size (kbytes): 0
	Average total size (kbytes): 0
	Maximum resident set size (kbytes): 2076148
	Average resident set size (kbytes): 0
	Major (requiring I/O) page faults: 0
	Minor (reclaiming a frame) page faults: 4171808
	Voluntary context switches: 127151
	Involuntary context switches: 679
	Swaps: 0
	File system inputs: 8
	File system outputs: 147568
	Socket messages sent: 0
	Socket messages received: 0
	Signals delivered: 0
	Page size (bytes): 4096
	Exit status: 0
My SLURM_ARRAY_TASK_ID:  2
My TMPDIR IS:  /tmp
Input Genome:>>>>>>>>>>>>>>>>>>>>>>>>>>>>>>>>>>>>>>>>>>>  Burkholderia_thailandensis_E264_ATCC_700388_133.gbk
Threads used:>>>>>>>>>>>>>>>>>>>>>>>>>>>>>>>>>>>>>>>>>>>  8
GuideMaker
2020-09-14 14:35:39,414: INFO     Temp directory is: /tmp/guidemaker_t9_u9daq
2020-09-14 14:35:39,414: INFO     Writing fasta file from genbank file(s)
2020-09-14 14:35:39,414: INFO     check if ../../all_test_data/Burkholderia_thailandensis_E264_ATCC_700388_133.gbk is gzipped
2020-09-14 14:35:40,144: INFO     Identifying PAM sites in the genome
2020-09-14 14:36:25,295: INFO     Identifing guides that are unique near the PAM site
2020-09-14 14:36:26,455: INFO     Indexing all potential guide sites: 923226. This is the longest step.
2020-09-14 14:36:30,773: INFO     M                   = 16
2020-09-14 14:36:30,773: INFO     indexThreadQty      = 8
2020-09-14 14:36:30,773: INFO     efConstruction      = 10
2020-09-14 14:36:30,773: INFO     maxM			          = 16
2020-09-14 14:36:30,773: INFO     maxM0			          = 32
2020-09-14 14:36:30,773: INFO     mult                = 0.360674
2020-09-14 14:36:30,773: INFO     skip_optimized_index= 0
2020-09-14 14:36:30,773: INFO     delaunay_type       = 2
2020-09-14 14:36:30,773: INFO     Set HNSW query-time parameters:
2020-09-14 14:36:30,773: INFO     ef(Search)         =20
2020-09-14 14:36:30,773: INFO     algoType           =2

0%   10   20   30   40   50   60   70   80   90   100%
|----|----|----|----|----|----|----|----|----|----|
***************************************************

0%   10   20   30   40   50   60   70   80   90   100%
|----|----|----|----|----|----|----|----|----|----|
****************************************************

2020-09-14 14:36:46,709: INFO     No appropriate custom distance function for Hamming (bit-storage) space
2020-09-14 14:36:46,709: INFO     searchMethod			  = 0
2020-09-14 14:36:46,787: INFO     Identifying guides that have a hamming distance <= 3 to all other potential guides
2020-09-14 14:36:47,072: INFO     Set HNSW query-time parameters:
2020-09-14 14:36:47,073: INFO     ef(Search)         =9
2020-09-14 14:36:47,073: INFO     algoType           =2
2020-09-14 14:36:55,690: INFO     Formatting data for BedTools
2020-09-14 14:36:56,034: INFO     Create GuideMaker Annotation object
2020-09-14 14:36:56,034: INFO     Identify genomic features
2020-09-14 14:36:56,035: INFO     check if ../../all_test_data/Burkholderia_thailandensis_E264_ATCC_700388_133.gbk is gzipped
2020-09-14 14:36:57,234: INFO     Total number of CDS/locus in the input genome: 5633
2020-09-14 14:36:57,234: INFO     Find genomic features closest the guides
2020-09-14 14:36:59,579: INFO     Select guides that start between +100 and -100 of a feature start
2020-09-14 14:36:59,736: INFO     Select description columns
2020-09-14 14:36:59,787: INFO     Format the output
2020-09-14 14:37:00,505: INFO     creating random control guides
2020-09-14 14:37:00,613: INFO     Number of random control searched: 100
2020-09-14 14:37:00,613: INFO     Percentage of GC content in the input genome: 67.63
2020-09-14 14:37:00,613: INFO     Total length of the genome: 6.4 MB
2020-09-14 14:37:00,613: INFO     created 10 control guides with a minimum distance of 7 and a median distance of 8
2020-09-14 14:37:00,618: INFO     guidemaker completed, results are at TEST
2020-09-14 14:37:00,619: INFO     PAM sequence: NGG
2020-09-14 14:37:00,619: INFO     PAM orientation: 5prime
2020-09-14 14:37:00,619: INFO     Genome strand(s) searched: both
2020-09-14 14:37:00,619: INFO     Total PAM sites considered: 923226
2020-09-14 14:37:00,619: INFO     Guide RNA candidates found: 36028
	Command being timed: "guidemaker -i ../../all_test_data/Burkholderia_thailandensis_E264_ATCC_700388_133.gbk --pamseq NGG --outdir TEST --pam_orientation 5prime --guidelength 20 --strand both --lcp 10 --dist 3 --before 100 --into 100 --knum 10 --controls 10 --log GuideMaker_58623691_2.log --threads 8"
	User time (seconds): 193.02
	System time (seconds): 9.34
	Percent of CPU this job got: 241%
	Elapsed (wall clock) time (h:mm:ss or m:ss): 1:23.88
	Average shared text size (kbytes): 0
	Average unshared data size (kbytes): 0
	Average stack size (kbytes): 0
	Average total size (kbytes): 0
	Maximum resident set size (kbytes): 2084228
	Average resident set size (kbytes): 0
	Major (requiring I/O) page faults: 0
	Minor (reclaiming a frame) page faults: 2956708
	Voluntary context switches: 209384
	Involuntary context switches: 104910
	Swaps: 0
	File system inputs: 0
	File system outputs: 147568
	Socket messages sent: 0
	Socket messages received: 0
	Signals delivered: 0
	Page size (bytes): 4096
	Exit status: 0
My SLURM_ARRAY_TASK_ID:  2
My TMPDIR IS:  /tmp
Input Genome:>>>>>>>>>>>>>>>>>>>>>>>>>>>>>>>>>>>>>>>>>>>  Burkholderia_thailandensis_E264_ATCC_700388_133.gbk
Threads used:>>>>>>>>>>>>>>>>>>>>>>>>>>>>>>>>>>>>>>>>>>>  16
GuideMaker
2020-09-14 14:37:03,308: INFO     Temp directory is: /tmp/guidemaker_ogtyy7ag
2020-09-14 14:37:03,308: INFO     Writing fasta file from genbank file(s)
2020-09-14 14:37:03,308: INFO     check if ../../all_test_data/Burkholderia_thailandensis_E264_ATCC_700388_133.gbk is gzipped
2020-09-14 14:37:04,042: INFO     Identifying PAM sites in the genome
2020-09-14 14:37:48,552: INFO     Identifing guides that are unique near the PAM site
2020-09-14 14:37:49,676: INFO     Indexing all potential guide sites: 923226. This is the longest step.
2020-09-14 14:37:53,989: INFO     M                   = 16
2020-09-14 14:37:53,989: INFO     indexThreadQty      = 16
2020-09-14 14:37:53,989: INFO     efConstruction      = 10
2020-09-14 14:37:53,990: INFO     maxM			          = 16
2020-09-14 14:37:53,990: INFO     maxM0			          = 32
2020-09-14 14:37:53,990: INFO     mult                = 0.360674
2020-09-14 14:37:53,990: INFO     skip_optimized_index= 0
2020-09-14 14:37:53,990: INFO     delaunay_type       = 2
2020-09-14 14:37:53,990: INFO     Set HNSW query-time parameters:
2020-09-14 14:37:53,990: INFO     ef(Search)         =20
2020-09-14 14:37:53,990: INFO     algoType           =2

0%   10   20   30   40   50   60   70   80   90   100%
|----|----|----|----|----|----|----|----|----|----|
***************************************************

0%   10   20   30   40   50   60   70   80   90   100%
|----|----|----|----|----|----|----|----|----|----|
****************************************************


2020-09-14 14:38:02,780: INFO     No appropriate custom distance function for Hamming (bit-storage) space
2020-09-14 14:38:02,781: INFO     searchMethod			  = 0
2020-09-14 14:38:02,865: INFO     Identifying guides that have a hamming distance <= 3 to all other potential guides
2020-09-14 14:38:03,164: INFO     Set HNSW query-time parameters:
2020-09-14 14:38:03,164: INFO     ef(Search)         =9
2020-09-14 14:38:03,164: INFO     algoType           =2
2020-09-14 14:38:10,983: INFO     Formatting data for BedTools
2020-09-14 14:38:11,324: INFO     Create GuideMaker Annotation object
2020-09-14 14:38:11,325: INFO     Identify genomic features
2020-09-14 14:38:11,325: INFO     check if ../../all_test_data/Burkholderia_thailandensis_E264_ATCC_700388_133.gbk is gzipped
2020-09-14 14:38:12,525: INFO     Total number of CDS/locus in the input genome: 5633
2020-09-14 14:38:12,525: INFO     Find genomic features closest the guides
2020-09-14 14:38:14,847: INFO     Select guides that start between +100 and -100 of a feature start
2020-09-14 14:38:15,001: INFO     Select description columns
2020-09-14 14:38:15,051: INFO     Format the output
2020-09-14 14:38:15,764: INFO     creating random control guides
2020-09-14 14:38:15,884: INFO     Number of random control searched: 100
2020-09-14 14:38:15,884: INFO     Percentage of GC content in the input genome: 67.63
2020-09-14 14:38:15,884: INFO     Total length of the genome: 6.4 MB
2020-09-14 14:38:15,884: INFO     created 10 control guides with a minimum distance of 7 and a median distance of 7
2020-09-14 14:38:15,887: INFO     guidemaker completed, results are at TEST
2020-09-14 14:38:15,887: INFO     PAM sequence: NGG
2020-09-14 14:38:15,887: INFO     PAM orientation: 5prime
2020-09-14 14:38:15,887: INFO     Genome strand(s) searched: both
2020-09-14 14:38:15,887: INFO     Total PAM sites considered: 923226
2020-09-14 14:38:15,887: INFO     Guide RNA candidates found: 36045
	Command being timed: "guidemaker -i ../../all_test_data/Burkholderia_thailandensis_E264_ATCC_700388_133.gbk --pamseq NGG --outdir TEST --pam_orientation 5prime --guidelength 20 --strand both --lcp 10 --dist 3 --before 100 --into 100 --knum 10 --controls 10 --log GuideMaker_58623691_2.log --threads 16"
	User time (seconds): 200.02
	System time (seconds): 11.52
	Percent of CPU this job got: 280%
	Elapsed (wall clock) time (h:mm:ss or m:ss): 1:15.30
	Average shared text size (kbytes): 0
	Average unshared data size (kbytes): 0
	Average stack size (kbytes): 0
	Average total size (kbytes): 0
	Maximum resident set size (kbytes): 2096672
	Average resident set size (kbytes): 0
	Major (requiring I/O) page faults: 0
	Minor (reclaiming a frame) page faults: 2414759
	Voluntary context switches: 371271
	Involuntary context switches: 435845
	Swaps: 0
	File system inputs: 0
	File system outputs: 147584
	Socket messages sent: 0
	Socket messages received: 0
	Signals delivered: 0
	Page size (bytes): 4096
	Exit status: 0
My SLURM_ARRAY_TASK_ID:  2
My TMPDIR IS:  /tmp
Input Genome:>>>>>>>>>>>>>>>>>>>>>>>>>>>>>>>>>>>>>>>>>>>  Burkholderia_thailandensis_E264_ATCC_700388_133.gbk
Threads used:>>>>>>>>>>>>>>>>>>>>>>>>>>>>>>>>>>>>>>>>>>>  32
GuideMaker
2020-09-14 14:38:18,631: INFO     Temp directory is: /tmp/guidemaker_sa04_afd
2020-09-14 14:38:18,631: INFO     Writing fasta file from genbank file(s)
2020-09-14 14:38:18,631: INFO     check if ../../all_test_data/Burkholderia_thailandensis_E264_ATCC_700388_133.gbk is gzipped
2020-09-14 14:38:19,378: INFO     Identifying PAM sites in the genome
2020-09-14 14:39:05,688: INFO     Identifing guides that are unique near the PAM site
2020-09-14 14:39:06,848: INFO     Indexing all potential guide sites: 923226. This is the longest step.
2020-09-14 14:39:11,227: INFO     M                   = 16
2020-09-14 14:39:11,227: INFO     indexThreadQty      = 32
2020-09-14 14:39:11,227: INFO     efConstruction      = 10
2020-09-14 14:39:11,228: INFO     maxM			          = 16
2020-09-14 14:39:11,228: INFO     maxM0			          = 32
2020-09-14 14:39:11,228: INFO     mult                = 0.360674
2020-09-14 14:39:11,228: INFO     skip_optimized_index= 0
2020-09-14 14:39:11,228: INFO     delaunay_type       = 2
2020-09-14 14:39:11,228: INFO     Set HNSW query-time parameters:
2020-09-14 14:39:11,228: INFO     ef(Search)         =20
2020-09-14 14:39:11,228: INFO     algoType           =2

0%   10   20   30   40   50   60   70   80   90   100%
|----|----|----|----|----|----|----|----|----|----|
***************************************************

0%   10   20   30   40   50   60   70   80   90   100%
|----|----|----|----|----|----|----|----|----|----|
**********************************************************2020-09-14 14:39:16,860: INFO     No appropriate custom distance function for Hamming (bit-storage) space
2020-09-14 14:39:16,860: INFO     searchMethod			  = 0
2020-09-14 14:39:16,939: INFO     Identifying guides that have a hamming distance <= 3 to all other potential guides
2020-09-14 14:39:17,237: INFO     Set HNSW query-time parameters:
2020-09-14 14:39:17,237: INFO     ef(Search)         =9
2020-09-14 14:39:17,237: INFO     algoType           =2
2020-09-14 14:39:25,471: INFO     Formatting data for BedTools
2020-09-14 14:39:25,820: INFO     Create GuideMaker Annotation object
2020-09-14 14:39:25,820: INFO     Identify genomic features
2020-09-14 14:39:25,821: INFO     check if ../../all_test_data/Burkholderia_thailandensis_E264_ATCC_700388_133.gbk is gzipped
2020-09-14 14:39:27,016: INFO     Total number of CDS/locus in the input genome: 5633
2020-09-14 14:39:27,016: INFO     Find genomic features closest the guides
2020-09-14 14:39:29,354: INFO     Select guides that start between +100 and -100 of a feature start
2020-09-14 14:39:29,531: INFO     Select description columns
2020-09-14 14:39:29,580: INFO     Format the output
2020-09-14 14:39:30,298: INFO     creating random control guides
2020-09-14 14:39:30,434: INFO     Number of random control searched: 100
2020-09-14 14:39:30,435: INFO     Percentage of GC content in the input genome: 67.63
2020-09-14 14:39:30,435: INFO     Total length of the genome: 6.4 MB
2020-09-14 14:39:30,435: INFO     created 10 control guides with a minimum distance of 7 and a median distance of 8
2020-09-14 14:39:30,437: INFO     guidemaker completed, results are at TEST
2020-09-14 14:39:30,437: INFO     PAM sequence: NGG
2020-09-14 14:39:30,437: INFO     PAM orientation: 5prime
2020-09-14 14:39:30,437: INFO     Genome strand(s) searched: both
2020-09-14 14:39:30,438: INFO     Total PAM sites considered: 923226
2020-09-14 14:39:30,438: INFO     Guide RNA candidates found: 36062
	Command being timed: "guidemaker -i ../../all_test_data/Burkholderia_thailandensis_E264_ATCC_700388_133.gbk --pamseq NGG --outdir TEST --pam_orientation 5prime --guidelength 20 --strand both --lcp 10 --dist 3 --before 100 --into 100 --knum 10 --controls 10 --log GuideMaker_58623691_2.log --threads 32"
	User time (seconds): 213.38
	System time (seconds): 17.47
	Percent of CPU this job got: 309%
	Elapsed (wall clock) time (h:mm:ss or m:ss): 1:14.52
	Average shared text size (kbytes): 0
	Average unshared data size (kbytes): 0
	Average stack size (kbytes): 0
	Average total size (kbytes): 0
	Maximum resident set size (kbytes): 2110392
	Average resident set size (kbytes): 0
	Major (requiring I/O) page faults: 0
	Minor (reclaiming a frame) page faults: 2149443
	Voluntary context switches: 889027
	Involuntary context switches: 618
	Swaps: 0
	File system inputs: 0
	File system outputs: 147656
	Socket messages sent: 0
	Socket messages received: 0
	Signals delivered: 0
	Page size (bytes): 4096
	Exit status: 0
