Wed Aug 19 23:57:29 EDT 2020
c22b-s18.ufhpc
/blue/garrett/rp3448/analysis/guidemaker/AVXGuidemaker/GuideMaker
My SLURM_ARRAY_TASK_ID:  1
My TMPDIR IS:  /scratch/local/57685964
Input Genome:>>>>>>>>>>>>>>>>>>>>>>>>>>>>>>>>>>>>>>>>>>>  Escherichia.coli_str_K-12_substr_MG1655.gbk
Threads used:>>>>>>>>>>>>>>>>>>>>>>>>>>>>>>>>>>>>>>>>>>>  1
GuideMaker
2020-08-19 23:57:33,200: INFO     Temp directory is: /scratch/local/57685964/guidemaker_tx2az2x_
2020-08-19 23:57:33,201: INFO     Writing fasta file from genbank file(s)
2020-08-19 23:57:33,201: INFO     check if test/test_data/Escherichia.coli_str_K-12_substr_MG1655.gbk is gzipped
2020-08-19 23:57:34,185: INFO     Identifying PAM sites in the genome
2020-08-19 23:57:47,868: INFO     Identifing guides that are unique near the PAM site
2020-08-19 23:57:48,785: INFO     Indexing all potential guide sites: 542073. This is the longest step.
2020-08-19 23:57:51,318: INFO     M                   = 16
2020-08-19 23:57:51,318: INFO     indexThreadQty      = 1
2020-08-19 23:57:51,318: INFO     efConstruction      = 64
2020-08-19 23:57:51,318: INFO     maxM			          = 16
2020-08-19 23:57:51,318: INFO     maxM0			          = 32
2020-08-19 23:57:51,318: INFO     mult                = 0.360674
2020-08-19 23:57:51,318: INFO     skip_optimized_index= 0
2020-08-19 23:57:51,318: INFO     delaunay_type       = 2
2020-08-19 23:57:51,319: INFO     Set HNSW query-time parameters:
2020-08-19 23:57:51,319: INFO     ef(Search)         =20
2020-08-19 23:57:51,319: INFO     algoType           =2

0%   10   20   30   40   50   60   70   80   90   100%
|----|----|----|----|----|----|----|----|----|----|
***************************************************

0%   10   20   30   40   50   60   70   80   90   100%
|----|----|----|----|----|----|----|----|----|----|
***************************************************
*2020-08-20 00:02:08,887: INFO     No appropriate custom distance function for Hamming (bit-storage) space
2020-08-20 00:02:08,890: INFO     searchMethod			  = 0
2020-08-20 00:02:08,934: INFO     Identifying guides that have a hamming distance <= 3 to all other potential guides
2020-08-20 00:02:09,277: INFO     Set HNSW query-time parameters:
2020-08-20 00:02:09,277: INFO     ef(Search)         =256
2020-08-20 00:02:09,277: INFO     algoType           =2
2020-08-20 00:05:19,531: INFO     Formatting data for BedTools
2020-08-20 00:05:19,991: INFO     Create GuideMaker Annotation object
2020-08-20 00:05:19,991: INFO     Identify genomic features
2020-08-20 00:05:19,992: INFO     check if test/test_data/Escherichia.coli_str_K-12_substr_MG1655.gbk is gzipped
2020-08-20 00:05:21,381: INFO     Total number of CDS/locus in the input genome: 4357
2020-08-20 00:05:21,381: INFO     Find genomic features closest the guides
2020-08-20 00:05:24,350: INFO     Select guides that start between +100 and -100 of a feature start
2020-08-20 00:05:24,556: INFO     Select description columns
2020-08-20 00:05:24,639: INFO     Format the output
2020-08-20 00:05:25,441: INFO     creating random control guides
2020-08-20 00:07:04,484: INFO     created 10 control guides with a minimum distance of 7 and a median distance of 7
2020-08-20 00:07:04,497: INFO     guidemaker completed, results are at TEST
2020-08-20 00:07:04,497: INFO     PAM sequence: NGG
2020-08-20 00:07:04,497: INFO     PAM orientation: 5prime
2020-08-20 00:07:04,497: INFO     Genome strand(s) searched: both
2020-08-20 00:07:04,498: INFO     Total PAM sites considered: 542073
2020-08-20 00:07:04,498: INFO     Guide RNA candidates found: 35845
Number of random control searched:  100000
	Command being timed: "guidemaker -i test/test_data/Escherichia.coli_str_K-12_substr_MG1655.gbk --pamseq NGG --outdir TEST --pam_orientation 5prime --guidelength 20 --strand both --lcp 10 --dist 3 --before 100 --into 100 --knum 10 --controls 10 --log GuideMaker_57685964_1.log --threads 1"
	User time (seconds): 572.12
	System time (seconds): 4.35
	Percent of CPU this job got: 100%
	Elapsed (wall clock) time (h:mm:ss or m:ss): 9:33.59
	Average shared text size (kbytes): 0
	Average unshared data size (kbytes): 0
	Average stack size (kbytes): 0
	Average total size (kbytes): 0
	Maximum resident set size (kbytes): 1604988
	Average resident set size (kbytes): 0
	Major (requiring I/O) page faults: 0
	Minor (reclaiming a frame) page faults: 2733429
	Voluntary context switches: 3113
	Involuntary context switches: 143218
	Swaps: 0
	File system inputs: 24200
	File system outputs: 196136
	Socket messages sent: 0
	Socket messages received: 0
	Signals delivered: 0
	Page size (bytes): 4096
	Exit status: 0
My SLURM_ARRAY_TASK_ID:  1
My TMPDIR IS:  /scratch/local/57685964
Input Genome:>>>>>>>>>>>>>>>>>>>>>>>>>>>>>>>>>>>>>>>>>>>  Escherichia.coli_str_K-12_substr_MG1655.gbk
Threads used:>>>>>>>>>>>>>>>>>>>>>>>>>>>>>>>>>>>>>>>>>>>  2
GuideMaker
2020-08-20 00:07:06,930: INFO     Temp directory is: /scratch/local/57685964/guidemaker_6dxqew24
2020-08-20 00:07:06,930: INFO     Writing fasta file from genbank file(s)
2020-08-20 00:07:06,931: INFO     check if test/test_data/Escherichia.coli_str_K-12_substr_MG1655.gbk is gzipped
2020-08-20 00:07:07,841: INFO     Identifying PAM sites in the genome
2020-08-20 00:07:19,896: INFO     Identifing guides that are unique near the PAM site
2020-08-20 00:07:20,807: INFO     Indexing all potential guide sites: 542073. This is the longest step.
2020-08-20 00:07:23,354: INFO     M                   = 16
2020-08-20 00:07:23,354: INFO     indexThreadQty      = 2
2020-08-20 00:07:23,354: INFO     efConstruction      = 64
2020-08-20 00:07:23,354: INFO     maxM			          = 16
2020-08-20 00:07:23,354: INFO     maxM0			          = 32
2020-08-20 00:07:23,355: INFO     mult                = 0.360674
2020-08-20 00:07:23,355: INFO     skip_optimized_index= 0
2020-08-20 00:07:23,355: INFO     delaunay_type       = 2
2020-08-20 00:07:23,355: INFO     Set HNSW query-time parameters:
2020-08-20 00:07:23,355: INFO     ef(Search)         =20
2020-08-20 00:07:23,355: INFO     algoType           =2

0%   10   20   30   40   50   60   70   80   90   100%
|----|----|----|----|----|----|----|----|----|----|
***************************************************

0%   10   20   30   40   50   60   70   80   90   100%
|----|----|----|----|----|----|----|----|----|----|
****************************************************2020-08-20 00:09:46,687: INFO     No appropriate custom distance function for Hamming (bit-storage) space
2020-08-20 00:09:46,688: INFO     searchMethod			  = 0
2020-08-20 00:09:46,735: INFO     Identifying guides that have a hamming distance <= 3 to all other potential guides
2020-08-20 00:09:47,113: INFO     Set HNSW query-time parameters:
2020-08-20 00:09:47,113: INFO     ef(Search)         =256
2020-08-20 00:09:47,113: INFO     algoType           =2
2020-08-20 00:11:32,913: INFO     Formatting data for BedTools
2020-08-20 00:11:33,339: INFO     Create GuideMaker Annotation object
2020-08-20 00:11:33,340: INFO     Identify genomic features
2020-08-20 00:11:33,340: INFO     check if test/test_data/Escherichia.coli_str_K-12_substr_MG1655.gbk is gzipped
2020-08-20 00:11:34,710: INFO     Total number of CDS/locus in the input genome: 4357
2020-08-20 00:11:34,710: INFO     Find genomic features closest the guides
2020-08-20 00:11:37,791: INFO     Select guides that start between +100 and -100 of a feature start
2020-08-20 00:11:37,983: INFO     Select description columns
2020-08-20 00:11:38,060: INFO     Format the output
2020-08-20 00:11:38,822: INFO     creating random control guides
2020-08-20 00:12:35,754: INFO     created 10 control guides with a minimum distance of 7 and a median distance of 7
2020-08-20 00:12:35,759: INFO     guidemaker completed, results are at TEST
2020-08-20 00:12:35,760: INFO     PAM sequence: NGG
2020-08-20 00:12:35,760: INFO     PAM orientation: 5prime
2020-08-20 00:12:35,760: INFO     Genome strand(s) searched: both
2020-08-20 00:12:35,760: INFO     Total PAM sites considered: 542073
2020-08-20 00:12:35,760: INFO     Guide RNA candidates found: 35845
Number of random control searched:  100000
	Command being timed: "guidemaker -i test/test_data/Escherichia.coli_str_K-12_substr_MG1655.gbk --pamseq NGG --outdir TEST --pam_orientation 5prime --guidelength 20 --strand both --lcp 10 --dist 3 --before 100 --into 100 --knum 10 --controls 10 --log GuideMaker_57685964_1.log --threads 2"
	User time (seconds): 605.33
	System time (seconds): 17.36
	Percent of CPU this job got: 187%
	Elapsed (wall clock) time (h:mm:ss or m:ss): 5:31.31
	Average shared text size (kbytes): 0
	Average unshared data size (kbytes): 0
	Average stack size (kbytes): 0
	Average total size (kbytes): 0
	Maximum resident set size (kbytes): 1717752
	Average resident set size (kbytes): 0
	Major (requiring I/O) page faults: 0
	Minor (reclaiming a frame) page faults: 8371479
	Voluntary context switches: 37091
	Involuntary context switches: 843
	Swaps: 0
	File system inputs: 8
	File system outputs: 196064
	Socket messages sent: 0
	Socket messages received: 0
	Signals delivered: 0
	Page size (bytes): 4096
	Exit status: 0
My SLURM_ARRAY_TASK_ID:  1
My TMPDIR IS:  /scratch/local/57685964
Input Genome:>>>>>>>>>>>>>>>>>>>>>>>>>>>>>>>>>>>>>>>>>>>  Escherichia.coli_str_K-12_substr_MG1655.gbk
Threads used:>>>>>>>>>>>>>>>>>>>>>>>>>>>>>>>>>>>>>>>>>>>  4
GuideMaker
2020-08-20 00:12:38,116: INFO     Temp directory is: /scratch/local/57685964/guidemaker_g69rwujy
2020-08-20 00:12:38,116: INFO     Writing fasta file from genbank file(s)
2020-08-20 00:12:38,116: INFO     check if test/test_data/Escherichia.coli_str_K-12_substr_MG1655.gbk is gzipped
2020-08-20 00:12:39,022: INFO     Identifying PAM sites in the genome
2020-08-20 00:12:52,216: INFO     Identifing guides that are unique near the PAM site
2020-08-20 00:12:53,144: INFO     Indexing all potential guide sites: 542073. This is the longest step.
2020-08-20 00:12:55,669: INFO     M                   = 16
2020-08-20 00:12:55,669: INFO     indexThreadQty      = 4
2020-08-20 00:12:55,670: INFO     efConstruction      = 64
2020-08-20 00:12:55,670: INFO     maxM			          = 16
2020-08-20 00:12:55,670: INFO     maxM0			          = 32
2020-08-20 00:12:55,670: INFO     mult                = 0.360674
2020-08-20 00:12:55,670: INFO     skip_optimized_index= 0
2020-08-20 00:12:55,670: INFO     delaunay_type       = 2
2020-08-20 00:12:55,670: INFO     Set HNSW query-time parameters:
2020-08-20 00:12:55,670: INFO     ef(Search)         =20
2020-08-20 00:12:55,670: INFO     algoType           =2

0%   10   20   30   40   50   60   70   80   90   100%
|----|----|----|----|----|----|----|----|----|----|
***************************************************

0%   10   20   30   40   50   60   70   80   90   100%
|----|----|----|----|----|----|----|----|----|----|
****************************************************

2020-08-20 00:14:09,151: INFO     No appropriate custom distance function for Hamming (bit-storage) space
2020-08-20 00:14:09,151: INFO     searchMethod			  = 0
2020-08-20 00:14:09,199: INFO     Identifying guides that have a hamming distance <= 3 to all other potential guides
2020-08-20 00:14:09,571: INFO     Set HNSW query-time parameters:
2020-08-20 00:14:09,571: INFO     ef(Search)         =256
2020-08-20 00:14:09,571: INFO     algoType           =2
2020-08-20 00:15:07,290: INFO     Formatting data for BedTools
2020-08-20 00:15:07,715: INFO     Create GuideMaker Annotation object
2020-08-20 00:15:07,715: INFO     Identify genomic features
2020-08-20 00:15:07,716: INFO     check if test/test_data/Escherichia.coli_str_K-12_substr_MG1655.gbk is gzipped
2020-08-20 00:15:09,099: INFO     Total number of CDS/locus in the input genome: 4357
2020-08-20 00:15:09,099: INFO     Find genomic features closest the guides
2020-08-20 00:15:12,539: INFO     Select guides that start between +100 and -100 of a feature start
2020-08-20 00:15:12,788: INFO     Select description columns
2020-08-20 00:15:12,873: INFO     Format the output
2020-08-20 00:15:13,700: INFO     creating random control guides
2020-08-20 00:15:45,358: INFO     created 10 control guides with a minimum distance of 7 and a median distance of 7
2020-08-20 00:15:45,361: INFO     guidemaker completed, results are at TEST
2020-08-20 00:15:45,361: INFO     PAM sequence: NGG
2020-08-20 00:15:45,361: INFO     PAM orientation: 5prime
2020-08-20 00:15:45,361: INFO     Genome strand(s) searched: both
2020-08-20 00:15:45,362: INFO     Total PAM sites considered: 542073
2020-08-20 00:15:45,362: INFO     Guide RNA candidates found: 35845
Number of random control searched:  100000
	Command being timed: "guidemaker -i test/test_data/Escherichia.coli_str_K-12_substr_MG1655.gbk --pamseq NGG --outdir TEST --pam_orientation 5prime --guidelength 20 --strand both --lcp 10 --dist 3 --before 100 --into 100 --knum 10 --controls 10 --log GuideMaker_57685964_1.log --threads 4"
	User time (seconds): 615.82
	System time (seconds): 13.51
	Percent of CPU this job got: 331%
	Elapsed (wall clock) time (h:mm:ss or m:ss): 3:09.59
	Average shared text size (kbytes): 0
	Average unshared data size (kbytes): 0
	Average stack size (kbytes): 0
	Average total size (kbytes): 0
	Maximum resident set size (kbytes): 1728668
	Average resident set size (kbytes): 0
	Major (requiring I/O) page faults: 0
	Minor (reclaiming a frame) page faults: 6664324
	Voluntary context switches: 70106
	Involuntary context switches: 1098
	Swaps: 0
	File system inputs: 0
	File system outputs: 196032
	Socket messages sent: 0
	Socket messages received: 0
	Signals delivered: 0
	Page size (bytes): 4096
	Exit status: 0
My SLURM_ARRAY_TASK_ID:  1
My TMPDIR IS:  /scratch/local/57685964
Input Genome:>>>>>>>>>>>>>>>>>>>>>>>>>>>>>>>>>>>>>>>>>>>  Escherichia.coli_str_K-12_substr_MG1655.gbk
Threads used:>>>>>>>>>>>>>>>>>>>>>>>>>>>>>>>>>>>>>>>>>>>  8
GuideMaker
2020-08-20 00:15:47,855: INFO     Temp directory is: /scratch/local/57685964/guidemaker_jy6ldebo
2020-08-20 00:15:47,855: INFO     Writing fasta file from genbank file(s)
2020-08-20 00:15:47,856: INFO     check if test/test_data/Escherichia.coli_str_K-12_substr_MG1655.gbk is gzipped
2020-08-20 00:15:48,765: INFO     Identifying PAM sites in the genome
2020-08-20 00:16:00,697: INFO     Identifing guides that are unique near the PAM site
2020-08-20 00:16:01,626: INFO     Indexing all potential guide sites: 542073. This is the longest step.
2020-08-20 00:16:04,277: INFO     M                   = 16
2020-08-20 00:16:04,277: INFO     indexThreadQty      = 8
2020-08-20 00:16:04,277: INFO     efConstruction      = 64
2020-08-20 00:16:04,277: INFO     maxM			          = 16
2020-08-20 00:16:04,277: INFO     maxM0			          = 32
2020-08-20 00:16:04,277: INFO     mult                = 0.360674
2020-08-20 00:16:04,277: INFO     skip_optimized_index= 0
2020-08-20 00:16:04,277: INFO     delaunay_type       = 2
2020-08-20 00:16:04,277: INFO     Set HNSW query-time parameters:
2020-08-20 00:16:04,278: INFO     ef(Search)         =20
2020-08-20 00:16:04,278: INFO     algoType           =2

0%   10   20   30   40   50   60   70   80   90   100%
|----|----|----|----|----|----|----|----|----|----|
***************************************************

0%   10   20   30   40   50   60   70   80   90   100%
|----|----|----|----|----|----|----|----|----|----|
****************************************************2020-08-20 00:16:43,793: INFO     No appropriate custom distance function for Hamming (bit-storage) space
2020-08-20 00:16:43,794: INFO     searchMethod			  = 0
2020-08-20 00:16:43,841: INFO     Identifying guides that have a hamming distance <= 3 to all other potential guides
2020-08-20 00:16:44,246: INFO     Set HNSW query-time parameters:
2020-08-20 00:16:44,247: INFO     ef(Search)         =256
2020-08-20 00:16:44,247: INFO     algoType           =2
2020-08-20 00:17:19,141: INFO     Formatting data for BedTools
2020-08-20 00:17:19,571: INFO     Create GuideMaker Annotation object
2020-08-20 00:17:19,571: INFO     Identify genomic features
2020-08-20 00:17:19,572: INFO     check if test/test_data/Escherichia.coli_str_K-12_substr_MG1655.gbk is gzipped
2020-08-20 00:17:20,950: INFO     Total number of CDS/locus in the input genome: 4357
2020-08-20 00:17:20,950: INFO     Find genomic features closest the guides
2020-08-20 00:17:24,008: INFO     Select guides that start between +100 and -100 of a feature start
2020-08-20 00:17:24,202: INFO     Select description columns
2020-08-20 00:17:24,280: INFO     Format the output
2020-08-20 00:17:25,045: INFO     creating random control guides
2020-08-20 00:17:27,050: INFO     created 10 control guides with a minimum distance of 7 and a median distance of 7
2020-08-20 00:17:27,054: INFO     guidemaker completed, results are at TEST
2020-08-20 00:17:27,054: INFO     PAM sequence: NGG
2020-08-20 00:17:27,054: INFO     PAM orientation: 5prime
2020-08-20 00:17:27,054: INFO     Genome strand(s) searched: both
2020-08-20 00:17:27,054: INFO     Total PAM sites considered: 542073
2020-08-20 00:17:27,054: INFO     Guide RNA candidates found: 35845
	Command being timed: "guidemaker -i test/test_data/Escherichia.coli_str_K-12_substr_MG1655.gbk --pamseq NGG --outdir TEST --pam_orientation 5prime --guidelength 20 --strand both --lcp 10 --dist 3 --before 100 --into 100 --knum 10 --controls 10 --log GuideMaker_57685964_1.log --threads 8"
	User time (seconds): 547.58
	System time (seconds): 11.35
	Percent of CPU this job got: 549%
	Elapsed (wall clock) time (h:mm:ss or m:ss): 1:41.66
	Average shared text size (kbytes): 0
	Average unshared data size (kbytes): 0
	Average stack size (kbytes): 0
	Average total size (kbytes): 0
	Maximum resident set size (kbytes): 1697664
	Average resident set size (kbytes): 0
	Major (requiring I/O) page faults: 0
	Minor (reclaiming a frame) page faults: 4380807
	Voluntary context switches: 93518
	Involuntary context switches: 493539
	Swaps: 0
	File system inputs: 0
	File system outputs: 195992
	Socket messages sent: 0
	Socket messages received: 0
	Signals delivered: 0
	Page size (bytes): 4096
	Exit status: 0
My SLURM_ARRAY_TASK_ID:  1
My TMPDIR IS:  /scratch/local/57685964
Input Genome:>>>>>>>>>>>>>>>>>>>>>>>>>>>>>>>>>>>>>>>>>>>  Escherichia.coli_str_K-12_substr_MG1655.gbk
Threads used:>>>>>>>>>>>>>>>>>>>>>>>>>>>>>>>>>>>>>>>>>>>  16
GuideMaker
2020-08-20 00:17:29,370: INFO     Temp directory is: /scratch/local/57685964/guidemaker_v8a235h6
2020-08-20 00:17:29,370: INFO     Writing fasta file from genbank file(s)
2020-08-20 00:17:29,371: INFO     check if test/test_data/Escherichia.coli_str_K-12_substr_MG1655.gbk is gzipped
2020-08-20 00:17:30,274: INFO     Identifying PAM sites in the genome
2020-08-20 00:17:42,712: INFO     Identifing guides that are unique near the PAM site
2020-08-20 00:17:43,710: INFO     Indexing all potential guide sites: 542073. This is the longest step.
2020-08-20 00:17:46,849: INFO     M                   = 16
2020-08-20 00:17:46,849: INFO     indexThreadQty      = 16
2020-08-20 00:17:46,849: INFO     efConstruction      = 64
2020-08-20 00:17:46,849: INFO     maxM			          = 16
2020-08-20 00:17:46,849: INFO     maxM0			          = 32
2020-08-20 00:17:46,849: INFO     mult                = 0.360674
2020-08-20 00:17:46,849: INFO     skip_optimized_index= 0
2020-08-20 00:17:46,849: INFO     delaunay_type       = 2
2020-08-20 00:17:46,850: INFO     Set HNSW query-time parameters:
2020-08-20 00:17:46,850: INFO     ef(Search)         =20
2020-08-20 00:17:46,850: INFO     algoType           =2

0%   10   20   30   40   50   60   70   80   90   100%
|----|----|----|----|----|----|----|----|----|----|
***************************************************

0%   10   20   30   40   50   60   70   80   90   100%
|----|----|----|----|----|----|----|----|----|----|
****************************************************2020-08-20 00:18:08,872: INFO     No appropriate custom distance function for Hamming (bit-storage) space
2020-08-20 00:18:08,872: INFO     searchMethod			  = 0
2020-08-20 00:18:08,919: INFO     Identifying guides that have a hamming distance <= 3 to all other potential guides
2020-08-20 00:18:09,289: INFO     Set HNSW query-time parameters:
2020-08-20 00:18:09,290: INFO     ef(Search)         =256
2020-08-20 00:18:09,290: INFO     algoType           =2
2020-08-20 00:18:33,675: INFO     Formatting data for BedTools
2020-08-20 00:18:34,178: INFO     Create GuideMaker Annotation object
2020-08-20 00:18:34,178: INFO     Identify genomic features
2020-08-20 00:18:34,178: INFO     check if test/test_data/Escherichia.coli_str_K-12_substr_MG1655.gbk is gzipped
2020-08-20 00:18:35,711: INFO     Total number of CDS/locus in the input genome: 4357
2020-08-20 00:18:35,711: INFO     Find genomic features closest the guides
2020-08-20 00:18:39,159: INFO     Select guides that start between +100 and -100 of a feature start
2020-08-20 00:18:39,381: INFO     Select description columns
2020-08-20 00:18:39,456: INFO     Format the output
2020-08-20 00:18:40,213: INFO     creating random control guides
2020-08-20 00:18:53,955: INFO     created 10 control guides with a minimum distance of 7 and a median distance of 7
2020-08-20 00:18:53,958: INFO     guidemaker completed, results are at TEST
2020-08-20 00:18:53,958: INFO     PAM sequence: NGG
2020-08-20 00:18:53,958: INFO     PAM orientation: 5prime
2020-08-20 00:18:53,958: INFO     Genome strand(s) searched: both
2020-08-20 00:18:53,958: INFO     Total PAM sites considered: 542073
2020-08-20 00:18:53,958: INFO     Guide RNA candidates found: 35845
Number of random control searched:  100000
	Command being timed: "guidemaker -i test/test_data/Escherichia.coli_str_K-12_substr_MG1655.gbk --pamseq NGG --outdir TEST --pam_orientation 5prime --guidelength 20 --strand both --lcp 10 --dist 3 --before 100 --into 100 --knum 10 --controls 10 --log GuideMaker_57685964_1.log --threads 16"
	User time (seconds): 702.78
	System time (seconds): 17.20
	Percent of CPU this job got: 827%
	Elapsed (wall clock) time (h:mm:ss or m:ss): 1:27.01
	Average shared text size (kbytes): 0
	Average unshared data size (kbytes): 0
	Average stack size (kbytes): 0
	Average total size (kbytes): 0
	Maximum resident set size (kbytes): 1764388
	Average resident set size (kbytes): 0
	Major (requiring I/O) page faults: 0
	Minor (reclaiming a frame) page faults: 4625202
	Voluntary context switches: 190574
	Involuntary context switches: 148842
	Swaps: 0
	File system inputs: 0
	File system outputs: 195968
	Socket messages sent: 0
	Socket messages received: 0
	Signals delivered: 0
	Page size (bytes): 4096
	Exit status: 0
My SLURM_ARRAY_TASK_ID:  1
My TMPDIR IS:  /scratch/local/57685964
Input Genome:>>>>>>>>>>>>>>>>>>>>>>>>>>>>>>>>>>>>>>>>>>>  Escherichia.coli_str_K-12_substr_MG1655.gbk
Threads used:>>>>>>>>>>>>>>>>>>>>>>>>>>>>>>>>>>>>>>>>>>>  32
GuideMaker
2020-08-20 00:18:56,428: INFO     Temp directory is: /scratch/local/57685964/guidemaker_52u6g3wa
2020-08-20 00:18:56,429: INFO     Writing fasta file from genbank file(s)
2020-08-20 00:18:56,429: INFO     check if test/test_data/Escherichia.coli_str_K-12_substr_MG1655.gbk is gzipped
2020-08-20 00:18:57,507: INFO     Identifying PAM sites in the genome
2020-08-20 00:19:10,548: INFO     Identifing guides that are unique near the PAM site
2020-08-20 00:19:11,478: INFO     Indexing all potential guide sites: 542073. This is the longest step.
2020-08-20 00:19:14,040: INFO     M                   = 16
2020-08-20 00:19:14,040: INFO     indexThreadQty      = 32
2020-08-20 00:19:14,040: INFO     efConstruction      = 64
2020-08-20 00:19:14,040: INFO     maxM			          = 16
2020-08-20 00:19:14,041: INFO     maxM0			          = 32
2020-08-20 00:19:14,041: INFO     mult                = 0.360674
2020-08-20 00:19:14,041: INFO     skip_optimized_index= 0
2020-08-20 00:19:14,041: INFO     delaunay_type       = 2
2020-08-20 00:19:14,041: INFO     Set HNSW query-time parameters:
2020-08-20 00:19:14,041: INFO     ef(Search)         =20
2020-08-20 00:19:14,041: INFO     algoType           =2

0%   10   20   30   40   50   60   70   80   90   100%
|----|----|----|----|----|----|----|----|----|----|
***************************************************

0%   10   20   30   40   50   60   70   80   90   100%
|----|----|----|----|----|----|----|----|----|----|
**********************************************************2020-08-20 00:19:26,184: INFO     No appropriate custom distance function for Hamming (bit-storage) space
2020-08-20 00:19:26,184: INFO     searchMethod			  = 0
2020-08-20 00:19:26,238: INFO     Identifying guides that have a hamming distance <= 3 to all other potential guides
2020-08-20 00:19:26,598: INFO     Set HNSW query-time parameters:
2020-08-20 00:19:26,598: INFO     ef(Search)         =256
2020-08-20 00:19:26,598: INFO     algoType           =2
2020-08-20 00:19:45,581: INFO     Formatting data for BedTools
2020-08-20 00:19:46,035: INFO     Create GuideMaker Annotation object
2020-08-20 00:19:46,035: INFO     Identify genomic features
2020-08-20 00:19:46,036: INFO     check if test/test_data/Escherichia.coli_str_K-12_substr_MG1655.gbk is gzipped
2020-08-20 00:19:47,671: INFO     Total number of CDS/locus in the input genome: 4357
2020-08-20 00:19:47,671: INFO     Find genomic features closest the guides
2020-08-20 00:19:50,996: INFO     Select guides that start between +100 and -100 of a feature start
2020-08-20 00:19:51,191: INFO     Select description columns
2020-08-20 00:19:51,269: INFO     Format the output
2020-08-20 00:19:52,086: INFO     creating random control guides
2020-08-20 00:20:03,360: INFO     created 10 control guides with a minimum distance of 7 and a median distance of 7
2020-08-20 00:20:03,363: INFO     guidemaker completed, results are at TEST
2020-08-20 00:20:03,364: INFO     PAM sequence: NGG
2020-08-20 00:20:03,364: INFO     PAM orientation: 5prime
2020-08-20 00:20:03,364: INFO     Genome strand(s) searched: both
2020-08-20 00:20:03,364: INFO     Total PAM sites considered: 542073
2020-08-20 00:20:03,364: INFO     Guide RNA candidates found: 35845
Number of random control searched:  100000
	Command being timed: "guidemaker -i test/test_data/Escherichia.coli_str_K-12_substr_MG1655.gbk --pamseq NGG --outdir TEST --pam_orientation 5prime --guidelength 20 --strand both --lcp 10 --dist 3 --before 100 --into 100 --knum 10 --controls 10 --log GuideMaker_57685964_1.log --threads 32"
	User time (seconds): 783.35
	System time (seconds): 25.49
	Percent of CPU this job got: 1164%
	Elapsed (wall clock) time (h:mm:ss or m:ss): 1:09.43
	Average shared text size (kbytes): 0
	Average unshared data size (kbytes): 0
	Average stack size (kbytes): 0
	Average total size (kbytes): 0
	Maximum resident set size (kbytes): 1775280
	Average resident set size (kbytes): 0
	Major (requiring I/O) page faults: 0
	Minor (reclaiming a frame) page faults: 4191093
	Voluntary context switches: 364159
	Involuntary context switches: 93294
	Swaps: 0
	File system inputs: 0
	File system outputs: 195984
	Socket messages sent: 0
	Socket messages received: 0
	Signals delivered: 0
	Page size (bytes): 4096
	Exit status: 0
