Thu Feb  4 15:48:58 EST 2021
c27b-s23.ufhpc
/blue/garrett/rp3448/analysis/guidemaker/AVXGuidemaker
My SLURM_ARRAY_TASK_ID:  3
My TMPDIR IS:  /scratch/local/63824021
Input Genome:>>>>>>>>>>>>>>>>>>>>>>>>>>>>>>>>>>>>>>>>>>>  Pseudomonas_aeruginosa_PAO1_107.gbk
Input PAM:>>>>>>>>>>>>>>>>>>>>>>>>>>>>>>>>>>>>>>>>>>>  NGG
Threads used:>>>>>>>>>>>>>>>>>>>>>>>>>>>>>>>>>>>>>>>>>>>  1
GuideMaker
2021-02-04 15:49:02,992: INFO     Temp directory is: /scratch/local/63824021/guidemaker_hlnqimrd
2021-02-04 15:49:02,992: INFO     Writing fasta file from genbank file(s)
2021-02-04 15:49:02,993: INFO     check if ../all_test_data/Pseudomonas_aeruginosa_PAO1_107.gbk is gzipped
/home/rp3448/.conda/envs/AVX2/lib/python3.7/site-packages/Bio/GenBank/Scanner.py:1400: BiopythonParserWarning: Truncated LOCUS line found - is this correct?
:'LOCUS       NC_002516            6264404 bp    dna     circular UNK \n'
  BiopythonParserWarning,
/home/rp3448/.conda/envs/AVX2/lib/python3.7/site-packages/Bio/GenBank/__init__.py:762: BiopythonParserWarning: Non-upper case molecule type in LOCUS line: dna
  BiopythonParserWarning,
2021-02-04 15:49:03,815: INFO     Identifying PAM sites in the genome
2021-02-04 15:49:32,803: INFO     Checking guides for restriction enzymes
2021-02-04 15:49:33,127: INFO     Number of guides removed after checking for restriction enzymes: 0
2021-02-04 15:49:33,127: INFO     Identifing guides that are unique near the PAM site
2021-02-04 15:49:35,150: INFO     Number of guides removed after checking for unique PAM: 780424
2021-02-04 15:49:35,151: INFO     Indexing all potential guide sites: 1171798. This is the longest step.
2021-02-04 15:49:40,598: INFO     M                   = 16
2021-02-04 15:49:40,598: INFO     indexThreadQty      = 1
2021-02-04 15:49:40,598: INFO     efConstruction      = 10
2021-02-04 15:49:40,598: INFO     maxM			          = 16
2021-02-04 15:49:40,598: INFO     maxM0			          = 32
2021-02-04 15:49:40,598: INFO     mult                = 0.360674
2021-02-04 15:49:40,598: INFO     skip_optimized_index= 0
2021-02-04 15:49:40,598: INFO     delaunay_type       = 2
2021-02-04 15:49:40,598: INFO     Set HNSW query-time parameters:
2021-02-04 15:49:40,598: INFO     ef(Search)         =20
2021-02-04 15:49:40,599: INFO     algoType           =2

0%   10   20   30   40   50   60   70   80   90   100%
|----|----|----|----|----|----|----|----|----|----|
***************************************************

0%   10   20   30   40   50   60   70   80   90   100%
|----|----|----|----|----|----|----|----|----|----|
***************************************************
*2021-02-04 15:51:32,714: INFO     No appropriate custom distance function for Hamming (bit-storage) space
2021-02-04 15:51:32,714: INFO     searchMethod			  = 0
2021-02-04 15:51:32,822: INFO     Identifying guides that have a hamming distance <= 3 to all other potential guides
2021-02-04 15:51:33,512: INFO     Set HNSW query-time parameters:
2021-02-04 15:51:33,512: INFO     ef(Search)         =9
2021-02-04 15:51:33,512: INFO     algoType           =2
2021-02-04 15:52:10,960: INFO     Formatting data for BedTools
2021-02-04 15:52:11,784: INFO     Create GuideMaker Annotation object
2021-02-04 15:52:11,784: INFO     Identify genomic features
2021-02-04 15:52:11,784: INFO     check if ../all_test_data/Pseudomonas_aeruginosa_PAO1_107.gbk is gzipped
2021-02-04 15:52:12,565: INFO     Total number of CDS/locus in the input genome: 5584
2021-02-04 15:52:12,565: INFO     Find genomic features closest the guides
2021-02-04 15:52:17,768: INFO     Select guides that start between +500 and -500 of a feature start
2021-02-04 15:52:18,376: INFO     Select description columns
2021-02-04 15:52:18,429: INFO     Format the output
2021-02-04 15:52:21,813: INFO     Number of Guides within a gene coordinates i.e. zero Feature distance: 157826
2021-02-04 15:52:25,305: INFO     creating random control guides
2021-02-04 15:52:25,398: INFO     Number of random control searched: 100
2021-02-04 15:52:25,398: INFO     Percentage of GC content in the input genome: 66.56
2021-02-04 15:52:25,398: INFO     Total length of the genome: 6.0 MB
2021-02-04 15:52:25,398: INFO     created 10 control guides with a minimum distance of 7 and a median distance of 7
2021-02-04 15:52:25,401: INFO     guidemaker completed, results are at TEST
2021-02-04 15:52:25,402: INFO     PAM sequence: NGG
2021-02-04 15:52:25,402: INFO     PAM orientation: 3prime
2021-02-04 15:52:25,402: INFO     Genome strand(s) searched: both
2021-02-04 15:52:25,402: INFO     Total PAM sites considered: 1171798
2021-02-04 15:52:25,402: INFO     Guide RNA candidates found: 292698
	Command being timed: "guidemaker -i ../all_test_data/Pseudomonas_aeruginosa_PAO1_107.gbk --pamseq NGG --outdir TEST --pam_orientation 3prime --guidelength 20 --strand both --lcp 11 --dist 3 --before 500 --into 500 --knum 10 --controls 10 --log GM_63824021_3.log --threads 1"
	User time (seconds): 202.84
	System time (seconds): 5.44
	Percent of CPU this job got: 101%
	Elapsed (wall clock) time (h:mm:ss or m:ss): 3:25.52
	Average shared text size (kbytes): 0
	Average unshared data size (kbytes): 0
	Average stack size (kbytes): 0
	Average total size (kbytes): 0
	Maximum resident set size (kbytes): 2693872
	Average resident set size (kbytes): 0
	Major (requiring I/O) page faults: 0
	Minor (reclaiming a frame) page faults: 2846737
	Voluntary context switches: 3138
	Involuntary context switches: 209335
	Swaps: 0
	File system inputs: 320
	File system outputs: 640920
	Socket messages sent: 0
	Socket messages received: 0
	Signals delivered: 0
	Page size (bytes): 4096
	Exit status: 0
My SLURM_ARRAY_TASK_ID:  3
My TMPDIR IS:  /scratch/local/63824021
Input Genome:>>>>>>>>>>>>>>>>>>>>>>>>>>>>>>>>>>>>>>>>>>>  Pseudomonas_aeruginosa_PAO1_107.gbk
Input PAM:>>>>>>>>>>>>>>>>>>>>>>>>>>>>>>>>>>>>>>>>>>>  NGG
Threads used:>>>>>>>>>>>>>>>>>>>>>>>>>>>>>>>>>>>>>>>>>>>  2
GuideMaker
2021-02-04 15:52:28,544: INFO     Temp directory is: /scratch/local/63824021/guidemaker_n4t2soi4
2021-02-04 15:52:28,544: INFO     Writing fasta file from genbank file(s)
2021-02-04 15:52:28,545: INFO     check if ../all_test_data/Pseudomonas_aeruginosa_PAO1_107.gbk is gzipped
/home/rp3448/.conda/envs/AVX2/lib/python3.7/site-packages/Bio/GenBank/Scanner.py:1400: BiopythonParserWarning: Truncated LOCUS line found - is this correct?
:'LOCUS       NC_002516            6264404 bp    dna     circular UNK \n'
  BiopythonParserWarning,
/home/rp3448/.conda/envs/AVX2/lib/python3.7/site-packages/Bio/GenBank/__init__.py:762: BiopythonParserWarning: Non-upper case molecule type in LOCUS line: dna
  BiopythonParserWarning,
2021-02-04 15:52:29,350: INFO     Identifying PAM sites in the genome
2021-02-04 15:52:56,499: INFO     Checking guides for restriction enzymes
2021-02-04 15:52:56,818: INFO     Number of guides removed after checking for restriction enzymes: 0
2021-02-04 15:52:56,818: INFO     Identifing guides that are unique near the PAM site
2021-02-04 15:52:58,857: INFO     Number of guides removed after checking for unique PAM: 780424
2021-02-04 15:52:58,857: INFO     Indexing all potential guide sites: 1171798. This is the longest step.
2021-02-04 15:53:04,314: INFO     M                   = 16
2021-02-04 15:53:04,315: INFO     indexThreadQty      = 2
2021-02-04 15:53:04,315: INFO     efConstruction      = 10
2021-02-04 15:53:04,315: INFO     maxM			          = 16
2021-02-04 15:53:04,315: INFO     maxM0			          = 32
2021-02-04 15:53:04,315: INFO     mult                = 0.360674
2021-02-04 15:53:04,315: INFO     skip_optimized_index= 0
2021-02-04 15:53:04,315: INFO     delaunay_type       = 2
2021-02-04 15:53:04,315: INFO     Set HNSW query-time parameters:
2021-02-04 15:53:04,315: INFO     ef(Search)         =20
2021-02-04 15:53:04,315: INFO     algoType           =2

0%   10   20   30   40   50   60   70   80   90   100%
|----|----|----|----|----|----|----|----|----|----|
***************************************************

0%   10   20   30   40   50   60   70   80   90   100%
|----|----|----|----|----|----|----|----|----|----|
****************************************************2021-02-04 15:54:15,072: INFO     No appropriate custom distance function for Hamming (bit-storage) space
2021-02-04 15:54:15,073: INFO     searchMethod			  = 0
2021-02-04 15:54:15,170: INFO     Identifying guides that have a hamming distance <= 3 to all other potential guides
2021-02-04 15:54:15,783: INFO     Set HNSW query-time parameters:
2021-02-04 15:54:15,783: INFO     ef(Search)         =9
2021-02-04 15:54:15,783: INFO     algoType           =2
2021-02-04 15:54:47,614: INFO     Formatting data for BedTools
2021-02-04 15:54:48,429: INFO     Create GuideMaker Annotation object
2021-02-04 15:54:48,429: INFO     Identify genomic features
2021-02-04 15:54:48,430: INFO     check if ../all_test_data/Pseudomonas_aeruginosa_PAO1_107.gbk is gzipped
2021-02-04 15:54:49,202: INFO     Total number of CDS/locus in the input genome: 5584
2021-02-04 15:54:49,202: INFO     Find genomic features closest the guides
2021-02-04 15:54:54,548: INFO     Select guides that start between +500 and -500 of a feature start
2021-02-04 15:54:55,086: INFO     Select description columns
2021-02-04 15:54:55,135: INFO     Format the output
2021-02-04 15:54:58,410: INFO     Number of Guides within a gene coordinates i.e. zero Feature distance: 157785
2021-02-04 15:55:02,078: INFO     creating random control guides
2021-02-04 15:55:02,260: INFO     Number of random control searched: 100
2021-02-04 15:55:02,260: INFO     Percentage of GC content in the input genome: 66.56
2021-02-04 15:55:02,260: INFO     Total length of the genome: 6.0 MB
2021-02-04 15:55:02,260: INFO     created 10 control guides with a minimum distance of 7 and a median distance of 7
2021-02-04 15:55:02,263: INFO     guidemaker completed, results are at TEST
2021-02-04 15:55:02,263: INFO     PAM sequence: NGG
2021-02-04 15:55:02,263: INFO     PAM orientation: 3prime
2021-02-04 15:55:02,263: INFO     Genome strand(s) searched: both
2021-02-04 15:55:02,263: INFO     Total PAM sites considered: 1171798
2021-02-04 15:55:02,263: INFO     Guide RNA candidates found: 292595
	Command being timed: "guidemaker -i ../all_test_data/Pseudomonas_aeruginosa_PAO1_107.gbk --pamseq NGG --outdir TEST --pam_orientation 3prime --guidelength 20 --strand both --lcp 11 --dist 3 --before 500 --into 500 --knum 10 --controls 10 --log GM_63824021_3.log --threads 2"
	User time (seconds): 225.80
	System time (seconds): 14.92
	Percent of CPU this job got: 153%
	Elapsed (wall clock) time (h:mm:ss or m:ss): 2:37.10
	Average shared text size (kbytes): 0
	Average unshared data size (kbytes): 0
	Average stack size (kbytes): 0
	Average total size (kbytes): 0
	Maximum resident set size (kbytes): 3002352
	Average resident set size (kbytes): 0
	Major (requiring I/O) page faults: 0
	Minor (reclaiming a frame) page faults: 8372387
	Voluntary context switches: 86756
	Involuntary context switches: 286020
	Swaps: 0
	File system inputs: 288
	File system outputs: 641144
	Socket messages sent: 0
	Socket messages received: 0
	Signals delivered: 0
	Page size (bytes): 4096
	Exit status: 0
My SLURM_ARRAY_TASK_ID:  3
My TMPDIR IS:  /scratch/local/63824021
Input Genome:>>>>>>>>>>>>>>>>>>>>>>>>>>>>>>>>>>>>>>>>>>>  Pseudomonas_aeruginosa_PAO1_107.gbk
Input PAM:>>>>>>>>>>>>>>>>>>>>>>>>>>>>>>>>>>>>>>>>>>>  NGG
Threads used:>>>>>>>>>>>>>>>>>>>>>>>>>>>>>>>>>>>>>>>>>>>  4
GuideMaker
2021-02-04 15:55:05,655: INFO     Temp directory is: /scratch/local/63824021/guidemaker_mfo0w6a_
2021-02-04 15:55:05,655: INFO     Writing fasta file from genbank file(s)
2021-02-04 15:55:05,655: INFO     check if ../all_test_data/Pseudomonas_aeruginosa_PAO1_107.gbk is gzipped
/home/rp3448/.conda/envs/AVX2/lib/python3.7/site-packages/Bio/GenBank/Scanner.py:1400: BiopythonParserWarning: Truncated LOCUS line found - is this correct?
:'LOCUS       NC_002516            6264404 bp    dna     circular UNK \n'
  BiopythonParserWarning,
/home/rp3448/.conda/envs/AVX2/lib/python3.7/site-packages/Bio/GenBank/__init__.py:762: BiopythonParserWarning: Non-upper case molecule type in LOCUS line: dna
  BiopythonParserWarning,
2021-02-04 15:55:06,453: INFO     Identifying PAM sites in the genome
2021-02-04 15:55:34,487: INFO     Checking guides for restriction enzymes
2021-02-04 15:55:34,808: INFO     Number of guides removed after checking for restriction enzymes: 0
2021-02-04 15:55:34,808: INFO     Identifing guides that are unique near the PAM site
2021-02-04 15:55:36,824: INFO     Number of guides removed after checking for unique PAM: 780424
2021-02-04 15:55:36,824: INFO     Indexing all potential guide sites: 1171798. This is the longest step.
2021-02-04 15:55:42,847: INFO     M                   = 16
2021-02-04 15:55:42,847: INFO     indexThreadQty      = 4
2021-02-04 15:55:42,847: INFO     efConstruction      = 10
2021-02-04 15:55:42,847: INFO     maxM			          = 16
2021-02-04 15:55:42,847: INFO     maxM0			          = 32
2021-02-04 15:55:42,847: INFO     mult                = 0.360674
2021-02-04 15:55:42,848: INFO     skip_optimized_index= 0
2021-02-04 15:55:42,848: INFO     delaunay_type       = 2
2021-02-04 15:55:42,848: INFO     Set HNSW query-time parameters:
2021-02-04 15:55:42,848: INFO     ef(Search)         =20
2021-02-04 15:55:42,848: INFO     algoType           =2

0%   10   20   30   40   50   60   70   80   90   100%
|----|----|----|----|----|----|----|----|----|----|
***************************************************

0%   10   20   30   40   50   60   70   80   90   100%
|----|----|----|----|----|----|----|----|----|----|
****************************************************2021-02-04 15:56:20,530: INFO     No appropriate custom distance function for Hamming (bit-storage) space
2021-02-04 15:56:20,531: INFO     searchMethod			  = 0
2021-02-04 15:56:20,633: INFO     Identifying guides that have a hamming distance <= 3 to all other potential guides
2021-02-04 15:56:21,297: INFO     Set HNSW query-time parameters:
2021-02-04 15:56:21,298: INFO     ef(Search)         =9
2021-02-04 15:56:21,298: INFO     algoType           =2
2021-02-04 15:56:46,710: INFO     Formatting data for BedTools
2021-02-04 15:56:47,518: INFO     Create GuideMaker Annotation object
2021-02-04 15:56:47,518: INFO     Identify genomic features
2021-02-04 15:56:47,518: INFO     check if ../all_test_data/Pseudomonas_aeruginosa_PAO1_107.gbk is gzipped
2021-02-04 15:56:48,297: INFO     Total number of CDS/locus in the input genome: 5584
2021-02-04 15:56:48,297: INFO     Find genomic features closest the guides
2021-02-04 15:56:53,853: INFO     Select guides that start between +500 and -500 of a feature start
2021-02-04 15:56:54,558: INFO     Select description columns
2021-02-04 15:56:54,613: INFO     Format the output
2021-02-04 15:56:58,203: INFO     Number of Guides within a gene coordinates i.e. zero Feature distance: 157745
2021-02-04 15:57:01,691: INFO     creating random control guides
2021-02-04 15:57:01,818: INFO     Number of random control searched: 100
2021-02-04 15:57:01,818: INFO     Percentage of GC content in the input genome: 66.56
2021-02-04 15:57:01,818: INFO     Total length of the genome: 6.0 MB
2021-02-04 15:57:01,818: INFO     created 10 control guides with a minimum distance of 7 and a median distance of 7
2021-02-04 15:57:01,821: INFO     guidemaker completed, results are at TEST
2021-02-04 15:57:01,821: INFO     PAM sequence: NGG
2021-02-04 15:57:01,821: INFO     PAM orientation: 3prime
2021-02-04 15:57:01,821: INFO     Genome strand(s) searched: both
2021-02-04 15:57:01,821: INFO     Total PAM sites considered: 1171798
2021-02-04 15:57:01,821: INFO     Guide RNA candidates found: 292604
	Command being timed: "guidemaker -i ../all_test_data/Pseudomonas_aeruginosa_PAO1_107.gbk --pamseq NGG --outdir TEST --pam_orientation 3prime --guidelength 20 --strand both --lcp 11 --dist 3 --before 500 --into 500 --knum 10 --controls 10 --log GM_63824021_3.log --threads 4"
	User time (seconds): 235.31
	System time (seconds): 14.34
	Percent of CPU this job got: 208%
	Elapsed (wall clock) time (h:mm:ss or m:ss): 1:59.59
	Average shared text size (kbytes): 0
	Average unshared data size (kbytes): 0
	Average stack size (kbytes): 0
	Average total size (kbytes): 0
	Maximum resident set size (kbytes): 3008792
	Average resident set size (kbytes): 0
	Major (requiring I/O) page faults: 0
	Minor (reclaiming a frame) page faults: 7024284
	Voluntary context switches: 177670
	Involuntary context switches: 757
	Swaps: 0
	File system inputs: 0
	File system outputs: 640856
	Socket messages sent: 0
	Socket messages received: 0
	Signals delivered: 0
	Page size (bytes): 4096
	Exit status: 0
My SLURM_ARRAY_TASK_ID:  3
My TMPDIR IS:  /scratch/local/63824021
Input Genome:>>>>>>>>>>>>>>>>>>>>>>>>>>>>>>>>>>>>>>>>>>>  Pseudomonas_aeruginosa_PAO1_107.gbk
Input PAM:>>>>>>>>>>>>>>>>>>>>>>>>>>>>>>>>>>>>>>>>>>>  NGG
Threads used:>>>>>>>>>>>>>>>>>>>>>>>>>>>>>>>>>>>>>>>>>>>  8
GuideMaker
2021-02-04 15:57:05,263: INFO     Temp directory is: /scratch/local/63824021/guidemaker_ndc13pdk
2021-02-04 15:57:05,263: INFO     Writing fasta file from genbank file(s)
2021-02-04 15:57:05,264: INFO     check if ../all_test_data/Pseudomonas_aeruginosa_PAO1_107.gbk is gzipped
/home/rp3448/.conda/envs/AVX2/lib/python3.7/site-packages/Bio/GenBank/Scanner.py:1400: BiopythonParserWarning: Truncated LOCUS line found - is this correct?
:'LOCUS       NC_002516            6264404 bp    dna     circular UNK \n'
  BiopythonParserWarning,
/home/rp3448/.conda/envs/AVX2/lib/python3.7/site-packages/Bio/GenBank/__init__.py:762: BiopythonParserWarning: Non-upper case molecule type in LOCUS line: dna
  BiopythonParserWarning,
2021-02-04 15:57:06,056: INFO     Identifying PAM sites in the genome
2021-02-04 15:57:32,949: INFO     Checking guides for restriction enzymes
2021-02-04 15:57:33,277: INFO     Number of guides removed after checking for restriction enzymes: 0
2021-02-04 15:57:33,277: INFO     Identifing guides that are unique near the PAM site
2021-02-04 15:57:35,291: INFO     Number of guides removed after checking for unique PAM: 780424
2021-02-04 15:57:35,292: INFO     Indexing all potential guide sites: 1171798. This is the longest step.
2021-02-04 15:57:40,907: INFO     M                   = 16
2021-02-04 15:57:40,907: INFO     indexThreadQty      = 8
2021-02-04 15:57:40,907: INFO     efConstruction      = 10
2021-02-04 15:57:40,907: INFO     maxM			          = 16
2021-02-04 15:57:40,907: INFO     maxM0			          = 32
2021-02-04 15:57:40,907: INFO     mult                = 0.360674
2021-02-04 15:57:40,907: INFO     skip_optimized_index= 0
2021-02-04 15:57:40,907: INFO     delaunay_type       = 2
2021-02-04 15:57:40,907: INFO     Set HNSW query-time parameters:
2021-02-04 15:57:40,907: INFO     ef(Search)         =20
2021-02-04 15:57:40,907: INFO     algoType           =2

0%   10   20   30   40   50   60   70   80   90   100%
|----|----|----|----|----|----|----|----|----|----|
***************************************************

0%   10   20   30   40   50   60   70   80   90   100%
|----|----|----|----|----|----|----|----|----|----|
****************************************************2021-02-04 15:58:01,582: INFO     No appropriate custom distance function for Hamming (bit-storage) space
2021-02-04 15:58:01,582: INFO     searchMethod			  = 0
2021-02-04 15:58:01,690: INFO     Identifying guides that have a hamming distance <= 3 to all other potential guides
2021-02-04 15:58:02,411: INFO     Set HNSW query-time parameters:
2021-02-04 15:58:02,411: INFO     ef(Search)         =9
2021-02-04 15:58:02,411: INFO     algoType           =2
2021-02-04 15:58:24,393: INFO     Formatting data for BedTools
2021-02-04 15:58:25,173: INFO     Create GuideMaker Annotation object
2021-02-04 15:58:25,173: INFO     Identify genomic features
2021-02-04 15:58:25,173: INFO     check if ../all_test_data/Pseudomonas_aeruginosa_PAO1_107.gbk is gzipped
2021-02-04 15:58:25,941: INFO     Total number of CDS/locus in the input genome: 5584
2021-02-04 15:58:25,941: INFO     Find genomic features closest the guides
2021-02-04 15:58:31,642: INFO     Select guides that start between +500 and -500 of a feature start
2021-02-04 15:58:32,240: INFO     Select description columns
2021-02-04 15:58:32,289: INFO     Format the output
2021-02-04 15:58:35,505: INFO     Number of Guides within a gene coordinates i.e. zero Feature distance: 157816
2021-02-04 15:58:39,064: INFO     creating random control guides
2021-02-04 15:58:39,229: INFO     Number of random control searched: 100
2021-02-04 15:58:39,229: INFO     Percentage of GC content in the input genome: 66.56
2021-02-04 15:58:39,229: INFO     Total length of the genome: 6.0 MB
2021-02-04 15:58:39,229: INFO     created 10 control guides with a minimum distance of 7 and a median distance of 7
2021-02-04 15:58:39,232: INFO     guidemaker completed, results are at TEST
2021-02-04 15:58:39,232: INFO     PAM sequence: NGG
2021-02-04 15:58:39,232: INFO     PAM orientation: 3prime
2021-02-04 15:58:39,232: INFO     Genome strand(s) searched: both
2021-02-04 15:58:39,232: INFO     Total PAM sites considered: 1171798
2021-02-04 15:58:39,232: INFO     Guide RNA candidates found: 292645
	Command being timed: "guidemaker -i ../all_test_data/Pseudomonas_aeruginosa_PAO1_107.gbk --pamseq NGG --outdir TEST --pam_orientation 3prime --guidelength 20 --strand both --lcp 11 --dist 3 --before 500 --into 500 --knum 10 --controls 10 --log GM_63824021_3.log --threads 8"
	User time (seconds): 245.12
	System time (seconds): 14.55
	Percent of CPU this job got: 266%
	Elapsed (wall clock) time (h:mm:ss or m:ss): 1:37.41
	Average shared text size (kbytes): 0
	Average unshared data size (kbytes): 0
	Average stack size (kbytes): 0
	Average total size (kbytes): 0
	Maximum resident set size (kbytes): 3027576
	Average resident set size (kbytes): 0
	Major (requiring I/O) page faults: 0
	Minor (reclaiming a frame) page faults: 5519243
	Voluntary context switches: 267623
	Involuntary context switches: 144714
	Swaps: 0
	File system inputs: 120
	File system outputs: 641024
	Socket messages sent: 0
	Socket messages received: 0
	Signals delivered: 0
	Page size (bytes): 4096
	Exit status: 0
My SLURM_ARRAY_TASK_ID:  3
My TMPDIR IS:  /scratch/local/63824021
Input Genome:>>>>>>>>>>>>>>>>>>>>>>>>>>>>>>>>>>>>>>>>>>>  Pseudomonas_aeruginosa_PAO1_107.gbk
Input PAM:>>>>>>>>>>>>>>>>>>>>>>>>>>>>>>>>>>>>>>>>>>>  NGG
Threads used:>>>>>>>>>>>>>>>>>>>>>>>>>>>>>>>>>>>>>>>>>>>  16
GuideMaker
2021-02-04 15:58:42,676: INFO     Temp directory is: /scratch/local/63824021/guidemaker_v5clp0k5
2021-02-04 15:58:42,676: INFO     Writing fasta file from genbank file(s)
2021-02-04 15:58:42,676: INFO     check if ../all_test_data/Pseudomonas_aeruginosa_PAO1_107.gbk is gzipped
/home/rp3448/.conda/envs/AVX2/lib/python3.7/site-packages/Bio/GenBank/Scanner.py:1400: BiopythonParserWarning: Truncated LOCUS line found - is this correct?
:'LOCUS       NC_002516            6264404 bp    dna     circular UNK \n'
  BiopythonParserWarning,
/home/rp3448/.conda/envs/AVX2/lib/python3.7/site-packages/Bio/GenBank/__init__.py:762: BiopythonParserWarning: Non-upper case molecule type in LOCUS line: dna
  BiopythonParserWarning,
2021-02-04 15:58:43,479: INFO     Identifying PAM sites in the genome
2021-02-04 15:59:11,824: INFO     Checking guides for restriction enzymes
2021-02-04 15:59:12,147: INFO     Number of guides removed after checking for restriction enzymes: 0
2021-02-04 15:59:12,147: INFO     Identifing guides that are unique near the PAM site
2021-02-04 15:59:14,208: INFO     Number of guides removed after checking for unique PAM: 780424
2021-02-04 15:59:14,208: INFO     Indexing all potential guide sites: 1171798. This is the longest step.
2021-02-04 15:59:19,663: INFO     M                   = 16
2021-02-04 15:59:19,664: INFO     indexThreadQty      = 16
2021-02-04 15:59:19,664: INFO     efConstruction      = 10
2021-02-04 15:59:19,664: INFO     maxM			          = 16
2021-02-04 15:59:19,664: INFO     maxM0			          = 32
2021-02-04 15:59:19,664: INFO     mult                = 0.360674
2021-02-04 15:59:19,664: INFO     skip_optimized_index= 0
2021-02-04 15:59:19,664: INFO     delaunay_type       = 2
2021-02-04 15:59:19,664: INFO     Set HNSW query-time parameters:
2021-02-04 15:59:19,664: INFO     ef(Search)         =20
2021-02-04 15:59:19,664: INFO     algoType           =2

0%   10   20   30   40   50   60   70   80   90   100%
|----|----|----|----|----|----|----|----|----|----|
***************************************************

0%   10   20   30   40   50   60   70   80   90   100%
|----|----|----|----|----|----|----|----|----|----|
*****************************************************
***-******-


2021-02-04 15:59:30,847: INFO     No appropriate custom distance function for Hamming (bit-storage) space
2021-02-04 15:59:30,848: INFO     searchMethod			  = 0
2021-02-04 15:59:30,950: INFO     Identifying guides that have a hamming distance <= 3 to all other potential guides
2021-02-04 15:59:31,595: INFO     Set HNSW query-time parameters:
2021-02-04 15:59:31,595: INFO     ef(Search)         =9
2021-02-04 15:59:31,595: INFO     algoType           =2
2021-02-04 15:59:51,891: INFO     Formatting data for BedTools
2021-02-04 15:59:52,691: INFO     Create GuideMaker Annotation object
2021-02-04 15:59:52,691: INFO     Identify genomic features
2021-02-04 15:59:52,691: INFO     check if ../all_test_data/Pseudomonas_aeruginosa_PAO1_107.gbk is gzipped
2021-02-04 15:59:53,468: INFO     Total number of CDS/locus in the input genome: 5584
2021-02-04 15:59:53,468: INFO     Find genomic features closest the guides
2021-02-04 15:59:59,097: INFO     Select guides that start between +500 and -500 of a feature start
2021-02-04 15:59:59,644: INFO     Select description columns
2021-02-04 15:59:59,692: INFO     Format the output
2021-02-04 16:00:02,934: INFO     Number of Guides within a gene coordinates i.e. zero Feature distance: 157721
2021-02-04 16:00:06,431: INFO     creating random control guides
2021-02-04 16:00:06,582: INFO     Number of random control searched: 100
2021-02-04 16:00:06,582: INFO     Percentage of GC content in the input genome: 66.56
2021-02-04 16:00:06,582: INFO     Total length of the genome: 6.0 MB
2021-02-04 16:00:06,582: INFO     created 10 control guides with a minimum distance of 7 and a median distance of 7
2021-02-04 16:00:06,585: INFO     guidemaker completed, results are at TEST
2021-02-04 16:00:06,585: INFO     PAM sequence: NGG
2021-02-04 16:00:06,585: INFO     PAM orientation: 3prime
2021-02-04 16:00:06,585: INFO     Genome strand(s) searched: both
2021-02-04 16:00:06,585: INFO     Total PAM sites considered: 1171798
2021-02-04 16:00:06,585: INFO     Guide RNA candidates found: 292545
	Command being timed: "guidemaker -i ../all_test_data/Pseudomonas_aeruginosa_PAO1_107.gbk --pamseq NGG --outdir TEST --pam_orientation 3prime --guidelength 20 --strand both --lcp 11 --dist 3 --before 500 --into 500 --knum 10 --controls 10 --log GM_63824021_3.log --threads 16"
	User time (seconds): 257.11
	System time (seconds): 14.77
	Percent of CPU this job got: 311%
	Elapsed (wall clock) time (h:mm:ss or m:ss): 1:27.36
	Average shared text size (kbytes): 0
	Average unshared data size (kbytes): 0
	Average stack size (kbytes): 0
	Average total size (kbytes): 0
	Maximum resident set size (kbytes): 3043004
	Average resident set size (kbytes): 0
	Major (requiring I/O) page faults: 0
	Minor (reclaiming a frame) page faults: 3822436
	Voluntary context switches: 512539
	Involuntary context switches: 145342
	Swaps: 0
	File system inputs: 8
	File system outputs: 640632
	Socket messages sent: 0
	Socket messages received: 0
	Signals delivered: 0
	Page size (bytes): 4096
	Exit status: 0
My SLURM_ARRAY_TASK_ID:  3
My TMPDIR IS:  /scratch/local/63824021
Input Genome:>>>>>>>>>>>>>>>>>>>>>>>>>>>>>>>>>>>>>>>>>>>  Pseudomonas_aeruginosa_PAO1_107.gbk
Input PAM:>>>>>>>>>>>>>>>>>>>>>>>>>>>>>>>>>>>>>>>>>>>  NGG
Threads used:>>>>>>>>>>>>>>>>>>>>>>>>>>>>>>>>>>>>>>>>>>>  32
GuideMaker
2021-02-04 16:00:10,067: INFO     Temp directory is: /scratch/local/63824021/guidemaker_b_xc8mg9
2021-02-04 16:00:10,068: INFO     Writing fasta file from genbank file(s)
2021-02-04 16:00:10,068: INFO     check if ../all_test_data/Pseudomonas_aeruginosa_PAO1_107.gbk is gzipped
/home/rp3448/.conda/envs/AVX2/lib/python3.7/site-packages/Bio/GenBank/Scanner.py:1400: BiopythonParserWarning: Truncated LOCUS line found - is this correct?
:'LOCUS       NC_002516            6264404 bp    dna     circular UNK \n'
  BiopythonParserWarning,
/home/rp3448/.conda/envs/AVX2/lib/python3.7/site-packages/Bio/GenBank/__init__.py:762: BiopythonParserWarning: Non-upper case molecule type in LOCUS line: dna
  BiopythonParserWarning,
2021-02-04 16:00:10,869: INFO     Identifying PAM sites in the genome
2021-02-04 16:00:39,318: INFO     Checking guides for restriction enzymes
2021-02-04 16:00:39,724: INFO     Number of guides removed after checking for restriction enzymes: 0
2021-02-04 16:00:39,724: INFO     Identifing guides that are unique near the PAM site
2021-02-04 16:00:42,077: INFO     Number of guides removed after checking for unique PAM: 780424
2021-02-04 16:00:42,077: INFO     Indexing all potential guide sites: 1171798. This is the longest step.
2021-02-04 16:00:48,494: INFO     M                   = 16
2021-02-04 16:00:48,494: INFO     indexThreadQty      = 32
2021-02-04 16:00:48,494: INFO     efConstruction      = 10
2021-02-04 16:00:48,494: INFO     maxM			          = 16
2021-02-04 16:00:48,494: INFO     maxM0			          = 32
2021-02-04 16:00:48,494: INFO     mult                = 0.360674
2021-02-04 16:00:48,494: INFO     skip_optimized_index= 0
2021-02-04 16:00:48,494: INFO     delaunay_type       = 2
2021-02-04 16:00:48,494: INFO     Set HNSW query-time parameters:
2021-02-04 16:00:48,495: INFO     ef(Search)         =20
2021-02-04 16:00:48,495: INFO     algoType           =2

0%   10   20   30   40   50   60   70   80   90   100%
|----|----|----|----|----|----|----|----|----|----|
***************************************************

0%   10   20   30   40   50   60   70   80   90   100%
|----|----|----|----|----|----|----|----|----|----|
*******************************************************
2021-02-04 16:00:55,753: INFO     No appropriate custom distance function for Hamming (bit-storage) space
2021-02-04 16:00:55,754: INFO     searchMethod			  = 0
2021-02-04 16:00:55,870: INFO     Identifying guides that have a hamming distance <= 3 to all other potential guides
2021-02-04 16:00:56,593: INFO     Set HNSW query-time parameters:
2021-02-04 16:00:56,593: INFO     ef(Search)         =9
2021-02-04 16:00:56,594: INFO     algoType           =2
2021-02-04 16:01:19,128: INFO     Formatting data for BedTools
2021-02-04 16:01:19,967: INFO     Create GuideMaker Annotation object
2021-02-04 16:01:19,967: INFO     Identify genomic features
2021-02-04 16:01:19,967: INFO     check if ../all_test_data/Pseudomonas_aeruginosa_PAO1_107.gbk is gzipped
2021-02-04 16:01:20,750: INFO     Total number of CDS/locus in the input genome: 5584
2021-02-04 16:01:20,750: INFO     Find genomic features closest the guides
2021-02-04 16:01:26,124: INFO     Select guides that start between +500 and -500 of a feature start
2021-02-04 16:01:26,721: INFO     Select description columns
2021-02-04 16:01:26,769: INFO     Format the output
2021-02-04 16:01:30,159: INFO     Number of Guides within a gene coordinates i.e. zero Feature distance: 157816
2021-02-04 16:01:33,829: INFO     creating random control guides
2021-02-04 16:01:34,122: INFO     Number of random control searched: 1000
2021-02-04 16:01:34,122: INFO     Percentage of GC content in the input genome: 66.56
2021-02-04 16:01:34,122: INFO     Total length of the genome: 6.0 MB
2021-02-04 16:01:34,122: INFO     created 10 control guides with a minimum distance of 8 and a median distance of 8
2021-02-04 16:01:34,126: INFO     guidemaker completed, results are at TEST
2021-02-04 16:01:34,126: INFO     PAM sequence: NGG
2021-02-04 16:01:34,126: INFO     PAM orientation: 3prime
2021-02-04 16:01:34,126: INFO     Genome strand(s) searched: both
2021-02-04 16:01:34,126: INFO     Total PAM sites considered: 1171798
2021-02-04 16:01:34,126: INFO     Guide RNA candidates found: 292670
	Command being timed: "guidemaker -i ../all_test_data/Pseudomonas_aeruginosa_PAO1_107.gbk --pamseq NGG --outdir TEST --pam_orientation 3prime --guidelength 20 --strand both --lcp 11 --dist 3 --before 500 --into 500 --knum 10 --controls 10 --log GM_63824021_3.log --threads 32"
	User time (seconds): 278.66
	System time (seconds): 27.78
	Percent of CPU this job got: 350%
	Elapsed (wall clock) time (h:mm:ss or m:ss): 1:27.49
	Average shared text size (kbytes): 0
	Average unshared data size (kbytes): 0
	Average stack size (kbytes): 0
	Average total size (kbytes): 0
	Maximum resident set size (kbytes): 3067536
	Average resident set size (kbytes): 0
	Major (requiring I/O) page faults: 0
	Minor (reclaiming a frame) page faults: 4827133
	Voluntary context switches: 1151987
	Involuntary context switches: 123109
	Swaps: 0
	File system inputs: 224
	File system outputs: 641176
	Socket messages sent: 0
	Socket messages received: 0
	Signals delivered: 0
	Page size (bytes): 4096
	Exit status: 0
