Thu Aug 13 14:00:04 EDT 2020
c26b-s18.ufhpc
/blue/garrett/rp3448/analysis/guidemaker/GuideMaker
My SLURM_ARRAY_TASK_ID:  4
My TMPDIR IS:  /scratch/local/57449409
Input Genome:>>>>>>>>>>>>>>>>>>>>>>>>>>>>>>>>>>>>>>>>>>>  Pseudomonas_aeruginosa_PAO1_107.gbk
Threads used:>>>>>>>>>>>>>>>>>>>>>>>>>>>>>>>>>>>>>>>>>>>  1
GuideMaker
2020-08-13 14:00:09,609: INFO     Temp directory is: /scratch/local/57449409/guidemaker_aefxsm9l
2020-08-13 14:00:09,610: INFO     Writing fasta file from genbank file(s)
2020-08-13 14:00:09,610: INFO     check if test/test_data/Pseudomonas_aeruginosa_PAO1_107.gbk is gzipped
/home/rp3448/.conda/envs/avx2/lib/python3.7/site-packages/Bio/GenBank/Scanner.py:1400: BiopythonParserWarning: Truncated LOCUS line found - is this correct?
:'LOCUS       NC_002516            6264404 bp    dna     circular UNK \n'
  BiopythonParserWarning,
/home/rp3448/.conda/envs/avx2/lib/python3.7/site-packages/Bio/GenBank/__init__.py:762: BiopythonParserWarning: Non-upper case molecule type in LOCUS line: dna
  BiopythonParserWarning,
2020-08-13 14:00:10,433: INFO     Identifying PAM sites in the genome
2020-08-13 14:00:35,340: INFO     Identifing guides that are unique near the PAM site
2020-08-13 14:00:36,829: INFO     Indexing all potential guide sites: 1171800. This is the longest step.
2020-08-13 14:00:42,304: INFO     M                   = 16
2020-08-13 14:00:42,304: INFO     indexThreadQty      = 1
2020-08-13 14:00:42,304: INFO     efConstruction      = 64
2020-08-13 14:00:42,304: INFO     maxM			          = 16
2020-08-13 14:00:42,304: INFO     maxM0			          = 32
2020-08-13 14:00:42,304: INFO     mult                = 0.360674
2020-08-13 14:00:42,304: INFO     skip_optimized_index= 0
2020-08-13 14:00:42,304: INFO     delaunay_type       = 2
2020-08-13 14:00:42,305: INFO     Set HNSW query-time parameters:
2020-08-13 14:00:42,305: INFO     ef(Search)         =20
2020-08-13 14:00:42,305: INFO     algoType           =2

0%   10   20   30   40   50   60   70   80   90   100%
|----|----|----|----|----|----|----|----|----|----|
***************************************************

0%   10   20   30   40   50   60   70   80   90   100%
|----|----|----|----|----|----|----|----|----|----|
***************************************************
*2020-08-13 14:10:34,111: INFO     No appropriate custom distance function for Hamming (bit-storage) space
2020-08-13 14:10:34,113: INFO     searchMethod			  = 0
2020-08-13 14:10:34,207: INFO     Identifying guides that have a hamming distance <= 3 to all other potential guides
2020-08-13 14:10:34,536: INFO     Set HNSW query-time parameters:
2020-08-13 14:10:34,536: INFO     ef(Search)         =256
2020-08-13 14:10:34,536: INFO     algoType           =2
2020-08-13 14:13:15,075: INFO     Formatting data for BedTools
2020-08-13 14:13:15,493: INFO     Create GuideMaker Annotation object
2020-08-13 14:13:15,493: INFO     Identify genomic features
2020-08-13 14:13:15,494: INFO     check if test/test_data/Pseudomonas_aeruginosa_PAO1_107.gbk is gzipped
2020-08-13 14:13:16,874: INFO     Find genomic features closest the guides
2020-08-13 14:13:19,671: INFO     Select guides that start between +100 and -100 of a feature start
2020-08-13 14:13:19,863: INFO     Select description columns
2020-08-13 14:13:19,917: INFO     Format the output
2020-08-13 14:13:21,095: INFO     creating random control guides
2020-08-13 14:15:13,461: INFO     created 10 control guides with a minimum distance of 7 and a median distance of 7
2020-08-13 14:15:13,476: INFO     guidemaker completed, results are at TEST
2020-08-13 14:15:13,476: INFO     PAM sequence: NGG
2020-08-13 14:15:13,476: INFO     PAM orientation: 5prime
2020-08-13 14:15:13,476: INFO     Genome strand(s) searched: both
2020-08-13 14:15:13,476: INFO     Total PAM sites considered: 1171800
2020-08-13 14:15:13,476: INFO     Guide RNA candidates found: 45720
Number of random control searched:  100000
	Command being timed: "guidemaker -i test/test_data/Pseudomonas_aeruginosa_PAO1_107.gbk --pamseq NGG --outdir TEST --pam_orientation 5prime --guidelength 20 --strand both --lcp 10 --dist 3 --before 100 --into 100 --knum 10 --controls 10 --log GuideMaker_57449409_4.log --threads 1"
	User time (seconds): 900.47
	System time (seconds): 8.83
	Percent of CPU this job got: 100%
	Elapsed (wall clock) time (h:mm:ss or m:ss): 15:08.68
	Average shared text size (kbytes): 0
	Average unshared data size (kbytes): 0
	Average stack size (kbytes): 0
	Average total size (kbytes): 0
	Maximum resident set size (kbytes): 2742260
	Average resident set size (kbytes): 0
	Major (requiring I/O) page faults: 123
	Minor (reclaiming a frame) page faults: 8433472
	Voluntary context switches: 3907
	Involuntary context switches: 861007
	Swaps: 0
	File system inputs: 396048
	File system outputs: 185208
	Socket messages sent: 0
	Socket messages received: 0
	Signals delivered: 0
	Page size (bytes): 4096
	Exit status: 0
My SLURM_ARRAY_TASK_ID:  4
My TMPDIR IS:  /scratch/local/57449409
Input Genome:>>>>>>>>>>>>>>>>>>>>>>>>>>>>>>>>>>>>>>>>>>>  Pseudomonas_aeruginosa_PAO1_107.gbk
Threads used:>>>>>>>>>>>>>>>>>>>>>>>>>>>>>>>>>>>>>>>>>>>  2
GuideMaker
2020-08-13 14:15:16,577: INFO     Temp directory is: /scratch/local/57449409/guidemaker_uslxbyj3
2020-08-13 14:15:16,577: INFO     Writing fasta file from genbank file(s)
2020-08-13 14:15:16,578: INFO     check if test/test_data/Pseudomonas_aeruginosa_PAO1_107.gbk is gzipped
/home/rp3448/.conda/envs/avx2/lib/python3.7/site-packages/Bio/GenBank/Scanner.py:1400: BiopythonParserWarning: Truncated LOCUS line found - is this correct?
:'LOCUS       NC_002516            6264404 bp    dna     circular UNK \n'
  BiopythonParserWarning,
/home/rp3448/.conda/envs/avx2/lib/python3.7/site-packages/Bio/GenBank/__init__.py:762: BiopythonParserWarning: Non-upper case molecule type in LOCUS line: dna
  BiopythonParserWarning,
2020-08-13 14:15:17,382: INFO     Identifying PAM sites in the genome
2020-08-13 14:15:42,831: INFO     Identifing guides that are unique near the PAM site
2020-08-13 14:15:44,374: INFO     Indexing all potential guide sites: 1171800. This is the longest step.
2020-08-13 14:15:49,799: INFO     M                   = 16
2020-08-13 14:15:49,799: INFO     indexThreadQty      = 2
2020-08-13 14:15:49,799: INFO     efConstruction      = 64
2020-08-13 14:15:49,799: INFO     maxM			          = 16
2020-08-13 14:15:49,799: INFO     maxM0			          = 32
2020-08-13 14:15:49,799: INFO     mult                = 0.360674
2020-08-13 14:15:49,800: INFO     skip_optimized_index= 0
2020-08-13 14:15:49,800: INFO     delaunay_type       = 2
2020-08-13 14:15:49,800: INFO     Set HNSW query-time parameters:
2020-08-13 14:15:49,800: INFO     ef(Search)         =20
2020-08-13 14:15:49,800: INFO     algoType           =2

0%   10   20   30   40   50   60   70   80   90   100%
|----|----|----|----|----|----|----|----|----|----|
***************************************************

0%   10   20   30   40   50   60   70   80   90   100%
|----|----|----|----|----|----|----|----|----|----|
****************************************************2020-08-13 14:21:38,577: INFO     No appropriate custom distance function for Hamming (bit-storage) space
2020-08-13 14:21:38,577: INFO     searchMethod			  = 0
2020-08-13 14:21:38,670: INFO     Identifying guides that have a hamming distance <= 3 to all other potential guides
2020-08-13 14:21:38,991: INFO     Set HNSW query-time parameters:
2020-08-13 14:21:38,991: INFO     ef(Search)         =256
2020-08-13 14:21:38,991: INFO     algoType           =2
2020-08-13 14:23:21,898: INFO     Formatting data for BedTools
2020-08-13 14:23:22,289: INFO     Create GuideMaker Annotation object
2020-08-13 14:23:22,289: INFO     Identify genomic features
2020-08-13 14:23:22,289: INFO     check if test/test_data/Pseudomonas_aeruginosa_PAO1_107.gbk is gzipped
2020-08-13 14:23:23,676: INFO     Find genomic features closest the guides
2020-08-13 14:23:26,338: INFO     Select guides that start between +100 and -100 of a feature start
2020-08-13 14:23:26,519: INFO     Select description columns
2020-08-13 14:23:26,570: INFO     Format the output
2020-08-13 14:23:27,696: INFO     creating random control guides
2020-08-13 14:24:37,421: INFO     created 10 control guides with a minimum distance of 7 and a median distance of 7
2020-08-13 14:24:37,428: INFO     guidemaker completed, results are at TEST
2020-08-13 14:24:37,429: INFO     PAM sequence: NGG
2020-08-13 14:24:37,429: INFO     PAM orientation: 5prime
2020-08-13 14:24:37,429: INFO     Genome strand(s) searched: both
2020-08-13 14:24:37,429: INFO     Total PAM sites considered: 1171800
2020-08-13 14:24:37,429: INFO     Guide RNA candidates found: 45720
Number of random control searched:  100000
	Command being timed: "guidemaker -i test/test_data/Pseudomonas_aeruginosa_PAO1_107.gbk --pamseq NGG --outdir TEST --pam_orientation 5prime --guidelength 20 --strand both --lcp 10 --dist 3 --before 100 --into 100 --knum 10 --controls 10 --log GuideMaker_57449409_4.log --threads 2"
	User time (seconds): 1026.11
	System time (seconds): 44.02
	Percent of CPU this job got: 189%
	Elapsed (wall clock) time (h:mm:ss or m:ss): 9:24.34
	Average shared text size (kbytes): 0
	Average unshared data size (kbytes): 0
	Average stack size (kbytes): 0
	Average total size (kbytes): 0
	Maximum resident set size (kbytes): 2859452
	Average resident set size (kbytes): 0
	Major (requiring I/O) page faults: 0
	Minor (reclaiming a frame) page faults: 26298097
	Voluntary context switches: 77694
	Involuntary context switches: 433746
	Swaps: 0
	File system inputs: 0
	File system outputs: 185184
	Socket messages sent: 0
	Socket messages received: 0
	Signals delivered: 0
	Page size (bytes): 4096
	Exit status: 0
My SLURM_ARRAY_TASK_ID:  4
My TMPDIR IS:  /scratch/local/57449409
Input Genome:>>>>>>>>>>>>>>>>>>>>>>>>>>>>>>>>>>>>>>>>>>>  Pseudomonas_aeruginosa_PAO1_107.gbk
Threads used:>>>>>>>>>>>>>>>>>>>>>>>>>>>>>>>>>>>>>>>>>>>  4
GuideMaker
2020-08-13 14:24:40,931: INFO     Temp directory is: /scratch/local/57449409/guidemaker_rmah6_h_
2020-08-13 14:24:40,931: INFO     Writing fasta file from genbank file(s)
2020-08-13 14:24:40,932: INFO     check if test/test_data/Pseudomonas_aeruginosa_PAO1_107.gbk is gzipped
/home/rp3448/.conda/envs/avx2/lib/python3.7/site-packages/Bio/GenBank/Scanner.py:1400: BiopythonParserWarning: Truncated LOCUS line found - is this correct?
:'LOCUS       NC_002516            6264404 bp    dna     circular UNK \n'
  BiopythonParserWarning,
/home/rp3448/.conda/envs/avx2/lib/python3.7/site-packages/Bio/GenBank/__init__.py:762: BiopythonParserWarning: Non-upper case molecule type in LOCUS line: dna
  BiopythonParserWarning,
2020-08-13 14:24:41,735: INFO     Identifying PAM sites in the genome
2020-08-13 14:25:06,944: INFO     Identifing guides that are unique near the PAM site
2020-08-13 14:25:08,488: INFO     Indexing all potential guide sites: 1171800. This is the longest step.
2020-08-13 14:25:13,998: INFO     M                   = 16
2020-08-13 14:25:13,999: INFO     indexThreadQty      = 4
2020-08-13 14:25:13,999: INFO     efConstruction      = 64
2020-08-13 14:25:13,999: INFO     maxM			          = 16
2020-08-13 14:25:13,999: INFO     maxM0			          = 32
2020-08-13 14:25:13,999: INFO     mult                = 0.360674
2020-08-13 14:25:13,999: INFO     skip_optimized_index= 0
2020-08-13 14:25:13,999: INFO     delaunay_type       = 2
2020-08-13 14:25:13,999: INFO     Set HNSW query-time parameters:
2020-08-13 14:25:13,999: INFO     ef(Search)         =20
2020-08-13 14:25:13,999: INFO     algoType           =2

0%   10   20   30   40   50   60   70   80   90   100%
|----|----|----|----|----|----|----|----|----|----|
***************************************************

0%   10   20   30   40   50   60   70   80   90   100%
|----|----|----|----|----|----|----|----|----|----|
****************************************************2020-08-13 14:28:13,898: INFO     No appropriate custom distance function for Hamming (bit-storage) space
2020-08-13 14:28:13,898: INFO     searchMethod			  = 0
2020-08-13 14:28:13,997: INFO     Identifying guides that have a hamming distance <= 3 to all other potential guides
2020-08-13 14:28:14,348: INFO     Set HNSW query-time parameters:
2020-08-13 14:28:14,348: INFO     ef(Search)         =256
2020-08-13 14:28:14,348: INFO     algoType           =2
2020-08-13 14:29:08,675: INFO     Formatting data for BedTools
2020-08-13 14:29:09,059: INFO     Create GuideMaker Annotation object
2020-08-13 14:29:09,059: INFO     Identify genomic features
2020-08-13 14:29:09,060: INFO     check if test/test_data/Pseudomonas_aeruginosa_PAO1_107.gbk is gzipped
2020-08-13 14:29:10,426: INFO     Find genomic features closest the guides
2020-08-13 14:29:13,011: INFO     Select guides that start between +100 and -100 of a feature start
2020-08-13 14:29:13,209: INFO     Select description columns
2020-08-13 14:29:13,255: INFO     Format the output
2020-08-13 14:29:14,295: INFO     creating random control guides
2020-08-13 14:29:50,397: INFO     created 10 control guides with a minimum distance of 7 and a median distance of 7
2020-08-13 14:29:50,400: INFO     guidemaker completed, results are at TEST
2020-08-13 14:29:50,400: INFO     PAM sequence: NGG
2020-08-13 14:29:50,400: INFO     PAM orientation: 5prime
2020-08-13 14:29:50,400: INFO     Genome strand(s) searched: both
2020-08-13 14:29:50,400: INFO     Total PAM sites considered: 1171800
2020-08-13 14:29:50,401: INFO     Guide RNA candidates found: 45720
Number of random control searched:  100000
	Command being timed: "guidemaker -i test/test_data/Pseudomonas_aeruginosa_PAO1_107.gbk --pamseq NGG --outdir TEST --pam_orientation 5prime --guidelength 20 --strand both --lcp 10 --dist 3 --before 100 --into 100 --knum 10 --controls 10 --log GuideMaker_57449409_4.log --threads 4"
	User time (seconds): 1048.87
	System time (seconds): 29.69
	Percent of CPU this job got: 344%
	Elapsed (wall clock) time (h:mm:ss or m:ss): 5:12.63
	Average shared text size (kbytes): 0
	Average unshared data size (kbytes): 0
	Average stack size (kbytes): 0
	Average total size (kbytes): 0
	Maximum resident set size (kbytes): 2849900
	Average resident set size (kbytes): 0
	Major (requiring I/O) page faults: 0
	Minor (reclaiming a frame) page faults: 15466124
	Voluntary context switches: 165033
	Involuntary context switches: 96910
	Swaps: 0
	File system inputs: 0
	File system outputs: 185160
	Socket messages sent: 0
	Socket messages received: 0
	Signals delivered: 0
	Page size (bytes): 4096
	Exit status: 0
My SLURM_ARRAY_TASK_ID:  4
My TMPDIR IS:  /scratch/local/57449409
Input Genome:>>>>>>>>>>>>>>>>>>>>>>>>>>>>>>>>>>>>>>>>>>>  Pseudomonas_aeruginosa_PAO1_107.gbk
Threads used:>>>>>>>>>>>>>>>>>>>>>>>>>>>>>>>>>>>>>>>>>>>  8
GuideMaker
2020-08-13 14:29:53,602: INFO     Temp directory is: /scratch/local/57449409/guidemaker_59bjuudh
2020-08-13 14:29:53,602: INFO     Writing fasta file from genbank file(s)
2020-08-13 14:29:53,602: INFO     check if test/test_data/Pseudomonas_aeruginosa_PAO1_107.gbk is gzipped
/home/rp3448/.conda/envs/avx2/lib/python3.7/site-packages/Bio/GenBank/Scanner.py:1400: BiopythonParserWarning: Truncated LOCUS line found - is this correct?
:'LOCUS       NC_002516            6264404 bp    dna     circular UNK \n'
  BiopythonParserWarning,
/home/rp3448/.conda/envs/avx2/lib/python3.7/site-packages/Bio/GenBank/__init__.py:762: BiopythonParserWarning: Non-upper case molecule type in LOCUS line: dna
  BiopythonParserWarning,
2020-08-13 14:29:54,417: INFO     Identifying PAM sites in the genome
2020-08-13 14:30:20,114: INFO     Identifing guides that are unique near the PAM site
2020-08-13 14:30:21,620: INFO     Indexing all potential guide sites: 1171800. This is the longest step.
2020-08-13 14:30:27,089: INFO     M                   = 16
2020-08-13 14:30:27,090: INFO     indexThreadQty      = 8
2020-08-13 14:30:27,090: INFO     efConstruction      = 64
2020-08-13 14:30:27,090: INFO     maxM			          = 16
2020-08-13 14:30:27,090: INFO     maxM0			          = 32
2020-08-13 14:30:27,090: INFO     mult                = 0.360674
2020-08-13 14:30:27,090: INFO     skip_optimized_index= 0
2020-08-13 14:30:27,090: INFO     delaunay_type       = 2
2020-08-13 14:30:27,090: INFO     Set HNSW query-time parameters:
2020-08-13 14:30:27,090: INFO     ef(Search)         =20
2020-08-13 14:30:27,090: INFO     algoType           =2

0%   10   20   30   40   50   60   70   80   90   100%
|----|----|----|----|----|----|----|----|----|----|
***************************************************

0%   10   20   30   40   50   60   70   80   90   100%
|----|----|----|----|----|----|----|----|----|----|
*******************************************************2020-08-13 14:32:03,699: INFO     No appropriate custom distance function for Hamming (bit-storage) space
2020-08-13 14:32:03,700: INFO     searchMethod			  = 0
2020-08-13 14:32:03,793: INFO     Identifying guides that have a hamming distance <= 3 to all other potential guides
2020-08-13 14:32:04,113: INFO     Set HNSW query-time parameters:
2020-08-13 14:32:04,113: INFO     ef(Search)         =256
2020-08-13 14:32:04,113: INFO     algoType           =2
2020-08-13 14:32:35,597: INFO     Formatting data for BedTools
2020-08-13 14:32:35,985: INFO     Create GuideMaker Annotation object
2020-08-13 14:32:35,985: INFO     Identify genomic features
2020-08-13 14:32:35,986: INFO     check if test/test_data/Pseudomonas_aeruginosa_PAO1_107.gbk is gzipped
2020-08-13 14:32:37,380: INFO     Find genomic features closest the guides
2020-08-13 14:32:40,074: INFO     Select guides that start between +100 and -100 of a feature start
2020-08-13 14:32:40,258: INFO     Select description columns
2020-08-13 14:32:40,307: INFO     Format the output
2020-08-13 14:32:41,374: INFO     creating random control guides
2020-08-13 14:33:03,393: INFO     created 10 control guides with a minimum distance of 7 and a median distance of 7
2020-08-13 14:33:03,396: INFO     guidemaker completed, results are at TEST
2020-08-13 14:33:03,396: INFO     PAM sequence: NGG
2020-08-13 14:33:03,396: INFO     PAM orientation: 5prime
2020-08-13 14:33:03,396: INFO     Genome strand(s) searched: both
2020-08-13 14:33:03,396: INFO     Total PAM sites considered: 1171800
2020-08-13 14:33:03,396: INFO     Guide RNA candidates found: 45720
Number of random control searched:  100000
	Command being timed: "guidemaker -i test/test_data/Pseudomonas_aeruginosa_PAO1_107.gbk --pamseq NGG --outdir TEST --pam_orientation 5prime --guidelength 20 --strand both --lcp 10 --dist 3 --before 100 --into 100 --knum 10 --controls 10 --log GuideMaker_57449409_4.log --threads 8"
	User time (seconds): 1101.79
	System time (seconds): 31.66
	Percent of CPU this job got: 586%
	Elapsed (wall clock) time (h:mm:ss or m:ss): 3:13.16
	Average shared text size (kbytes): 0
	Average unshared data size (kbytes): 0
	Average stack size (kbytes): 0
	Average total size (kbytes): 0
	Maximum resident set size (kbytes): 2881100
	Average resident set size (kbytes): 0
	Major (requiring I/O) page faults: 0
	Minor (reclaiming a frame) page faults: 13563701
	Voluntary context switches: 261774
	Involuntary context switches: 143514
	Swaps: 0
	File system inputs: 0
	File system outputs: 185152
	Socket messages sent: 0
	Socket messages received: 0
	Signals delivered: 0
	Page size (bytes): 4096
	Exit status: 0
My SLURM_ARRAY_TASK_ID:  4
My TMPDIR IS:  /scratch/local/57449409
Input Genome:>>>>>>>>>>>>>>>>>>>>>>>>>>>>>>>>>>>>>>>>>>>  Pseudomonas_aeruginosa_PAO1_107.gbk
Threads used:>>>>>>>>>>>>>>>>>>>>>>>>>>>>>>>>>>>>>>>>>>>  16
GuideMaker
2020-08-13 14:33:06,779: INFO     Temp directory is: /scratch/local/57449409/guidemaker_0sn35gmi
2020-08-13 14:33:06,779: INFO     Writing fasta file from genbank file(s)
2020-08-13 14:33:06,779: INFO     check if test/test_data/Pseudomonas_aeruginosa_PAO1_107.gbk is gzipped
/home/rp3448/.conda/envs/avx2/lib/python3.7/site-packages/Bio/GenBank/Scanner.py:1400: BiopythonParserWarning: Truncated LOCUS line found - is this correct?
:'LOCUS       NC_002516            6264404 bp    dna     circular UNK \n'
  BiopythonParserWarning,
/home/rp3448/.conda/envs/avx2/lib/python3.7/site-packages/Bio/GenBank/__init__.py:762: BiopythonParserWarning: Non-upper case molecule type in LOCUS line: dna
  BiopythonParserWarning,
2020-08-13 14:33:07,576: INFO     Identifying PAM sites in the genome
2020-08-13 14:33:32,306: INFO     Identifing guides that are unique near the PAM site
2020-08-13 14:33:33,794: INFO     Indexing all potential guide sites: 1171800. This is the longest step.
2020-08-13 14:33:39,226: INFO     M                   = 16
2020-08-13 14:33:39,226: INFO     indexThreadQty      = 16
2020-08-13 14:33:39,226: INFO     efConstruction      = 64
2020-08-13 14:33:39,226: INFO     maxM			          = 16
2020-08-13 14:33:39,227: INFO     maxM0			          = 32
2020-08-13 14:33:39,227: INFO     mult                = 0.360674
2020-08-13 14:33:39,227: INFO     skip_optimized_index= 0
2020-08-13 14:33:39,227: INFO     delaunay_type       = 2
2020-08-13 14:33:39,227: INFO     Set HNSW query-time parameters:
2020-08-13 14:33:39,227: INFO     ef(Search)         =20
2020-08-13 14:33:39,227: INFO     algoType           =2

0%   10   20   30   40   50   60   70   80   90   100%
|----|----|----|----|----|----|----|----|----|----|
***************************************************

0%   10   20   30   40   50   60   70   80   90   100%
|----|----|----|----|----|----|----|----|----|----|
****************************************************2020-08-13 14:34:34,381: INFO     No appropriate custom distance function for Hamming (bit-storage) space
2020-08-13 14:34:34,381: INFO     searchMethod			  = 0
2020-08-13 14:34:34,476: INFO     Identifying guides that have a hamming distance <= 3 to all other potential guides
2020-08-13 14:34:34,814: INFO     Set HNSW query-time parameters:
2020-08-13 14:34:34,814: INFO     ef(Search)         =256
2020-08-13 14:34:34,814: INFO     algoType           =2
2020-08-13 14:34:56,116: INFO     Formatting data for BedTools
2020-08-13 14:34:56,496: INFO     Create GuideMaker Annotation object
2020-08-13 14:34:56,496: INFO     Identify genomic features
2020-08-13 14:34:56,497: INFO     check if test/test_data/Pseudomonas_aeruginosa_PAO1_107.gbk is gzipped
2020-08-13 14:34:57,860: INFO     Find genomic features closest the guides
2020-08-13 14:35:00,460: INFO     Select guides that start between +100 and -100 of a feature start
2020-08-13 14:35:00,634: INFO     Select description columns
2020-08-13 14:35:00,681: INFO     Format the output
2020-08-13 14:35:01,777: INFO     creating random control guides
2020-08-13 14:35:16,964: INFO     created 10 control guides with a minimum distance of 7 and a median distance of 7
2020-08-13 14:35:16,971: INFO     guidemaker completed, results are at TEST
2020-08-13 14:35:16,971: INFO     PAM sequence: NGG
2020-08-13 14:35:16,971: INFO     PAM orientation: 5prime
2020-08-13 14:35:16,971: INFO     Genome strand(s) searched: both
2020-08-13 14:35:16,971: INFO     Total PAM sites considered: 1171800
2020-08-13 14:35:16,971: INFO     Guide RNA candidates found: 45720
Number of random control searched:  100000
	Command being timed: "guidemaker -i test/test_data/Pseudomonas_aeruginosa_PAO1_107.gbk --pamseq NGG --outdir TEST --pam_orientation 5prime --guidelength 20 --strand both --lcp 10 --dist 3 --before 100 --into 100 --knum 10 --controls 10 --log GuideMaker_57449409_4.log --threads 16"
	User time (seconds): 1221.88
	System time (seconds): 43.82
	Percent of CPU this job got: 947%
	Elapsed (wall clock) time (h:mm:ss or m:ss): 2:13.62
	Average shared text size (kbytes): 0
	Average unshared data size (kbytes): 0
	Average stack size (kbytes): 0
	Average total size (kbytes): 0
	Maximum resident set size (kbytes): 2927012
	Average resident set size (kbytes): 0
	Major (requiring I/O) page faults: 0
	Minor (reclaiming a frame) page faults: 11619941
	Voluntary context switches: 430740
	Involuntary context switches: 84817
	Swaps: 0
	File system inputs: 0
	File system outputs: 185128
	Socket messages sent: 0
	Socket messages received: 0
	Signals delivered: 0
	Page size (bytes): 4096
	Exit status: 0
My SLURM_ARRAY_TASK_ID:  4
My TMPDIR IS:  /scratch/local/57449409
Input Genome:>>>>>>>>>>>>>>>>>>>>>>>>>>>>>>>>>>>>>>>>>>>  Pseudomonas_aeruginosa_PAO1_107.gbk
Threads used:>>>>>>>>>>>>>>>>>>>>>>>>>>>>>>>>>>>>>>>>>>>  32
GuideMaker
2020-08-13 14:35:20,401: INFO     Temp directory is: /scratch/local/57449409/guidemaker_tbzl6cqj
2020-08-13 14:35:20,401: INFO     Writing fasta file from genbank file(s)
2020-08-13 14:35:20,402: INFO     check if test/test_data/Pseudomonas_aeruginosa_PAO1_107.gbk is gzipped
/home/rp3448/.conda/envs/avx2/lib/python3.7/site-packages/Bio/GenBank/Scanner.py:1400: BiopythonParserWarning: Truncated LOCUS line found - is this correct?
:'LOCUS       NC_002516            6264404 bp    dna     circular UNK \n'
  BiopythonParserWarning,
/home/rp3448/.conda/envs/avx2/lib/python3.7/site-packages/Bio/GenBank/__init__.py:762: BiopythonParserWarning: Non-upper case molecule type in LOCUS line: dna
  BiopythonParserWarning,
2020-08-13 14:35:21,213: INFO     Identifying PAM sites in the genome
2020-08-13 14:35:48,218: INFO     Identifing guides that are unique near the PAM site
2020-08-13 14:35:49,746: INFO     Indexing all potential guide sites: 1171800. This is the longest step.
2020-08-13 14:35:55,277: INFO     M                   = 16
2020-08-13 14:35:55,277: INFO     indexThreadQty      = 32
2020-08-13 14:35:55,277: INFO     efConstruction      = 64
2020-08-13 14:35:55,277: INFO     maxM			          = 16
2020-08-13 14:35:55,277: INFO     maxM0			          = 32
2020-08-13 14:35:55,277: INFO     mult                = 0.360674
2020-08-13 14:35:55,277: INFO     skip_optimized_index= 0
2020-08-13 14:35:55,277: INFO     delaunay_type       = 2
2020-08-13 14:35:55,277: INFO     Set HNSW query-time parameters:
2020-08-13 14:35:55,277: INFO     ef(Search)         =20
2020-08-13 14:35:55,277: INFO     algoType           =2

0%   10   20   30   40   50   60   70   80   90   100%
|----|----|----|----|----|----|----|----|----|----|
***************************************************

0%   10   20   30   40   50   60   70   80   90   100%
|----|----|----|----|----|----|----|----|----|----|
****************************************************2020-08-13 14:36:26,192: INFO     No appropriate custom distance function for Hamming (bit-storage) space
2020-08-13 14:36:26,192: INFO     searchMethod			  = 0
2020-08-13 14:36:26,287: INFO     Identifying guides that have a hamming distance <= 3 to all other potential guides
2020-08-13 14:36:26,625: INFO     Set HNSW query-time parameters:
2020-08-13 14:36:26,626: INFO     ef(Search)         =256
2020-08-13 14:36:26,626: INFO     algoType           =2
2020-08-13 14:36:42,779: INFO     Formatting data for BedTools
2020-08-13 14:36:43,164: INFO     Create GuideMaker Annotation object
2020-08-13 14:36:43,164: INFO     Identify genomic features
2020-08-13 14:36:43,165: INFO     check if test/test_data/Pseudomonas_aeruginosa_PAO1_107.gbk is gzipped
2020-08-13 14:36:44,574: INFO     Find genomic features closest the guides
2020-08-13 14:36:47,180: INFO     Select guides that start between +100 and -100 of a feature start
2020-08-13 14:36:47,353: INFO     Select description columns
2020-08-13 14:36:47,401: INFO     Format the output
2020-08-13 14:36:48,438: INFO     creating random control guides
2020-08-13 14:37:00,540: INFO     created 10 control guides with a minimum distance of 7 and a median distance of 7
2020-08-13 14:37:00,544: INFO     guidemaker completed, results are at TEST
2020-08-13 14:37:00,544: INFO     PAM sequence: NGG
2020-08-13 14:37:00,544: INFO     PAM orientation: 5prime
2020-08-13 14:37:00,545: INFO     Genome strand(s) searched: both
2020-08-13 14:37:00,545: INFO     Total PAM sites considered: 1171800
2020-08-13 14:37:00,545: INFO     Guide RNA candidates found: 45720
Number of random control searched:  100000
	Command being timed: "guidemaker -i test/test_data/Pseudomonas_aeruginosa_PAO1_107.gbk --pamseq NGG --outdir TEST --pam_orientation 5prime --guidelength 20 --strand both --lcp 10 --dist 3 --before 100 --into 100 --knum 10 --controls 10 --log GuideMaker_57449409_4.log --threads 32"
	User time (seconds): 1363.87
	System time (seconds): 54.87
	Percent of CPU this job got: 1366%
	Elapsed (wall clock) time (h:mm:ss or m:ss): 1:43.79
	Average shared text size (kbytes): 0
	Average unshared data size (kbytes): 0
	Average stack size (kbytes): 0
	Average total size (kbytes): 0
	Maximum resident set size (kbytes): 2943764
	Average resident set size (kbytes): 0
	Major (requiring I/O) page faults: 0
	Minor (reclaiming a frame) page faults: 8373292
	Voluntary context switches: 816411
	Involuntary context switches: 149770
	Swaps: 0
	File system inputs: 0
	File system outputs: 185128
	Socket messages sent: 0
	Socket messages received: 0
	Signals delivered: 0
	Page size (bytes): 4096
	Exit status: 0
