Thu Feb  4 16:44:41 EST 2021
c24b-s37.ufhpc
/blue/garrett/rp3448/analysis/guidemaker/AVXGuidemaker
My SLURM_ARRAY_TASK_ID:  6
My TMPDIR IS:  /scratch/local/63825455
Input Genome:>>>>>>>>>>>>>>>>>>>>>>>>>>>>>>>>>>>>>>>>>>>  Arabidopsis_thaliana.gbk
Input PAM:>>>>>>>>>>>>>>>>>>>>>>>>>>>>>>>>>>>>>>>>>>>  NGG
Threads used:>>>>>>>>>>>>>>>>>>>>>>>>>>>>>>>>>>>>>>>>>>>  1
GuideMaker
2021-02-04 16:44:45,915: INFO     Temp directory is: /scratch/local/63825455/guidemaker_xwnpjke8
2021-02-04 16:44:45,916: INFO     Writing fasta file from genbank file(s)
2021-02-04 16:44:45,916: INFO     check if ../all_test_data/Arabidopsis_thaliana.gbk is gzipped
2021-02-04 16:45:11,018: INFO     Identifying PAM sites in the genome
2021-02-04 16:48:51,278: INFO     Checking guides for restriction enzymes
2021-02-04 16:48:53,548: INFO     Number of guides removed after checking for restriction enzymes: 0
2021-02-04 16:48:53,548: INFO     Identifing guides that are unique near the PAM site
2021-02-04 16:49:09,004: INFO     Number of guides removed after checking for unique PAM: 7107147
2021-02-04 16:49:09,004: INFO     Indexing all potential guide sites: 8099754. This is the longest step.
2021-02-04 16:49:46,660: INFO     M                   = 16
2021-02-04 16:49:46,660: INFO     indexThreadQty      = 1
2021-02-04 16:49:46,660: INFO     efConstruction      = 10
2021-02-04 16:49:46,660: INFO     maxM			          = 16
2021-02-04 16:49:46,660: INFO     maxM0			          = 32
2021-02-04 16:49:46,660: INFO     mult                = 0.360674
2021-02-04 16:49:46,660: INFO     skip_optimized_index= 0
2021-02-04 16:49:46,660: INFO     delaunay_type       = 2
2021-02-04 16:49:46,660: INFO     Set HNSW query-time parameters:
2021-02-04 16:49:46,660: INFO     ef(Search)         =20
2021-02-04 16:49:46,660: INFO     algoType           =2

0%   10   20   30   40   50   60   70   80   90   100%
|----|----|----|----|----|----|----|----|----|----|
***************************************************

0%   10   20   30   40   50   60   70   80   90   100%
|----|----|----|----|----|----|----|----|----|----|
***************************************************
*2021-02-04 17:05:37,231: INFO     No appropriate custom distance function for Hamming (bit-storage) space
2021-02-04 17:05:38,311: INFO     searchMethod			  = 0
2021-02-04 17:05:38,947: INFO     Identifying guides that have a hamming distance <= 3 to all other potential guides
2021-02-04 17:05:40,841: INFO     Set HNSW query-time parameters:
2021-02-04 17:05:40,842: INFO     ef(Search)         =9
2021-02-04 17:05:40,842: INFO     algoType           =2
2021-02-04 17:07:32,541: INFO     Formatting data for BedTools
2021-02-04 17:07:35,687: INFO     Create GuideMaker Annotation object
2021-02-04 17:07:35,687: INFO     Identify genomic features
2021-02-04 17:07:35,688: INFO     check if ../all_test_data/Arabidopsis_thaliana.gbk is gzipped
2021-02-04 17:08:06,916: INFO     Total number of CDS/locus in the input genome: 48262
2021-02-04 17:08:06,916: INFO     Find genomic features closest the guides
2021-02-04 17:08:23,291: INFO     Select guides that start between +500 and -500 of a feature start
2021-02-04 17:08:24,213: INFO     Select description columns
2021-02-04 17:08:24,727: INFO     Format the output
2021-02-04 17:08:30,370: INFO     Number of Guides within a gene coordinates i.e. zero Feature distance: 167751
2021-02-04 17:08:35,647: INFO     creating random control guides
2021-02-04 17:08:37,123: INFO     Number of random control searched: 100
2021-02-04 17:08:37,124: INFO     Percentage of GC content in the input genome: 36.00
2021-02-04 17:08:37,124: INFO     Total length of the genome: 114.1 MB
2021-02-04 17:08:37,124: INFO     created 10 control guides with a minimum distance of 7 and a median distance of 7
2021-02-04 17:08:37,127: INFO     guidemaker completed, results are at TEST
2021-02-04 17:08:37,127: INFO     PAM sequence: NGG
2021-02-04 17:08:37,127: INFO     PAM orientation: 3prime
2021-02-04 17:08:37,127: INFO     Genome strand(s) searched: both
2021-02-04 17:08:37,127: INFO     Total PAM sites considered: 8099754
2021-02-04 17:08:37,127: INFO     Guide RNA candidates found: 257155
	Command being timed: "guidemaker -i ../all_test_data/Arabidopsis_thaliana.gbk --pamseq NGG --outdir TEST --pam_orientation 3prime --guidelength 20 --strand both --lcp 11 --dist 3 --before 500 --into 500 --knum 10 --controls 10 --log GM_63825455_6.log --threads 1"
	User time (seconds): 1414.20
	System time (seconds): 36.79
	Percent of CPU this job got: 100%
	Elapsed (wall clock) time (h:mm:ss or m:ss): 24:09.62
	Average shared text size (kbytes): 0
	Average unshared data size (kbytes): 0
	Average stack size (kbytes): 0
	Average total size (kbytes): 0
	Maximum resident set size (kbytes): 15410628
	Average resident set size (kbytes): 0
	Major (requiring I/O) page faults: 0
	Minor (reclaiming a frame) page faults: 41841389
	Voluntary context switches: 3138
	Involuntary context switches: 143953
	Swaps: 0
	File system inputs: 139288
	File system outputs: 1553928
	Socket messages sent: 0
	Socket messages received: 0
	Signals delivered: 0
	Page size (bytes): 4096
	Exit status: 0
My SLURM_ARRAY_TASK_ID:  6
My TMPDIR IS:  /scratch/local/63825455
Input Genome:>>>>>>>>>>>>>>>>>>>>>>>>>>>>>>>>>>>>>>>>>>>  Arabidopsis_thaliana.gbk
Input PAM:>>>>>>>>>>>>>>>>>>>>>>>>>>>>>>>>>>>>>>>>>>>  NGG
Threads used:>>>>>>>>>>>>>>>>>>>>>>>>>>>>>>>>>>>>>>>>>>>  2
GuideMaker
2021-02-04 17:08:55,575: INFO     Temp directory is: /scratch/local/63825455/guidemaker_nd6jsl7x
2021-02-04 17:08:55,575: INFO     Writing fasta file from genbank file(s)
2021-02-04 17:08:55,575: INFO     check if ../all_test_data/Arabidopsis_thaliana.gbk is gzipped
2021-02-04 17:09:20,717: INFO     Identifying PAM sites in the genome
2021-02-04 17:13:01,358: INFO     Checking guides for restriction enzymes
2021-02-04 17:13:03,676: INFO     Number of guides removed after checking for restriction enzymes: 0
2021-02-04 17:13:03,676: INFO     Identifing guides that are unique near the PAM site
2021-02-04 17:13:18,817: INFO     Number of guides removed after checking for unique PAM: 7107147
2021-02-04 17:13:18,817: INFO     Indexing all potential guide sites: 8099754. This is the longest step.
2021-02-04 17:13:57,965: INFO     M                   = 16
2021-02-04 17:13:57,965: INFO     indexThreadQty      = 2
2021-02-04 17:13:57,965: INFO     efConstruction      = 10
2021-02-04 17:13:57,965: INFO     maxM			          = 16
2021-02-04 17:13:57,965: INFO     maxM0			          = 32
2021-02-04 17:13:57,965: INFO     mult                = 0.360674
2021-02-04 17:13:57,965: INFO     skip_optimized_index= 0
2021-02-04 17:13:57,965: INFO     delaunay_type       = 2
2021-02-04 17:13:57,965: INFO     Set HNSW query-time parameters:
2021-02-04 17:13:57,966: INFO     ef(Search)         =20
2021-02-04 17:13:57,966: INFO     algoType           =2

0%   10   20   30   40   50   60   70   80   90   100%
|----|----|----|----|----|----|----|----|----|----|
***************************************************

0%   10   20   30   40   50   60   70   80   90   100%
|----|----|----|----|----|----|----|----|----|----|
****************************************************2021-02-04 17:24:54,596: INFO     No appropriate custom distance function for Hamming (bit-storage) space
2021-02-04 17:24:54,596: INFO     searchMethod			  = 0
2021-02-04 17:24:55,269: INFO     Identifying guides that have a hamming distance <= 3 to all other potential guides
2021-02-04 17:24:57,184: INFO     Set HNSW query-time parameters:
2021-02-04 17:24:57,184: INFO     ef(Search)         =9
2021-02-04 17:24:57,184: INFO     algoType           =2
2021-02-04 17:26:33,537: INFO     Formatting data for BedTools
2021-02-04 17:26:36,454: INFO     Create GuideMaker Annotation object
2021-02-04 17:26:36,455: INFO     Identify genomic features
2021-02-04 17:26:36,455: INFO     check if ../all_test_data/Arabidopsis_thaliana.gbk is gzipped
2021-02-04 17:27:09,130: INFO     Total number of CDS/locus in the input genome: 48262
2021-02-04 17:27:09,131: INFO     Find genomic features closest the guides
2021-02-04 17:27:26,660: INFO     Select guides that start between +500 and -500 of a feature start
2021-02-04 17:27:27,580: INFO     Select description columns
2021-02-04 17:27:28,051: INFO     Format the output
2021-02-04 17:27:31,829: INFO     Number of Guides within a gene coordinates i.e. zero Feature distance: 167849
2021-02-04 17:27:37,159: INFO     creating random control guides
2021-02-04 17:27:39,807: INFO     Number of random control searched: 1000
2021-02-04 17:27:39,808: INFO     Percentage of GC content in the input genome: 36.00
2021-02-04 17:27:39,808: INFO     Total length of the genome: 114.1 MB
2021-02-04 17:27:39,808: INFO     created 10 control guides with a minimum distance of 8 and a median distance of 8
2021-02-04 17:27:39,811: INFO     guidemaker completed, results are at TEST
2021-02-04 17:27:39,811: INFO     PAM sequence: NGG
2021-02-04 17:27:39,811: INFO     PAM orientation: 3prime
2021-02-04 17:27:39,811: INFO     Genome strand(s) searched: both
2021-02-04 17:27:39,811: INFO     Total PAM sites considered: 8099754
2021-02-04 17:27:39,811: INFO     Guide RNA candidates found: 257317
	Command being timed: "guidemaker -i ../all_test_data/Arabidopsis_thaliana.gbk --pamseq NGG --outdir TEST --pam_orientation 3prime --guidelength 20 --strand both --lcp 11 --dist 3 --before 500 --into 500 --knum 10 --controls 10 --log GM_63825455_6.log --threads 2"
	User time (seconds): 1674.88
	System time (seconds): 160.38
	Percent of CPU this job got: 160%
	Elapsed (wall clock) time (h:mm:ss or m:ss): 19:04.22
	Average shared text size (kbytes): 0
	Average unshared data size (kbytes): 0
	Average stack size (kbytes): 0
	Average total size (kbytes): 0
	Maximum resident set size (kbytes): 16230760
	Average resident set size (kbytes): 0
	Major (requiring I/O) page faults: 0
	Minor (reclaiming a frame) page faults: 106297904
	Voluntary context switches: 718131
	Involuntary context switches: 3334
	Swaps: 0
	File system inputs: 136
	File system outputs: 1555280
	Socket messages sent: 0
	Socket messages received: 0
	Signals delivered: 0
	Page size (bytes): 4096
	Exit status: 0
My SLURM_ARRAY_TASK_ID:  6
My TMPDIR IS:  /scratch/local/63825455
Input Genome:>>>>>>>>>>>>>>>>>>>>>>>>>>>>>>>>>>>>>>>>>>>  Arabidopsis_thaliana.gbk
Input PAM:>>>>>>>>>>>>>>>>>>>>>>>>>>>>>>>>>>>>>>>>>>>  NGG
Threads used:>>>>>>>>>>>>>>>>>>>>>>>>>>>>>>>>>>>>>>>>>>>  4
GuideMaker
2021-02-04 17:27:59,800: INFO     Temp directory is: /scratch/local/63825455/guidemaker_g_u64t5d
2021-02-04 17:27:59,800: INFO     Writing fasta file from genbank file(s)
2021-02-04 17:27:59,801: INFO     check if ../all_test_data/Arabidopsis_thaliana.gbk is gzipped
2021-02-04 17:28:25,675: INFO     Identifying PAM sites in the genome
2021-02-04 17:32:11,116: INFO     Checking guides for restriction enzymes
2021-02-04 17:32:13,365: INFO     Number of guides removed after checking for restriction enzymes: 0
2021-02-04 17:32:13,365: INFO     Identifing guides that are unique near the PAM site
2021-02-04 17:32:28,836: INFO     Number of guides removed after checking for unique PAM: 7107147
2021-02-04 17:32:28,837: INFO     Indexing all potential guide sites: 8099754. This is the longest step.
2021-02-04 17:33:09,528: INFO     M                   = 16
2021-02-04 17:33:09,528: INFO     indexThreadQty      = 4
2021-02-04 17:33:09,528: INFO     efConstruction      = 10
2021-02-04 17:33:09,529: INFO     maxM			          = 16
2021-02-04 17:33:09,529: INFO     maxM0			          = 32
2021-02-04 17:33:09,529: INFO     mult                = 0.360674
2021-02-04 17:33:09,529: INFO     skip_optimized_index= 0
2021-02-04 17:33:09,529: INFO     delaunay_type       = 2
2021-02-04 17:33:09,529: INFO     Set HNSW query-time parameters:
2021-02-04 17:33:09,529: INFO     ef(Search)         =20
2021-02-04 17:33:09,529: INFO     algoType           =2

0%   10   20   30   40   50   60   70   80   90   100%
|----|----|----|----|----|----|----|----|----|----|
***************************************************

0%   10   20   30   40   50   60   70   80   90   100%
|----|----|----|----|----|----|----|----|----|----|
****************************************************2021-02-04 17:39:08,352: INFO     No appropriate custom distance function for Hamming (bit-storage) space
2021-02-04 17:39:08,353: INFO     searchMethod			  = 0
2021-02-04 17:39:09,002: INFO     Identifying guides that have a hamming distance <= 3 to all other potential guides
2021-02-04 17:39:11,003: INFO     Set HNSW query-time parameters:
2021-02-04 17:39:11,003: INFO     ef(Search)         =9
2021-02-04 17:39:11,003: INFO     algoType           =2
2021-02-04 17:40:24,527: INFO     Formatting data for BedTools
2021-02-04 17:40:27,452: INFO     Create GuideMaker Annotation object
2021-02-04 17:40:27,452: INFO     Identify genomic features
2021-02-04 17:40:27,453: INFO     check if ../all_test_data/Arabidopsis_thaliana.gbk is gzipped
2021-02-04 17:41:00,338: INFO     Total number of CDS/locus in the input genome: 48262
2021-02-04 17:41:00,338: INFO     Find genomic features closest the guides
2021-02-04 17:41:17,631: INFO     Select guides that start between +500 and -500 of a feature start
2021-02-04 17:41:18,501: INFO     Select description columns
2021-02-04 17:41:19,003: INFO     Format the output
2021-02-04 17:41:22,829: INFO     Number of Guides within a gene coordinates i.e. zero Feature distance: 167874
2021-02-04 17:41:28,391: INFO     creating random control guides
2021-02-04 17:41:30,693: INFO     Number of random control searched: 1000
2021-02-04 17:41:30,694: INFO     Percentage of GC content in the input genome: 36.00
2021-02-04 17:41:30,694: INFO     Total length of the genome: 114.1 MB
2021-02-04 17:41:30,694: INFO     created 10 control guides with a minimum distance of 8 and a median distance of 8
2021-02-04 17:41:30,698: INFO     guidemaker completed, results are at TEST
2021-02-04 17:41:30,698: INFO     PAM sequence: NGG
2021-02-04 17:41:30,699: INFO     PAM orientation: 3prime
2021-02-04 17:41:30,699: INFO     Genome strand(s) searched: both
2021-02-04 17:41:30,699: INFO     Total PAM sites considered: 8099754
2021-02-04 17:41:30,699: INFO     Guide RNA candidates found: 257317
	Command being timed: "guidemaker -i ../all_test_data/Arabidopsis_thaliana.gbk --pamseq NGG --outdir TEST --pam_orientation 3prime --guidelength 20 --strand both --lcp 11 --dist 3 --before 500 --into 500 --knum 10 --controls 10 --log GM_63825455_6.log --threads 4"
	User time (seconds): 1781.32
	System time (seconds): 151.83
	Percent of CPU this job got: 232%
	Elapsed (wall clock) time (h:mm:ss or m:ss): 13:51.75
	Average shared text size (kbytes): 0
	Average unshared data size (kbytes): 0
	Average stack size (kbytes): 0
	Average total size (kbytes): 0
	Maximum resident set size (kbytes): 16264820
	Average resident set size (kbytes): 0
	Major (requiring I/O) page faults: 0
	Minor (reclaiming a frame) page faults: 92088855
	Voluntary context switches: 1603345
	Involuntary context switches: 149516
	Swaps: 0
	File system inputs: 448
	File system outputs: 1553992
	Socket messages sent: 0
	Socket messages received: 0
	Signals delivered: 0
	Page size (bytes): 4096
	Exit status: 0
My SLURM_ARRAY_TASK_ID:  6
My TMPDIR IS:  /scratch/local/63825455
Input Genome:>>>>>>>>>>>>>>>>>>>>>>>>>>>>>>>>>>>>>>>>>>>  Arabidopsis_thaliana.gbk
Input PAM:>>>>>>>>>>>>>>>>>>>>>>>>>>>>>>>>>>>>>>>>>>>  NGG
Threads used:>>>>>>>>>>>>>>>>>>>>>>>>>>>>>>>>>>>>>>>>>>>  8
GuideMaker
2021-02-04 17:41:51,553: INFO     Temp directory is: /scratch/local/63825455/guidemaker_mg89mved
2021-02-04 17:41:51,553: INFO     Writing fasta file from genbank file(s)
2021-02-04 17:41:51,554: INFO     check if ../all_test_data/Arabidopsis_thaliana.gbk is gzipped
2021-02-04 17:42:16,484: INFO     Identifying PAM sites in the genome
2021-02-04 17:46:01,908: INFO     Checking guides for restriction enzymes
2021-02-04 17:46:04,183: INFO     Number of guides removed after checking for restriction enzymes: 0
2021-02-04 17:46:04,183: INFO     Identifing guides that are unique near the PAM site
2021-02-04 17:46:19,374: INFO     Number of guides removed after checking for unique PAM: 7107147
2021-02-04 17:46:19,374: INFO     Indexing all potential guide sites: 8099754. This is the longest step.
2021-02-04 17:46:57,757: INFO     M                   = 16
2021-02-04 17:46:57,758: INFO     indexThreadQty      = 8
2021-02-04 17:46:57,758: INFO     efConstruction      = 10
2021-02-04 17:46:57,758: INFO     maxM			          = 16
2021-02-04 17:46:57,758: INFO     maxM0			          = 32
2021-02-04 17:46:57,758: INFO     mult                = 0.360674
2021-02-04 17:46:57,758: INFO     skip_optimized_index= 0
2021-02-04 17:46:57,758: INFO     delaunay_type       = 2
2021-02-04 17:46:57,758: INFO     Set HNSW query-time parameters:
2021-02-04 17:46:57,758: INFO     ef(Search)         =20
2021-02-04 17:46:57,758: INFO     algoType           =2

0%   10   20   30   40   50   60   70   80   90   100%
|----|----|----|----|----|----|----|----|----|----|
***************************************************

0%   10   20   30   40   50   60   70   80   90   100%
|----|----|----|----|----|----|----|----|----|----|
****************************************************2021-02-04 17:50:10,255: INFO     No appropriate custom distance function for Hamming (bit-storage) space
2021-02-04 17:50:10,256: INFO     searchMethod			  = 0
2021-02-04 17:50:10,894: INFO     Identifying guides that have a hamming distance <= 3 to all other potential guides
2021-02-04 17:50:12,857: INFO     Set HNSW query-time parameters:
2021-02-04 17:50:12,857: INFO     ef(Search)         =9
2021-02-04 17:50:12,857: INFO     algoType           =2
2021-02-04 17:51:11,032: INFO     Formatting data for BedTools
2021-02-04 17:51:13,951: INFO     Create GuideMaker Annotation object
2021-02-04 17:51:13,951: INFO     Identify genomic features
2021-02-04 17:51:13,951: INFO     check if ../all_test_data/Arabidopsis_thaliana.gbk is gzipped
2021-02-04 17:51:45,639: INFO     Total number of CDS/locus in the input genome: 48262
2021-02-04 17:51:45,639: INFO     Find genomic features closest the guides
2021-02-04 17:52:03,142: INFO     Select guides that start between +500 and -500 of a feature start
2021-02-04 17:52:04,016: INFO     Select description columns
2021-02-04 17:52:04,492: INFO     Format the output
2021-02-04 17:52:08,288: INFO     Number of Guides within a gene coordinates i.e. zero Feature distance: 167704
2021-02-04 17:52:13,692: INFO     creating random control guides
2021-02-04 17:52:15,854: INFO     Number of random control searched: 1000
2021-02-04 17:52:15,854: INFO     Percentage of GC content in the input genome: 36.00
2021-02-04 17:52:15,854: INFO     Total length of the genome: 114.1 MB
2021-02-04 17:52:15,854: INFO     created 10 control guides with a minimum distance of 8 and a median distance of 8
2021-02-04 17:52:15,857: INFO     guidemaker completed, results are at TEST
2021-02-04 17:52:15,857: INFO     PAM sequence: NGG
2021-02-04 17:52:15,857: INFO     PAM orientation: 3prime
2021-02-04 17:52:15,857: INFO     Genome strand(s) searched: both
2021-02-04 17:52:15,857: INFO     Total PAM sites considered: 8099754
2021-02-04 17:52:15,858: INFO     Guide RNA candidates found: 257085
	Command being timed: "guidemaker -i ../all_test_data/Arabidopsis_thaliana.gbk --pamseq NGG --outdir TEST --pam_orientation 3prime --guidelength 20 --strand both --lcp 11 --dist 3 --before 500 --into 500 --knum 10 --controls 10 --log GM_63825455_6.log --threads 8"
	User time (seconds): 1865.47
	System time (seconds): 129.36
	Percent of CPU this job got: 309%
	Elapsed (wall clock) time (h:mm:ss or m:ss): 10:44.18
	Average shared text size (kbytes): 0
	Average unshared data size (kbytes): 0
	Average stack size (kbytes): 0
	Average total size (kbytes): 0
	Maximum resident set size (kbytes): 16314284
	Average resident set size (kbytes): 0
	Major (requiring I/O) page faults: 0
	Minor (reclaiming a frame) page faults: 68588769
	Voluntary context switches: 2822994
	Involuntary context switches: 85903
	Swaps: 0
	File system inputs: 904
	File system outputs: 1552912
	Socket messages sent: 0
	Socket messages received: 0
	Signals delivered: 0
	Page size (bytes): 4096
	Exit status: 0
My SLURM_ARRAY_TASK_ID:  6
My TMPDIR IS:  /scratch/local/63825455
Input Genome:>>>>>>>>>>>>>>>>>>>>>>>>>>>>>>>>>>>>>>>>>>>  Arabidopsis_thaliana.gbk
Input PAM:>>>>>>>>>>>>>>>>>>>>>>>>>>>>>>>>>>>>>>>>>>>  NGG
Threads used:>>>>>>>>>>>>>>>>>>>>>>>>>>>>>>>>>>>>>>>>>>>  16
GuideMaker
2021-02-04 17:52:35,829: INFO     Temp directory is: /scratch/local/63825455/guidemaker_6xygvzki
2021-02-04 17:52:35,829: INFO     Writing fasta file from genbank file(s)
2021-02-04 17:52:35,830: INFO     check if ../all_test_data/Arabidopsis_thaliana.gbk is gzipped
2021-02-04 17:53:01,738: INFO     Identifying PAM sites in the genome
2021-02-04 17:56:50,303: INFO     Checking guides for restriction enzymes
2021-02-04 17:56:52,575: INFO     Number of guides removed after checking for restriction enzymes: 0
2021-02-04 17:56:52,576: INFO     Identifing guides that are unique near the PAM site
2021-02-04 17:57:08,025: INFO     Number of guides removed after checking for unique PAM: 7107147
2021-02-04 17:57:08,025: INFO     Indexing all potential guide sites: 8099754. This is the longest step.
2021-02-04 17:57:46,994: INFO     M                   = 16
2021-02-04 17:57:46,994: INFO     indexThreadQty      = 16
2021-02-04 17:57:46,994: INFO     efConstruction      = 10
2021-02-04 17:57:46,994: INFO     maxM			          = 16
2021-02-04 17:57:46,994: INFO     maxM0			          = 32
2021-02-04 17:57:46,994: INFO     mult                = 0.360674
2021-02-04 17:57:46,994: INFO     skip_optimized_index= 0
2021-02-04 17:57:46,994: INFO     delaunay_type       = 2
2021-02-04 17:57:46,995: INFO     Set HNSW query-time parameters:
2021-02-04 17:57:46,995: INFO     ef(Search)         =20
2021-02-04 17:57:46,995: INFO     algoType           =2

0%   10   20   30   40   50   60   70   80   90   100%
|----|----|----|----|----|----|----|----|----|----|
***************************************************

0%   10   20   30   40   50   60   70   80   90   100%
|----|----|----|----|----|----|----|----|----|----|
****************************************************2021-02-04 17:59:31,658: INFO     No appropriate custom distance function for Hamming (bit-storage) space
2021-02-04 17:59:31,658: INFO     searchMethod			  = 0
2021-02-04 17:59:32,295: INFO     Identifying guides that have a hamming distance <= 3 to all other potential guides
2021-02-04 17:59:34,248: INFO     Set HNSW query-time parameters:
2021-02-04 17:59:34,248: INFO     ef(Search)         =9
2021-02-04 17:59:34,248: INFO     algoType           =2
2021-02-04 18:00:27,874: INFO     Formatting data for BedTools
2021-02-04 18:00:30,755: INFO     Create GuideMaker Annotation object
2021-02-04 18:00:30,756: INFO     Identify genomic features
2021-02-04 18:00:30,756: INFO     check if ../all_test_data/Arabidopsis_thaliana.gbk is gzipped
2021-02-04 18:01:02,737: INFO     Total number of CDS/locus in the input genome: 48262
2021-02-04 18:01:02,737: INFO     Find genomic features closest the guides
2021-02-04 18:01:20,557: INFO     Select guides that start between +500 and -500 of a feature start
2021-02-04 18:01:21,491: INFO     Select description columns
2021-02-04 18:01:21,945: INFO     Format the output
2021-02-04 18:01:25,915: INFO     Number of Guides within a gene coordinates i.e. zero Feature distance: 167824
2021-02-04 18:01:31,279: INFO     creating random control guides
2021-02-04 18:01:33,355: INFO     Number of random control searched: 1000
2021-02-04 18:01:33,356: INFO     Percentage of GC content in the input genome: 36.00
2021-02-04 18:01:33,356: INFO     Total length of the genome: 114.1 MB
2021-02-04 18:01:33,356: INFO     created 10 control guides with a minimum distance of 7 and a median distance of 8
2021-02-04 18:01:33,359: INFO     guidemaker completed, results are at TEST
2021-02-04 18:01:33,359: INFO     PAM sequence: NGG
2021-02-04 18:01:33,360: INFO     PAM orientation: 3prime
2021-02-04 18:01:33,360: INFO     Genome strand(s) searched: both
2021-02-04 18:01:33,360: INFO     Total PAM sites considered: 8099754
2021-02-04 18:01:33,360: INFO     Guide RNA candidates found: 257280
	Command being timed: "guidemaker -i ../all_test_data/Arabidopsis_thaliana.gbk --pamseq NGG --outdir TEST --pam_orientation 3prime --guidelength 20 --strand both --lcp 11 --dist 3 --before 500 --into 500 --knum 10 --controls 10 --log GM_63825455_6.log --threads 16"
	User time (seconds): 1954.37
	System time (seconds): 132.94
	Percent of CPU this job got: 373%
	Elapsed (wall clock) time (h:mm:ss or m:ss): 9:18.48
	Average shared text size (kbytes): 0
	Average unshared data size (kbytes): 0
	Average stack size (kbytes): 0
	Average total size (kbytes): 0
	Maximum resident set size (kbytes): 16433148
	Average resident set size (kbytes): 0
	Major (requiring I/O) page faults: 0
	Minor (reclaiming a frame) page faults: 46945469
	Voluntary context switches: 4789812
	Involuntary context switches: 83057
	Swaps: 0
	File system inputs: 1088
	File system outputs: 1552792
	Socket messages sent: 0
	Socket messages received: 0
	Signals delivered: 0
	Page size (bytes): 4096
	Exit status: 0
My SLURM_ARRAY_TASK_ID:  6
My TMPDIR IS:  /scratch/local/63825455
Input Genome:>>>>>>>>>>>>>>>>>>>>>>>>>>>>>>>>>>>>>>>>>>>  Arabidopsis_thaliana.gbk
Input PAM:>>>>>>>>>>>>>>>>>>>>>>>>>>>>>>>>>>>>>>>>>>>  NGG
Threads used:>>>>>>>>>>>>>>>>>>>>>>>>>>>>>>>>>>>>>>>>>>>  32
GuideMaker
2021-02-04 18:01:54,270: INFO     Temp directory is: /scratch/local/63825455/guidemaker_7fbcn759
2021-02-04 18:01:54,270: INFO     Writing fasta file from genbank file(s)
2021-02-04 18:01:54,270: INFO     check if ../all_test_data/Arabidopsis_thaliana.gbk is gzipped
2021-02-04 18:02:19,401: INFO     Identifying PAM sites in the genome
2021-02-04 18:05:55,913: INFO     Checking guides for restriction enzymes
2021-02-04 18:05:58,137: INFO     Number of guides removed after checking for restriction enzymes: 0
2021-02-04 18:05:58,137: INFO     Identifing guides that are unique near the PAM site
2021-02-04 18:06:13,216: INFO     Number of guides removed after checking for unique PAM: 7107147
2021-02-04 18:06:13,216: INFO     Indexing all potential guide sites: 8099754. This is the longest step.
2021-02-04 18:06:51,321: INFO     M                   = 16
2021-02-04 18:06:51,321: INFO     indexThreadQty      = 32
2021-02-04 18:06:51,321: INFO     efConstruction      = 10
2021-02-04 18:06:51,322: INFO     maxM			          = 16
2021-02-04 18:06:51,322: INFO     maxM0			          = 32
2021-02-04 18:06:51,322: INFO     mult                = 0.360674
2021-02-04 18:06:51,322: INFO     skip_optimized_index= 0
2021-02-04 18:06:51,322: INFO     delaunay_type       = 2
2021-02-04 18:06:51,322: INFO     Set HNSW query-time parameters:
2021-02-04 18:06:51,322: INFO     ef(Search)         =20
2021-02-04 18:06:51,322: INFO     algoType           =2

0%   10   20   30   40   50   60   70   80   90   100%
|----|----|----|----|----|----|----|----|----|----|
***************************************************

0%   10   20   30   40   50   60   70   80   90   100%
|----|----|----|----|----|----|----|----|----|----|
****************************************************

2021-02-04 18:08:03,779: INFO     No appropriate custom distance function for Hamming (bit-storage) space
2021-02-04 18:08:03,780: INFO     searchMethod			  = 0
2021-02-04 18:08:04,438: INFO     Identifying guides that have a hamming distance <= 3 to all other potential guides
2021-02-04 18:08:06,402: INFO     Set HNSW query-time parameters:
2021-02-04 18:08:06,402: INFO     ef(Search)         =9
2021-02-04 18:08:06,402: INFO     algoType           =2
2021-02-04 18:08:56,881: INFO     Formatting data for BedTools
2021-02-04 18:08:59,698: INFO     Create GuideMaker Annotation object
2021-02-04 18:08:59,699: INFO     Identify genomic features
2021-02-04 18:08:59,699: INFO     check if ../all_test_data/Arabidopsis_thaliana.gbk is gzipped
2021-02-04 18:09:31,259: INFO     Total number of CDS/locus in the input genome: 48262
2021-02-04 18:09:31,260: INFO     Find genomic features closest the guides
2021-02-04 18:09:48,886: INFO     Select guides that start between +500 and -500 of a feature start
2021-02-04 18:09:49,838: INFO     Select description columns
2021-02-04 18:09:50,357: INFO     Format the output
2021-02-04 18:09:55,850: INFO     Number of Guides within a gene coordinates i.e. zero Feature distance: 167661
2021-02-04 18:10:01,257: INFO     creating random control guides
2021-02-04 18:10:03,275: INFO     Number of random control searched: 100
2021-02-04 18:10:03,275: INFO     Percentage of GC content in the input genome: 36.00
2021-02-04 18:10:03,275: INFO     Total length of the genome: 114.1 MB
2021-02-04 18:10:03,275: INFO     created 10 control guides with a minimum distance of 7 and a median distance of 7
2021-02-04 18:10:03,278: INFO     guidemaker completed, results are at TEST
2021-02-04 18:10:03,278: INFO     PAM sequence: NGG
2021-02-04 18:10:03,278: INFO     PAM orientation: 3prime
2021-02-04 18:10:03,278: INFO     Genome strand(s) searched: both
2021-02-04 18:10:03,278: INFO     Total PAM sites considered: 8099754
2021-02-04 18:10:03,278: INFO     Guide RNA candidates found: 257039
	Command being timed: "guidemaker -i ../all_test_data/Arabidopsis_thaliana.gbk --pamseq NGG --outdir TEST --pam_orientation 3prime --guidelength 20 --strand both --lcp 11 --dist 3 --before 500 --into 500 --knum 10 --controls 10 --log GM_63825455_6.log --threads 32"
	User time (seconds): 2164.19
	System time (seconds): 212.86
	Percent of CPU this job got: 465%
	Elapsed (wall clock) time (h:mm:ss or m:ss): 8:30.66
	Average shared text size (kbytes): 0
	Average unshared data size (kbytes): 0
	Average stack size (kbytes): 0
	Average total size (kbytes): 0
	Maximum resident set size (kbytes): 16557956
	Average resident set size (kbytes): 0
	Major (requiring I/O) page faults: 0
	Minor (reclaiming a frame) page faults: 38711360
	Voluntary context switches: 11579128
	Involuntary context switches: 297008
	Swaps: 0
	File system inputs: 344
	File system outputs: 1553000
	Socket messages sent: 0
	Socket messages received: 0
	Signals delivered: 0
	Page size (bytes): 4096
	Exit status: 0
