slurmstepd: error: Unable to create TMPDIR [/scratch/local/58616138]: Permission denied
slurmstepd: error: Setting TMPDIR to /tmp
Mon Sep 14 15:19:55 EDT 2020
c27b-s35.ufhpc
/blue/garrett/rp3448/analysis/guidemaker/AVXGuidemaker/GuideMaker
My SLURM_ARRAY_TASK_ID:  4
My TMPDIR IS:  /tmp
Input Genome:>>>>>>>>>>>>>>>>>>>>>>>>>>>>>>>>>>>>>>>>>>>  Aspergillus_fumigatus.gbk
Threads used:>>>>>>>>>>>>>>>>>>>>>>>>>>>>>>>>>>>>>>>>>>>  1
GuideMaker
2020-09-14 15:19:59,762: INFO     Temp directory is: /tmp/guidemaker_ozfyqqmx
2020-09-14 15:19:59,763: INFO     Writing fasta file from genbank file(s)
2020-09-14 15:19:59,763: INFO     check if ../../all_test_data/Aspergillus_fumigatus.gbk is gzipped
2020-09-14 15:20:03,233: INFO     Identifying PAM sites in the genome
2020-09-14 15:23:05,255: INFO     Identifing guides that are unique near the PAM site
2020-09-14 15:23:10,149: INFO     Indexing all potential guide sites: 3499744. This is the longest step.
2020-09-14 15:23:29,480: INFO     M                   = 16
2020-09-14 15:23:29,480: INFO     indexThreadQty      = 1
2020-09-14 15:23:29,480: INFO     efConstruction      = 10
2020-09-14 15:23:29,480: INFO     maxM			          = 16
2020-09-14 15:23:29,481: INFO     maxM0			          = 32
2020-09-14 15:23:29,481: INFO     mult                = 0.360674
2020-09-14 15:23:29,481: INFO     skip_optimized_index= 0
2020-09-14 15:23:29,481: INFO     delaunay_type       = 2
2020-09-14 15:23:29,481: INFO     Set HNSW query-time parameters:
2020-09-14 15:23:29,481: INFO     ef(Search)         =20
2020-09-14 15:23:29,481: INFO     algoType           =2

0%   10   20   30   40   50   60   70   80   90   100%
|----|----|----|----|----|----|----|----|----|----|
***************************************************

0%   10   20   30   40   50   60   70   80   90   100%
|----|----|----|----|----|----|----|----|----|----|
***************************************************
*2020-09-14 15:29:40,233: INFO     No appropriate custom distance function for Hamming (bit-storage) space
2020-09-14 15:29:40,689: INFO     searchMethod			  = 0
2020-09-14 15:29:40,978: INFO     Identifying guides that have a hamming distance <= 3 to all other potential guides
2020-09-14 15:29:41,422: INFO     Set HNSW query-time parameters:
2020-09-14 15:29:41,422: INFO     ef(Search)         =9
2020-09-14 15:29:41,422: INFO     algoType           =2
2020-09-14 15:30:00,917: INFO     Formatting data for BedTools
2020-09-14 15:30:01,452: INFO     Create GuideMaker Annotation object
2020-09-14 15:30:01,452: INFO     Identify genomic features
2020-09-14 15:30:01,452: INFO     check if ../../all_test_data/Aspergillus_fumigatus.gbk is gzipped
2020-09-14 15:30:05,783: INFO     Total number of CDS/locus in the input genome: 9630
2020-09-14 15:30:05,783: INFO     Find genomic features closest the guides
2020-09-14 15:30:09,261: INFO     Select guides that start between +100 and -100 of a feature start
2020-09-14 15:30:09,410: INFO     Select description columns
2020-09-14 15:30:09,510: INFO     Format the output
2020-09-14 15:30:09,793: INFO     creating random control guides
2020-09-14 15:30:10,150: INFO     Number of random control searched: 100
2020-09-14 15:30:10,151: INFO     Percentage of GC content in the input genome: 48.82
2020-09-14 15:30:10,151: INFO     Total length of the genome: 28.0 MB
2020-09-14 15:30:10,151: INFO     created 10 control guides with a minimum distance of 7 and a median distance of 7
2020-09-14 15:30:10,153: INFO     guidemaker completed, results are at TEST
2020-09-14 15:30:10,153: INFO     PAM sequence: NGG
2020-09-14 15:30:10,153: INFO     PAM orientation: 5prime
2020-09-14 15:30:10,153: INFO     Genome strand(s) searched: both
2020-09-14 15:30:10,153: INFO     Total PAM sites considered: 3499744
2020-09-14 15:30:10,153: INFO     Guide RNA candidates found: 11439
	Command being timed: "guidemaker -i ../../all_test_data/Aspergillus_fumigatus.gbk --pamseq NGG --outdir TEST --pam_orientation 5prime --guidelength 20 --strand both --lcp 10 --dist 3 --before 100 --into 100 --knum 10 --controls 10 --log GuideMaker_58625677_4.log --threads 1"
	User time (seconds): 608.66
	System time (seconds): 11.10
	Percent of CPU this job got: 100%
	Elapsed (wall clock) time (h:mm:ss or m:ss): 10:17.09
	Average shared text size (kbytes): 0
	Average unshared data size (kbytes): 0
	Average stack size (kbytes): 0
	Average total size (kbytes): 0
	Maximum resident set size (kbytes): 7091700
	Average resident set size (kbytes): 0
	Major (requiring I/O) page faults: 0
	Minor (reclaiming a frame) page faults: 9323917
	Voluntary context switches: 3081
	Involuntary context switches: 144602
	Swaps: 0
	File system inputs: 108408
	File system outputs: 192432
	Socket messages sent: 0
	Socket messages received: 0
	Signals delivered: 0
	Page size (bytes): 4096
	Exit status: 0
My SLURM_ARRAY_TASK_ID:  4
My TMPDIR IS:  /tmp
Input Genome:>>>>>>>>>>>>>>>>>>>>>>>>>>>>>>>>>>>>>>>>>>>  Aspergillus_fumigatus.gbk
Threads used:>>>>>>>>>>>>>>>>>>>>>>>>>>>>>>>>>>>>>>>>>>>  2
GuideMaker
2020-09-14 15:30:16,844: INFO     Temp directory is: /tmp/guidemaker_040en8p2
2020-09-14 15:30:16,844: INFO     Writing fasta file from genbank file(s)
2020-09-14 15:30:16,844: INFO     check if ../../all_test_data/Aspergillus_fumigatus.gbk is gzipped
2020-09-14 15:30:19,986: INFO     Identifying PAM sites in the genome
2020-09-14 15:33:19,342: INFO     Identifing guides that are unique near the PAM site
2020-09-14 15:33:24,247: INFO     Indexing all potential guide sites: 3499744. This is the longest step.
2020-09-14 15:33:40,670: INFO     M                   = 16
2020-09-14 15:33:40,670: INFO     indexThreadQty      = 2
2020-09-14 15:33:40,670: INFO     efConstruction      = 10
2020-09-14 15:33:40,670: INFO     maxM			          = 16
2020-09-14 15:33:40,670: INFO     maxM0			          = 32
2020-09-14 15:33:40,670: INFO     mult                = 0.360674
2020-09-14 15:33:40,671: INFO     skip_optimized_index= 0
2020-09-14 15:33:40,671: INFO     delaunay_type       = 2
2020-09-14 15:33:40,671: INFO     Set HNSW query-time parameters:
2020-09-14 15:33:40,671: INFO     ef(Search)         =20
2020-09-14 15:33:40,671: INFO     algoType           =2

0%   10   20   30   40   50   60   70   80   90   100%
|----|----|----|----|----|----|----|----|----|----|
***************************************************

0%   10   20   30   40   50   60   70   80   90   100%
|----|----|----|----|----|----|----|----|----|----|
****************************************************2020-09-14 15:37:47,871: INFO     No appropriate custom distance function for Hamming (bit-storage) space
2020-09-14 15:37:47,872: INFO     searchMethod			  = 0
2020-09-14 15:37:48,165: INFO     Identifying guides that have a hamming distance <= 3 to all other potential guides
2020-09-14 15:37:48,616: INFO     Set HNSW query-time parameters:
2020-09-14 15:37:48,616: INFO     ef(Search)         =9
2020-09-14 15:37:48,616: INFO     algoType           =2
2020-09-14 15:38:05,138: INFO     Formatting data for BedTools
2020-09-14 15:38:05,658: INFO     Create GuideMaker Annotation object
2020-09-14 15:38:05,658: INFO     Identify genomic features
2020-09-14 15:38:05,659: INFO     check if ../../all_test_data/Aspergillus_fumigatus.gbk is gzipped
2020-09-14 15:38:09,878: INFO     Total number of CDS/locus in the input genome: 9630
2020-09-14 15:38:09,878: INFO     Find genomic features closest the guides
2020-09-14 15:38:13,429: INFO     Select guides that start between +100 and -100 of a feature start
2020-09-14 15:38:13,582: INFO     Select description columns
2020-09-14 15:38:13,684: INFO     Format the output
2020-09-14 15:38:13,985: INFO     creating random control guides
2020-09-14 15:38:14,448: INFO     Number of random control searched: 100
2020-09-14 15:38:14,448: INFO     Percentage of GC content in the input genome: 48.82
2020-09-14 15:38:14,448: INFO     Total length of the genome: 28.0 MB
2020-09-14 15:38:14,449: INFO     created 10 control guides with a minimum distance of 7 and a median distance of 7
2020-09-14 15:38:14,451: INFO     guidemaker completed, results are at TEST
2020-09-14 15:38:14,451: INFO     PAM sequence: NGG
2020-09-14 15:38:14,451: INFO     PAM orientation: 5prime
2020-09-14 15:38:14,451: INFO     Genome strand(s) searched: both
2020-09-14 15:38:14,451: INFO     Total PAM sites considered: 3499744
2020-09-14 15:38:14,451: INFO     Guide RNA candidates found: 11442
	Command being timed: "guidemaker -i ../../all_test_data/Aspergillus_fumigatus.gbk --pamseq NGG --outdir TEST --pam_orientation 5prime --guidelength 20 --strand both --lcp 10 --dist 3 --before 100 --into 100 --knum 10 --controls 10 --log GuideMaker_58625677_4.log --threads 2"
	User time (seconds): 684.53
	System time (seconds): 51.61
	Percent of CPU this job got: 151%
	Elapsed (wall clock) time (h:mm:ss or m:ss): 8:05.14
	Average shared text size (kbytes): 0
	Average unshared data size (kbytes): 0
	Average stack size (kbytes): 0
	Average total size (kbytes): 0
	Maximum resident set size (kbytes): 7114524
	Average resident set size (kbytes): 0
	Major (requiring I/O) page faults: 0
	Minor (reclaiming a frame) page faults: 32394465
	Voluntary context switches: 317750
	Involuntary context switches: 1387
	Swaps: 0
	File system inputs: 0
	File system outputs: 192392
	Socket messages sent: 0
	Socket messages received: 0
	Signals delivered: 0
	Page size (bytes): 4096
	Exit status: 0
My SLURM_ARRAY_TASK_ID:  4
My TMPDIR IS:  /tmp
Input Genome:>>>>>>>>>>>>>>>>>>>>>>>>>>>>>>>>>>>>>>>>>>>  Aspergillus_fumigatus.gbk
Threads used:>>>>>>>>>>>>>>>>>>>>>>>>>>>>>>>>>>>>>>>>>>>  4
GuideMaker
2020-09-14 15:38:22,012: INFO     Temp directory is: /tmp/guidemaker_mggp7n9w
2020-09-14 15:38:22,012: INFO     Writing fasta file from genbank file(s)
2020-09-14 15:38:22,013: INFO     check if ../../all_test_data/Aspergillus_fumigatus.gbk is gzipped
2020-09-14 15:38:25,157: INFO     Identifying PAM sites in the genome
2020-09-14 15:41:19,500: INFO     Identifing guides that are unique near the PAM site
2020-09-14 15:41:24,457: INFO     Indexing all potential guide sites: 3499744. This is the longest step.
2020-09-14 15:41:42,037: INFO     M                   = 16
2020-09-14 15:41:42,037: INFO     indexThreadQty      = 4
2020-09-14 15:41:42,037: INFO     efConstruction      = 10
2020-09-14 15:41:42,037: INFO     maxM			          = 16
2020-09-14 15:41:42,037: INFO     maxM0			          = 32
2020-09-14 15:41:42,037: INFO     mult                = 0.360674
2020-09-14 15:41:42,037: INFO     skip_optimized_index= 0
2020-09-14 15:41:42,037: INFO     delaunay_type       = 2
2020-09-14 15:41:42,038: INFO     Set HNSW query-time parameters:
2020-09-14 15:41:42,038: INFO     ef(Search)         =20
2020-09-14 15:41:42,038: INFO     algoType           =2

0%   10   20   30   40   50   60   70   80   90   100%
|----|----|----|----|----|----|----|----|----|----|
***************************************************

0%   10   20   30   40   50   60   70   80   90   100%
|----|----|----|----|----|----|----|----|----|----|
****************************************************2020-09-14 15:43:55,015: INFO     No appropriate custom distance function for Hamming (bit-storage) space
2020-09-14 15:43:55,016: INFO     searchMethod			  = 0
2020-09-14 15:43:55,327: INFO     Identifying guides that have a hamming distance <= 3 to all other potential guides
2020-09-14 15:43:55,816: INFO     Set HNSW query-time parameters:
2020-09-14 15:43:55,816: INFO     ef(Search)         =9
2020-09-14 15:43:55,816: INFO     algoType           =2
2020-09-14 15:44:08,579: INFO     Formatting data for BedTools
2020-09-14 15:44:09,094: INFO     Create GuideMaker Annotation object
2020-09-14 15:44:09,094: INFO     Identify genomic features
2020-09-14 15:44:09,094: INFO     check if ../../all_test_data/Aspergillus_fumigatus.gbk is gzipped
2020-09-14 15:44:13,347: INFO     Total number of CDS/locus in the input genome: 9630
2020-09-14 15:44:13,347: INFO     Find genomic features closest the guides
2020-09-14 15:44:16,805: INFO     Select guides that start between +100 and -100 of a feature start
2020-09-14 15:44:16,960: INFO     Select description columns
2020-09-14 15:44:17,063: INFO     Format the output
2020-09-14 15:44:17,378: INFO     creating random control guides
2020-09-14 15:44:17,854: INFO     Number of random control searched: 100
2020-09-14 15:44:17,854: INFO     Percentage of GC content in the input genome: 48.82
2020-09-14 15:44:17,854: INFO     Total length of the genome: 28.0 MB
2020-09-14 15:44:17,854: INFO     created 10 control guides with a minimum distance of 7 and a median distance of 7
2020-09-14 15:44:17,856: INFO     guidemaker completed, results are at TEST
2020-09-14 15:44:17,856: INFO     PAM sequence: NGG
2020-09-14 15:44:17,856: INFO     PAM orientation: 5prime
2020-09-14 15:44:17,856: INFO     Genome strand(s) searched: both
2020-09-14 15:44:17,857: INFO     Total PAM sites considered: 3499744
2020-09-14 15:44:17,857: INFO     Guide RNA candidates found: 11435
	Command being timed: "guidemaker -i ../../all_test_data/Aspergillus_fumigatus.gbk --pamseq NGG --outdir TEST --pam_orientation 5prime --guidelength 20 --strand both --lcp 10 --dist 3 --before 100 --into 100 --knum 10 --controls 10 --log GuideMaker_58625677_4.log --threads 4"
	User time (seconds): 710.27
	System time (seconds): 50.24
	Percent of CPU this job got: 208%
	Elapsed (wall clock) time (h:mm:ss or m:ss): 6:04.15
	Average shared text size (kbytes): 0
	Average unshared data size (kbytes): 0
	Average stack size (kbytes): 0
	Average total size (kbytes): 0
	Maximum resident set size (kbytes): 7130980
	Average resident set size (kbytes): 0
	Major (requiring I/O) page faults: 0
	Minor (reclaiming a frame) page faults: 28003349
	Voluntary context switches: 612257
	Involuntary context switches: 1356
	Swaps: 0
	File system inputs: 0
	File system outputs: 192296
	Socket messages sent: 0
	Socket messages received: 0
	Signals delivered: 0
	Page size (bytes): 4096
	Exit status: 0
My SLURM_ARRAY_TASK_ID:  4
My TMPDIR IS:  /tmp
Input Genome:>>>>>>>>>>>>>>>>>>>>>>>>>>>>>>>>>>>>>>>>>>>  Aspergillus_fumigatus.gbk
Threads used:>>>>>>>>>>>>>>>>>>>>>>>>>>>>>>>>>>>>>>>>>>>  8
GuideMaker
2020-09-14 15:44:26,182: INFO     Temp directory is: /tmp/guidemaker_0ecxwuxb
2020-09-14 15:44:26,183: INFO     Writing fasta file from genbank file(s)
2020-09-14 15:44:26,183: INFO     check if ../../all_test_data/Aspergillus_fumigatus.gbk is gzipped
2020-09-14 15:44:29,298: INFO     Identifying PAM sites in the genome
2020-09-14 15:47:24,911: INFO     Identifing guides that are unique near the PAM site
2020-09-14 15:47:29,777: INFO     Indexing all potential guide sites: 3499744. This is the longest step.
2020-09-14 15:47:46,267: INFO     M                   = 16
2020-09-14 15:47:46,267: INFO     indexThreadQty      = 8
2020-09-14 15:47:46,267: INFO     efConstruction      = 10
2020-09-14 15:47:46,267: INFO     maxM			          = 16
2020-09-14 15:47:46,267: INFO     maxM0			          = 32
2020-09-14 15:47:46,268: INFO     mult                = 0.360674
2020-09-14 15:47:46,268: INFO     skip_optimized_index= 0
2020-09-14 15:47:46,268: INFO     delaunay_type       = 2
2020-09-14 15:47:46,268: INFO     Set HNSW query-time parameters:
2020-09-14 15:47:46,268: INFO     ef(Search)         =20
2020-09-14 15:47:46,268: INFO     algoType           =2

0%   10   20   30   40   50   60   70   80   90   100%
|----|----|----|----|----|----|----|----|----|----|
***************************************************

0%   10   20   30   40   50   60   70   80   90   100%
|----|----|----|----|----|----|----|----|----|----|
****************************************************2020-09-14 15:48:57,740: INFO     No appropriate custom distance function for Hamming (bit-storage) space
2020-09-14 15:48:57,740: INFO     searchMethod			  = 0
2020-09-14 15:48:58,037: INFO     Identifying guides that have a hamming distance <= 3 to all other potential guides
2020-09-14 15:48:58,505: INFO     Set HNSW query-time parameters:
2020-09-14 15:48:58,505: INFO     ef(Search)         =9
2020-09-14 15:48:58,506: INFO     algoType           =2
2020-09-14 15:49:09,353: INFO     Formatting data for BedTools
2020-09-14 15:49:09,846: INFO     Create GuideMaker Annotation object
2020-09-14 15:49:09,847: INFO     Identify genomic features
2020-09-14 15:49:09,847: INFO     check if ../../all_test_data/Aspergillus_fumigatus.gbk is gzipped
2020-09-14 15:49:13,992: INFO     Total number of CDS/locus in the input genome: 9630
2020-09-14 15:49:13,992: INFO     Find genomic features closest the guides
2020-09-14 15:49:17,414: INFO     Select guides that start between +100 and -100 of a feature start
2020-09-14 15:49:17,590: INFO     Select description columns
2020-09-14 15:49:17,692: INFO     Format the output
2020-09-14 15:49:17,980: INFO     creating random control guides
2020-09-14 15:49:18,353: INFO     Number of random control searched: 100
2020-09-14 15:49:18,354: INFO     Percentage of GC content in the input genome: 48.82
2020-09-14 15:49:18,354: INFO     Total length of the genome: 28.0 MB
2020-09-14 15:49:18,354: INFO     created 10 control guides with a minimum distance of 7 and a median distance of 7
2020-09-14 15:49:18,357: INFO     guidemaker completed, results are at TEST
2020-09-14 15:49:18,357: INFO     PAM sequence: NGG
2020-09-14 15:49:18,357: INFO     PAM orientation: 5prime
2020-09-14 15:49:18,357: INFO     Genome strand(s) searched: both
2020-09-14 15:49:18,357: INFO     Total PAM sites considered: 3499744
2020-09-14 15:49:18,357: INFO     Guide RNA candidates found: 11444
	Command being timed: "guidemaker -i ../../all_test_data/Aspergillus_fumigatus.gbk --pamseq NGG --outdir TEST --pam_orientation 5prime --guidelength 20 --strand both --lcp 10 --dist 3 --before 100 --into 100 --knum 10 --controls 10 --log GuideMaker_58625677_4.log --threads 8"
	User time (seconds): 744.53
	System time (seconds): 43.51
	Percent of CPU this job got: 262%
	Elapsed (wall clock) time (h:mm:ss or m:ss): 4:59.74
	Average shared text size (kbytes): 0
	Average unshared data size (kbytes): 0
	Average stack size (kbytes): 0
	Average total size (kbytes): 0
	Maximum resident set size (kbytes): 7150444
	Average resident set size (kbytes): 0
	Major (requiring I/O) page faults: 0
	Minor (reclaiming a frame) page faults: 18637562
	Voluntary context switches: 1164903
	Involuntary context switches: 67872
	Swaps: 0
	File system inputs: 0
	File system outputs: 192296
	Socket messages sent: 0
	Socket messages received: 0
	Signals delivered: 0
	Page size (bytes): 4096
	Exit status: 0
My SLURM_ARRAY_TASK_ID:  4
My TMPDIR IS:  /tmp
Input Genome:>>>>>>>>>>>>>>>>>>>>>>>>>>>>>>>>>>>>>>>>>>>  Aspergillus_fumigatus.gbk
Threads used:>>>>>>>>>>>>>>>>>>>>>>>>>>>>>>>>>>>>>>>>>>>  16
GuideMaker
2020-09-14 15:49:25,884: INFO     Temp directory is: /tmp/guidemaker_r2u9ltbi
2020-09-14 15:49:25,884: INFO     Writing fasta file from genbank file(s)
2020-09-14 15:49:25,884: INFO     check if ../../all_test_data/Aspergillus_fumigatus.gbk is gzipped
2020-09-14 15:49:29,029: INFO     Identifying PAM sites in the genome
2020-09-14 15:52:38,371: INFO     Identifing guides that are unique near the PAM site
2020-09-14 15:52:43,273: INFO     Indexing all potential guide sites: 3499744. This is the longest step.
2020-09-14 15:53:01,792: INFO     M                   = 16
2020-09-14 15:53:01,793: INFO     indexThreadQty      = 16
2020-09-14 15:53:01,793: INFO     efConstruction      = 10
2020-09-14 15:53:01,793: INFO     maxM			          = 16
2020-09-14 15:53:01,793: INFO     maxM0			          = 32
2020-09-14 15:53:01,793: INFO     mult                = 0.360674
2020-09-14 15:53:01,793: INFO     skip_optimized_index= 0
2020-09-14 15:53:01,793: INFO     delaunay_type       = 2
2020-09-14 15:53:01,793: INFO     Set HNSW query-time parameters:
2020-09-14 15:53:01,793: INFO     ef(Search)         =20
2020-09-14 15:53:01,793: INFO     algoType           =2

0%   10   20   30   40   50   60   70   80   90   100%
|----|----|----|----|----|----|----|----|----|----|
***************************************************

0%   10   20   30   40   50   60   70   80   90   100%
|----|----|----|----|----|----|----|----|----|----|
****************************************************2020-09-14 15:53:41,423: INFO     No appropriate custom distance function for Hamming (bit-storage) space
2020-09-14 15:53:41,424: INFO     searchMethod			  = 0
2020-09-14 15:53:41,716: INFO     Identifying guides that have a hamming distance <= 3 to all other potential guides
2020-09-14 15:53:42,210: INFO     Set HNSW query-time parameters:
2020-09-14 15:53:42,210: INFO     ef(Search)         =9
2020-09-14 15:53:42,210: INFO     algoType           =2
2020-09-14 15:53:52,980: INFO     Formatting data for BedTools
2020-09-14 15:53:53,501: INFO     Create GuideMaker Annotation object
2020-09-14 15:53:53,501: INFO     Identify genomic features
2020-09-14 15:53:53,502: INFO     check if ../../all_test_data/Aspergillus_fumigatus.gbk is gzipped
2020-09-14 15:53:57,679: INFO     Total number of CDS/locus in the input genome: 9630
2020-09-14 15:53:57,679: INFO     Find genomic features closest the guides
2020-09-14 15:54:01,152: INFO     Select guides that start between +100 and -100 of a feature start
2020-09-14 15:54:01,327: INFO     Select description columns
2020-09-14 15:54:01,427: INFO     Format the output
2020-09-14 15:54:01,714: INFO     creating random control guides
2020-09-14 15:54:02,154: INFO     Number of random control searched: 100
2020-09-14 15:54:02,155: INFO     Percentage of GC content in the input genome: 48.82
2020-09-14 15:54:02,155: INFO     Total length of the genome: 28.0 MB
2020-09-14 15:54:02,155: INFO     created 10 control guides with a minimum distance of 7 and a median distance of 7
2020-09-14 15:54:02,158: INFO     guidemaker completed, results are at TEST
2020-09-14 15:54:02,158: INFO     PAM sequence: NGG
2020-09-14 15:54:02,158: INFO     PAM orientation: 5prime
2020-09-14 15:54:02,158: INFO     Genome strand(s) searched: both
2020-09-14 15:54:02,158: INFO     Total PAM sites considered: 3499744
2020-09-14 15:54:02,158: INFO     Guide RNA candidates found: 11433
	Command being timed: "guidemaker -i ../../all_test_data/Aspergillus_fumigatus.gbk --pamseq NGG --outdir TEST --pam_orientation 5prime --guidelength 20 --strand both --lcp 10 --dist 3 --before 100 --into 100 --knum 10 --controls 10 --log GuideMaker_58625677_4.log --threads 16"
	User time (seconds): 794.61
	System time (seconds): 49.36
	Percent of CPU this job got: 296%
	Elapsed (wall clock) time (h:mm:ss or m:ss): 4:44.24
	Average shared text size (kbytes): 0
	Average unshared data size (kbytes): 0
	Average stack size (kbytes): 0
	Average total size (kbytes): 0
	Maximum resident set size (kbytes): 7197556
	Average resident set size (kbytes): 0
	Major (requiring I/O) page faults: 0
	Minor (reclaiming a frame) page faults: 13682970
	Voluntary context switches: 2025505
	Involuntary context switches: 142271
	Swaps: 0
	File system inputs: 0
	File system outputs: 192232
	Socket messages sent: 0
	Socket messages received: 0
	Signals delivered: 0
	Page size (bytes): 4096
	Exit status: 0
My SLURM_ARRAY_TASK_ID:  4
My TMPDIR IS:  /tmp
Input Genome:>>>>>>>>>>>>>>>>>>>>>>>>>>>>>>>>>>>>>>>>>>>  Aspergillus_fumigatus.gbk
Threads used:>>>>>>>>>>>>>>>>>>>>>>>>>>>>>>>>>>>>>>>>>>>  32
GuideMaker
2020-09-14 15:54:10,147: INFO     Temp directory is: /tmp/guidemaker_hu4y_mi1
2020-09-14 15:54:10,147: INFO     Writing fasta file from genbank file(s)
2020-09-14 15:54:10,148: INFO     check if ../../all_test_data/Aspergillus_fumigatus.gbk is gzipped
2020-09-14 15:54:13,261: INFO     Identifying PAM sites in the genome
2020-09-14 15:57:16,049: INFO     Identifing guides that are unique near the PAM site
2020-09-14 15:57:20,918: INFO     Indexing all potential guide sites: 3499744. This is the longest step.
2020-09-14 15:57:38,763: INFO     M                   = 16
2020-09-14 15:57:38,763: INFO     indexThreadQty      = 32
2020-09-14 15:57:38,763: INFO     efConstruction      = 10
2020-09-14 15:57:38,763: INFO     maxM			          = 16
2020-09-14 15:57:38,763: INFO     maxM0			          = 32
2020-09-14 15:57:38,763: INFO     mult                = 0.360674
2020-09-14 15:57:38,763: INFO     skip_optimized_index= 0
2020-09-14 15:57:38,763: INFO     delaunay_type       = 2
2020-09-14 15:57:38,763: INFO     Set HNSW query-time parameters:
2020-09-14 15:57:38,763: INFO     ef(Search)         =20
2020-09-14 15:57:38,763: INFO     algoType           =2

0%   10   20   30   40   50   60   70   80   90   100%
|----|----|----|----|----|----|----|----|----|----|
***************************************************

0%   10   20   30   40   50   60   70   80   90   100%
|----|----|----|----|----|----|----|----|----|----|
****************************************************2020-09-14 15:58:05,616: INFO     No appropriate custom distance function for Hamming (bit-storage) space
2020-09-14 15:58:05,617: INFO     searchMethod			  = 0
2020-09-14 15:58:05,914: INFO     Identifying guides that have a hamming distance <= 3 to all other potential guides
2020-09-14 15:58:06,344: INFO     Set HNSW query-time parameters:
2020-09-14 15:58:06,344: INFO     ef(Search)         =9
2020-09-14 15:58:06,344: INFO     algoType           =2
2020-09-14 15:58:15,616: INFO     Formatting data for BedTools
2020-09-14 15:58:16,103: INFO     Create GuideMaker Annotation object
2020-09-14 15:58:16,103: INFO     Identify genomic features
2020-09-14 15:58:16,104: INFO     check if ../../all_test_data/Aspergillus_fumigatus.gbk is gzipped
2020-09-14 15:58:20,797: INFO     Total number of CDS/locus in the input genome: 9630
2020-09-14 15:58:20,797: INFO     Find genomic features closest the guides
2020-09-14 15:58:24,540: INFO     Select guides that start between +100 and -100 of a feature start
2020-09-14 15:58:24,737: INFO     Select description columns
2020-09-14 15:58:24,847: INFO     Format the output
2020-09-14 15:58:25,174: INFO     creating random control guides
2020-09-14 15:58:25,634: INFO     Number of random control searched: 100
2020-09-14 15:58:25,634: INFO     Percentage of GC content in the input genome: 48.82
2020-09-14 15:58:25,634: INFO     Total length of the genome: 28.0 MB
2020-09-14 15:58:25,634: INFO     created 10 control guides with a minimum distance of 7 and a median distance of 7
2020-09-14 15:58:25,637: INFO     guidemaker completed, results are at TEST
2020-09-14 15:58:25,637: INFO     PAM sequence: NGG
2020-09-14 15:58:25,637: INFO     PAM orientation: 5prime
2020-09-14 15:58:25,637: INFO     Genome strand(s) searched: both
2020-09-14 15:58:25,637: INFO     Total PAM sites considered: 3499744
2020-09-14 15:58:25,637: INFO     Guide RNA candidates found: 11438
	Command being timed: "guidemaker -i ../../all_test_data/Aspergillus_fumigatus.gbk --pamseq NGG --outdir TEST --pam_orientation 5prime --guidelength 20 --strand both --lcp 10 --dist 3 --before 100 --into 100 --knum 10 --controls 10 --log GuideMaker_58625677_4.log --threads 32"
	User time (seconds): 844.05
	System time (seconds): 82.40
	Percent of CPU this job got: 351%
	Elapsed (wall clock) time (h:mm:ss or m:ss): 4:23.58
	Average shared text size (kbytes): 0
	Average unshared data size (kbytes): 0
	Average stack size (kbytes): 0
	Average total size (kbytes): 0
	Maximum resident set size (kbytes): 7259392
	Average resident set size (kbytes): 0
	Major (requiring I/O) page faults: 0
	Minor (reclaiming a frame) page faults: 11317227
	Voluntary context switches: 4561443
	Involuntary context switches: 86894
	Swaps: 0
	File system inputs: 0
	File system outputs: 192216
	Socket messages sent: 0
	Socket messages received: 0
	Signals delivered: 0
	Page size (bytes): 4096
	Exit status: 0
