Thu Aug 13 13:47:59 EDT 2020
c32b-s4.ufhpc
/blue/garrett/rp3448/analysis/guidemaker/GuideMaker
My SLURM_ARRAY_TASK_ID:  2
My TMPDIR IS:  /scratch/local/57449279
Input Genome:>>>>>>>>>>>>>>>>>>>>>>>>>>>>>>>>>>>>>>>>>>>  Pseudomonas_aeruginosa_PAO1_107.gbk
Threads used:>>>>>>>>>>>>>>>>>>>>>>>>>>>>>>>>>>>>>>>>>>>  1
GuideMaker
2020-08-13 13:48:03,805: INFO     Temp directory is: /scratch/local/57449279/guidemaker_o8onrhcq
2020-08-13 13:48:03,805: INFO     Writing fasta file from genbank file(s)
2020-08-13 13:48:03,806: INFO     check if test/test_data/Pseudomonas_aeruginosa_PAO1_107.gbk is gzipped
/home/rp3448/.conda/envs/avx2/lib/python3.7/site-packages/Bio/GenBank/Scanner.py:1400: BiopythonParserWarning: Truncated LOCUS line found - is this correct?
:'LOCUS       NC_002516            6264404 bp    dna     circular UNK \n'
  BiopythonParserWarning,
/home/rp3448/.conda/envs/avx2/lib/python3.7/site-packages/Bio/GenBank/__init__.py:762: BiopythonParserWarning: Non-upper case molecule type in LOCUS line: dna
  BiopythonParserWarning,
2020-08-13 13:48:04,710: INFO     Identifying PAM sites in the genome
2020-08-13 13:48:29,669: INFO     Identifing guides that are unique near the PAM site
2020-08-13 13:48:31,177: INFO     Indexing all potential guide sites: 1171800. This is the longest step.
2020-08-13 13:48:36,859: INFO     M                   = 16
2020-08-13 13:48:36,859: INFO     indexThreadQty      = 1
2020-08-13 13:48:36,859: INFO     efConstruction      = 64
2020-08-13 13:48:36,859: INFO     maxM			          = 16
2020-08-13 13:48:36,859: INFO     maxM0			          = 32
2020-08-13 13:48:36,860: INFO     mult                = 0.360674
2020-08-13 13:48:36,860: INFO     skip_optimized_index= 0
2020-08-13 13:48:36,860: INFO     delaunay_type       = 2
2020-08-13 13:48:36,860: INFO     Set HNSW query-time parameters:
2020-08-13 13:48:36,860: INFO     ef(Search)         =20
2020-08-13 13:48:36,860: INFO     algoType           =2

0%   10   20   30   40   50   60   70   80   90   100%
|----|----|----|----|----|----|----|----|----|----|
***************************************************

0%   10   20   30   40   50   60   70   80   90   100%
|----|----|----|----|----|----|----|----|----|----|
***************************************************
*2020-08-13 13:58:56,532: INFO     No appropriate custom distance function for Hamming (bit-storage) space
2020-08-13 13:58:56,534: INFO     searchMethod			  = 0
2020-08-13 13:58:56,632: INFO     Identifying guides that have a hamming distance <= 3 to all other potential guides
2020-08-13 13:58:56,989: INFO     Set HNSW query-time parameters:
2020-08-13 13:58:56,990: INFO     ef(Search)         =256
2020-08-13 13:58:56,990: INFO     algoType           =2
2020-08-13 14:01:45,293: INFO     Formatting data for BedTools
2020-08-13 14:01:45,733: INFO     Create GuideMaker Annotation object
2020-08-13 14:01:45,733: INFO     Identify genomic features
2020-08-13 14:01:45,733: INFO     check if test/test_data/Pseudomonas_aeruginosa_PAO1_107.gbk is gzipped
2020-08-13 14:01:47,126: INFO     Find genomic features closest the guides
2020-08-13 14:01:49,740: INFO     Select guides that start between +100 and -100 of a feature start
2020-08-13 14:01:49,956: INFO     Select description columns
2020-08-13 14:01:50,008: INFO     Format the output
2020-08-13 14:01:51,397: INFO     creating random control guides
2020-08-13 14:03:35,901: INFO     created 10 control guides with a minimum distance of 7 and a median distance of 7
2020-08-13 14:03:35,913: INFO     guidemaker completed, results are at TEST
2020-08-13 14:03:35,914: INFO     PAM sequence: NGG
2020-08-13 14:03:35,914: INFO     PAM orientation: 5prime
2020-08-13 14:03:35,914: INFO     Genome strand(s) searched: both
2020-08-13 14:03:35,914: INFO     Total PAM sites considered: 1171800
2020-08-13 14:03:35,914: INFO     Guide RNA candidates found: 45720
Number of random control searched:  100000
	Command being timed: "guidemaker -i test/test_data/Pseudomonas_aeruginosa_PAO1_107.gbk --pamseq NGG --outdir TEST --pam_orientation 5prime --guidelength 20 --strand both --lcp 10 --dist 3 --before 100 --into 100 --knum 10 --controls 10 --log GuideMaker_57449279_2.log --threads 1"
	User time (seconds): 930.66
	System time (seconds): 7.00
	Percent of CPU this job got: 100%
	Elapsed (wall clock) time (h:mm:ss or m:ss): 15:35.17
	Average shared text size (kbytes): 0
	Average unshared data size (kbytes): 0
	Average stack size (kbytes): 0
	Average total size (kbytes): 0
	Maximum resident set size (kbytes): 2741660
	Average resident set size (kbytes): 0
	Major (requiring I/O) page faults: 5
	Minor (reclaiming a frame) page faults: 6168244
	Voluntary context switches: 3108
	Involuntary context switches: 77533
	Swaps: 0
	File system inputs: 58128
	File system outputs: 185544
	Socket messages sent: 0
	Socket messages received: 0
	Signals delivered: 0
	Page size (bytes): 4096
	Exit status: 0
My SLURM_ARRAY_TASK_ID:  2
My TMPDIR IS:  /scratch/local/57449279
Input Genome:>>>>>>>>>>>>>>>>>>>>>>>>>>>>>>>>>>>>>>>>>>>  Pseudomonas_aeruginosa_PAO1_107.gbk
Threads used:>>>>>>>>>>>>>>>>>>>>>>>>>>>>>>>>>>>>>>>>>>>  2
GuideMaker
2020-08-13 14:03:40,772: INFO     Temp directory is: /scratch/local/57449279/guidemaker_h6_hwjde
2020-08-13 14:03:40,773: INFO     Writing fasta file from genbank file(s)
2020-08-13 14:03:40,773: INFO     check if test/test_data/Pseudomonas_aeruginosa_PAO1_107.gbk is gzipped
/home/rp3448/.conda/envs/avx2/lib/python3.7/site-packages/Bio/GenBank/Scanner.py:1400: BiopythonParserWarning: Truncated LOCUS line found - is this correct?
:'LOCUS       NC_002516            6264404 bp    dna     circular UNK \n'
  BiopythonParserWarning,
/home/rp3448/.conda/envs/avx2/lib/python3.7/site-packages/Bio/GenBank/__init__.py:762: BiopythonParserWarning: Non-upper case molecule type in LOCUS line: dna
  BiopythonParserWarning,
2020-08-13 14:03:41,619: INFO     Identifying PAM sites in the genome
2020-08-13 14:04:06,375: INFO     Identifing guides that are unique near the PAM site
2020-08-13 14:04:07,882: INFO     Indexing all potential guide sites: 1171800. This is the longest step.
2020-08-13 14:04:13,378: INFO     M                   = 16
2020-08-13 14:04:13,379: INFO     indexThreadQty      = 2
2020-08-13 14:04:13,379: INFO     efConstruction      = 64
2020-08-13 14:04:13,379: INFO     maxM			          = 16
2020-08-13 14:04:13,379: INFO     maxM0			          = 32
2020-08-13 14:04:13,379: INFO     mult                = 0.360674
2020-08-13 14:04:13,379: INFO     skip_optimized_index= 0
2020-08-13 14:04:13,379: INFO     delaunay_type       = 2
2020-08-13 14:04:13,379: INFO     Set HNSW query-time parameters:
2020-08-13 14:04:13,379: INFO     ef(Search)         =20
2020-08-13 14:04:13,379: INFO     algoType           =2

0%   10   20   30   40   50   60   70   80   90   100%
|----|----|----|----|----|----|----|----|----|----|
***************************************************

0%   10   20   30   40   50   60   70   80   90   100%
|----|----|----|----|----|----|----|----|----|----|
****************************************************2020-08-13 14:09:59,415: INFO     No appropriate custom distance function for Hamming (bit-storage) space
2020-08-13 14:09:59,416: INFO     searchMethod			  = 0
2020-08-13 14:09:59,511: INFO     Identifying guides that have a hamming distance <= 3 to all other potential guides
2020-08-13 14:09:59,841: INFO     Set HNSW query-time parameters:
2020-08-13 14:09:59,841: INFO     ef(Search)         =256
2020-08-13 14:09:59,841: INFO     algoType           =2
2020-08-13 14:11:41,446: INFO     Formatting data for BedTools
2020-08-13 14:11:41,836: INFO     Create GuideMaker Annotation object
2020-08-13 14:11:41,837: INFO     Identify genomic features
2020-08-13 14:11:41,837: INFO     check if test/test_data/Pseudomonas_aeruginosa_PAO1_107.gbk is gzipped
2020-08-13 14:11:43,228: INFO     Find genomic features closest the guides
2020-08-13 14:11:45,885: INFO     Select guides that start between +100 and -100 of a feature start
2020-08-13 14:11:46,089: INFO     Select description columns
2020-08-13 14:11:46,141: INFO     Format the output
2020-08-13 14:11:47,326: INFO     creating random control guides
2020-08-13 14:12:55,724: INFO     created 10 control guides with a minimum distance of 7 and a median distance of 7
2020-08-13 14:12:55,730: INFO     guidemaker completed, results are at TEST
2020-08-13 14:12:55,731: INFO     PAM sequence: NGG
2020-08-13 14:12:55,731: INFO     PAM orientation: 5prime
2020-08-13 14:12:55,731: INFO     Genome strand(s) searched: both
2020-08-13 14:12:55,731: INFO     Total PAM sites considered: 1171800
2020-08-13 14:12:55,731: INFO     Guide RNA candidates found: 45720
Number of random control searched:  100000
	Command being timed: "guidemaker -i test/test_data/Pseudomonas_aeruginosa_PAO1_107.gbk --pamseq NGG --outdir TEST --pam_orientation 5prime --guidelength 20 --strand both --lcp 10 --dist 3 --before 100 --into 100 --knum 10 --controls 10 --log GuideMaker_57449279_2.log --threads 2"
	User time (seconds): 1021.26
	System time (seconds): 39.34
	Percent of CPU this job got: 189%
	Elapsed (wall clock) time (h:mm:ss or m:ss): 9:20.31
	Average shared text size (kbytes): 0
	Average unshared data size (kbytes): 0
	Average stack size (kbytes): 0
	Average total size (kbytes): 0
	Maximum resident set size (kbytes): 2859616
	Average resident set size (kbytes): 0
	Major (requiring I/O) page faults: 98
	Minor (reclaiming a frame) page faults: 21176756
	Voluntary context switches: 61315
	Involuntary context switches: 78165
	Swaps: 0
	File system inputs: 164776
	File system outputs: 185392
	Socket messages sent: 0
	Socket messages received: 0
	Signals delivered: 0
	Page size (bytes): 4096
	Exit status: 0
My SLURM_ARRAY_TASK_ID:  2
My TMPDIR IS:  /scratch/local/57449279
Input Genome:>>>>>>>>>>>>>>>>>>>>>>>>>>>>>>>>>>>>>>>>>>>  Pseudomonas_aeruginosa_PAO1_107.gbk
Threads used:>>>>>>>>>>>>>>>>>>>>>>>>>>>>>>>>>>>>>>>>>>>  4
GuideMaker
2020-08-13 14:12:59,500: INFO     Temp directory is: /scratch/local/57449279/guidemaker_xai0e8qf
2020-08-13 14:12:59,501: INFO     Writing fasta file from genbank file(s)
2020-08-13 14:12:59,501: INFO     check if test/test_data/Pseudomonas_aeruginosa_PAO1_107.gbk is gzipped
/home/rp3448/.conda/envs/avx2/lib/python3.7/site-packages/Bio/GenBank/Scanner.py:1400: BiopythonParserWarning: Truncated LOCUS line found - is this correct?
:'LOCUS       NC_002516            6264404 bp    dna     circular UNK \n'
  BiopythonParserWarning,
/home/rp3448/.conda/envs/avx2/lib/python3.7/site-packages/Bio/GenBank/__init__.py:762: BiopythonParserWarning: Non-upper case molecule type in LOCUS line: dna
  BiopythonParserWarning,
2020-08-13 14:13:00,298: INFO     Identifying PAM sites in the genome
2020-08-13 14:13:25,067: INFO     Identifing guides that are unique near the PAM site
2020-08-13 14:13:26,609: INFO     Indexing all potential guide sites: 1171800. This is the longest step.
2020-08-13 14:13:32,367: INFO     M                   = 16
2020-08-13 14:13:32,367: INFO     indexThreadQty      = 4
2020-08-13 14:13:32,367: INFO     efConstruction      = 64
2020-08-13 14:13:32,367: INFO     maxM			          = 16
2020-08-13 14:13:32,367: INFO     maxM0			          = 32
2020-08-13 14:13:32,367: INFO     mult                = 0.360674
2020-08-13 14:13:32,367: INFO     skip_optimized_index= 0
2020-08-13 14:13:32,367: INFO     delaunay_type       = 2
2020-08-13 14:13:32,367: INFO     Set HNSW query-time parameters:
2020-08-13 14:13:32,367: INFO     ef(Search)         =20
2020-08-13 14:13:32,367: INFO     algoType           =2

0%   10   20   30   40   50   60   70   80   90   100%
|----|----|----|----|----|----|----|----|----|----|
***************************************************

0%   10   20   30   40   50   60   70   80   90   100%
|----|----|----|----|----|----|----|----|----|----|
****************************************************2020-08-13 14:16:31,400: INFO     No appropriate custom distance function for Hamming (bit-storage) space
2020-08-13 14:16:31,401: INFO     searchMethod			  = 0
2020-08-13 14:16:31,508: INFO     Identifying guides that have a hamming distance <= 3 to all other potential guides
2020-08-13 14:16:31,863: INFO     Set HNSW query-time parameters:
2020-08-13 14:16:31,864: INFO     ef(Search)         =256
2020-08-13 14:16:31,864: INFO     algoType           =2
2020-08-13 14:17:25,009: INFO     Formatting data for BedTools
2020-08-13 14:17:25,393: INFO     Create GuideMaker Annotation object
2020-08-13 14:17:25,394: INFO     Identify genomic features
2020-08-13 14:17:25,394: INFO     check if test/test_data/Pseudomonas_aeruginosa_PAO1_107.gbk is gzipped
2020-08-13 14:17:26,751: INFO     Find genomic features closest the guides
2020-08-13 14:17:29,349: INFO     Select guides that start between +100 and -100 of a feature start
2020-08-13 14:17:29,523: INFO     Select description columns
2020-08-13 14:17:29,570: INFO     Format the output
2020-08-13 14:17:30,609: INFO     creating random control guides
2020-08-13 14:18:07,156: INFO     created 10 control guides with a minimum distance of 7 and a median distance of 7
2020-08-13 14:18:07,159: INFO     guidemaker completed, results are at TEST
2020-08-13 14:18:07,160: INFO     PAM sequence: NGG
2020-08-13 14:18:07,160: INFO     PAM orientation: 5prime
2020-08-13 14:18:07,160: INFO     Genome strand(s) searched: both
2020-08-13 14:18:07,160: INFO     Total PAM sites considered: 1171800
2020-08-13 14:18:07,160: INFO     Guide RNA candidates found: 45720
Number of random control searched:  100000
	Command being timed: "guidemaker -i test/test_data/Pseudomonas_aeruginosa_PAO1_107.gbk --pamseq NGG --outdir TEST --pam_orientation 5prime --guidelength 20 --strand both --lcp 10 --dist 3 --before 100 --into 100 --knum 10 --controls 10 --log GuideMaker_57449279_2.log --threads 4"
	User time (seconds): 1040.80
	System time (seconds): 29.85
	Percent of CPU this job got: 344%
	Elapsed (wall clock) time (h:mm:ss or m:ss): 5:11.11
	Average shared text size (kbytes): 0
	Average unshared data size (kbytes): 0
	Average stack size (kbytes): 0
	Average total size (kbytes): 0
	Maximum resident set size (kbytes): 2849644
	Average resident set size (kbytes): 0
	Major (requiring I/O) page faults: 0
	Minor (reclaiming a frame) page faults: 15496223
	Voluntary context switches: 179627
	Involuntary context switches: 103578
	Swaps: 0
	File system inputs: 8
	File system outputs: 185256
	Socket messages sent: 0
	Socket messages received: 0
	Signals delivered: 0
	Page size (bytes): 4096
	Exit status: 0
My SLURM_ARRAY_TASK_ID:  2
My TMPDIR IS:  /scratch/local/57449279
Input Genome:>>>>>>>>>>>>>>>>>>>>>>>>>>>>>>>>>>>>>>>>>>>  Pseudomonas_aeruginosa_PAO1_107.gbk
Threads used:>>>>>>>>>>>>>>>>>>>>>>>>>>>>>>>>>>>>>>>>>>>  8
GuideMaker
2020-08-13 14:18:10,396: INFO     Temp directory is: /scratch/local/57449279/guidemaker_wo63sc2_
2020-08-13 14:18:10,396: INFO     Writing fasta file from genbank file(s)
2020-08-13 14:18:10,397: INFO     check if test/test_data/Pseudomonas_aeruginosa_PAO1_107.gbk is gzipped
/home/rp3448/.conda/envs/avx2/lib/python3.7/site-packages/Bio/GenBank/Scanner.py:1400: BiopythonParserWarning: Truncated LOCUS line found - is this correct?
:'LOCUS       NC_002516            6264404 bp    dna     circular UNK \n'
  BiopythonParserWarning,
/home/rp3448/.conda/envs/avx2/lib/python3.7/site-packages/Bio/GenBank/__init__.py:762: BiopythonParserWarning: Non-upper case molecule type in LOCUS line: dna
  BiopythonParserWarning,
2020-08-13 14:18:11,195: INFO     Identifying PAM sites in the genome
2020-08-13 14:18:35,477: INFO     Identifing guides that are unique near the PAM site
2020-08-13 14:18:37,001: INFO     Indexing all potential guide sites: 1171800. This is the longest step.
2020-08-13 14:18:42,682: INFO     M                   = 16
2020-08-13 14:18:42,683: INFO     indexThreadQty      = 8
2020-08-13 14:18:42,683: INFO     efConstruction      = 64
2020-08-13 14:18:42,683: INFO     maxM			          = 16
2020-08-13 14:18:42,683: INFO     maxM0			          = 32
2020-08-13 14:18:42,683: INFO     mult                = 0.360674
2020-08-13 14:18:42,683: INFO     skip_optimized_index= 0
2020-08-13 14:18:42,683: INFO     delaunay_type       = 2
2020-08-13 14:18:42,683: INFO     Set HNSW query-time parameters:
2020-08-13 14:18:42,683: INFO     ef(Search)         =20
2020-08-13 14:18:42,683: INFO     algoType           =2

0%   10   20   30   40   50   60   70   80   90   100%
|----|----|----|----|----|----|----|----|----|----|
***************************************************

0%   10   20   30   40   50   60   70   80   90   100%
|----|----|----|----|----|----|----|----|----|----|
******************************************************




2020-08-13 14:20:18,488: INFO     No appropriate custom distance function for Hamming (bit-storage) space
2020-08-13 14:20:18,488: INFO     searchMethod			  = 0
2020-08-13 14:20:18,584: INFO     Identifying guides that have a hamming distance <= 3 to all other potential guides
2020-08-13 14:20:18,904: INFO     Set HNSW query-time parameters:
2020-08-13 14:20:18,905: INFO     ef(Search)         =256
2020-08-13 14:20:18,905: INFO     algoType           =2
2020-08-13 14:20:50,656: INFO     Formatting data for BedTools
2020-08-13 14:20:51,047: INFO     Create GuideMaker Annotation object
2020-08-13 14:20:51,048: INFO     Identify genomic features
2020-08-13 14:20:51,048: INFO     check if test/test_data/Pseudomonas_aeruginosa_PAO1_107.gbk is gzipped
2020-08-13 14:20:52,425: INFO     Find genomic features closest the guides
2020-08-13 14:20:55,019: INFO     Select guides that start between +100 and -100 of a feature start
2020-08-13 14:20:55,217: INFO     Select description columns
2020-08-13 14:20:55,264: INFO     Format the output
2020-08-13 14:20:56,298: INFO     creating random control guides
2020-08-13 14:21:18,077: INFO     created 10 control guides with a minimum distance of 7 and a median distance of 7
2020-08-13 14:21:18,080: INFO     guidemaker completed, results are at TEST
2020-08-13 14:21:18,081: INFO     PAM sequence: NGG
2020-08-13 14:21:18,081: INFO     PAM orientation: 5prime
2020-08-13 14:21:18,081: INFO     Genome strand(s) searched: both
2020-08-13 14:21:18,081: INFO     Total PAM sites considered: 1171800
2020-08-13 14:21:18,081: INFO     Guide RNA candidates found: 45720
Number of random control searched:  100000
	Command being timed: "guidemaker -i test/test_data/Pseudomonas_aeruginosa_PAO1_107.gbk --pamseq NGG --outdir TEST --pam_orientation 5prime --guidelength 20 --strand both --lcp 10 --dist 3 --before 100 --into 100 --knum 10 --controls 10 --log GuideMaker_57449279_2.log --threads 8"
	User time (seconds): 1096.58
	System time (seconds): 29.44
	Percent of CPU this job got: 589%
	Elapsed (wall clock) time (h:mm:ss or m:ss): 3:10.91
	Average shared text size (kbytes): 0
	Average unshared data size (kbytes): 0
	Average stack size (kbytes): 0
	Average total size (kbytes): 0
	Maximum resident set size (kbytes): 2880784
	Average resident set size (kbytes): 0
	Major (requiring I/O) page faults: 0
	Minor (reclaiming a frame) page faults: 13055712
	Voluntary context switches: 269905
	Involuntary context switches: 1022286
	Swaps: 0
	File system inputs: 0
	File system outputs: 185248
	Socket messages sent: 0
	Socket messages received: 0
	Signals delivered: 0
	Page size (bytes): 4096
	Exit status: 0
My SLURM_ARRAY_TASK_ID:  2
My TMPDIR IS:  /scratch/local/57449279
Input Genome:>>>>>>>>>>>>>>>>>>>>>>>>>>>>>>>>>>>>>>>>>>>  Pseudomonas_aeruginosa_PAO1_107.gbk
Threads used:>>>>>>>>>>>>>>>>>>>>>>>>>>>>>>>>>>>>>>>>>>>  16
GuideMaker
2020-08-13 14:21:21,311: INFO     Temp directory is: /scratch/local/57449279/guidemaker_rortpz9b
2020-08-13 14:21:21,312: INFO     Writing fasta file from genbank file(s)
2020-08-13 14:21:21,312: INFO     check if test/test_data/Pseudomonas_aeruginosa_PAO1_107.gbk is gzipped
/home/rp3448/.conda/envs/avx2/lib/python3.7/site-packages/Bio/GenBank/Scanner.py:1400: BiopythonParserWarning: Truncated LOCUS line found - is this correct?
:'LOCUS       NC_002516            6264404 bp    dna     circular UNK \n'
  BiopythonParserWarning,
/home/rp3448/.conda/envs/avx2/lib/python3.7/site-packages/Bio/GenBank/__init__.py:762: BiopythonParserWarning: Non-upper case molecule type in LOCUS line: dna
  BiopythonParserWarning,
2020-08-13 14:21:22,118: INFO     Identifying PAM sites in the genome
2020-08-13 14:21:46,438: INFO     Identifing guides that are unique near the PAM site
2020-08-13 14:21:47,959: INFO     Indexing all potential guide sites: 1171800. This is the longest step.
2020-08-13 14:21:53,777: INFO     M                   = 16
2020-08-13 14:21:53,778: INFO     indexThreadQty      = 16
2020-08-13 14:21:53,778: INFO     efConstruction      = 64
2020-08-13 14:21:53,778: INFO     maxM			          = 16
2020-08-13 14:21:53,778: INFO     maxM0			          = 32
2020-08-13 14:21:53,778: INFO     mult                = 0.360674
2020-08-13 14:21:53,778: INFO     skip_optimized_index= 0
2020-08-13 14:21:53,778: INFO     delaunay_type       = 2
2020-08-13 14:21:53,778: INFO     Set HNSW query-time parameters:
2020-08-13 14:21:53,778: INFO     ef(Search)         =20
2020-08-13 14:21:53,778: INFO     algoType           =2

0%   10   20   30   40   50   60   70   80   90   100%
|----|----|----|----|----|----|----|----|----|----|
***************************************************

0%   10   20   30   40   50   60   70   80   90   100%
|----|----|----|----|----|----|----|----|----|----|
****************************************************2020-08-13 14:22:49,144: INFO     No appropriate custom distance function for Hamming (bit-storage) space
2020-08-13 14:22:49,144: INFO     searchMethod			  = 0
2020-08-13 14:22:49,249: INFO     Identifying guides that have a hamming distance <= 3 to all other potential guides
2020-08-13 14:22:49,630: INFO     Set HNSW query-time parameters:
2020-08-13 14:22:49,630: INFO     ef(Search)         =256
2020-08-13 14:22:49,631: INFO     algoType           =2
2020-08-13 14:23:10,783: INFO     Formatting data for BedTools
2020-08-13 14:23:11,170: INFO     Create GuideMaker Annotation object
2020-08-13 14:23:11,170: INFO     Identify genomic features
2020-08-13 14:23:11,171: INFO     check if test/test_data/Pseudomonas_aeruginosa_PAO1_107.gbk is gzipped
2020-08-13 14:23:12,550: INFO     Find genomic features closest the guides
2020-08-13 14:23:15,166: INFO     Select guides that start between +100 and -100 of a feature start
2020-08-13 14:23:15,364: INFO     Select description columns
2020-08-13 14:23:15,412: INFO     Format the output
2020-08-13 14:23:16,579: INFO     creating random control guides
2020-08-13 14:23:31,996: INFO     created 10 control guides with a minimum distance of 7 and a median distance of 7
2020-08-13 14:23:31,999: INFO     guidemaker completed, results are at TEST
2020-08-13 14:23:31,999: INFO     PAM sequence: NGG
2020-08-13 14:23:31,999: INFO     PAM orientation: 5prime
2020-08-13 14:23:31,999: INFO     Genome strand(s) searched: both
2020-08-13 14:23:32,000: INFO     Total PAM sites considered: 1171800
2020-08-13 14:23:32,000: INFO     Guide RNA candidates found: 45720
Number of random control searched:  100000
	Command being timed: "guidemaker -i test/test_data/Pseudomonas_aeruginosa_PAO1_107.gbk --pamseq NGG --outdir TEST --pam_orientation 5prime --guidelength 20 --strand both --lcp 10 --dist 3 --before 100 --into 100 --knum 10 --controls 10 --log GuideMaker_57449279_2.log --threads 16"
	User time (seconds): 1218.42
	System time (seconds): 45.73
	Percent of CPU this job got: 942%
	Elapsed (wall clock) time (h:mm:ss or m:ss): 2:14.10
	Average shared text size (kbytes): 0
	Average unshared data size (kbytes): 0
	Average stack size (kbytes): 0
	Average total size (kbytes): 0
	Maximum resident set size (kbytes): 2926700
	Average resident set size (kbytes): 0
	Major (requiring I/O) page faults: 0
	Minor (reclaiming a frame) page faults: 12223536
	Voluntary context switches: 490107
	Involuntary context switches: 148125
	Swaps: 0
	File system inputs: 0
	File system outputs: 185208
	Socket messages sent: 0
	Socket messages received: 0
	Signals delivered: 0
	Page size (bytes): 4096
	Exit status: 0
My SLURM_ARRAY_TASK_ID:  2
My TMPDIR IS:  /scratch/local/57449279
Input Genome:>>>>>>>>>>>>>>>>>>>>>>>>>>>>>>>>>>>>>>>>>>>  Pseudomonas_aeruginosa_PAO1_107.gbk
Threads used:>>>>>>>>>>>>>>>>>>>>>>>>>>>>>>>>>>>>>>>>>>>  32
GuideMaker
2020-08-13 14:23:35,464: INFO     Temp directory is: /scratch/local/57449279/guidemaker_dlhx3poi
2020-08-13 14:23:35,464: INFO     Writing fasta file from genbank file(s)
2020-08-13 14:23:35,464: INFO     check if test/test_data/Pseudomonas_aeruginosa_PAO1_107.gbk is gzipped
/home/rp3448/.conda/envs/avx2/lib/python3.7/site-packages/Bio/GenBank/Scanner.py:1400: BiopythonParserWarning: Truncated LOCUS line found - is this correct?
:'LOCUS       NC_002516            6264404 bp    dna     circular UNK \n'
  BiopythonParserWarning,
/home/rp3448/.conda/envs/avx2/lib/python3.7/site-packages/Bio/GenBank/__init__.py:762: BiopythonParserWarning: Non-upper case molecule type in LOCUS line: dna
  BiopythonParserWarning,
2020-08-13 14:23:36,261: INFO     Identifying PAM sites in the genome
2020-08-13 14:24:01,419: INFO     Identifing guides that are unique near the PAM site
2020-08-13 14:24:02,950: INFO     Indexing all potential guide sites: 1171800. This is the longest step.
2020-08-13 14:24:08,417: INFO     M                   = 16
2020-08-13 14:24:08,417: INFO     indexThreadQty      = 32
2020-08-13 14:24:08,417: INFO     efConstruction      = 64
2020-08-13 14:24:08,417: INFO     maxM			          = 16
2020-08-13 14:24:08,417: INFO     maxM0			          = 32
2020-08-13 14:24:08,418: INFO     mult                = 0.360674
2020-08-13 14:24:08,418: INFO     skip_optimized_index= 0
2020-08-13 14:24:08,418: INFO     delaunay_type       = 2
2020-08-13 14:24:08,418: INFO     Set HNSW query-time parameters:
2020-08-13 14:24:08,418: INFO     ef(Search)         =20
2020-08-13 14:24:08,418: INFO     algoType           =2

0%   10   20   30   40   50   60   70   80   90   100%
|----|----|----|----|----|----|----|----|----|----|
***************************************************

0%   10   20   30   40   50   60   70   80   90   100%
|----|----|----|----|----|----|----|----|----|----|
**********************************************************
2020-08-13 14:24:39,279: INFO     No appropriate custom distance function for Hamming (bit-storage) space
2020-08-13 14:24:39,279: INFO     searchMethod			  = 0
2020-08-13 14:24:39,376: INFO     Identifying guides that have a hamming distance <= 3 to all other potential guides
2020-08-13 14:24:39,698: INFO     Set HNSW query-time parameters:
2020-08-13 14:24:39,698: INFO     ef(Search)         =256
2020-08-13 14:24:39,698: INFO     algoType           =2
2020-08-13 14:24:55,910: INFO     Formatting data for BedTools
2020-08-13 14:24:56,306: INFO     Create GuideMaker Annotation object
2020-08-13 14:24:56,306: INFO     Identify genomic features
2020-08-13 14:24:56,307: INFO     check if test/test_data/Pseudomonas_aeruginosa_PAO1_107.gbk is gzipped
2020-08-13 14:24:57,704: INFO     Find genomic features closest the guides
2020-08-13 14:25:00,459: INFO     Select guides that start between +100 and -100 of a feature start
2020-08-13 14:25:00,661: INFO     Select description columns
2020-08-13 14:25:00,712: INFO     Format the output
2020-08-13 14:25:01,850: INFO     creating random control guides
2020-08-13 14:25:13,635: INFO     created 10 control guides with a minimum distance of 7 and a median distance of 7
2020-08-13 14:25:13,639: INFO     guidemaker completed, results are at TEST
2020-08-13 14:25:13,639: INFO     PAM sequence: NGG
2020-08-13 14:25:13,639: INFO     PAM orientation: 5prime
2020-08-13 14:25:13,639: INFO     Genome strand(s) searched: both
2020-08-13 14:25:13,639: INFO     Total PAM sites considered: 1171800
2020-08-13 14:25:13,639: INFO     Guide RNA candidates found: 45720
Number of random control searched:  100000
	Command being timed: "guidemaker -i test/test_data/Pseudomonas_aeruginosa_PAO1_107.gbk --pamseq NGG --outdir TEST --pam_orientation 5prime --guidelength 20 --strand both --lcp 10 --dist 3 --before 100 --into 100 --knum 10 --controls 10 --log GuideMaker_57449279_2.log --threads 32"
	User time (seconds): 1363.28
	System time (seconds): 53.94
	Percent of CPU this job got: 1387%
	Elapsed (wall clock) time (h:mm:ss or m:ss): 1:42.13
	Average shared text size (kbytes): 0
	Average unshared data size (kbytes): 0
	Average stack size (kbytes): 0
	Average total size (kbytes): 0
	Maximum resident set size (kbytes): 2943160
	Average resident set size (kbytes): 0
	Major (requiring I/O) page faults: 0
	Minor (reclaiming a frame) page faults: 8557272
	Voluntary context switches: 830389
	Involuntary context switches: 353916
	Swaps: 0
	File system inputs: 0
	File system outputs: 185200
	Socket messages sent: 0
	Socket messages received: 0
	Signals delivered: 0
	Page size (bytes): 4096
	Exit status: 0
