Thu Feb  4 16:59:14 EST 2021
c26b-s8.ufhpc
/blue/garrett/rp3448/analysis/guidemaker/AVXGuidemaker
My SLURM_ARRAY_TASK_ID:  5
My TMPDIR IS:  /scratch/local/63826309
Input Genome:>>>>>>>>>>>>>>>>>>>>>>>>>>>>>>>>>>>>>>>>>>>  Burkholderia_thailandensis_E264_ATCC_700388_133.gbk
Input PAM:>>>>>>>>>>>>>>>>>>>>>>>>>>>>>>>>>>>>>>>>>>>  NGRRT
Threads used:>>>>>>>>>>>>>>>>>>>>>>>>>>>>>>>>>>>>>>>>>>>  1
GuideMaker
2021-02-04 16:59:19,753: INFO     Temp directory is: /scratch/local/63826309/guidemaker_d9a_3jw_
2021-02-04 16:59:19,754: INFO     Writing fasta file from genbank file(s)
2021-02-04 16:59:19,754: INFO     check if ../all_test_data/Burkholderia_thailandensis_E264_ATCC_700388_133.gbk is gzipped
2021-02-04 16:59:20,576: INFO     Identifying PAM sites in the genome
2021-02-04 16:59:25,568: INFO     Checking guides for restriction enzymes
2021-02-04 16:59:25,598: INFO     Number of guides removed after checking for restriction enzymes: 0
2021-02-04 16:59:25,598: INFO     Identifing guides that are unique near the PAM site
2021-02-04 16:59:25,769: INFO     Number of guides removed after checking for unique PAM: 29346
2021-02-04 16:59:25,769: INFO     Indexing all potential guide sites: 116535. This is the longest step.
2021-02-04 16:59:26,316: INFO     M                   = 16
2021-02-04 16:59:26,316: INFO     indexThreadQty      = 1
2021-02-04 16:59:26,316: INFO     efConstruction      = 10
2021-02-04 16:59:26,316: INFO     maxM			          = 16
2021-02-04 16:59:26,316: INFO     maxM0			          = 32
2021-02-04 16:59:26,316: INFO     mult                = 0.360674
2021-02-04 16:59:26,316: INFO     skip_optimized_index= 0
2021-02-04 16:59:26,316: INFO     delaunay_type       = 2
2021-02-04 16:59:26,317: INFO     Set HNSW query-time parameters:
2021-02-04 16:59:26,317: INFO     ef(Search)         =20
2021-02-04 16:59:26,317: INFO     algoType           =2

0%   10   20   30   40   50   60   70   80   90   100%
|----|----|----|----|----|----|----|----|----|----|
***************************************************

0%   10   20   30   40   50   60   70   80   90   100%
|----|----|----|----|----|----|----|----|----|----|
***************************************************
*2021-02-04 16:59:32,628: INFO     No appropriate custom distance function for Hamming (bit-storage) space
2021-02-04 16:59:32,629: INFO     searchMethod			  = 0
2021-02-04 16:59:32,639: INFO     Identifying guides that have a hamming distance <= 3 to all other potential guides
2021-02-04 16:59:32,760: INFO     Set HNSW query-time parameters:
2021-02-04 16:59:32,761: INFO     ef(Search)         =9
2021-02-04 16:59:32,761: INFO     algoType           =2
2021-02-04 16:59:38,300: INFO     Formatting data for BedTools
2021-02-04 16:59:38,463: INFO     Create GuideMaker Annotation object
2021-02-04 16:59:38,464: INFO     Identify genomic features
2021-02-04 16:59:38,464: INFO     check if ../all_test_data/Burkholderia_thailandensis_E264_ATCC_700388_133.gbk is gzipped
2021-02-04 16:59:39,374: INFO     Total number of CDS/locus in the input genome: 5633
2021-02-04 16:59:39,374: INFO     Find genomic features closest the guides
2021-02-04 16:59:40,609: INFO     Select guides that start between +500 and -500 of a feature start
2021-02-04 16:59:40,749: INFO     Select description columns
2021-02-04 16:59:40,798: INFO     Format the output
2021-02-04 16:59:41,388: INFO     Number of Guides within a gene coordinates i.e. zero Feature distance: 33967
2021-02-04 16:59:41,942: INFO     creating random control guides
2021-02-04 16:59:42,040: INFO     Number of random control searched: 100
2021-02-04 16:59:42,040: INFO     Percentage of GC content in the input genome: 67.63
2021-02-04 16:59:42,040: INFO     Total length of the genome: 6.4 MB
2021-02-04 16:59:42,040: INFO     created 10 control guides with a minimum distance of 7 and a median distance of 8
2021-02-04 16:59:42,042: INFO     guidemaker completed, results are at TEST
2021-02-04 16:59:42,042: INFO     PAM sequence: NGRRT
2021-02-04 16:59:42,042: INFO     PAM orientation: 3prime
2021-02-04 16:59:42,042: INFO     Genome strand(s) searched: both
2021-02-04 16:59:42,042: INFO     Total PAM sites considered: 116535
2021-02-04 16:59:42,043: INFO     Guide RNA candidates found: 61918
	Command being timed: "guidemaker -i ../all_test_data/Burkholderia_thailandensis_E264_ATCC_700388_133.gbk --pamseq NGRRT --outdir TEST --pam_orientation 3prime --guidelength 20 --strand both --lcp 11 --dist 3 --before 500 --into 500 --knum 10 --controls 10 --log GM_63826309_5.log --threads 1"
	User time (seconds): 24.40
	System time (seconds): 2.32
	Percent of CPU this job got: 112%
	Elapsed (wall clock) time (h:mm:ss or m:ss): 0:23.74
	Average shared text size (kbytes): 0
	Average unshared data size (kbytes): 0
	Average stack size (kbytes): 0
	Average total size (kbytes): 0
	Maximum resident set size (kbytes): 466968
	Average resident set size (kbytes): 0
	Major (requiring I/O) page faults: 0
	Minor (reclaiming a frame) page faults: 505637
	Voluntary context switches: 2985
	Involuntary context switches: 127655
	Swaps: 0
	File system inputs: 0
	File system outputs: 125480
	Socket messages sent: 0
	Socket messages received: 0
	Signals delivered: 0
	Page size (bytes): 4096
	Exit status: 0
My SLURM_ARRAY_TASK_ID:  5
My TMPDIR IS:  /scratch/local/63826309
Input Genome:>>>>>>>>>>>>>>>>>>>>>>>>>>>>>>>>>>>>>>>>>>>  Burkholderia_thailandensis_E264_ATCC_700388_133.gbk
Input PAM:>>>>>>>>>>>>>>>>>>>>>>>>>>>>>>>>>>>>>>>>>>>  NGRRT
Threads used:>>>>>>>>>>>>>>>>>>>>>>>>>>>>>>>>>>>>>>>>>>>  2
GuideMaker
2021-02-04 16:59:43,202: INFO     Temp directory is: /scratch/local/63826309/guidemaker_6ekyc8s_
2021-02-04 16:59:43,202: INFO     Writing fasta file from genbank file(s)
2021-02-04 16:59:43,202: INFO     check if ../all_test_data/Burkholderia_thailandensis_E264_ATCC_700388_133.gbk is gzipped
2021-02-04 16:59:43,940: INFO     Identifying PAM sites in the genome
2021-02-04 16:59:48,983: INFO     Checking guides for restriction enzymes
2021-02-04 16:59:49,013: INFO     Number of guides removed after checking for restriction enzymes: 0
2021-02-04 16:59:49,013: INFO     Identifing guides that are unique near the PAM site
2021-02-04 16:59:49,185: INFO     Number of guides removed after checking for unique PAM: 29346
2021-02-04 16:59:49,185: INFO     Indexing all potential guide sites: 116535. This is the longest step.
2021-02-04 16:59:49,728: INFO     M                   = 16
2021-02-04 16:59:49,729: INFO     indexThreadQty      = 2
2021-02-04 16:59:49,729: INFO     efConstruction      = 10
2021-02-04 16:59:49,729: INFO     maxM			          = 16
2021-02-04 16:59:49,729: INFO     maxM0			          = 32
2021-02-04 16:59:49,729: INFO     mult                = 0.360674
2021-02-04 16:59:49,729: INFO     skip_optimized_index= 0
2021-02-04 16:59:49,729: INFO     delaunay_type       = 2
2021-02-04 16:59:49,729: INFO     Set HNSW query-time parameters:
2021-02-04 16:59:49,729: INFO     ef(Search)         =20
2021-02-04 16:59:49,729: INFO     algoType           =2

0%   10   20   30   40   50   60   70   80   90   100%
|----|----|----|----|----|----|----|----|----|----|
***************************************************

0%   10   20   30   40   50   60   70   80   90   100%
|----|----|----|----|----|----|----|----|----|----|
****************************************************2021-02-04 16:59:53,958: INFO     No appropriate custom distance function for Hamming (bit-storage) space
2021-02-04 16:59:53,959: INFO     searchMethod			  = 0
2021-02-04 16:59:53,969: INFO     Identifying guides that have a hamming distance <= 3 to all other potential guides
2021-02-04 16:59:54,091: INFO     Set HNSW query-time parameters:
2021-02-04 16:59:54,091: INFO     ef(Search)         =9
2021-02-04 16:59:54,091: INFO     algoType           =2
2021-02-04 16:59:58,753: INFO     Formatting data for BedTools
2021-02-04 16:59:58,910: INFO     Create GuideMaker Annotation object
2021-02-04 16:59:58,910: INFO     Identify genomic features
2021-02-04 16:59:58,910: INFO     check if ../all_test_data/Burkholderia_thailandensis_E264_ATCC_700388_133.gbk is gzipped
2021-02-04 16:59:59,808: INFO     Total number of CDS/locus in the input genome: 5633
2021-02-04 16:59:59,808: INFO     Find genomic features closest the guides
2021-02-04 17:00:01,050: INFO     Select guides that start between +500 and -500 of a feature start
2021-02-04 17:00:01,193: INFO     Select description columns
2021-02-04 17:00:01,243: INFO     Format the output
2021-02-04 17:00:01,858: INFO     Number of Guides within a gene coordinates i.e. zero Feature distance: 33955
2021-02-04 17:00:02,436: INFO     creating random control guides
2021-02-04 17:00:02,544: INFO     Number of random control searched: 100
2021-02-04 17:00:02,544: INFO     Percentage of GC content in the input genome: 67.63
2021-02-04 17:00:02,545: INFO     Total length of the genome: 6.4 MB
2021-02-04 17:00:02,545: INFO     created 10 control guides with a minimum distance of 7 and a median distance of 8
2021-02-04 17:00:02,548: INFO     guidemaker completed, results are at TEST
2021-02-04 17:00:02,548: INFO     PAM sequence: NGRRT
2021-02-04 17:00:02,548: INFO     PAM orientation: 3prime
2021-02-04 17:00:02,548: INFO     Genome strand(s) searched: both
2021-02-04 17:00:02,548: INFO     Total PAM sites considered: 116535
2021-02-04 17:00:02,548: INFO     Guide RNA candidates found: 61888
	Command being timed: "guidemaker -i ../all_test_data/Burkholderia_thailandensis_E264_ATCC_700388_133.gbk --pamseq NGRRT --outdir TEST --pam_orientation 3prime --guidelength 20 --strand both --lcp 11 --dist 3 --before 500 --into 500 --knum 10 --controls 10 --log GM_63826309_5.log --threads 2"
	User time (seconds): 26.41
	System time (seconds): 2.50
	Percent of CPU this job got: 140%
	Elapsed (wall clock) time (h:mm:ss or m:ss): 0:20.54
	Average shared text size (kbytes): 0
	Average unshared data size (kbytes): 0
	Average stack size (kbytes): 0
	Average total size (kbytes): 0
	Maximum resident set size (kbytes): 516404
	Average resident set size (kbytes): 0
	Major (requiring I/O) page faults: 0
	Minor (reclaiming a frame) page faults: 548735
	Voluntary context switches: 10935
	Involuntary context switches: 144507
	Swaps: 0
	File system inputs: 24
	File system outputs: 125424
	Socket messages sent: 0
	Socket messages received: 0
	Signals delivered: 0
	Page size (bytes): 4096
	Exit status: 0
My SLURM_ARRAY_TASK_ID:  5
My TMPDIR IS:  /scratch/local/63826309
Input Genome:>>>>>>>>>>>>>>>>>>>>>>>>>>>>>>>>>>>>>>>>>>>  Burkholderia_thailandensis_E264_ATCC_700388_133.gbk
Input PAM:>>>>>>>>>>>>>>>>>>>>>>>>>>>>>>>>>>>>>>>>>>>  NGRRT
Threads used:>>>>>>>>>>>>>>>>>>>>>>>>>>>>>>>>>>>>>>>>>>>  4
GuideMaker
2021-02-04 17:00:03,732: INFO     Temp directory is: /scratch/local/63826309/guidemaker_7ggg7viu
2021-02-04 17:00:03,732: INFO     Writing fasta file from genbank file(s)
2021-02-04 17:00:03,733: INFO     check if ../all_test_data/Burkholderia_thailandensis_E264_ATCC_700388_133.gbk is gzipped
2021-02-04 17:00:04,474: INFO     Identifying PAM sites in the genome
2021-02-04 17:00:09,540: INFO     Checking guides for restriction enzymes
2021-02-04 17:00:09,571: INFO     Number of guides removed after checking for restriction enzymes: 0
2021-02-04 17:00:09,571: INFO     Identifing guides that are unique near the PAM site
2021-02-04 17:00:09,742: INFO     Number of guides removed after checking for unique PAM: 29346
2021-02-04 17:00:09,742: INFO     Indexing all potential guide sites: 116535. This is the longest step.
2021-02-04 17:00:10,294: INFO     M                   = 16
2021-02-04 17:00:10,294: INFO     indexThreadQty      = 4
2021-02-04 17:00:10,294: INFO     efConstruction      = 10
2021-02-04 17:00:10,294: INFO     maxM			          = 16
2021-02-04 17:00:10,294: INFO     maxM0			          = 32
2021-02-04 17:00:10,295: INFO     mult                = 0.360674
2021-02-04 17:00:10,295: INFO     skip_optimized_index= 0
2021-02-04 17:00:10,295: INFO     delaunay_type       = 2
2021-02-04 17:00:10,295: INFO     Set HNSW query-time parameters:
2021-02-04 17:00:10,295: INFO     ef(Search)         =20
2021-02-04 17:00:10,295: INFO     algoType           =2

0%   10   20   30   40   50   60   70   80   90   100%
|----|----|----|----|----|----|----|----|----|----|
***************************************************

0%   10   20   30   40   50   60   70   80   90   100%
|----|----|----|----|----|----|----|----|----|----|
****************************************************2021-02-04 17:00:12,708: INFO     No appropriate custom distance function for Hamming (bit-storage) space
2021-02-04 17:00:12,708: INFO     searchMethod			  = 0
2021-02-04 17:00:12,718: INFO     Identifying guides that have a hamming distance <= 3 to all other potential guides
2021-02-04 17:00:12,851: INFO     Set HNSW query-time parameters:
2021-02-04 17:00:12,851: INFO     ef(Search)         =9
2021-02-04 17:00:12,851: INFO     algoType           =2
2021-02-04 17:00:17,058: INFO     Formatting data for BedTools
2021-02-04 17:00:17,211: INFO     Create GuideMaker Annotation object
2021-02-04 17:00:17,211: INFO     Identify genomic features
2021-02-04 17:00:17,211: INFO     check if ../all_test_data/Burkholderia_thailandensis_E264_ATCC_700388_133.gbk is gzipped
2021-02-04 17:00:18,103: INFO     Total number of CDS/locus in the input genome: 5633
2021-02-04 17:00:18,103: INFO     Find genomic features closest the guides
2021-02-04 17:00:19,351: INFO     Select guides that start between +500 and -500 of a feature start
2021-02-04 17:00:19,506: INFO     Select description columns
2021-02-04 17:00:19,556: INFO     Format the output
2021-02-04 17:00:20,160: INFO     Number of Guides within a gene coordinates i.e. zero Feature distance: 33961
2021-02-04 17:00:20,716: INFO     creating random control guides
2021-02-04 17:00:20,822: INFO     Number of random control searched: 100
2021-02-04 17:00:20,822: INFO     Percentage of GC content in the input genome: 67.63
2021-02-04 17:00:20,822: INFO     Total length of the genome: 6.4 MB
2021-02-04 17:00:20,823: INFO     created 10 control guides with a minimum distance of 7 and a median distance of 7
2021-02-04 17:00:20,825: INFO     guidemaker completed, results are at TEST
2021-02-04 17:00:20,825: INFO     PAM sequence: NGRRT
2021-02-04 17:00:20,825: INFO     PAM orientation: 3prime
2021-02-04 17:00:20,825: INFO     Genome strand(s) searched: both
2021-02-04 17:00:20,825: INFO     Total PAM sites considered: 116535
2021-02-04 17:00:20,825: INFO     Guide RNA candidates found: 61911
	Command being timed: "guidemaker -i ../all_test_data/Burkholderia_thailandensis_E264_ATCC_700388_133.gbk --pamseq NGRRT --outdir TEST --pam_orientation 3prime --guidelength 20 --strand both --lcp 11 --dist 3 --before 500 --into 500 --knum 10 --controls 10 --log GM_63826309_5.log --threads 4"
	User time (seconds): 27.78
	System time (seconds): 2.59
	Percent of CPU this job got: 166%
	Elapsed (wall clock) time (h:mm:ss or m:ss): 0:18.26
	Average shared text size (kbytes): 0
	Average unshared data size (kbytes): 0
	Average stack size (kbytes): 0
	Average total size (kbytes): 0
	Maximum resident set size (kbytes): 516408
	Average resident set size (kbytes): 0
	Major (requiring I/O) page faults: 0
	Minor (reclaiming a frame) page faults: 484212
	Voluntary context switches: 17595
	Involuntary context switches: 55068
	Swaps: 0
	File system inputs: 0
	File system outputs: 125456
	Socket messages sent: 0
	Socket messages received: 0
	Signals delivered: 0
	Page size (bytes): 4096
	Exit status: 0
My SLURM_ARRAY_TASK_ID:  5
My TMPDIR IS:  /scratch/local/63826309
Input Genome:>>>>>>>>>>>>>>>>>>>>>>>>>>>>>>>>>>>>>>>>>>>  Burkholderia_thailandensis_E264_ATCC_700388_133.gbk
Input PAM:>>>>>>>>>>>>>>>>>>>>>>>>>>>>>>>>>>>>>>>>>>>  NGRRT
Threads used:>>>>>>>>>>>>>>>>>>>>>>>>>>>>>>>>>>>>>>>>>>>  8
GuideMaker
2021-02-04 17:00:22,312: INFO     Temp directory is: /scratch/local/63826309/guidemaker_l0ehfy8p
2021-02-04 17:00:22,313: INFO     Writing fasta file from genbank file(s)
2021-02-04 17:00:22,313: INFO     check if ../all_test_data/Burkholderia_thailandensis_E264_ATCC_700388_133.gbk is gzipped
2021-02-04 17:00:23,058: INFO     Identifying PAM sites in the genome
2021-02-04 17:00:28,228: INFO     Checking guides for restriction enzymes
2021-02-04 17:00:28,259: INFO     Number of guides removed after checking for restriction enzymes: 0
2021-02-04 17:00:28,259: INFO     Identifing guides that are unique near the PAM site
2021-02-04 17:00:28,436: INFO     Number of guides removed after checking for unique PAM: 29346
2021-02-04 17:00:28,436: INFO     Indexing all potential guide sites: 116535. This is the longest step.
2021-02-04 17:00:28,979: INFO     M                   = 16
2021-02-04 17:00:28,979: INFO     indexThreadQty      = 8
2021-02-04 17:00:28,980: INFO     efConstruction      = 10
2021-02-04 17:00:28,980: INFO     maxM			          = 16
2021-02-04 17:00:28,980: INFO     maxM0			          = 32
2021-02-04 17:00:28,980: INFO     mult                = 0.360674
2021-02-04 17:00:28,980: INFO     skip_optimized_index= 0
2021-02-04 17:00:28,980: INFO     delaunay_type       = 2
2021-02-04 17:00:28,980: INFO     Set HNSW query-time parameters:
2021-02-04 17:00:28,980: INFO     ef(Search)         =20
2021-02-04 17:00:28,980: INFO     algoType           =2

0%   10   20   30   40   50   60   70   80   90   100%
|----|----|----|----|----|----|----|----|----|----|
***************************************************

0%   10   20   30   40   50   60   70   80   90   100%
|----|----|----|----|----|----|----|----|----|----|
****************************************************2021-02-04 17:00:30,211: INFO     No appropriate custom distance function for Hamming (bit-storage) space
2021-02-04 17:00:30,212: INFO     searchMethod			  = 0
2021-02-04 17:00:30,217: INFO     Identifying guides that have a hamming distance <= 3 to all other potential guides
2021-02-04 17:00:30,336: INFO     Set HNSW query-time parameters:
2021-02-04 17:00:30,337: INFO     ef(Search)         =9
2021-02-04 17:00:30,337: INFO     algoType           =2
2021-02-04 17:00:34,282: INFO     Formatting data for BedTools
2021-02-04 17:00:34,434: INFO     Create GuideMaker Annotation object
2021-02-04 17:00:34,434: INFO     Identify genomic features
2021-02-04 17:00:34,434: INFO     check if ../all_test_data/Burkholderia_thailandensis_E264_ATCC_700388_133.gbk is gzipped
2021-02-04 17:00:35,518: INFO     Total number of CDS/locus in the input genome: 5633
2021-02-04 17:00:35,519: INFO     Find genomic features closest the guides
2021-02-04 17:00:37,030: INFO     Select guides that start between +500 and -500 of a feature start
2021-02-04 17:00:37,186: INFO     Select description columns
2021-02-04 17:00:37,240: INFO     Format the output
2021-02-04 17:00:37,875: INFO     Number of Guides within a gene coordinates i.e. zero Feature distance: 33959
2021-02-04 17:00:38,477: INFO     creating random control guides
2021-02-04 17:00:38,594: INFO     Number of random control searched: 100
2021-02-04 17:00:38,595: INFO     Percentage of GC content in the input genome: 67.63
2021-02-04 17:00:38,595: INFO     Total length of the genome: 6.4 MB
2021-02-04 17:00:38,595: INFO     created 10 control guides with a minimum distance of 7 and a median distance of 8
2021-02-04 17:00:38,597: INFO     guidemaker completed, results are at TEST
2021-02-04 17:00:38,598: INFO     PAM sequence: NGRRT
2021-02-04 17:00:38,598: INFO     PAM orientation: 3prime
2021-02-04 17:00:38,598: INFO     Genome strand(s) searched: both
2021-02-04 17:00:38,598: INFO     Total PAM sites considered: 116535
2021-02-04 17:00:38,598: INFO     Guide RNA candidates found: 61905
	Command being timed: "guidemaker -i ../all_test_data/Burkholderia_thailandensis_E264_ATCC_700388_133.gbk --pamseq NGRRT --outdir TEST --pam_orientation 3prime --guidelength 20 --strand both --lcp 11 --dist 3 --before 500 --into 500 --knum 10 --controls 10 --log GM_63826309_5.log --threads 8"
	User time (seconds): 28.72
	System time (seconds): 2.68
	Percent of CPU this job got: 176%
	Elapsed (wall clock) time (h:mm:ss or m:ss): 0:17.78
	Average shared text size (kbytes): 0
	Average unshared data size (kbytes): 0
	Average stack size (kbytes): 0
	Average total size (kbytes): 0
	Maximum resident set size (kbytes): 517964
	Average resident set size (kbytes): 0
	Major (requiring I/O) page faults: 0
	Minor (reclaiming a frame) page faults: 493569
	Voluntary context switches: 34142
	Involuntary context switches: 433
	Swaps: 0
	File system inputs: 0
	File system outputs: 125400
	Socket messages sent: 0
	Socket messages received: 0
	Signals delivered: 0
	Page size (bytes): 4096
	Exit status: 0
My SLURM_ARRAY_TASK_ID:  5
My TMPDIR IS:  /scratch/local/63826309
Input Genome:>>>>>>>>>>>>>>>>>>>>>>>>>>>>>>>>>>>>>>>>>>>  Burkholderia_thailandensis_E264_ATCC_700388_133.gbk
Input PAM:>>>>>>>>>>>>>>>>>>>>>>>>>>>>>>>>>>>>>>>>>>>  NGRRT
Threads used:>>>>>>>>>>>>>>>>>>>>>>>>>>>>>>>>>>>>>>>>>>>  16
GuideMaker
2021-02-04 17:00:39,846: INFO     Temp directory is: /scratch/local/63826309/guidemaker_kf1i0jc5
2021-02-04 17:00:39,846: INFO     Writing fasta file from genbank file(s)
2021-02-04 17:00:39,847: INFO     check if ../all_test_data/Burkholderia_thailandensis_E264_ATCC_700388_133.gbk is gzipped
2021-02-04 17:00:40,568: INFO     Identifying PAM sites in the genome
2021-02-04 17:00:45,524: INFO     Checking guides for restriction enzymes
2021-02-04 17:00:45,555: INFO     Number of guides removed after checking for restriction enzymes: 0
2021-02-04 17:00:45,555: INFO     Identifing guides that are unique near the PAM site
2021-02-04 17:00:45,725: INFO     Number of guides removed after checking for unique PAM: 29346
2021-02-04 17:00:45,725: INFO     Indexing all potential guide sites: 116535. This is the longest step.
2021-02-04 17:00:46,270: INFO     M                   = 16
2021-02-04 17:00:46,271: INFO     indexThreadQty      = 16
2021-02-04 17:00:46,271: INFO     efConstruction      = 10
2021-02-04 17:00:46,271: INFO     maxM			          = 16
2021-02-04 17:00:46,271: INFO     maxM0			          = 32
2021-02-04 17:00:46,271: INFO     mult                = 0.360674
2021-02-04 17:00:46,271: INFO     skip_optimized_index= 0
2021-02-04 17:00:46,271: INFO     delaunay_type       = 2
2021-02-04 17:00:46,271: INFO     Set HNSW query-time parameters:
2021-02-04 17:00:46,271: INFO     ef(Search)         =20
2021-02-04 17:00:46,271: INFO     algoType           =2

0%   10   20   30   40   50   60   70   80   90   100%
|----|----|----|----|----|----|----|----|----|----|
***************************************************

0%   10   20   30   40   50   60   70   80   90   100%
|----|----|----|----|----|----|----|----|----|----|
****************************************************2021-02-04 17:00:46,971: INFO     No appropriate custom distance function for Hamming (bit-storage) space
2021-02-04 17:00:46,971: INFO     searchMethod			  = 0
2021-02-04 17:00:46,977: INFO     Identifying guides that have a hamming distance <= 3 to all other potential guides
2021-02-04 17:00:47,102: INFO     Set HNSW query-time parameters:
2021-02-04 17:00:47,102: INFO     ef(Search)         =9
2021-02-04 17:00:47,102: INFO     algoType           =2
2021-02-04 17:00:50,885: INFO     Formatting data for BedTools
2021-02-04 17:00:51,037: INFO     Create GuideMaker Annotation object
2021-02-04 17:00:51,037: INFO     Identify genomic features
2021-02-04 17:00:51,038: INFO     check if ../all_test_data/Burkholderia_thailandensis_E264_ATCC_700388_133.gbk is gzipped
2021-02-04 17:00:51,916: INFO     Total number of CDS/locus in the input genome: 5633
2021-02-04 17:00:51,916: INFO     Find genomic features closest the guides
2021-02-04 17:00:53,160: INFO     Select guides that start between +500 and -500 of a feature start
2021-02-04 17:00:53,301: INFO     Select description columns
2021-02-04 17:00:53,350: INFO     Format the output
2021-02-04 17:00:53,946: INFO     Number of Guides within a gene coordinates i.e. zero Feature distance: 33961
2021-02-04 17:00:54,505: INFO     creating random control guides
2021-02-04 17:00:54,611: INFO     Number of random control searched: 100
2021-02-04 17:00:54,612: INFO     Percentage of GC content in the input genome: 67.63
2021-02-04 17:00:54,612: INFO     Total length of the genome: 6.4 MB
2021-02-04 17:00:54,612: INFO     created 10 control guides with a minimum distance of 7 and a median distance of 7
2021-02-04 17:00:54,614: INFO     guidemaker completed, results are at TEST
2021-02-04 17:00:54,614: INFO     PAM sequence: NGRRT
2021-02-04 17:00:54,615: INFO     PAM orientation: 3prime
2021-02-04 17:00:54,615: INFO     Genome strand(s) searched: both
2021-02-04 17:00:54,615: INFO     Total PAM sites considered: 116535
2021-02-04 17:00:54,615: INFO     Guide RNA candidates found: 61905
	Command being timed: "guidemaker -i ../all_test_data/Burkholderia_thailandensis_E264_ATCC_700388_133.gbk --pamseq NGRRT --outdir TEST --pam_orientation 3prime --guidelength 20 --strand both --lcp 11 --dist 3 --before 500 --into 500 --knum 10 --controls 10 --log GM_63826309_5.log --threads 16"
	User time (seconds): 28.53
	System time (seconds): 2.96
	Percent of CPU this job got: 197%
	Elapsed (wall clock) time (h:mm:ss or m:ss): 0:15.98
	Average shared text size (kbytes): 0
	Average unshared data size (kbytes): 0
	Average stack size (kbytes): 0
	Average total size (kbytes): 0
	Maximum resident set size (kbytes): 519076
	Average resident set size (kbytes): 0
	Major (requiring I/O) page faults: 0
	Minor (reclaiming a frame) page faults: 464717
	Voluntary context switches: 71636
	Involuntary context switches: 247141
	Swaps: 0
	File system inputs: 0
	File system outputs: 125424
	Socket messages sent: 0
	Socket messages received: 0
	Signals delivered: 0
	Page size (bytes): 4096
	Exit status: 0
My SLURM_ARRAY_TASK_ID:  5
My TMPDIR IS:  /scratch/local/63826309
Input Genome:>>>>>>>>>>>>>>>>>>>>>>>>>>>>>>>>>>>>>>>>>>>  Burkholderia_thailandensis_E264_ATCC_700388_133.gbk
Input PAM:>>>>>>>>>>>>>>>>>>>>>>>>>>>>>>>>>>>>>>>>>>>  NGRRT
Threads used:>>>>>>>>>>>>>>>>>>>>>>>>>>>>>>>>>>>>>>>>>>>  32
GuideMaker
2021-02-04 17:00:55,794: INFO     Temp directory is: /scratch/local/63826309/guidemaker_xe4fi9zp
2021-02-04 17:00:55,794: INFO     Writing fasta file from genbank file(s)
2021-02-04 17:00:55,794: INFO     check if ../all_test_data/Burkholderia_thailandensis_E264_ATCC_700388_133.gbk is gzipped
2021-02-04 17:00:56,532: INFO     Identifying PAM sites in the genome
2021-02-04 17:01:01,543: INFO     Checking guides for restriction enzymes
2021-02-04 17:01:01,574: INFO     Number of guides removed after checking for restriction enzymes: 0
2021-02-04 17:01:01,574: INFO     Identifing guides that are unique near the PAM site
2021-02-04 17:01:01,750: INFO     Number of guides removed after checking for unique PAM: 29346
2021-02-04 17:01:01,751: INFO     Indexing all potential guide sites: 116535. This is the longest step.
2021-02-04 17:01:02,298: INFO     M                   = 16
2021-02-04 17:01:02,298: INFO     indexThreadQty      = 32
2021-02-04 17:01:02,298: INFO     efConstruction      = 10
2021-02-04 17:01:02,298: INFO     maxM			          = 16
2021-02-04 17:01:02,298: INFO     maxM0			          = 32
2021-02-04 17:01:02,298: INFO     mult                = 0.360674
2021-02-04 17:01:02,298: INFO     skip_optimized_index= 0
2021-02-04 17:01:02,298: INFO     delaunay_type       = 2
2021-02-04 17:01:02,299: INFO     Set HNSW query-time parameters:
2021-02-04 17:01:02,299: INFO     ef(Search)         =20
2021-02-04 17:01:02,299: INFO     algoType           =2

0%   10   20   30   40   50   60   70   80   90   100%
|----|----|----|----|----|----|----|----|----|----|
***************************************************

0%   10   20   30   40   50   60   70   80   90   100%
|----|----|----|----|----|----|----|----|----|----|
*******************************************************
2021-02-04 17:01:02,780: INFO     No appropriate custom distance function for Hamming (bit-storage) space
2021-02-04 17:01:02,780: INFO     searchMethod			  = 0
2021-02-04 17:01:02,788: INFO     Identifying guides that have a hamming distance <= 3 to all other potential guides
2021-02-04 17:01:02,911: INFO     Set HNSW query-time parameters:
2021-02-04 17:01:02,912: INFO     ef(Search)         =9
2021-02-04 17:01:02,912: INFO     algoType           =2
2021-02-04 17:01:07,548: INFO     Formatting data for BedTools
2021-02-04 17:01:07,702: INFO     Create GuideMaker Annotation object
2021-02-04 17:01:07,702: INFO     Identify genomic features
2021-02-04 17:01:07,703: INFO     check if ../all_test_data/Burkholderia_thailandensis_E264_ATCC_700388_133.gbk is gzipped
2021-02-04 17:01:08,644: INFO     Total number of CDS/locus in the input genome: 5633
2021-02-04 17:01:08,645: INFO     Find genomic features closest the guides
2021-02-04 17:01:09,892: INFO     Select guides that start between +500 and -500 of a feature start
2021-02-04 17:01:10,036: INFO     Select description columns
2021-02-04 17:01:10,087: INFO     Format the output
2021-02-04 17:01:10,689: INFO     Number of Guides within a gene coordinates i.e. zero Feature distance: 33964
2021-02-04 17:01:11,254: INFO     creating random control guides
2021-02-04 17:01:11,360: INFO     Number of random control searched: 100
2021-02-04 17:01:11,360: INFO     Percentage of GC content in the input genome: 67.63
2021-02-04 17:01:11,360: INFO     Total length of the genome: 6.4 MB
2021-02-04 17:01:11,360: INFO     created 10 control guides with a minimum distance of 7 and a median distance of 7
2021-02-04 17:01:11,363: INFO     guidemaker completed, results are at TEST
2021-02-04 17:01:11,363: INFO     PAM sequence: NGRRT
2021-02-04 17:01:11,363: INFO     PAM orientation: 3prime
2021-02-04 17:01:11,364: INFO     Genome strand(s) searched: both
2021-02-04 17:01:11,364: INFO     Total PAM sites considered: 116535
2021-02-04 17:01:11,364: INFO     Guide RNA candidates found: 61917
	Command being timed: "guidemaker -i ../all_test_data/Burkholderia_thailandensis_E264_ATCC_700388_133.gbk --pamseq NGRRT --outdir TEST --pam_orientation 3prime --guidelength 20 --strand both --lcp 11 --dist 3 --before 500 --into 500 --knum 10 --controls 10 --log GM_63826309_5.log --threads 32"
	User time (seconds): 31.33
	System time (seconds): 4.55
	Percent of CPU this job got: 213%
	Elapsed (wall clock) time (h:mm:ss or m:ss): 0:16.82
	Average shared text size (kbytes): 0
	Average unshared data size (kbytes): 0
	Average stack size (kbytes): 0
	Average total size (kbytes): 0
	Maximum resident set size (kbytes): 519440
	Average resident set size (kbytes): 0
	Major (requiring I/O) page faults: 0
	Minor (reclaiming a frame) page faults: 489680
	Voluntary context switches: 173194
	Involuntary context switches: 320
	Swaps: 0
	File system inputs: 0
	File system outputs: 125456
	Socket messages sent: 0
	Socket messages received: 0
	Signals delivered: 0
	Page size (bytes): 4096
	Exit status: 0
