Thu Feb  4 18:15:28 EST 2021
c24b-s37.ufhpc
/blue/garrett/rp3448/analysis/guidemaker/AVXGuidemaker
My SLURM_ARRAY_TASK_ID:  6
My TMPDIR IS:  /scratch/local/63828751
Input Genome:>>>>>>>>>>>>>>>>>>>>>>>>>>>>>>>>>>>>>>>>>>>  Aspergillus_fumigatus.gbk
Input PAM:>>>>>>>>>>>>>>>>>>>>>>>>>>>>>>>>>>>>>>>>>>>  NNAGAAW
Threads used:>>>>>>>>>>>>>>>>>>>>>>>>>>>>>>>>>>>>>>>>>>>  1
GuideMaker
2021-02-04 18:15:32,367: INFO     Temp directory is: /scratch/local/63828751/guidemaker_bpyjw7yo
2021-02-04 18:15:32,368: INFO     Writing fasta file from genbank file(s)
2021-02-04 18:15:32,368: INFO     check if ../all_test_data/Aspergillus_fumigatus.gbk is gzipped
2021-02-04 18:15:35,408: INFO     Identifying PAM sites in the genome
2021-02-04 18:15:49,598: INFO     Checking guides for restriction enzymes
2021-02-04 18:15:49,640: INFO     Number of guides removed after checking for restriction enzymes: 0
2021-02-04 18:15:49,640: INFO     Identifing guides that are unique near the PAM site
2021-02-04 18:15:49,872: INFO     Number of guides removed after checking for unique PAM: 16937
2021-02-04 18:15:49,872: INFO     Indexing all potential guide sites: 160756. This is the longest step.
2021-02-04 18:15:50,621: INFO     M                   = 16
2021-02-04 18:15:50,621: INFO     indexThreadQty      = 1
2021-02-04 18:15:50,621: INFO     efConstruction      = 10
2021-02-04 18:15:50,621: INFO     maxM			          = 16
2021-02-04 18:15:50,621: INFO     maxM0			          = 32
2021-02-04 18:15:50,621: INFO     mult                = 0.360674
2021-02-04 18:15:50,621: INFO     skip_optimized_index= 0
2021-02-04 18:15:50,621: INFO     delaunay_type       = 2
2021-02-04 18:15:50,621: INFO     Set HNSW query-time parameters:
2021-02-04 18:15:50,621: INFO     ef(Search)         =20
2021-02-04 18:15:50,621: INFO     algoType           =2

0%   10   20   30   40   50   60   70   80   90   100%
|----|----|----|----|----|----|----|----|----|----|
***************************************************

0%   10   20   30   40   50   60   70   80   90   100%
|----|----|----|----|----|----|----|----|----|----|
***************************************************
*2021-02-04 18:15:59,366: INFO     No appropriate custom distance function for Hamming (bit-storage) space
2021-02-04 18:15:59,367: INFO     searchMethod			  = 0
2021-02-04 18:15:59,380: INFO     Identifying guides that have a hamming distance <= 3 to all other potential guides
2021-02-04 18:15:59,570: INFO     Set HNSW query-time parameters:
2021-02-04 18:15:59,570: INFO     ef(Search)         =9
2021-02-04 18:15:59,570: INFO     algoType           =2
2021-02-04 18:16:09,389: INFO     Formatting data for BedTools
2021-02-04 18:16:09,643: INFO     Create GuideMaker Annotation object
2021-02-04 18:16:09,644: INFO     Identify genomic features
2021-02-04 18:16:09,644: INFO     check if ../all_test_data/Aspergillus_fumigatus.gbk is gzipped
2021-02-04 18:16:13,393: INFO     Total number of CDS/locus in the input genome: 9630
2021-02-04 18:16:13,393: INFO     Find genomic features closest the guides
2021-02-04 18:16:15,387: INFO     Select guides that start between +500 and -500 of a feature start
2021-02-04 18:16:15,551: INFO     Select description columns
2021-02-04 18:16:15,650: INFO     Format the output
2021-02-04 18:16:16,168: INFO     Number of Guides within a gene coordinates i.e. zero Feature distance: 20836
2021-02-04 18:16:16,736: INFO     creating random control guides
2021-02-04 18:16:17,089: INFO     Number of random control searched: 100
2021-02-04 18:16:17,089: INFO     Percentage of GC content in the input genome: 48.82
2021-02-04 18:16:17,090: INFO     Total length of the genome: 28.0 MB
2021-02-04 18:16:17,090: INFO     created 10 control guides with a minimum distance of 7 and a median distance of 8
2021-02-04 18:16:17,092: INFO     guidemaker completed, results are at TEST
2021-02-04 18:16:17,092: INFO     PAM sequence: NNAGAAW
2021-02-04 18:16:17,092: INFO     PAM orientation: 3prime
2021-02-04 18:16:17,092: INFO     Genome strand(s) searched: both
2021-02-04 18:16:17,092: INFO     Total PAM sites considered: 160756
2021-02-04 18:16:17,092: INFO     Guide RNA candidates found: 49328
	Command being timed: "guidemaker -i ../all_test_data/Aspergillus_fumigatus.gbk --pamseq NNAGAAW --outdir TEST --pam_orientation 3prime --guidelength 20 --strand both --lcp 11 --dist 3 --before 500 --into 500 --knum 10 --controls 10 --log GM_63828751_6.log --threads 1"
	User time (seconds): 45.80
	System time (seconds): 2.54
	Percent of CPU this job got: 104%
	Elapsed (wall clock) time (h:mm:ss or m:ss): 0:46.07
	Average shared text size (kbytes): 0
	Average unshared data size (kbytes): 0
	Average stack size (kbytes): 0
	Average total size (kbytes): 0
	Maximum resident set size (kbytes): 662488
	Average resident set size (kbytes): 0
	Major (requiring I/O) page faults: 0
	Minor (reclaiming a frame) page faults: 708975
	Voluntary context switches: 2312
	Involuntary context switches: 1120303
	Swaps: 0
	File system inputs: 88
	File system outputs: 202888
	Socket messages sent: 0
	Socket messages received: 0
	Signals delivered: 0
	Page size (bytes): 4096
	Exit status: 0
My SLURM_ARRAY_TASK_ID:  6
My TMPDIR IS:  /scratch/local/63828751
Input Genome:>>>>>>>>>>>>>>>>>>>>>>>>>>>>>>>>>>>>>>>>>>>  Aspergillus_fumigatus.gbk
Input PAM:>>>>>>>>>>>>>>>>>>>>>>>>>>>>>>>>>>>>>>>>>>>  NNAGAAW
Threads used:>>>>>>>>>>>>>>>>>>>>>>>>>>>>>>>>>>>>>>>>>>>  2
GuideMaker
2021-02-04 18:16:18,706: INFO     Temp directory is: /scratch/local/63828751/guidemaker_d121mfu4
2021-02-04 18:16:18,706: INFO     Writing fasta file from genbank file(s)
2021-02-04 18:16:18,707: INFO     check if ../all_test_data/Aspergillus_fumigatus.gbk is gzipped
2021-02-04 18:16:21,776: INFO     Identifying PAM sites in the genome
2021-02-04 18:16:35,922: INFO     Checking guides for restriction enzymes
2021-02-04 18:16:35,963: INFO     Number of guides removed after checking for restriction enzymes: 0
2021-02-04 18:16:35,963: INFO     Identifing guides that are unique near the PAM site
2021-02-04 18:16:36,201: INFO     Number of guides removed after checking for unique PAM: 16937
2021-02-04 18:16:36,201: INFO     Indexing all potential guide sites: 160756. This is the longest step.
2021-02-04 18:16:36,950: INFO     M                   = 16
2021-02-04 18:16:36,950: INFO     indexThreadQty      = 2
2021-02-04 18:16:36,950: INFO     efConstruction      = 10
2021-02-04 18:16:36,951: INFO     maxM			          = 16
2021-02-04 18:16:36,951: INFO     maxM0			          = 32
2021-02-04 18:16:36,951: INFO     mult                = 0.360674
2021-02-04 18:16:36,951: INFO     skip_optimized_index= 0
2021-02-04 18:16:36,951: INFO     delaunay_type       = 2
2021-02-04 18:16:36,951: INFO     Set HNSW query-time parameters:
2021-02-04 18:16:36,951: INFO     ef(Search)         =20
2021-02-04 18:16:36,951: INFO     algoType           =2

0%   10   20   30   40   50   60   70   80   90   100%
|----|----|----|----|----|----|----|----|----|----|
***************************************************

0%   10   20   30   40   50   60   70   80   90   100%
|----|----|----|----|----|----|----|----|----|----|
***************************************************


2021-02-04 18:16:42,512: INFO     No appropriate custom distance function for Hamming (bit-storage) space
2021-02-04 18:16:42,512: INFO     searchMethod			  = 0
2021-02-04 18:16:42,526: INFO     Identifying guides that have a hamming distance <= 3 to all other potential guides
2021-02-04 18:16:42,722: INFO     Set HNSW query-time parameters:
2021-02-04 18:16:42,722: INFO     ef(Search)         =9
2021-02-04 18:16:42,722: INFO     algoType           =2
2021-02-04 18:16:51,151: INFO     Formatting data for BedTools
2021-02-04 18:16:51,403: INFO     Create GuideMaker Annotation object
2021-02-04 18:16:51,403: INFO     Identify genomic features
2021-02-04 18:16:51,404: INFO     check if ../all_test_data/Aspergillus_fumigatus.gbk is gzipped
2021-02-04 18:16:55,201: INFO     Total number of CDS/locus in the input genome: 9630
2021-02-04 18:16:55,201: INFO     Find genomic features closest the guides
2021-02-04 18:16:57,243: INFO     Select guides that start between +500 and -500 of a feature start
2021-02-04 18:16:57,412: INFO     Select description columns
2021-02-04 18:16:57,521: INFO     Format the output
2021-02-04 18:16:58,138: INFO     Number of Guides within a gene coordinates i.e. zero Feature distance: 20839
2021-02-04 18:16:58,756: INFO     creating random control guides
2021-02-04 18:16:59,204: INFO     Number of random control searched: 100
2021-02-04 18:16:59,204: INFO     Percentage of GC content in the input genome: 48.82
2021-02-04 18:16:59,204: INFO     Total length of the genome: 28.0 MB
2021-02-04 18:16:59,204: INFO     created 10 control guides with a minimum distance of 8 and a median distance of 8
2021-02-04 18:16:59,207: INFO     guidemaker completed, results are at TEST
2021-02-04 18:16:59,208: INFO     PAM sequence: NNAGAAW
2021-02-04 18:16:59,208: INFO     PAM orientation: 3prime
2021-02-04 18:16:59,208: INFO     Genome strand(s) searched: both
2021-02-04 18:16:59,208: INFO     Total PAM sites considered: 160756
2021-02-04 18:16:59,208: INFO     Guide RNA candidates found: 49322
	Command being timed: "guidemaker -i ../all_test_data/Aspergillus_fumigatus.gbk --pamseq NNAGAAW --outdir TEST --pam_orientation 3prime --guidelength 20 --strand both --lcp 11 --dist 3 --before 500 --into 500 --knum 10 --controls 10 --log GM_63828751_6.log --threads 2"
	User time (seconds): 49.60
	System time (seconds): 3.10
	Percent of CPU this job got: 124%
	Elapsed (wall clock) time (h:mm:ss or m:ss): 0:42.28
	Average shared text size (kbytes): 0
	Average unshared data size (kbytes): 0
	Average stack size (kbytes): 0
	Average total size (kbytes): 0
	Maximum resident set size (kbytes): 719344
	Average resident set size (kbytes): 0
	Major (requiring I/O) page faults: 0
	Minor (reclaiming a frame) page faults: 832560
	Voluntary context switches: 15073
	Involuntary context switches: 476
	Swaps: 0
	File system inputs: 40
	File system outputs: 202776
	Socket messages sent: 0
	Socket messages received: 0
	Signals delivered: 0
	Page size (bytes): 4096
	Exit status: 0
My SLURM_ARRAY_TASK_ID:  6
My TMPDIR IS:  /scratch/local/63828751
Input Genome:>>>>>>>>>>>>>>>>>>>>>>>>>>>>>>>>>>>>>>>>>>>  Aspergillus_fumigatus.gbk
Input PAM:>>>>>>>>>>>>>>>>>>>>>>>>>>>>>>>>>>>>>>>>>>>  NNAGAAW
Threads used:>>>>>>>>>>>>>>>>>>>>>>>>>>>>>>>>>>>>>>>>>>>  4
GuideMaker
2021-02-04 18:17:00,691: INFO     Temp directory is: /scratch/local/63828751/guidemaker_6f1gtywb
2021-02-04 18:17:00,691: INFO     Writing fasta file from genbank file(s)
2021-02-04 18:17:00,691: INFO     check if ../all_test_data/Aspergillus_fumigatus.gbk is gzipped
2021-02-04 18:17:03,783: INFO     Identifying PAM sites in the genome
2021-02-04 18:17:18,167: INFO     Checking guides for restriction enzymes
2021-02-04 18:17:18,210: INFO     Number of guides removed after checking for restriction enzymes: 0
2021-02-04 18:17:18,210: INFO     Identifing guides that are unique near the PAM site
2021-02-04 18:17:18,445: INFO     Number of guides removed after checking for unique PAM: 16937
2021-02-04 18:17:18,445: INFO     Indexing all potential guide sites: 160756. This is the longest step.
2021-02-04 18:17:19,193: INFO     M                   = 16
2021-02-04 18:17:19,194: INFO     indexThreadQty      = 4
2021-02-04 18:17:19,194: INFO     efConstruction      = 10
2021-02-04 18:17:19,194: INFO     maxM			          = 16
2021-02-04 18:17:19,194: INFO     maxM0			          = 32
2021-02-04 18:17:19,194: INFO     mult                = 0.360674
2021-02-04 18:17:19,194: INFO     skip_optimized_index= 0
2021-02-04 18:17:19,194: INFO     delaunay_type       = 2
2021-02-04 18:17:19,194: INFO     Set HNSW query-time parameters:
2021-02-04 18:17:19,194: INFO     ef(Search)         =20
2021-02-04 18:17:19,194: INFO     algoType           =2

0%   10   20   30   40   50   60   70   80   90   100%
|----|----|----|----|----|----|----|----|----|----|
***************************************************

0%   10   20   30   40   50   60   70   80   90   100%
|----|----|----|----|----|----|----|----|----|----|
******************************************************




2021-02-04 18:17:22,357: INFO     No appropriate custom distance function for Hamming (bit-storage) space
2021-02-04 18:17:22,357: INFO     searchMethod			  = 0
2021-02-04 18:17:22,371: INFO     Identifying guides that have a hamming distance <= 3 to all other potential guides
2021-02-04 18:17:22,565: INFO     Set HNSW query-time parameters:
2021-02-04 18:17:22,565: INFO     ef(Search)         =9
2021-02-04 18:17:22,565: INFO     algoType           =2
2021-02-04 18:17:30,032: INFO     Formatting data for BedTools
2021-02-04 18:17:30,285: INFO     Create GuideMaker Annotation object
2021-02-04 18:17:30,285: INFO     Identify genomic features
2021-02-04 18:17:30,285: INFO     check if ../all_test_data/Aspergillus_fumigatus.gbk is gzipped
2021-02-04 18:17:34,041: INFO     Total number of CDS/locus in the input genome: 9630
2021-02-04 18:17:34,041: INFO     Find genomic features closest the guides
2021-02-04 18:17:36,060: INFO     Select guides that start between +500 and -500 of a feature start
2021-02-04 18:17:36,245: INFO     Select description columns
2021-02-04 18:17:36,345: INFO     Format the output
2021-02-04 18:17:36,873: INFO     Number of Guides within a gene coordinates i.e. zero Feature distance: 20834
2021-02-04 18:17:37,442: INFO     creating random control guides
2021-02-04 18:17:37,795: INFO     Number of random control searched: 100
2021-02-04 18:17:37,795: INFO     Percentage of GC content in the input genome: 48.82
2021-02-04 18:17:37,795: INFO     Total length of the genome: 28.0 MB
2021-02-04 18:17:37,795: INFO     created 10 control guides with a minimum distance of 8 and a median distance of 8
2021-02-04 18:17:37,799: INFO     guidemaker completed, results are at TEST
2021-02-04 18:17:37,799: INFO     PAM sequence: NNAGAAW
2021-02-04 18:17:37,799: INFO     PAM orientation: 3prime
2021-02-04 18:17:37,799: INFO     Genome strand(s) searched: both
2021-02-04 18:17:37,799: INFO     Total PAM sites considered: 160756
2021-02-04 18:17:37,799: INFO     Guide RNA candidates found: 49325
	Command being timed: "guidemaker -i ../all_test_data/Aspergillus_fumigatus.gbk --pamseq NNAGAAW --outdir TEST --pam_orientation 3prime --guidelength 20 --strand both --lcp 11 --dist 3 --before 500 --into 500 --knum 10 --controls 10 --log GM_63828751_6.log --threads 4"
	User time (seconds): 50.29
	System time (seconds): 3.07
	Percent of CPU this job got: 138%
	Elapsed (wall clock) time (h:mm:ss or m:ss): 0:38.44
	Average shared text size (kbytes): 0
	Average unshared data size (kbytes): 0
	Average stack size (kbytes): 0
	Average total size (kbytes): 0
	Maximum resident set size (kbytes): 722868
	Average resident set size (kbytes): 0
	Major (requiring I/O) page faults: 0
	Minor (reclaiming a frame) page faults: 781191
	Voluntary context switches: 30453
	Involuntary context switches: 713940
	Swaps: 0
	File system inputs: 0
	File system outputs: 202776
	Socket messages sent: 0
	Socket messages received: 0
	Signals delivered: 0
	Page size (bytes): 4096
	Exit status: 0
My SLURM_ARRAY_TASK_ID:  6
My TMPDIR IS:  /scratch/local/63828751
Input Genome:>>>>>>>>>>>>>>>>>>>>>>>>>>>>>>>>>>>>>>>>>>>  Aspergillus_fumigatus.gbk
Input PAM:>>>>>>>>>>>>>>>>>>>>>>>>>>>>>>>>>>>>>>>>>>>  NNAGAAW
Threads used:>>>>>>>>>>>>>>>>>>>>>>>>>>>>>>>>>>>>>>>>>>>  8
GuideMaker
2021-02-04 18:17:39,450: INFO     Temp directory is: /scratch/local/63828751/guidemaker_6lnilwm5
2021-02-04 18:17:39,450: INFO     Writing fasta file from genbank file(s)
2021-02-04 18:17:39,450: INFO     check if ../all_test_data/Aspergillus_fumigatus.gbk is gzipped
2021-02-04 18:17:42,474: INFO     Identifying PAM sites in the genome
2021-02-04 18:17:57,187: INFO     Checking guides for restriction enzymes
2021-02-04 18:17:57,229: INFO     Number of guides removed after checking for restriction enzymes: 0
2021-02-04 18:17:57,229: INFO     Identifing guides that are unique near the PAM site
2021-02-04 18:17:57,458: INFO     Number of guides removed after checking for unique PAM: 16937
2021-02-04 18:17:57,458: INFO     Indexing all potential guide sites: 160756. This is the longest step.
2021-02-04 18:17:58,204: INFO     M                   = 16
2021-02-04 18:17:58,204: INFO     indexThreadQty      = 8
2021-02-04 18:17:58,204: INFO     efConstruction      = 10
2021-02-04 18:17:58,204: INFO     maxM			          = 16
2021-02-04 18:17:58,204: INFO     maxM0			          = 32
2021-02-04 18:17:58,204: INFO     mult                = 0.360674
2021-02-04 18:17:58,204: INFO     skip_optimized_index= 0
2021-02-04 18:17:58,204: INFO     delaunay_type       = 2
2021-02-04 18:17:58,204: INFO     Set HNSW query-time parameters:
2021-02-04 18:17:58,204: INFO     ef(Search)         =20
2021-02-04 18:17:58,204: INFO     algoType           =2

0%   10   20   30   40   50   60   70   80   90   100%
|----|----|----|----|----|----|----|----|----|----|
***************************************************

0%   10   20   30   40   50   60   70   80   90   100%
|----|----|----|----|----|----|----|----|----|----|
*******************************************************2021-02-04 18:17:59,928: INFO     No appropriate custom distance function for Hamming (bit-storage) space
2021-02-04 18:17:59,928: INFO     searchMethod			  = 0
2021-02-04 18:17:59,935: INFO     Identifying guides that have a hamming distance <= 3 to all other potential guides
2021-02-04 18:18:00,130: INFO     Set HNSW query-time parameters:
2021-02-04 18:18:00,130: INFO     ef(Search)         =9
2021-02-04 18:18:00,130: INFO     algoType           =2
2021-02-04 18:18:07,075: INFO     Formatting data for BedTools
2021-02-04 18:18:07,323: INFO     Create GuideMaker Annotation object
2021-02-04 18:18:07,323: INFO     Identify genomic features
2021-02-04 18:18:07,323: INFO     check if ../all_test_data/Aspergillus_fumigatus.gbk is gzipped
2021-02-04 18:18:11,104: INFO     Total number of CDS/locus in the input genome: 9630
2021-02-04 18:18:11,104: INFO     Find genomic features closest the guides
2021-02-04 18:18:13,123: INFO     Select guides that start between +500 and -500 of a feature start
2021-02-04 18:18:13,287: INFO     Select description columns
2021-02-04 18:18:13,387: INFO     Format the output
2021-02-04 18:18:13,910: INFO     Number of Guides within a gene coordinates i.e. zero Feature distance: 20838
2021-02-04 18:18:14,397: INFO     creating random control guides
2021-02-04 18:18:14,747: INFO     Number of random control searched: 100
2021-02-04 18:18:14,747: INFO     Percentage of GC content in the input genome: 48.82
2021-02-04 18:18:14,747: INFO     Total length of the genome: 28.0 MB
2021-02-04 18:18:14,747: INFO     created 10 control guides with a minimum distance of 8 and a median distance of 8
2021-02-04 18:18:14,749: INFO     guidemaker completed, results are at TEST
2021-02-04 18:18:14,749: INFO     PAM sequence: NNAGAAW
2021-02-04 18:18:14,750: INFO     PAM orientation: 3prime
2021-02-04 18:18:14,750: INFO     Genome strand(s) searched: both
2021-02-04 18:18:14,750: INFO     Total PAM sites considered: 160756
2021-02-04 18:18:14,750: INFO     Guide RNA candidates found: 49329
	Command being timed: "guidemaker -i ../all_test_data/Aspergillus_fumigatus.gbk --pamseq NNAGAAW --outdir TEST --pam_orientation 3prime --guidelength 20 --strand both --lcp 11 --dist 3 --before 500 --into 500 --knum 10 --controls 10 --log GM_63828751_6.log --threads 8"
	User time (seconds): 52.34
	System time (seconds): 3.10
	Percent of CPU this job got: 150%
	Elapsed (wall clock) time (h:mm:ss or m:ss): 0:36.93
	Average shared text size (kbytes): 0
	Average unshared data size (kbytes): 0
	Average stack size (kbytes): 0
	Average total size (kbytes): 0
	Maximum resident set size (kbytes): 724332
	Average resident set size (kbytes): 0
	Major (requiring I/O) page faults: 0
	Minor (reclaiming a frame) page faults: 678869
	Voluntary context switches: 48337
	Involuntary context switches: 204161
	Swaps: 0
	File system inputs: 0
	File system outputs: 202744
	Socket messages sent: 0
	Socket messages received: 0
	Signals delivered: 0
	Page size (bytes): 4096
	Exit status: 0
My SLURM_ARRAY_TASK_ID:  6
My TMPDIR IS:  /scratch/local/63828751
Input Genome:>>>>>>>>>>>>>>>>>>>>>>>>>>>>>>>>>>>>>>>>>>>  Aspergillus_fumigatus.gbk
Input PAM:>>>>>>>>>>>>>>>>>>>>>>>>>>>>>>>>>>>>>>>>>>>  NNAGAAW
Threads used:>>>>>>>>>>>>>>>>>>>>>>>>>>>>>>>>>>>>>>>>>>>  16
GuideMaker
2021-02-04 18:18:16,072: INFO     Temp directory is: /scratch/local/63828751/guidemaker_c8ax4bgn
2021-02-04 18:18:16,073: INFO     Writing fasta file from genbank file(s)
2021-02-04 18:18:16,073: INFO     check if ../all_test_data/Aspergillus_fumigatus.gbk is gzipped
2021-02-04 18:18:19,133: INFO     Identifying PAM sites in the genome
2021-02-04 18:18:33,849: INFO     Checking guides for restriction enzymes
2021-02-04 18:18:33,891: INFO     Number of guides removed after checking for restriction enzymes: 0
2021-02-04 18:18:33,891: INFO     Identifing guides that are unique near the PAM site
2021-02-04 18:18:34,125: INFO     Number of guides removed after checking for unique PAM: 16937
2021-02-04 18:18:34,125: INFO     Indexing all potential guide sites: 160756. This is the longest step.
2021-02-04 18:18:34,874: INFO     M                   = 16
2021-02-04 18:18:34,874: INFO     indexThreadQty      = 16
2021-02-04 18:18:34,874: INFO     efConstruction      = 10
2021-02-04 18:18:34,874: INFO     maxM			          = 16
2021-02-04 18:18:34,874: INFO     maxM0			          = 32
2021-02-04 18:18:34,874: INFO     mult                = 0.360674
2021-02-04 18:18:34,874: INFO     skip_optimized_index= 0
2021-02-04 18:18:34,874: INFO     delaunay_type       = 2
2021-02-04 18:18:34,874: INFO     Set HNSW query-time parameters:
2021-02-04 18:18:34,874: INFO     ef(Search)         =20
2021-02-04 18:18:34,874: INFO     algoType           =2

0%   10   20   30   40   50   60   70   80   90   100%
|----|----|----|----|----|----|----|----|----|----|
***************************************************

0%   10   20   30   40   50   60   70   80   90   100%
|----|----|----|----|----|----|----|----|----|----|
*******************************************************2021-02-04 18:18:35,851: INFO     No appropriate custom distance function for Hamming (bit-storage) space
2021-02-04 18:18:35,852: INFO     searchMethod			  = 0
2021-02-04 18:18:35,859: INFO     Identifying guides that have a hamming distance <= 3 to all other potential guides
2021-02-04 18:18:36,080: INFO     Set HNSW query-time parameters:
2021-02-04 18:18:36,080: INFO     ef(Search)         =9
2021-02-04 18:18:36,080: INFO     algoType           =2
2021-02-04 18:18:43,058: INFO     Formatting data for BedTools
2021-02-04 18:18:43,334: INFO     Create GuideMaker Annotation object
2021-02-04 18:18:43,334: INFO     Identify genomic features
2021-02-04 18:18:43,335: INFO     check if ../all_test_data/Aspergillus_fumigatus.gbk is gzipped
2021-02-04 18:18:47,138: INFO     Total number of CDS/locus in the input genome: 9630
2021-02-04 18:18:47,138: INFO     Find genomic features closest the guides
2021-02-04 18:18:49,157: INFO     Select guides that start between +500 and -500 of a feature start
2021-02-04 18:18:49,341: INFO     Select description columns
2021-02-04 18:18:49,440: INFO     Format the output
2021-02-04 18:18:49,966: INFO     Number of Guides within a gene coordinates i.e. zero Feature distance: 20836
2021-02-04 18:18:50,464: INFO     creating random control guides
2021-02-04 18:18:50,812: INFO     Number of random control searched: 100
2021-02-04 18:18:50,812: INFO     Percentage of GC content in the input genome: 48.82
2021-02-04 18:18:50,812: INFO     Total length of the genome: 28.0 MB
2021-02-04 18:18:50,812: INFO     created 10 control guides with a minimum distance of 8 and a median distance of 8
2021-02-04 18:18:50,814: INFO     guidemaker completed, results are at TEST
2021-02-04 18:18:50,814: INFO     PAM sequence: NNAGAAW
2021-02-04 18:18:50,814: INFO     PAM orientation: 3prime
2021-02-04 18:18:50,814: INFO     Genome strand(s) searched: both
2021-02-04 18:18:50,815: INFO     Total PAM sites considered: 160756
2021-02-04 18:18:50,815: INFO     Guide RNA candidates found: 49328
	Command being timed: "guidemaker -i ../all_test_data/Aspergillus_fumigatus.gbk --pamseq NNAGAAW --outdir TEST --pam_orientation 3prime --guidelength 20 --strand both --lcp 11 --dist 3 --before 500 --into 500 --knum 10 --controls 10 --log GM_63828751_6.log --threads 16"
	User time (seconds): 54.06
	System time (seconds): 3.42
	Percent of CPU this job got: 159%
	Elapsed (wall clock) time (h:mm:ss or m:ss): 0:36.05
	Average shared text size (kbytes): 0
	Average unshared data size (kbytes): 0
	Average stack size (kbytes): 0
	Average total size (kbytes): 0
	Maximum resident set size (kbytes): 723236
	Average resident set size (kbytes): 0
	Major (requiring I/O) page faults: 0
	Minor (reclaiming a frame) page faults: 652577
	Voluntary context switches: 106501
	Involuntary context switches: 87979
	Swaps: 0
	File system inputs: 0
	File system outputs: 202744
	Socket messages sent: 0
	Socket messages received: 0
	Signals delivered: 0
	Page size (bytes): 4096
	Exit status: 0
My SLURM_ARRAY_TASK_ID:  6
My TMPDIR IS:  /scratch/local/63828751
Input Genome:>>>>>>>>>>>>>>>>>>>>>>>>>>>>>>>>>>>>>>>>>>>  Aspergillus_fumigatus.gbk
Input PAM:>>>>>>>>>>>>>>>>>>>>>>>>>>>>>>>>>>>>>>>>>>>  NNAGAAW
Threads used:>>>>>>>>>>>>>>>>>>>>>>>>>>>>>>>>>>>>>>>>>>>  32
GuideMaker
2021-02-04 18:18:52,455: INFO     Temp directory is: /scratch/local/63828751/guidemaker_cec2p1xh
2021-02-04 18:18:52,455: INFO     Writing fasta file from genbank file(s)
2021-02-04 18:18:52,455: INFO     check if ../all_test_data/Aspergillus_fumigatus.gbk is gzipped
2021-02-04 18:18:55,589: INFO     Identifying PAM sites in the genome
2021-02-04 18:19:10,148: INFO     Checking guides for restriction enzymes
2021-02-04 18:19:10,189: INFO     Number of guides removed after checking for restriction enzymes: 0
2021-02-04 18:19:10,190: INFO     Identifing guides that are unique near the PAM site
2021-02-04 18:19:10,422: INFO     Number of guides removed after checking for unique PAM: 16937
2021-02-04 18:19:10,422: INFO     Indexing all potential guide sites: 160756. This is the longest step.
2021-02-04 18:19:11,187: INFO     M                   = 16
2021-02-04 18:19:11,187: INFO     indexThreadQty      = 32
2021-02-04 18:19:11,187: INFO     efConstruction      = 10
2021-02-04 18:19:11,187: INFO     maxM			          = 16
2021-02-04 18:19:11,187: INFO     maxM0			          = 32
2021-02-04 18:19:11,187: INFO     mult                = 0.360674
2021-02-04 18:19:11,187: INFO     skip_optimized_index= 0
2021-02-04 18:19:11,187: INFO     delaunay_type       = 2
2021-02-04 18:19:11,187: INFO     Set HNSW query-time parameters:
2021-02-04 18:19:11,187: INFO     ef(Search)         =20
2021-02-04 18:19:11,187: INFO     algoType           =2

0%   10   20   30   40   50   60   70   80   90   100%
|----|----|----|----|----|----|----|----|----|----|
***************************************************

0%   10   20   30   40   50   60   70   80   90   100%
|----|----|----|----|----|----|----|----|----|----|
*******************************************************2021-02-04 18:19:11,861: INFO     No appropriate custom distance function for Hamming (bit-storage) space
2021-02-04 18:19:11,862: INFO     searchMethod			  = 0
2021-02-04 18:19:11,869: INFO     Identifying guides that have a hamming distance <= 3 to all other potential guides
2021-02-04 18:19:12,083: INFO     Set HNSW query-time parameters:
2021-02-04 18:19:12,083: INFO     ef(Search)         =9
2021-02-04 18:19:12,083: INFO     algoType           =2
2021-02-04 18:19:19,052: INFO     Formatting data for BedTools
2021-02-04 18:19:19,308: INFO     Create GuideMaker Annotation object
2021-02-04 18:19:19,308: INFO     Identify genomic features
2021-02-04 18:19:19,309: INFO     check if ../all_test_data/Aspergillus_fumigatus.gbk is gzipped
2021-02-04 18:19:23,154: INFO     Total number of CDS/locus in the input genome: 9630
2021-02-04 18:19:23,154: INFO     Find genomic features closest the guides
2021-02-04 18:19:25,219: INFO     Select guides that start between +500 and -500 of a feature start
2021-02-04 18:19:25,420: INFO     Select description columns
2021-02-04 18:19:25,539: INFO     Format the output
2021-02-04 18:19:26,130: INFO     Number of Guides within a gene coordinates i.e. zero Feature distance: 20837
2021-02-04 18:19:26,638: INFO     creating random control guides
2021-02-04 18:19:26,997: INFO     Number of random control searched: 100
2021-02-04 18:19:26,997: INFO     Percentage of GC content in the input genome: 48.82
2021-02-04 18:19:26,998: INFO     Total length of the genome: 28.0 MB
2021-02-04 18:19:26,998: INFO     created 10 control guides with a minimum distance of 8 and a median distance of 8
2021-02-04 18:19:27,000: INFO     guidemaker completed, results are at TEST
2021-02-04 18:19:27,000: INFO     PAM sequence: NNAGAAW
2021-02-04 18:19:27,000: INFO     PAM orientation: 3prime
2021-02-04 18:19:27,000: INFO     Genome strand(s) searched: both
2021-02-04 18:19:27,000: INFO     Total PAM sites considered: 160756
2021-02-04 18:19:27,000: INFO     Guide RNA candidates found: 49326
	Command being timed: "guidemaker -i ../all_test_data/Aspergillus_fumigatus.gbk --pamseq NNAGAAW --outdir TEST --pam_orientation 3prime --guidelength 20 --strand both --lcp 11 --dist 3 --before 500 --into 500 --knum 10 --controls 10 --log GM_63828751_6.log --threads 32"
	User time (seconds): 55.64
	System time (seconds): 5.64
	Percent of CPU this job got: 169%
	Elapsed (wall clock) time (h:mm:ss or m:ss): 0:36.19
	Average shared text size (kbytes): 0
	Average unshared data size (kbytes): 0
	Average stack size (kbytes): 0
	Average total size (kbytes): 0
	Maximum resident set size (kbytes): 717044
	Average resident set size (kbytes): 0
	Major (requiring I/O) page faults: 0
	Minor (reclaiming a frame) page faults: 674259
	Voluntary context switches: 261853
	Involuntary context switches: 675756
	Swaps: 0
	File system inputs: 0
	File system outputs: 202776
	Socket messages sent: 0
	Socket messages received: 0
	Signals delivered: 0
	Page size (bytes): 4096
	Exit status: 0
