slurmstepd: error: Unable to create TMPDIR [/scratch/local/58616138]: Permission denied
slurmstepd: error: Setting TMPDIR to /tmp
Mon Sep 14 15:28:21 EDT 2020
c26b-s18.ufhpc
/blue/garrett/rp3448/analysis/guidemaker/AVXGuidemaker/GuideMaker
My SLURM_ARRAY_TASK_ID:  2
My TMPDIR IS:  /tmp
Input Genome:>>>>>>>>>>>>>>>>>>>>>>>>>>>>>>>>>>>>>>>>>>>  Arabidopsis_thaliana.gbk
Threads used:>>>>>>>>>>>>>>>>>>>>>>>>>>>>>>>>>>>>>>>>>>>  1
GuideMaker
2020-09-14 15:28:28,259: INFO     Temp directory is: /tmp/guidemaker_3mdsh9u8
2020-09-14 15:28:28,259: INFO     Writing fasta file from genbank file(s)
2020-09-14 15:28:28,260: INFO     check if ../../all_test_data/Arabidopsis_thaliana.gbk is gzipped
2020-09-14 15:28:53,537: INFO     Identifying PAM sites in the genome
2020-09-14 15:36:02,929: INFO     Identifing guides that are unique near the PAM site
2020-09-14 15:36:14,004: INFO     Indexing all potential guide sites: 8099730. This is the longest step.
2020-09-14 15:36:53,829: INFO     M                   = 16
2020-09-14 15:36:53,829: INFO     indexThreadQty      = 1
2020-09-14 15:36:53,829: INFO     efConstruction      = 10
2020-09-14 15:36:53,830: INFO     maxM			          = 16
2020-09-14 15:36:53,830: INFO     maxM0			          = 32
2020-09-14 15:36:53,830: INFO     mult                = 0.360674
2020-09-14 15:36:53,830: INFO     skip_optimized_index= 0
2020-09-14 15:36:53,830: INFO     delaunay_type       = 2
2020-09-14 15:36:53,830: INFO     Set HNSW query-time parameters:
2020-09-14 15:36:53,830: INFO     ef(Search)         =20
2020-09-14 15:36:53,830: INFO     algoType           =2

0%   10   20   30   40   50   60   70   80   90   100%
|----|----|----|----|----|----|----|----|----|----|
***************************************************

0%   10   20   30   40   50   60   70   80   90   100%
|----|----|----|----|----|----|----|----|----|----|
***************************************************
*2020-09-14 15:53:45,348: INFO     No appropriate custom distance function for Hamming (bit-storage) space
2020-09-14 15:53:46,425: INFO     searchMethod			  = 0
2020-09-14 15:53:47,062: INFO     Identifying guides that have a hamming distance <= 3 to all other potential guides
2020-09-14 15:53:47,397: INFO     Set HNSW query-time parameters:
2020-09-14 15:53:47,397: INFO     ef(Search)         =9
2020-09-14 15:53:47,397: INFO     algoType           =2
2020-09-14 15:54:02,518: INFO     Formatting data for BedTools
2020-09-14 15:54:02,942: INFO     Create GuideMaker Annotation object
2020-09-14 15:54:02,942: INFO     Identify genomic features
2020-09-14 15:54:02,943: INFO     check if ../../all_test_data/Arabidopsis_thaliana.gbk is gzipped
2020-09-14 15:54:31,805: INFO     Total number of CDS/locus in the input genome: 48262
2020-09-14 15:54:31,805: INFO     Find genomic features closest the guides
2020-09-14 15:54:35,951: INFO     Select guides that start between +100 and -100 of a feature start
2020-09-14 15:54:36,083: INFO     Select description columns
2020-09-14 15:54:36,608: INFO     Format the output
2020-09-14 15:54:36,975: INFO     creating random control guides
2020-09-14 15:54:38,810: INFO     Number of random control searched: 1000
2020-09-14 15:54:38,810: INFO     Percentage of GC content in the input genome: 36.00
2020-09-14 15:54:38,810: INFO     Total length of the genome: 114.1 MB
2020-09-14 15:54:38,810: INFO     created 10 control guides with a minimum distance of 8 and a median distance of 8
2020-09-14 15:54:38,813: INFO     guidemaker completed, results are at TEST
2020-09-14 15:54:38,813: INFO     PAM sequence: NGG
2020-09-14 15:54:38,813: INFO     PAM orientation: 5prime
2020-09-14 15:54:38,813: INFO     Genome strand(s) searched: both
2020-09-14 15:54:38,813: INFO     Total PAM sites considered: 8099730
2020-09-14 15:54:38,813: INFO     Guide RNA candidates found: 7034
	Command being timed: "guidemaker -i ../../all_test_data/Arabidopsis_thaliana.gbk --pamseq NGG --outdir TEST --pam_orientation 5prime --guidelength 20 --strand both --lcp 10 --dist 3 --before 100 --into 100 --knum 10 --controls 10 --log GuideMaker_58625773_2.log --threads 1"
	User time (seconds): 1559.84
	System time (seconds): 38.71
	Percent of CPU this job got: 100%
	Elapsed (wall clock) time (h:mm:ss or m:ss): 26:37.89
	Average shared text size (kbytes): 0
	Average unshared data size (kbytes): 0
	Average stack size (kbytes): 0
	Average total size (kbytes): 0
	Maximum resident set size (kbytes): 16113760
	Average resident set size (kbytes): 0
	Major (requiring I/O) page faults: 123
	Minor (reclaiming a frame) page faults: 41148520
	Voluntary context switches: 3895
	Involuntary context switches: 142391
	Swaps: 0
	File system inputs: 497664
	File system outputs: 358472
	Socket messages sent: 0
	Socket messages received: 0
	Signals delivered: 0
	Page size (bytes): 4096
	Exit status: 0
My SLURM_ARRAY_TASK_ID:  2
My TMPDIR IS:  /tmp
Input Genome:>>>>>>>>>>>>>>>>>>>>>>>>>>>>>>>>>>>>>>>>>>>  Arabidopsis_thaliana.gbk
Threads used:>>>>>>>>>>>>>>>>>>>>>>>>>>>>>>>>>>>>>>>>>>>  2
GuideMaker
2020-09-14 15:55:04,027: INFO     Temp directory is: /tmp/guidemaker_5zugot6v
2020-09-14 15:55:04,027: INFO     Writing fasta file from genbank file(s)
2020-09-14 15:55:04,027: INFO     check if ../../all_test_data/Arabidopsis_thaliana.gbk is gzipped
2020-09-14 15:55:29,250: INFO     Identifying PAM sites in the genome
2020-09-14 16:02:26,854: INFO     Identifing guides that are unique near the PAM site
2020-09-14 16:02:37,680: INFO     Indexing all potential guide sites: 8099730. This is the longest step.
2020-09-14 16:03:16,320: INFO     M                   = 16
2020-09-14 16:03:16,320: INFO     indexThreadQty      = 2
2020-09-14 16:03:16,320: INFO     efConstruction      = 10
2020-09-14 16:03:16,320: INFO     maxM			          = 16
2020-09-14 16:03:16,320: INFO     maxM0			          = 32
2020-09-14 16:03:16,321: INFO     mult                = 0.360674
2020-09-14 16:03:16,321: INFO     skip_optimized_index= 0
2020-09-14 16:03:16,321: INFO     delaunay_type       = 2
2020-09-14 16:03:16,321: INFO     Set HNSW query-time parameters:
2020-09-14 16:03:16,321: INFO     ef(Search)         =20
2020-09-14 16:03:16,321: INFO     algoType           =2

0%   10   20   30   40   50   60   70   80   90   100%
|----|----|----|----|----|----|----|----|----|----|
***************************************************

0%   10   20   30   40   50   60   70   80   90   100%
|----|----|----|----|----|----|----|----|----|----|
****************************************************2020-09-14 16:14:33,762: INFO     No appropriate custom distance function for Hamming (bit-storage) space
2020-09-14 16:14:33,762: INFO     searchMethod			  = 0
2020-09-14 16:14:34,414: INFO     Identifying guides that have a hamming distance <= 3 to all other potential guides
2020-09-14 16:14:34,763: INFO     Set HNSW query-time parameters:
2020-09-14 16:14:34,763: INFO     ef(Search)         =9
2020-09-14 16:14:34,763: INFO     algoType           =2
2020-09-14 16:14:47,608: INFO     Formatting data for BedTools
2020-09-14 16:14:48,045: INFO     Create GuideMaker Annotation object
2020-09-14 16:14:48,045: INFO     Identify genomic features
2020-09-14 16:14:48,046: INFO     check if ../../all_test_data/Arabidopsis_thaliana.gbk is gzipped
2020-09-14 16:15:15,937: INFO     Total number of CDS/locus in the input genome: 48262
2020-09-14 16:15:15,937: INFO     Find genomic features closest the guides
2020-09-14 16:15:20,200: INFO     Select guides that start between +100 and -100 of a feature start
2020-09-14 16:15:20,327: INFO     Select description columns
2020-09-14 16:15:20,807: INFO     Format the output
2020-09-14 16:15:21,129: INFO     creating random control guides
2020-09-14 16:15:23,000: INFO     Number of random control searched: 1000
2020-09-14 16:15:23,000: INFO     Percentage of GC content in the input genome: 36.00
2020-09-14 16:15:23,000: INFO     Total length of the genome: 114.1 MB
2020-09-14 16:15:23,000: INFO     created 10 control guides with a minimum distance of 8 and a median distance of 8
2020-09-14 16:15:23,003: INFO     guidemaker completed, results are at TEST
2020-09-14 16:15:23,003: INFO     PAM sequence: NGG
2020-09-14 16:15:23,003: INFO     PAM orientation: 5prime
2020-09-14 16:15:23,003: INFO     Genome strand(s) searched: both
2020-09-14 16:15:23,003: INFO     Total PAM sites considered: 8099730
2020-09-14 16:15:23,003: INFO     Guide RNA candidates found: 7030
	Command being timed: "guidemaker -i ../../all_test_data/Arabidopsis_thaliana.gbk --pamseq NGG --outdir TEST --pam_orientation 5prime --guidelength 20 --strand both --lcp 10 --dist 3 --before 100 --into 100 --knum 10 --controls 10 --log GuideMaker_58625773_2.log --threads 2"
	User time (seconds): 1755.63
	System time (seconds): 155.17
	Percent of CPU this job got: 153%
	Elapsed (wall clock) time (h:mm:ss or m:ss): 20:42.27
	Average shared text size (kbytes): 0
	Average unshared data size (kbytes): 0
	Average stack size (kbytes): 0
	Average total size (kbytes): 0
	Maximum resident set size (kbytes): 16133472
	Average resident set size (kbytes): 0
	Major (requiring I/O) page faults: 0
	Minor (reclaiming a frame) page faults: 96325147
	Voluntary context switches: 728161
	Involuntary context switches: 3316
	Swaps: 0
	File system inputs: 0
	File system outputs: 358448
	Socket messages sent: 0
	Socket messages received: 0
	Signals delivered: 0
	Page size (bytes): 4096
	Exit status: 0
My SLURM_ARRAY_TASK_ID:  2
My TMPDIR IS:  /tmp
Input Genome:>>>>>>>>>>>>>>>>>>>>>>>>>>>>>>>>>>>>>>>>>>>  Arabidopsis_thaliana.gbk
Threads used:>>>>>>>>>>>>>>>>>>>>>>>>>>>>>>>>>>>>>>>>>>>  4
GuideMaker
2020-09-14 16:15:46,314: INFO     Temp directory is: /tmp/guidemaker_lud1szkw
2020-09-14 16:15:46,314: INFO     Writing fasta file from genbank file(s)
2020-09-14 16:15:46,315: INFO     check if ../../all_test_data/Arabidopsis_thaliana.gbk is gzipped
2020-09-14 16:16:11,689: INFO     Identifying PAM sites in the genome
2020-09-14 16:23:12,971: INFO     Identifing guides that are unique near the PAM site
2020-09-14 16:23:23,595: INFO     Indexing all potential guide sites: 8099730. This is the longest step.
2020-09-14 16:24:02,609: INFO     M                   = 16
2020-09-14 16:24:02,609: INFO     indexThreadQty      = 4
2020-09-14 16:24:02,609: INFO     efConstruction      = 10
2020-09-14 16:24:02,609: INFO     maxM			          = 16
2020-09-14 16:24:02,609: INFO     maxM0			          = 32
2020-09-14 16:24:02,610: INFO     mult                = 0.360674
2020-09-14 16:24:02,610: INFO     skip_optimized_index= 0
2020-09-14 16:24:02,610: INFO     delaunay_type       = 2
2020-09-14 16:24:02,610: INFO     Set HNSW query-time parameters:
2020-09-14 16:24:02,610: INFO     ef(Search)         =20
2020-09-14 16:24:02,610: INFO     algoType           =2

0%   10   20   30   40   50   60   70   80   90   100%
|----|----|----|----|----|----|----|----|----|----|
***************************************************

0%   10   20   30   40   50   60   70   80   90   100%
|----|----|----|----|----|----|----|----|----|----|
****************************************************2020-09-14 16:30:15,796: INFO     No appropriate custom distance function for Hamming (bit-storage) space
2020-09-14 16:30:15,796: INFO     searchMethod			  = 0
2020-09-14 16:30:16,480: INFO     Identifying guides that have a hamming distance <= 3 to all other potential guides
2020-09-14 16:30:16,849: INFO     Set HNSW query-time parameters:
2020-09-14 16:30:16,849: INFO     ef(Search)         =9
2020-09-14 16:30:16,850: INFO     algoType           =2
2020-09-14 16:30:25,826: INFO     Formatting data for BedTools
2020-09-14 16:30:26,222: INFO     Create GuideMaker Annotation object
2020-09-14 16:30:26,222: INFO     Identify genomic features
2020-09-14 16:30:26,222: INFO     check if ../../all_test_data/Arabidopsis_thaliana.gbk is gzipped
2020-09-14 16:30:54,403: INFO     Total number of CDS/locus in the input genome: 48262
2020-09-14 16:30:54,404: INFO     Find genomic features closest the guides
2020-09-14 16:30:58,870: INFO     Select guides that start between +100 and -100 of a feature start
2020-09-14 16:30:59,015: INFO     Select description columns
2020-09-14 16:30:59,538: INFO     Format the output
2020-09-14 16:30:59,879: INFO     creating random control guides
2020-09-14 16:31:01,274: INFO     Number of random control searched: 100
2020-09-14 16:31:01,274: INFO     Percentage of GC content in the input genome: 36.00
2020-09-14 16:31:01,274: INFO     Total length of the genome: 114.1 MB
2020-09-14 16:31:01,274: INFO     created 10 control guides with a minimum distance of 7 and a median distance of 7
2020-09-14 16:31:01,277: INFO     guidemaker completed, results are at TEST
2020-09-14 16:31:01,277: INFO     PAM sequence: NGG
2020-09-14 16:31:01,277: INFO     PAM orientation: 5prime
2020-09-14 16:31:01,278: INFO     Genome strand(s) searched: both
2020-09-14 16:31:01,278: INFO     Total PAM sites considered: 8099730
2020-09-14 16:31:01,278: INFO     Guide RNA candidates found: 7031
	Command being timed: "guidemaker -i ../../all_test_data/Arabidopsis_thaliana.gbk --pamseq NGG --outdir TEST --pam_orientation 5prime --guidelength 20 --strand both --lcp 10 --dist 3 --before 100 --into 100 --knum 10 --controls 10 --log GuideMaker_58625773_2.log --threads 4"
	User time (seconds): 1869.25
	System time (seconds): 149.04
	Percent of CPU this job got: 215%
	Elapsed (wall clock) time (h:mm:ss or m:ss): 15:38.42
	Average shared text size (kbytes): 0
	Average unshared data size (kbytes): 0
	Average stack size (kbytes): 0
	Average total size (kbytes): 0
	Maximum resident set size (kbytes): 16169620
	Average resident set size (kbytes): 0
	Major (requiring I/O) page faults: 0
	Minor (reclaiming a frame) page faults: 88341023
	Voluntary context switches: 1621992
	Involuntary context switches: 2722
	Swaps: 0
	File system inputs: 0
	File system outputs: 358264
	Socket messages sent: 0
	Socket messages received: 0
	Signals delivered: 0
	Page size (bytes): 4096
	Exit status: 0
My SLURM_ARRAY_TASK_ID:  2
My TMPDIR IS:  /tmp
Input Genome:>>>>>>>>>>>>>>>>>>>>>>>>>>>>>>>>>>>>>>>>>>>  Arabidopsis_thaliana.gbk
Threads used:>>>>>>>>>>>>>>>>>>>>>>>>>>>>>>>>>>>>>>>>>>>  8
GuideMaker
2020-09-14 16:31:24,752: INFO     Temp directory is: /tmp/guidemaker_kssqflez
2020-09-14 16:31:24,752: INFO     Writing fasta file from genbank file(s)
2020-09-14 16:31:24,753: INFO     check if ../../all_test_data/Arabidopsis_thaliana.gbk is gzipped
2020-09-14 16:31:49,771: INFO     Identifying PAM sites in the genome
2020-09-14 16:38:51,265: INFO     Identifing guides that are unique near the PAM site
2020-09-14 16:39:02,062: INFO     Indexing all potential guide sites: 8099730. This is the longest step.
2020-09-14 16:39:40,335: INFO     M                   = 16
2020-09-14 16:39:40,335: INFO     indexThreadQty      = 8
2020-09-14 16:39:40,335: INFO     efConstruction      = 10
2020-09-14 16:39:40,335: INFO     maxM			          = 16
2020-09-14 16:39:40,336: INFO     maxM0			          = 32
2020-09-14 16:39:40,336: INFO     mult                = 0.360674
2020-09-14 16:39:40,336: INFO     skip_optimized_index= 0
2020-09-14 16:39:40,336: INFO     delaunay_type       = 2
2020-09-14 16:39:40,336: INFO     Set HNSW query-time parameters:
2020-09-14 16:39:40,336: INFO     ef(Search)         =20
2020-09-14 16:39:40,336: INFO     algoType           =2

0%   10   20   30   40   50   60   70   80   90   100%
|----|----|----|----|----|----|----|----|----|----|
***************************************************

0%   10   20   30   40   50   60   70   80   90   100%
|----|----|----|----|----|----|----|----|----|----|
****************************************************2020-09-14 16:42:57,514: INFO     No appropriate custom distance function for Hamming (bit-storage) space
2020-09-14 16:42:57,514: INFO     searchMethod			  = 0
2020-09-14 16:42:58,227: INFO     Identifying guides that have a hamming distance <= 3 to all other potential guides
2020-09-14 16:42:58,598: INFO     Set HNSW query-time parameters:
2020-09-14 16:42:58,598: INFO     ef(Search)         =9
2020-09-14 16:42:58,598: INFO     algoType           =2
2020-09-14 16:43:06,339: INFO     Formatting data for BedTools
2020-09-14 16:43:06,737: INFO     Create GuideMaker Annotation object
2020-09-14 16:43:06,737: INFO     Identify genomic features
2020-09-14 16:43:06,737: INFO     check if ../../all_test_data/Arabidopsis_thaliana.gbk is gzipped
2020-09-14 16:43:34,743: INFO     Total number of CDS/locus in the input genome: 48262
2020-09-14 16:43:34,744: INFO     Find genomic features closest the guides
2020-09-14 16:43:38,993: INFO     Select guides that start between +100 and -100 of a feature start
2020-09-14 16:43:39,142: INFO     Select description columns
2020-09-14 16:43:39,618: INFO     Format the output
2020-09-14 16:43:39,937: INFO     creating random control guides
2020-09-14 16:43:41,277: INFO     Number of random control searched: 100
2020-09-14 16:43:41,277: INFO     Percentage of GC content in the input genome: 36.00
2020-09-14 16:43:41,277: INFO     Total length of the genome: 114.1 MB
2020-09-14 16:43:41,277: INFO     created 10 control guides with a minimum distance of 7 and a median distance of 7
2020-09-14 16:43:41,280: INFO     guidemaker completed, results are at TEST
2020-09-14 16:43:41,280: INFO     PAM sequence: NGG
2020-09-14 16:43:41,280: INFO     PAM orientation: 5prime
2020-09-14 16:43:41,280: INFO     Genome strand(s) searched: both
2020-09-14 16:43:41,280: INFO     Total PAM sites considered: 8099730
2020-09-14 16:43:41,280: INFO     Guide RNA candidates found: 7020
	Command being timed: "guidemaker -i ../../all_test_data/Arabidopsis_thaliana.gbk --pamseq NGG --outdir TEST --pam_orientation 5prime --guidelength 20 --strand both --lcp 10 --dist 3 --before 100 --into 100 --knum 10 --controls 10 --log GuideMaker_58625773_2.log --threads 8"
	User time (seconds): 1956.71
	System time (seconds): 114.66
	Percent of CPU this job got: 272%
	Elapsed (wall clock) time (h:mm:ss or m:ss): 12:39.72
	Average shared text size (kbytes): 0
	Average unshared data size (kbytes): 0
	Average stack size (kbytes): 0
	Average total size (kbytes): 0
	Maximum resident set size (kbytes): 16226868
	Average resident set size (kbytes): 0
	Major (requiring I/O) page faults: 0
	Minor (reclaiming a frame) page faults: 58401723
	Voluntary context switches: 2718552
	Involuntary context switches: 802407
	Swaps: 0
	File system inputs: 0
	File system outputs: 358152
	Socket messages sent: 0
	Socket messages received: 0
	Signals delivered: 0
	Page size (bytes): 4096
	Exit status: 0
My SLURM_ARRAY_TASK_ID:  2
My TMPDIR IS:  /tmp
Input Genome:>>>>>>>>>>>>>>>>>>>>>>>>>>>>>>>>>>>>>>>>>>>  Arabidopsis_thaliana.gbk
Threads used:>>>>>>>>>>>>>>>>>>>>>>>>>>>>>>>>>>>>>>>>>>>  16
GuideMaker
2020-09-14 16:44:04,428: INFO     Temp directory is: /tmp/guidemaker_i9tp2hzo
2020-09-14 16:44:04,428: INFO     Writing fasta file from genbank file(s)
2020-09-14 16:44:04,428: INFO     check if ../../all_test_data/Arabidopsis_thaliana.gbk is gzipped
2020-09-14 16:44:30,356: INFO     Identifying PAM sites in the genome
2020-09-14 16:51:40,565: INFO     Identifing guides that are unique near the PAM site
2020-09-14 16:51:51,288: INFO     Indexing all potential guide sites: 8099730. This is the longest step.
2020-09-14 16:52:30,469: INFO     M                   = 16
2020-09-14 16:52:30,469: INFO     indexThreadQty      = 16
2020-09-14 16:52:30,469: INFO     efConstruction      = 10
2020-09-14 16:52:30,469: INFO     maxM			          = 16
2020-09-14 16:52:30,469: INFO     maxM0			          = 32
2020-09-14 16:52:30,469: INFO     mult                = 0.360674
2020-09-14 16:52:30,469: INFO     skip_optimized_index= 0
2020-09-14 16:52:30,469: INFO     delaunay_type       = 2
2020-09-14 16:52:30,469: INFO     Set HNSW query-time parameters:
2020-09-14 16:52:30,469: INFO     ef(Search)         =20
2020-09-14 16:52:30,470: INFO     algoType           =2

0%   10   20   30   40   50   60   70   80   90   100%
|----|----|----|----|----|----|----|----|----|----|
***************************************************

0%   10   20   30   40   50   60   70   80   90   100%
|----|----|----|----|----|----|----|----|----|----|
*****************************************************




2020-09-14 16:54:17,943: INFO     No appropriate custom distance function for Hamming (bit-storage) space
2020-09-14 16:54:17,943: INFO     searchMethod			  = 0
2020-09-14 16:54:18,592: INFO     Identifying guides that have a hamming distance <= 3 to all other potential guides
2020-09-14 16:54:18,942: INFO     Set HNSW query-time parameters:
2020-09-14 16:54:18,942: INFO     ef(Search)         =9
2020-09-14 16:54:18,942: INFO     algoType           =2
2020-09-14 16:54:25,972: INFO     Formatting data for BedTools
2020-09-14 16:54:26,429: INFO     Create GuideMaker Annotation object
2020-09-14 16:54:26,430: INFO     Identify genomic features
2020-09-14 16:54:26,430: INFO     check if ../../all_test_data/Arabidopsis_thaliana.gbk is gzipped
2020-09-14 16:54:55,737: INFO     Total number of CDS/locus in the input genome: 48262
2020-09-14 16:54:55,737: INFO     Find genomic features closest the guides
2020-09-14 16:55:00,283: INFO     Select guides that start between +100 and -100 of a feature start
2020-09-14 16:55:00,426: INFO     Select description columns
2020-09-14 16:55:00,883: INFO     Format the output
2020-09-14 16:55:01,201: INFO     creating random control guides
2020-09-14 16:55:02,566: INFO     Number of random control searched: 100
2020-09-14 16:55:02,566: INFO     Percentage of GC content in the input genome: 36.00
2020-09-14 16:55:02,566: INFO     Total length of the genome: 114.1 MB
2020-09-14 16:55:02,566: INFO     created 10 control guides with a minimum distance of 7 and a median distance of 7
2020-09-14 16:55:02,569: INFO     guidemaker completed, results are at TEST
2020-09-14 16:55:02,569: INFO     PAM sequence: NGG
2020-09-14 16:55:02,569: INFO     PAM orientation: 5prime
2020-09-14 16:55:02,569: INFO     Genome strand(s) searched: both
2020-09-14 16:55:02,569: INFO     Total PAM sites considered: 8099730
2020-09-14 16:55:02,569: INFO     Guide RNA candidates found: 7034
	Command being timed: "guidemaker -i ../../all_test_data/Arabidopsis_thaliana.gbk --pamseq NGG --outdir TEST --pam_orientation 5prime --guidelength 20 --strand both --lcp 10 --dist 3 --before 100 --into 100 --knum 10 --controls 10 --log GuideMaker_58625773_2.log --threads 16"
	User time (seconds): 2037.75
	System time (seconds): 117.33
	Percent of CPU this job got: 316%
	Elapsed (wall clock) time (h:mm:ss or m:ss): 11:20.04
	Average shared text size (kbytes): 0
	Average unshared data size (kbytes): 0
	Average stack size (kbytes): 0
	Average total size (kbytes): 0
	Maximum resident set size (kbytes): 16338580
	Average resident set size (kbytes): 0
	Major (requiring I/O) page faults: 0
	Minor (reclaiming a frame) page faults: 40520875
	Voluntary context switches: 4932082
	Involuntary context switches: 3082
	Swaps: 0
	File system inputs: 0
	File system outputs: 358216
	Socket messages sent: 0
	Socket messages received: 0
	Signals delivered: 0
	Page size (bytes): 4096
	Exit status: 0
My SLURM_ARRAY_TASK_ID:  2
My TMPDIR IS:  /tmp
Input Genome:>>>>>>>>>>>>>>>>>>>>>>>>>>>>>>>>>>>>>>>>>>>  Arabidopsis_thaliana.gbk
Threads used:>>>>>>>>>>>>>>>>>>>>>>>>>>>>>>>>>>>>>>>>>>>  32
GuideMaker
2020-09-14 16:55:24,501: INFO     Temp directory is: /tmp/guidemaker_pzsiyswn
2020-09-14 16:55:24,502: INFO     Writing fasta file from genbank file(s)
2020-09-14 16:55:24,502: INFO     check if ../../all_test_data/Arabidopsis_thaliana.gbk is gzipped
2020-09-14 16:55:49,496: INFO     Identifying PAM sites in the genome
2020-09-14 17:02:44,008: INFO     Identifing guides that are unique near the PAM site
2020-09-14 17:02:54,860: INFO     Indexing all potential guide sites: 8099730. This is the longest step.
2020-09-14 17:03:32,602: INFO     M                   = 16
2020-09-14 17:03:32,602: INFO     indexThreadQty      = 32
2020-09-14 17:03:32,602: INFO     efConstruction      = 10
2020-09-14 17:03:32,602: INFO     maxM			          = 16
2020-09-14 17:03:32,602: INFO     maxM0			          = 32
2020-09-14 17:03:32,602: INFO     mult                = 0.360674
2020-09-14 17:03:32,602: INFO     skip_optimized_index= 0
2020-09-14 17:03:32,602: INFO     delaunay_type       = 2
2020-09-14 17:03:32,603: INFO     Set HNSW query-time parameters:
2020-09-14 17:03:32,603: INFO     ef(Search)         =20
2020-09-14 17:03:32,603: INFO     algoType           =2

0%   10   20   30   40   50   60   70   80   90   100%
|----|----|----|----|----|----|----|----|----|----|
***************************************************

0%   10   20   30   40   50   60   70   80   90   100%
|----|----|----|----|----|----|----|----|----|----|
*******************************************************2020-09-14 17:04:44,294: INFO     No appropriate custom distance function for Hamming (bit-storage) space
2020-09-14 17:04:44,294: INFO     searchMethod			  = 0
2020-09-14 17:04:44,937: INFO     Identifying guides that have a hamming distance <= 3 to all other potential guides
2020-09-14 17:04:45,273: INFO     Set HNSW query-time parameters:
2020-09-14 17:04:45,273: INFO     ef(Search)         =9
2020-09-14 17:04:45,273: INFO     algoType           =2
2020-09-14 17:04:52,099: INFO     Formatting data for BedTools
2020-09-14 17:04:52,489: INFO     Create GuideMaker Annotation object
2020-09-14 17:04:52,489: INFO     Identify genomic features
2020-09-14 17:04:52,490: INFO     check if ../../all_test_data/Arabidopsis_thaliana.gbk is gzipped
2020-09-14 17:05:21,105: INFO     Total number of CDS/locus in the input genome: 48262
2020-09-14 17:05:21,105: INFO     Find genomic features closest the guides
2020-09-14 17:05:25,274: INFO     Select guides that start between +100 and -100 of a feature start
2020-09-14 17:05:25,402: INFO     Select description columns
2020-09-14 17:05:25,877: INFO     Format the output
2020-09-14 17:05:26,210: INFO     creating random control guides
2020-09-14 17:05:27,784: INFO     Number of random control searched: 1000
2020-09-14 17:05:27,785: INFO     Percentage of GC content in the input genome: 36.00
2020-09-14 17:05:27,785: INFO     Total length of the genome: 114.1 MB
2020-09-14 17:05:27,785: INFO     created 10 control guides with a minimum distance of 7 and a median distance of 8
2020-09-14 17:05:27,788: INFO     guidemaker completed, results are at TEST
2020-09-14 17:05:27,788: INFO     PAM sequence: NGG
2020-09-14 17:05:27,788: INFO     PAM orientation: 5prime
2020-09-14 17:05:27,788: INFO     Genome strand(s) searched: both
2020-09-14 17:05:27,788: INFO     Total PAM sites considered: 8099730
2020-09-14 17:05:27,788: INFO     Guide RNA candidates found: 7026
	Command being timed: "guidemaker -i ../../all_test_data/Arabidopsis_thaliana.gbk --pamseq NGG --outdir TEST --pam_orientation 5prime --guidelength 20 --strand both --lcp 10 --dist 3 --before 100 --into 100 --knum 10 --controls 10 --log GuideMaker_58625773_2.log --threads 32"
	User time (seconds): 2208.58
	System time (seconds): 177.66
	Percent of CPU this job got: 381%
	Elapsed (wall clock) time (h:mm:ss or m:ss): 10:25.55
	Average shared text size (kbytes): 0
	Average unshared data size (kbytes): 0
	Average stack size (kbytes): 0
	Average total size (kbytes): 0
	Maximum resident set size (kbytes): 16467208
	Average resident set size (kbytes): 0
	Major (requiring I/O) page faults: 0
	Minor (reclaiming a frame) page faults: 31323279
	Voluntary context switches: 10402193
	Involuntary context switches: 440346
	Swaps: 0
	File system inputs: 0
	File system outputs: 358128
	Socket messages sent: 0
	Socket messages received: 0
	Signals delivered: 0
	Page size (bytes): 4096
	Exit status: 0
