Thu Feb  4 17:59:50 EST 2021
c27b-s38.ufhpc
/blue/garrett/rp3448/analysis/guidemaker/AVXGuidemaker
My SLURM_ARRAY_TASK_ID:  7
My TMPDIR IS:  /scratch/local/63828581
Input Genome:>>>>>>>>>>>>>>>>>>>>>>>>>>>>>>>>>>>>>>>>>>>  Aspergillus_fumigatus.gbk
Input PAM:>>>>>>>>>>>>>>>>>>>>>>>>>>>>>>>>>>>>>>>>>>>  NGRRT
Threads used:>>>>>>>>>>>>>>>>>>>>>>>>>>>>>>>>>>>>>>>>>>>  1
GuideMaker
2021-02-04 17:59:54,400: INFO     Temp directory is: /scratch/local/63828581/guidemaker_axnne6rg
2021-02-04 17:59:54,401: INFO     Writing fasta file from genbank file(s)
2021-02-04 17:59:54,402: INFO     check if ../all_test_data/Aspergillus_fumigatus.gbk is gzipped
2021-02-04 17:59:57,483: INFO     Identifying PAM sites in the genome
2021-02-04 18:00:28,745: INFO     Checking guides for restriction enzymes
2021-02-04 18:00:29,001: INFO     Number of guides removed after checking for restriction enzymes: 0
2021-02-04 18:00:29,002: INFO     Identifing guides that are unique near the PAM site
2021-02-04 18:00:30,946: INFO     Number of guides removed after checking for unique PAM: 228709
2021-02-04 18:00:30,946: INFO     Indexing all potential guide sites: 887427. This is the longest step.
2021-02-04 18:00:35,224: INFO     M                   = 16
2021-02-04 18:00:35,224: INFO     indexThreadQty      = 1
2021-02-04 18:00:35,224: INFO     efConstruction      = 10
2021-02-04 18:00:35,224: INFO     maxM			          = 16
2021-02-04 18:00:35,224: INFO     maxM0			          = 32
2021-02-04 18:00:35,224: INFO     mult                = 0.360674
2021-02-04 18:00:35,224: INFO     skip_optimized_index= 0
2021-02-04 18:00:35,225: INFO     delaunay_type       = 2
2021-02-04 18:00:35,225: INFO     Set HNSW query-time parameters:
2021-02-04 18:00:35,225: INFO     ef(Search)         =20
2021-02-04 18:00:35,225: INFO     algoType           =2

0%   10   20   30   40   50   60   70   80   90   100%
|----|----|----|----|----|----|----|----|----|----|
***************************************************

0%   10   20   30   40   50   60   70   80   90   100%
|----|----|----|----|----|----|----|----|----|----|
***************************************************
*2021-02-04 18:01:48,576: INFO     No appropriate custom distance function for Hamming (bit-storage) space
2021-02-04 18:01:48,576: INFO     searchMethod			  = 0
2021-02-04 18:01:48,648: INFO     Identifying guides that have a hamming distance <= 3 to all other potential guides
2021-02-04 18:01:49,590: INFO     Set HNSW query-time parameters:
2021-02-04 18:01:49,591: INFO     ef(Search)         =9
2021-02-04 18:01:49,591: INFO     algoType           =2
2021-02-04 18:02:51,103: INFO     Formatting data for BedTools
2021-02-04 18:02:52,368: INFO     Create GuideMaker Annotation object
2021-02-04 18:02:52,368: INFO     Identify genomic features
2021-02-04 18:02:52,369: INFO     check if ../all_test_data/Aspergillus_fumigatus.gbk is gzipped
2021-02-04 18:02:55,282: INFO     Total number of CDS/locus in the input genome: 9630
2021-02-04 18:02:55,283: INFO     Find genomic features closest the guides
2021-02-04 18:03:03,978: INFO     Select guides that start between +500 and -500 of a feature start
2021-02-04 18:03:04,575: INFO     Select description columns
2021-02-04 18:03:04,677: INFO     Format the output
2021-02-04 18:03:07,265: INFO     Number of Guides within a gene coordinates i.e. zero Feature distance: 109781
2021-02-04 18:03:09,438: INFO     creating random control guides
2021-02-04 18:03:09,790: INFO     Number of random control searched: 100
2021-02-04 18:03:09,790: INFO     Percentage of GC content in the input genome: 48.82
2021-02-04 18:03:09,790: INFO     Total length of the genome: 28.0 MB
2021-02-04 18:03:09,790: INFO     created 10 control guides with a minimum distance of 7 and a median distance of 8
2021-02-04 18:03:09,793: INFO     guidemaker completed, results are at TEST
2021-02-04 18:03:09,793: INFO     PAM sequence: NGRRT
2021-02-04 18:03:09,793: INFO     PAM orientation: 3prime
2021-02-04 18:03:09,793: INFO     Genome strand(s) searched: both
2021-02-04 18:03:09,793: INFO     Total PAM sites considered: 887427
2021-02-04 18:03:09,793: INFO     Guide RNA candidates found: 220149
	Command being timed: "guidemaker -i ../all_test_data/Aspergillus_fumigatus.gbk --pamseq NGRRT --outdir TEST --pam_orientation 3prime --guidelength 20 --strand both --lcp 11 --dist 3 --before 500 --into 500 --knum 10 --controls 10 --log GM_63828581_7.log --threads 1"
	User time (seconds): 196.10
	System time (seconds): 5.37
	Percent of CPU this job got: 101%
	Elapsed (wall clock) time (h:mm:ss or m:ss): 3:18.69
	Average shared text size (kbytes): 0
	Average unshared data size (kbytes): 0
	Average stack size (kbytes): 0
	Average total size (kbytes): 0
	Maximum resident set size (kbytes): 2924812
	Average resident set size (kbytes): 0
	Major (requiring I/O) page faults: 0
	Minor (reclaiming a frame) page faults: 2963087
	Voluntary context switches: 3134
	Involuntary context switches: 146304
	Swaps: 0
	File system inputs: 16
	File system outputs: 706584
	Socket messages sent: 0
	Socket messages received: 0
	Signals delivered: 0
	Page size (bytes): 4096
	Exit status: 0
My SLURM_ARRAY_TASK_ID:  7
My TMPDIR IS:  /scratch/local/63828581
Input Genome:>>>>>>>>>>>>>>>>>>>>>>>>>>>>>>>>>>>>>>>>>>>  Aspergillus_fumigatus.gbk
Input PAM:>>>>>>>>>>>>>>>>>>>>>>>>>>>>>>>>>>>>>>>>>>>  NGRRT
Threads used:>>>>>>>>>>>>>>>>>>>>>>>>>>>>>>>>>>>>>>>>>>>  2
GuideMaker
2021-02-04 18:03:13,126: INFO     Temp directory is: /scratch/local/63828581/guidemaker_61m4j6c0
2021-02-04 18:03:13,127: INFO     Writing fasta file from genbank file(s)
2021-02-04 18:03:13,127: INFO     check if ../all_test_data/Aspergillus_fumigatus.gbk is gzipped
2021-02-04 18:03:16,195: INFO     Identifying PAM sites in the genome
2021-02-04 18:03:46,836: INFO     Checking guides for restriction enzymes
2021-02-04 18:03:47,080: INFO     Number of guides removed after checking for restriction enzymes: 0
2021-02-04 18:03:47,080: INFO     Identifing guides that are unique near the PAM site
2021-02-04 18:03:48,977: INFO     Number of guides removed after checking for unique PAM: 228709
2021-02-04 18:03:48,977: INFO     Indexing all potential guide sites: 887427. This is the longest step.
2021-02-04 18:03:53,116: INFO     M                   = 16
2021-02-04 18:03:53,116: INFO     indexThreadQty      = 2
2021-02-04 18:03:53,116: INFO     efConstruction      = 10
2021-02-04 18:03:53,116: INFO     maxM			          = 16
2021-02-04 18:03:53,116: INFO     maxM0			          = 32
2021-02-04 18:03:53,116: INFO     mult                = 0.360674
2021-02-04 18:03:53,116: INFO     skip_optimized_index= 0
2021-02-04 18:03:53,116: INFO     delaunay_type       = 2
2021-02-04 18:03:53,116: INFO     Set HNSW query-time parameters:
2021-02-04 18:03:53,117: INFO     ef(Search)         =20
2021-02-04 18:03:53,117: INFO     algoType           =2

0%   10   20   30   40   50   60   70   80   90   100%
|----|----|----|----|----|----|----|----|----|----|
***************************************************

0%   10   20   30   40   50   60   70   80   90   100%
|----|----|----|----|----|----|----|----|----|----|
****************************************************2021-02-04 18:04:40,269: INFO     No appropriate custom distance function for Hamming (bit-storage) space
2021-02-04 18:04:40,270: INFO     searchMethod			  = 0
2021-02-04 18:04:40,342: INFO     Identifying guides that have a hamming distance <= 3 to all other potential guides
2021-02-04 18:04:41,241: INFO     Set HNSW query-time parameters:
2021-02-04 18:04:41,241: INFO     ef(Search)         =9
2021-02-04 18:04:41,241: INFO     algoType           =2
2021-02-04 18:05:30,993: INFO     Formatting data for BedTools
2021-02-04 18:05:32,269: INFO     Create GuideMaker Annotation object
2021-02-04 18:05:32,269: INFO     Identify genomic features
2021-02-04 18:05:32,270: INFO     check if ../all_test_data/Aspergillus_fumigatus.gbk is gzipped
2021-02-04 18:05:35,178: INFO     Total number of CDS/locus in the input genome: 9630
2021-02-04 18:05:35,178: INFO     Find genomic features closest the guides
2021-02-04 18:05:44,026: INFO     Select guides that start between +500 and -500 of a feature start
2021-02-04 18:05:44,624: INFO     Select description columns
2021-02-04 18:05:44,727: INFO     Format the output
2021-02-04 18:05:47,328: INFO     Number of Guides within a gene coordinates i.e. zero Feature distance: 109759
2021-02-04 18:05:49,474: INFO     creating random control guides
2021-02-04 18:05:49,936: INFO     Number of random control searched: 100
2021-02-04 18:05:49,936: INFO     Percentage of GC content in the input genome: 48.82
2021-02-04 18:05:49,936: INFO     Total length of the genome: 28.0 MB
2021-02-04 18:05:49,936: INFO     created 10 control guides with a minimum distance of 7 and a median distance of 7
2021-02-04 18:05:49,938: INFO     guidemaker completed, results are at TEST
2021-02-04 18:05:49,938: INFO     PAM sequence: NGRRT
2021-02-04 18:05:49,938: INFO     PAM orientation: 3prime
2021-02-04 18:05:49,939: INFO     Genome strand(s) searched: both
2021-02-04 18:05:49,939: INFO     Total PAM sites considered: 887427
2021-02-04 18:05:49,939: INFO     Guide RNA candidates found: 220130
	Command being timed: "guidemaker -i ../all_test_data/Aspergillus_fumigatus.gbk --pamseq NGRRT --outdir TEST --pam_orientation 3prime --guidelength 20 --strand both --lcp 11 --dist 3 --before 500 --into 500 --knum 10 --controls 10 --log GM_63828581_7.log --threads 2"
	User time (seconds): 213.52
	System time (seconds): 13.47
	Percent of CPU this job got: 141%
	Elapsed (wall clock) time (h:mm:ss or m:ss): 2:40.35
	Average shared text size (kbytes): 0
	Average unshared data size (kbytes): 0
	Average stack size (kbytes): 0
	Average total size (kbytes): 0
	Maximum resident set size (kbytes): 3196104
	Average resident set size (kbytes): 0
	Major (requiring I/O) page faults: 0
	Minor (reclaiming a frame) page faults: 7779339
	Voluntary context switches: 82917
	Involuntary context switches: 531138
	Swaps: 0
	File system inputs: 16
	File system outputs: 706560
	Socket messages sent: 0
	Socket messages received: 0
	Signals delivered: 0
	Page size (bytes): 4096
	Exit status: 0
My SLURM_ARRAY_TASK_ID:  7
My TMPDIR IS:  /scratch/local/63828581
Input Genome:>>>>>>>>>>>>>>>>>>>>>>>>>>>>>>>>>>>>>>>>>>>  Aspergillus_fumigatus.gbk
Input PAM:>>>>>>>>>>>>>>>>>>>>>>>>>>>>>>>>>>>>>>>>>>>  NGRRT
Threads used:>>>>>>>>>>>>>>>>>>>>>>>>>>>>>>>>>>>>>>>>>>>  4
GuideMaker
2021-02-04 18:05:53,475: INFO     Temp directory is: /scratch/local/63828581/guidemaker_90rokbsh
2021-02-04 18:05:53,475: INFO     Writing fasta file from genbank file(s)
2021-02-04 18:05:53,476: INFO     check if ../all_test_data/Aspergillus_fumigatus.gbk is gzipped
2021-02-04 18:05:56,626: INFO     Identifying PAM sites in the genome
2021-02-04 18:06:27,880: INFO     Checking guides for restriction enzymes
2021-02-04 18:06:28,146: INFO     Number of guides removed after checking for restriction enzymes: 0
2021-02-04 18:06:28,146: INFO     Identifing guides that are unique near the PAM site
2021-02-04 18:06:30,105: INFO     Number of guides removed after checking for unique PAM: 228709
2021-02-04 18:06:30,105: INFO     Indexing all potential guide sites: 887427. This is the longest step.
2021-02-04 18:06:34,339: INFO     M                   = 16
2021-02-04 18:06:34,339: INFO     indexThreadQty      = 4
2021-02-04 18:06:34,339: INFO     efConstruction      = 10
2021-02-04 18:06:34,339: INFO     maxM			          = 16
2021-02-04 18:06:34,339: INFO     maxM0			          = 32
2021-02-04 18:06:34,339: INFO     mult                = 0.360674
2021-02-04 18:06:34,339: INFO     skip_optimized_index= 0
2021-02-04 18:06:34,339: INFO     delaunay_type       = 2
2021-02-04 18:06:34,340: INFO     Set HNSW query-time parameters:
2021-02-04 18:06:34,340: INFO     ef(Search)         =20
2021-02-04 18:06:34,340: INFO     algoType           =2

0%   10   20   30   40   50   60   70   80   90   100%
|----|----|----|----|----|----|----|----|----|----|
***************************************************

0%   10   20   30   40   50   60   70   80   90   100%
|----|----|----|----|----|----|----|----|----|----|
****************************************************2021-02-04 18:06:59,478: INFO     No appropriate custom distance function for Hamming (bit-storage) space
2021-02-04 18:06:59,478: INFO     searchMethod			  = 0
2021-02-04 18:06:59,551: INFO     Identifying guides that have a hamming distance <= 3 to all other potential guides
2021-02-04 18:07:00,469: INFO     Set HNSW query-time parameters:
2021-02-04 18:07:00,469: INFO     ef(Search)         =9
2021-02-04 18:07:00,469: INFO     algoType           =2
2021-02-04 18:07:41,988: INFO     Formatting data for BedTools
2021-02-04 18:07:43,276: INFO     Create GuideMaker Annotation object
2021-02-04 18:07:43,276: INFO     Identify genomic features
2021-02-04 18:07:43,276: INFO     check if ../all_test_data/Aspergillus_fumigatus.gbk is gzipped
2021-02-04 18:07:46,234: INFO     Total number of CDS/locus in the input genome: 9630
2021-02-04 18:07:46,234: INFO     Find genomic features closest the guides
2021-02-04 18:07:55,737: INFO     Select guides that start between +500 and -500 of a feature start
2021-02-04 18:07:56,327: INFO     Select description columns
2021-02-04 18:07:56,426: INFO     Format the output
2021-02-04 18:07:58,966: INFO     Number of Guides within a gene coordinates i.e. zero Feature distance: 109771
2021-02-04 18:08:01,221: INFO     creating random control guides
2021-02-04 18:08:01,629: INFO     Number of random control searched: 100
2021-02-04 18:08:01,629: INFO     Percentage of GC content in the input genome: 48.82
2021-02-04 18:08:01,629: INFO     Total length of the genome: 28.0 MB
2021-02-04 18:08:01,629: INFO     created 10 control guides with a minimum distance of 7 and a median distance of 7
2021-02-04 18:08:01,633: INFO     guidemaker completed, results are at TEST
2021-02-04 18:08:01,633: INFO     PAM sequence: NGRRT
2021-02-04 18:08:01,633: INFO     PAM orientation: 3prime
2021-02-04 18:08:01,633: INFO     Genome strand(s) searched: both
2021-02-04 18:08:01,633: INFO     Total PAM sites considered: 887427
2021-02-04 18:08:01,633: INFO     Guide RNA candidates found: 220171
	Command being timed: "guidemaker -i ../all_test_data/Aspergillus_fumigatus.gbk --pamseq NGRRT --outdir TEST --pam_orientation 3prime --guidelength 20 --strand both --lcp 11 --dist 3 --before 500 --into 500 --knum 10 --controls 10 --log GM_63828581_7.log --threads 4"
	User time (seconds): 221.74
	System time (seconds): 12.31
	Percent of CPU this job got: 177%
	Elapsed (wall clock) time (h:mm:ss or m:ss): 2:11.67
	Average shared text size (kbytes): 0
	Average unshared data size (kbytes): 0
	Average stack size (kbytes): 0
	Average total size (kbytes): 0
	Maximum resident set size (kbytes): 3199636
	Average resident set size (kbytes): 0
	Major (requiring I/O) page faults: 0
	Minor (reclaiming a frame) page faults: 5798678
	Voluntary context switches: 139306
	Involuntary context switches: 146122
	Swaps: 0
	File system inputs: 2920
	File system outputs: 706696
	Socket messages sent: 0
	Socket messages received: 0
	Signals delivered: 0
	Page size (bytes): 4096
	Exit status: 0
My SLURM_ARRAY_TASK_ID:  7
My TMPDIR IS:  /scratch/local/63828581
Input Genome:>>>>>>>>>>>>>>>>>>>>>>>>>>>>>>>>>>>>>>>>>>>  Aspergillus_fumigatus.gbk
Input PAM:>>>>>>>>>>>>>>>>>>>>>>>>>>>>>>>>>>>>>>>>>>>  NGRRT
Threads used:>>>>>>>>>>>>>>>>>>>>>>>>>>>>>>>>>>>>>>>>>>>  8
GuideMaker
2021-02-04 18:08:05,178: INFO     Temp directory is: /scratch/local/63828581/guidemaker_gikdboq0
2021-02-04 18:08:05,179: INFO     Writing fasta file from genbank file(s)
2021-02-04 18:08:05,179: INFO     check if ../all_test_data/Aspergillus_fumigatus.gbk is gzipped
2021-02-04 18:08:08,403: INFO     Identifying PAM sites in the genome
2021-02-04 18:08:38,985: INFO     Checking guides for restriction enzymes
2021-02-04 18:08:39,240: INFO     Number of guides removed after checking for restriction enzymes: 0
2021-02-04 18:08:39,241: INFO     Identifing guides that are unique near the PAM site
2021-02-04 18:08:41,186: INFO     Number of guides removed after checking for unique PAM: 228709
2021-02-04 18:08:41,186: INFO     Indexing all potential guide sites: 887427. This is the longest step.
2021-02-04 18:08:45,414: INFO     M                   = 16
2021-02-04 18:08:45,414: INFO     indexThreadQty      = 8
2021-02-04 18:08:45,414: INFO     efConstruction      = 10
2021-02-04 18:08:45,414: INFO     maxM			          = 16
2021-02-04 18:08:45,414: INFO     maxM0			          = 32
2021-02-04 18:08:45,414: INFO     mult                = 0.360674
2021-02-04 18:08:45,415: INFO     skip_optimized_index= 0
2021-02-04 18:08:45,415: INFO     delaunay_type       = 2
2021-02-04 18:08:45,415: INFO     Set HNSW query-time parameters:
2021-02-04 18:08:45,415: INFO     ef(Search)         =20
2021-02-04 18:08:45,415: INFO     algoType           =2

0%   10   20   30   40   50   60   70   80   90   100%
|----|----|----|----|----|----|----|----|----|----|
***************************************************

0%   10   20   30   40   50   60   70   80   90   100%
|----|----|----|----|----|----|----|----|----|----|
****************************************************2021-02-04 18:08:58,982: INFO     No appropriate custom distance function for Hamming (bit-storage) space
2021-02-04 18:08:58,982: INFO     searchMethod			  = 0
2021-02-04 18:08:59,063: INFO     Identifying guides that have a hamming distance <= 3 to all other potential guides
2021-02-04 18:09:00,190: INFO     Set HNSW query-time parameters:
2021-02-04 18:09:00,191: INFO     ef(Search)         =9
2021-02-04 18:09:00,191: INFO     algoType           =2
2021-02-04 18:09:36,821: INFO     Formatting data for BedTools
2021-02-04 18:09:38,104: INFO     Create GuideMaker Annotation object
2021-02-04 18:09:38,104: INFO     Identify genomic features
2021-02-04 18:09:38,104: INFO     check if ../all_test_data/Aspergillus_fumigatus.gbk is gzipped
2021-02-04 18:09:40,993: INFO     Total number of CDS/locus in the input genome: 9630
2021-02-04 18:09:40,993: INFO     Find genomic features closest the guides
2021-02-04 18:09:50,558: INFO     Select guides that start between +500 and -500 of a feature start
2021-02-04 18:09:51,155: INFO     Select description columns
2021-02-04 18:09:51,256: INFO     Format the output
2021-02-04 18:09:53,856: INFO     Number of Guides within a gene coordinates i.e. zero Feature distance: 109738
2021-02-04 18:09:56,129: INFO     creating random control guides
2021-02-04 18:09:56,561: INFO     Number of random control searched: 100
2021-02-04 18:09:56,561: INFO     Percentage of GC content in the input genome: 48.82
2021-02-04 18:09:56,561: INFO     Total length of the genome: 28.0 MB
2021-02-04 18:09:56,561: INFO     created 10 control guides with a minimum distance of 7 and a median distance of 7
2021-02-04 18:09:56,564: INFO     guidemaker completed, results are at TEST
2021-02-04 18:09:56,564: INFO     PAM sequence: NGRRT
2021-02-04 18:09:56,564: INFO     PAM orientation: 3prime
2021-02-04 18:09:56,565: INFO     Genome strand(s) searched: both
2021-02-04 18:09:56,565: INFO     Total PAM sites considered: 887427
2021-02-04 18:09:56,565: INFO     Guide RNA candidates found: 220121
	Command being timed: "guidemaker -i ../all_test_data/Aspergillus_fumigatus.gbk --pamseq NGRRT --outdir TEST --pam_orientation 3prime --guidelength 20 --strand both --lcp 11 --dist 3 --before 500 --into 500 --knum 10 --controls 10 --log GM_63828581_7.log --threads 8"
	User time (seconds): 229.21
	System time (seconds): 12.58
	Percent of CPU this job got: 210%
	Elapsed (wall clock) time (h:mm:ss or m:ss): 1:55.00
	Average shared text size (kbytes): 0
	Average unshared data size (kbytes): 0
	Average stack size (kbytes): 0
	Average total size (kbytes): 0
	Maximum resident set size (kbytes): 3189156
	Average resident set size (kbytes): 0
	Major (requiring I/O) page faults: 0
	Minor (reclaiming a frame) page faults: 5241163
	Voluntary context switches: 229972
	Involuntary context switches: 146077
	Swaps: 0
	File system inputs: 56
	File system outputs: 706408
	Socket messages sent: 0
	Socket messages received: 0
	Signals delivered: 0
	Page size (bytes): 4096
	Exit status: 0
My SLURM_ARRAY_TASK_ID:  7
My TMPDIR IS:  /scratch/local/63828581
Input Genome:>>>>>>>>>>>>>>>>>>>>>>>>>>>>>>>>>>>>>>>>>>>  Aspergillus_fumigatus.gbk
Input PAM:>>>>>>>>>>>>>>>>>>>>>>>>>>>>>>>>>>>>>>>>>>>  NGRRT
Threads used:>>>>>>>>>>>>>>>>>>>>>>>>>>>>>>>>>>>>>>>>>>>  16
GuideMaker
2021-02-04 18:10:00,185: INFO     Temp directory is: /scratch/local/63828581/guidemaker_e6rpa0a3
2021-02-04 18:10:00,185: INFO     Writing fasta file from genbank file(s)
2021-02-04 18:10:00,185: INFO     check if ../all_test_data/Aspergillus_fumigatus.gbk is gzipped
2021-02-04 18:10:03,231: INFO     Identifying PAM sites in the genome
2021-02-04 18:10:33,652: INFO     Checking guides for restriction enzymes
2021-02-04 18:10:33,899: INFO     Number of guides removed after checking for restriction enzymes: 0
2021-02-04 18:10:33,900: INFO     Identifing guides that are unique near the PAM site
2021-02-04 18:10:35,795: INFO     Number of guides removed after checking for unique PAM: 228709
2021-02-04 18:10:35,795: INFO     Indexing all potential guide sites: 887427. This is the longest step.
2021-02-04 18:10:39,924: INFO     M                   = 16
2021-02-04 18:10:39,924: INFO     indexThreadQty      = 16
2021-02-04 18:10:39,924: INFO     efConstruction      = 10
2021-02-04 18:10:39,925: INFO     maxM			          = 16
2021-02-04 18:10:39,925: INFO     maxM0			          = 32
2021-02-04 18:10:39,925: INFO     mult                = 0.360674
2021-02-04 18:10:39,925: INFO     skip_optimized_index= 0
2021-02-04 18:10:39,925: INFO     delaunay_type       = 2
2021-02-04 18:10:39,925: INFO     Set HNSW query-time parameters:
2021-02-04 18:10:39,925: INFO     ef(Search)         =20
2021-02-04 18:10:39,925: INFO     algoType           =2

0%   10   20   30   40   50   60   70   80   90   100%
|----|----|----|----|----|----|----|----|----|----|
***************************************************

0%   10   20   30   40   50   60   70   80   90   100%
|----|----|----|----|----|----|----|----|----|----|
****************************************************
*

*
**
2021-02-04 18:10:47,213: INFO     No appropriate custom distance function for Hamming (bit-storage) space
2021-02-04 18:10:47,213: INFO     searchMethod			  = 0
2021-02-04 18:10:47,285: INFO     Identifying guides that have a hamming distance <= 3 to all other potential guides
2021-02-04 18:10:48,180: INFO     Set HNSW query-time parameters:
2021-02-04 18:10:48,180: INFO     ef(Search)         =9
2021-02-04 18:10:48,180: INFO     algoType           =2
2021-02-04 18:11:22,862: INFO     Formatting data for BedTools
2021-02-04 18:11:24,129: INFO     Create GuideMaker Annotation object
2021-02-04 18:11:24,130: INFO     Identify genomic features
2021-02-04 18:11:24,130: INFO     check if ../all_test_data/Aspergillus_fumigatus.gbk is gzipped
2021-02-04 18:11:27,033: INFO     Total number of CDS/locus in the input genome: 9630
2021-02-04 18:11:27,033: INFO     Find genomic features closest the guides
2021-02-04 18:11:35,936: INFO     Select guides that start between +500 and -500 of a feature start
2021-02-04 18:11:36,534: INFO     Select description columns
2021-02-04 18:11:36,635: INFO     Format the output
2021-02-04 18:11:39,223: INFO     Number of Guides within a gene coordinates i.e. zero Feature distance: 109775
2021-02-04 18:11:41,390: INFO     creating random control guides
2021-02-04 18:11:41,795: INFO     Number of random control searched: 100
2021-02-04 18:11:41,795: INFO     Percentage of GC content in the input genome: 48.82
2021-02-04 18:11:41,796: INFO     Total length of the genome: 28.0 MB
2021-02-04 18:11:41,796: INFO     created 10 control guides with a minimum distance of 7 and a median distance of 8
2021-02-04 18:11:41,798: INFO     guidemaker completed, results are at TEST
2021-02-04 18:11:41,799: INFO     PAM sequence: NGRRT
2021-02-04 18:11:41,799: INFO     PAM orientation: 3prime
2021-02-04 18:11:41,799: INFO     Genome strand(s) searched: both
2021-02-04 18:11:41,799: INFO     Total PAM sites considered: 887427
2021-02-04 18:11:41,799: INFO     Guide RNA candidates found: 220142
	Command being timed: "guidemaker -i ../all_test_data/Aspergillus_fumigatus.gbk --pamseq NGRRT --outdir TEST --pam_orientation 3prime --guidelength 20 --strand both --lcp 11 --dist 3 --before 500 --into 500 --knum 10 --controls 10 --log GM_63828581_7.log --threads 16"
	User time (seconds): 237.20
	System time (seconds): 12.47
	Percent of CPU this job got: 237%
	Elapsed (wall clock) time (h:mm:ss or m:ss): 1:45.22
	Average shared text size (kbytes): 0
	Average unshared data size (kbytes): 0
	Average stack size (kbytes): 0
	Average total size (kbytes): 0
	Maximum resident set size (kbytes): 3216844
	Average resident set size (kbytes): 0
	Major (requiring I/O) page faults: 0
	Minor (reclaiming a frame) page faults: 3593901
	Voluntary context switches: 474166
	Involuntary context switches: 144538
	Swaps: 0
	File system inputs: 24
	File system outputs: 706464
	Socket messages sent: 0
	Socket messages received: 0
	Signals delivered: 0
	Page size (bytes): 4096
	Exit status: 0
My SLURM_ARRAY_TASK_ID:  7
My TMPDIR IS:  /scratch/local/63828581
Input Genome:>>>>>>>>>>>>>>>>>>>>>>>>>>>>>>>>>>>>>>>>>>>  Aspergillus_fumigatus.gbk
Input PAM:>>>>>>>>>>>>>>>>>>>>>>>>>>>>>>>>>>>>>>>>>>>  NGRRT
Threads used:>>>>>>>>>>>>>>>>>>>>>>>>>>>>>>>>>>>>>>>>>>>  32
GuideMaker
2021-02-04 18:11:45,391: INFO     Temp directory is: /scratch/local/63828581/guidemaker_oqyjjh9o
2021-02-04 18:11:45,391: INFO     Writing fasta file from genbank file(s)
2021-02-04 18:11:45,391: INFO     check if ../all_test_data/Aspergillus_fumigatus.gbk is gzipped
2021-02-04 18:11:48,530: INFO     Identifying PAM sites in the genome
2021-02-04 18:12:20,080: INFO     Checking guides for restriction enzymes
2021-02-04 18:12:20,344: INFO     Number of guides removed after checking for restriction enzymes: 0
2021-02-04 18:12:20,344: INFO     Identifing guides that are unique near the PAM site
2021-02-04 18:12:22,284: INFO     Number of guides removed after checking for unique PAM: 228709
2021-02-04 18:12:22,284: INFO     Indexing all potential guide sites: 887427. This is the longest step.
2021-02-04 18:12:26,471: INFO     M                   = 16
2021-02-04 18:12:26,472: INFO     indexThreadQty      = 32
2021-02-04 18:12:26,472: INFO     efConstruction      = 10
2021-02-04 18:12:26,472: INFO     maxM			          = 16
2021-02-04 18:12:26,472: INFO     maxM0			          = 32
2021-02-04 18:12:26,472: INFO     mult                = 0.360674
2021-02-04 18:12:26,472: INFO     skip_optimized_index= 0
2021-02-04 18:12:26,472: INFO     delaunay_type       = 2
2021-02-04 18:12:26,472: INFO     Set HNSW query-time parameters:
2021-02-04 18:12:26,472: INFO     ef(Search)         =20
2021-02-04 18:12:26,472: INFO     algoType           =2

0%   10   20   30   40   50   60   70   80   90   100%
|----|----|----|----|----|----|----|----|----|----|
***************************************************

0%   10   20   30   40   50   60   70   80   90   100%
|----|----|----|----|----|----|----|----|----|----|
******************************************************




2021-02-04 18:12:31,381: INFO     No appropriate custom distance function for Hamming (bit-storage) space
2021-02-04 18:12:31,382: INFO     searchMethod			  = 0
2021-02-04 18:12:31,454: INFO     Identifying guides that have a hamming distance <= 3 to all other potential guides
2021-02-04 18:12:32,375: INFO     Set HNSW query-time parameters:
2021-02-04 18:12:32,375: INFO     ef(Search)         =9
2021-02-04 18:12:32,375: INFO     algoType           =2
2021-02-04 18:13:06,940: INFO     Formatting data for BedTools
2021-02-04 18:13:08,304: INFO     Create GuideMaker Annotation object
2021-02-04 18:13:08,305: INFO     Identify genomic features
2021-02-04 18:13:08,305: INFO     check if ../all_test_data/Aspergillus_fumigatus.gbk is gzipped
2021-02-04 18:13:11,196: INFO     Total number of CDS/locus in the input genome: 9630
2021-02-04 18:13:11,196: INFO     Find genomic features closest the guides
2021-02-04 18:13:20,111: INFO     Select guides that start between +500 and -500 of a feature start
2021-02-04 18:13:20,801: INFO     Select description columns
2021-02-04 18:13:20,901: INFO     Format the output
2021-02-04 18:13:23,456: INFO     Number of Guides within a gene coordinates i.e. zero Feature distance: 109780
2021-02-04 18:13:25,654: INFO     creating random control guides
2021-02-04 18:13:26,065: INFO     Number of random control searched: 100
2021-02-04 18:13:26,066: INFO     Percentage of GC content in the input genome: 48.82
2021-02-04 18:13:26,066: INFO     Total length of the genome: 28.0 MB
2021-02-04 18:13:26,066: INFO     created 10 control guides with a minimum distance of 7 and a median distance of 7
2021-02-04 18:13:26,069: INFO     guidemaker completed, results are at TEST
2021-02-04 18:13:26,069: INFO     PAM sequence: NGRRT
2021-02-04 18:13:26,069: INFO     PAM orientation: 3prime
2021-02-04 18:13:26,069: INFO     Genome strand(s) searched: both
2021-02-04 18:13:26,069: INFO     Total PAM sites considered: 887427
2021-02-04 18:13:26,069: INFO     Guide RNA candidates found: 220176
	Command being timed: "guidemaker -i ../all_test_data/Aspergillus_fumigatus.gbk --pamseq NGRRT --outdir TEST --pam_orientation 3prime --guidelength 20 --strand both --lcp 11 --dist 3 --before 500 --into 500 --knum 10 --controls 10 --log GM_63828581_7.log --threads 32"
	User time (seconds): 257.92
	System time (seconds): 20.04
	Percent of CPU this job got: 266%
	Elapsed (wall clock) time (h:mm:ss or m:ss): 1:44.18
	Average shared text size (kbytes): 0
	Average unshared data size (kbytes): 0
	Average stack size (kbytes): 0
	Average total size (kbytes): 0
	Maximum resident set size (kbytes): 3239660
	Average resident set size (kbytes): 0
	Major (requiring I/O) page faults: 0
	Minor (reclaiming a frame) page faults: 3332582
	Voluntary context switches: 1055625
	Involuntary context switches: 430786
	Swaps: 0
	File system inputs: 1264
	File system outputs: 706824
	Socket messages sent: 0
	Socket messages received: 0
	Signals delivered: 0
	Page size (bytes): 4096
	Exit status: 0
