Thu Feb  4 17:46:21 EST 2021
c22b-s27.ufhpc
/blue/garrett/rp3448/analysis/guidemaker/AVXGuidemaker
My SLURM_ARRAY_TASK_ID:  3
My TMPDIR IS:  /scratch/local/63828498
Input Genome:>>>>>>>>>>>>>>>>>>>>>>>>>>>>>>>>>>>>>>>>>>>  Aspergillus_fumigatus.gbk
Input PAM:>>>>>>>>>>>>>>>>>>>>>>>>>>>>>>>>>>>>>>>>>>>  NGRRT
Threads used:>>>>>>>>>>>>>>>>>>>>>>>>>>>>>>>>>>>>>>>>>>>  1
GuideMaker
2021-02-04 17:46:26,485: INFO     Temp directory is: /scratch/local/63828498/guidemaker_fn99rc08
2021-02-04 17:46:26,486: INFO     Writing fasta file from genbank file(s)
2021-02-04 17:46:26,486: INFO     check if ../all_test_data/Aspergillus_fumigatus.gbk is gzipped
2021-02-04 17:46:29,602: INFO     Identifying PAM sites in the genome
2021-02-04 17:47:00,760: INFO     Checking guides for restriction enzymes
2021-02-04 17:47:01,006: INFO     Number of guides removed after checking for restriction enzymes: 0
2021-02-04 17:47:01,006: INFO     Identifing guides that are unique near the PAM site
2021-02-04 17:47:02,945: INFO     Number of guides removed after checking for unique PAM: 228709
2021-02-04 17:47:02,945: INFO     Indexing all potential guide sites: 887427. This is the longest step.
2021-02-04 17:47:07,694: INFO     M                   = 16
2021-02-04 17:47:07,694: INFO     indexThreadQty      = 1
2021-02-04 17:47:07,694: INFO     efConstruction      = 10
2021-02-04 17:47:07,694: INFO     maxM			          = 16
2021-02-04 17:47:07,694: INFO     maxM0			          = 32
2021-02-04 17:47:07,694: INFO     mult                = 0.360674
2021-02-04 17:47:07,694: INFO     skip_optimized_index= 0
2021-02-04 17:47:07,695: INFO     delaunay_type       = 2
2021-02-04 17:47:07,695: INFO     Set HNSW query-time parameters:
2021-02-04 17:47:07,695: INFO     ef(Search)         =20
2021-02-04 17:47:07,695: INFO     algoType           =2

0%   10   20   30   40   50   60   70   80   90   100%
|----|----|----|----|----|----|----|----|----|----|
***************************************************

0%   10   20   30   40   50   60   70   80   90   100%
|----|----|----|----|----|----|----|----|----|----|
***************************************************
*2021-02-04 17:48:23,645: INFO     No appropriate custom distance function for Hamming (bit-storage) space
2021-02-04 17:48:23,646: INFO     searchMethod			  = 0
2021-02-04 17:48:23,727: INFO     Identifying guides that have a hamming distance <= 3 to all other potential guides
2021-02-04 17:48:24,719: INFO     Set HNSW query-time parameters:
2021-02-04 17:48:24,719: INFO     ef(Search)         =9
2021-02-04 17:48:24,719: INFO     algoType           =2
2021-02-04 17:49:27,554: INFO     Formatting data for BedTools
2021-02-04 17:49:28,826: INFO     Create GuideMaker Annotation object
2021-02-04 17:49:28,827: INFO     Identify genomic features
2021-02-04 17:49:28,827: INFO     check if ../all_test_data/Aspergillus_fumigatus.gbk is gzipped
2021-02-04 17:49:31,735: INFO     Total number of CDS/locus in the input genome: 9630
2021-02-04 17:49:31,736: INFO     Find genomic features closest the guides
2021-02-04 17:49:41,004: INFO     Select guides that start between +500 and -500 of a feature start
2021-02-04 17:49:41,628: INFO     Select description columns
2021-02-04 17:49:41,737: INFO     Format the output
2021-02-04 17:49:44,763: INFO     Number of Guides within a gene coordinates i.e. zero Feature distance: 109781
2021-02-04 17:49:46,993: INFO     creating random control guides
2021-02-04 17:49:47,359: INFO     Number of random control searched: 100
2021-02-04 17:49:47,360: INFO     Percentage of GC content in the input genome: 48.82
2021-02-04 17:49:47,360: INFO     Total length of the genome: 28.0 MB
2021-02-04 17:49:47,360: INFO     created 10 control guides with a minimum distance of 7 and a median distance of 8
2021-02-04 17:49:47,362: INFO     guidemaker completed, results are at TEST
2021-02-04 17:49:47,362: INFO     PAM sequence: NGRRT
2021-02-04 17:49:47,362: INFO     PAM orientation: 3prime
2021-02-04 17:49:47,362: INFO     Genome strand(s) searched: both
2021-02-04 17:49:47,362: INFO     Total PAM sites considered: 887427
2021-02-04 17:49:47,362: INFO     Guide RNA candidates found: 220149
	Command being timed: "guidemaker -i ../all_test_data/Aspergillus_fumigatus.gbk --pamseq NGRRT --outdir TEST --pam_orientation 3prime --guidelength 20 --strand both --lcp 11 --dist 3 --before 500 --into 500 --knum 10 --controls 10 --log GM_63828498_3.log --threads 1"
	User time (seconds): 201.17
	System time (seconds): 6.05
	Percent of CPU this job got: 101%
	Elapsed (wall clock) time (h:mm:ss or m:ss): 3:24.41
	Average shared text size (kbytes): 0
	Average unshared data size (kbytes): 0
	Average stack size (kbytes): 0
	Average total size (kbytes): 0
	Maximum resident set size (kbytes): 2853928
	Average resident set size (kbytes): 0
	Major (requiring I/O) page faults: 0
	Minor (reclaiming a frame) page faults: 2892167
	Voluntary context switches: 3147
	Involuntary context switches: 66901
	Swaps: 0
	File system inputs: 8
	File system outputs: 706576
	Socket messages sent: 0
	Socket messages received: 0
	Signals delivered: 0
	Page size (bytes): 4096
	Exit status: 0
My SLURM_ARRAY_TASK_ID:  3
My TMPDIR IS:  /scratch/local/63828498
Input Genome:>>>>>>>>>>>>>>>>>>>>>>>>>>>>>>>>>>>>>>>>>>>  Aspergillus_fumigatus.gbk
Input PAM:>>>>>>>>>>>>>>>>>>>>>>>>>>>>>>>>>>>>>>>>>>>  NGRRT
Threads used:>>>>>>>>>>>>>>>>>>>>>>>>>>>>>>>>>>>>>>>>>>>  2
GuideMaker
2021-02-04 17:49:50,858: INFO     Temp directory is: /scratch/local/63828498/guidemaker_2487o3gm
2021-02-04 17:49:50,858: INFO     Writing fasta file from genbank file(s)
2021-02-04 17:49:50,859: INFO     check if ../all_test_data/Aspergillus_fumigatus.gbk is gzipped
2021-02-04 17:49:54,025: INFO     Identifying PAM sites in the genome
2021-02-04 17:50:24,886: INFO     Checking guides for restriction enzymes
2021-02-04 17:50:25,137: INFO     Number of guides removed after checking for restriction enzymes: 0
2021-02-04 17:50:25,137: INFO     Identifing guides that are unique near the PAM site
2021-02-04 17:50:27,079: INFO     Number of guides removed after checking for unique PAM: 228709
2021-02-04 17:50:27,080: INFO     Indexing all potential guide sites: 887427. This is the longest step.
2021-02-04 17:50:31,335: INFO     M                   = 16
2021-02-04 17:50:31,336: INFO     indexThreadQty      = 2
2021-02-04 17:50:31,336: INFO     efConstruction      = 10
2021-02-04 17:50:31,336: INFO     maxM			          = 16
2021-02-04 17:50:31,336: INFO     maxM0			          = 32
2021-02-04 17:50:31,336: INFO     mult                = 0.360674
2021-02-04 17:50:31,336: INFO     skip_optimized_index= 0
2021-02-04 17:50:31,336: INFO     delaunay_type       = 2
2021-02-04 17:50:31,336: INFO     Set HNSW query-time parameters:
2021-02-04 17:50:31,336: INFO     ef(Search)         =20
2021-02-04 17:50:31,336: INFO     algoType           =2

0%   10   20   30   40   50   60   70   80   90   100%
|----|----|----|----|----|----|----|----|----|----|
***************************************************

0%   10   20   30   40   50   60   70   80   90   100%
|----|----|----|----|----|----|----|----|----|----|
****************************************************2021-02-04 17:51:18,964: INFO     No appropriate custom distance function for Hamming (bit-storage) space
2021-02-04 17:51:18,965: INFO     searchMethod			  = 0
2021-02-04 17:51:19,044: INFO     Identifying guides that have a hamming distance <= 3 to all other potential guides
2021-02-04 17:51:19,961: INFO     Set HNSW query-time parameters:
2021-02-04 17:51:19,961: INFO     ef(Search)         =9
2021-02-04 17:51:19,961: INFO     algoType           =2
2021-02-04 17:52:10,671: INFO     Formatting data for BedTools
2021-02-04 17:52:11,973: INFO     Create GuideMaker Annotation object
2021-02-04 17:52:11,973: INFO     Identify genomic features
2021-02-04 17:52:11,974: INFO     check if ../all_test_data/Aspergillus_fumigatus.gbk is gzipped
2021-02-04 17:52:14,929: INFO     Total number of CDS/locus in the input genome: 9630
2021-02-04 17:52:14,929: INFO     Find genomic features closest the guides
2021-02-04 17:52:23,949: INFO     Select guides that start between +500 and -500 of a feature start
2021-02-04 17:52:24,563: INFO     Select description columns
2021-02-04 17:52:24,671: INFO     Format the output
2021-02-04 17:52:27,699: INFO     Number of Guides within a gene coordinates i.e. zero Feature distance: 109778
2021-02-04 17:52:29,992: INFO     creating random control guides
2021-02-04 17:52:30,470: INFO     Number of random control searched: 100
2021-02-04 17:52:30,470: INFO     Percentage of GC content in the input genome: 48.82
2021-02-04 17:52:30,470: INFO     Total length of the genome: 28.0 MB
2021-02-04 17:52:30,470: INFO     created 10 control guides with a minimum distance of 7 and a median distance of 7
2021-02-04 17:52:30,473: INFO     guidemaker completed, results are at TEST
2021-02-04 17:52:30,473: INFO     PAM sequence: NGRRT
2021-02-04 17:52:30,474: INFO     PAM orientation: 3prime
2021-02-04 17:52:30,474: INFO     Genome strand(s) searched: both
2021-02-04 17:52:30,474: INFO     Total PAM sites considered: 887427
2021-02-04 17:52:30,474: INFO     Guide RNA candidates found: 220168
	Command being timed: "guidemaker -i ../all_test_data/Aspergillus_fumigatus.gbk --pamseq NGRRT --outdir TEST --pam_orientation 3prime --guidelength 20 --strand both --lcp 11 --dist 3 --before 500 --into 500 --knum 10 --controls 10 --log GM_63828498_3.log --threads 2"
	User time (seconds): 216.15
	System time (seconds): 14.86
	Percent of CPU this job got: 141%
	Elapsed (wall clock) time (h:mm:ss or m:ss): 2:43.26
	Average shared text size (kbytes): 0
	Average unshared data size (kbytes): 0
	Average stack size (kbytes): 0
	Average total size (kbytes): 0
	Maximum resident set size (kbytes): 3221708
	Average resident set size (kbytes): 0
	Major (requiring I/O) page faults: 0
	Minor (reclaiming a frame) page faults: 8128598
	Voluntary context switches: 62273
	Involuntary context switches: 145506
	Swaps: 0
	File system inputs: 64
	File system outputs: 706648
	Socket messages sent: 0
	Socket messages received: 0
	Signals delivered: 0
	Page size (bytes): 4096
	Exit status: 0
My SLURM_ARRAY_TASK_ID:  3
My TMPDIR IS:  /scratch/local/63828498
Input Genome:>>>>>>>>>>>>>>>>>>>>>>>>>>>>>>>>>>>>>>>>>>>  Aspergillus_fumigatus.gbk
Input PAM:>>>>>>>>>>>>>>>>>>>>>>>>>>>>>>>>>>>>>>>>>>>  NGRRT
Threads used:>>>>>>>>>>>>>>>>>>>>>>>>>>>>>>>>>>>>>>>>>>>  4
GuideMaker
2021-02-04 17:52:34,164: INFO     Temp directory is: /scratch/local/63828498/guidemaker_t5kfyfos
2021-02-04 17:52:34,165: INFO     Writing fasta file from genbank file(s)
2021-02-04 17:52:34,165: INFO     check if ../all_test_data/Aspergillus_fumigatus.gbk is gzipped
2021-02-04 17:52:37,272: INFO     Identifying PAM sites in the genome
2021-02-04 17:53:08,575: INFO     Checking guides for restriction enzymes
2021-02-04 17:53:08,820: INFO     Number of guides removed after checking for restriction enzymes: 0
2021-02-04 17:53:08,820: INFO     Identifing guides that are unique near the PAM site
2021-02-04 17:53:10,760: INFO     Number of guides removed after checking for unique PAM: 228709
2021-02-04 17:53:10,760: INFO     Indexing all potential guide sites: 887427. This is the longest step.
2021-02-04 17:53:14,910: INFO     M                   = 16
2021-02-04 17:53:14,910: INFO     indexThreadQty      = 4
2021-02-04 17:53:14,910: INFO     efConstruction      = 10
2021-02-04 17:53:14,910: INFO     maxM			          = 16
2021-02-04 17:53:14,910: INFO     maxM0			          = 32
2021-02-04 17:53:14,910: INFO     mult                = 0.360674
2021-02-04 17:53:14,910: INFO     skip_optimized_index= 0
2021-02-04 17:53:14,911: INFO     delaunay_type       = 2
2021-02-04 17:53:14,911: INFO     Set HNSW query-time parameters:
2021-02-04 17:53:14,911: INFO     ef(Search)         =20
2021-02-04 17:53:14,911: INFO     algoType           =2

0%   10   20   30   40   50   60   70   80   90   100%
|----|----|----|----|----|----|----|----|----|----|
***************************************************

0%   10   20   30   40   50   60   70   80   90   100%
|----|----|----|----|----|----|----|----|----|----|
****************************************************2021-02-04 17:53:39,130: INFO     No appropriate custom distance function for Hamming (bit-storage) space
2021-02-04 17:53:39,130: INFO     searchMethod			  = 0
2021-02-04 17:53:39,209: INFO     Identifying guides that have a hamming distance <= 3 to all other potential guides
2021-02-04 17:53:40,123: INFO     Set HNSW query-time parameters:
2021-02-04 17:53:40,123: INFO     ef(Search)         =9
2021-02-04 17:53:40,123: INFO     algoType           =2
2021-02-04 17:54:23,779: INFO     Formatting data for BedTools
2021-02-04 17:54:25,057: INFO     Create GuideMaker Annotation object
2021-02-04 17:54:25,057: INFO     Identify genomic features
2021-02-04 17:54:25,058: INFO     check if ../all_test_data/Aspergillus_fumigatus.gbk is gzipped
2021-02-04 17:54:27,984: INFO     Total number of CDS/locus in the input genome: 9630
2021-02-04 17:54:27,985: INFO     Find genomic features closest the guides
2021-02-04 17:54:37,106: INFO     Select guides that start between +500 and -500 of a feature start
2021-02-04 17:54:37,787: INFO     Select description columns
2021-02-04 17:54:37,898: INFO     Format the output
2021-02-04 17:54:40,669: INFO     Number of Guides within a gene coordinates i.e. zero Feature distance: 109762
2021-02-04 17:54:42,916: INFO     creating random control guides
2021-02-04 17:54:43,342: INFO     Number of random control searched: 100
2021-02-04 17:54:43,342: INFO     Percentage of GC content in the input genome: 48.82
2021-02-04 17:54:43,342: INFO     Total length of the genome: 28.0 MB
2021-02-04 17:54:43,342: INFO     created 10 control guides with a minimum distance of 7 and a median distance of 7
2021-02-04 17:54:43,345: INFO     guidemaker completed, results are at TEST
2021-02-04 17:54:43,345: INFO     PAM sequence: NGRRT
2021-02-04 17:54:43,346: INFO     PAM orientation: 3prime
2021-02-04 17:54:43,346: INFO     Genome strand(s) searched: both
2021-02-04 17:54:43,346: INFO     Total PAM sites considered: 887427
2021-02-04 17:54:43,346: INFO     Guide RNA candidates found: 220126
	Command being timed: "guidemaker -i ../all_test_data/Aspergillus_fumigatus.gbk --pamseq NGRRT --outdir TEST --pam_orientation 3prime --guidelength 20 --strand both --lcp 11 --dist 3 --before 500 --into 500 --knum 10 --controls 10 --log GM_63828498_3.log --threads 4"
	User time (seconds): 219.99
	System time (seconds): 12.39
	Percent of CPU this job got: 175%
	Elapsed (wall clock) time (h:mm:ss or m:ss): 2:12.77
	Average shared text size (kbytes): 0
	Average unshared data size (kbytes): 0
	Average stack size (kbytes): 0
	Average total size (kbytes): 0
	Maximum resident set size (kbytes): 3200164
	Average resident set size (kbytes): 0
	Major (requiring I/O) page faults: 0
	Minor (reclaiming a frame) page faults: 5395295
	Voluntary context switches: 142375
	Involuntary context switches: 1166743
	Swaps: 0
	File system inputs: 312
	File system outputs: 706536
	Socket messages sent: 0
	Socket messages received: 0
	Signals delivered: 0
	Page size (bytes): 4096
	Exit status: 0
My SLURM_ARRAY_TASK_ID:  3
My TMPDIR IS:  /scratch/local/63828498
Input Genome:>>>>>>>>>>>>>>>>>>>>>>>>>>>>>>>>>>>>>>>>>>>  Aspergillus_fumigatus.gbk
Input PAM:>>>>>>>>>>>>>>>>>>>>>>>>>>>>>>>>>>>>>>>>>>>  NGRRT
Threads used:>>>>>>>>>>>>>>>>>>>>>>>>>>>>>>>>>>>>>>>>>>>  8
GuideMaker
2021-02-04 17:54:46,917: INFO     Temp directory is: /scratch/local/63828498/guidemaker_bjk9hfpf
2021-02-04 17:54:46,917: INFO     Writing fasta file from genbank file(s)
2021-02-04 17:54:46,918: INFO     check if ../all_test_data/Aspergillus_fumigatus.gbk is gzipped
2021-02-04 17:54:49,998: INFO     Identifying PAM sites in the genome
2021-02-04 17:55:20,579: INFO     Checking guides for restriction enzymes
2021-02-04 17:55:20,824: INFO     Number of guides removed after checking for restriction enzymes: 0
2021-02-04 17:55:20,825: INFO     Identifing guides that are unique near the PAM site
2021-02-04 17:55:22,789: INFO     Number of guides removed after checking for unique PAM: 228709
2021-02-04 17:55:22,789: INFO     Indexing all potential guide sites: 887427. This is the longest step.
2021-02-04 17:55:27,083: INFO     M                   = 16
2021-02-04 17:55:27,084: INFO     indexThreadQty      = 8
2021-02-04 17:55:27,084: INFO     efConstruction      = 10
2021-02-04 17:55:27,084: INFO     maxM			          = 16
2021-02-04 17:55:27,084: INFO     maxM0			          = 32
2021-02-04 17:55:27,084: INFO     mult                = 0.360674
2021-02-04 17:55:27,084: INFO     skip_optimized_index= 0
2021-02-04 17:55:27,084: INFO     delaunay_type       = 2
2021-02-04 17:55:27,084: INFO     Set HNSW query-time parameters:
2021-02-04 17:55:27,084: INFO     ef(Search)         =20
2021-02-04 17:55:27,084: INFO     algoType           =2

0%   10   20   30   40   50   60   70   80   90   100%
|----|----|----|----|----|----|----|----|----|----|
***************************************************

0%   10   20   30   40   50   60   70   80   90   100%
|----|----|----|----|----|----|----|----|----|----|
****************************************************2021-02-04 17:55:40,491: INFO     No appropriate custom distance function for Hamming (bit-storage) space
2021-02-04 17:55:40,492: INFO     searchMethod			  = 0
2021-02-04 17:55:40,576: INFO     Identifying guides that have a hamming distance <= 3 to all other potential guides
2021-02-04 17:55:41,607: INFO     Set HNSW query-time parameters:
2021-02-04 17:55:41,608: INFO     ef(Search)         =9
2021-02-04 17:55:41,608: INFO     algoType           =2
2021-02-04 17:56:18,055: INFO     Formatting data for BedTools
2021-02-04 17:56:19,382: INFO     Create GuideMaker Annotation object
2021-02-04 17:56:19,383: INFO     Identify genomic features
2021-02-04 17:56:19,383: INFO     check if ../all_test_data/Aspergillus_fumigatus.gbk is gzipped
2021-02-04 17:56:22,280: INFO     Total number of CDS/locus in the input genome: 9630
2021-02-04 17:56:22,280: INFO     Find genomic features closest the guides
2021-02-04 17:56:31,337: INFO     Select guides that start between +500 and -500 of a feature start
2021-02-04 17:56:32,049: INFO     Select description columns
2021-02-04 17:56:32,160: INFO     Format the output
2021-02-04 17:56:35,181: INFO     Number of Guides within a gene coordinates i.e. zero Feature distance: 109765
2021-02-04 17:56:37,435: INFO     creating random control guides
2021-02-04 17:56:37,829: INFO     Number of random control searched: 100
2021-02-04 17:56:37,830: INFO     Percentage of GC content in the input genome: 48.82
2021-02-04 17:56:37,830: INFO     Total length of the genome: 28.0 MB
2021-02-04 17:56:37,830: INFO     created 10 control guides with a minimum distance of 7 and a median distance of 7
2021-02-04 17:56:37,832: INFO     guidemaker completed, results are at TEST
2021-02-04 17:56:37,832: INFO     PAM sequence: NGRRT
2021-02-04 17:56:37,832: INFO     PAM orientation: 3prime
2021-02-04 17:56:37,832: INFO     Genome strand(s) searched: both
2021-02-04 17:56:37,832: INFO     Total PAM sites considered: 887427
2021-02-04 17:56:37,832: INFO     Guide RNA candidates found: 220130
	Command being timed: "guidemaker -i ../all_test_data/Aspergillus_fumigatus.gbk --pamseq NGRRT --outdir TEST --pam_orientation 3prime --guidelength 20 --strand both --lcp 11 --dist 3 --before 500 --into 500 --knum 10 --controls 10 --log GM_63828498_3.log --threads 8"
	User time (seconds): 228.65
	System time (seconds): 12.30
	Percent of CPU this job got: 209%
	Elapsed (wall clock) time (h:mm:ss or m:ss): 1:54.96
	Average shared text size (kbytes): 0
	Average unshared data size (kbytes): 0
	Average stack size (kbytes): 0
	Average total size (kbytes): 0
	Maximum resident set size (kbytes): 3190072
	Average resident set size (kbytes): 0
	Major (requiring I/O) page faults: 0
	Minor (reclaiming a frame) page faults: 4478828
	Voluntary context switches: 231110
	Involuntary context switches: 59939
	Swaps: 0
	File system inputs: 0
	File system outputs: 706472
	Socket messages sent: 0
	Socket messages received: 0
	Signals delivered: 0
	Page size (bytes): 4096
	Exit status: 0
My SLURM_ARRAY_TASK_ID:  3
My TMPDIR IS:  /scratch/local/63828498
Input Genome:>>>>>>>>>>>>>>>>>>>>>>>>>>>>>>>>>>>>>>>>>>>  Aspergillus_fumigatus.gbk
Input PAM:>>>>>>>>>>>>>>>>>>>>>>>>>>>>>>>>>>>>>>>>>>>  NGRRT
Threads used:>>>>>>>>>>>>>>>>>>>>>>>>>>>>>>>>>>>>>>>>>>>  16
GuideMaker
2021-02-04 17:56:41,886: INFO     Temp directory is: /scratch/local/63828498/guidemaker_19qobyt2
2021-02-04 17:56:41,886: INFO     Writing fasta file from genbank file(s)
2021-02-04 17:56:41,887: INFO     check if ../all_test_data/Aspergillus_fumigatus.gbk is gzipped
2021-02-04 17:56:45,009: INFO     Identifying PAM sites in the genome
2021-02-04 17:57:15,707: INFO     Checking guides for restriction enzymes
2021-02-04 17:57:15,952: INFO     Number of guides removed after checking for restriction enzymes: 0
2021-02-04 17:57:15,953: INFO     Identifing guides that are unique near the PAM site
2021-02-04 17:57:17,874: INFO     Number of guides removed after checking for unique PAM: 228709
2021-02-04 17:57:17,874: INFO     Indexing all potential guide sites: 887427. This is the longest step.
2021-02-04 17:57:22,018: INFO     M                   = 16
2021-02-04 17:57:22,019: INFO     indexThreadQty      = 16
2021-02-04 17:57:22,019: INFO     efConstruction      = 10
2021-02-04 17:57:22,019: INFO     maxM			          = 16
2021-02-04 17:57:22,019: INFO     maxM0			          = 32
2021-02-04 17:57:22,019: INFO     mult                = 0.360674
2021-02-04 17:57:22,019: INFO     skip_optimized_index= 0
2021-02-04 17:57:22,019: INFO     delaunay_type       = 2
2021-02-04 17:57:22,019: INFO     Set HNSW query-time parameters:
2021-02-04 17:57:22,019: INFO     ef(Search)         =20
2021-02-04 17:57:22,019: INFO     algoType           =2

0%   10   20   30   40   50   60   70   80   90   100%
|----|----|----|----|----|----|----|----|----|----|
***************************************************

0%   10   20   30   40   50   60   70   80   90   100%
|----|----|----|----|----|----|----|----|----|----|
****************************************************2021-02-04 17:57:29,454: INFO     No appropriate custom distance function for Hamming (bit-storage) space
2021-02-04 17:57:29,454: INFO     searchMethod			  = 0
2021-02-04 17:57:29,536: INFO     Identifying guides that have a hamming distance <= 3 to all other potential guides
2021-02-04 17:57:30,451: INFO     Set HNSW query-time parameters:
2021-02-04 17:57:30,451: INFO     ef(Search)         =9
2021-02-04 17:57:30,451: INFO     algoType           =2
2021-02-04 17:58:06,254: INFO     Formatting data for BedTools
2021-02-04 17:58:07,613: INFO     Create GuideMaker Annotation object
2021-02-04 17:58:07,613: INFO     Identify genomic features
2021-02-04 17:58:07,613: INFO     check if ../all_test_data/Aspergillus_fumigatus.gbk is gzipped
2021-02-04 17:58:10,539: INFO     Total number of CDS/locus in the input genome: 9630
2021-02-04 17:58:10,539: INFO     Find genomic features closest the guides
2021-02-04 17:58:19,560: INFO     Select guides that start between +500 and -500 of a feature start
2021-02-04 17:58:20,256: INFO     Select description columns
2021-02-04 17:58:20,365: INFO     Format the output
2021-02-04 17:58:23,050: INFO     Number of Guides within a gene coordinates i.e. zero Feature distance: 109764
2021-02-04 17:58:25,295: INFO     creating random control guides
2021-02-04 17:58:25,676: INFO     Number of random control searched: 100
2021-02-04 17:58:25,677: INFO     Percentage of GC content in the input genome: 48.82
2021-02-04 17:58:25,677: INFO     Total length of the genome: 28.0 MB
2021-02-04 17:58:25,677: INFO     created 10 control guides with a minimum distance of 7 and a median distance of 7
2021-02-04 17:58:25,679: INFO     guidemaker completed, results are at TEST
2021-02-04 17:58:25,679: INFO     PAM sequence: NGRRT
2021-02-04 17:58:25,679: INFO     PAM orientation: 3prime
2021-02-04 17:58:25,679: INFO     Genome strand(s) searched: both
2021-02-04 17:58:25,680: INFO     Total PAM sites considered: 887427
2021-02-04 17:58:25,680: INFO     Guide RNA candidates found: 220157
	Command being timed: "guidemaker -i ../all_test_data/Aspergillus_fumigatus.gbk --pamseq NGRRT --outdir TEST --pam_orientation 3prime --guidelength 20 --strand both --lcp 11 --dist 3 --before 500 --into 500 --knum 10 --controls 10 --log GM_63828498_3.log --threads 16"
	User time (seconds): 238.50
	System time (seconds): 14.18
	Percent of CPU this job got: 235%
	Elapsed (wall clock) time (h:mm:ss or m:ss): 1:47.38
	Average shared text size (kbytes): 0
	Average unshared data size (kbytes): 0
	Average stack size (kbytes): 0
	Average total size (kbytes): 0
	Maximum resident set size (kbytes): 3202100
	Average resident set size (kbytes): 0
	Major (requiring I/O) page faults: 0
	Minor (reclaiming a frame) page faults: 3718234
	Voluntary context switches: 491545
	Involuntary context switches: 627
	Swaps: 0
	File system inputs: 0
	File system outputs: 706432
	Socket messages sent: 0
	Socket messages received: 0
	Signals delivered: 0
	Page size (bytes): 4096
	Exit status: 0
My SLURM_ARRAY_TASK_ID:  3
My TMPDIR IS:  /scratch/local/63828498
Input Genome:>>>>>>>>>>>>>>>>>>>>>>>>>>>>>>>>>>>>>>>>>>>  Aspergillus_fumigatus.gbk
Input PAM:>>>>>>>>>>>>>>>>>>>>>>>>>>>>>>>>>>>>>>>>>>>  NGRRT
Threads used:>>>>>>>>>>>>>>>>>>>>>>>>>>>>>>>>>>>>>>>>>>>  32
GuideMaker
2021-02-04 17:58:29,281: INFO     Temp directory is: /scratch/local/63828498/guidemaker_eapv07rx
2021-02-04 17:58:29,282: INFO     Writing fasta file from genbank file(s)
2021-02-04 17:58:29,282: INFO     check if ../all_test_data/Aspergillus_fumigatus.gbk is gzipped
2021-02-04 17:58:32,397: INFO     Identifying PAM sites in the genome
2021-02-04 17:59:03,363: INFO     Checking guides for restriction enzymes
2021-02-04 17:59:03,612: INFO     Number of guides removed after checking for restriction enzymes: 0
2021-02-04 17:59:03,612: INFO     Identifing guides that are unique near the PAM site
2021-02-04 17:59:05,562: INFO     Number of guides removed after checking for unique PAM: 228709
2021-02-04 17:59:05,562: INFO     Indexing all potential guide sites: 887427. This is the longest step.
2021-02-04 17:59:09,786: INFO     M                   = 16
2021-02-04 17:59:09,786: INFO     indexThreadQty      = 32
2021-02-04 17:59:09,786: INFO     efConstruction      = 10
2021-02-04 17:59:09,786: INFO     maxM			          = 16
2021-02-04 17:59:09,786: INFO     maxM0			          = 32
2021-02-04 17:59:09,786: INFO     mult                = 0.360674
2021-02-04 17:59:09,786: INFO     skip_optimized_index= 0
2021-02-04 17:59:09,786: INFO     delaunay_type       = 2
2021-02-04 17:59:09,786: INFO     Set HNSW query-time parameters:
2021-02-04 17:59:09,787: INFO     ef(Search)         =20
2021-02-04 17:59:09,787: INFO     algoType           =2

0%   10   20   30   40   50   60   70   80   90   100%
|----|----|----|----|----|----|----|----|----|----|
***************************************************

0%   10   20   30   40   50   60   70   80   90   100%
|----|----|----|----|----|----|----|----|----|----|
*******************************************************
2021-02-04 17:59:14,640: INFO     No appropriate custom distance function for Hamming (bit-storage) space
2021-02-04 17:59:14,641: INFO     searchMethod			  = 0
2021-02-04 17:59:14,720: INFO     Identifying guides that have a hamming distance <= 3 to all other potential guides
2021-02-04 17:59:15,638: INFO     Set HNSW query-time parameters:
2021-02-04 17:59:15,638: INFO     ef(Search)         =9
2021-02-04 17:59:15,638: INFO     algoType           =2
2021-02-04 17:59:48,667: INFO     Formatting data for BedTools
2021-02-04 17:59:49,931: INFO     Create GuideMaker Annotation object
2021-02-04 17:59:49,931: INFO     Identify genomic features
2021-02-04 17:59:49,931: INFO     check if ../all_test_data/Aspergillus_fumigatus.gbk is gzipped
2021-02-04 17:59:52,803: INFO     Total number of CDS/locus in the input genome: 9630
2021-02-04 17:59:52,804: INFO     Find genomic features closest the guides
2021-02-04 18:00:01,793: INFO     Select guides that start between +500 and -500 of a feature start
2021-02-04 18:00:02,402: INFO     Select description columns
2021-02-04 18:00:02,506: INFO     Format the output
2021-02-04 18:00:05,090: INFO     Number of Guides within a gene coordinates i.e. zero Feature distance: 109778
2021-02-04 18:00:07,331: INFO     creating random control guides
2021-02-04 18:00:07,763: INFO     Number of random control searched: 100
2021-02-04 18:00:07,763: INFO     Percentage of GC content in the input genome: 48.82
2021-02-04 18:00:07,763: INFO     Total length of the genome: 28.0 MB
2021-02-04 18:00:07,763: INFO     created 10 control guides with a minimum distance of 7 and a median distance of 7
2021-02-04 18:00:07,766: INFO     guidemaker completed, results are at TEST
2021-02-04 18:00:07,766: INFO     PAM sequence: NGRRT
2021-02-04 18:00:07,766: INFO     PAM orientation: 3prime
2021-02-04 18:00:07,766: INFO     Genome strand(s) searched: both
2021-02-04 18:00:07,766: INFO     Total PAM sites considered: 887427
2021-02-04 18:00:07,766: INFO     Guide RNA candidates found: 220179
	Command being timed: "guidemaker -i ../all_test_data/Aspergillus_fumigatus.gbk --pamseq NGRRT --outdir TEST --pam_orientation 3prime --guidelength 20 --strand both --lcp 11 --dist 3 --before 500 --into 500 --knum 10 --controls 10 --log GM_63828498_3.log --threads 32"
	User time (seconds): 256.11
	System time (seconds): 20.92
	Percent of CPU this job got: 271%
	Elapsed (wall clock) time (h:mm:ss or m:ss): 1:42.16
	Average shared text size (kbytes): 0
	Average unshared data size (kbytes): 0
	Average stack size (kbytes): 0
	Average total size (kbytes): 0
	Maximum resident set size (kbytes): 3260244
	Average resident set size (kbytes): 0
	Major (requiring I/O) page faults: 0
	Minor (reclaiming a frame) page faults: 3264384
	Voluntary context switches: 1068866
	Involuntary context switches: 829
	Swaps: 0
	File system inputs: 0
	File system outputs: 706776
	Socket messages sent: 0
	Socket messages received: 0
	Signals delivered: 0
	Page size (bytes): 4096
	Exit status: 0
