slurmstepd: error: Unable to create TMPDIR [/scratch/local/58616138]: Permission denied
slurmstepd: error: Setting TMPDIR to /tmp
Mon Sep 14 15:17:45 EDT 2020
c34a-s4.ufhpc
/blue/garrett/rp3448/analysis/guidemaker/AVXGuidemaker/GuideMaker
My SLURM_ARRAY_TASK_ID:  2
My TMPDIR IS:  /tmp
Input Genome:>>>>>>>>>>>>>>>>>>>>>>>>>>>>>>>>>>>>>>>>>>>  Aspergillus_fumigatus.gbk
Threads used:>>>>>>>>>>>>>>>>>>>>>>>>>>>>>>>>>>>>>>>>>>>  1
GuideMaker
2020-09-14 15:17:49,184: INFO     Temp directory is: /tmp/guidemaker_r9epy3vn
2020-09-14 15:17:49,185: INFO     Writing fasta file from genbank file(s)
2020-09-14 15:17:49,186: INFO     check if ../../all_test_data/Aspergillus_fumigatus.gbk is gzipped
2020-09-14 15:17:52,584: INFO     Identifying PAM sites in the genome
2020-09-14 15:20:49,817: INFO     Identifing guides that are unique near the PAM site
2020-09-14 15:20:54,699: INFO     Indexing all potential guide sites: 3499744. This is the longest step.
2020-09-14 15:21:11,756: INFO     M                   = 16
2020-09-14 15:21:11,756: INFO     indexThreadQty      = 1
2020-09-14 15:21:11,756: INFO     efConstruction      = 10
2020-09-14 15:21:11,756: INFO     maxM			          = 16
2020-09-14 15:21:11,756: INFO     maxM0			          = 32
2020-09-14 15:21:11,756: INFO     mult                = 0.360674
2020-09-14 15:21:11,756: INFO     skip_optimized_index= 0
2020-09-14 15:21:11,756: INFO     delaunay_type       = 2
2020-09-14 15:21:11,756: INFO     Set HNSW query-time parameters:
2020-09-14 15:21:11,756: INFO     ef(Search)         =20
2020-09-14 15:21:11,757: INFO     algoType           =2

0%   10   20   30   40   50   60   70   80   90   100%
|----|----|----|----|----|----|----|----|----|----|
***************************************************

0%   10   20   30   40   50   60   70   80   90   100%
|----|----|----|----|----|----|----|----|----|----|
***************************************************
*2020-09-14 15:27:19,263: INFO     No appropriate custom distance function for Hamming (bit-storage) space
2020-09-14 15:27:19,725: INFO     searchMethod			  = 0
2020-09-14 15:27:20,020: INFO     Identifying guides that have a hamming distance <= 3 to all other potential guides
2020-09-14 15:27:20,465: INFO     Set HNSW query-time parameters:
2020-09-14 15:27:20,465: INFO     ef(Search)         =9
2020-09-14 15:27:20,466: INFO     algoType           =2
2020-09-14 15:27:39,367: INFO     Formatting data for BedTools
2020-09-14 15:27:39,895: INFO     Create GuideMaker Annotation object
2020-09-14 15:27:39,896: INFO     Identify genomic features
2020-09-14 15:27:39,896: INFO     check if ../../all_test_data/Aspergillus_fumigatus.gbk is gzipped
2020-09-14 15:27:44,172: INFO     Total number of CDS/locus in the input genome: 9630
2020-09-14 15:27:44,172: INFO     Find genomic features closest the guides
2020-09-14 15:27:47,389: INFO     Select guides that start between +100 and -100 of a feature start
2020-09-14 15:27:47,542: INFO     Select description columns
2020-09-14 15:27:47,644: INFO     Format the output
2020-09-14 15:27:47,935: INFO     creating random control guides
2020-09-14 15:27:48,291: INFO     Number of random control searched: 100
2020-09-14 15:27:48,291: INFO     Percentage of GC content in the input genome: 48.82
2020-09-14 15:27:48,291: INFO     Total length of the genome: 28.0 MB
2020-09-14 15:27:48,291: INFO     created 10 control guides with a minimum distance of 7 and a median distance of 7
2020-09-14 15:27:48,293: INFO     guidemaker completed, results are at TEST
2020-09-14 15:27:48,293: INFO     PAM sequence: NGG
2020-09-14 15:27:48,294: INFO     PAM orientation: 5prime
2020-09-14 15:27:48,294: INFO     Genome strand(s) searched: both
2020-09-14 15:27:48,294: INFO     Total PAM sites considered: 3499744
2020-09-14 15:27:48,294: INFO     Guide RNA candidates found: 11439
	Command being timed: "guidemaker -i ../../all_test_data/Aspergillus_fumigatus.gbk --pamseq NGG --outdir TEST --pam_orientation 5prime --guidelength 20 --strand both --lcp 10 --dist 3 --before 100 --into 100 --knum 10 --controls 10 --log GuideMaker_58625672_2.log --threads 1"
	User time (seconds): 597.72
	System time (seconds): 11.14
	Percent of CPU this job got: 100%
	Elapsed (wall clock) time (h:mm:ss or m:ss): 10:06.00
	Average shared text size (kbytes): 0
	Average unshared data size (kbytes): 0
	Average stack size (kbytes): 0
	Average total size (kbytes): 0
	Maximum resident set size (kbytes): 7091728
	Average resident set size (kbytes): 0
	Major (requiring I/O) page faults: 0
	Minor (reclaiming a frame) page faults: 9400494
	Voluntary context switches: 3097
	Involuntary context switches: 1126
	Swaps: 0
	File system inputs: 108408
	File system outputs: 192440
	Socket messages sent: 0
	Socket messages received: 0
	Signals delivered: 0
	Page size (bytes): 4096
	Exit status: 0
My SLURM_ARRAY_TASK_ID:  2
My TMPDIR IS:  /tmp
Input Genome:>>>>>>>>>>>>>>>>>>>>>>>>>>>>>>>>>>>>>>>>>>>  Aspergillus_fumigatus.gbk
Threads used:>>>>>>>>>>>>>>>>>>>>>>>>>>>>>>>>>>>>>>>>>>>  2
GuideMaker
2020-09-14 15:27:55,184: INFO     Temp directory is: /tmp/guidemaker_udzydvkr
2020-09-14 15:27:55,185: INFO     Writing fasta file from genbank file(s)
2020-09-14 15:27:55,185: INFO     check if ../../all_test_data/Aspergillus_fumigatus.gbk is gzipped
2020-09-14 15:27:58,209: INFO     Identifying PAM sites in the genome
2020-09-14 15:30:53,321: INFO     Identifing guides that are unique near the PAM site
2020-09-14 15:30:58,146: INFO     Indexing all potential guide sites: 3499744. This is the longest step.
2020-09-14 15:31:15,373: INFO     M                   = 16
2020-09-14 15:31:15,373: INFO     indexThreadQty      = 2
2020-09-14 15:31:15,373: INFO     efConstruction      = 10
2020-09-14 15:31:15,373: INFO     maxM			          = 16
2020-09-14 15:31:15,373: INFO     maxM0			          = 32
2020-09-14 15:31:15,373: INFO     mult                = 0.360674
2020-09-14 15:31:15,374: INFO     skip_optimized_index= 0
2020-09-14 15:31:15,374: INFO     delaunay_type       = 2
2020-09-14 15:31:15,374: INFO     Set HNSW query-time parameters:
2020-09-14 15:31:15,374: INFO     ef(Search)         =20
2020-09-14 15:31:15,374: INFO     algoType           =2

0%   10   20   30   40   50   60   70   80   90   100%
|----|----|----|----|----|----|----|----|----|----|
***************************************************

0%   10   20   30   40   50   60   70   80   90   100%
|----|----|----|----|----|----|----|----|----|----|
****************************************************2020-09-14 15:35:15,051: INFO     No appropriate custom distance function for Hamming (bit-storage) space
2020-09-14 15:35:15,051: INFO     searchMethod			  = 0
2020-09-14 15:35:15,364: INFO     Identifying guides that have a hamming distance <= 3 to all other potential guides
2020-09-14 15:35:15,844: INFO     Set HNSW query-time parameters:
2020-09-14 15:35:15,844: INFO     ef(Search)         =9
2020-09-14 15:35:15,844: INFO     algoType           =2
2020-09-14 15:35:31,854: INFO     Formatting data for BedTools
2020-09-14 15:35:32,345: INFO     Create GuideMaker Annotation object
2020-09-14 15:35:32,345: INFO     Identify genomic features
2020-09-14 15:35:32,345: INFO     check if ../../all_test_data/Aspergillus_fumigatus.gbk is gzipped
2020-09-14 15:35:36,642: INFO     Total number of CDS/locus in the input genome: 9630
2020-09-14 15:35:36,642: INFO     Find genomic features closest the guides
2020-09-14 15:35:40,112: INFO     Select guides that start between +100 and -100 of a feature start
2020-09-14 15:35:40,262: INFO     Select description columns
2020-09-14 15:35:40,362: INFO     Format the output
2020-09-14 15:35:40,644: INFO     creating random control guides
2020-09-14 15:35:41,129: INFO     Number of random control searched: 100
2020-09-14 15:35:41,130: INFO     Percentage of GC content in the input genome: 48.82
2020-09-14 15:35:41,130: INFO     Total length of the genome: 28.0 MB
2020-09-14 15:35:41,130: INFO     created 10 control guides with a minimum distance of 7 and a median distance of 7
2020-09-14 15:35:41,132: INFO     guidemaker completed, results are at TEST
2020-09-14 15:35:41,132: INFO     PAM sequence: NGG
2020-09-14 15:35:41,132: INFO     PAM orientation: 5prime
2020-09-14 15:35:41,132: INFO     Genome strand(s) searched: both
2020-09-14 15:35:41,132: INFO     Total PAM sites considered: 3499744
2020-09-14 15:35:41,132: INFO     Guide RNA candidates found: 11438
	Command being timed: "guidemaker -i ../../all_test_data/Aspergillus_fumigatus.gbk --pamseq NGG --outdir TEST --pam_orientation 5prime --guidelength 20 --strand both --lcp 10 --dist 3 --before 100 --into 100 --knum 10 --controls 10 --log GuideMaker_58625672_2.log --threads 2"
	User time (seconds): 670.61
	System time (seconds): 46.80
	Percent of CPU this job got: 151%
	Elapsed (wall clock) time (h:mm:ss or m:ss): 7:53.65
	Average shared text size (kbytes): 0
	Average unshared data size (kbytes): 0
	Average stack size (kbytes): 0
	Average total size (kbytes): 0
	Maximum resident set size (kbytes): 7112892
	Average resident set size (kbytes): 0
	Major (requiring I/O) page faults: 0
	Minor (reclaiming a frame) page faults: 28854115
	Voluntary context switches: 276356
	Involuntary context switches: 667505
	Swaps: 0
	File system inputs: 0
	File system outputs: 192384
	Socket messages sent: 0
	Socket messages received: 0
	Signals delivered: 0
	Page size (bytes): 4096
	Exit status: 0
My SLURM_ARRAY_TASK_ID:  2
My TMPDIR IS:  /tmp
Input Genome:>>>>>>>>>>>>>>>>>>>>>>>>>>>>>>>>>>>>>>>>>>>  Aspergillus_fumigatus.gbk
Threads used:>>>>>>>>>>>>>>>>>>>>>>>>>>>>>>>>>>>>>>>>>>>  4
GuideMaker
2020-09-14 15:35:48,855: INFO     Temp directory is: /tmp/guidemaker_zyiylwql
2020-09-14 15:35:48,856: INFO     Writing fasta file from genbank file(s)
2020-09-14 15:35:48,856: INFO     check if ../../all_test_data/Aspergillus_fumigatus.gbk is gzipped
2020-09-14 15:35:51,996: INFO     Identifying PAM sites in the genome
2020-09-14 15:38:45,429: INFO     Identifing guides that are unique near the PAM site
2020-09-14 15:38:50,293: INFO     Indexing all potential guide sites: 3499744. This is the longest step.
2020-09-14 15:39:07,828: INFO     M                   = 16
2020-09-14 15:39:07,828: INFO     indexThreadQty      = 4
2020-09-14 15:39:07,828: INFO     efConstruction      = 10
2020-09-14 15:39:07,829: INFO     maxM			          = 16
2020-09-14 15:39:07,829: INFO     maxM0			          = 32
2020-09-14 15:39:07,829: INFO     mult                = 0.360674
2020-09-14 15:39:07,829: INFO     skip_optimized_index= 0
2020-09-14 15:39:07,829: INFO     delaunay_type       = 2
2020-09-14 15:39:07,829: INFO     Set HNSW query-time parameters:
2020-09-14 15:39:07,829: INFO     ef(Search)         =20
2020-09-14 15:39:07,829: INFO     algoType           =2

0%   10   20   30   40   50   60   70   80   90   100%
|----|----|----|----|----|----|----|----|----|----|
***************************************************

0%   10   20   30   40   50   60   70   80   90   100%
|----|----|----|----|----|----|----|----|----|----|
****************************************************


2020-09-14 15:41:22,906: INFO     No appropriate custom distance function for Hamming (bit-storage) space
2020-09-14 15:41:22,907: INFO     searchMethod			  = 0
2020-09-14 15:41:23,210: INFO     Identifying guides that have a hamming distance <= 3 to all other potential guides
2020-09-14 15:41:23,656: INFO     Set HNSW query-time parameters:
2020-09-14 15:41:23,656: INFO     ef(Search)         =9
2020-09-14 15:41:23,656: INFO     algoType           =2
2020-09-14 15:41:36,251: INFO     Formatting data for BedTools
2020-09-14 15:41:36,744: INFO     Create GuideMaker Annotation object
2020-09-14 15:41:36,744: INFO     Identify genomic features
2020-09-14 15:41:36,745: INFO     check if ../../all_test_data/Aspergillus_fumigatus.gbk is gzipped
2020-09-14 15:41:40,923: INFO     Total number of CDS/locus in the input genome: 9630
2020-09-14 15:41:40,923: INFO     Find genomic features closest the guides
2020-09-14 15:41:44,399: INFO     Select guides that start between +100 and -100 of a feature start
2020-09-14 15:41:44,575: INFO     Select description columns
2020-09-14 15:41:44,677: INFO     Format the output
2020-09-14 15:41:44,963: INFO     creating random control guides
2020-09-14 15:41:45,390: INFO     Number of random control searched: 100
2020-09-14 15:41:45,390: INFO     Percentage of GC content in the input genome: 48.82
2020-09-14 15:41:45,390: INFO     Total length of the genome: 28.0 MB
2020-09-14 15:41:45,390: INFO     created 10 control guides with a minimum distance of 7 and a median distance of 7
2020-09-14 15:41:45,393: INFO     guidemaker completed, results are at TEST
2020-09-14 15:41:45,393: INFO     PAM sequence: NGG
2020-09-14 15:41:45,393: INFO     PAM orientation: 5prime
2020-09-14 15:41:45,393: INFO     Genome strand(s) searched: both
2020-09-14 15:41:45,393: INFO     Total PAM sites considered: 3499744
2020-09-14 15:41:45,393: INFO     Guide RNA candidates found: 11443
	Command being timed: "guidemaker -i ../../all_test_data/Aspergillus_fumigatus.gbk --pamseq NGG --outdir TEST --pam_orientation 5prime --guidelength 20 --strand both --lcp 10 --dist 3 --before 100 --into 100 --knum 10 --controls 10 --log GuideMaker_58625672_2.log --threads 4"
	User time (seconds): 712.05
	System time (seconds): 53.49
	Percent of CPU this job got: 210%
	Elapsed (wall clock) time (h:mm:ss or m:ss): 6:04.37
	Average shared text size (kbytes): 0
	Average unshared data size (kbytes): 0
	Average stack size (kbytes): 0
	Average total size (kbytes): 0
	Maximum resident set size (kbytes): 7128780
	Average resident set size (kbytes): 0
	Major (requiring I/O) page faults: 0
	Minor (reclaiming a frame) page faults: 29309110
	Voluntary context switches: 691847
	Involuntary context switches: 1411
	Swaps: 0
	File system inputs: 0
	File system outputs: 192336
	Socket messages sent: 0
	Socket messages received: 0
	Signals delivered: 0
	Page size (bytes): 4096
	Exit status: 0
My SLURM_ARRAY_TASK_ID:  2
My TMPDIR IS:  /tmp
Input Genome:>>>>>>>>>>>>>>>>>>>>>>>>>>>>>>>>>>>>>>>>>>>  Aspergillus_fumigatus.gbk
Threads used:>>>>>>>>>>>>>>>>>>>>>>>>>>>>>>>>>>>>>>>>>>>  8
GuideMaker
2020-09-14 15:41:53,207: INFO     Temp directory is: /tmp/guidemaker_slby9a4_
2020-09-14 15:41:53,208: INFO     Writing fasta file from genbank file(s)
2020-09-14 15:41:53,208: INFO     check if ../../all_test_data/Aspergillus_fumigatus.gbk is gzipped
2020-09-14 15:41:56,329: INFO     Identifying PAM sites in the genome
2020-09-14 15:44:51,000: INFO     Identifing guides that are unique near the PAM site
2020-09-14 15:44:56,061: INFO     Indexing all potential guide sites: 3499744. This is the longest step.
2020-09-14 15:45:12,565: INFO     M                   = 16
2020-09-14 15:45:12,566: INFO     indexThreadQty      = 8
2020-09-14 15:45:12,566: INFO     efConstruction      = 10
2020-09-14 15:45:12,566: INFO     maxM			          = 16
2020-09-14 15:45:12,566: INFO     maxM0			          = 32
2020-09-14 15:45:12,566: INFO     mult                = 0.360674
2020-09-14 15:45:12,566: INFO     skip_optimized_index= 0
2020-09-14 15:45:12,566: INFO     delaunay_type       = 2
2020-09-14 15:45:12,566: INFO     Set HNSW query-time parameters:
2020-09-14 15:45:12,566: INFO     ef(Search)         =20
2020-09-14 15:45:12,567: INFO     algoType           =2

0%   10   20   30   40   50   60   70   80   90   100%
|----|----|----|----|----|----|----|----|----|----|
***************************************************

0%   10   20   30   40   50   60   70   80   90   100%
|----|----|----|----|----|----|----|----|----|----|
****************************************************2020-09-14 15:46:24,167: INFO     No appropriate custom distance function for Hamming (bit-storage) space
2020-09-14 15:46:24,167: INFO     searchMethod			  = 0
2020-09-14 15:46:24,485: INFO     Identifying guides that have a hamming distance <= 3 to all other potential guides
2020-09-14 15:46:24,951: INFO     Set HNSW query-time parameters:
2020-09-14 15:46:24,952: INFO     ef(Search)         =9
2020-09-14 15:46:24,952: INFO     algoType           =2
2020-09-14 15:46:35,990: INFO     Formatting data for BedTools
2020-09-14 15:46:36,513: INFO     Create GuideMaker Annotation object
2020-09-14 15:46:36,514: INFO     Identify genomic features
2020-09-14 15:46:36,514: INFO     check if ../../all_test_data/Aspergillus_fumigatus.gbk is gzipped
2020-09-14 15:46:40,780: INFO     Total number of CDS/locus in the input genome: 9630
2020-09-14 15:46:40,781: INFO     Find genomic features closest the guides
2020-09-14 15:46:44,269: INFO     Select guides that start between +100 and -100 of a feature start
2020-09-14 15:46:44,449: INFO     Select description columns
2020-09-14 15:46:44,552: INFO     Format the output
2020-09-14 15:46:44,861: INFO     creating random control guides
2020-09-14 15:46:45,326: INFO     Number of random control searched: 100
2020-09-14 15:46:45,326: INFO     Percentage of GC content in the input genome: 48.82
2020-09-14 15:46:45,326: INFO     Total length of the genome: 28.0 MB
2020-09-14 15:46:45,326: INFO     created 10 control guides with a minimum distance of 7 and a median distance of 7
2020-09-14 15:46:45,328: INFO     guidemaker completed, results are at TEST
2020-09-14 15:46:45,328: INFO     PAM sequence: NGG
2020-09-14 15:46:45,328: INFO     PAM orientation: 5prime
2020-09-14 15:46:45,329: INFO     Genome strand(s) searched: both
2020-09-14 15:46:45,329: INFO     Total PAM sites considered: 3499744
2020-09-14 15:46:45,329: INFO     Guide RNA candidates found: 11437
	Command being timed: "guidemaker -i ../../all_test_data/Aspergillus_fumigatus.gbk --pamseq NGG --outdir TEST --pam_orientation 5prime --guidelength 20 --strand both --lcp 10 --dist 3 --before 100 --into 100 --knum 10 --controls 10 --log GuideMaker_58625672_2.log --threads 8"
	User time (seconds): 742.85
	System time (seconds): 45.80
	Percent of CPU this job got: 262%
	Elapsed (wall clock) time (h:mm:ss or m:ss): 5:00.32
	Average shared text size (kbytes): 0
	Average unshared data size (kbytes): 0
	Average stack size (kbytes): 0
	Average total size (kbytes): 0
	Maximum resident set size (kbytes): 7149724
	Average resident set size (kbytes): 0
	Major (requiring I/O) page faults: 0
	Minor (reclaiming a frame) page faults: 20650236
	Voluntary context switches: 1111590
	Involuntary context switches: 140116
	Swaps: 0
	File system inputs: 0
	File system outputs: 192320
	Socket messages sent: 0
	Socket messages received: 0
	Signals delivered: 0
	Page size (bytes): 4096
	Exit status: 0
My SLURM_ARRAY_TASK_ID:  2
My TMPDIR IS:  /tmp
Input Genome:>>>>>>>>>>>>>>>>>>>>>>>>>>>>>>>>>>>>>>>>>>>  Aspergillus_fumigatus.gbk
Threads used:>>>>>>>>>>>>>>>>>>>>>>>>>>>>>>>>>>>>>>>>>>>  16
GuideMaker
2020-09-14 15:46:53,565: INFO     Temp directory is: /tmp/guidemaker_rbzhi42h
2020-09-14 15:46:53,565: INFO     Writing fasta file from genbank file(s)
2020-09-14 15:46:53,566: INFO     check if ../../all_test_data/Aspergillus_fumigatus.gbk is gzipped
2020-09-14 15:46:56,684: INFO     Identifying PAM sites in the genome
2020-09-14 15:50:01,369: INFO     Identifing guides that are unique near the PAM site
2020-09-14 15:50:06,255: INFO     Indexing all potential guide sites: 3499744. This is the longest step.
2020-09-14 15:50:23,799: INFO     M                   = 16
2020-09-14 15:50:23,799: INFO     indexThreadQty      = 16
2020-09-14 15:50:23,799: INFO     efConstruction      = 10
2020-09-14 15:50:23,799: INFO     maxM			          = 16
2020-09-14 15:50:23,799: INFO     maxM0			          = 32
2020-09-14 15:50:23,800: INFO     mult                = 0.360674
2020-09-14 15:50:23,800: INFO     skip_optimized_index= 0
2020-09-14 15:50:23,800: INFO     delaunay_type       = 2
2020-09-14 15:50:23,800: INFO     Set HNSW query-time parameters:
2020-09-14 15:50:23,800: INFO     ef(Search)         =20
2020-09-14 15:50:23,800: INFO     algoType           =2

0%   10   20   30   40   50   60   70   80   90   100%
|----|----|----|----|----|----|----|----|----|----|
***************************************************

0%   10   20   30   40   50   60   70   80   90   100%
|----|----|----|----|----|----|----|----|----|----|
********************************************************2020-09-14 15:51:03,915: INFO     No appropriate custom distance function for Hamming (bit-storage) space
2020-09-14 15:51:03,915: INFO     searchMethod			  = 0
2020-09-14 15:51:04,218: INFO     Identifying guides that have a hamming distance <= 3 to all other potential guides
2020-09-14 15:51:04,653: INFO     Set HNSW query-time parameters:
2020-09-14 15:51:04,653: INFO     ef(Search)         =9
2020-09-14 15:51:04,653: INFO     algoType           =2
2020-09-14 15:51:14,311: INFO     Formatting data for BedTools
2020-09-14 15:51:14,809: INFO     Create GuideMaker Annotation object
2020-09-14 15:51:14,809: INFO     Identify genomic features
2020-09-14 15:51:14,809: INFO     check if ../../all_test_data/Aspergillus_fumigatus.gbk is gzipped
2020-09-14 15:51:18,986: INFO     Total number of CDS/locus in the input genome: 9630
2020-09-14 15:51:18,986: INFO     Find genomic features closest the guides
2020-09-14 15:51:22,412: INFO     Select guides that start between +100 and -100 of a feature start
2020-09-14 15:51:22,561: INFO     Select description columns
2020-09-14 15:51:22,660: INFO     Format the output
2020-09-14 15:51:22,940: INFO     creating random control guides
2020-09-14 15:51:23,338: INFO     Number of random control searched: 100
2020-09-14 15:51:23,338: INFO     Percentage of GC content in the input genome: 48.82
2020-09-14 15:51:23,338: INFO     Total length of the genome: 28.0 MB
2020-09-14 15:51:23,338: INFO     created 10 control guides with a minimum distance of 7 and a median distance of 7
2020-09-14 15:51:23,341: INFO     guidemaker completed, results are at TEST
2020-09-14 15:51:23,341: INFO     PAM sequence: NGG
2020-09-14 15:51:23,341: INFO     PAM orientation: 5prime
2020-09-14 15:51:23,341: INFO     Genome strand(s) searched: both
2020-09-14 15:51:23,341: INFO     Total PAM sites considered: 3499744
2020-09-14 15:51:23,341: INFO     Guide RNA candidates found: 11442
	Command being timed: "guidemaker -i ../../all_test_data/Aspergillus_fumigatus.gbk --pamseq NGG --outdir TEST --pam_orientation 5prime --guidelength 20 --strand both --lcp 10 --dist 3 --before 100 --into 100 --knum 10 --controls 10 --log GuideMaker_58625672_2.log --threads 16"
	User time (seconds): 786.91
	System time (seconds): 49.87
	Percent of CPU this job got: 300%
	Elapsed (wall clock) time (h:mm:ss or m:ss): 4:38.13
	Average shared text size (kbytes): 0
	Average unshared data size (kbytes): 0
	Average stack size (kbytes): 0
	Average total size (kbytes): 0
	Maximum resident set size (kbytes): 7201120
	Average resident set size (kbytes): 0
	Major (requiring I/O) page faults: 0
	Minor (reclaiming a frame) page faults: 13691210
	Voluntary context switches: 2181874
	Involuntary context switches: 1359
	Swaps: 0
	File system inputs: 0
	File system outputs: 192288
	Socket messages sent: 0
	Socket messages received: 0
	Signals delivered: 0
	Page size (bytes): 4096
	Exit status: 0
My SLURM_ARRAY_TASK_ID:  2
My TMPDIR IS:  /tmp
Input Genome:>>>>>>>>>>>>>>>>>>>>>>>>>>>>>>>>>>>>>>>>>>>  Aspergillus_fumigatus.gbk
Threads used:>>>>>>>>>>>>>>>>>>>>>>>>>>>>>>>>>>>>>>>>>>>  32
GuideMaker
2020-09-14 15:51:31,668: INFO     Temp directory is: /tmp/guidemaker_rpg6bu82
2020-09-14 15:51:31,668: INFO     Writing fasta file from genbank file(s)
2020-09-14 15:51:31,668: INFO     check if ../../all_test_data/Aspergillus_fumigatus.gbk is gzipped
2020-09-14 15:51:34,748: INFO     Identifying PAM sites in the genome
2020-09-14 15:54:30,882: INFO     Identifing guides that are unique near the PAM site
2020-09-14 15:54:35,737: INFO     Indexing all potential guide sites: 3499744. This is the longest step.
2020-09-14 15:54:53,048: INFO     M                   = 16
2020-09-14 15:54:53,048: INFO     indexThreadQty      = 32
2020-09-14 15:54:53,048: INFO     efConstruction      = 10
2020-09-14 15:54:53,048: INFO     maxM			          = 16
2020-09-14 15:54:53,048: INFO     maxM0			          = 32
2020-09-14 15:54:53,048: INFO     mult                = 0.360674
2020-09-14 15:54:53,048: INFO     skip_optimized_index= 0
2020-09-14 15:54:53,048: INFO     delaunay_type       = 2
2020-09-14 15:54:53,048: INFO     Set HNSW query-time parameters:
2020-09-14 15:54:53,048: INFO     ef(Search)         =20
2020-09-14 15:54:53,049: INFO     algoType           =2

0%   10   20   30   40   50   60   70   80   90   100%
|----|----|----|----|----|----|----|----|----|----|
***************************************************

0%   10   20   30   40   50   60   70   80   90   100%
|----|----|----|----|----|----|----|----|----|----|
****************************************************2020-09-14 15:55:19,808: INFO     No appropriate custom distance function for Hamming (bit-storage) space
2020-09-14 15:55:19,808: INFO     searchMethod			  = 0
2020-09-14 15:55:20,101: INFO     Identifying guides that have a hamming distance <= 3 to all other potential guides
2020-09-14 15:55:20,550: INFO     Set HNSW query-time parameters:
2020-09-14 15:55:20,550: INFO     ef(Search)         =9
2020-09-14 15:55:20,550: INFO     algoType           =2
2020-09-14 15:55:30,312: INFO     Formatting data for BedTools
2020-09-14 15:55:30,805: INFO     Create GuideMaker Annotation object
2020-09-14 15:55:30,805: INFO     Identify genomic features
2020-09-14 15:55:30,805: INFO     check if ../../all_test_data/Aspergillus_fumigatus.gbk is gzipped
2020-09-14 15:55:34,910: INFO     Total number of CDS/locus in the input genome: 9630
2020-09-14 15:55:34,910: INFO     Find genomic features closest the guides
2020-09-14 15:55:38,518: INFO     Select guides that start between +100 and -100 of a feature start
2020-09-14 15:55:38,701: INFO     Select description columns
2020-09-14 15:55:38,818: INFO     Format the output
2020-09-14 15:55:39,138: INFO     creating random control guides
2020-09-14 15:55:39,628: INFO     Number of random control searched: 100
2020-09-14 15:55:39,628: INFO     Percentage of GC content in the input genome: 48.82
2020-09-14 15:55:39,628: INFO     Total length of the genome: 28.0 MB
2020-09-14 15:55:39,628: INFO     created 10 control guides with a minimum distance of 7 and a median distance of 7
2020-09-14 15:55:39,631: INFO     guidemaker completed, results are at TEST
2020-09-14 15:55:39,631: INFO     PAM sequence: NGG
2020-09-14 15:55:39,631: INFO     PAM orientation: 5prime
2020-09-14 15:55:39,631: INFO     Genome strand(s) searched: both
2020-09-14 15:55:39,631: INFO     Total PAM sites considered: 3499744
2020-09-14 15:55:39,631: INFO     Guide RNA candidates found: 11434
	Command being timed: "guidemaker -i ../../all_test_data/Aspergillus_fumigatus.gbk --pamseq NGG --outdir TEST --pam_orientation 5prime --guidelength 20 --strand both --lcp 10 --dist 3 --before 100 --into 100 --knum 10 --controls 10 --log GuideMaker_58625672_2.log --threads 32"
	User time (seconds): 832.78
	System time (seconds): 82.53
	Percent of CPU this job got: 357%
	Elapsed (wall clock) time (h:mm:ss or m:ss): 4:15.81
	Average shared text size (kbytes): 0
	Average unshared data size (kbytes): 0
	Average stack size (kbytes): 0
	Average total size (kbytes): 0
	Maximum resident set size (kbytes): 7260944
	Average resident set size (kbytes): 0
	Major (requiring I/O) page faults: 0
	Minor (reclaiming a frame) page faults: 11768191
	Voluntary context switches: 4558467
	Involuntary context switches: 145087
	Swaps: 0
	File system inputs: 0
	File system outputs: 192208
	Socket messages sent: 0
	Socket messages received: 0
	Signals delivered: 0
	Page size (bytes): 4096
	Exit status: 0
