Thu Feb  4 16:54:40 EST 2021
c22b-s27.ufhpc
/blue/garrett/rp3448/analysis/guidemaker/AVXGuidemaker
My SLURM_ARRAY_TASK_ID:  4
My TMPDIR IS:  /scratch/local/63826028
Input Genome:>>>>>>>>>>>>>>>>>>>>>>>>>>>>>>>>>>>>>>>>>>>  Pseudomonas_aeruginosa_PAO1_107.gbk
Input PAM:>>>>>>>>>>>>>>>>>>>>>>>>>>>>>>>>>>>>>>>>>>>  NGRRT
Threads used:>>>>>>>>>>>>>>>>>>>>>>>>>>>>>>>>>>>>>>>>>>>  1
GuideMaker
2021-02-04 16:54:46,093: INFO     Temp directory is: /scratch/local/63826028/guidemaker_obnwokdw
2021-02-04 16:54:46,094: INFO     Writing fasta file from genbank file(s)
2021-02-04 16:54:46,095: INFO     check if ../all_test_data/Pseudomonas_aeruginosa_PAO1_107.gbk is gzipped
/home/rp3448/.conda/envs/AVX2/lib/python3.7/site-packages/Bio/GenBank/Scanner.py:1400: BiopythonParserWarning: Truncated LOCUS line found - is this correct?
:'LOCUS       NC_002516            6264404 bp    dna     circular UNK \n'
  BiopythonParserWarning,
/home/rp3448/.conda/envs/AVX2/lib/python3.7/site-packages/Bio/GenBank/__init__.py:762: BiopythonParserWarning: Non-upper case molecule type in LOCUS line: dna
  BiopythonParserWarning,
2021-02-04 16:54:46,902: INFO     Identifying PAM sites in the genome
2021-02-04 16:54:52,853: INFO     Checking guides for restriction enzymes
2021-02-04 16:54:52,891: INFO     Number of guides removed after checking for restriction enzymes: 0
2021-02-04 16:54:52,891: INFO     Identifing guides that are unique near the PAM site
2021-02-04 16:54:53,095: INFO     Number of guides removed after checking for unique PAM: 31221
2021-02-04 16:54:53,095: INFO     Indexing all potential guide sites: 132115. This is the longest step.
2021-02-04 16:54:53,778: INFO     M                   = 16
2021-02-04 16:54:53,779: INFO     indexThreadQty      = 1
2021-02-04 16:54:53,779: INFO     efConstruction      = 10
2021-02-04 16:54:53,779: INFO     maxM			          = 16
2021-02-04 16:54:53,779: INFO     maxM0			          = 32
2021-02-04 16:54:53,779: INFO     mult                = 0.360674
2021-02-04 16:54:53,779: INFO     skip_optimized_index= 0
2021-02-04 16:54:53,779: INFO     delaunay_type       = 2
2021-02-04 16:54:53,779: INFO     Set HNSW query-time parameters:
2021-02-04 16:54:53,779: INFO     ef(Search)         =20
2021-02-04 16:54:53,779: INFO     algoType           =2

0%   10   20   30   40   50   60   70   80   90   100%
|----|----|----|----|----|----|----|----|----|----|
***************************************************

0%   10   20   30   40   50   60   70   80   90   100%
|----|----|----|----|----|----|----|----|----|----|
***************************************************
*2021-02-04 16:55:01,308: INFO     No appropriate custom distance function for Hamming (bit-storage) space
2021-02-04 16:55:01,308: INFO     searchMethod			  = 0
2021-02-04 16:55:01,319: INFO     Identifying guides that have a hamming distance <= 3 to all other potential guides
2021-02-04 16:55:01,470: INFO     Set HNSW query-time parameters:
2021-02-04 16:55:01,470: INFO     ef(Search)         =9
2021-02-04 16:55:01,470: INFO     algoType           =2
2021-02-04 16:55:08,140: INFO     Formatting data for BedTools
2021-02-04 16:55:08,308: INFO     Create GuideMaker Annotation object
2021-02-04 16:55:08,309: INFO     Identify genomic features
2021-02-04 16:55:08,309: INFO     check if ../all_test_data/Pseudomonas_aeruginosa_PAO1_107.gbk is gzipped
2021-02-04 16:55:09,286: INFO     Total number of CDS/locus in the input genome: 5584
2021-02-04 16:55:09,286: INFO     Find genomic features closest the guides
2021-02-04 16:55:10,686: INFO     Select guides that start between +500 and -500 of a feature start
2021-02-04 16:55:10,845: INFO     Select description columns
2021-02-04 16:55:10,893: INFO     Format the output
2021-02-04 16:55:11,617: INFO     Number of Guides within a gene coordinates i.e. zero Feature distance: 41572
2021-02-04 16:55:12,561: INFO     creating random control guides
2021-02-04 16:55:12,653: INFO     Number of random control searched: 100
2021-02-04 16:55:12,653: INFO     Percentage of GC content in the input genome: 66.56
2021-02-04 16:55:12,653: INFO     Total length of the genome: 6.0 MB
2021-02-04 16:55:12,653: INFO     created 10 control guides with a minimum distance of 7 and a median distance of 8
2021-02-04 16:55:12,656: INFO     guidemaker completed, results are at TEST
2021-02-04 16:55:12,656: INFO     PAM sequence: NGRRT
2021-02-04 16:55:12,656: INFO     PAM orientation: 3prime
2021-02-04 16:55:12,656: INFO     Genome strand(s) searched: both
2021-02-04 16:55:12,656: INFO     Total PAM sites considered: 132115
2021-02-04 16:55:12,656: INFO     Guide RNA candidates found: 73762
	Command being timed: "guidemaker -i ../all_test_data/Pseudomonas_aeruginosa_PAO1_107.gbk --pamseq NGRRT --outdir TEST --pam_orientation 3prime --guidelength 20 --strand both --lcp 11 --dist 3 --before 500 --into 500 --knum 10 --controls 10 --log GM_63826028_4.log --threads 1"
	User time (seconds): 28.58
	System time (seconds): 2.46
	Percent of CPU this job got: 110%
	Elapsed (wall clock) time (h:mm:ss or m:ss): 0:28.05
	Average shared text size (kbytes): 0
	Average unshared data size (kbytes): 0
	Average stack size (kbytes): 0
	Average total size (kbytes): 0
	Maximum resident set size (kbytes): 531660
	Average resident set size (kbytes): 0
	Major (requiring I/O) page faults: 0
	Minor (reclaiming a frame) page faults: 571880
	Voluntary context switches: 3026
	Involuntary context switches: 499
	Swaps: 0
	File system inputs: 296
	File system outputs: 174512
	Socket messages sent: 0
	Socket messages received: 0
	Signals delivered: 0
	Page size (bytes): 4096
	Exit status: 0
My SLURM_ARRAY_TASK_ID:  4
My TMPDIR IS:  /scratch/local/63826028
Input Genome:>>>>>>>>>>>>>>>>>>>>>>>>>>>>>>>>>>>>>>>>>>>  Pseudomonas_aeruginosa_PAO1_107.gbk
Input PAM:>>>>>>>>>>>>>>>>>>>>>>>>>>>>>>>>>>>>>>>>>>>  NGRRT
Threads used:>>>>>>>>>>>>>>>>>>>>>>>>>>>>>>>>>>>>>>>>>>>  2
GuideMaker
2021-02-04 16:55:13,847: INFO     Temp directory is: /scratch/local/63826028/guidemaker_gb9my1_5
2021-02-04 16:55:13,847: INFO     Writing fasta file from genbank file(s)
2021-02-04 16:55:13,848: INFO     check if ../all_test_data/Pseudomonas_aeruginosa_PAO1_107.gbk is gzipped
/home/rp3448/.conda/envs/AVX2/lib/python3.7/site-packages/Bio/GenBank/Scanner.py:1400: BiopythonParserWarning: Truncated LOCUS line found - is this correct?
:'LOCUS       NC_002516            6264404 bp    dna     circular UNK \n'
  BiopythonParserWarning,
/home/rp3448/.conda/envs/AVX2/lib/python3.7/site-packages/Bio/GenBank/__init__.py:762: BiopythonParserWarning: Non-upper case molecule type in LOCUS line: dna
  BiopythonParserWarning,
2021-02-04 16:55:14,642: INFO     Identifying PAM sites in the genome
2021-02-04 16:55:19,703: INFO     Checking guides for restriction enzymes
2021-02-04 16:55:19,738: INFO     Number of guides removed after checking for restriction enzymes: 0
2021-02-04 16:55:19,738: INFO     Identifing guides that are unique near the PAM site
2021-02-04 16:55:19,933: INFO     Number of guides removed after checking for unique PAM: 31221
2021-02-04 16:55:19,933: INFO     Indexing all potential guide sites: 132115. This is the longest step.
2021-02-04 16:55:20,557: INFO     M                   = 16
2021-02-04 16:55:20,557: INFO     indexThreadQty      = 2
2021-02-04 16:55:20,557: INFO     efConstruction      = 10
2021-02-04 16:55:20,557: INFO     maxM			          = 16
2021-02-04 16:55:20,557: INFO     maxM0			          = 32
2021-02-04 16:55:20,558: INFO     mult                = 0.360674
2021-02-04 16:55:20,558: INFO     skip_optimized_index= 0
2021-02-04 16:55:20,558: INFO     delaunay_type       = 2
2021-02-04 16:55:20,558: INFO     Set HNSW query-time parameters:
2021-02-04 16:55:20,558: INFO     ef(Search)         =20
2021-02-04 16:55:20,558: INFO     algoType           =2

0%   10   20   30   40   50   60   70   80   90   100%
|----|----|----|----|----|----|----|----|----|----|
***************************************************

0%   10   20   30   40   50   60   70   80   90   100%
|----|----|----|----|----|----|----|----|----|----|
****************************************************2021-02-04 16:55:25,267: INFO     No appropriate custom distance function for Hamming (bit-storage) space
2021-02-04 16:55:25,267: INFO     searchMethod			  = 0
2021-02-04 16:55:25,279: INFO     Identifying guides that have a hamming distance <= 3 to all other potential guides
2021-02-04 16:55:25,425: INFO     Set HNSW query-time parameters:
2021-02-04 16:55:25,425: INFO     ef(Search)         =9
2021-02-04 16:55:25,425: INFO     algoType           =2
2021-02-04 16:55:30,946: INFO     Formatting data for BedTools
2021-02-04 16:55:31,119: INFO     Create GuideMaker Annotation object
2021-02-04 16:55:31,119: INFO     Identify genomic features
2021-02-04 16:55:31,120: INFO     check if ../all_test_data/Pseudomonas_aeruginosa_PAO1_107.gbk is gzipped
2021-02-04 16:55:32,105: INFO     Total number of CDS/locus in the input genome: 5584
2021-02-04 16:55:32,105: INFO     Find genomic features closest the guides
2021-02-04 16:55:33,531: INFO     Select guides that start between +500 and -500 of a feature start
2021-02-04 16:55:33,690: INFO     Select description columns
2021-02-04 16:55:33,738: INFO     Format the output
2021-02-04 16:55:34,470: INFO     Number of Guides within a gene coordinates i.e. zero Feature distance: 41575
2021-02-04 16:55:35,454: INFO     creating random control guides
2021-02-04 16:55:35,559: INFO     Number of random control searched: 100
2021-02-04 16:55:35,559: INFO     Percentage of GC content in the input genome: 66.56
2021-02-04 16:55:35,559: INFO     Total length of the genome: 6.0 MB
2021-02-04 16:55:35,559: INFO     created 10 control guides with a minimum distance of 7 and a median distance of 7
2021-02-04 16:55:35,562: INFO     guidemaker completed, results are at TEST
2021-02-04 16:55:35,562: INFO     PAM sequence: NGRRT
2021-02-04 16:55:35,562: INFO     PAM orientation: 3prime
2021-02-04 16:55:35,562: INFO     Genome strand(s) searched: both
2021-02-04 16:55:35,562: INFO     Total PAM sites considered: 132115
2021-02-04 16:55:35,562: INFO     Guide RNA candidates found: 73781
	Command being timed: "guidemaker -i ../all_test_data/Pseudomonas_aeruginosa_PAO1_107.gbk --pamseq NGRRT --outdir TEST --pam_orientation 3prime --guidelength 20 --strand both --lcp 11 --dist 3 --before 500 --into 500 --knum 10 --controls 10 --log GM_63826028_4.log --threads 2"
	User time (seconds): 29.00
	System time (seconds): 2.79
	Percent of CPU this job got: 138%
	Elapsed (wall clock) time (h:mm:ss or m:ss): 0:22.93
	Average shared text size (kbytes): 0
	Average unshared data size (kbytes): 0
	Average stack size (kbytes): 0
	Average total size (kbytes): 0
	Maximum resident set size (kbytes): 575424
	Average resident set size (kbytes): 0
	Major (requiring I/O) page faults: 0
	Minor (reclaiming a frame) page faults: 643952
	Voluntary context switches: 11323
	Involuntary context switches: 287468
	Swaps: 0
	File system inputs: 96
	File system outputs: 174568
	Socket messages sent: 0
	Socket messages received: 0
	Signals delivered: 0
	Page size (bytes): 4096
	Exit status: 0
My SLURM_ARRAY_TASK_ID:  4
My TMPDIR IS:  /scratch/local/63826028
Input Genome:>>>>>>>>>>>>>>>>>>>>>>>>>>>>>>>>>>>>>>>>>>>  Pseudomonas_aeruginosa_PAO1_107.gbk
Input PAM:>>>>>>>>>>>>>>>>>>>>>>>>>>>>>>>>>>>>>>>>>>>  NGRRT
Threads used:>>>>>>>>>>>>>>>>>>>>>>>>>>>>>>>>>>>>>>>>>>>  4
GuideMaker
2021-02-04 16:55:36,781: INFO     Temp directory is: /scratch/local/63826028/guidemaker_fgu4vo3d
2021-02-04 16:55:36,781: INFO     Writing fasta file from genbank file(s)
2021-02-04 16:55:36,782: INFO     check if ../all_test_data/Pseudomonas_aeruginosa_PAO1_107.gbk is gzipped
/home/rp3448/.conda/envs/AVX2/lib/python3.7/site-packages/Bio/GenBank/Scanner.py:1400: BiopythonParserWarning: Truncated LOCUS line found - is this correct?
:'LOCUS       NC_002516            6264404 bp    dna     circular UNK \n'
  BiopythonParserWarning,
/home/rp3448/.conda/envs/AVX2/lib/python3.7/site-packages/Bio/GenBank/__init__.py:762: BiopythonParserWarning: Non-upper case molecule type in LOCUS line: dna
  BiopythonParserWarning,
2021-02-04 16:55:37,574: INFO     Identifying PAM sites in the genome
2021-02-04 16:55:42,763: INFO     Checking guides for restriction enzymes
2021-02-04 16:55:42,797: INFO     Number of guides removed after checking for restriction enzymes: 0
2021-02-04 16:55:42,798: INFO     Identifing guides that are unique near the PAM site
2021-02-04 16:55:43,012: INFO     Number of guides removed after checking for unique PAM: 31221
2021-02-04 16:55:43,012: INFO     Indexing all potential guide sites: 132115. This is the longest step.
2021-02-04 16:55:43,640: INFO     M                   = 16
2021-02-04 16:55:43,640: INFO     indexThreadQty      = 4
2021-02-04 16:55:43,640: INFO     efConstruction      = 10
2021-02-04 16:55:43,640: INFO     maxM			          = 16
2021-02-04 16:55:43,640: INFO     maxM0			          = 32
2021-02-04 16:55:43,640: INFO     mult                = 0.360674
2021-02-04 16:55:43,640: INFO     skip_optimized_index= 0
2021-02-04 16:55:43,640: INFO     delaunay_type       = 2
2021-02-04 16:55:43,640: INFO     Set HNSW query-time parameters:
2021-02-04 16:55:43,640: INFO     ef(Search)         =20
2021-02-04 16:55:43,640: INFO     algoType           =2

0%   10   20   30   40   50   60   70   80   90   100%
|----|----|----|----|----|----|----|----|----|----|
***************************************************

0%   10   20   30   40   50   60   70   80   90   100%
|----|----|----|----|----|----|----|----|----|----|
****************************************************2021-02-04 16:55:46,310: INFO     No appropriate custom distance function for Hamming (bit-storage) space
2021-02-04 16:55:46,311: INFO     searchMethod			  = 0
2021-02-04 16:55:46,322: INFO     Identifying guides that have a hamming distance <= 3 to all other potential guides
2021-02-04 16:55:46,467: INFO     Set HNSW query-time parameters:
2021-02-04 16:55:46,467: INFO     ef(Search)         =9
2021-02-04 16:55:46,467: INFO     algoType           =2
2021-02-04 16:55:51,400: INFO     Formatting data for BedTools
2021-02-04 16:55:51,571: INFO     Create GuideMaker Annotation object
2021-02-04 16:55:51,571: INFO     Identify genomic features
2021-02-04 16:55:51,572: INFO     check if ../all_test_data/Pseudomonas_aeruginosa_PAO1_107.gbk is gzipped
2021-02-04 16:55:52,567: INFO     Total number of CDS/locus in the input genome: 5584
2021-02-04 16:55:52,568: INFO     Find genomic features closest the guides
2021-02-04 16:55:54,005: INFO     Select guides that start between +500 and -500 of a feature start
2021-02-04 16:55:54,160: INFO     Select description columns
2021-02-04 16:55:54,206: INFO     Format the output
2021-02-04 16:55:54,919: INFO     Number of Guides within a gene coordinates i.e. zero Feature distance: 41578
2021-02-04 16:55:55,871: INFO     creating random control guides
2021-02-04 16:55:55,971: INFO     Number of random control searched: 100
2021-02-04 16:55:55,972: INFO     Percentage of GC content in the input genome: 66.56
2021-02-04 16:55:55,972: INFO     Total length of the genome: 6.0 MB
2021-02-04 16:55:55,972: INFO     created 10 control guides with a minimum distance of 7 and a median distance of 7
2021-02-04 16:55:55,975: INFO     guidemaker completed, results are at TEST
2021-02-04 16:55:55,975: INFO     PAM sequence: NGRRT
2021-02-04 16:55:55,975: INFO     PAM orientation: 3prime
2021-02-04 16:55:55,975: INFO     Genome strand(s) searched: both
2021-02-04 16:55:55,975: INFO     Total PAM sites considered: 132115
2021-02-04 16:55:55,975: INFO     Guide RNA candidates found: 73777
	Command being timed: "guidemaker -i ../all_test_data/Pseudomonas_aeruginosa_PAO1_107.gbk --pamseq NGRRT --outdir TEST --pam_orientation 3prime --guidelength 20 --strand both --lcp 11 --dist 3 --before 500 --into 500 --knum 10 --controls 10 --log GM_63826028_4.log --threads 4"
	User time (seconds): 30.71
	System time (seconds): 2.73
	Percent of CPU this job got: 163%
	Elapsed (wall clock) time (h:mm:ss or m:ss): 0:20.41
	Average shared text size (kbytes): 0
	Average unshared data size (kbytes): 0
	Average stack size (kbytes): 0
	Average total size (kbytes): 0
	Maximum resident set size (kbytes): 575640
	Average resident set size (kbytes): 0
	Major (requiring I/O) page faults: 0
	Minor (reclaiming a frame) page faults: 575312
	Voluntary context switches: 20873
	Involuntary context switches: 144434
	Swaps: 0
	File system inputs: 136
	File system outputs: 174600
	Socket messages sent: 0
	Socket messages received: 0
	Signals delivered: 0
	Page size (bytes): 4096
	Exit status: 0
My SLURM_ARRAY_TASK_ID:  4
My TMPDIR IS:  /scratch/local/63826028
Input Genome:>>>>>>>>>>>>>>>>>>>>>>>>>>>>>>>>>>>>>>>>>>>  Pseudomonas_aeruginosa_PAO1_107.gbk
Input PAM:>>>>>>>>>>>>>>>>>>>>>>>>>>>>>>>>>>>>>>>>>>>  NGRRT
Threads used:>>>>>>>>>>>>>>>>>>>>>>>>>>>>>>>>>>>>>>>>>>>  8
GuideMaker
2021-02-04 16:55:57,561: INFO     Temp directory is: /scratch/local/63826028/guidemaker_q_3z6ucc
2021-02-04 16:55:57,561: INFO     Writing fasta file from genbank file(s)
2021-02-04 16:55:57,562: INFO     check if ../all_test_data/Pseudomonas_aeruginosa_PAO1_107.gbk is gzipped
/home/rp3448/.conda/envs/AVX2/lib/python3.7/site-packages/Bio/GenBank/Scanner.py:1400: BiopythonParserWarning: Truncated LOCUS line found - is this correct?
:'LOCUS       NC_002516            6264404 bp    dna     circular UNK \n'
  BiopythonParserWarning,
/home/rp3448/.conda/envs/AVX2/lib/python3.7/site-packages/Bio/GenBank/__init__.py:762: BiopythonParserWarning: Non-upper case molecule type in LOCUS line: dna
  BiopythonParserWarning,
2021-02-04 16:55:58,358: INFO     Identifying PAM sites in the genome
2021-02-04 16:56:03,599: INFO     Checking guides for restriction enzymes
2021-02-04 16:56:03,636: INFO     Number of guides removed after checking for restriction enzymes: 0
2021-02-04 16:56:03,636: INFO     Identifing guides that are unique near the PAM site
2021-02-04 16:56:03,836: INFO     Number of guides removed after checking for unique PAM: 31221
2021-02-04 16:56:03,836: INFO     Indexing all potential guide sites: 132115. This is the longest step.
2021-02-04 16:56:04,458: INFO     M                   = 16
2021-02-04 16:56:04,458: INFO     indexThreadQty      = 8
2021-02-04 16:56:04,458: INFO     efConstruction      = 10
2021-02-04 16:56:04,458: INFO     maxM			          = 16
2021-02-04 16:56:04,458: INFO     maxM0			          = 32
2021-02-04 16:56:04,458: INFO     mult                = 0.360674
2021-02-04 16:56:04,458: INFO     skip_optimized_index= 0
2021-02-04 16:56:04,458: INFO     delaunay_type       = 2
2021-02-04 16:56:04,458: INFO     Set HNSW query-time parameters:
2021-02-04 16:56:04,458: INFO     ef(Search)         =20
2021-02-04 16:56:04,459: INFO     algoType           =2

0%   10   20   30   40   50   60   70   80   90   100%
|----|----|----|----|----|----|----|----|----|----|
***************************************************

0%   10   20   30   40   50   60   70   80   90   100%
|----|----|----|----|----|----|----|----|----|----|
*******************************************************2021-02-04 16:56:05,912: INFO     No appropriate custom distance function for Hamming (bit-storage) space
2021-02-04 16:56:05,913: INFO     searchMethod			  = 0
2021-02-04 16:56:05,919: INFO     Identifying guides that have a hamming distance <= 3 to all other potential guides
2021-02-04 16:56:06,054: INFO     Set HNSW query-time parameters:
2021-02-04 16:56:06,054: INFO     ef(Search)         =9
2021-02-04 16:56:06,055: INFO     algoType           =2
2021-02-04 16:56:10,765: INFO     Formatting data for BedTools
2021-02-04 16:56:10,937: INFO     Create GuideMaker Annotation object
2021-02-04 16:56:10,937: INFO     Identify genomic features
2021-02-04 16:56:10,938: INFO     check if ../all_test_data/Pseudomonas_aeruginosa_PAO1_107.gbk is gzipped
2021-02-04 16:56:11,926: INFO     Total number of CDS/locus in the input genome: 5584
2021-02-04 16:56:11,926: INFO     Find genomic features closest the guides
2021-02-04 16:56:13,345: INFO     Select guides that start between +500 and -500 of a feature start
2021-02-04 16:56:13,515: INFO     Select description columns
2021-02-04 16:56:13,562: INFO     Format the output
2021-02-04 16:56:14,290: INFO     Number of Guides within a gene coordinates i.e. zero Feature distance: 41582
2021-02-04 16:56:15,273: INFO     creating random control guides
2021-02-04 16:56:15,378: INFO     Number of random control searched: 100
2021-02-04 16:56:15,378: INFO     Percentage of GC content in the input genome: 66.56
2021-02-04 16:56:15,378: INFO     Total length of the genome: 6.0 MB
2021-02-04 16:56:15,378: INFO     created 10 control guides with a minimum distance of 7 and a median distance of 7
2021-02-04 16:56:15,381: INFO     guidemaker completed, results are at TEST
2021-02-04 16:56:15,381: INFO     PAM sequence: NGRRT
2021-02-04 16:56:15,381: INFO     PAM orientation: 3prime
2021-02-04 16:56:15,381: INFO     Genome strand(s) searched: both
2021-02-04 16:56:15,381: INFO     Total PAM sites considered: 132115
2021-02-04 16:56:15,381: INFO     Guide RNA candidates found: 73784
	Command being timed: "guidemaker -i ../all_test_data/Pseudomonas_aeruginosa_PAO1_107.gbk --pamseq NGRRT --outdir TEST --pam_orientation 3prime --guidelength 20 --strand both --lcp 11 --dist 3 --before 500 --into 500 --knum 10 --controls 10 --log GM_63826028_4.log --threads 8"
	User time (seconds): 31.43
	System time (seconds): 3.13
	Percent of CPU this job got: 178%
	Elapsed (wall clock) time (h:mm:ss or m:ss): 0:19.39
	Average shared text size (kbytes): 0
	Average unshared data size (kbytes): 0
	Average stack size (kbytes): 0
	Average total size (kbytes): 0
	Maximum resident set size (kbytes): 577120
	Average resident set size (kbytes): 0
	Major (requiring I/O) page faults: 0
	Minor (reclaiming a frame) page faults: 580806
	Voluntary context switches: 39783
	Involuntary context switches: 369683
	Swaps: 0
	File system inputs: 200
	File system outputs: 174616
	Socket messages sent: 0
	Socket messages received: 0
	Signals delivered: 0
	Page size (bytes): 4096
	Exit status: 0
My SLURM_ARRAY_TASK_ID:  4
My TMPDIR IS:  /scratch/local/63826028
Input Genome:>>>>>>>>>>>>>>>>>>>>>>>>>>>>>>>>>>>>>>>>>>>  Pseudomonas_aeruginosa_PAO1_107.gbk
Input PAM:>>>>>>>>>>>>>>>>>>>>>>>>>>>>>>>>>>>>>>>>>>>  NGRRT
Threads used:>>>>>>>>>>>>>>>>>>>>>>>>>>>>>>>>>>>>>>>>>>>  16
GuideMaker
2021-02-04 16:56:16,618: INFO     Temp directory is: /scratch/local/63826028/guidemaker_uihbuixs
2021-02-04 16:56:16,618: INFO     Writing fasta file from genbank file(s)
2021-02-04 16:56:16,619: INFO     check if ../all_test_data/Pseudomonas_aeruginosa_PAO1_107.gbk is gzipped
/home/rp3448/.conda/envs/AVX2/lib/python3.7/site-packages/Bio/GenBank/Scanner.py:1400: BiopythonParserWarning: Truncated LOCUS line found - is this correct?
:'LOCUS       NC_002516            6264404 bp    dna     circular UNK \n'
  BiopythonParserWarning,
/home/rp3448/.conda/envs/AVX2/lib/python3.7/site-packages/Bio/GenBank/__init__.py:762: BiopythonParserWarning: Non-upper case molecule type in LOCUS line: dna
  BiopythonParserWarning,
2021-02-04 16:56:17,417: INFO     Identifying PAM sites in the genome
2021-02-04 16:56:22,687: INFO     Checking guides for restriction enzymes
2021-02-04 16:56:22,721: INFO     Number of guides removed after checking for restriction enzymes: 0
2021-02-04 16:56:22,722: INFO     Identifing guides that are unique near the PAM site
2021-02-04 16:56:22,937: INFO     Number of guides removed after checking for unique PAM: 31221
2021-02-04 16:56:22,937: INFO     Indexing all potential guide sites: 132115. This is the longest step.
2021-02-04 16:56:23,551: INFO     M                   = 16
2021-02-04 16:56:23,551: INFO     indexThreadQty      = 16
2021-02-04 16:56:23,551: INFO     efConstruction      = 10
2021-02-04 16:56:23,551: INFO     maxM			          = 16
2021-02-04 16:56:23,551: INFO     maxM0			          = 32
2021-02-04 16:56:23,551: INFO     mult                = 0.360674
2021-02-04 16:56:23,551: INFO     skip_optimized_index= 0
2021-02-04 16:56:23,551: INFO     delaunay_type       = 2
2021-02-04 16:56:23,551: INFO     Set HNSW query-time parameters:
2021-02-04 16:56:23,551: INFO     ef(Search)         =20
2021-02-04 16:56:23,551: INFO     algoType           =2

0%   10   20   30   40   50   60   70   80   90   100%
|----|----|----|----|----|----|----|----|----|----|
***************************************************

0%   10   20   30   40   50   60   70   80   90   100%
|----|----|----|----|----|----|----|----|----|----|
****************************************************2021-02-04 16:56:24,363: INFO     No appropriate custom distance function for Hamming (bit-storage) space
2021-02-04 16:56:24,363: INFO     searchMethod			  = 0
2021-02-04 16:56:24,370: INFO     Identifying guides that have a hamming distance <= 3 to all other potential guides
2021-02-04 16:56:24,498: INFO     Set HNSW query-time parameters:
2021-02-04 16:56:24,498: INFO     ef(Search)         =9
2021-02-04 16:56:24,499: INFO     algoType           =2
2021-02-04 16:56:29,226: INFO     Formatting data for BedTools
2021-02-04 16:56:29,410: INFO     Create GuideMaker Annotation object
2021-02-04 16:56:29,410: INFO     Identify genomic features
2021-02-04 16:56:29,411: INFO     check if ../all_test_data/Pseudomonas_aeruginosa_PAO1_107.gbk is gzipped
2021-02-04 16:56:30,402: INFO     Total number of CDS/locus in the input genome: 5584
2021-02-04 16:56:30,402: INFO     Find genomic features closest the guides
2021-02-04 16:56:31,833: INFO     Select guides that start between +500 and -500 of a feature start
2021-02-04 16:56:31,993: INFO     Select description columns
2021-02-04 16:56:32,043: INFO     Format the output
2021-02-04 16:56:32,778: INFO     Number of Guides within a gene coordinates i.e. zero Feature distance: 41602
2021-02-04 16:56:33,761: INFO     creating random control guides
2021-02-04 16:56:33,862: INFO     Number of random control searched: 100
2021-02-04 16:56:33,862: INFO     Percentage of GC content in the input genome: 66.56
2021-02-04 16:56:33,862: INFO     Total length of the genome: 6.0 MB
2021-02-04 16:56:33,862: INFO     created 10 control guides with a minimum distance of 7 and a median distance of 7
2021-02-04 16:56:33,865: INFO     guidemaker completed, results are at TEST
2021-02-04 16:56:33,865: INFO     PAM sequence: NGRRT
2021-02-04 16:56:33,865: INFO     PAM orientation: 3prime
2021-02-04 16:56:33,865: INFO     Genome strand(s) searched: both
2021-02-04 16:56:33,865: INFO     Total PAM sites considered: 132115
2021-02-04 16:56:33,865: INFO     Guide RNA candidates found: 73810
	Command being timed: "guidemaker -i ../all_test_data/Pseudomonas_aeruginosa_PAO1_107.gbk --pamseq NGRRT --outdir TEST --pam_orientation 3prime --guidelength 20 --strand both --lcp 11 --dist 3 --before 500 --into 500 --knum 10 --controls 10 --log GM_63826028_4.log --threads 16"
	User time (seconds): 32.99
	System time (seconds): 3.20
	Percent of CPU this job got: 195%
	Elapsed (wall clock) time (h:mm:ss or m:ss): 0:18.48
	Average shared text size (kbytes): 0
	Average unshared data size (kbytes): 0
	Average stack size (kbytes): 0
	Average total size (kbytes): 0
	Maximum resident set size (kbytes): 578680
	Average resident set size (kbytes): 0
	Major (requiring I/O) page faults: 0
	Minor (reclaiming a frame) page faults: 545091
	Voluntary context switches: 74846
	Involuntary context switches: 204
	Swaps: 0
	File system inputs: 176
	File system outputs: 174664
	Socket messages sent: 0
	Socket messages received: 0
	Signals delivered: 0
	Page size (bytes): 4096
	Exit status: 0
My SLURM_ARRAY_TASK_ID:  4
My TMPDIR IS:  /scratch/local/63826028
Input Genome:>>>>>>>>>>>>>>>>>>>>>>>>>>>>>>>>>>>>>>>>>>>  Pseudomonas_aeruginosa_PAO1_107.gbk
Input PAM:>>>>>>>>>>>>>>>>>>>>>>>>>>>>>>>>>>>>>>>>>>>  NGRRT
Threads used:>>>>>>>>>>>>>>>>>>>>>>>>>>>>>>>>>>>>>>>>>>>  32
GuideMaker
2021-02-04 16:56:35,192: INFO     Temp directory is: /scratch/local/63826028/guidemaker_14nee8gw
2021-02-04 16:56:35,193: INFO     Writing fasta file from genbank file(s)
2021-02-04 16:56:35,193: INFO     check if ../all_test_data/Pseudomonas_aeruginosa_PAO1_107.gbk is gzipped
/home/rp3448/.conda/envs/AVX2/lib/python3.7/site-packages/Bio/GenBank/Scanner.py:1400: BiopythonParserWarning: Truncated LOCUS line found - is this correct?
:'LOCUS       NC_002516            6264404 bp    dna     circular UNK \n'
  BiopythonParserWarning,
/home/rp3448/.conda/envs/AVX2/lib/python3.7/site-packages/Bio/GenBank/__init__.py:762: BiopythonParserWarning: Non-upper case molecule type in LOCUS line: dna
  BiopythonParserWarning,
2021-02-04 16:56:35,970: INFO     Identifying PAM sites in the genome
2021-02-04 16:56:40,925: INFO     Checking guides for restriction enzymes
2021-02-04 16:56:40,959: INFO     Number of guides removed after checking for restriction enzymes: 0
2021-02-04 16:56:40,960: INFO     Identifing guides that are unique near the PAM site
2021-02-04 16:56:41,148: INFO     Number of guides removed after checking for unique PAM: 31221
2021-02-04 16:56:41,149: INFO     Indexing all potential guide sites: 132115. This is the longest step.
2021-02-04 16:56:41,758: INFO     M                   = 16
2021-02-04 16:56:41,758: INFO     indexThreadQty      = 32
2021-02-04 16:56:41,758: INFO     efConstruction      = 10
2021-02-04 16:56:41,758: INFO     maxM			          = 16
2021-02-04 16:56:41,758: INFO     maxM0			          = 32
2021-02-04 16:56:41,758: INFO     mult                = 0.360674
2021-02-04 16:56:41,758: INFO     skip_optimized_index= 0
2021-02-04 16:56:41,758: INFO     delaunay_type       = 2
2021-02-04 16:56:41,758: INFO     Set HNSW query-time parameters:
2021-02-04 16:56:41,758: INFO     ef(Search)         =20
2021-02-04 16:56:41,758: INFO     algoType           =2

0%   10   20   30   40   50   60   70   80   90   100%
|----|----|----|----|----|----|----|----|----|----|
***************************************************

0%   10   20   30   40   50   60   70   80   90   100%
|----|----|----|----|----|----|----|----|----|----|
*******************************************************2021-02-04 16:56:42,308: INFO     No appropriate custom distance function for Hamming (bit-storage) space
2021-02-04 16:56:42,308: INFO     searchMethod			  = 0
2021-02-04 16:56:42,314: INFO     Identifying guides that have a hamming distance <= 3 to all other potential guides
2021-02-04 16:56:42,446: INFO     Set HNSW query-time parameters:
2021-02-04 16:56:42,446: INFO     ef(Search)         =9
2021-02-04 16:56:42,446: INFO     algoType           =2
2021-02-04 16:56:46,984: INFO     Formatting data for BedTools
2021-02-04 16:56:47,151: INFO     Create GuideMaker Annotation object
2021-02-04 16:56:47,151: INFO     Identify genomic features
2021-02-04 16:56:47,151: INFO     check if ../all_test_data/Pseudomonas_aeruginosa_PAO1_107.gbk is gzipped
2021-02-04 16:56:48,123: INFO     Total number of CDS/locus in the input genome: 5584
2021-02-04 16:56:48,123: INFO     Find genomic features closest the guides
2021-02-04 16:56:49,544: INFO     Select guides that start between +500 and -500 of a feature start
2021-02-04 16:56:49,715: INFO     Select description columns
2021-02-04 16:56:49,762: INFO     Format the output
2021-02-04 16:56:50,481: INFO     Number of Guides within a gene coordinates i.e. zero Feature distance: 41575
2021-02-04 16:56:51,484: INFO     creating random control guides
2021-02-04 16:56:51,607: INFO     Number of random control searched: 100
2021-02-04 16:56:51,607: INFO     Percentage of GC content in the input genome: 66.56
2021-02-04 16:56:51,607: INFO     Total length of the genome: 6.0 MB
2021-02-04 16:56:51,607: INFO     created 10 control guides with a minimum distance of 7 and a median distance of 7
2021-02-04 16:56:51,611: INFO     guidemaker completed, results are at TEST
2021-02-04 16:56:51,611: INFO     PAM sequence: NGRRT
2021-02-04 16:56:51,611: INFO     PAM orientation: 3prime
2021-02-04 16:56:51,611: INFO     Genome strand(s) searched: both
2021-02-04 16:56:51,611: INFO     Total PAM sites considered: 132115
2021-02-04 16:56:51,611: INFO     Guide RNA candidates found: 73783
	Command being timed: "guidemaker -i ../all_test_data/Pseudomonas_aeruginosa_PAO1_107.gbk --pamseq NGRRT --outdir TEST --pam_orientation 3prime --guidelength 20 --strand both --lcp 11 --dist 3 --before 500 --into 500 --knum 10 --controls 10 --log GM_63826028_4.log --threads 32"
	User time (seconds): 33.86
	System time (seconds): 5.50
	Percent of CPU this job got: 221%
	Elapsed (wall clock) time (h:mm:ss or m:ss): 0:17.76
	Average shared text size (kbytes): 0
	Average unshared data size (kbytes): 0
	Average stack size (kbytes): 0
	Average total size (kbytes): 0
	Maximum resident set size (kbytes): 579848
	Average resident set size (kbytes): 0
	Major (requiring I/O) page faults: 0
	Minor (reclaiming a frame) page faults: 583610
	Voluntary context switches: 184061
	Involuntary context switches: 191839
	Swaps: 0
	File system inputs: 72
	File system outputs: 174624
	Socket messages sent: 0
	Socket messages received: 0
	Signals delivered: 0
	Page size (bytes): 4096
	Exit status: 0
