Wed Aug 19 23:57:29 EDT 2020
c32b-s41.ufhpc
/blue/garrett/rp3448/analysis/guidemaker/AVXGuidemaker/GuideMaker
My SLURM_ARRAY_TASK_ID:  2
My TMPDIR IS:  /scratch/local/57685965
Input Genome:>>>>>>>>>>>>>>>>>>>>>>>>>>>>>>>>>>>>>>>>>>>  Escherichia.coli_str_K-12_substr_MG1655.gbk
Threads used:>>>>>>>>>>>>>>>>>>>>>>>>>>>>>>>>>>>>>>>>>>>  1
GuideMaker
2020-08-19 23:57:33,225: INFO     Temp directory is: /scratch/local/57685965/guidemaker_yq1_ello
2020-08-19 23:57:33,225: INFO     Writing fasta file from genbank file(s)
2020-08-19 23:57:33,226: INFO     check if test/test_data/Escherichia.coli_str_K-12_substr_MG1655.gbk is gzipped
2020-08-19 23:57:34,150: INFO     Identifying PAM sites in the genome
2020-08-19 23:57:45,672: INFO     Identifing guides that are unique near the PAM site
2020-08-19 23:57:46,601: INFO     Indexing all potential guide sites: 542073. This is the longest step.
2020-08-19 23:57:49,126: INFO     M                   = 16
2020-08-19 23:57:49,126: INFO     indexThreadQty      = 1
2020-08-19 23:57:49,126: INFO     efConstruction      = 64
2020-08-19 23:57:49,126: INFO     maxM			          = 16
2020-08-19 23:57:49,126: INFO     maxM0			          = 32
2020-08-19 23:57:49,126: INFO     mult                = 0.360674
2020-08-19 23:57:49,126: INFO     skip_optimized_index= 0
2020-08-19 23:57:49,126: INFO     delaunay_type       = 2
2020-08-19 23:57:49,127: INFO     Set HNSW query-time parameters:
2020-08-19 23:57:49,127: INFO     ef(Search)         =20
2020-08-19 23:57:49,127: INFO     algoType           =2

0%   10   20   30   40   50   60   70   80   90   100%
|----|----|----|----|----|----|----|----|----|----|
***************************************************

0%   10   20   30   40   50   60   70   80   90   100%
|----|----|----|----|----|----|----|----|----|----|
***************************************************
*2020-08-20 00:01:52,954: INFO     No appropriate custom distance function for Hamming (bit-storage) space
2020-08-20 00:01:52,955: INFO     searchMethod			  = 0
2020-08-20 00:01:52,999: INFO     Identifying guides that have a hamming distance <= 3 to all other potential guides
2020-08-20 00:01:53,336: INFO     Set HNSW query-time parameters:
2020-08-20 00:01:53,336: INFO     ef(Search)         =256
2020-08-20 00:01:53,336: INFO     algoType           =2
2020-08-20 00:04:53,541: INFO     Formatting data for BedTools
2020-08-20 00:04:53,995: INFO     Create GuideMaker Annotation object
2020-08-20 00:04:53,995: INFO     Identify genomic features
2020-08-20 00:04:53,996: INFO     check if test/test_data/Escherichia.coli_str_K-12_substr_MG1655.gbk is gzipped
2020-08-20 00:04:55,368: INFO     Total number of CDS/locus in the input genome: 4357
2020-08-20 00:04:55,368: INFO     Find genomic features closest the guides
2020-08-20 00:04:58,417: INFO     Select guides that start between +100 and -100 of a feature start
2020-08-20 00:04:58,623: INFO     Select description columns
2020-08-20 00:04:58,712: INFO     Format the output
2020-08-20 00:04:59,594: INFO     creating random control guides
2020-08-20 00:05:10,559: INFO     created 10 control guides with a minimum distance of 7 and a median distance of 7
2020-08-20 00:05:10,562: INFO     guidemaker completed, results are at TEST
2020-08-20 00:05:10,562: INFO     PAM sequence: NGG
2020-08-20 00:05:10,562: INFO     PAM orientation: 5prime
2020-08-20 00:05:10,562: INFO     Genome strand(s) searched: both
2020-08-20 00:05:10,562: INFO     Total PAM sites considered: 542073
2020-08-20 00:05:10,562: INFO     Guide RNA candidates found: 35845
	Command being timed: "guidemaker -i test/test_data/Escherichia.coli_str_K-12_substr_MG1655.gbk --pamseq NGG --outdir TEST --pam_orientation 5prime --guidelength 20 --strand both --lcp 10 --dist 3 --before 100 --into 100 --knum 10 --controls 10 --log GuideMaker_57685965_2.log --threads 1"
	User time (seconds): 458.38
	System time (seconds): 4.22
	Percent of CPU this job got: 100%
	Elapsed (wall clock) time (h:mm:ss or m:ss): 7:39.84
	Average shared text size (kbytes): 0
	Average unshared data size (kbytes): 0
	Average stack size (kbytes): 0
	Average total size (kbytes): 0
	Maximum resident set size (kbytes): 1582636
	Average resident set size (kbytes): 0
	Major (requiring I/O) page faults: 0
	Minor (reclaiming a frame) page faults: 2321506
	Voluntary context switches: 3091
	Involuntary context switches: 254819
	Swaps: 0
	File system inputs: 24200
	File system outputs: 196136
	Socket messages sent: 0
	Socket messages received: 0
	Signals delivered: 0
	Page size (bytes): 4096
	Exit status: 0
My SLURM_ARRAY_TASK_ID:  2
My TMPDIR IS:  /scratch/local/57685965
Input Genome:>>>>>>>>>>>>>>>>>>>>>>>>>>>>>>>>>>>>>>>>>>>  Escherichia.coli_str_K-12_substr_MG1655.gbk
Threads used:>>>>>>>>>>>>>>>>>>>>>>>>>>>>>>>>>>>>>>>>>>>  2
GuideMaker
2020-08-20 00:05:13,015: INFO     Temp directory is: /scratch/local/57685965/guidemaker_3civnczf
2020-08-20 00:05:13,016: INFO     Writing fasta file from genbank file(s)
2020-08-20 00:05:13,016: INFO     check if test/test_data/Escherichia.coli_str_K-12_substr_MG1655.gbk is gzipped
2020-08-20 00:05:13,914: INFO     Identifying PAM sites in the genome
2020-08-20 00:05:25,911: INFO     Identifing guides that are unique near the PAM site
2020-08-20 00:05:26,910: INFO     Indexing all potential guide sites: 542073. This is the longest step.
2020-08-20 00:05:29,731: INFO     M                   = 16
2020-08-20 00:05:29,731: INFO     indexThreadQty      = 2
2020-08-20 00:05:29,731: INFO     efConstruction      = 64
2020-08-20 00:05:29,731: INFO     maxM			          = 16
2020-08-20 00:05:29,731: INFO     maxM0			          = 32
2020-08-20 00:05:29,731: INFO     mult                = 0.360674
2020-08-20 00:05:29,731: INFO     skip_optimized_index= 0
2020-08-20 00:05:29,731: INFO     delaunay_type       = 2
2020-08-20 00:05:29,732: INFO     Set HNSW query-time parameters:
2020-08-20 00:05:29,732: INFO     ef(Search)         =20
2020-08-20 00:05:29,732: INFO     algoType           =2

0%   10   20   30   40   50   60   70   80   90   100%
|----|----|----|----|----|----|----|----|----|----|
***************************************************

0%   10   20   30   40   50   60   70   80   90   100%
|----|----|----|----|----|----|----|----|----|----|
****************************************************2020-08-20 00:07:52,408: INFO     No appropriate custom distance function for Hamming (bit-storage) space
2020-08-20 00:07:52,408: INFO     searchMethod			  = 0
2020-08-20 00:07:52,452: INFO     Identifying guides that have a hamming distance <= 3 to all other potential guides
2020-08-20 00:07:52,792: INFO     Set HNSW query-time parameters:
2020-08-20 00:07:52,792: INFO     ef(Search)         =256
2020-08-20 00:07:52,792: INFO     algoType           =2
2020-08-20 00:09:37,110: INFO     Formatting data for BedTools
2020-08-20 00:09:37,540: INFO     Create GuideMaker Annotation object
2020-08-20 00:09:37,540: INFO     Identify genomic features
2020-08-20 00:09:37,540: INFO     check if test/test_data/Escherichia.coli_str_K-12_substr_MG1655.gbk is gzipped
2020-08-20 00:09:38,915: INFO     Total number of CDS/locus in the input genome: 4357
2020-08-20 00:09:38,915: INFO     Find genomic features closest the guides
2020-08-20 00:09:41,961: INFO     Select guides that start between +100 and -100 of a feature start
2020-08-20 00:09:42,155: INFO     Select description columns
2020-08-20 00:09:42,233: INFO     Format the output
2020-08-20 00:09:43,003: INFO     creating random control guides
2020-08-20 00:10:39,883: INFO     created 10 control guides with a minimum distance of 7 and a median distance of 7
2020-08-20 00:10:39,888: INFO     guidemaker completed, results are at TEST
2020-08-20 00:10:39,888: INFO     PAM sequence: NGG
2020-08-20 00:10:39,889: INFO     PAM orientation: 5prime
2020-08-20 00:10:39,889: INFO     Genome strand(s) searched: both
2020-08-20 00:10:39,889: INFO     Total PAM sites considered: 542073
2020-08-20 00:10:39,889: INFO     Guide RNA candidates found: 35845
Number of random control searched:  100000
	Command being timed: "guidemaker -i test/test_data/Escherichia.coli_str_K-12_substr_MG1655.gbk --pamseq NGG --outdir TEST --pam_orientation 5prime --guidelength 20 --strand both --lcp 10 --dist 3 --before 100 --into 100 --knum 10 --controls 10 --log GuideMaker_57685965_2.log --threads 2"
	User time (seconds): 601.47
	System time (seconds): 17.32
	Percent of CPU this job got: 187%
	Elapsed (wall clock) time (h:mm:ss or m:ss): 5:29.21
	Average shared text size (kbytes): 0
	Average unshared data size (kbytes): 0
	Average stack size (kbytes): 0
	Average total size (kbytes): 0
	Maximum resident set size (kbytes): 1718120
	Average resident set size (kbytes): 0
	Major (requiring I/O) page faults: 0
	Minor (reclaiming a frame) page faults: 8674441
	Voluntary context switches: 35193
	Involuntary context switches: 1174
	Swaps: 0
	File system inputs: 0
	File system outputs: 196064
	Socket messages sent: 0
	Socket messages received: 0
	Signals delivered: 0
	Page size (bytes): 4096
	Exit status: 0
My SLURM_ARRAY_TASK_ID:  2
My TMPDIR IS:  /scratch/local/57685965
Input Genome:>>>>>>>>>>>>>>>>>>>>>>>>>>>>>>>>>>>>>>>>>>>  Escherichia.coli_str_K-12_substr_MG1655.gbk
Threads used:>>>>>>>>>>>>>>>>>>>>>>>>>>>>>>>>>>>>>>>>>>>  4
GuideMaker
2020-08-20 00:10:42,219: INFO     Temp directory is: /scratch/local/57685965/guidemaker_xfh1it5l
2020-08-20 00:10:42,219: INFO     Writing fasta file from genbank file(s)
2020-08-20 00:10:42,219: INFO     check if test/test_data/Escherichia.coli_str_K-12_substr_MG1655.gbk is gzipped
2020-08-20 00:10:43,146: INFO     Identifying PAM sites in the genome
2020-08-20 00:10:55,541: INFO     Identifing guides that are unique near the PAM site
2020-08-20 00:10:56,450: INFO     Indexing all potential guide sites: 542073. This is the longest step.
2020-08-20 00:10:59,008: INFO     M                   = 16
2020-08-20 00:10:59,008: INFO     indexThreadQty      = 4
2020-08-20 00:10:59,008: INFO     efConstruction      = 64
2020-08-20 00:10:59,008: INFO     maxM			          = 16
2020-08-20 00:10:59,008: INFO     maxM0			          = 32
2020-08-20 00:10:59,008: INFO     mult                = 0.360674
2020-08-20 00:10:59,008: INFO     skip_optimized_index= 0
2020-08-20 00:10:59,008: INFO     delaunay_type       = 2
2020-08-20 00:10:59,008: INFO     Set HNSW query-time parameters:
2020-08-20 00:10:59,009: INFO     ef(Search)         =20
2020-08-20 00:10:59,009: INFO     algoType           =2

0%   10   20   30   40   50   60   70   80   90   100%
|----|----|----|----|----|----|----|----|----|----|
***************************************************

0%   10   20   30   40   50   60   70   80   90   100%
|----|----|----|----|----|----|----|----|----|----|
****************************************************2020-08-20 00:12:12,836: INFO     No appropriate custom distance function for Hamming (bit-storage) space
2020-08-20 00:12:12,837: INFO     searchMethod			  = 0
2020-08-20 00:12:12,885: INFO     Identifying guides that have a hamming distance <= 3 to all other potential guides
2020-08-20 00:12:13,273: INFO     Set HNSW query-time parameters:
2020-08-20 00:12:13,273: INFO     ef(Search)         =256
2020-08-20 00:12:13,273: INFO     algoType           =2
2020-08-20 00:13:11,671: INFO     Formatting data for BedTools
2020-08-20 00:13:12,106: INFO     Create GuideMaker Annotation object
2020-08-20 00:13:12,106: INFO     Identify genomic features
2020-08-20 00:13:12,107: INFO     check if test/test_data/Escherichia.coli_str_K-12_substr_MG1655.gbk is gzipped
2020-08-20 00:13:13,493: INFO     Total number of CDS/locus in the input genome: 4357
2020-08-20 00:13:13,493: INFO     Find genomic features closest the guides
2020-08-20 00:13:16,522: INFO     Select guides that start between +100 and -100 of a feature start
2020-08-20 00:13:16,747: INFO     Select description columns
2020-08-20 00:13:16,826: INFO     Format the output
2020-08-20 00:13:17,588: INFO     creating random control guides
2020-08-20 00:13:49,219: INFO     created 10 control guides with a minimum distance of 7 and a median distance of 7
2020-08-20 00:13:49,222: INFO     guidemaker completed, results are at TEST
2020-08-20 00:13:49,222: INFO     PAM sequence: NGG
2020-08-20 00:13:49,222: INFO     PAM orientation: 5prime
2020-08-20 00:13:49,222: INFO     Genome strand(s) searched: both
2020-08-20 00:13:49,222: INFO     Total PAM sites considered: 542073
2020-08-20 00:13:49,222: INFO     Guide RNA candidates found: 35845
Number of random control searched:  100000
	Command being timed: "guidemaker -i test/test_data/Escherichia.coli_str_K-12_substr_MG1655.gbk --pamseq NGG --outdir TEST --pam_orientation 5prime --guidelength 20 --strand both --lcp 10 --dist 3 --before 100 --into 100 --knum 10 --controls 10 --log GuideMaker_57685965_2.log --threads 4"
	User time (seconds): 616.39
	System time (seconds): 14.63
	Percent of CPU this job got: 333%
	Elapsed (wall clock) time (h:mm:ss or m:ss): 3:09.38
	Average shared text size (kbytes): 0
	Average unshared data size (kbytes): 0
	Average stack size (kbytes): 0
	Average total size (kbytes): 0
	Maximum resident set size (kbytes): 1727408
	Average resident set size (kbytes): 0
	Major (requiring I/O) page faults: 0
	Minor (reclaiming a frame) page faults: 7188743
	Voluntary context switches: 63935
	Involuntary context switches: 1776
	Swaps: 0
	File system inputs: 0
	File system outputs: 196032
	Socket messages sent: 0
	Socket messages received: 0
	Signals delivered: 0
	Page size (bytes): 4096
	Exit status: 0
My SLURM_ARRAY_TASK_ID:  2
My TMPDIR IS:  /scratch/local/57685965
Input Genome:>>>>>>>>>>>>>>>>>>>>>>>>>>>>>>>>>>>>>>>>>>>  Escherichia.coli_str_K-12_substr_MG1655.gbk
Threads used:>>>>>>>>>>>>>>>>>>>>>>>>>>>>>>>>>>>>>>>>>>>  8
GuideMaker
2020-08-20 00:13:51,680: INFO     Temp directory is: /scratch/local/57685965/guidemaker_6es6yzko
2020-08-20 00:13:51,680: INFO     Writing fasta file from genbank file(s)
2020-08-20 00:13:51,681: INFO     check if test/test_data/Escherichia.coli_str_K-12_substr_MG1655.gbk is gzipped
2020-08-20 00:13:52,573: INFO     Identifying PAM sites in the genome
2020-08-20 00:14:04,382: INFO     Identifing guides that are unique near the PAM site
2020-08-20 00:14:05,301: INFO     Indexing all potential guide sites: 542073. This is the longest step.
2020-08-20 00:14:07,870: INFO     M                   = 16
2020-08-20 00:14:07,870: INFO     indexThreadQty      = 8
2020-08-20 00:14:07,870: INFO     efConstruction      = 64
2020-08-20 00:14:07,871: INFO     maxM			          = 16
2020-08-20 00:14:07,871: INFO     maxM0			          = 32
2020-08-20 00:14:07,871: INFO     mult                = 0.360674
2020-08-20 00:14:07,871: INFO     skip_optimized_index= 0
2020-08-20 00:14:07,871: INFO     delaunay_type       = 2
2020-08-20 00:14:07,871: INFO     Set HNSW query-time parameters:
2020-08-20 00:14:07,871: INFO     ef(Search)         =20
2020-08-20 00:14:07,871: INFO     algoType           =2

0%   10   20   30   40   50   60   70   80   90   100%
|----|----|----|----|----|----|----|----|----|----|
***************************************************

0%   10   20   30   40   50   60   70   80   90   100%
|----|----|----|----|----|----|----|----|----|----|
****************************************************2020-08-20 00:14:47,616: INFO     No appropriate custom distance function for Hamming (bit-storage) space
2020-08-20 00:14:47,617: INFO     searchMethod			  = 0
2020-08-20 00:14:47,664: INFO     Identifying guides that have a hamming distance <= 3 to all other potential guides
2020-08-20 00:14:48,046: INFO     Set HNSW query-time parameters:
2020-08-20 00:14:48,046: INFO     ef(Search)         =256
2020-08-20 00:14:48,046: INFO     algoType           =2
2020-08-20 00:15:23,007: INFO     Formatting data for BedTools
2020-08-20 00:15:23,437: INFO     Create GuideMaker Annotation object
2020-08-20 00:15:23,437: INFO     Identify genomic features
2020-08-20 00:15:23,437: INFO     check if test/test_data/Escherichia.coli_str_K-12_substr_MG1655.gbk is gzipped
2020-08-20 00:15:24,797: INFO     Total number of CDS/locus in the input genome: 4357
2020-08-20 00:15:24,797: INFO     Find genomic features closest the guides
2020-08-20 00:15:27,807: INFO     Select guides that start between +100 and -100 of a feature start
2020-08-20 00:15:28,012: INFO     Select description columns
2020-08-20 00:15:28,091: INFO     Format the output
2020-08-20 00:15:28,854: INFO     creating random control guides
2020-08-20 00:15:48,358: INFO     created 10 control guides with a minimum distance of 7 and a median distance of 7
2020-08-20 00:15:48,362: INFO     guidemaker completed, results are at TEST
2020-08-20 00:15:48,362: INFO     PAM sequence: NGG
2020-08-20 00:15:48,362: INFO     PAM orientation: 5prime
2020-08-20 00:15:48,362: INFO     Genome strand(s) searched: both
2020-08-20 00:15:48,362: INFO     Total PAM sites considered: 542073
2020-08-20 00:15:48,362: INFO     Guide RNA candidates found: 35845
Number of random control searched:  100000
	Command being timed: "guidemaker -i test/test_data/Escherichia.coli_str_K-12_substr_MG1655.gbk --pamseq NGG --outdir TEST --pam_orientation 5prime --guidelength 20 --strand both --lcp 10 --dist 3 --before 100 --into 100 --knum 10 --controls 10 --log GuideMaker_57685965_2.log --threads 8"
	User time (seconds): 648.14
	System time (seconds): 12.83
	Percent of CPU this job got: 554%
	Elapsed (wall clock) time (h:mm:ss or m:ss): 1:59.12
	Average shared text size (kbytes): 0
	Average unshared data size (kbytes): 0
	Average stack size (kbytes): 0
	Average total size (kbytes): 0
	Maximum resident set size (kbytes): 1743868
	Average resident set size (kbytes): 0
	Major (requiring I/O) page faults: 0
	Minor (reclaiming a frame) page faults: 5481386
	Voluntary context switches: 95597
	Involuntary context switches: 290678
	Swaps: 0
	File system inputs: 0
	File system outputs: 196008
	Socket messages sent: 0
	Socket messages received: 0
	Signals delivered: 0
	Page size (bytes): 4096
	Exit status: 0
My SLURM_ARRAY_TASK_ID:  2
My TMPDIR IS:  /scratch/local/57685965
Input Genome:>>>>>>>>>>>>>>>>>>>>>>>>>>>>>>>>>>>>>>>>>>>  Escherichia.coli_str_K-12_substr_MG1655.gbk
Threads used:>>>>>>>>>>>>>>>>>>>>>>>>>>>>>>>>>>>>>>>>>>>  16
GuideMaker
2020-08-20 00:15:50,795: INFO     Temp directory is: /scratch/local/57685965/guidemaker_oza8_zc7
2020-08-20 00:15:50,795: INFO     Writing fasta file from genbank file(s)
2020-08-20 00:15:50,796: INFO     check if test/test_data/Escherichia.coli_str_K-12_substr_MG1655.gbk is gzipped
2020-08-20 00:15:51,699: INFO     Identifying PAM sites in the genome
2020-08-20 00:16:03,996: INFO     Identifing guides that are unique near the PAM site
2020-08-20 00:16:04,926: INFO     Indexing all potential guide sites: 542073. This is the longest step.
2020-08-20 00:16:07,440: INFO     M                   = 16
2020-08-20 00:16:07,440: INFO     indexThreadQty      = 16
2020-08-20 00:16:07,440: INFO     efConstruction      = 64
2020-08-20 00:16:07,440: INFO     maxM			          = 16
2020-08-20 00:16:07,440: INFO     maxM0			          = 32
2020-08-20 00:16:07,440: INFO     mult                = 0.360674
2020-08-20 00:16:07,440: INFO     skip_optimized_index= 0
2020-08-20 00:16:07,440: INFO     delaunay_type       = 2
2020-08-20 00:16:07,441: INFO     Set HNSW query-time parameters:
2020-08-20 00:16:07,441: INFO     ef(Search)         =20
2020-08-20 00:16:07,441: INFO     algoType           =2

0%   10   20   30   40   50   60   70   80   90   100%
|----|----|----|----|----|----|----|----|----|----|
***************************************************

0%   10   20   30   40   50   60   70   80   90   100%
|----|----|----|----|----|----|----|----|----|----|
****************************************************2020-08-20 00:16:29,396: INFO     No appropriate custom distance function for Hamming (bit-storage) space
2020-08-20 00:16:29,396: INFO     searchMethod			  = 0
2020-08-20 00:16:29,443: INFO     Identifying guides that have a hamming distance <= 3 to all other potential guides
2020-08-20 00:16:29,805: INFO     Set HNSW query-time parameters:
2020-08-20 00:16:29,805: INFO     ef(Search)         =256
2020-08-20 00:16:29,805: INFO     algoType           =2
2020-08-20 00:16:54,796: INFO     Formatting data for BedTools
2020-08-20 00:16:55,223: INFO     Create GuideMaker Annotation object
2020-08-20 00:16:55,223: INFO     Identify genomic features
2020-08-20 00:16:55,223: INFO     check if test/test_data/Escherichia.coli_str_K-12_substr_MG1655.gbk is gzipped
2020-08-20 00:16:56,577: INFO     Total number of CDS/locus in the input genome: 4357
2020-08-20 00:16:56,578: INFO     Find genomic features closest the guides
2020-08-20 00:16:59,619: INFO     Select guides that start between +100 and -100 of a feature start
2020-08-20 00:16:59,842: INFO     Select description columns
2020-08-20 00:16:59,918: INFO     Format the output
2020-08-20 00:17:00,678: INFO     creating random control guides
2020-08-20 00:17:14,358: INFO     created 10 control guides with a minimum distance of 7 and a median distance of 7
2020-08-20 00:17:14,361: INFO     guidemaker completed, results are at TEST
2020-08-20 00:17:14,361: INFO     PAM sequence: NGG
2020-08-20 00:17:14,361: INFO     PAM orientation: 5prime
2020-08-20 00:17:14,361: INFO     Genome strand(s) searched: both
2020-08-20 00:17:14,361: INFO     Total PAM sites considered: 542073
2020-08-20 00:17:14,361: INFO     Guide RNA candidates found: 35845
Number of random control searched:  100000
	Command being timed: "guidemaker -i test/test_data/Escherichia.coli_str_K-12_substr_MG1655.gbk --pamseq NGG --outdir TEST --pam_orientation 5prime --guidelength 20 --strand both --lcp 10 --dist 3 --before 100 --into 100 --knum 10 --controls 10 --log GuideMaker_57685965_2.log --threads 16"
	User time (seconds): 706.83
	System time (seconds): 16.63
	Percent of CPU this job got: 840%
	Elapsed (wall clock) time (h:mm:ss or m:ss): 1:26.03
	Average shared text size (kbytes): 0
	Average unshared data size (kbytes): 0
	Average stack size (kbytes): 0
	Average total size (kbytes): 0
	Maximum resident set size (kbytes): 1764336
	Average resident set size (kbytes): 0
	Major (requiring I/O) page faults: 0
	Minor (reclaiming a frame) page faults: 4662014
	Voluntary context switches: 191280
	Involuntary context switches: 1800
	Swaps: 0
	File system inputs: 0
	File system outputs: 195992
	Socket messages sent: 0
	Socket messages received: 0
	Signals delivered: 0
	Page size (bytes): 4096
	Exit status: 0
My SLURM_ARRAY_TASK_ID:  2
My TMPDIR IS:  /scratch/local/57685965
Input Genome:>>>>>>>>>>>>>>>>>>>>>>>>>>>>>>>>>>>>>>>>>>>  Escherichia.coli_str_K-12_substr_MG1655.gbk
Threads used:>>>>>>>>>>>>>>>>>>>>>>>>>>>>>>>>>>>>>>>>>>>  32
GuideMaker
2020-08-20 00:17:16,798: INFO     Temp directory is: /scratch/local/57685965/guidemaker_8uabwbtx
2020-08-20 00:17:16,798: INFO     Writing fasta file from genbank file(s)
2020-08-20 00:17:16,799: INFO     check if test/test_data/Escherichia.coli_str_K-12_substr_MG1655.gbk is gzipped
2020-08-20 00:17:17,711: INFO     Identifying PAM sites in the genome
2020-08-20 00:17:29,754: INFO     Identifing guides that are unique near the PAM site
2020-08-20 00:17:30,660: INFO     Indexing all potential guide sites: 542073. This is the longest step.
2020-08-20 00:17:33,203: INFO     M                   = 16
2020-08-20 00:17:33,203: INFO     indexThreadQty      = 32
2020-08-20 00:17:33,204: INFO     efConstruction      = 64
2020-08-20 00:17:33,204: INFO     maxM			          = 16
2020-08-20 00:17:33,204: INFO     maxM0			          = 32
2020-08-20 00:17:33,204: INFO     mult                = 0.360674
2020-08-20 00:17:33,204: INFO     skip_optimized_index= 0
2020-08-20 00:17:33,204: INFO     delaunay_type       = 2
2020-08-20 00:17:33,204: INFO     Set HNSW query-time parameters:
2020-08-20 00:17:33,204: INFO     ef(Search)         =20
2020-08-20 00:17:33,204: INFO     algoType           =2

0%   10   20   30   40   50   60   70   80   90   100%
|----|----|----|----|----|----|----|----|----|----|
***************************************************

0%   10   20   30   40   50   60   70   80   90   100%
|----|----|----|----|----|----|----|----|----|----|
*******************************************************2020-08-20 00:17:45,333: INFO     No appropriate custom distance function for Hamming (bit-storage) space
2020-08-20 00:17:45,334: INFO     searchMethod			  = 0
2020-08-20 00:17:45,379: INFO     Identifying guides that have a hamming distance <= 3 to all other potential guides
2020-08-20 00:17:45,726: INFO     Set HNSW query-time parameters:
2020-08-20 00:17:45,726: INFO     ef(Search)         =256
2020-08-20 00:17:45,726: INFO     algoType           =2
2020-08-20 00:18:05,542: INFO     Formatting data for BedTools
2020-08-20 00:18:05,972: INFO     Create GuideMaker Annotation object
2020-08-20 00:18:05,973: INFO     Identify genomic features
2020-08-20 00:18:05,973: INFO     check if test/test_data/Escherichia.coli_str_K-12_substr_MG1655.gbk is gzipped
2020-08-20 00:18:07,343: INFO     Total number of CDS/locus in the input genome: 4357
2020-08-20 00:18:07,343: INFO     Find genomic features closest the guides
2020-08-20 00:18:10,424: INFO     Select guides that start between +100 and -100 of a feature start
2020-08-20 00:18:10,619: INFO     Select description columns
2020-08-20 00:18:10,700: INFO     Format the output
2020-08-20 00:18:11,518: INFO     creating random control guides
2020-08-20 00:18:12,672: INFO     created 10 control guides with a minimum distance of 7 and a median distance of 7
2020-08-20 00:18:12,675: INFO     guidemaker completed, results are at TEST
2020-08-20 00:18:12,675: INFO     PAM sequence: NGG
2020-08-20 00:18:12,675: INFO     PAM orientation: 5prime
2020-08-20 00:18:12,675: INFO     Genome strand(s) searched: both
2020-08-20 00:18:12,675: INFO     Total PAM sites considered: 542073
2020-08-20 00:18:12,675: INFO     Guide RNA candidates found: 35845
	Command being timed: "guidemaker -i test/test_data/Escherichia.coli_str_K-12_substr_MG1655.gbk --pamseq NGG --outdir TEST --pam_orientation 5prime --guidelength 20 --strand both --lcp 10 --dist 3 --before 100 --into 100 --knum 10 --controls 10 --log GuideMaker_57685965_2.log --threads 32"
	User time (seconds): 652.09
	System time (seconds): 17.82
	Percent of CPU this job got: 1149%
	Elapsed (wall clock) time (h:mm:ss or m:ss): 0:58.25
	Average shared text size (kbytes): 0
	Average unshared data size (kbytes): 0
	Average stack size (kbytes): 0
	Average total size (kbytes): 0
	Maximum resident set size (kbytes): 1717396
	Average resident set size (kbytes): 0
	Major (requiring I/O) page faults: 0
	Minor (reclaiming a frame) page faults: 2778562
	Voluntary context switches: 367275
	Involuntary context switches: 822110
	Swaps: 0
	File system inputs: 0
	File system outputs: 195968
	Socket messages sent: 0
	Socket messages received: 0
	Signals delivered: 0
	Page size (bytes): 4096
	Exit status: 0
