Thu Feb  4 16:50:18 EST 2021
c26b-s8.ufhpc
/blue/garrett/rp3448/analysis/guidemaker/AVXGuidemaker
My SLURM_ARRAY_TASK_ID:  5
My TMPDIR IS:  /scratch/local/63825771
Input Genome:>>>>>>>>>>>>>>>>>>>>>>>>>>>>>>>>>>>>>>>>>>>  Escherichia.coli_str_K-12_substr_MG1655.gbk
Input PAM:>>>>>>>>>>>>>>>>>>>>>>>>>>>>>>>>>>>>>>>>>>>  NGRRT
Threads used:>>>>>>>>>>>>>>>>>>>>>>>>>>>>>>>>>>>>>>>>>>>  1
GuideMaker
2021-02-04 16:50:22,948: INFO     Temp directory is: /scratch/local/63825771/guidemaker_0inn1ooj
2021-02-04 16:50:22,949: INFO     Writing fasta file from genbank file(s)
2021-02-04 16:50:22,949: INFO     check if ../all_test_data/Escherichia.coli_str_K-12_substr_MG1655.gbk is gzipped
2021-02-04 16:50:23,836: INFO     Identifying PAM sites in the genome
2021-02-04 16:50:28,078: INFO     Checking guides for restriction enzymes
2021-02-04 16:50:28,109: INFO     Number of guides removed after checking for restriction enzymes: 0
2021-02-04 16:50:28,109: INFO     Identifing guides that are unique near the PAM site
2021-02-04 16:50:28,274: INFO     Number of guides removed after checking for unique PAM: 11268
2021-02-04 16:50:28,274: INFO     Indexing all potential guide sites: 115034. This is the longest step.
2021-02-04 16:50:28,806: INFO     M                   = 16
2021-02-04 16:50:28,806: INFO     indexThreadQty      = 1
2021-02-04 16:50:28,807: INFO     efConstruction      = 10
2021-02-04 16:50:28,807: INFO     maxM			          = 16
2021-02-04 16:50:28,807: INFO     maxM0			          = 32
2021-02-04 16:50:28,807: INFO     mult                = 0.360674
2021-02-04 16:50:28,807: INFO     skip_optimized_index= 0
2021-02-04 16:50:28,807: INFO     delaunay_type       = 2
2021-02-04 16:50:28,807: INFO     Set HNSW query-time parameters:
2021-02-04 16:50:28,807: INFO     ef(Search)         =20
2021-02-04 16:50:28,807: INFO     algoType           =2

0%   10   20   30   40   50   60   70   80   90   100%
|----|----|----|----|----|----|----|----|----|----|
***************************************************

0%   10   20   30   40   50   60   70   80   90   100%
|----|----|----|----|----|----|----|----|----|----|
***************************************************
*2021-02-04 16:50:34,536: INFO     No appropriate custom distance function for Hamming (bit-storage) space
2021-02-04 16:50:34,536: INFO     searchMethod			  = 0
2021-02-04 16:50:34,546: INFO     Identifying guides that have a hamming distance <= 3 to all other potential guides
2021-02-04 16:50:34,682: INFO     Set HNSW query-time parameters:
2021-02-04 16:50:34,682: INFO     ef(Search)         =9
2021-02-04 16:50:34,682: INFO     algoType           =2
2021-02-04 16:50:41,423: INFO     Formatting data for BedTools
2021-02-04 16:50:41,604: INFO     Create GuideMaker Annotation object
2021-02-04 16:50:41,604: INFO     Identify genomic features
2021-02-04 16:50:41,604: INFO     check if ../all_test_data/Escherichia.coli_str_K-12_substr_MG1655.gbk is gzipped
2021-02-04 16:50:42,655: INFO     Total number of CDS/locus in the input genome: 4357
2021-02-04 16:50:42,656: INFO     Find genomic features closest the guides
2021-02-04 16:50:44,094: INFO     Select guides that start between +500 and -500 of a feature start
2021-02-04 16:50:44,272: INFO     Select description columns
2021-02-04 16:50:44,349: INFO     Format the output
2021-02-04 16:50:45,099: INFO     Number of Guides within a gene coordinates i.e. zero Feature distance: 43500
2021-02-04 16:50:46,023: INFO     creating random control guides
2021-02-04 16:50:46,091: INFO     Number of random control searched: 100
2021-02-04 16:50:46,091: INFO     Percentage of GC content in the input genome: 50.79
2021-02-04 16:50:46,091: INFO     Total length of the genome: 4.4 MB
2021-02-04 16:50:46,091: INFO     created 10 control guides with a minimum distance of 8 and a median distance of 8
2021-02-04 16:50:46,094: INFO     guidemaker completed, results are at TEST
2021-02-04 16:50:46,094: INFO     PAM sequence: NGRRT
2021-02-04 16:50:46,094: INFO     PAM orientation: 3prime
2021-02-04 16:50:46,094: INFO     Genome strand(s) searched: both
2021-02-04 16:50:46,094: INFO     Total PAM sites considered: 115034
2021-02-04 16:50:46,094: INFO     Guide RNA candidates found: 76597
	Command being timed: "guidemaker -i ../all_test_data/Escherichia.coli_str_K-12_substr_MG1655.gbk --pamseq NGRRT --outdir TEST --pam_orientation 3prime --guidelength 20 --strand both --lcp 11 --dist 3 --before 500 --into 500 --knum 10 --controls 10 --log GM_63825771_5.log --threads 1"
	User time (seconds): 24.24
	System time (seconds): 2.16
	Percent of CPU this job got: 107%
	Elapsed (wall clock) time (h:mm:ss or m:ss): 0:24.64
	Average shared text size (kbytes): 0
	Average unshared data size (kbytes): 0
	Average stack size (kbytes): 0
	Average total size (kbytes): 0
	Maximum resident set size (kbytes): 520408
	Average resident set size (kbytes): 0
	Major (requiring I/O) page faults: 0
	Minor (reclaiming a frame) page faults: 518811
	Voluntary context switches: 3012
	Involuntary context switches: 1167007
	Swaps: 0
	File system inputs: 64
	File system outputs: 161816
	Socket messages sent: 0
	Socket messages received: 0
	Signals delivered: 0
	Page size (bytes): 4096
	Exit status: 0
My SLURM_ARRAY_TASK_ID:  5
My TMPDIR IS:  /scratch/local/63825771
Input Genome:>>>>>>>>>>>>>>>>>>>>>>>>>>>>>>>>>>>>>>>>>>>  Escherichia.coli_str_K-12_substr_MG1655.gbk
Input PAM:>>>>>>>>>>>>>>>>>>>>>>>>>>>>>>>>>>>>>>>>>>>  NGRRT
Threads used:>>>>>>>>>>>>>>>>>>>>>>>>>>>>>>>>>>>>>>>>>>>  2
GuideMaker
2021-02-04 16:50:47,297: INFO     Temp directory is: /scratch/local/63825771/guidemaker_4debbbaz
2021-02-04 16:50:47,297: INFO     Writing fasta file from genbank file(s)
2021-02-04 16:50:47,297: INFO     check if ../all_test_data/Escherichia.coli_str_K-12_substr_MG1655.gbk is gzipped
2021-02-04 16:50:48,183: INFO     Identifying PAM sites in the genome
2021-02-04 16:50:52,265: INFO     Checking guides for restriction enzymes
2021-02-04 16:50:52,296: INFO     Number of guides removed after checking for restriction enzymes: 0
2021-02-04 16:50:52,296: INFO     Identifing guides that are unique near the PAM site
2021-02-04 16:50:52,460: INFO     Number of guides removed after checking for unique PAM: 11268
2021-02-04 16:50:52,460: INFO     Indexing all potential guide sites: 115034. This is the longest step.
2021-02-04 16:50:52,993: INFO     M                   = 16
2021-02-04 16:50:52,993: INFO     indexThreadQty      = 2
2021-02-04 16:50:52,993: INFO     efConstruction      = 10
2021-02-04 16:50:52,993: INFO     maxM			          = 16
2021-02-04 16:50:52,993: INFO     maxM0			          = 32
2021-02-04 16:50:52,993: INFO     mult                = 0.360674
2021-02-04 16:50:52,994: INFO     skip_optimized_index= 0
2021-02-04 16:50:52,994: INFO     delaunay_type       = 2
2021-02-04 16:50:52,994: INFO     Set HNSW query-time parameters:
2021-02-04 16:50:52,994: INFO     ef(Search)         =20
2021-02-04 16:50:52,994: INFO     algoType           =2

0%   10   20   30   40   50   60   70   80   90   100%
|----|----|----|----|----|----|----|----|----|----|
***************************************************

0%   10   20   30   40   50   60   70   80   90   100%
|----|----|----|----|----|----|----|----|----|----|
****************************************************


2021-02-04 16:50:56,890: INFO     No appropriate custom distance function for Hamming (bit-storage) space
2021-02-04 16:50:56,891: INFO     searchMethod			  = 0
2021-02-04 16:50:56,901: INFO     Identifying guides that have a hamming distance <= 3 to all other potential guides
2021-02-04 16:50:57,036: INFO     Set HNSW query-time parameters:
2021-02-04 16:50:57,037: INFO     ef(Search)         =9
2021-02-04 16:50:57,037: INFO     algoType           =2
2021-02-04 16:51:03,336: INFO     Formatting data for BedTools
2021-02-04 16:51:03,540: INFO     Create GuideMaker Annotation object
2021-02-04 16:51:03,540: INFO     Identify genomic features
2021-02-04 16:51:03,540: INFO     check if ../all_test_data/Escherichia.coli_str_K-12_substr_MG1655.gbk is gzipped
2021-02-04 16:51:04,672: INFO     Total number of CDS/locus in the input genome: 4357
2021-02-04 16:51:04,672: INFO     Find genomic features closest the guides
2021-02-04 16:51:06,128: INFO     Select guides that start between +500 and -500 of a feature start
2021-02-04 16:51:06,292: INFO     Select description columns
2021-02-04 16:51:06,369: INFO     Format the output
2021-02-04 16:51:07,114: INFO     Number of Guides within a gene coordinates i.e. zero Feature distance: 43508
2021-02-04 16:51:07,948: INFO     creating random control guides
2021-02-04 16:51:08,031: INFO     Number of random control searched: 100
2021-02-04 16:51:08,031: INFO     Percentage of GC content in the input genome: 50.79
2021-02-04 16:51:08,031: INFO     Total length of the genome: 4.4 MB
2021-02-04 16:51:08,031: INFO     created 10 control guides with a minimum distance of 8 and a median distance of 8
2021-02-04 16:51:08,033: INFO     guidemaker completed, results are at TEST
2021-02-04 16:51:08,033: INFO     PAM sequence: NGRRT
2021-02-04 16:51:08,033: INFO     PAM orientation: 3prime
2021-02-04 16:51:08,033: INFO     Genome strand(s) searched: both
2021-02-04 16:51:08,033: INFO     Total PAM sites considered: 115034
2021-02-04 16:51:08,034: INFO     Guide RNA candidates found: 76615
	Command being timed: "guidemaker -i ../all_test_data/Escherichia.coli_str_K-12_substr_MG1655.gbk --pamseq NGRRT --outdir TEST --pam_orientation 3prime --guidelength 20 --strand both --lcp 11 --dist 3 --before 500 --into 500 --knum 10 --controls 10 --log GM_63825771_5.log --threads 2"
	User time (seconds): 27.85
	System time (seconds): 2.52
	Percent of CPU this job got: 138%
	Elapsed (wall clock) time (h:mm:ss or m:ss): 0:21.96
	Average shared text size (kbytes): 0
	Average unshared data size (kbytes): 0
	Average stack size (kbytes): 0
	Average total size (kbytes): 0
	Maximum resident set size (kbytes): 577636
	Average resident set size (kbytes): 0
	Major (requiring I/O) page faults: 0
	Minor (reclaiming a frame) page faults: 563140
	Voluntary context switches: 12795
	Involuntary context switches: 144799
	Swaps: 0
	File system inputs: 88
	File system outputs: 161776
	Socket messages sent: 0
	Socket messages received: 0
	Signals delivered: 0
	Page size (bytes): 4096
	Exit status: 0
My SLURM_ARRAY_TASK_ID:  5
My TMPDIR IS:  /scratch/local/63825771
Input Genome:>>>>>>>>>>>>>>>>>>>>>>>>>>>>>>>>>>>>>>>>>>>  Escherichia.coli_str_K-12_substr_MG1655.gbk
Input PAM:>>>>>>>>>>>>>>>>>>>>>>>>>>>>>>>>>>>>>>>>>>>  NGRRT
Threads used:>>>>>>>>>>>>>>>>>>>>>>>>>>>>>>>>>>>>>>>>>>>  4
GuideMaker
2021-02-04 16:51:09,302: INFO     Temp directory is: /scratch/local/63825771/guidemaker_9u0v28j_
2021-02-04 16:51:09,302: INFO     Writing fasta file from genbank file(s)
2021-02-04 16:51:09,303: INFO     check if ../all_test_data/Escherichia.coli_str_K-12_substr_MG1655.gbk is gzipped
2021-02-04 16:51:10,194: INFO     Identifying PAM sites in the genome
2021-02-04 16:51:14,319: INFO     Checking guides for restriction enzymes
2021-02-04 16:51:14,349: INFO     Number of guides removed after checking for restriction enzymes: 0
2021-02-04 16:51:14,349: INFO     Identifing guides that are unique near the PAM site
2021-02-04 16:51:14,514: INFO     Number of guides removed after checking for unique PAM: 11268
2021-02-04 16:51:14,514: INFO     Indexing all potential guide sites: 115034. This is the longest step.
2021-02-04 16:51:15,068: INFO     M                   = 16
2021-02-04 16:51:15,069: INFO     indexThreadQty      = 4
2021-02-04 16:51:15,069: INFO     efConstruction      = 10
2021-02-04 16:51:15,069: INFO     maxM			          = 16
2021-02-04 16:51:15,069: INFO     maxM0			          = 32
2021-02-04 16:51:15,069: INFO     mult                = 0.360674
2021-02-04 16:51:15,069: INFO     skip_optimized_index= 0
2021-02-04 16:51:15,069: INFO     delaunay_type       = 2
2021-02-04 16:51:15,069: INFO     Set HNSW query-time parameters:
2021-02-04 16:51:15,069: INFO     ef(Search)         =20
2021-02-04 16:51:15,069: INFO     algoType           =2

0%   10   20   30   40   50   60   70   80   90   100%
|----|----|----|----|----|----|----|----|----|----|
***************************************************

0%   10   20   30   40   50   60   70   80   90   100%
|----|----|----|----|----|----|----|----|----|----|
*******************************************************
2021-02-04 16:51:17,138: INFO     No appropriate custom distance function for Hamming (bit-storage) space
2021-02-04 16:51:17,138: INFO     searchMethod			  = 0
2021-02-04 16:51:17,144: INFO     Identifying guides that have a hamming distance <= 3 to all other potential guides
2021-02-04 16:51:17,297: INFO     Set HNSW query-time parameters:
2021-02-04 16:51:17,298: INFO     ef(Search)         =9
2021-02-04 16:51:17,298: INFO     algoType           =2
2021-02-04 16:51:22,510: INFO     Formatting data for BedTools
2021-02-04 16:51:22,726: INFO     Create GuideMaker Annotation object
2021-02-04 16:51:22,726: INFO     Identify genomic features
2021-02-04 16:51:22,726: INFO     check if ../all_test_data/Escherichia.coli_str_K-12_substr_MG1655.gbk is gzipped
2021-02-04 16:51:24,004: INFO     Total number of CDS/locus in the input genome: 4357
2021-02-04 16:51:24,004: INFO     Find genomic features closest the guides
2021-02-04 16:51:25,697: INFO     Select guides that start between +500 and -500 of a feature start
2021-02-04 16:51:25,878: INFO     Select description columns
2021-02-04 16:51:25,960: INFO     Format the output
2021-02-04 16:51:26,748: INFO     Number of Guides within a gene coordinates i.e. zero Feature distance: 43501
2021-02-04 16:51:27,625: INFO     creating random control guides
2021-02-04 16:51:27,715: INFO     Number of random control searched: 100
2021-02-04 16:51:27,715: INFO     Percentage of GC content in the input genome: 50.79
2021-02-04 16:51:27,715: INFO     Total length of the genome: 4.4 MB
2021-02-04 16:51:27,716: INFO     created 10 control guides with a minimum distance of 8 and a median distance of 8
2021-02-04 16:51:27,718: INFO     guidemaker completed, results are at TEST
2021-02-04 16:51:27,718: INFO     PAM sequence: NGRRT
2021-02-04 16:51:27,719: INFO     PAM orientation: 3prime
2021-02-04 16:51:27,719: INFO     Genome strand(s) searched: both
2021-02-04 16:51:27,719: INFO     Total PAM sites considered: 115034
2021-02-04 16:51:27,719: INFO     Guide RNA candidates found: 76603
	Command being timed: "guidemaker -i ../all_test_data/Escherichia.coli_str_K-12_substr_MG1655.gbk --pamseq NGRRT --outdir TEST --pam_orientation 3prime --guidelength 20 --strand both --lcp 11 --dist 3 --before 500 --into 500 --knum 10 --controls 10 --log GM_63825771_5.log --threads 4"
	User time (seconds): 28.36
	System time (seconds): 2.65
	Percent of CPU this job got: 157%
	Elapsed (wall clock) time (h:mm:ss or m:ss): 0:19.67
	Average shared text size (kbytes): 0
	Average unshared data size (kbytes): 0
	Average stack size (kbytes): 0
	Average total size (kbytes): 0
	Maximum resident set size (kbytes): 577820
	Average resident set size (kbytes): 0
	Major (requiring I/O) page faults: 0
	Minor (reclaiming a frame) page faults: 512812
	Voluntary context switches: 22670
	Involuntary context switches: 121964
	Swaps: 0
	File system inputs: 176
	File system outputs: 161792
	Socket messages sent: 0
	Socket messages received: 0
	Signals delivered: 0
	Page size (bytes): 4096
	Exit status: 0
My SLURM_ARRAY_TASK_ID:  5
My TMPDIR IS:  /scratch/local/63825771
Input Genome:>>>>>>>>>>>>>>>>>>>>>>>>>>>>>>>>>>>>>>>>>>>  Escherichia.coli_str_K-12_substr_MG1655.gbk
Input PAM:>>>>>>>>>>>>>>>>>>>>>>>>>>>>>>>>>>>>>>>>>>>  NGRRT
Threads used:>>>>>>>>>>>>>>>>>>>>>>>>>>>>>>>>>>>>>>>>>>>  8
GuideMaker
2021-02-04 16:51:29,320: INFO     Temp directory is: /scratch/local/63825771/guidemaker_f_03_05m
2021-02-04 16:51:29,320: INFO     Writing fasta file from genbank file(s)
2021-02-04 16:51:29,320: INFO     check if ../all_test_data/Escherichia.coli_str_K-12_substr_MG1655.gbk is gzipped
2021-02-04 16:51:30,209: INFO     Identifying PAM sites in the genome
2021-02-04 16:51:34,474: INFO     Checking guides for restriction enzymes
2021-02-04 16:51:34,504: INFO     Number of guides removed after checking for restriction enzymes: 0
2021-02-04 16:51:34,504: INFO     Identifing guides that are unique near the PAM site
2021-02-04 16:51:34,669: INFO     Number of guides removed after checking for unique PAM: 11268
2021-02-04 16:51:34,669: INFO     Indexing all potential guide sites: 115034. This is the longest step.
2021-02-04 16:51:35,208: INFO     M                   = 16
2021-02-04 16:51:35,208: INFO     indexThreadQty      = 8
2021-02-04 16:51:35,208: INFO     efConstruction      = 10
2021-02-04 16:51:35,208: INFO     maxM			          = 16
2021-02-04 16:51:35,208: INFO     maxM0			          = 32
2021-02-04 16:51:35,208: INFO     mult                = 0.360674
2021-02-04 16:51:35,208: INFO     skip_optimized_index= 0
2021-02-04 16:51:35,208: INFO     delaunay_type       = 2
2021-02-04 16:51:35,208: INFO     Set HNSW query-time parameters:
2021-02-04 16:51:35,208: INFO     ef(Search)         =20
2021-02-04 16:51:35,208: INFO     algoType           =2

0%   10   20   30   40   50   60   70   80   90   100%
|----|----|----|----|----|----|----|----|----|----|
***************************************************

0%   10   20   30   40   50   60   70   80   90   100%
|----|----|----|----|----|----|----|----|----|----|
****************************************************2021-02-04 16:51:36,341: INFO     No appropriate custom distance function for Hamming (bit-storage) space
2021-02-04 16:51:36,341: INFO     searchMethod			  = 0
2021-02-04 16:51:36,347: INFO     Identifying guides that have a hamming distance <= 3 to all other potential guides
2021-02-04 16:51:36,492: INFO     Set HNSW query-time parameters:
2021-02-04 16:51:36,492: INFO     ef(Search)         =9
2021-02-04 16:51:36,492: INFO     algoType           =2
2021-02-04 16:51:41,296: INFO     Formatting data for BedTools
2021-02-04 16:51:41,473: INFO     Create GuideMaker Annotation object
2021-02-04 16:51:41,473: INFO     Identify genomic features
2021-02-04 16:51:41,474: INFO     check if ../all_test_data/Escherichia.coli_str_K-12_substr_MG1655.gbk is gzipped
2021-02-04 16:51:42,525: INFO     Total number of CDS/locus in the input genome: 4357
2021-02-04 16:51:42,525: INFO     Find genomic features closest the guides
2021-02-04 16:51:43,978: INFO     Select guides that start between +500 and -500 of a feature start
2021-02-04 16:51:44,157: INFO     Select description columns
2021-02-04 16:51:44,233: INFO     Format the output
2021-02-04 16:51:44,978: INFO     Number of Guides within a gene coordinates i.e. zero Feature distance: 43505
2021-02-04 16:51:45,804: INFO     creating random control guides
2021-02-04 16:51:45,879: INFO     Number of random control searched: 100
2021-02-04 16:51:45,879: INFO     Percentage of GC content in the input genome: 50.79
2021-02-04 16:51:45,879: INFO     Total length of the genome: 4.4 MB
2021-02-04 16:51:45,879: INFO     created 10 control guides with a minimum distance of 8 and a median distance of 8
2021-02-04 16:51:45,882: INFO     guidemaker completed, results are at TEST
2021-02-04 16:51:45,882: INFO     PAM sequence: NGRRT
2021-02-04 16:51:45,882: INFO     PAM orientation: 3prime
2021-02-04 16:51:45,882: INFO     Genome strand(s) searched: both
2021-02-04 16:51:45,882: INFO     Total PAM sites considered: 115034
2021-02-04 16:51:45,882: INFO     Guide RNA candidates found: 76610
	Command being timed: "guidemaker -i ../all_test_data/Escherichia.coli_str_K-12_substr_MG1655.gbk --pamseq NGRRT --outdir TEST --pam_orientation 3prime --guidelength 20 --strand both --lcp 11 --dist 3 --before 500 --into 500 --knum 10 --controls 10 --log GM_63825771_5.log --threads 8"
	User time (seconds): 28.59
	System time (seconds): 2.68
	Percent of CPU this job got: 172%
	Elapsed (wall clock) time (h:mm:ss or m:ss): 0:18.17
	Average shared text size (kbytes): 0
	Average unshared data size (kbytes): 0
	Average stack size (kbytes): 0
	Average total size (kbytes): 0
	Maximum resident set size (kbytes): 564628
	Average resident set size (kbytes): 0
	Major (requiring I/O) page faults: 0
	Minor (reclaiming a frame) page faults: 510784
	Voluntary context switches: 36210
	Involuntary context switches: 144711
	Swaps: 0
	File system inputs: 0
	File system outputs: 161768
	Socket messages sent: 0
	Socket messages received: 0
	Signals delivered: 0
	Page size (bytes): 4096
	Exit status: 0
My SLURM_ARRAY_TASK_ID:  5
My TMPDIR IS:  /scratch/local/63825771
Input Genome:>>>>>>>>>>>>>>>>>>>>>>>>>>>>>>>>>>>>>>>>>>>  Escherichia.coli_str_K-12_substr_MG1655.gbk
Input PAM:>>>>>>>>>>>>>>>>>>>>>>>>>>>>>>>>>>>>>>>>>>>  NGRRT
Threads used:>>>>>>>>>>>>>>>>>>>>>>>>>>>>>>>>>>>>>>>>>>>  16
GuideMaker
2021-02-04 16:51:47,122: INFO     Temp directory is: /scratch/local/63825771/guidemaker_csko89hs
2021-02-04 16:51:47,122: INFO     Writing fasta file from genbank file(s)
2021-02-04 16:51:47,122: INFO     check if ../all_test_data/Escherichia.coli_str_K-12_substr_MG1655.gbk is gzipped
2021-02-04 16:51:48,100: INFO     Identifying PAM sites in the genome
2021-02-04 16:51:52,520: INFO     Checking guides for restriction enzymes
2021-02-04 16:51:52,550: INFO     Number of guides removed after checking for restriction enzymes: 0
2021-02-04 16:51:52,550: INFO     Identifing guides that are unique near the PAM site
2021-02-04 16:51:52,716: INFO     Number of guides removed after checking for unique PAM: 11268
2021-02-04 16:51:52,717: INFO     Indexing all potential guide sites: 115034. This is the longest step.
2021-02-04 16:51:53,263: INFO     M                   = 16
2021-02-04 16:51:53,263: INFO     indexThreadQty      = 16
2021-02-04 16:51:53,264: INFO     efConstruction      = 10
2021-02-04 16:51:53,264: INFO     maxM			          = 16
2021-02-04 16:51:53,264: INFO     maxM0			          = 32
2021-02-04 16:51:53,264: INFO     mult                = 0.360674
2021-02-04 16:51:53,264: INFO     skip_optimized_index= 0
2021-02-04 16:51:53,264: INFO     delaunay_type       = 2
2021-02-04 16:51:53,264: INFO     Set HNSW query-time parameters:
2021-02-04 16:51:53,264: INFO     ef(Search)         =20
2021-02-04 16:51:53,264: INFO     algoType           =2

0%   10   20   30   40   50   60   70   80   90   100%
|----|----|----|----|----|----|----|----|----|----|
***************************************************

0%   10   20   30   40   50   60   70   80   90   100%
|----|----|----|----|----|----|----|----|----|----|
*******************************************************2021-02-04 16:51:53,941: INFO     No appropriate custom distance function for Hamming (bit-storage) space
2021-02-04 16:51:53,942: INFO     searchMethod			  = 0
2021-02-04 16:51:53,947: INFO     Identifying guides that have a hamming distance <= 3 to all other potential guides
2021-02-04 16:51:54,086: INFO     Set HNSW query-time parameters:
2021-02-04 16:51:54,086: INFO     ef(Search)         =9
2021-02-04 16:51:54,086: INFO     algoType           =2
2021-02-04 16:51:58,859: INFO     Formatting data for BedTools
2021-02-04 16:51:59,045: INFO     Create GuideMaker Annotation object
2021-02-04 16:51:59,045: INFO     Identify genomic features
2021-02-04 16:51:59,046: INFO     check if ../all_test_data/Escherichia.coli_str_K-12_substr_MG1655.gbk is gzipped
2021-02-04 16:52:00,116: INFO     Total number of CDS/locus in the input genome: 4357
2021-02-04 16:52:00,116: INFO     Find genomic features closest the guides
2021-02-04 16:52:01,575: INFO     Select guides that start between +500 and -500 of a feature start
2021-02-04 16:52:01,738: INFO     Select description columns
2021-02-04 16:52:01,814: INFO     Format the output
2021-02-04 16:52:02,560: INFO     Number of Guides within a gene coordinates i.e. zero Feature distance: 43518
2021-02-04 16:52:03,440: INFO     creating random control guides
2021-02-04 16:52:03,519: INFO     Number of random control searched: 100
2021-02-04 16:52:03,519: INFO     Percentage of GC content in the input genome: 50.79
2021-02-04 16:52:03,519: INFO     Total length of the genome: 4.4 MB
2021-02-04 16:52:03,519: INFO     created 10 control guides with a minimum distance of 7 and a median distance of 8
2021-02-04 16:52:03,522: INFO     guidemaker completed, results are at TEST
2021-02-04 16:52:03,522: INFO     PAM sequence: NGRRT
2021-02-04 16:52:03,522: INFO     PAM orientation: 3prime
2021-02-04 16:52:03,522: INFO     Genome strand(s) searched: both
2021-02-04 16:52:03,522: INFO     Total PAM sites considered: 115034
2021-02-04 16:52:03,522: INFO     Guide RNA candidates found: 76632
	Command being timed: "guidemaker -i ../all_test_data/Escherichia.coli_str_K-12_substr_MG1655.gbk --pamseq NGRRT --outdir TEST --pam_orientation 3prime --guidelength 20 --strand both --lcp 11 --dist 3 --before 500 --into 500 --knum 10 --controls 10 --log GM_63825771_5.log --threads 16"
	User time (seconds): 29.64
	System time (seconds): 3.26
	Percent of CPU this job got: 186%
	Elapsed (wall clock) time (h:mm:ss or m:ss): 0:17.62
	Average shared text size (kbytes): 0
	Average unshared data size (kbytes): 0
	Average stack size (kbytes): 0
	Average total size (kbytes): 0
	Maximum resident set size (kbytes): 566172
	Average resident set size (kbytes): 0
	Major (requiring I/O) page faults: 0
	Minor (reclaiming a frame) page faults: 505028
	Voluntary context switches: 83670
	Involuntary context switches: 580734
	Swaps: 0
	File system inputs: 160
	File system outputs: 161824
	Socket messages sent: 0
	Socket messages received: 0
	Signals delivered: 0
	Page size (bytes): 4096
	Exit status: 0
My SLURM_ARRAY_TASK_ID:  5
My TMPDIR IS:  /scratch/local/63825771
Input Genome:>>>>>>>>>>>>>>>>>>>>>>>>>>>>>>>>>>>>>>>>>>>  Escherichia.coli_str_K-12_substr_MG1655.gbk
Input PAM:>>>>>>>>>>>>>>>>>>>>>>>>>>>>>>>>>>>>>>>>>>>  NGRRT
Threads used:>>>>>>>>>>>>>>>>>>>>>>>>>>>>>>>>>>>>>>>>>>>  32
GuideMaker
2021-02-04 16:52:04,743: INFO     Temp directory is: /scratch/local/63825771/guidemaker_pd3uxm8w
2021-02-04 16:52:04,743: INFO     Writing fasta file from genbank file(s)
2021-02-04 16:52:04,743: INFO     check if ../all_test_data/Escherichia.coli_str_K-12_substr_MG1655.gbk is gzipped
2021-02-04 16:52:05,642: INFO     Identifying PAM sites in the genome
2021-02-04 16:52:09,879: INFO     Checking guides for restriction enzymes
2021-02-04 16:52:09,909: INFO     Number of guides removed after checking for restriction enzymes: 0
2021-02-04 16:52:09,909: INFO     Identifing guides that are unique near the PAM site
2021-02-04 16:52:10,078: INFO     Number of guides removed after checking for unique PAM: 11268
2021-02-04 16:52:10,079: INFO     Indexing all potential guide sites: 115034. This is the longest step.
2021-02-04 16:52:10,634: INFO     M                   = 16
2021-02-04 16:52:10,635: INFO     indexThreadQty      = 32
2021-02-04 16:52:10,635: INFO     efConstruction      = 10
2021-02-04 16:52:10,635: INFO     maxM			          = 16
2021-02-04 16:52:10,635: INFO     maxM0			          = 32
2021-02-04 16:52:10,635: INFO     mult                = 0.360674
2021-02-04 16:52:10,635: INFO     skip_optimized_index= 0
2021-02-04 16:52:10,635: INFO     delaunay_type       = 2
2021-02-04 16:52:10,635: INFO     Set HNSW query-time parameters:
2021-02-04 16:52:10,635: INFO     ef(Search)         =20
2021-02-04 16:52:10,635: INFO     algoType           =2

0%   10   20   30   40   50   60   70   80   90   100%
|----|----|----|----|----|----|----|----|----|----|
***************************************************

0%   10   20   30   40   50   60   70   80   90   100%
|----|----|----|----|----|----|----|----|----|----|
*******************************************************2021-02-04 16:52:11,107: INFO     No appropriate custom distance function for Hamming (bit-storage) space
2021-02-04 16:52:11,107: INFO     searchMethod			  = 0
2021-02-04 16:52:11,121: INFO     Identifying guides that have a hamming distance <= 3 to all other potential guides
2021-02-04 16:52:11,307: INFO     Set HNSW query-time parameters:
2021-02-04 16:52:11,307: INFO     ef(Search)         =9
2021-02-04 16:52:11,307: INFO     algoType           =2
2021-02-04 16:52:16,362: INFO     Formatting data for BedTools
2021-02-04 16:52:16,558: INFO     Create GuideMaker Annotation object
2021-02-04 16:52:16,558: INFO     Identify genomic features
2021-02-04 16:52:16,559: INFO     check if ../all_test_data/Escherichia.coli_str_K-12_substr_MG1655.gbk is gzipped
2021-02-04 16:52:17,686: INFO     Total number of CDS/locus in the input genome: 4357
2021-02-04 16:52:17,686: INFO     Find genomic features closest the guides
2021-02-04 16:52:19,149: INFO     Select guides that start between +500 and -500 of a feature start
2021-02-04 16:52:19,312: INFO     Select description columns
2021-02-04 16:52:19,388: INFO     Format the output
2021-02-04 16:52:20,138: INFO     Number of Guides within a gene coordinates i.e. zero Feature distance: 43512
2021-02-04 16:52:20,965: INFO     creating random control guides
2021-02-04 16:52:21,044: INFO     Number of random control searched: 100
2021-02-04 16:52:21,045: INFO     Percentage of GC content in the input genome: 50.79
2021-02-04 16:52:21,045: INFO     Total length of the genome: 4.4 MB
2021-02-04 16:52:21,045: INFO     created 10 control guides with a minimum distance of 8 and a median distance of 8
2021-02-04 16:52:21,048: INFO     guidemaker completed, results are at TEST
2021-02-04 16:52:21,048: INFO     PAM sequence: NGRRT
2021-02-04 16:52:21,048: INFO     PAM orientation: 3prime
2021-02-04 16:52:21,048: INFO     Genome strand(s) searched: both
2021-02-04 16:52:21,048: INFO     Total PAM sites considered: 115034
2021-02-04 16:52:21,048: INFO     Guide RNA candidates found: 76610
	Command being timed: "guidemaker -i ../all_test_data/Escherichia.coli_str_K-12_substr_MG1655.gbk --pamseq NGRRT --outdir TEST --pam_orientation 3prime --guidelength 20 --strand both --lcp 11 --dist 3 --before 500 --into 500 --knum 10 --controls 10 --log GM_63825771_5.log --threads 32"
	User time (seconds): 31.85
	System time (seconds): 4.67
	Percent of CPU this job got: 207%
	Elapsed (wall clock) time (h:mm:ss or m:ss): 0:17.60
	Average shared text size (kbytes): 0
	Average unshared data size (kbytes): 0
	Average stack size (kbytes): 0
	Average total size (kbytes): 0
	Maximum resident set size (kbytes): 579812
	Average resident set size (kbytes): 0
	Major (requiring I/O) page faults: 0
	Minor (reclaiming a frame) page faults: 535739
	Voluntary context switches: 194757
	Involuntary context switches: 346
	Swaps: 0
	File system inputs: 0
	File system outputs: 161760
	Socket messages sent: 0
	Socket messages received: 0
	Signals delivered: 0
	Page size (bytes): 4096
	Exit status: 0
