Thu Feb  4 18:14:28 EST 2021
c24b-s37.ufhpc
/blue/garrett/rp3448/analysis/guidemaker/AVXGuidemaker
My SLURM_ARRAY_TASK_ID:  6
My TMPDIR IS:  /scratch/local/63828735
Input Genome:>>>>>>>>>>>>>>>>>>>>>>>>>>>>>>>>>>>>>>>>>>>  Burkholderia_thailandensis_E264_ATCC_700388_133.gbk
Input PAM:>>>>>>>>>>>>>>>>>>>>>>>>>>>>>>>>>>>>>>>>>>>  NNAGAAW
Threads used:>>>>>>>>>>>>>>>>>>>>>>>>>>>>>>>>>>>>>>>>>>>  1
GuideMaker
2021-02-04 18:14:30,392: INFO     Temp directory is: /scratch/local/63828735/guidemaker_l1n4kv2t
2021-02-04 18:14:30,393: INFO     Writing fasta file from genbank file(s)
2021-02-04 18:14:30,394: INFO     check if ../all_test_data/Burkholderia_thailandensis_E264_ATCC_700388_133.gbk is gzipped
2021-02-04 18:14:31,124: INFO     Identifying PAM sites in the genome
2021-02-04 18:14:33,738: INFO     Checking guides for restriction enzymes
2021-02-04 18:14:33,740: INFO     Number of guides removed after checking for restriction enzymes: 0
2021-02-04 18:14:33,740: INFO     Identifing guides that are unique near the PAM site
2021-02-04 18:14:33,748: INFO     Number of guides removed after checking for unique PAM: 422
2021-02-04 18:14:33,748: INFO     Indexing all potential guide sites: 8607. This is the longest step.
2021-02-04 18:14:33,788: INFO     M                   = 16
2021-02-04 18:14:33,788: INFO     indexThreadQty      = 1
2021-02-04 18:14:33,788: INFO     efConstruction      = 10
2021-02-04 18:14:33,788: INFO     maxM			          = 16
2021-02-04 18:14:33,788: INFO     maxM0			          = 32
2021-02-04 18:14:33,788: INFO     mult                = 0.360674
2021-02-04 18:14:33,788: INFO     skip_optimized_index= 0
2021-02-04 18:14:33,788: INFO     delaunay_type       = 2
2021-02-04 18:14:33,789: INFO     Set HNSW query-time parameters:
2021-02-04 18:14:33,789: INFO     ef(Search)         =20
2021-02-04 18:14:33,789: INFO     algoType           =2

0%   10   20   30   40   50   60   70   80   90   100%
|----|----|----|----|----|----|----|----|----|----|
***************************************************

0%   10   20   30   40   50   60   70   80   90   100%
|----|----|----|----|----|----|----|----|----|----|
***************************************************
*2021-02-04 18:14:34,042: INFO     No appropriate custom distance function for Hamming (bit-storage) space
2021-02-04 18:14:34,042: INFO     searchMethod			  = 0
2021-02-04 18:14:34,043: INFO     Identifying guides that have a hamming distance <= 3 to all other potential guides
2021-02-04 18:14:34,054: INFO     Set HNSW query-time parameters:
2021-02-04 18:14:34,054: INFO     ef(Search)         =9
2021-02-04 18:14:34,054: INFO     algoType           =2
2021-02-04 18:14:34,442: INFO     Formatting data for BedTools
2021-02-04 18:14:34,459: INFO     Create GuideMaker Annotation object
2021-02-04 18:14:34,459: INFO     Identify genomic features
2021-02-04 18:14:34,460: INFO     check if ../all_test_data/Burkholderia_thailandensis_E264_ATCC_700388_133.gbk is gzipped
2021-02-04 18:14:35,242: INFO     Total number of CDS/locus in the input genome: 5633
2021-02-04 18:14:35,242: INFO     Find genomic features closest the guides
2021-02-04 18:14:35,436: INFO     Select guides that start between +500 and -500 of a feature start
2021-02-04 18:14:35,497: INFO     Select description columns
2021-02-04 18:14:35,547: INFO     Format the output
2021-02-04 18:14:35,610: INFO     Number of Guides within a gene coordinates i.e. zero Feature distance: 3304
2021-02-04 18:14:35,698: INFO     creating random control guides
2021-02-04 18:14:35,788: INFO     Number of random control searched: 100
2021-02-04 18:14:35,788: INFO     Percentage of GC content in the input genome: 67.63
2021-02-04 18:14:35,788: INFO     Total length of the genome: 6.4 MB
2021-02-04 18:14:35,789: INFO     created 10 control guides with a minimum distance of 8 and a median distance of 9
2021-02-04 18:14:35,791: INFO     guidemaker completed, results are at TEST
2021-02-04 18:14:35,791: INFO     PAM sequence: NNAGAAW
2021-02-04 18:14:35,791: INFO     PAM orientation: 3prime
2021-02-04 18:14:35,791: INFO     Genome strand(s) searched: both
2021-02-04 18:14:35,791: INFO     Total PAM sites considered: 8607
2021-02-04 18:14:35,791: INFO     Guide RNA candidates found: 6330
	Command being timed: "guidemaker -i ../all_test_data/Burkholderia_thailandensis_E264_ATCC_700388_133.gbk --pamseq NNAGAAW --outdir TEST --pam_orientation 3prime --guidelength 20 --strand both --lcp 11 --dist 3 --before 500 --into 500 --knum 10 --controls 10 --log GM_63828735_6.log --threads 1"
	User time (seconds): 7.93
	System time (seconds): 1.77
	Percent of CPU this job got: 153%
	Elapsed (wall clock) time (h:mm:ss or m:ss): 0:06.32
	Average shared text size (kbytes): 0
	Average unshared data size (kbytes): 0
	Average stack size (kbytes): 0
	Average total size (kbytes): 0
	Maximum resident set size (kbytes): 138124
	Average resident set size (kbytes): 0
	Major (requiring I/O) page faults: 0
	Minor (reclaiming a frame) page faults: 173340
	Voluntary context switches: 1529
	Involuntary context switches: 226
	Swaps: 0
	File system inputs: 0
	File system outputs: 25744
	Socket messages sent: 0
	Socket messages received: 0
	Signals delivered: 0
	Page size (bytes): 4096
	Exit status: 0
My SLURM_ARRAY_TASK_ID:  6
My TMPDIR IS:  /scratch/local/63828735
Input Genome:>>>>>>>>>>>>>>>>>>>>>>>>>>>>>>>>>>>>>>>>>>>  Burkholderia_thailandensis_E264_ATCC_700388_133.gbk
Input PAM:>>>>>>>>>>>>>>>>>>>>>>>>>>>>>>>>>>>>>>>>>>>  NNAGAAW
Threads used:>>>>>>>>>>>>>>>>>>>>>>>>>>>>>>>>>>>>>>>>>>>  2
GuideMaker
2021-02-04 18:14:36,733: INFO     Temp directory is: /scratch/local/63828735/guidemaker_5uue6mhc
2021-02-04 18:14:36,734: INFO     Writing fasta file from genbank file(s)
2021-02-04 18:14:36,734: INFO     check if ../all_test_data/Burkholderia_thailandensis_E264_ATCC_700388_133.gbk is gzipped
2021-02-04 18:14:37,449: INFO     Identifying PAM sites in the genome
2021-02-04 18:14:40,114: INFO     Checking guides for restriction enzymes
2021-02-04 18:14:40,117: INFO     Number of guides removed after checking for restriction enzymes: 0
2021-02-04 18:14:40,117: INFO     Identifing guides that are unique near the PAM site
2021-02-04 18:14:40,125: INFO     Number of guides removed after checking for unique PAM: 422
2021-02-04 18:14:40,125: INFO     Indexing all potential guide sites: 8607. This is the longest step.
2021-02-04 18:14:40,164: INFO     M                   = 16
2021-02-04 18:14:40,164: INFO     indexThreadQty      = 2
2021-02-04 18:14:40,164: INFO     efConstruction      = 10
2021-02-04 18:14:40,164: INFO     maxM			          = 16
2021-02-04 18:14:40,164: INFO     maxM0			          = 32
2021-02-04 18:14:40,164: INFO     mult                = 0.360674
2021-02-04 18:14:40,164: INFO     skip_optimized_index= 0
2021-02-04 18:14:40,164: INFO     delaunay_type       = 2
2021-02-04 18:14:40,164: INFO     Set HNSW query-time parameters:
2021-02-04 18:14:40,164: INFO     ef(Search)         =20
2021-02-04 18:14:40,165: INFO     algoType           =2

0%   10   20   30   40   50   60   70   80   90   100%
|----|----|----|----|----|----|----|----|----|----|
***************************************************

0%   10   20   30   40   50   60   70   80   90   100%
|----|----|----|----|----|----|----|----|----|----|
****************************************************


2021-02-04 18:14:40,346: INFO     No appropriate custom distance function for Hamming (bit-storage) space
2021-02-04 18:14:40,346: INFO     searchMethod			  = 0
2021-02-04 18:14:40,346: INFO     Identifying guides that have a hamming distance <= 3 to all other potential guides
2021-02-04 18:14:40,356: INFO     Set HNSW query-time parameters:
2021-02-04 18:14:40,356: INFO     ef(Search)         =9
2021-02-04 18:14:40,356: INFO     algoType           =2
2021-02-04 18:14:40,686: INFO     Formatting data for BedTools
2021-02-04 18:14:40,701: INFO     Create GuideMaker Annotation object
2021-02-04 18:14:40,701: INFO     Identify genomic features
2021-02-04 18:14:40,702: INFO     check if ../all_test_data/Burkholderia_thailandensis_E264_ATCC_700388_133.gbk is gzipped
2021-02-04 18:14:41,468: INFO     Total number of CDS/locus in the input genome: 5633
2021-02-04 18:14:41,468: INFO     Find genomic features closest the guides
2021-02-04 18:14:41,665: INFO     Select guides that start between +500 and -500 of a feature start
2021-02-04 18:14:41,725: INFO     Select description columns
2021-02-04 18:14:41,773: INFO     Format the output
2021-02-04 18:14:41,834: INFO     Number of Guides within a gene coordinates i.e. zero Feature distance: 3304
2021-02-04 18:14:41,899: INFO     creating random control guides
2021-02-04 18:14:41,990: INFO     Number of random control searched: 100
2021-02-04 18:14:41,991: INFO     Percentage of GC content in the input genome: 67.63
2021-02-04 18:14:41,991: INFO     Total length of the genome: 6.4 MB
2021-02-04 18:14:41,991: INFO     created 10 control guides with a minimum distance of 8 and a median distance of 9
2021-02-04 18:14:41,993: INFO     guidemaker completed, results are at TEST
2021-02-04 18:14:41,993: INFO     PAM sequence: NNAGAAW
2021-02-04 18:14:41,993: INFO     PAM orientation: 3prime
2021-02-04 18:14:41,993: INFO     Genome strand(s) searched: both
2021-02-04 18:14:41,993: INFO     Total PAM sites considered: 8607
2021-02-04 18:14:41,993: INFO     Guide RNA candidates found: 6330
	Command being timed: "guidemaker -i ../all_test_data/Burkholderia_thailandensis_E264_ATCC_700388_133.gbk --pamseq NNAGAAW --outdir TEST --pam_orientation 3prime --guidelength 20 --strand both --lcp 11 --dist 3 --before 500 --into 500 --knum 10 --controls 10 --log GM_63828735_6.log --threads 2"
	User time (seconds): 7.80
	System time (seconds): 1.80
	Percent of CPU this job got: 155%
	Elapsed (wall clock) time (h:mm:ss or m:ss): 0:06.19
	Average shared text size (kbytes): 0
	Average unshared data size (kbytes): 0
	Average stack size (kbytes): 0
	Average total size (kbytes): 0
	Maximum resident set size (kbytes): 141644
	Average resident set size (kbytes): 0
	Major (requiring I/O) page faults: 0
	Minor (reclaiming a frame) page faults: 161511
	Voluntary context switches: 3312
	Involuntary context switches: 142760
	Swaps: 0
	File system inputs: 0
	File system outputs: 25728
	Socket messages sent: 0
	Socket messages received: 0
	Signals delivered: 0
	Page size (bytes): 4096
	Exit status: 0
My SLURM_ARRAY_TASK_ID:  6
My TMPDIR IS:  /scratch/local/63828735
Input Genome:>>>>>>>>>>>>>>>>>>>>>>>>>>>>>>>>>>>>>>>>>>>  Burkholderia_thailandensis_E264_ATCC_700388_133.gbk
Input PAM:>>>>>>>>>>>>>>>>>>>>>>>>>>>>>>>>>>>>>>>>>>>  NNAGAAW
Threads used:>>>>>>>>>>>>>>>>>>>>>>>>>>>>>>>>>>>>>>>>>>>  4
GuideMaker
2021-02-04 18:14:42,948: INFO     Temp directory is: /scratch/local/63828735/guidemaker_wbttwms_
2021-02-04 18:14:42,948: INFO     Writing fasta file from genbank file(s)
2021-02-04 18:14:42,948: INFO     check if ../all_test_data/Burkholderia_thailandensis_E264_ATCC_700388_133.gbk is gzipped
2021-02-04 18:14:43,682: INFO     Identifying PAM sites in the genome
2021-02-04 18:14:46,379: INFO     Checking guides for restriction enzymes
2021-02-04 18:14:46,381: INFO     Number of guides removed after checking for restriction enzymes: 0
2021-02-04 18:14:46,381: INFO     Identifing guides that are unique near the PAM site
2021-02-04 18:14:46,389: INFO     Number of guides removed after checking for unique PAM: 422
2021-02-04 18:14:46,389: INFO     Indexing all potential guide sites: 8607. This is the longest step.
2021-02-04 18:14:46,428: INFO     M                   = 16
2021-02-04 18:14:46,428: INFO     indexThreadQty      = 4
2021-02-04 18:14:46,428: INFO     efConstruction      = 10
2021-02-04 18:14:46,428: INFO     maxM			          = 16
2021-02-04 18:14:46,428: INFO     maxM0			          = 32
2021-02-04 18:14:46,428: INFO     mult                = 0.360674
2021-02-04 18:14:46,428: INFO     skip_optimized_index= 0
2021-02-04 18:14:46,428: INFO     delaunay_type       = 2
2021-02-04 18:14:46,428: INFO     Set HNSW query-time parameters:
2021-02-04 18:14:46,429: INFO     ef(Search)         =20
2021-02-04 18:14:46,429: INFO     algoType           =2

0%   10   20   30   40   50   60   70   80   90   100%
|----|----|----|----|----|----|----|----|----|----|
***************************************************

0%   10   20   30   40   50   60   70   80   90   100%
|----|----|----|----|----|----|----|----|----|----|
****************************************************2021-02-04 18:14:46,540: INFO     No appropriate custom distance function for Hamming (bit-storage) space
2021-02-04 18:14:46,540: INFO     searchMethod			  = 0
2021-02-04 18:14:46,540: INFO     Identifying guides that have a hamming distance <= 3 to all other potential guides
2021-02-04 18:14:46,549: INFO     Set HNSW query-time parameters:
2021-02-04 18:14:46,549: INFO     ef(Search)         =9
2021-02-04 18:14:46,550: INFO     algoType           =2
2021-02-04 18:14:46,858: INFO     Formatting data for BedTools
2021-02-04 18:14:46,873: INFO     Create GuideMaker Annotation object
2021-02-04 18:14:46,873: INFO     Identify genomic features
2021-02-04 18:14:46,874: INFO     check if ../all_test_data/Burkholderia_thailandensis_E264_ATCC_700388_133.gbk is gzipped
2021-02-04 18:14:47,657: INFO     Total number of CDS/locus in the input genome: 5633
2021-02-04 18:14:47,657: INFO     Find genomic features closest the guides
2021-02-04 18:14:47,854: INFO     Select guides that start between +500 and -500 of a feature start
2021-02-04 18:14:47,913: INFO     Select description columns
2021-02-04 18:14:47,961: INFO     Format the output
2021-02-04 18:14:48,022: INFO     Number of Guides within a gene coordinates i.e. zero Feature distance: 3304
2021-02-04 18:14:48,086: INFO     creating random control guides
2021-02-04 18:14:48,176: INFO     Number of random control searched: 100
2021-02-04 18:14:48,176: INFO     Percentage of GC content in the input genome: 67.63
2021-02-04 18:14:48,176: INFO     Total length of the genome: 6.4 MB
2021-02-04 18:14:48,176: INFO     created 10 control guides with a minimum distance of 8 and a median distance of 8
2021-02-04 18:14:48,179: INFO     guidemaker completed, results are at TEST
2021-02-04 18:14:48,179: INFO     PAM sequence: NNAGAAW
2021-02-04 18:14:48,179: INFO     PAM orientation: 3prime
2021-02-04 18:14:48,179: INFO     Genome strand(s) searched: both
2021-02-04 18:14:48,179: INFO     Total PAM sites considered: 8607
2021-02-04 18:14:48,179: INFO     Guide RNA candidates found: 6330
	Command being timed: "guidemaker -i ../all_test_data/Burkholderia_thailandensis_E264_ATCC_700388_133.gbk --pamseq NNAGAAW --outdir TEST --pam_orientation 3prime --guidelength 20 --strand both --lcp 11 --dist 3 --before 500 --into 500 --knum 10 --controls 10 --log GM_63828735_6.log --threads 4"
	User time (seconds): 7.80
	System time (seconds): 1.83
	Percent of CPU this job got: 155%
	Elapsed (wall clock) time (h:mm:ss or m:ss): 0:06.18
	Average shared text size (kbytes): 0
	Average unshared data size (kbytes): 0
	Average stack size (kbytes): 0
	Average total size (kbytes): 0
	Maximum resident set size (kbytes): 141664
	Average resident set size (kbytes): 0
	Major (requiring I/O) page faults: 0
	Minor (reclaiming a frame) page faults: 161828
	Voluntary context switches: 4959
	Involuntary context switches: 293764
	Swaps: 0
	File system inputs: 0
	File system outputs: 25744
	Socket messages sent: 0
	Socket messages received: 0
	Signals delivered: 0
	Page size (bytes): 4096
	Exit status: 0
My SLURM_ARRAY_TASK_ID:  6
My TMPDIR IS:  /scratch/local/63828735
Input Genome:>>>>>>>>>>>>>>>>>>>>>>>>>>>>>>>>>>>>>>>>>>>  Burkholderia_thailandensis_E264_ATCC_700388_133.gbk
Input PAM:>>>>>>>>>>>>>>>>>>>>>>>>>>>>>>>>>>>>>>>>>>>  NNAGAAW
Threads used:>>>>>>>>>>>>>>>>>>>>>>>>>>>>>>>>>>>>>>>>>>>  8
GuideMaker
2021-02-04 18:14:49,437: INFO     Temp directory is: /scratch/local/63828735/guidemaker_dg5qvk0d
2021-02-04 18:14:49,437: INFO     Writing fasta file from genbank file(s)
2021-02-04 18:14:49,438: INFO     check if ../all_test_data/Burkholderia_thailandensis_E264_ATCC_700388_133.gbk is gzipped
2021-02-04 18:14:50,175: INFO     Identifying PAM sites in the genome
2021-02-04 18:14:52,823: INFO     Checking guides for restriction enzymes
2021-02-04 18:14:52,826: INFO     Number of guides removed after checking for restriction enzymes: 0
2021-02-04 18:14:52,826: INFO     Identifing guides that are unique near the PAM site
2021-02-04 18:14:52,833: INFO     Number of guides removed after checking for unique PAM: 422
2021-02-04 18:14:52,833: INFO     Indexing all potential guide sites: 8607. This is the longest step.
2021-02-04 18:14:52,873: INFO     M                   = 16
2021-02-04 18:14:52,873: INFO     indexThreadQty      = 8
2021-02-04 18:14:52,873: INFO     efConstruction      = 10
2021-02-04 18:14:52,873: INFO     maxM			          = 16
2021-02-04 18:14:52,873: INFO     maxM0			          = 32
2021-02-04 18:14:52,873: INFO     mult                = 0.360674
2021-02-04 18:14:52,873: INFO     skip_optimized_index= 0
2021-02-04 18:14:52,873: INFO     delaunay_type       = 2
2021-02-04 18:14:52,873: INFO     Set HNSW query-time parameters:
2021-02-04 18:14:52,873: INFO     ef(Search)         =20
2021-02-04 18:14:52,873: INFO     algoType           =2

0%   10   20   30   40   50   60   70   80   90   100%
|----|----|----|----|----|----|----|----|----|----|
***************************************************

0%   10   20   30   40   50   60   70   80   90   100%
|----|----|----|----|----|----|----|----|----|----|
*******************************************************2021-02-04 18:14:52,938: INFO     No appropriate custom distance function for Hamming (bit-storage) space
2021-02-04 18:14:52,939: INFO     searchMethod			  = 0
2021-02-04 18:14:52,939: INFO     Identifying guides that have a hamming distance <= 3 to all other potential guides
2021-02-04 18:14:52,949: INFO     Set HNSW query-time parameters:
2021-02-04 18:14:52,949: INFO     ef(Search)         =9
2021-02-04 18:14:52,949: INFO     algoType           =2
2021-02-04 18:14:53,248: INFO     Formatting data for BedTools
2021-02-04 18:14:53,263: INFO     Create GuideMaker Annotation object
2021-02-04 18:14:53,263: INFO     Identify genomic features
2021-02-04 18:14:53,264: INFO     check if ../all_test_data/Burkholderia_thailandensis_E264_ATCC_700388_133.gbk is gzipped
2021-02-04 18:14:54,089: INFO     Total number of CDS/locus in the input genome: 5633
2021-02-04 18:14:54,089: INFO     Find genomic features closest the guides
2021-02-04 18:14:54,293: INFO     Select guides that start between +500 and -500 of a feature start
2021-02-04 18:14:54,353: INFO     Select description columns
2021-02-04 18:14:54,402: INFO     Format the output
2021-02-04 18:14:54,463: INFO     Number of Guides within a gene coordinates i.e. zero Feature distance: 3304
2021-02-04 18:14:54,571: INFO     creating random control guides
2021-02-04 18:14:54,661: INFO     Number of random control searched: 100
2021-02-04 18:14:54,662: INFO     Percentage of GC content in the input genome: 67.63
2021-02-04 18:14:54,662: INFO     Total length of the genome: 6.4 MB
2021-02-04 18:14:54,662: INFO     created 10 control guides with a minimum distance of 8 and a median distance of 8
2021-02-04 18:14:54,664: INFO     guidemaker completed, results are at TEST
2021-02-04 18:14:54,664: INFO     PAM sequence: NNAGAAW
2021-02-04 18:14:54,664: INFO     PAM orientation: 3prime
2021-02-04 18:14:54,664: INFO     Genome strand(s) searched: both
2021-02-04 18:14:54,664: INFO     Total PAM sites considered: 8607
2021-02-04 18:14:54,664: INFO     Guide RNA candidates found: 6330
	Command being timed: "guidemaker -i ../all_test_data/Burkholderia_thailandensis_E264_ATCC_700388_133.gbk --pamseq NNAGAAW --outdir TEST --pam_orientation 3prime --guidelength 20 --strand both --lcp 11 --dist 3 --before 500 --into 500 --knum 10 --controls 10 --log GM_63828735_6.log --threads 8"
	User time (seconds): 8.20
	System time (seconds): 1.80
	Percent of CPU this job got: 154%
	Elapsed (wall clock) time (h:mm:ss or m:ss): 0:06.47
	Average shared text size (kbytes): 0
	Average unshared data size (kbytes): 0
	Average stack size (kbytes): 0
	Average total size (kbytes): 0
	Maximum resident set size (kbytes): 141740
	Average resident set size (kbytes): 0
	Major (requiring I/O) page faults: 0
	Minor (reclaiming a frame) page faults: 161698
	Voluntary context switches: 8954
	Involuntary context switches: 647
	Swaps: 0
	File system inputs: 8
	File system outputs: 25744
	Socket messages sent: 0
	Socket messages received: 0
	Signals delivered: 0
	Page size (bytes): 4096
	Exit status: 0
My SLURM_ARRAY_TASK_ID:  6
My TMPDIR IS:  /scratch/local/63828735
Input Genome:>>>>>>>>>>>>>>>>>>>>>>>>>>>>>>>>>>>>>>>>>>>  Burkholderia_thailandensis_E264_ATCC_700388_133.gbk
Input PAM:>>>>>>>>>>>>>>>>>>>>>>>>>>>>>>>>>>>>>>>>>>>  NNAGAAW
Threads used:>>>>>>>>>>>>>>>>>>>>>>>>>>>>>>>>>>>>>>>>>>>  16
GuideMaker
2021-02-04 18:14:55,616: INFO     Temp directory is: /scratch/local/63828735/guidemaker_t_d1vptf
2021-02-04 18:14:55,616: INFO     Writing fasta file from genbank file(s)
2021-02-04 18:14:55,617: INFO     check if ../all_test_data/Burkholderia_thailandensis_E264_ATCC_700388_133.gbk is gzipped
2021-02-04 18:14:56,347: INFO     Identifying PAM sites in the genome
2021-02-04 18:14:58,967: INFO     Checking guides for restriction enzymes
2021-02-04 18:14:58,970: INFO     Number of guides removed after checking for restriction enzymes: 0
2021-02-04 18:14:58,970: INFO     Identifing guides that are unique near the PAM site
2021-02-04 18:14:58,978: INFO     Number of guides removed after checking for unique PAM: 422
2021-02-04 18:14:58,978: INFO     Indexing all potential guide sites: 8607. This is the longest step.
2021-02-04 18:14:59,018: INFO     M                   = 16
2021-02-04 18:14:59,018: INFO     indexThreadQty      = 16
2021-02-04 18:14:59,018: INFO     efConstruction      = 10
2021-02-04 18:14:59,018: INFO     maxM			          = 16
2021-02-04 18:14:59,018: INFO     maxM0			          = 32
2021-02-04 18:14:59,018: INFO     mult                = 0.360674
2021-02-04 18:14:59,018: INFO     skip_optimized_index= 0
2021-02-04 18:14:59,018: INFO     delaunay_type       = 2
2021-02-04 18:14:59,019: INFO     Set HNSW query-time parameters:
2021-02-04 18:14:59,019: INFO     ef(Search)         =20
2021-02-04 18:14:59,019: INFO     algoType           =2

0%   10   20   30   40   50   60   70   80   90   100%
|----|----|----|----|----|----|----|----|----|----|
***************************************************

0%   10   20   30   40   50   60   70   80   90   100%
|----|----|----|----|----|----|----|----|----|----|
****************************************************2021-02-04 18:14:59,061: INFO     No appropriate custom distance function for Hamming (bit-storage) space
2021-02-04 18:14:59,061: INFO     searchMethod			  = 0
2021-02-04 18:14:59,061: INFO     Identifying guides that have a hamming distance <= 3 to all other potential guides
2021-02-04 18:14:59,072: INFO     Set HNSW query-time parameters:
2021-02-04 18:14:59,072: INFO     ef(Search)         =9
2021-02-04 18:14:59,072: INFO     algoType           =2
2021-02-04 18:14:59,396: INFO     Formatting data for BedTools
2021-02-04 18:14:59,412: INFO     Create GuideMaker Annotation object
2021-02-04 18:14:59,412: INFO     Identify genomic features
2021-02-04 18:14:59,413: INFO     check if ../all_test_data/Burkholderia_thailandensis_E264_ATCC_700388_133.gbk is gzipped
2021-02-04 18:15:00,191: INFO     Total number of CDS/locus in the input genome: 5633
2021-02-04 18:15:00,191: INFO     Find genomic features closest the guides
2021-02-04 18:15:00,389: INFO     Select guides that start between +500 and -500 of a feature start
2021-02-04 18:15:00,448: INFO     Select description columns
2021-02-04 18:15:00,497: INFO     Format the output
2021-02-04 18:15:00,559: INFO     Number of Guides within a gene coordinates i.e. zero Feature distance: 3305
2021-02-04 18:15:00,621: INFO     creating random control guides
2021-02-04 18:15:00,710: INFO     Number of random control searched: 100
2021-02-04 18:15:00,710: INFO     Percentage of GC content in the input genome: 67.63
2021-02-04 18:15:00,710: INFO     Total length of the genome: 6.4 MB
2021-02-04 18:15:00,710: INFO     created 10 control guides with a minimum distance of 8 and a median distance of 8
2021-02-04 18:15:00,713: INFO     guidemaker completed, results are at TEST
2021-02-04 18:15:00,713: INFO     PAM sequence: NNAGAAW
2021-02-04 18:15:00,713: INFO     PAM orientation: 3prime
2021-02-04 18:15:00,713: INFO     Genome strand(s) searched: both
2021-02-04 18:15:00,713: INFO     Total PAM sites considered: 8607
2021-02-04 18:15:00,713: INFO     Guide RNA candidates found: 6331
	Command being timed: "guidemaker -i ../all_test_data/Burkholderia_thailandensis_E264_ATCC_700388_133.gbk --pamseq NNAGAAW --outdir TEST --pam_orientation 3prime --guidelength 20 --strand both --lcp 11 --dist 3 --before 500 --into 500 --knum 10 --controls 10 --log GM_63828735_6.log --threads 16"
	User time (seconds): 8.02
	System time (seconds): 1.90
	Percent of CPU this job got: 164%
	Elapsed (wall clock) time (h:mm:ss or m:ss): 0:06.04
	Average shared text size (kbytes): 0
	Average unshared data size (kbytes): 0
	Average stack size (kbytes): 0
	Average total size (kbytes): 0
	Maximum resident set size (kbytes): 141820
	Average resident set size (kbytes): 0
	Major (requiring I/O) page faults: 0
	Minor (reclaiming a frame) page faults: 160726
	Voluntary context switches: 13075
	Involuntary context switches: 126294
	Swaps: 0
	File system inputs: 0
	File system outputs: 25744
	Socket messages sent: 0
	Socket messages received: 0
	Signals delivered: 0
	Page size (bytes): 4096
	Exit status: 0
My SLURM_ARRAY_TASK_ID:  6
My TMPDIR IS:  /scratch/local/63828735
Input Genome:>>>>>>>>>>>>>>>>>>>>>>>>>>>>>>>>>>>>>>>>>>>  Burkholderia_thailandensis_E264_ATCC_700388_133.gbk
Input PAM:>>>>>>>>>>>>>>>>>>>>>>>>>>>>>>>>>>>>>>>>>>>  NNAGAAW
Threads used:>>>>>>>>>>>>>>>>>>>>>>>>>>>>>>>>>>>>>>>>>>>  32
GuideMaker
2021-02-04 18:15:01,656: INFO     Temp directory is: /scratch/local/63828735/guidemaker_p4ecd4h5
2021-02-04 18:15:01,657: INFO     Writing fasta file from genbank file(s)
2021-02-04 18:15:01,657: INFO     check if ../all_test_data/Burkholderia_thailandensis_E264_ATCC_700388_133.gbk is gzipped
2021-02-04 18:15:02,398: INFO     Identifying PAM sites in the genome
2021-02-04 18:15:05,035: INFO     Checking guides for restriction enzymes
2021-02-04 18:15:05,037: INFO     Number of guides removed after checking for restriction enzymes: 0
2021-02-04 18:15:05,037: INFO     Identifing guides that are unique near the PAM site
2021-02-04 18:15:05,045: INFO     Number of guides removed after checking for unique PAM: 422
2021-02-04 18:15:05,045: INFO     Indexing all potential guide sites: 8607. This is the longest step.
2021-02-04 18:15:05,085: INFO     M                   = 16
2021-02-04 18:15:05,085: INFO     indexThreadQty      = 32
2021-02-04 18:15:05,085: INFO     efConstruction      = 10
2021-02-04 18:15:05,086: INFO     maxM			          = 16
2021-02-04 18:15:05,086: INFO     maxM0			          = 32
2021-02-04 18:15:05,086: INFO     mult                = 0.360674
2021-02-04 18:15:05,086: INFO     skip_optimized_index= 0
2021-02-04 18:15:05,086: INFO     delaunay_type       = 2
2021-02-04 18:15:05,086: INFO     Set HNSW query-time parameters:
2021-02-04 18:15:05,086: INFO     ef(Search)         =20
2021-02-04 18:15:05,086: INFO     algoType           =2

0%   10   20   30   40   50   60   70   80   90   100%
|----|----|----|----|----|----|----|----|----|----|
***************************************************

0%   10   20   30   40   50   60   70   80   90   100%
|----|----|----|----|----|----|----|----|----|----|
****************************************************2021-02-04 18:15:05,124: INFO     No appropriate custom distance function for Hamming (bit-storage) space
2021-02-04 18:15:05,124: INFO     searchMethod			  = 0
2021-02-04 18:15:05,124: INFO     Identifying guides that have a hamming distance <= 3 to all other potential guides
2021-02-04 18:15:05,135: INFO     Set HNSW query-time parameters:
2021-02-04 18:15:05,135: INFO     ef(Search)         =9
2021-02-04 18:15:05,135: INFO     algoType           =2
2021-02-04 18:15:05,496: INFO     Formatting data for BedTools
2021-02-04 18:15:05,513: INFO     Create GuideMaker Annotation object
2021-02-04 18:15:05,513: INFO     Identify genomic features
2021-02-04 18:15:05,513: INFO     check if ../all_test_data/Burkholderia_thailandensis_E264_ATCC_700388_133.gbk is gzipped
2021-02-04 18:15:06,275: INFO     Total number of CDS/locus in the input genome: 5633
2021-02-04 18:15:06,275: INFO     Find genomic features closest the guides
2021-02-04 18:15:06,472: INFO     Select guides that start between +500 and -500 of a feature start
2021-02-04 18:15:06,532: INFO     Select description columns
2021-02-04 18:15:06,580: INFO     Format the output
2021-02-04 18:15:06,641: INFO     Number of Guides within a gene coordinates i.e. zero Feature distance: 3304
2021-02-04 18:15:06,704: INFO     creating random control guides
2021-02-04 18:15:06,794: INFO     Number of random control searched: 100
2021-02-04 18:15:06,794: INFO     Percentage of GC content in the input genome: 67.63
2021-02-04 18:15:06,794: INFO     Total length of the genome: 6.4 MB
2021-02-04 18:15:06,794: INFO     created 10 control guides with a minimum distance of 8 and a median distance of 8
2021-02-04 18:15:06,796: INFO     guidemaker completed, results are at TEST
2021-02-04 18:15:06,796: INFO     PAM sequence: NNAGAAW
2021-02-04 18:15:06,796: INFO     PAM orientation: 3prime
2021-02-04 18:15:06,796: INFO     Genome strand(s) searched: both
2021-02-04 18:15:06,796: INFO     Total PAM sites considered: 8607
2021-02-04 18:15:06,796: INFO     Guide RNA candidates found: 6330
	Command being timed: "guidemaker -i ../all_test_data/Burkholderia_thailandensis_E264_ATCC_700388_133.gbk --pamseq NNAGAAW --outdir TEST --pam_orientation 3prime --guidelength 20 --strand both --lcp 11 --dist 3 --before 500 --into 500 --knum 10 --controls 10 --log GM_63828735_6.log --threads 32"
	User time (seconds): 8.24
	System time (seconds): 2.15
	Percent of CPU this job got: 171%
	Elapsed (wall clock) time (h:mm:ss or m:ss): 0:06.07
	Average shared text size (kbytes): 0
	Average unshared data size (kbytes): 0
	Average stack size (kbytes): 0
	Average total size (kbytes): 0
	Maximum resident set size (kbytes): 141928
	Average resident set size (kbytes): 0
	Major (requiring I/O) page faults: 0
	Minor (reclaiming a frame) page faults: 161947
	Voluntary context switches: 25579
	Involuntary context switches: 113271
	Swaps: 0
	File system inputs: 0
	File system outputs: 25744
	Socket messages sent: 0
	Socket messages received: 0
	Signals delivered: 0
	Page size (bytes): 4096
	Exit status: 0
