Thu Feb  4 15:44:32 EST 2021
c30b-s41.ufhpc
/blue/garrett/rp3448/analysis/guidemaker/AVXGuidemaker
My SLURM_ARRAY_TASK_ID:  9
My TMPDIR IS:  /scratch/local/63823952
Input Genome:>>>>>>>>>>>>>>>>>>>>>>>>>>>>>>>>>>>>>>>>>>>  Escherichia.coli_str_K-12_substr_MG1655.gbk
Input PAM:>>>>>>>>>>>>>>>>>>>>>>>>>>>>>>>>>>>>>>>>>>>  NGG
Threads used:>>>>>>>>>>>>>>>>>>>>>>>>>>>>>>>>>>>>>>>>>>>  1
GuideMaker
2021-02-04 15:44:38,644: INFO     Temp directory is: /scratch/local/63823952/guidemaker_6lnkob8n
2021-02-04 15:44:38,644: INFO     Writing fasta file from genbank file(s)
2021-02-04 15:44:38,645: INFO     check if ../all_test_data/Escherichia.coli_str_K-12_substr_MG1655.gbk is gzipped
2021-02-04 15:44:39,582: INFO     Identifying PAM sites in the genome
2021-02-04 15:44:52,696: INFO     Checking guides for restriction enzymes
2021-02-04 15:44:52,846: INFO     Number of guides removed after checking for restriction enzymes: 0
2021-02-04 15:44:52,846: INFO     Identifing guides that are unique near the PAM site
2021-02-04 15:44:54,026: INFO     Number of guides removed after checking for unique PAM: 150893
2021-02-04 15:44:54,026: INFO     Indexing all potential guide sites: 542072. This is the longest step.
2021-02-04 15:44:56,553: INFO     M                   = 16
2021-02-04 15:44:56,553: INFO     indexThreadQty      = 1
2021-02-04 15:44:56,553: INFO     efConstruction      = 10
2021-02-04 15:44:56,553: INFO     maxM			          = 16
2021-02-04 15:44:56,553: INFO     maxM0			          = 32
2021-02-04 15:44:56,553: INFO     mult                = 0.360674
2021-02-04 15:44:56,553: INFO     skip_optimized_index= 0
2021-02-04 15:44:56,554: INFO     delaunay_type       = 2
2021-02-04 15:44:56,554: INFO     Set HNSW query-time parameters:
2021-02-04 15:44:56,554: INFO     ef(Search)         =20
2021-02-04 15:44:56,554: INFO     algoType           =2

0%   10   20   30   40   50   60   70   80   90   100%
|----|----|----|----|----|----|----|----|----|----|
***************************************************

0%   10   20   30   40   50   60   70   80   90   100%
|----|----|----|----|----|----|----|----|----|----|
***************************************************
*2021-02-04 15:45:38,260: INFO     No appropriate custom distance function for Hamming (bit-storage) space
2021-02-04 15:45:38,260: INFO     searchMethod			  = 0
2021-02-04 15:45:38,302: INFO     Identifying guides that have a hamming distance <= 3 to all other potential guides
2021-02-04 15:45:38,829: INFO     Set HNSW query-time parameters:
2021-02-04 15:45:38,830: INFO     ef(Search)         =9
2021-02-04 15:45:38,830: INFO     algoType           =2
2021-02-04 15:46:12,345: INFO     Formatting data for BedTools
2021-02-04 15:46:13,062: INFO     Create GuideMaker Annotation object
2021-02-04 15:46:13,062: INFO     Identify genomic features
2021-02-04 15:46:13,063: INFO     check if ../all_test_data/Escherichia.coli_str_K-12_substr_MG1655.gbk is gzipped
2021-02-04 15:46:14,700: INFO     Total number of CDS/locus in the input genome: 4357
2021-02-04 15:46:14,700: INFO     Find genomic features closest the guides
2021-02-04 15:46:20,089: INFO     Select guides that start between +500 and -500 of a feature start
2021-02-04 15:46:20,621: INFO     Select description columns
2021-02-04 15:46:20,700: INFO     Format the output
2021-02-04 15:46:23,649: INFO     Number of Guides within a gene coordinates i.e. zero Feature distance: 168421
2021-02-04 15:46:26,819: INFO     creating random control guides
2021-02-04 15:46:26,887: INFO     Number of random control searched: 100
2021-02-04 15:46:26,887: INFO     Percentage of GC content in the input genome: 50.79
2021-02-04 15:46:26,887: INFO     Total length of the genome: 4.4 MB
2021-02-04 15:46:26,887: INFO     created 10 control guides with a minimum distance of 7 and a median distance of 7
2021-02-04 15:46:26,889: INFO     guidemaker completed, results are at TEST
2021-02-04 15:46:26,890: INFO     PAM sequence: NGG
2021-02-04 15:46:26,890: INFO     PAM orientation: 3prime
2021-02-04 15:46:26,890: INFO     Genome strand(s) searched: both
2021-02-04 15:46:26,890: INFO     Total PAM sites considered: 542072
2021-02-04 15:46:26,890: INFO     Guide RNA candidates found: 280996
	Command being timed: "guidemaker -i ../all_test_data/Escherichia.coli_str_K-12_substr_MG1655.gbk --pamseq NGG --outdir TEST --pam_orientation 3prime --guidelength 20 --strand both --lcp 11 --dist 3 --before 500 --into 500 --knum 10 --controls 10 --log GM_63823952_9.log --threads 1"
	User time (seconds): 109.23
	System time (seconds): 3.97
	Percent of CPU this job got: 100%
	Elapsed (wall clock) time (h:mm:ss or m:ss): 1:52.62
	Average shared text size (kbytes): 0
	Average unshared data size (kbytes): 0
	Average stack size (kbytes): 0
	Average total size (kbytes): 0
	Maximum resident set size (kbytes): 1838604
	Average resident set size (kbytes): 0
	Major (requiring I/O) page faults: 123
	Minor (reclaiming a frame) page faults: 1814697
	Voluntary context switches: 3980
	Involuntary context switches: 246
	Swaps: 0
	File system inputs: 390840
	File system outputs: 571648
	Socket messages sent: 0
	Socket messages received: 0
	Signals delivered: 0
	Page size (bytes): 4096
	Exit status: 0
My SLURM_ARRAY_TASK_ID:  9
My TMPDIR IS:  /scratch/local/63823952
Input Genome:>>>>>>>>>>>>>>>>>>>>>>>>>>>>>>>>>>>>>>>>>>>  Escherichia.coli_str_K-12_substr_MG1655.gbk
Input PAM:>>>>>>>>>>>>>>>>>>>>>>>>>>>>>>>>>>>>>>>>>>>  NGG
Threads used:>>>>>>>>>>>>>>>>>>>>>>>>>>>>>>>>>>>>>>>>>>>  2
GuideMaker
2021-02-04 15:46:29,288: INFO     Temp directory is: /scratch/local/63823952/guidemaker_vtqmewq2
2021-02-04 15:46:29,288: INFO     Writing fasta file from genbank file(s)
2021-02-04 15:46:29,288: INFO     check if ../all_test_data/Escherichia.coli_str_K-12_substr_MG1655.gbk is gzipped
2021-02-04 15:46:30,197: INFO     Identifying PAM sites in the genome
2021-02-04 15:46:43,404: INFO     Checking guides for restriction enzymes
2021-02-04 15:46:43,555: INFO     Number of guides removed after checking for restriction enzymes: 0
2021-02-04 15:46:43,556: INFO     Identifing guides that are unique near the PAM site
2021-02-04 15:46:44,688: INFO     Number of guides removed after checking for unique PAM: 150893
2021-02-04 15:46:44,688: INFO     Indexing all potential guide sites: 542072. This is the longest step.
2021-02-04 15:46:47,313: INFO     M                   = 16
2021-02-04 15:46:47,313: INFO     indexThreadQty      = 2
2021-02-04 15:46:47,314: INFO     efConstruction      = 10
2021-02-04 15:46:47,314: INFO     maxM			          = 16
2021-02-04 15:46:47,314: INFO     maxM0			          = 32
2021-02-04 15:46:47,314: INFO     mult                = 0.360674
2021-02-04 15:46:47,314: INFO     skip_optimized_index= 0
2021-02-04 15:46:47,314: INFO     delaunay_type       = 2
2021-02-04 15:46:47,314: INFO     Set HNSW query-time parameters:
2021-02-04 15:46:47,314: INFO     ef(Search)         =20
2021-02-04 15:46:47,314: INFO     algoType           =2

0%   10   20   30   40   50   60   70   80   90   100%
|----|----|----|----|----|----|----|----|----|----|
***************************************************

0%   10   20   30   40   50   60   70   80   90   100%
|----|----|----|----|----|----|----|----|----|----|
****************************************************2021-02-04 15:47:13,458: INFO     No appropriate custom distance function for Hamming (bit-storage) space
2021-02-04 15:47:13,458: INFO     searchMethod			  = 0
2021-02-04 15:47:13,500: INFO     Identifying guides that have a hamming distance <= 3 to all other potential guides
2021-02-04 15:47:14,061: INFO     Set HNSW query-time parameters:
2021-02-04 15:47:14,061: INFO     ef(Search)         =9
2021-02-04 15:47:14,061: INFO     algoType           =2
2021-02-04 15:47:41,193: INFO     Formatting data for BedTools
2021-02-04 15:47:41,920: INFO     Create GuideMaker Annotation object
2021-02-04 15:47:41,920: INFO     Identify genomic features
2021-02-04 15:47:41,921: INFO     check if ../all_test_data/Escherichia.coli_str_K-12_substr_MG1655.gbk is gzipped
2021-02-04 15:47:43,587: INFO     Total number of CDS/locus in the input genome: 4357
2021-02-04 15:47:43,587: INFO     Find genomic features closest the guides
2021-02-04 15:47:48,843: INFO     Select guides that start between +500 and -500 of a feature start
2021-02-04 15:47:49,384: INFO     Select description columns
2021-02-04 15:47:49,462: INFO     Format the output
2021-02-04 15:47:52,433: INFO     Number of Guides within a gene coordinates i.e. zero Feature distance: 168391
2021-02-04 15:47:55,901: INFO     creating random control guides
2021-02-04 15:47:56,011: INFO     Number of random control searched: 100
2021-02-04 15:47:56,011: INFO     Percentage of GC content in the input genome: 50.79
2021-02-04 15:47:56,011: INFO     Total length of the genome: 4.4 MB
2021-02-04 15:47:56,011: INFO     created 10 control guides with a minimum distance of 7 and a median distance of 8
2021-02-04 15:47:56,013: INFO     guidemaker completed, results are at TEST
2021-02-04 15:47:56,013: INFO     PAM sequence: NGG
2021-02-04 15:47:56,014: INFO     PAM orientation: 3prime
2021-02-04 15:47:56,014: INFO     Genome strand(s) searched: both
2021-02-04 15:47:56,014: INFO     Total PAM sites considered: 542072
2021-02-04 15:47:56,014: INFO     Guide RNA candidates found: 280942
	Command being timed: "guidemaker -i ../all_test_data/Escherichia.coli_str_K-12_substr_MG1655.gbk --pamseq NGG --outdir TEST --pam_orientation 3prime --guidelength 20 --strand both --lcp 11 --dist 3 --before 500 --into 500 --knum 10 --controls 10 --log GM_63823952_9.log --threads 2"
	User time (seconds): 119.56
	System time (seconds): 7.19
	Percent of CPU this job got: 142%
	Elapsed (wall clock) time (h:mm:ss or m:ss): 1:29.19
	Average shared text size (kbytes): 0
	Average unshared data size (kbytes): 0
	Average stack size (kbytes): 0
	Average total size (kbytes): 0
	Maximum resident set size (kbytes): 2029528
	Average resident set size (kbytes): 0
	Major (requiring I/O) page faults: 0
	Minor (reclaiming a frame) page faults: 3442437
	Voluntary context switches: 52170
	Involuntary context switches: 503
	Swaps: 0
	File system inputs: 392
	File system outputs: 571552
	Socket messages sent: 0
	Socket messages received: 0
	Signals delivered: 0
	Page size (bytes): 4096
	Exit status: 0
My SLURM_ARRAY_TASK_ID:  9
My TMPDIR IS:  /scratch/local/63823952
Input Genome:>>>>>>>>>>>>>>>>>>>>>>>>>>>>>>>>>>>>>>>>>>>  Escherichia.coli_str_K-12_substr_MG1655.gbk
Input PAM:>>>>>>>>>>>>>>>>>>>>>>>>>>>>>>>>>>>>>>>>>>>  NGG
Threads used:>>>>>>>>>>>>>>>>>>>>>>>>>>>>>>>>>>>>>>>>>>>  4
GuideMaker
2021-02-04 15:47:58,472: INFO     Temp directory is: /scratch/local/63823952/guidemaker_brt3exaf
2021-02-04 15:47:58,472: INFO     Writing fasta file from genbank file(s)
2021-02-04 15:47:58,472: INFO     check if ../all_test_data/Escherichia.coli_str_K-12_substr_MG1655.gbk is gzipped
2021-02-04 15:47:59,374: INFO     Identifying PAM sites in the genome
2021-02-04 15:48:12,426: INFO     Checking guides for restriction enzymes
2021-02-04 15:48:12,578: INFO     Number of guides removed after checking for restriction enzymes: 0
2021-02-04 15:48:12,578: INFO     Identifing guides that are unique near the PAM site
2021-02-04 15:48:13,726: INFO     Number of guides removed after checking for unique PAM: 150893
2021-02-04 15:48:13,726: INFO     Indexing all potential guide sites: 542072. This is the longest step.
2021-02-04 15:48:16,295: INFO     M                   = 16
2021-02-04 15:48:16,295: INFO     indexThreadQty      = 4
2021-02-04 15:48:16,295: INFO     efConstruction      = 10
2021-02-04 15:48:16,295: INFO     maxM			          = 16
2021-02-04 15:48:16,296: INFO     maxM0			          = 32
2021-02-04 15:48:16,296: INFO     mult                = 0.360674
2021-02-04 15:48:16,296: INFO     skip_optimized_index= 0
2021-02-04 15:48:16,296: INFO     delaunay_type       = 2
2021-02-04 15:48:16,296: INFO     Set HNSW query-time parameters:
2021-02-04 15:48:16,296: INFO     ef(Search)         =20
2021-02-04 15:48:16,296: INFO     algoType           =2

0%   10   20   30   40   50   60   70   80   90   100%
|----|----|----|----|----|----|----|----|----|----|
***************************************************

0%   10   20   30   40   50   60   70   80   90   100%
|----|----|----|----|----|----|----|----|----|----|
****************************************************2021-02-04 15:48:30,161: INFO     No appropriate custom distance function for Hamming (bit-storage) space
2021-02-04 15:48:30,161: INFO     searchMethod			  = 0
2021-02-04 15:48:30,205: INFO     Identifying guides that have a hamming distance <= 3 to all other potential guides
2021-02-04 15:48:30,760: INFO     Set HNSW query-time parameters:
2021-02-04 15:48:30,760: INFO     ef(Search)         =9
2021-02-04 15:48:30,760: INFO     algoType           =2
2021-02-04 15:48:54,139: INFO     Formatting data for BedTools
2021-02-04 15:48:54,850: INFO     Create GuideMaker Annotation object
2021-02-04 15:48:54,850: INFO     Identify genomic features
2021-02-04 15:48:54,850: INFO     check if ../all_test_data/Escherichia.coli_str_K-12_substr_MG1655.gbk is gzipped
2021-02-04 15:48:56,505: INFO     Total number of CDS/locus in the input genome: 4357
2021-02-04 15:48:56,505: INFO     Find genomic features closest the guides
2021-02-04 15:49:01,647: INFO     Select guides that start between +500 and -500 of a feature start
2021-02-04 15:49:02,183: INFO     Select description columns
2021-02-04 15:49:02,260: INFO     Format the output
2021-02-04 15:49:05,206: INFO     Number of Guides within a gene coordinates i.e. zero Feature distance: 168353
2021-02-04 15:49:08,334: INFO     creating random control guides
2021-02-04 15:49:08,420: INFO     Number of random control searched: 100
2021-02-04 15:49:08,420: INFO     Percentage of GC content in the input genome: 50.79
2021-02-04 15:49:08,421: INFO     Total length of the genome: 4.4 MB
2021-02-04 15:49:08,421: INFO     created 10 control guides with a minimum distance of 7 and a median distance of 8
2021-02-04 15:49:08,424: INFO     guidemaker completed, results are at TEST
2021-02-04 15:49:08,424: INFO     PAM sequence: NGG
2021-02-04 15:49:08,424: INFO     PAM orientation: 3prime
2021-02-04 15:49:08,424: INFO     Genome strand(s) searched: both
2021-02-04 15:49:08,424: INFO     Total PAM sites considered: 542072
2021-02-04 15:49:08,424: INFO     Guide RNA candidates found: 280893
	Command being timed: "guidemaker -i ../all_test_data/Escherichia.coli_str_K-12_substr_MG1655.gbk --pamseq NGG --outdir TEST --pam_orientation 3prime --guidelength 20 --strand both --lcp 11 --dist 3 --before 500 --into 500 --knum 10 --controls 10 --log GM_63823952_9.log --threads 4"
	User time (seconds): 122.04
	System time (seconds): 7.21
	Percent of CPU this job got: 178%
	Elapsed (wall clock) time (h:mm:ss or m:ss): 1:12.43
	Average shared text size (kbytes): 0
	Average unshared data size (kbytes): 0
	Average stack size (kbytes): 0
	Average total size (kbytes): 0
	Maximum resident set size (kbytes): 2023008
	Average resident set size (kbytes): 0
	Major (requiring I/O) page faults: 0
	Minor (reclaiming a frame) page faults: 2915713
	Voluntary context switches: 84908
	Involuntary context switches: 712822
	Swaps: 0
	File system inputs: 8
	File system outputs: 571456
	Socket messages sent: 0
	Socket messages received: 0
	Signals delivered: 0
	Page size (bytes): 4096
	Exit status: 0
My SLURM_ARRAY_TASK_ID:  9
My TMPDIR IS:  /scratch/local/63823952
Input Genome:>>>>>>>>>>>>>>>>>>>>>>>>>>>>>>>>>>>>>>>>>>>  Escherichia.coli_str_K-12_substr_MG1655.gbk
Input PAM:>>>>>>>>>>>>>>>>>>>>>>>>>>>>>>>>>>>>>>>>>>>  NGG
Threads used:>>>>>>>>>>>>>>>>>>>>>>>>>>>>>>>>>>>>>>>>>>>  8
GuideMaker
2021-02-04 15:49:10,943: INFO     Temp directory is: /scratch/local/63823952/guidemaker_a7ungq1q
2021-02-04 15:49:10,944: INFO     Writing fasta file from genbank file(s)
2021-02-04 15:49:10,944: INFO     check if ../all_test_data/Escherichia.coli_str_K-12_substr_MG1655.gbk is gzipped
2021-02-04 15:49:11,848: INFO     Identifying PAM sites in the genome
2021-02-04 15:49:24,694: INFO     Checking guides for restriction enzymes
2021-02-04 15:49:24,843: INFO     Number of guides removed after checking for restriction enzymes: 0
2021-02-04 15:49:24,843: INFO     Identifing guides that are unique near the PAM site
2021-02-04 15:49:25,960: INFO     Number of guides removed after checking for unique PAM: 150893
2021-02-04 15:49:25,960: INFO     Indexing all potential guide sites: 542072. This is the longest step.
2021-02-04 15:49:28,540: INFO     M                   = 16
2021-02-04 15:49:28,540: INFO     indexThreadQty      = 8
2021-02-04 15:49:28,540: INFO     efConstruction      = 10
2021-02-04 15:49:28,540: INFO     maxM			          = 16
2021-02-04 15:49:28,540: INFO     maxM0			          = 32
2021-02-04 15:49:28,540: INFO     mult                = 0.360674
2021-02-04 15:49:28,540: INFO     skip_optimized_index= 0
2021-02-04 15:49:28,540: INFO     delaunay_type       = 2
2021-02-04 15:49:28,540: INFO     Set HNSW query-time parameters:
2021-02-04 15:49:28,540: INFO     ef(Search)         =20
2021-02-04 15:49:28,540: INFO     algoType           =2

0%   10   20   30   40   50   60   70   80   90   100%
|----|----|----|----|----|----|----|----|----|----|
***************************************************

0%   10   20   30   40   50   60   70   80   90   100%
|----|----|----|----|----|----|----|----|----|----|
****************************************************


2021-02-04 15:49:35,902: INFO     No appropriate custom distance function for Hamming (bit-storage) space
2021-02-04 15:49:35,903: INFO     searchMethod			  = 0
2021-02-04 15:49:35,953: INFO     Identifying guides that have a hamming distance <= 3 to all other potential guides
2021-02-04 15:49:36,625: INFO     Set HNSW query-time parameters:
2021-02-04 15:49:36,625: INFO     ef(Search)         =9
2021-02-04 15:49:36,625: INFO     algoType           =2
2021-02-04 15:49:56,916: INFO     Formatting data for BedTools
2021-02-04 15:49:57,636: INFO     Create GuideMaker Annotation object
2021-02-04 15:49:57,636: INFO     Identify genomic features
2021-02-04 15:49:57,637: INFO     check if ../all_test_data/Escherichia.coli_str_K-12_substr_MG1655.gbk is gzipped
2021-02-04 15:49:59,266: INFO     Total number of CDS/locus in the input genome: 4357
2021-02-04 15:49:59,266: INFO     Find genomic features closest the guides
2021-02-04 15:50:04,716: INFO     Select guides that start between +500 and -500 of a feature start
2021-02-04 15:50:05,339: INFO     Select description columns
2021-02-04 15:50:05,423: INFO     Format the output
2021-02-04 15:50:08,527: INFO     Number of Guides within a gene coordinates i.e. zero Feature distance: 168373
2021-02-04 15:50:11,724: INFO     creating random control guides
2021-02-04 15:50:11,808: INFO     Number of random control searched: 100
2021-02-04 15:50:11,809: INFO     Percentage of GC content in the input genome: 50.79
2021-02-04 15:50:11,809: INFO     Total length of the genome: 4.4 MB
2021-02-04 15:50:11,809: INFO     created 10 control guides with a minimum distance of 8 and a median distance of 8
2021-02-04 15:50:11,812: INFO     guidemaker completed, results are at TEST
2021-02-04 15:50:11,812: INFO     PAM sequence: NGG
2021-02-04 15:50:11,813: INFO     PAM orientation: 3prime
2021-02-04 15:50:11,813: INFO     Genome strand(s) searched: both
2021-02-04 15:50:11,813: INFO     Total PAM sites considered: 542072
2021-02-04 15:50:11,813: INFO     Guide RNA candidates found: 280879
	Command being timed: "guidemaker -i ../all_test_data/Escherichia.coli_str_K-12_substr_MG1655.gbk --pamseq NGG --outdir TEST --pam_orientation 3prime --guidelength 20 --strand both --lcp 11 --dist 3 --before 500 --into 500 --knum 10 --controls 10 --log GM_63823952_9.log --threads 8"
	User time (seconds): 126.10
	System time (seconds): 7.00
	Percent of CPU this job got: 209%
	Elapsed (wall clock) time (h:mm:ss or m:ss): 1:03.44
	Average shared text size (kbytes): 0
	Average unshared data size (kbytes): 0
	Average stack size (kbytes): 0
	Average total size (kbytes): 0
	Maximum resident set size (kbytes): 2034848
	Average resident set size (kbytes): 0
	Major (requiring I/O) page faults: 0
	Minor (reclaiming a frame) page faults: 2343940
	Voluntary context switches: 142167
	Involuntary context switches: 538
	Swaps: 0
	File system inputs: 32
	File system outputs: 571472
	Socket messages sent: 0
	Socket messages received: 0
	Signals delivered: 0
	Page size (bytes): 4096
	Exit status: 0
My SLURM_ARRAY_TASK_ID:  9
My TMPDIR IS:  /scratch/local/63823952
Input Genome:>>>>>>>>>>>>>>>>>>>>>>>>>>>>>>>>>>>>>>>>>>>  Escherichia.coli_str_K-12_substr_MG1655.gbk
Input PAM:>>>>>>>>>>>>>>>>>>>>>>>>>>>>>>>>>>>>>>>>>>>  NGG
Threads used:>>>>>>>>>>>>>>>>>>>>>>>>>>>>>>>>>>>>>>>>>>>  16
GuideMaker
2021-02-04 15:50:14,389: INFO     Temp directory is: /scratch/local/63823952/guidemaker_zs0k0a87
2021-02-04 15:50:14,389: INFO     Writing fasta file from genbank file(s)
2021-02-04 15:50:14,389: INFO     check if ../all_test_data/Escherichia.coli_str_K-12_substr_MG1655.gbk is gzipped
2021-02-04 15:50:15,292: INFO     Identifying PAM sites in the genome
2021-02-04 15:50:28,759: INFO     Checking guides for restriction enzymes
2021-02-04 15:50:28,949: INFO     Number of guides removed after checking for restriction enzymes: 0
2021-02-04 15:50:28,949: INFO     Identifing guides that are unique near the PAM site
2021-02-04 15:50:30,220: INFO     Number of guides removed after checking for unique PAM: 150893
2021-02-04 15:50:30,221: INFO     Indexing all potential guide sites: 542072. This is the longest step.
2021-02-04 15:50:33,365: INFO     M                   = 16
2021-02-04 15:50:33,365: INFO     indexThreadQty      = 16
2021-02-04 15:50:33,365: INFO     efConstruction      = 10
2021-02-04 15:50:33,366: INFO     maxM			          = 16
2021-02-04 15:50:33,366: INFO     maxM0			          = 32
2021-02-04 15:50:33,366: INFO     mult                = 0.360674
2021-02-04 15:50:33,366: INFO     skip_optimized_index= 0
2021-02-04 15:50:33,366: INFO     delaunay_type       = 2
2021-02-04 15:50:33,366: INFO     Set HNSW query-time parameters:
2021-02-04 15:50:33,366: INFO     ef(Search)         =20
2021-02-04 15:50:33,366: INFO     algoType           =2

0%   10   20   30   40   50   60   70   80   90   100%
|----|----|----|----|----|----|----|----|----|----|
***************************************************

0%   10   20   30   40   50   60   70   80   90   100%
|----|----|----|----|----|----|----|----|----|----|
****************************************************2021-02-04 15:50:37,559: INFO     No appropriate custom distance function for Hamming (bit-storage) space
2021-02-04 15:50:37,559: INFO     searchMethod			  = 0
2021-02-04 15:50:37,604: INFO     Identifying guides that have a hamming distance <= 3 to all other potential guides
2021-02-04 15:50:38,147: INFO     Set HNSW query-time parameters:
2021-02-04 15:50:38,147: INFO     ef(Search)         =9
2021-02-04 15:50:38,148: INFO     algoType           =2
2021-02-04 15:50:58,548: INFO     Formatting data for BedTools
2021-02-04 15:50:59,268: INFO     Create GuideMaker Annotation object
2021-02-04 15:50:59,268: INFO     Identify genomic features
2021-02-04 15:50:59,269: INFO     check if ../all_test_data/Escherichia.coli_str_K-12_substr_MG1655.gbk is gzipped
2021-02-04 15:51:00,905: INFO     Total number of CDS/locus in the input genome: 4357
2021-02-04 15:51:00,905: INFO     Find genomic features closest the guides
2021-02-04 15:51:06,099: INFO     Select guides that start between +500 and -500 of a feature start
2021-02-04 15:51:06,640: INFO     Select description columns
2021-02-04 15:51:06,718: INFO     Format the output
2021-02-04 15:51:09,686: INFO     Number of Guides within a gene coordinates i.e. zero Feature distance: 168415
2021-02-04 15:51:12,884: INFO     creating random control guides
2021-02-04 15:51:12,974: INFO     Number of random control searched: 100
2021-02-04 15:51:12,974: INFO     Percentage of GC content in the input genome: 50.79
2021-02-04 15:51:12,974: INFO     Total length of the genome: 4.4 MB
2021-02-04 15:51:12,974: INFO     created 10 control guides with a minimum distance of 7 and a median distance of 8
2021-02-04 15:51:12,976: INFO     guidemaker completed, results are at TEST
2021-02-04 15:51:12,976: INFO     PAM sequence: NGG
2021-02-04 15:51:12,977: INFO     PAM orientation: 3prime
2021-02-04 15:51:12,977: INFO     Genome strand(s) searched: both
2021-02-04 15:51:12,977: INFO     Total PAM sites considered: 542072
2021-02-04 15:51:12,977: INFO     Guide RNA candidates found: 281002
	Command being timed: "guidemaker -i ../all_test_data/Escherichia.coli_str_K-12_substr_MG1655.gbk --pamseq NGG --outdir TEST --pam_orientation 3prime --guidelength 20 --strand both --lcp 11 --dist 3 --before 500 --into 500 --knum 10 --controls 10 --log GM_63823952_9.log --threads 16"
	User time (seconds): 134.59
	System time (seconds): 7.89
	Percent of CPU this job got: 232%
	Elapsed (wall clock) time (h:mm:ss or m:ss): 1:01.19
	Average shared text size (kbytes): 0
	Average unshared data size (kbytes): 0
	Average stack size (kbytes): 0
	Average total size (kbytes): 0
	Maximum resident set size (kbytes): 2043140
	Average resident set size (kbytes): 0
	Major (requiring I/O) page faults: 0
	Minor (reclaiming a frame) page faults: 2007024
	Voluntary context switches: 275716
	Involuntary context switches: 197462
	Swaps: 0
	File system inputs: 8
	File system outputs: 571656
	Socket messages sent: 0
	Socket messages received: 0
	Signals delivered: 0
	Page size (bytes): 4096
	Exit status: 0
My SLURM_ARRAY_TASK_ID:  9
My TMPDIR IS:  /scratch/local/63823952
Input Genome:>>>>>>>>>>>>>>>>>>>>>>>>>>>>>>>>>>>>>>>>>>>  Escherichia.coli_str_K-12_substr_MG1655.gbk
Input PAM:>>>>>>>>>>>>>>>>>>>>>>>>>>>>>>>>>>>>>>>>>>>  NGG
Threads used:>>>>>>>>>>>>>>>>>>>>>>>>>>>>>>>>>>>>>>>>>>>  32
GuideMaker
2021-02-04 15:51:15,585: INFO     Temp directory is: /scratch/local/63823952/guidemaker_bowipmta
2021-02-04 15:51:15,585: INFO     Writing fasta file from genbank file(s)
2021-02-04 15:51:15,586: INFO     check if ../all_test_data/Escherichia.coli_str_K-12_substr_MG1655.gbk is gzipped
2021-02-04 15:51:16,672: INFO     Identifying PAM sites in the genome
2021-02-04 15:51:30,602: INFO     Checking guides for restriction enzymes
2021-02-04 15:51:30,751: INFO     Number of guides removed after checking for restriction enzymes: 0
2021-02-04 15:51:30,752: INFO     Identifing guides that are unique near the PAM site
2021-02-04 15:51:31,892: INFO     Number of guides removed after checking for unique PAM: 150893
2021-02-04 15:51:31,893: INFO     Indexing all potential guide sites: 542072. This is the longest step.
2021-02-04 15:51:34,463: INFO     M                   = 16
2021-02-04 15:51:34,464: INFO     indexThreadQty      = 32
2021-02-04 15:51:34,464: INFO     efConstruction      = 10
2021-02-04 15:51:34,464: INFO     maxM			          = 16
2021-02-04 15:51:34,464: INFO     maxM0			          = 32
2021-02-04 15:51:34,464: INFO     mult                = 0.360674
2021-02-04 15:51:34,464: INFO     skip_optimized_index= 0
2021-02-04 15:51:34,464: INFO     delaunay_type       = 2
2021-02-04 15:51:34,464: INFO     Set HNSW query-time parameters:
2021-02-04 15:51:34,464: INFO     ef(Search)         =20
2021-02-04 15:51:34,464: INFO     algoType           =2

0%   10   20   30   40   50   60   70   80   90   100%
|----|----|----|----|----|----|----|----|----|----|
***************************************************

0%   10   20   30   40   50   60   70   80   90   100%
|----|----|----|----|----|----|----|----|----|----|
*******************************************************2021-02-04 15:51:37,160: INFO     No appropriate custom distance function for Hamming (bit-storage) space
2021-02-04 15:51:37,160: INFO     searchMethod			  = 0
2021-02-04 15:51:37,207: INFO     Identifying guides that have a hamming distance <= 3 to all other potential guides
2021-02-04 15:51:37,769: INFO     Set HNSW query-time parameters:
2021-02-04 15:51:37,769: INFO     ef(Search)         =9
2021-02-04 15:51:37,769: INFO     algoType           =2
2021-02-04 15:51:57,823: INFO     Formatting data for BedTools
2021-02-04 15:51:58,535: INFO     Create GuideMaker Annotation object
2021-02-04 15:51:58,535: INFO     Identify genomic features
2021-02-04 15:51:58,536: INFO     check if ../all_test_data/Escherichia.coli_str_K-12_substr_MG1655.gbk is gzipped
2021-02-04 15:52:00,151: INFO     Total number of CDS/locus in the input genome: 4357
2021-02-04 15:52:00,151: INFO     Find genomic features closest the guides
2021-02-04 15:52:05,383: INFO     Select guides that start between +500 and -500 of a feature start
2021-02-04 15:52:05,998: INFO     Select description columns
2021-02-04 15:52:06,092: INFO     Format the output
2021-02-04 15:52:09,531: INFO     Number of Guides within a gene coordinates i.e. zero Feature distance: 168349
2021-02-04 15:52:12,714: INFO     creating random control guides
2021-02-04 15:52:12,828: INFO     Number of random control searched: 100
2021-02-04 15:52:12,829: INFO     Percentage of GC content in the input genome: 50.79
2021-02-04 15:52:12,829: INFO     Total length of the genome: 4.4 MB
2021-02-04 15:52:12,829: INFO     created 10 control guides with a minimum distance of 7 and a median distance of 8
2021-02-04 15:52:12,831: INFO     guidemaker completed, results are at TEST
2021-02-04 15:52:12,831: INFO     PAM sequence: NGG
2021-02-04 15:52:12,831: INFO     PAM orientation: 3prime
2021-02-04 15:52:12,831: INFO     Genome strand(s) searched: both
2021-02-04 15:52:12,832: INFO     Total PAM sites considered: 542072
2021-02-04 15:52:12,832: INFO     Guide RNA candidates found: 280912
	Command being timed: "guidemaker -i ../all_test_data/Escherichia.coli_str_K-12_substr_MG1655.gbk --pamseq NGG --outdir TEST --pam_orientation 3prime --guidelength 20 --strand both --lcp 11 --dist 3 --before 500 --into 500 --knum 10 --controls 10 --log GM_63823952_9.log --threads 32"
	User time (seconds): 143.39
	System time (seconds): 11.54
	Percent of CPU this job got: 258%
	Elapsed (wall clock) time (h:mm:ss or m:ss): 0:59.82
	Average shared text size (kbytes): 0
	Average unshared data size (kbytes): 0
	Average stack size (kbytes): 0
	Average total size (kbytes): 0
	Maximum resident set size (kbytes): 2051820
	Average resident set size (kbytes): 0
	Major (requiring I/O) page faults: 0
	Minor (reclaiming a frame) page faults: 1750334
	Voluntary context switches: 636514
	Involuntary context switches: 292244
	Swaps: 0
	File system inputs: 8
	File system outputs: 571512
	Socket messages sent: 0
	Socket messages received: 0
	Signals delivered: 0
	Page size (bytes): 4096
	Exit status: 0
