slurmstepd: error: Unable to create TMPDIR [/scratch/local/58616138]: Permission denied
slurmstepd: error: Setting TMPDIR to /tmp
Mon Sep 14 15:58:01 EDT 2020
c27b-s23.ufhpc
/blue/garrett/rp3448/analysis/guidemaker/AVXGuidemaker/GuideMaker
My SLURM_ARRAY_TASK_ID:  5
My TMPDIR IS:  /tmp
Input Genome:>>>>>>>>>>>>>>>>>>>>>>>>>>>>>>>>>>>>>>>>>>>  Arabidopsis_thaliana.gbk
Threads used:>>>>>>>>>>>>>>>>>>>>>>>>>>>>>>>>>>>>>>>>>>>  1
GuideMaker
2020-09-14 15:58:05,540: INFO     Temp directory is: /tmp/guidemaker_t5uqcolu
2020-09-14 15:58:05,541: INFO     Writing fasta file from genbank file(s)
2020-09-14 15:58:05,541: INFO     check if ../../all_test_data/Arabidopsis_thaliana.gbk is gzipped
2020-09-14 15:58:30,901: INFO     Identifying PAM sites in the genome
2020-09-14 16:05:33,161: INFO     Identifing guides that are unique near the PAM site
2020-09-14 16:05:43,850: INFO     Indexing all potential guide sites: 8099730. This is the longest step.
2020-09-14 16:06:23,919: INFO     M                   = 16
2020-09-14 16:06:23,920: INFO     indexThreadQty      = 1
2020-09-14 16:06:23,920: INFO     efConstruction      = 10
2020-09-14 16:06:23,920: INFO     maxM			          = 16
2020-09-14 16:06:23,920: INFO     maxM0			          = 32
2020-09-14 16:06:23,920: INFO     mult                = 0.360674
2020-09-14 16:06:23,920: INFO     skip_optimized_index= 0
2020-09-14 16:06:23,920: INFO     delaunay_type       = 2
2020-09-14 16:06:23,920: INFO     Set HNSW query-time parameters:
2020-09-14 16:06:23,920: INFO     ef(Search)         =20
2020-09-14 16:06:23,920: INFO     algoType           =2

0%   10   20   30   40   50   60   70   80   90   100%
|----|----|----|----|----|----|----|----|----|----|
***************************************************

0%   10   20   30   40   50   60   70   80   90   100%
|----|----|----|----|----|----|----|----|----|----|
***************************************************
*2020-09-14 16:22:29,950: INFO     No appropriate custom distance function for Hamming (bit-storage) space
2020-09-14 16:22:31,153: INFO     searchMethod			  = 0
2020-09-14 16:22:31,904: INFO     Identifying guides that have a hamming distance <= 3 to all other potential guides
2020-09-14 16:22:32,335: INFO     Set HNSW query-time parameters:
2020-09-14 16:22:32,335: INFO     ef(Search)         =9
2020-09-14 16:22:32,335: INFO     algoType           =2
2020-09-14 16:22:46,411: INFO     Formatting data for BedTools
2020-09-14 16:22:46,821: INFO     Create GuideMaker Annotation object
2020-09-14 16:22:46,821: INFO     Identify genomic features
2020-09-14 16:22:46,822: INFO     check if ../../all_test_data/Arabidopsis_thaliana.gbk is gzipped
2020-09-14 16:23:15,399: INFO     Total number of CDS/locus in the input genome: 48262
2020-09-14 16:23:15,399: INFO     Find genomic features closest the guides
2020-09-14 16:23:19,797: INFO     Select guides that start between +100 and -100 of a feature start
2020-09-14 16:23:19,942: INFO     Select description columns
2020-09-14 16:23:20,475: INFO     Format the output
2020-09-14 16:23:20,878: INFO     creating random control guides
2020-09-14 16:23:22,317: INFO     Number of random control searched: 100
2020-09-14 16:23:22,317: INFO     Percentage of GC content in the input genome: 36.00
2020-09-14 16:23:22,317: INFO     Total length of the genome: 114.1 MB
2020-09-14 16:23:22,317: INFO     created 10 control guides with a minimum distance of 7 and a median distance of 7
2020-09-14 16:23:22,320: INFO     guidemaker completed, results are at TEST
2020-09-14 16:23:22,320: INFO     PAM sequence: NGG
2020-09-14 16:23:22,320: INFO     PAM orientation: 5prime
2020-09-14 16:23:22,320: INFO     Genome strand(s) searched: both
2020-09-14 16:23:22,320: INFO     Total PAM sites considered: 8099730
2020-09-14 16:23:22,320: INFO     Guide RNA candidates found: 7034
	Command being timed: "guidemaker -i ../../all_test_data/Arabidopsis_thaliana.gbk --pamseq NGG --outdir TEST --pam_orientation 5prime --guidelength 20 --strand both --lcp 10 --dist 3 --before 100 --into 100 --knum 10 --controls 10 --log GuideMaker_58626170_5.log --threads 1"
	User time (seconds): 1511.53
	System time (seconds): 29.58
	Percent of CPU this job got: 100%
	Elapsed (wall clock) time (h:mm:ss or m:ss): 25:38.37
	Average shared text size (kbytes): 0
	Average unshared data size (kbytes): 0
	Average stack size (kbytes): 0
	Average total size (kbytes): 0
	Maximum resident set size (kbytes): 16113764
	Average resident set size (kbytes): 0
	Major (requiring I/O) page faults: 0
	Minor (reclaiming a frame) page faults: 31137470
	Voluntary context switches: 3073
	Involuntary context switches: 67111
	Swaps: 0
	File system inputs: 131072
	File system outputs: 358472
	Socket messages sent: 0
	Socket messages received: 0
	Signals delivered: 0
	Page size (bytes): 4096
	Exit status: 0
My SLURM_ARRAY_TASK_ID:  5
My TMPDIR IS:  /tmp
Input Genome:>>>>>>>>>>>>>>>>>>>>>>>>>>>>>>>>>>>>>>>>>>>  Arabidopsis_thaliana.gbk
Threads used:>>>>>>>>>>>>>>>>>>>>>>>>>>>>>>>>>>>>>>>>>>>  2
GuideMaker
2020-09-14 16:23:43,919: INFO     Temp directory is: /tmp/guidemaker_5i3q_pbt
2020-09-14 16:23:43,919: INFO     Writing fasta file from genbank file(s)
2020-09-14 16:23:43,919: INFO     check if ../../all_test_data/Arabidopsis_thaliana.gbk is gzipped
2020-09-14 16:24:09,211: INFO     Identifying PAM sites in the genome
2020-09-14 16:31:09,655: INFO     Identifing guides that are unique near the PAM site
2020-09-14 16:31:20,989: INFO     Indexing all potential guide sites: 8099730. This is the longest step.
2020-09-14 16:31:59,924: INFO     M                   = 16
2020-09-14 16:31:59,924: INFO     indexThreadQty      = 2
2020-09-14 16:31:59,924: INFO     efConstruction      = 10
2020-09-14 16:31:59,924: INFO     maxM			          = 16
2020-09-14 16:31:59,924: INFO     maxM0			          = 32
2020-09-14 16:31:59,924: INFO     mult                = 0.360674
2020-09-14 16:31:59,924: INFO     skip_optimized_index= 0
2020-09-14 16:31:59,924: INFO     delaunay_type       = 2
2020-09-14 16:31:59,924: INFO     Set HNSW query-time parameters:
2020-09-14 16:31:59,924: INFO     ef(Search)         =20
2020-09-14 16:31:59,924: INFO     algoType           =2

0%   10   20   30   40   50   60   70   80   90   100%
|----|----|----|----|----|----|----|----|----|----|
***************************************************

0%   10   20   30   40   50   60   70   80   90   100%
|----|----|----|----|----|----|----|----|----|----|
****************************************************2020-09-14 16:42:58,676: INFO     No appropriate custom distance function for Hamming (bit-storage) space
2020-09-14 16:42:58,677: INFO     searchMethod			  = 0
2020-09-14 16:42:59,339: INFO     Identifying guides that have a hamming distance <= 3 to all other potential guides
2020-09-14 16:42:59,689: INFO     Set HNSW query-time parameters:
2020-09-14 16:42:59,689: INFO     ef(Search)         =9
2020-09-14 16:42:59,689: INFO     algoType           =2
2020-09-14 16:43:12,213: INFO     Formatting data for BedTools
2020-09-14 16:43:12,616: INFO     Create GuideMaker Annotation object
2020-09-14 16:43:12,616: INFO     Identify genomic features
2020-09-14 16:43:12,617: INFO     check if ../../all_test_data/Arabidopsis_thaliana.gbk is gzipped
2020-09-14 16:43:40,486: INFO     Total number of CDS/locus in the input genome: 48262
2020-09-14 16:43:40,486: INFO     Find genomic features closest the guides
2020-09-14 16:43:44,736: INFO     Select guides that start between +100 and -100 of a feature start
2020-09-14 16:43:44,864: INFO     Select description columns
2020-09-14 16:43:45,339: INFO     Format the output
2020-09-14 16:43:45,664: INFO     creating random control guides
2020-09-14 16:43:47,061: INFO     Number of random control searched: 100
2020-09-14 16:43:47,061: INFO     Percentage of GC content in the input genome: 36.00
2020-09-14 16:43:47,061: INFO     Total length of the genome: 114.1 MB
2020-09-14 16:43:47,061: INFO     created 10 control guides with a minimum distance of 7 and a median distance of 7
2020-09-14 16:43:47,063: INFO     guidemaker completed, results are at TEST
2020-09-14 16:43:47,063: INFO     PAM sequence: NGG
2020-09-14 16:43:47,063: INFO     PAM orientation: 5prime
2020-09-14 16:43:47,064: INFO     Genome strand(s) searched: both
2020-09-14 16:43:47,064: INFO     Total PAM sites considered: 8099730
2020-09-14 16:43:47,064: INFO     Guide RNA candidates found: 7030
	Command being timed: "guidemaker -i ../../all_test_data/Arabidopsis_thaliana.gbk --pamseq NGG --outdir TEST --pam_orientation 5prime --guidelength 20 --strand both --lcp 10 --dist 3 --before 100 --into 100 --knum 10 --controls 10 --log GuideMaker_58626170_5.log --threads 2"
	User time (seconds): 1743.65
	System time (seconds): 133.58
	Percent of CPU this job got: 153%
	Elapsed (wall clock) time (h:mm:ss or m:ss): 20:25.73
	Average shared text size (kbytes): 0
	Average unshared data size (kbytes): 0
	Average stack size (kbytes): 0
	Average total size (kbytes): 0
	Maximum resident set size (kbytes): 16133900
	Average resident set size (kbytes): 0
	Major (requiring I/O) page faults: 0
	Minor (reclaiming a frame) page faults: 87079116
	Voluntary context switches: 679919
	Involuntary context switches: 296587
	Swaps: 0
	File system inputs: 0
	File system outputs: 358488
	Socket messages sent: 0
	Socket messages received: 0
	Signals delivered: 0
	Page size (bytes): 4096
	Exit status: 0
My SLURM_ARRAY_TASK_ID:  5
My TMPDIR IS:  /tmp
Input Genome:>>>>>>>>>>>>>>>>>>>>>>>>>>>>>>>>>>>>>>>>>>>  Arabidopsis_thaliana.gbk
Threads used:>>>>>>>>>>>>>>>>>>>>>>>>>>>>>>>>>>>>>>>>>>>  4
GuideMaker
2020-09-14 16:44:09,646: INFO     Temp directory is: /tmp/guidemaker_3_ymqp4f
2020-09-14 16:44:09,646: INFO     Writing fasta file from genbank file(s)
2020-09-14 16:44:09,647: INFO     check if ../../all_test_data/Arabidopsis_thaliana.gbk is gzipped
2020-09-14 16:44:35,081: INFO     Identifying PAM sites in the genome
2020-09-14 16:51:46,175: INFO     Identifing guides that are unique near the PAM site
2020-09-14 16:51:57,268: INFO     Indexing all potential guide sites: 8099730. This is the longest step.
2020-09-14 16:52:37,051: INFO     M                   = 16
2020-09-14 16:52:37,052: INFO     indexThreadQty      = 4
2020-09-14 16:52:37,052: INFO     efConstruction      = 10
2020-09-14 16:52:37,052: INFO     maxM			          = 16
2020-09-14 16:52:37,052: INFO     maxM0			          = 32
2020-09-14 16:52:37,052: INFO     mult                = 0.360674
2020-09-14 16:52:37,052: INFO     skip_optimized_index= 0
2020-09-14 16:52:37,052: INFO     delaunay_type       = 2
2020-09-14 16:52:37,052: INFO     Set HNSW query-time parameters:
2020-09-14 16:52:37,052: INFO     ef(Search)         =20
2020-09-14 16:52:37,052: INFO     algoType           =2

0%   10   20   30   40   50   60   70   80   90   100%
|----|----|----|----|----|----|----|----|----|----|
***************************************************

0%   10   20   30   40   50   60   70   80   90   100%
|----|----|----|----|----|----|----|----|----|----|
****************************************************2020-09-14 16:58:26,680: INFO     No appropriate custom distance function for Hamming (bit-storage) space
2020-09-14 16:58:26,680: INFO     searchMethod			  = 0
2020-09-14 16:58:27,354: INFO     Identifying guides that have a hamming distance <= 3 to all other potential guides
2020-09-14 16:58:27,698: INFO     Set HNSW query-time parameters:
2020-09-14 16:58:27,698: INFO     ef(Search)         =9
2020-09-14 16:58:27,698: INFO     algoType           =2
2020-09-14 16:58:36,990: INFO     Formatting data for BedTools
2020-09-14 16:58:37,402: INFO     Create GuideMaker Annotation object
2020-09-14 16:58:37,402: INFO     Identify genomic features
2020-09-14 16:58:37,403: INFO     check if ../../all_test_data/Arabidopsis_thaliana.gbk is gzipped
2020-09-14 16:59:05,585: INFO     Total number of CDS/locus in the input genome: 48262
2020-09-14 16:59:05,585: INFO     Find genomic features closest the guides
2020-09-14 16:59:10,216: INFO     Select guides that start between +100 and -100 of a feature start
2020-09-14 16:59:10,344: INFO     Select description columns
2020-09-14 16:59:10,868: INFO     Format the output
2020-09-14 16:59:11,207: INFO     creating random control guides
2020-09-14 16:59:12,750: INFO     Number of random control searched: 1000
2020-09-14 16:59:12,751: INFO     Percentage of GC content in the input genome: 36.00
2020-09-14 16:59:12,751: INFO     Total length of the genome: 114.1 MB
2020-09-14 16:59:12,751: INFO     created 10 control guides with a minimum distance of 7 and a median distance of 8
2020-09-14 16:59:12,753: INFO     guidemaker completed, results are at TEST
2020-09-14 16:59:12,753: INFO     PAM sequence: NGG
2020-09-14 16:59:12,753: INFO     PAM orientation: 5prime
2020-09-14 16:59:12,754: INFO     Genome strand(s) searched: both
2020-09-14 16:59:12,754: INFO     Total PAM sites considered: 8099730
2020-09-14 16:59:12,754: INFO     Guide RNA candidates found: 7043
	Command being timed: "guidemaker -i ../../all_test_data/Arabidopsis_thaliana.gbk --pamseq NGG --outdir TEST --pam_orientation 5prime --guidelength 20 --strand both --lcp 10 --dist 3 --before 100 --into 100 --knum 10 --controls 10 --log GuideMaker_58626170_5.log --threads 4"
	User time (seconds): 1836.92
	System time (seconds): 111.71
	Percent of CPU this job got: 210%
	Elapsed (wall clock) time (h:mm:ss or m:ss): 15:26.10
	Average shared text size (kbytes): 0
	Average unshared data size (kbytes): 0
	Average stack size (kbytes): 0
	Average total size (kbytes): 0
	Maximum resident set size (kbytes): 16172612
	Average resident set size (kbytes): 0
	Major (requiring I/O) page faults: 0
	Minor (reclaiming a frame) page faults: 62938864
	Voluntary context switches: 1482641
	Involuntary context switches: 147383
	Swaps: 0
	File system inputs: 0
	File system outputs: 358400
	Socket messages sent: 0
	Socket messages received: 0
	Signals delivered: 0
	Page size (bytes): 4096
	Exit status: 0
My SLURM_ARRAY_TASK_ID:  5
My TMPDIR IS:  /tmp
Input Genome:>>>>>>>>>>>>>>>>>>>>>>>>>>>>>>>>>>>>>>>>>>>  Arabidopsis_thaliana.gbk
Threads used:>>>>>>>>>>>>>>>>>>>>>>>>>>>>>>>>>>>>>>>>>>>  8
GuideMaker
2020-09-14 16:59:35,788: INFO     Temp directory is: /tmp/guidemaker_9_h3xfif
2020-09-14 16:59:35,788: INFO     Writing fasta file from genbank file(s)
2020-09-14 16:59:35,788: INFO     check if ../../all_test_data/Arabidopsis_thaliana.gbk is gzipped
2020-09-14 17:00:01,076: INFO     Identifying PAM sites in the genome
2020-09-14 17:06:59,996: INFO     Identifing guides that are unique near the PAM site
2020-09-14 17:07:11,205: INFO     Indexing all potential guide sites: 8099730. This is the longest step.
2020-09-14 17:07:49,920: INFO     M                   = 16
2020-09-14 17:07:49,921: INFO     indexThreadQty      = 8
2020-09-14 17:07:49,921: INFO     efConstruction      = 10
2020-09-14 17:07:49,921: INFO     maxM			          = 16
2020-09-14 17:07:49,921: INFO     maxM0			          = 32
2020-09-14 17:07:49,921: INFO     mult                = 0.360674
2020-09-14 17:07:49,921: INFO     skip_optimized_index= 0
2020-09-14 17:07:49,921: INFO     delaunay_type       = 2
2020-09-14 17:07:49,921: INFO     Set HNSW query-time parameters:
2020-09-14 17:07:49,921: INFO     ef(Search)         =20
2020-09-14 17:07:49,921: INFO     algoType           =2

0%   10   20   30   40   50   60   70   80   90   100%
|----|----|----|----|----|----|----|----|----|----|
***************************************************

0%   10   20   30   40   50   60   70   80   90   100%
|----|----|----|----|----|----|----|----|----|----|
****************************************************2020-09-14 17:11:03,500: INFO     No appropriate custom distance function for Hamming (bit-storage) space
2020-09-14 17:11:03,500: INFO     searchMethod			  = 0
2020-09-14 17:11:04,227: INFO     Identifying guides that have a hamming distance <= 3 to all other potential guides
2020-09-14 17:11:04,630: INFO     Set HNSW query-time parameters:
2020-09-14 17:11:04,630: INFO     ef(Search)         =9
2020-09-14 17:11:04,630: INFO     algoType           =2
2020-09-14 17:11:12,554: INFO     Formatting data for BedTools
2020-09-14 17:11:12,950: INFO     Create GuideMaker Annotation object
2020-09-14 17:11:12,950: INFO     Identify genomic features
2020-09-14 17:11:12,951: INFO     check if ../../all_test_data/Arabidopsis_thaliana.gbk is gzipped
2020-09-14 17:11:41,038: INFO     Total number of CDS/locus in the input genome: 48262
2020-09-14 17:11:41,039: INFO     Find genomic features closest the guides
2020-09-14 17:11:45,425: INFO     Select guides that start between +100 and -100 of a feature start
2020-09-14 17:11:45,557: INFO     Select description columns
2020-09-14 17:11:46,034: INFO     Format the output
2020-09-14 17:11:46,357: INFO     creating random control guides
2020-09-14 17:11:47,685: INFO     Number of random control searched: 100
2020-09-14 17:11:47,685: INFO     Percentage of GC content in the input genome: 36.00
2020-09-14 17:11:47,685: INFO     Total length of the genome: 114.1 MB
2020-09-14 17:11:47,685: INFO     created 10 control guides with a minimum distance of 7 and a median distance of 7
2020-09-14 17:11:47,688: INFO     guidemaker completed, results are at TEST
2020-09-14 17:11:47,688: INFO     PAM sequence: NGG
2020-09-14 17:11:47,688: INFO     PAM orientation: 5prime
2020-09-14 17:11:47,688: INFO     Genome strand(s) searched: both
2020-09-14 17:11:47,688: INFO     Total PAM sites considered: 8099730
2020-09-14 17:11:47,688: INFO     Guide RNA candidates found: 7046
	Command being timed: "guidemaker -i ../../all_test_data/Arabidopsis_thaliana.gbk --pamseq NGG --outdir TEST --pam_orientation 5prime --guidelength 20 --strand both --lcp 10 --dist 3 --before 100 --into 100 --knum 10 --controls 10 --log GuideMaker_58626170_5.log --threads 8"
	User time (seconds): 1931.93
	System time (seconds): 110.81
	Percent of CPU this job got: 270%
	Elapsed (wall clock) time (h:mm:ss or m:ss): 12:34.99
	Average shared text size (kbytes): 0
	Average unshared data size (kbytes): 0
	Average stack size (kbytes): 0
	Average total size (kbytes): 0
	Maximum resident set size (kbytes): 16226992
	Average resident set size (kbytes): 0
	Major (requiring I/O) page faults: 0
	Minor (reclaiming a frame) page faults: 56710560
	Voluntary context switches: 2595669
	Involuntary context switches: 440914
	Swaps: 0
	File system inputs: 0
	File system outputs: 358384
	Socket messages sent: 0
	Socket messages received: 0
	Signals delivered: 0
	Page size (bytes): 4096
	Exit status: 0
My SLURM_ARRAY_TASK_ID:  5
My TMPDIR IS:  /tmp
Input Genome:>>>>>>>>>>>>>>>>>>>>>>>>>>>>>>>>>>>>>>>>>>>  Arabidopsis_thaliana.gbk
Threads used:>>>>>>>>>>>>>>>>>>>>>>>>>>>>>>>>>>>>>>>>>>>  16
GuideMaker
2020-09-14 17:12:10,768: INFO     Temp directory is: /tmp/guidemaker_7id4rrix
2020-09-14 17:12:10,768: INFO     Writing fasta file from genbank file(s)
2020-09-14 17:12:10,768: INFO     check if ../../all_test_data/Arabidopsis_thaliana.gbk is gzipped
2020-09-14 17:12:35,778: INFO     Identifying PAM sites in the genome
2020-09-14 17:19:36,554: INFO     Identifing guides that are unique near the PAM site
2020-09-14 17:19:47,792: INFO     Indexing all potential guide sites: 8099730. This is the longest step.
2020-09-14 17:20:25,917: INFO     M                   = 16
2020-09-14 17:20:25,918: INFO     indexThreadQty      = 16
2020-09-14 17:20:25,918: INFO     efConstruction      = 10
2020-09-14 17:20:25,918: INFO     maxM			          = 16
2020-09-14 17:20:25,918: INFO     maxM0			          = 32
2020-09-14 17:20:25,918: INFO     mult                = 0.360674
2020-09-14 17:20:25,918: INFO     skip_optimized_index= 0
2020-09-14 17:20:25,918: INFO     delaunay_type       = 2
2020-09-14 17:20:25,918: INFO     Set HNSW query-time parameters:
2020-09-14 17:20:25,918: INFO     ef(Search)         =20
2020-09-14 17:20:25,918: INFO     algoType           =2

0%   10   20   30   40   50   60   70   80   90   100%
|----|----|----|----|----|----|----|----|----|----|
***************************************************

0%   10   20   30   40   50   60   70   80   90   100%
|----|----|----|----|----|----|----|----|----|----|
****************************************************2020-09-14 17:22:14,123: INFO     No appropriate custom distance function for Hamming (bit-storage) space
2020-09-14 17:22:14,124: INFO     searchMethod			  = 0
2020-09-14 17:22:14,880: INFO     Identifying guides that have a hamming distance <= 3 to all other potential guides
2020-09-14 17:22:15,298: INFO     Set HNSW query-time parameters:
2020-09-14 17:22:15,298: INFO     ef(Search)         =9
2020-09-14 17:22:15,298: INFO     algoType           =2
2020-09-14 17:22:22,625: INFO     Formatting data for BedTools
2020-09-14 17:22:23,030: INFO     Create GuideMaker Annotation object
2020-09-14 17:22:23,030: INFO     Identify genomic features
2020-09-14 17:22:23,031: INFO     check if ../../all_test_data/Arabidopsis_thaliana.gbk is gzipped
2020-09-14 17:22:51,883: INFO     Total number of CDS/locus in the input genome: 48262
2020-09-14 17:22:51,883: INFO     Find genomic features closest the guides
2020-09-14 17:22:56,512: INFO     Select guides that start between +100 and -100 of a feature start
2020-09-14 17:22:56,640: INFO     Select description columns
2020-09-14 17:22:57,171: INFO     Format the output
2020-09-14 17:22:57,531: INFO     creating random control guides
2020-09-14 17:22:58,920: INFO     Number of random control searched: 100
2020-09-14 17:22:58,920: INFO     Percentage of GC content in the input genome: 36.00
2020-09-14 17:22:58,920: INFO     Total length of the genome: 114.1 MB
2020-09-14 17:22:58,921: INFO     created 10 control guides with a minimum distance of 7 and a median distance of 7
2020-09-14 17:22:58,923: INFO     guidemaker completed, results are at TEST
2020-09-14 17:22:58,923: INFO     PAM sequence: NGG
2020-09-14 17:22:58,924: INFO     PAM orientation: 5prime
2020-09-14 17:22:58,924: INFO     Genome strand(s) searched: both
2020-09-14 17:22:58,924: INFO     Total PAM sites considered: 8099730
2020-09-14 17:22:58,924: INFO     Guide RNA candidates found: 7035
	Command being timed: "guidemaker -i ../../all_test_data/Arabidopsis_thaliana.gbk --pamseq NGG --outdir TEST --pam_orientation 5prime --guidelength 20 --strand both --lcp 10 --dist 3 --before 100 --into 100 --knum 10 --controls 10 --log GuideMaker_58626170_5.log --threads 16"
	User time (seconds): 2028.19
	System time (seconds): 119.35
	Percent of CPU this job got: 319%
	Elapsed (wall clock) time (h:mm:ss or m:ss): 11:12.33
	Average shared text size (kbytes): 0
	Average unshared data size (kbytes): 0
	Average stack size (kbytes): 0
	Average total size (kbytes): 0
	Maximum resident set size (kbytes): 16336324
	Average resident set size (kbytes): 0
	Major (requiring I/O) page faults: 0
	Minor (reclaiming a frame) page faults: 40291884
	Voluntary context switches: 5132818
	Involuntary context switches: 2377
	Swaps: 0
	File system inputs: 0
	File system outputs: 358216
	Socket messages sent: 0
	Socket messages received: 0
	Signals delivered: 0
	Page size (bytes): 4096
	Exit status: 0
My SLURM_ARRAY_TASK_ID:  5
My TMPDIR IS:  /tmp
Input Genome:>>>>>>>>>>>>>>>>>>>>>>>>>>>>>>>>>>>>>>>>>>>  Arabidopsis_thaliana.gbk
Threads used:>>>>>>>>>>>>>>>>>>>>>>>>>>>>>>>>>>>>>>>>>>>  32
GuideMaker
2020-09-14 17:23:23,101: INFO     Temp directory is: /tmp/guidemaker_ipuz3bjz
2020-09-14 17:23:23,102: INFO     Writing fasta file from genbank file(s)
2020-09-14 17:23:23,102: INFO     check if ../../all_test_data/Arabidopsis_thaliana.gbk is gzipped
2020-09-14 17:23:48,358: INFO     Identifying PAM sites in the genome
2020-09-14 17:30:51,655: INFO     Identifing guides that are unique near the PAM site
2020-09-14 17:31:02,771: INFO     Indexing all potential guide sites: 8099730. This is the longest step.
2020-09-14 17:31:40,998: INFO     M                   = 16
2020-09-14 17:31:40,999: INFO     indexThreadQty      = 32
2020-09-14 17:31:40,999: INFO     efConstruction      = 10
2020-09-14 17:31:40,999: INFO     maxM			          = 16
2020-09-14 17:31:40,999: INFO     maxM0			          = 32
2020-09-14 17:31:40,999: INFO     mult                = 0.360674
2020-09-14 17:31:40,999: INFO     skip_optimized_index= 0
2020-09-14 17:31:40,999: INFO     delaunay_type       = 2
2020-09-14 17:31:40,999: INFO     Set HNSW query-time parameters:
2020-09-14 17:31:40,999: INFO     ef(Search)         =20
2020-09-14 17:31:40,999: INFO     algoType           =2

0%   10   20   30   40   50   60   70   80   90   100%
|----|----|----|----|----|----|----|----|----|----|
***************************************************

0%   10   20   30   40   50   60   70   80   90   100%
|----|----|----|----|----|----|----|----|----|----|
****************************************************2020-09-14 17:32:53,599: INFO     No appropriate custom distance function for Hamming (bit-storage) space
2020-09-14 17:32:53,599: INFO     searchMethod			  = 0
2020-09-14 17:32:54,246: INFO     Identifying guides that have a hamming distance <= 3 to all other potential guides
2020-09-14 17:32:54,584: INFO     Set HNSW query-time parameters:
2020-09-14 17:32:54,584: INFO     ef(Search)         =9
2020-09-14 17:32:54,584: INFO     algoType           =2
2020-09-14 17:33:01,168: INFO     Formatting data for BedTools
2020-09-14 17:33:01,573: INFO     Create GuideMaker Annotation object
2020-09-14 17:33:01,573: INFO     Identify genomic features
2020-09-14 17:33:01,574: INFO     check if ../../all_test_data/Arabidopsis_thaliana.gbk is gzipped
2020-09-14 17:33:29,849: INFO     Total number of CDS/locus in the input genome: 48262
2020-09-14 17:33:29,849: INFO     Find genomic features closest the guides
2020-09-14 17:33:34,266: INFO     Select guides that start between +100 and -100 of a feature start
2020-09-14 17:33:34,396: INFO     Select description columns
2020-09-14 17:33:34,867: INFO     Format the output
2020-09-14 17:33:35,190: INFO     creating random control guides
2020-09-14 17:33:36,574: INFO     Number of random control searched: 100
2020-09-14 17:33:36,574: INFO     Percentage of GC content in the input genome: 36.00
2020-09-14 17:33:36,574: INFO     Total length of the genome: 114.1 MB
2020-09-14 17:33:36,575: INFO     created 10 control guides with a minimum distance of 7 and a median distance of 7
2020-09-14 17:33:36,577: INFO     guidemaker completed, results are at TEST
2020-09-14 17:33:36,577: INFO     PAM sequence: NGG
2020-09-14 17:33:36,577: INFO     PAM orientation: 5prime
2020-09-14 17:33:36,578: INFO     Genome strand(s) searched: both
2020-09-14 17:33:36,578: INFO     Total PAM sites considered: 8099730
2020-09-14 17:33:36,578: INFO     Guide RNA candidates found: 7021
	Command being timed: "guidemaker -i ../../all_test_data/Arabidopsis_thaliana.gbk --pamseq NGG --outdir TEST --pam_orientation 5prime --guidelength 20 --strand both --lcp 10 --dist 3 --before 100 --into 100 --knum 10 --controls 10 --log GuideMaker_58626170_5.log --threads 32"
	User time (seconds): 2227.30
	System time (seconds): 185.90
	Percent of CPU this job got: 379%
	Elapsed (wall clock) time (h:mm:ss or m:ss): 10:36.16
	Average shared text size (kbytes): 0
	Average unshared data size (kbytes): 0
	Average stack size (kbytes): 0
	Average total size (kbytes): 0
	Maximum resident set size (kbytes): 16469776
	Average resident set size (kbytes): 0
	Major (requiring I/O) page faults: 0
	Minor (reclaiming a frame) page faults: 32969563
	Voluntary context switches: 11110118
	Involuntary context switches: 290983
	Swaps: 0
	File system inputs: 0
	File system outputs: 357944
	Socket messages sent: 0
	Socket messages received: 0
	Signals delivered: 0
	Page size (bytes): 4096
	Exit status: 0
