Thu Feb  4 16:04:58 EST 2021
c22b-s21.ufhpc
/blue/garrett/rp3448/analysis/guidemaker/AVXGuidemaker
My SLURM_ARRAY_TASK_ID:  3
My TMPDIR IS:  /scratch/local/63824590
Input Genome:>>>>>>>>>>>>>>>>>>>>>>>>>>>>>>>>>>>>>>>>>>>  Aspergillus_fumigatus.gbk
Input PAM:>>>>>>>>>>>>>>>>>>>>>>>>>>>>>>>>>>>>>>>>>>>  NGG
Threads used:>>>>>>>>>>>>>>>>>>>>>>>>>>>>>>>>>>>>>>>>>>>  1
GuideMaker
2021-02-04 16:05:02,985: INFO     Temp directory is: /scratch/local/63824590/guidemaker_pkqkjer0
2021-02-04 16:05:02,985: INFO     Writing fasta file from genbank file(s)
2021-02-04 16:05:02,986: INFO     check if ../all_test_data/Aspergillus_fumigatus.gbk is gzipped
2021-02-04 16:05:06,188: INFO     Identifying PAM sites in the genome
2021-02-04 16:06:39,254: INFO     Checking guides for restriction enzymes
2021-02-04 16:06:40,231: INFO     Number of guides removed after checking for restriction enzymes: 0
2021-02-04 16:06:40,231: INFO     Identifing guides that are unique near the PAM site
2021-02-04 16:06:48,477: INFO     Number of guides removed after checking for unique PAM: 2195823
2021-02-04 16:06:48,477: INFO     Indexing all potential guide sites: 3499847. This is the longest step.
2021-02-04 16:07:05,379: INFO     M                   = 16
2021-02-04 16:07:05,379: INFO     indexThreadQty      = 1
2021-02-04 16:07:05,380: INFO     efConstruction      = 10
2021-02-04 16:07:05,380: INFO     maxM			          = 16
2021-02-04 16:07:05,380: INFO     maxM0			          = 32
2021-02-04 16:07:05,380: INFO     mult                = 0.360674
2021-02-04 16:07:05,380: INFO     skip_optimized_index= 0
2021-02-04 16:07:05,380: INFO     delaunay_type       = 2
2021-02-04 16:07:05,380: INFO     Set HNSW query-time parameters:
2021-02-04 16:07:05,380: INFO     ef(Search)         =20
2021-02-04 16:07:05,380: INFO     algoType           =2

0%   10   20   30   40   50   60   70   80   90   100%
|----|----|----|----|----|----|----|----|----|----|
***************************************************

0%   10   20   30   40   50   60   70   80   90   100%
|----|----|----|----|----|----|----|----|----|----|
***************************************************
*2021-02-04 16:12:57,392: INFO     No appropriate custom distance function for Hamming (bit-storage) space
2021-02-04 16:12:57,850: INFO     searchMethod			  = 0
2021-02-04 16:12:58,125: INFO     Identifying guides that have a hamming distance <= 3 to all other potential guides
2021-02-04 16:13:00,305: INFO     Set HNSW query-time parameters:
2021-02-04 16:13:00,305: INFO     ef(Search)         =9
2021-02-04 16:13:00,305: INFO     algoType           =2
2021-02-04 16:15:20,304: INFO     Formatting data for BedTools
2021-02-04 16:15:23,490: INFO     Create GuideMaker Annotation object
2021-02-04 16:15:23,490: INFO     Identify genomic features
2021-02-04 16:15:23,490: INFO     check if ../all_test_data/Aspergillus_fumigatus.gbk is gzipped
2021-02-04 16:15:26,491: INFO     Total number of CDS/locus in the input genome: 9630
2021-02-04 16:15:26,492: INFO     Find genomic features closest the guides
2021-02-04 16:15:45,204: INFO     Select guides that start between +500 and -500 of a feature start
2021-02-04 16:15:46,369: INFO     Select description columns
2021-02-04 16:15:46,472: INFO     Format the output
2021-02-04 16:15:51,576: INFO     Number of Guides within a gene coordinates i.e. zero Feature distance: 231792
2021-02-04 16:15:55,982: INFO     creating random control guides
2021-02-04 16:15:56,395: INFO     Number of random control searched: 100
2021-02-04 16:15:56,396: INFO     Percentage of GC content in the input genome: 48.82
2021-02-04 16:15:56,396: INFO     Total length of the genome: 28.0 MB
2021-02-04 16:15:56,396: INFO     created 10 control guides with a minimum distance of 7 and a median distance of 7
2021-02-04 16:15:56,399: INFO     guidemaker completed, results are at TEST
2021-02-04 16:15:56,399: INFO     PAM sequence: NGG
2021-02-04 16:15:56,399: INFO     PAM orientation: 3prime
2021-02-04 16:15:56,399: INFO     Genome strand(s) searched: both
2021-02-04 16:15:56,399: INFO     Total PAM sites considered: 3499847
2021-02-04 16:15:56,399: INFO     Guide RNA candidates found: 435697
	Command being timed: "guidemaker -i ../all_test_data/Aspergillus_fumigatus.gbk --pamseq NGG --outdir TEST --pam_orientation 3prime --guidelength 20 --strand both --lcp 11 --dist 3 --before 500 --into 500 --knum 10 --controls 10 --log GM_63824590_3.log --threads 1"
	User time (seconds): 648.70
	System time (seconds): 14.14
	Percent of CPU this job got: 100%
	Elapsed (wall clock) time (h:mm:ss or m:ss): 11:02.00
	Average shared text size (kbytes): 0
	Average unshared data size (kbytes): 0
	Average stack size (kbytes): 0
	Average total size (kbytes): 0
	Maximum resident set size (kbytes): 8276012
	Average resident set size (kbytes): 0
	Major (requiring I/O) page faults: 0
	Minor (reclaiming a frame) page faults: 13213930
	Voluntary context switches: 3195
	Involuntary context switches: 145258
	Swaps: 0
	File system inputs: 108456
	File system outputs: 1338424
	Socket messages sent: 0
	Socket messages received: 0
	Signals delivered: 0
	Page size (bytes): 4096
	Exit status: 0
My SLURM_ARRAY_TASK_ID:  3
My TMPDIR IS:  /scratch/local/63824590
Input Genome:>>>>>>>>>>>>>>>>>>>>>>>>>>>>>>>>>>>>>>>>>>>  Aspergillus_fumigatus.gbk
Input PAM:>>>>>>>>>>>>>>>>>>>>>>>>>>>>>>>>>>>>>>>>>>>  NGG
Threads used:>>>>>>>>>>>>>>>>>>>>>>>>>>>>>>>>>>>>>>>>>>>  2
GuideMaker
2021-02-04 16:16:05,001: INFO     Temp directory is: /scratch/local/63824590/guidemaker_npmr9o1n
2021-02-04 16:16:05,001: INFO     Writing fasta file from genbank file(s)
2021-02-04 16:16:05,002: INFO     check if ../all_test_data/Aspergillus_fumigatus.gbk is gzipped
2021-02-04 16:16:08,156: INFO     Identifying PAM sites in the genome
2021-02-04 16:17:36,882: INFO     Checking guides for restriction enzymes
2021-02-04 16:17:37,877: INFO     Number of guides removed after checking for restriction enzymes: 0
2021-02-04 16:17:37,877: INFO     Identifing guides that are unique near the PAM site
2021-02-04 16:17:46,059: INFO     Number of guides removed after checking for unique PAM: 2195823
2021-02-04 16:17:46,060: INFO     Indexing all potential guide sites: 3499847. This is the longest step.
2021-02-04 16:18:03,686: INFO     M                   = 16
2021-02-04 16:18:03,686: INFO     indexThreadQty      = 2
2021-02-04 16:18:03,687: INFO     efConstruction      = 10
2021-02-04 16:18:03,687: INFO     maxM			          = 16
2021-02-04 16:18:03,687: INFO     maxM0			          = 32
2021-02-04 16:18:03,687: INFO     mult                = 0.360674
2021-02-04 16:18:03,687: INFO     skip_optimized_index= 0
2021-02-04 16:18:03,687: INFO     delaunay_type       = 2
2021-02-04 16:18:03,687: INFO     Set HNSW query-time parameters:
2021-02-04 16:18:03,687: INFO     ef(Search)         =20
2021-02-04 16:18:03,687: INFO     algoType           =2

0%   10   20   30   40   50   60   70   80   90   100%
|----|----|----|----|----|----|----|----|----|----|
***************************************************

0%   10   20   30   40   50   60   70   80   90   100%
|----|----|----|----|----|----|----|----|----|----|
****************************************************2021-02-04 16:21:58,989: INFO     No appropriate custom distance function for Hamming (bit-storage) space
2021-02-04 16:21:58,989: INFO     searchMethod			  = 0
2021-02-04 16:21:59,270: INFO     Identifying guides that have a hamming distance <= 3 to all other potential guides
2021-02-04 16:22:01,647: INFO     Set HNSW query-time parameters:
2021-02-04 16:22:01,648: INFO     ef(Search)         =9
2021-02-04 16:22:01,648: INFO     algoType           =2
2021-02-04 16:23:56,147: INFO     Formatting data for BedTools
2021-02-04 16:23:59,209: INFO     Create GuideMaker Annotation object
2021-02-04 16:23:59,209: INFO     Identify genomic features
2021-02-04 16:23:59,209: INFO     check if ../all_test_data/Aspergillus_fumigatus.gbk is gzipped
2021-02-04 16:24:02,218: INFO     Total number of CDS/locus in the input genome: 9630
2021-02-04 16:24:02,219: INFO     Find genomic features closest the guides
2021-02-04 16:24:23,001: INFO     Select guides that start between +500 and -500 of a feature start
2021-02-04 16:24:24,165: INFO     Select description columns
2021-02-04 16:24:24,268: INFO     Format the output
2021-02-04 16:24:29,799: INFO     Number of Guides within a gene coordinates i.e. zero Feature distance: 231801
2021-02-04 16:24:34,120: INFO     creating random control guides
2021-02-04 16:24:34,989: INFO     Number of random control searched: 100
2021-02-04 16:24:34,989: INFO     Percentage of GC content in the input genome: 48.82
2021-02-04 16:24:34,990: INFO     Total length of the genome: 28.0 MB
2021-02-04 16:24:34,990: INFO     created 10 control guides with a minimum distance of 7 and a median distance of 7
2021-02-04 16:24:34,992: INFO     guidemaker completed, results are at TEST
2021-02-04 16:24:34,993: INFO     PAM sequence: NGG
2021-02-04 16:24:34,993: INFO     PAM orientation: 3prime
2021-02-04 16:24:34,993: INFO     Genome strand(s) searched: both
2021-02-04 16:24:34,993: INFO     Total PAM sites considered: 3499847
2021-02-04 16:24:34,993: INFO     Guide RNA candidates found: 435715
	Command being timed: "guidemaker -i ../all_test_data/Aspergillus_fumigatus.gbk --pamseq NGG --outdir TEST --pam_orientation 3prime --guidelength 20 --strand both --lcp 11 --dist 3 --before 500 --into 500 --knum 10 --controls 10 --log GM_63824590_3.log --threads 2"
	User time (seconds): 734.77
	System time (seconds): 64.89
	Percent of CPU this job got: 153%
	Elapsed (wall clock) time (h:mm:ss or m:ss): 8:39.38
	Average shared text size (kbytes): 0
	Average unshared data size (kbytes): 0
	Average stack size (kbytes): 0
	Average total size (kbytes): 0
	Maximum resident set size (kbytes): 9135116
	Average resident set size (kbytes): 0
	Major (requiring I/O) page faults: 0
	Minor (reclaiming a frame) page faults: 38036457
	Voluntary context switches: 339204
	Involuntary context switches: 726360
	Swaps: 0
	File system inputs: 24
	File system outputs: 1338376
	Socket messages sent: 0
	Socket messages received: 0
	Signals delivered: 0
	Page size (bytes): 4096
	Exit status: 0
My SLURM_ARRAY_TASK_ID:  3
My TMPDIR IS:  /scratch/local/63824590
Input Genome:>>>>>>>>>>>>>>>>>>>>>>>>>>>>>>>>>>>>>>>>>>>  Aspergillus_fumigatus.gbk
Input PAM:>>>>>>>>>>>>>>>>>>>>>>>>>>>>>>>>>>>>>>>>>>>  NGG
Threads used:>>>>>>>>>>>>>>>>>>>>>>>>>>>>>>>>>>>>>>>>>>>  4
GuideMaker
2021-02-04 16:24:44,408: INFO     Temp directory is: /scratch/local/63824590/guidemaker_qywf6k5e
2021-02-04 16:24:44,408: INFO     Writing fasta file from genbank file(s)
2021-02-04 16:24:44,409: INFO     check if ../all_test_data/Aspergillus_fumigatus.gbk is gzipped
2021-02-04 16:24:47,555: INFO     Identifying PAM sites in the genome
2021-02-04 16:26:14,869: INFO     Checking guides for restriction enzymes
2021-02-04 16:26:15,846: INFO     Number of guides removed after checking for restriction enzymes: 0
2021-02-04 16:26:15,847: INFO     Identifing guides that are unique near the PAM site
2021-02-04 16:26:24,108: INFO     Number of guides removed after checking for unique PAM: 2195823
2021-02-04 16:26:24,108: INFO     Indexing all potential guide sites: 3499847. This is the longest step.
2021-02-04 16:26:40,840: INFO     M                   = 16
2021-02-04 16:26:40,841: INFO     indexThreadQty      = 4
2021-02-04 16:26:40,841: INFO     efConstruction      = 10
2021-02-04 16:26:40,841: INFO     maxM			          = 16
2021-02-04 16:26:40,841: INFO     maxM0			          = 32
2021-02-04 16:26:40,841: INFO     mult                = 0.360674
2021-02-04 16:26:40,841: INFO     skip_optimized_index= 0
2021-02-04 16:26:40,841: INFO     delaunay_type       = 2
2021-02-04 16:26:40,841: INFO     Set HNSW query-time parameters:
2021-02-04 16:26:40,841: INFO     ef(Search)         =20
2021-02-04 16:26:40,841: INFO     algoType           =2

0%   10   20   30   40   50   60   70   80   90   100%
|----|----|----|----|----|----|----|----|----|----|
***************************************************

0%   10   20   30   40   50   60   70   80   90   100%
|----|----|----|----|----|----|----|----|----|----|
****************************************************2021-02-04 16:28:40,637: INFO     No appropriate custom distance function for Hamming (bit-storage) space
2021-02-04 16:28:40,637: INFO     searchMethod			  = 0
2021-02-04 16:28:40,941: INFO     Identifying guides that have a hamming distance <= 3 to all other potential guides
2021-02-04 16:28:43,123: INFO     Set HNSW query-time parameters:
2021-02-04 16:28:43,123: INFO     ef(Search)         =9
2021-02-04 16:28:43,123: INFO     algoType           =2
2021-02-04 16:30:09,236: INFO     Formatting data for BedTools
2021-02-04 16:30:12,199: INFO     Create GuideMaker Annotation object
2021-02-04 16:30:12,200: INFO     Identify genomic features
2021-02-04 16:30:12,200: INFO     check if ../all_test_data/Aspergillus_fumigatus.gbk is gzipped
2021-02-04 16:30:15,147: INFO     Total number of CDS/locus in the input genome: 9630
2021-02-04 16:30:15,147: INFO     Find genomic features closest the guides
2021-02-04 16:30:35,247: INFO     Select guides that start between +500 and -500 of a feature start
2021-02-04 16:30:36,519: INFO     Select description columns
2021-02-04 16:30:36,626: INFO     Format the output
2021-02-04 16:30:42,021: INFO     Number of Guides within a gene coordinates i.e. zero Feature distance: 231776
2021-02-04 16:30:46,357: INFO     creating random control guides
2021-02-04 16:30:47,064: INFO     Number of random control searched: 100
2021-02-04 16:30:47,064: INFO     Percentage of GC content in the input genome: 48.82
2021-02-04 16:30:47,064: INFO     Total length of the genome: 28.0 MB
2021-02-04 16:30:47,064: INFO     created 10 control guides with a minimum distance of 7 and a median distance of 7
2021-02-04 16:30:47,067: INFO     guidemaker completed, results are at TEST
2021-02-04 16:30:47,067: INFO     PAM sequence: NGG
2021-02-04 16:30:47,067: INFO     PAM orientation: 3prime
2021-02-04 16:30:47,068: INFO     Genome strand(s) searched: both
2021-02-04 16:30:47,068: INFO     Total PAM sites considered: 3499847
2021-02-04 16:30:47,068: INFO     Guide RNA candidates found: 435646
	Command being timed: "guidemaker -i ../all_test_data/Aspergillus_fumigatus.gbk --pamseq NGG --outdir TEST --pam_orientation 3prime --guidelength 20 --strand both --lcp 11 --dist 3 --before 500 --into 500 --knum 10 --controls 10 --log GM_63824590_3.log --threads 4"
	User time (seconds): 744.85
	System time (seconds): 49.05
	Percent of CPU this job got: 213%
	Elapsed (wall clock) time (h:mm:ss or m:ss): 6:12.17
	Average shared text size (kbytes): 0
	Average unshared data size (kbytes): 0
	Average stack size (kbytes): 0
	Average total size (kbytes): 0
	Maximum resident set size (kbytes): 9100796
	Average resident set size (kbytes): 0
	Major (requiring I/O) page faults: 0
	Minor (reclaiming a frame) page faults: 26270936
	Voluntary context switches: 643738
	Involuntary context switches: 146096
	Swaps: 0
	File system inputs: 32
	File system outputs: 1338088
	Socket messages sent: 0
	Socket messages received: 0
	Signals delivered: 0
	Page size (bytes): 4096
	Exit status: 0
My SLURM_ARRAY_TASK_ID:  3
My TMPDIR IS:  /scratch/local/63824590
Input Genome:>>>>>>>>>>>>>>>>>>>>>>>>>>>>>>>>>>>>>>>>>>>  Aspergillus_fumigatus.gbk
Input PAM:>>>>>>>>>>>>>>>>>>>>>>>>>>>>>>>>>>>>>>>>>>>  NGG
Threads used:>>>>>>>>>>>>>>>>>>>>>>>>>>>>>>>>>>>>>>>>>>>  8
GuideMaker
2021-02-04 16:30:56,531: INFO     Temp directory is: /scratch/local/63824590/guidemaker_log9ycye
2021-02-04 16:30:56,532: INFO     Writing fasta file from genbank file(s)
2021-02-04 16:30:56,532: INFO     check if ../all_test_data/Aspergillus_fumigatus.gbk is gzipped
2021-02-04 16:30:59,735: INFO     Identifying PAM sites in the genome
2021-02-04 16:32:32,791: INFO     Checking guides for restriction enzymes
2021-02-04 16:32:33,784: INFO     Number of guides removed after checking for restriction enzymes: 0
2021-02-04 16:32:33,784: INFO     Identifing guides that are unique near the PAM site
2021-02-04 16:32:42,220: INFO     Number of guides removed after checking for unique PAM: 2195823
2021-02-04 16:32:42,220: INFO     Indexing all potential guide sites: 3499847. This is the longest step.
2021-02-04 16:32:58,646: INFO     M                   = 16
2021-02-04 16:32:58,647: INFO     indexThreadQty      = 8
2021-02-04 16:32:58,647: INFO     efConstruction      = 10
2021-02-04 16:32:58,647: INFO     maxM			          = 16
2021-02-04 16:32:58,647: INFO     maxM0			          = 32
2021-02-04 16:32:58,647: INFO     mult                = 0.360674
2021-02-04 16:32:58,647: INFO     skip_optimized_index= 0
2021-02-04 16:32:58,647: INFO     delaunay_type       = 2
2021-02-04 16:32:58,647: INFO     Set HNSW query-time parameters:
2021-02-04 16:32:58,647: INFO     ef(Search)         =20
2021-02-04 16:32:58,647: INFO     algoType           =2

0%   10   20   30   40   50   60   70   80   90   100%
|----|----|----|----|----|----|----|----|----|----|
***************************************************

0%   10   20   30   40   50   60   70   80   90   100%
|----|----|----|----|----|----|----|----|----|----|
****************************************************

2021-02-04 16:34:06,147: INFO     No appropriate custom distance function for Hamming (bit-storage) space
2021-02-04 16:34:06,147: INFO     searchMethod			  = 0
2021-02-04 16:34:06,426: INFO     Identifying guides that have a hamming distance <= 3 to all other potential guides
2021-02-04 16:34:08,473: INFO     Set HNSW query-time parameters:
2021-02-04 16:34:08,473: INFO     ef(Search)         =9
2021-02-04 16:34:08,473: INFO     algoType           =2
2021-02-04 16:35:26,733: INFO     Formatting data for BedTools
2021-02-04 16:35:29,660: INFO     Create GuideMaker Annotation object
2021-02-04 16:35:29,661: INFO     Identify genomic features
2021-02-04 16:35:29,661: INFO     check if ../all_test_data/Aspergillus_fumigatus.gbk is gzipped
2021-02-04 16:35:32,884: INFO     Total number of CDS/locus in the input genome: 9630
2021-02-04 16:35:32,885: INFO     Find genomic features closest the guides
2021-02-04 16:35:52,530: INFO     Select guides that start between +500 and -500 of a feature start
2021-02-04 16:35:53,691: INFO     Select description columns
2021-02-04 16:35:53,795: INFO     Format the output
2021-02-04 16:35:59,216: INFO     Number of Guides within a gene coordinates i.e. zero Feature distance: 231799
2021-02-04 16:36:03,526: INFO     creating random control guides
2021-02-04 16:36:04,128: INFO     Number of random control searched: 100
2021-02-04 16:36:04,128: INFO     Percentage of GC content in the input genome: 48.82
2021-02-04 16:36:04,128: INFO     Total length of the genome: 28.0 MB
2021-02-04 16:36:04,128: INFO     created 10 control guides with a minimum distance of 7 and a median distance of 7
2021-02-04 16:36:04,131: INFO     guidemaker completed, results are at TEST
2021-02-04 16:36:04,131: INFO     PAM sequence: NGG
2021-02-04 16:36:04,131: INFO     PAM orientation: 3prime
2021-02-04 16:36:04,131: INFO     Genome strand(s) searched: both
2021-02-04 16:36:04,131: INFO     Total PAM sites considered: 3499847
2021-02-04 16:36:04,131: INFO     Guide RNA candidates found: 435707
	Command being timed: "guidemaker -i ../all_test_data/Aspergillus_fumigatus.gbk --pamseq NGG --outdir TEST --pam_orientation 3prime --guidelength 20 --strand both --lcp 11 --dist 3 --before 500 --into 500 --knum 10 --controls 10 --log GM_63824590_3.log --threads 8"
	User time (seconds): 803.10
	System time (seconds): 49.70
	Percent of CPU this job got: 269%
	Elapsed (wall clock) time (h:mm:ss or m:ss): 5:16.97
	Average shared text size (kbytes): 0
	Average unshared data size (kbytes): 0
	Average stack size (kbytes): 0
	Average total size (kbytes): 0
	Maximum resident set size (kbytes): 9117884
	Average resident set size (kbytes): 0
	Major (requiring I/O) page faults: 0
	Minor (reclaiming a frame) page faults: 23407511
	Voluntary context switches: 1156791
	Involuntary context switches: 148983
	Swaps: 0
	File system inputs: 24
	File system outputs: 1338296
	Socket messages sent: 0
	Socket messages received: 0
	Signals delivered: 0
	Page size (bytes): 4096
	Exit status: 0
My SLURM_ARRAY_TASK_ID:  3
My TMPDIR IS:  /scratch/local/63824590
Input Genome:>>>>>>>>>>>>>>>>>>>>>>>>>>>>>>>>>>>>>>>>>>>  Aspergillus_fumigatus.gbk
Input PAM:>>>>>>>>>>>>>>>>>>>>>>>>>>>>>>>>>>>>>>>>>>>  NGG
Threads used:>>>>>>>>>>>>>>>>>>>>>>>>>>>>>>>>>>>>>>>>>>>  16
GuideMaker
2021-02-04 16:36:13,582: INFO     Temp directory is: /scratch/local/63824590/guidemaker_mx92_qor
2021-02-04 16:36:13,582: INFO     Writing fasta file from genbank file(s)
2021-02-04 16:36:13,582: INFO     check if ../all_test_data/Aspergillus_fumigatus.gbk is gzipped
2021-02-04 16:36:16,709: INFO     Identifying PAM sites in the genome
2021-02-04 16:37:44,174: INFO     Checking guides for restriction enzymes
2021-02-04 16:37:45,154: INFO     Number of guides removed after checking for restriction enzymes: 0
2021-02-04 16:37:45,154: INFO     Identifing guides that are unique near the PAM site
2021-02-04 16:37:53,449: INFO     Number of guides removed after checking for unique PAM: 2195823
2021-02-04 16:37:53,450: INFO     Indexing all potential guide sites: 3499847. This is the longest step.
2021-02-04 16:38:09,990: INFO     M                   = 16
2021-02-04 16:38:09,990: INFO     indexThreadQty      = 16
2021-02-04 16:38:09,990: INFO     efConstruction      = 10
2021-02-04 16:38:09,990: INFO     maxM			          = 16
2021-02-04 16:38:09,990: INFO     maxM0			          = 32
2021-02-04 16:38:09,991: INFO     mult                = 0.360674
2021-02-04 16:38:09,991: INFO     skip_optimized_index= 0
2021-02-04 16:38:09,991: INFO     delaunay_type       = 2
2021-02-04 16:38:09,991: INFO     Set HNSW query-time parameters:
2021-02-04 16:38:09,991: INFO     ef(Search)         =20
2021-02-04 16:38:09,991: INFO     algoType           =2

0%   10   20   30   40   50   60   70   80   90   100%
|----|----|----|----|----|----|----|----|----|----|
***************************************************

0%   10   20   30   40   50   60   70   80   90   100%
|----|----|----|----|----|----|----|----|----|----|
****************************************************2021-02-04 16:38:48,219: INFO     No appropriate custom distance function for Hamming (bit-storage) space
2021-02-04 16:38:48,220: INFO     searchMethod			  = 0
2021-02-04 16:38:48,512: INFO     Identifying guides that have a hamming distance <= 3 to all other potential guides
2021-02-04 16:38:50,654: INFO     Set HNSW query-time parameters:
2021-02-04 16:38:50,654: INFO     ef(Search)         =9
2021-02-04 16:38:50,654: INFO     algoType           =2
2021-02-04 16:40:01,091: INFO     Formatting data for BedTools
2021-02-04 16:40:04,075: INFO     Create GuideMaker Annotation object
2021-02-04 16:40:04,075: INFO     Identify genomic features
2021-02-04 16:40:04,076: INFO     check if ../all_test_data/Aspergillus_fumigatus.gbk is gzipped
2021-02-04 16:40:07,002: INFO     Total number of CDS/locus in the input genome: 9630
2021-02-04 16:40:07,002: INFO     Find genomic features closest the guides
2021-02-04 16:40:27,415: INFO     Select guides that start between +500 and -500 of a feature start
2021-02-04 16:40:28,595: INFO     Select description columns
2021-02-04 16:40:28,699: INFO     Format the output
2021-02-04 16:40:34,035: INFO     Number of Guides within a gene coordinates i.e. zero Feature distance: 231807
2021-02-04 16:40:38,444: INFO     creating random control guides
2021-02-04 16:40:38,968: INFO     Number of random control searched: 100
2021-02-04 16:40:38,969: INFO     Percentage of GC content in the input genome: 48.82
2021-02-04 16:40:38,969: INFO     Total length of the genome: 28.0 MB
2021-02-04 16:40:38,969: INFO     created 10 control guides with a minimum distance of 7 and a median distance of 7
2021-02-04 16:40:38,972: INFO     guidemaker completed, results are at TEST
2021-02-04 16:40:38,972: INFO     PAM sequence: NGG
2021-02-04 16:40:38,972: INFO     PAM orientation: 3prime
2021-02-04 16:40:38,972: INFO     Genome strand(s) searched: both
2021-02-04 16:40:38,972: INFO     Total PAM sites considered: 3499847
2021-02-04 16:40:38,972: INFO     Guide RNA candidates found: 435681
	Command being timed: "guidemaker -i ../all_test_data/Aspergillus_fumigatus.gbk --pamseq NGG --outdir TEST --pam_orientation 3prime --guidelength 20 --strand both --lcp 11 --dist 3 --before 500 --into 500 --knum 10 --controls 10 --log GM_63824590_3.log --threads 16"
	User time (seconds): 843.04
	System time (seconds): 58.41
	Percent of CPU this job got: 327%
	Elapsed (wall clock) time (h:mm:ss or m:ss): 4:35.10
	Average shared text size (kbytes): 0
	Average unshared data size (kbytes): 0
	Average stack size (kbytes): 0
	Average total size (kbytes): 0
	Maximum resident set size (kbytes): 9169376
	Average resident set size (kbytes): 0
	Major (requiring I/O) page faults: 0
	Minor (reclaiming a frame) page faults: 18094094
	Voluntary context switches: 2162312
	Involuntary context switches: 2185
	Swaps: 0
	File system inputs: 40
	File system outputs: 1338224
	Socket messages sent: 0
	Socket messages received: 0
	Signals delivered: 0
	Page size (bytes): 4096
	Exit status: 0
My SLURM_ARRAY_TASK_ID:  3
My TMPDIR IS:  /scratch/local/63824590
Input Genome:>>>>>>>>>>>>>>>>>>>>>>>>>>>>>>>>>>>>>>>>>>>  Aspergillus_fumigatus.gbk
Input PAM:>>>>>>>>>>>>>>>>>>>>>>>>>>>>>>>>>>>>>>>>>>>  NGG
Threads used:>>>>>>>>>>>>>>>>>>>>>>>>>>>>>>>>>>>>>>>>>>>  32
GuideMaker
2021-02-04 16:40:48,675: INFO     Temp directory is: /scratch/local/63824590/guidemaker_ki8huo6i
2021-02-04 16:40:48,675: INFO     Writing fasta file from genbank file(s)
2021-02-04 16:40:48,675: INFO     check if ../all_test_data/Aspergillus_fumigatus.gbk is gzipped
2021-02-04 16:40:51,814: INFO     Identifying PAM sites in the genome
2021-02-04 16:42:19,697: INFO     Checking guides for restriction enzymes
2021-02-04 16:42:20,700: INFO     Number of guides removed after checking for restriction enzymes: 0
2021-02-04 16:42:20,700: INFO     Identifing guides that are unique near the PAM site
2021-02-04 16:42:28,892: INFO     Number of guides removed after checking for unique PAM: 2195823
2021-02-04 16:42:28,892: INFO     Indexing all potential guide sites: 3499847. This is the longest step.
2021-02-04 16:42:45,713: INFO     M                   = 16
2021-02-04 16:42:45,714: INFO     indexThreadQty      = 32
2021-02-04 16:42:45,714: INFO     efConstruction      = 10
2021-02-04 16:42:45,714: INFO     maxM			          = 16
2021-02-04 16:42:45,714: INFO     maxM0			          = 32
2021-02-04 16:42:45,714: INFO     mult                = 0.360674
2021-02-04 16:42:45,714: INFO     skip_optimized_index= 0
2021-02-04 16:42:45,714: INFO     delaunay_type       = 2
2021-02-04 16:42:45,714: INFO     Set HNSW query-time parameters:
2021-02-04 16:42:45,714: INFO     ef(Search)         =20
2021-02-04 16:42:45,714: INFO     algoType           =2

0%   10   20   30   40   50   60   70   80   90   100%
|----|----|----|----|----|----|----|----|----|----|
***************************************************

0%   10   20   30   40   50   60   70   80   90   100%
|----|----|----|----|----|----|----|----|----|----|
*******************************************************2021-02-04 16:43:11,354: INFO     No appropriate custom distance function for Hamming (bit-storage) space
2021-02-04 16:43:11,354: INFO     searchMethod			  = 0
2021-02-04 16:43:11,629: INFO     Identifying guides that have a hamming distance <= 3 to all other potential guides
2021-02-04 16:43:13,791: INFO     Set HNSW query-time parameters:
2021-02-04 16:43:13,792: INFO     ef(Search)         =9
2021-02-04 16:43:13,792: INFO     algoType           =2
2021-02-04 16:44:18,944: INFO     Formatting data for BedTools
2021-02-04 16:44:22,033: INFO     Create GuideMaker Annotation object
2021-02-04 16:44:22,033: INFO     Identify genomic features
2021-02-04 16:44:22,033: INFO     check if ../all_test_data/Aspergillus_fumigatus.gbk is gzipped
2021-02-04 16:44:25,059: INFO     Total number of CDS/locus in the input genome: 9630
2021-02-04 16:44:25,059: INFO     Find genomic features closest the guides
2021-02-04 16:44:44,561: INFO     Select guides that start between +500 and -500 of a feature start
2021-02-04 16:44:45,924: INFO     Select description columns
2021-02-04 16:44:46,029: INFO     Format the output
2021-02-04 16:44:51,310: INFO     Number of Guides within a gene coordinates i.e. zero Feature distance: 231771
2021-02-04 16:44:55,657: INFO     creating random control guides
2021-02-04 16:44:56,379: INFO     Number of random control searched: 100
2021-02-04 16:44:56,379: INFO     Percentage of GC content in the input genome: 48.82
2021-02-04 16:44:56,379: INFO     Total length of the genome: 28.0 MB
2021-02-04 16:44:56,380: INFO     created 10 control guides with a minimum distance of 7 and a median distance of 7
2021-02-04 16:44:56,383: INFO     guidemaker completed, results are at TEST
2021-02-04 16:44:56,383: INFO     PAM sequence: NGG
2021-02-04 16:44:56,383: INFO     PAM orientation: 3prime
2021-02-04 16:44:56,383: INFO     Genome strand(s) searched: both
2021-02-04 16:44:56,383: INFO     Total PAM sites considered: 3499847
2021-02-04 16:44:56,383: INFO     Guide RNA candidates found: 435628
	Command being timed: "guidemaker -i ../all_test_data/Aspergillus_fumigatus.gbk --pamseq NGG --outdir TEST --pam_orientation 3prime --guidelength 20 --strand both --lcp 11 --dist 3 --before 500 --into 500 --knum 10 --controls 10 --log GM_63824590_3.log --threads 32"
	User time (seconds): 926.52
	System time (seconds): 92.95
	Percent of CPU this job got: 396%
	Elapsed (wall clock) time (h:mm:ss or m:ss): 4:17.07
	Average shared text size (kbytes): 0
	Average unshared data size (kbytes): 0
	Average stack size (kbytes): 0
	Average total size (kbytes): 0
	Maximum resident set size (kbytes): 9368932
	Average resident set size (kbytes): 0
	Major (requiring I/O) page faults: 0
	Minor (reclaiming a frame) page faults: 16021968
	Voluntary context switches: 4456210
	Involuntary context switches: 286557
	Swaps: 0
	File system inputs: 32
	File system outputs: 1337816
	Socket messages sent: 0
	Socket messages received: 0
	Signals delivered: 0
	Page size (bytes): 4096
	Exit status: 0
