slurmstepd: error: Unable to create TMPDIR [/scratch/local/58616138]: Permission denied
slurmstepd: error: Setting TMPDIR to /tmp
Mon Sep 14 15:13:29 EDT 2020
c33b-s39.ufhpc
/blue/garrett/rp3448/analysis/guidemaker/AVXGuidemaker/GuideMaker
My SLURM_ARRAY_TASK_ID:  7
My TMPDIR IS:  /tmp
Input Genome:>>>>>>>>>>>>>>>>>>>>>>>>>>>>>>>>>>>>>>>>>>>  Escherichia.coli_str_K-12_substr_MG1655.gbk
Threads used:>>>>>>>>>>>>>>>>>>>>>>>>>>>>>>>>>>>>>>>>>>>  1
GuideMaker
2020-09-14 15:13:33,506: INFO     Temp directory is: /tmp/guidemaker_bkkkj8dg
2020-09-14 15:13:33,507: INFO     Writing fasta file from genbank file(s)
2020-09-14 15:13:33,507: INFO     check if ../../all_test_data/Escherichia.coli_str_K-12_substr_MG1655.gbk is gzipped
2020-09-14 15:13:34,411: INFO     Identifying PAM sites in the genome
2020-09-14 15:14:01,247: INFO     Identifing guides that are unique near the PAM site
2020-09-14 15:14:02,178: INFO     Indexing all potential guide sites: 542073. This is the longest step.
2020-09-14 15:14:04,733: INFO     M                   = 16
2020-09-14 15:14:04,734: INFO     indexThreadQty      = 1
2020-09-14 15:14:04,734: INFO     efConstruction      = 10
2020-09-14 15:14:04,734: INFO     maxM			          = 16
2020-09-14 15:14:04,734: INFO     maxM0			          = 32
2020-09-14 15:14:04,734: INFO     mult                = 0.360674
2020-09-14 15:14:04,734: INFO     skip_optimized_index= 0
2020-09-14 15:14:04,734: INFO     delaunay_type       = 2
2020-09-14 15:14:04,734: INFO     Set HNSW query-time parameters:
2020-09-14 15:14:04,734: INFO     ef(Search)         =20
2020-09-14 15:14:04,734: INFO     algoType           =2

0%   10   20   30   40   50   60   70   80   90   100%
|----|----|----|----|----|----|----|----|----|----|
***************************************************

0%   10   20   30   40   50   60   70   80   90   100%
|----|----|----|----|----|----|----|----|----|----|
***************************************************
*2020-09-14 15:14:46,827: INFO     No appropriate custom distance function for Hamming (bit-storage) space
2020-09-14 15:14:46,827: INFO     searchMethod			  = 0
2020-09-14 15:14:46,873: INFO     Identifying guides that have a hamming distance <= 3 to all other potential guides
2020-09-14 15:14:47,210: INFO     Set HNSW query-time parameters:
2020-09-14 15:14:47,210: INFO     ef(Search)         =9
2020-09-14 15:14:47,210: INFO     algoType           =2
2020-09-14 15:15:05,964: INFO     Formatting data for BedTools
2020-09-14 15:15:06,390: INFO     Create GuideMaker Annotation object
2020-09-14 15:15:06,390: INFO     Identify genomic features
2020-09-14 15:15:06,390: INFO     check if ../../all_test_data/Escherichia.coli_str_K-12_substr_MG1655.gbk is gzipped
2020-09-14 15:15:07,756: INFO     Total number of CDS/locus in the input genome: 4357
2020-09-14 15:15:07,756: INFO     Find genomic features closest the guides
2020-09-14 15:15:10,838: INFO     Select guides that start between +100 and -100 of a feature start
2020-09-14 15:15:11,034: INFO     Select description columns
2020-09-14 15:15:11,118: INFO     Format the output
2020-09-14 15:15:12,014: INFO     creating random control guides
2020-09-14 15:15:12,143: INFO     Number of random control searched: 100
2020-09-14 15:15:12,143: INFO     Percentage of GC content in the input genome: 50.79
2020-09-14 15:15:12,143: INFO     Total length of the genome: 4.4 MB
2020-09-14 15:15:12,143: INFO     created 10 control guides with a minimum distance of 7 and a median distance of 8
2020-09-14 15:15:12,146: INFO     guidemaker completed, results are at TEST
2020-09-14 15:15:12,146: INFO     PAM sequence: NGG
2020-09-14 15:15:12,146: INFO     PAM orientation: 5prime
2020-09-14 15:15:12,146: INFO     Genome strand(s) searched: both
2020-09-14 15:15:12,146: INFO     Total PAM sites considered: 542073
2020-09-14 15:15:12,146: INFO     Guide RNA candidates found: 35980
	Command being timed: "guidemaker -i ../../all_test_data/Escherichia.coli_str_K-12_substr_MG1655.gbk --pamseq NGG --outdir TEST --pam_orientation 5prime --guidelength 20 --strand both --lcp 10 --dist 3 --before 100 --into 100 --knum 10 --controls 10 --log GuideMaker_58625628_7.log --threads 1"
	User time (seconds): 100.34
	System time (seconds): 3.69
	Percent of CPU this job got: 102%
	Elapsed (wall clock) time (h:mm:ss or m:ss): 1:41.18
	Average shared text size (kbytes): 0
	Average unshared data size (kbytes): 0
	Average stack size (kbytes): 0
	Average total size (kbytes): 0
	Maximum resident set size (kbytes): 1411532
	Average resident set size (kbytes): 0
	Major (requiring I/O) page faults: 0
	Minor (reclaiming a frame) page faults: 1316629
	Voluntary context switches: 3076
	Involuntary context switches: 290154
	Swaps: 0
	File system inputs: 0
	File system outputs: 196768
	Socket messages sent: 0
	Socket messages received: 0
	Signals delivered: 0
	Page size (bytes): 4096
	Exit status: 0
My SLURM_ARRAY_TASK_ID:  7
My TMPDIR IS:  /tmp
Input Genome:>>>>>>>>>>>>>>>>>>>>>>>>>>>>>>>>>>>>>>>>>>>  Escherichia.coli_str_K-12_substr_MG1655.gbk
Threads used:>>>>>>>>>>>>>>>>>>>>>>>>>>>>>>>>>>>>>>>>>>>  2
GuideMaker
2020-09-14 15:15:14,661: INFO     Temp directory is: /tmp/guidemaker_wr98xnv3
2020-09-14 15:15:14,661: INFO     Writing fasta file from genbank file(s)
2020-09-14 15:15:14,662: INFO     check if ../../all_test_data/Escherichia.coli_str_K-12_substr_MG1655.gbk is gzipped
2020-09-14 15:15:15,592: INFO     Identifying PAM sites in the genome
2020-09-14 15:15:42,435: INFO     Identifing guides that are unique near the PAM site
2020-09-14 15:15:43,350: INFO     Indexing all potential guide sites: 542073. This is the longest step.
2020-09-14 15:15:45,868: INFO     M                   = 16
2020-09-14 15:15:45,868: INFO     indexThreadQty      = 2
2020-09-14 15:15:45,869: INFO     efConstruction      = 10
2020-09-14 15:15:45,869: INFO     maxM			          = 16
2020-09-14 15:15:45,869: INFO     maxM0			          = 32
2020-09-14 15:15:45,869: INFO     mult                = 0.360674
2020-09-14 15:15:45,869: INFO     skip_optimized_index= 0
2020-09-14 15:15:45,869: INFO     delaunay_type       = 2
2020-09-14 15:15:45,869: INFO     Set HNSW query-time parameters:
2020-09-14 15:15:45,869: INFO     ef(Search)         =20
2020-09-14 15:15:45,869: INFO     algoType           =2

0%   10   20   30   40   50   60   70   80   90   100%
|----|----|----|----|----|----|----|----|----|----|
***************************************************

0%   10   20   30   40   50   60   70   80   90   100%
|----|----|----|----|----|----|----|----|----|----|
****************************************************2020-09-14 15:16:12,986: INFO     No appropriate custom distance function for Hamming (bit-storage) space
2020-09-14 15:16:12,986: INFO     searchMethod			  = 0
2020-09-14 15:16:13,033: INFO     Identifying guides that have a hamming distance <= 3 to all other potential guides
2020-09-14 15:16:13,368: INFO     Set HNSW query-time parameters:
2020-09-14 15:16:13,368: INFO     ef(Search)         =9
2020-09-14 15:16:13,368: INFO     algoType           =2
2020-09-14 15:16:29,189: INFO     Formatting data for BedTools
2020-09-14 15:16:29,620: INFO     Create GuideMaker Annotation object
2020-09-14 15:16:29,621: INFO     Identify genomic features
2020-09-14 15:16:29,621: INFO     check if ../../all_test_data/Escherichia.coli_str_K-12_substr_MG1655.gbk is gzipped
2020-09-14 15:16:31,017: INFO     Total number of CDS/locus in the input genome: 4357
2020-09-14 15:16:31,017: INFO     Find genomic features closest the guides
2020-09-14 15:16:34,116: INFO     Select guides that start between +100 and -100 of a feature start
2020-09-14 15:16:34,338: INFO     Select description columns
2020-09-14 15:16:34,417: INFO     Format the output
2020-09-14 15:16:35,211: INFO     creating random control guides
2020-09-14 15:16:35,308: INFO     Number of random control searched: 100
2020-09-14 15:16:35,309: INFO     Percentage of GC content in the input genome: 50.79
2020-09-14 15:16:35,309: INFO     Total length of the genome: 4.4 MB
2020-09-14 15:16:35,309: INFO     created 10 control guides with a minimum distance of 7 and a median distance of 8
2020-09-14 15:16:35,311: INFO     guidemaker completed, results are at TEST
2020-09-14 15:16:35,312: INFO     PAM sequence: NGG
2020-09-14 15:16:35,312: INFO     PAM orientation: 5prime
2020-09-14 15:16:35,312: INFO     Genome strand(s) searched: both
2020-09-14 15:16:35,312: INFO     Total PAM sites considered: 542073
2020-09-14 15:16:35,312: INFO     Guide RNA candidates found: 35961
	Command being timed: "guidemaker -i ../../all_test_data/Escherichia.coli_str_K-12_substr_MG1655.gbk --pamseq NGG --outdir TEST --pam_orientation 5prime --guidelength 20 --strand both --lcp 10 --dist 3 --before 100 --into 100 --knum 10 --controls 10 --log GuideMaker_58625628_7.log --threads 2"
	User time (seconds): 112.00
	System time (seconds): 5.77
	Percent of CPU this job got: 142%
	Elapsed (wall clock) time (h:mm:ss or m:ss): 1:22.90
	Average shared text size (kbytes): 0
	Average unshared data size (kbytes): 0
	Average stack size (kbytes): 0
	Average total size (kbytes): 0
	Maximum resident set size (kbytes): 1595308
	Average resident set size (kbytes): 0
	Major (requiring I/O) page faults: 0
	Minor (reclaiming a frame) page faults: 2604945
	Voluntary context switches: 36763
	Involuntary context switches: 543
	Swaps: 0
	File system inputs: 0
	File system outputs: 196720
	Socket messages sent: 0
	Socket messages received: 0
	Signals delivered: 0
	Page size (bytes): 4096
	Exit status: 0
My SLURM_ARRAY_TASK_ID:  7
My TMPDIR IS:  /tmp
Input Genome:>>>>>>>>>>>>>>>>>>>>>>>>>>>>>>>>>>>>>>>>>>>  Escherichia.coli_str_K-12_substr_MG1655.gbk
Threads used:>>>>>>>>>>>>>>>>>>>>>>>>>>>>>>>>>>>>>>>>>>>  4
GuideMaker
2020-09-14 15:16:37,609: INFO     Temp directory is: /tmp/guidemaker_8vumtmvs
2020-09-14 15:16:37,609: INFO     Writing fasta file from genbank file(s)
2020-09-14 15:16:37,609: INFO     check if ../../all_test_data/Escherichia.coli_str_K-12_substr_MG1655.gbk is gzipped
2020-09-14 15:16:38,501: INFO     Identifying PAM sites in the genome
2020-09-14 15:17:05,476: INFO     Identifing guides that are unique near the PAM site
2020-09-14 15:17:06,381: INFO     Indexing all potential guide sites: 542073. This is the longest step.
2020-09-14 15:17:08,940: INFO     M                   = 16
2020-09-14 15:17:08,940: INFO     indexThreadQty      = 4
2020-09-14 15:17:08,940: INFO     efConstruction      = 10
2020-09-14 15:17:08,940: INFO     maxM			          = 16
2020-09-14 15:17:08,940: INFO     maxM0			          = 32
2020-09-14 15:17:08,940: INFO     mult                = 0.360674
2020-09-14 15:17:08,940: INFO     skip_optimized_index= 0
2020-09-14 15:17:08,941: INFO     delaunay_type       = 2
2020-09-14 15:17:08,941: INFO     Set HNSW query-time parameters:
2020-09-14 15:17:08,941: INFO     ef(Search)         =20
2020-09-14 15:17:08,941: INFO     algoType           =2

0%   10   20   30   40   50   60   70   80   90   100%
|----|----|----|----|----|----|----|----|----|----|
***************************************************

0%   10   20   30   40   50   60   70   80   90   100%
|----|----|----|----|----|----|----|----|----|----|
****************************************************2020-09-14 15:17:23,812: INFO     No appropriate custom distance function for Hamming (bit-storage) space
2020-09-14 15:17:23,812: INFO     searchMethod			  = 0
2020-09-14 15:17:23,866: INFO     Identifying guides that have a hamming distance <= 3 to all other potential guides
2020-09-14 15:17:24,248: INFO     Set HNSW query-time parameters:
2020-09-14 15:17:24,248: INFO     ef(Search)         =9
2020-09-14 15:17:24,249: INFO     algoType           =2
2020-09-14 15:17:36,976: INFO     Formatting data for BedTools
2020-09-14 15:17:37,399: INFO     Create GuideMaker Annotation object
2020-09-14 15:17:37,399: INFO     Identify genomic features
2020-09-14 15:17:37,400: INFO     check if ../../all_test_data/Escherichia.coli_str_K-12_substr_MG1655.gbk is gzipped
2020-09-14 15:17:38,755: INFO     Total number of CDS/locus in the input genome: 4357
2020-09-14 15:17:38,755: INFO     Find genomic features closest the guides
2020-09-14 15:17:41,817: INFO     Select guides that start between +100 and -100 of a feature start
2020-09-14 15:17:42,008: INFO     Select description columns
2020-09-14 15:17:42,087: INFO     Format the output
2020-09-14 15:17:42,886: INFO     creating random control guides
2020-09-14 15:17:42,969: INFO     Number of random control searched: 100
2020-09-14 15:17:42,969: INFO     Percentage of GC content in the input genome: 50.79
2020-09-14 15:17:42,969: INFO     Total length of the genome: 4.4 MB
2020-09-14 15:17:42,969: INFO     created 10 control guides with a minimum distance of 7 and a median distance of 8
2020-09-14 15:17:42,972: INFO     guidemaker completed, results are at TEST
2020-09-14 15:17:42,972: INFO     PAM sequence: NGG
2020-09-14 15:17:42,972: INFO     PAM orientation: 5prime
2020-09-14 15:17:42,972: INFO     Genome strand(s) searched: both
2020-09-14 15:17:42,973: INFO     Total PAM sites considered: 542073
2020-09-14 15:17:42,973: INFO     Guide RNA candidates found: 35968
	Command being timed: "guidemaker -i ../../all_test_data/Escherichia.coli_str_K-12_substr_MG1655.gbk --pamseq NGG --outdir TEST --pam_orientation 5prime --guidelength 20 --strand both --lcp 10 --dist 3 --before 100 --into 100 --knum 10 --controls 10 --log GuideMaker_58625628_7.log --threads 4"
	User time (seconds): 115.29
	System time (seconds): 6.32
	Percent of CPU this job got: 179%
	Elapsed (wall clock) time (h:mm:ss or m:ss): 1:07.65
	Average shared text size (kbytes): 0
	Average unshared data size (kbytes): 0
	Average stack size (kbytes): 0
	Average total size (kbytes): 0
	Maximum resident set size (kbytes): 1609364
	Average resident set size (kbytes): 0
	Major (requiring I/O) page faults: 0
	Minor (reclaiming a frame) page faults: 2270591
	Voluntary context switches: 73540
	Involuntary context switches: 428422
	Swaps: 0
	File system inputs: 0
	File system outputs: 196696
	Socket messages sent: 0
	Socket messages received: 0
	Signals delivered: 0
	Page size (bytes): 4096
	Exit status: 0
My SLURM_ARRAY_TASK_ID:  7
My TMPDIR IS:  /tmp
Input Genome:>>>>>>>>>>>>>>>>>>>>>>>>>>>>>>>>>>>>>>>>>>>  Escherichia.coli_str_K-12_substr_MG1655.gbk
Threads used:>>>>>>>>>>>>>>>>>>>>>>>>>>>>>>>>>>>>>>>>>>>  8
GuideMaker
2020-09-14 15:17:45,253: INFO     Temp directory is: /tmp/guidemaker_ysssp4vk
2020-09-14 15:17:45,253: INFO     Writing fasta file from genbank file(s)
2020-09-14 15:17:45,254: INFO     check if ../../all_test_data/Escherichia.coli_str_K-12_substr_MG1655.gbk is gzipped
2020-09-14 15:17:46,219: INFO     Identifying PAM sites in the genome
2020-09-14 15:18:14,243: INFO     Identifing guides that are unique near the PAM site
2020-09-14 15:18:15,223: INFO     Indexing all potential guide sites: 542073. This is the longest step.
2020-09-14 15:18:17,945: INFO     M                   = 16
2020-09-14 15:18:17,945: INFO     indexThreadQty      = 8
2020-09-14 15:18:17,945: INFO     efConstruction      = 10
2020-09-14 15:18:17,945: INFO     maxM			          = 16
2020-09-14 15:18:17,945: INFO     maxM0			          = 32
2020-09-14 15:18:17,945: INFO     mult                = 0.360674
2020-09-14 15:18:17,945: INFO     skip_optimized_index= 0
2020-09-14 15:18:17,946: INFO     delaunay_type       = 2
2020-09-14 15:18:17,946: INFO     Set HNSW query-time parameters:
2020-09-14 15:18:17,946: INFO     ef(Search)         =20
2020-09-14 15:18:17,946: INFO     algoType           =2

0%   10   20   30   40   50   60   70   80   90   100%
|----|----|----|----|----|----|----|----|----|----|
***************************************************

0%   10   20   30   40   50   60   70   80   90   100%
|----|----|----|----|----|----|----|----|----|----|
******************************************************




2020-09-14 15:18:25,837: INFO     No appropriate custom distance function for Hamming (bit-storage) space
2020-09-14 15:18:25,837: INFO     searchMethod			  = 0
2020-09-14 15:18:25,901: INFO     Identifying guides that have a hamming distance <= 3 to all other potential guides
2020-09-14 15:18:26,296: INFO     Set HNSW query-time parameters:
2020-09-14 15:18:26,296: INFO     ef(Search)         =9
2020-09-14 15:18:26,296: INFO     algoType           =2
2020-09-14 15:18:38,439: INFO     Formatting data for BedTools
2020-09-14 15:18:38,933: INFO     Create GuideMaker Annotation object
2020-09-14 15:18:38,933: INFO     Identify genomic features
2020-09-14 15:18:38,934: INFO     check if ../../all_test_data/Escherichia.coli_str_K-12_substr_MG1655.gbk is gzipped
2020-09-14 15:18:40,326: INFO     Total number of CDS/locus in the input genome: 4357
2020-09-14 15:18:40,326: INFO     Find genomic features closest the guides
2020-09-14 15:18:43,405: INFO     Select guides that start between +100 and -100 of a feature start
2020-09-14 15:18:43,594: INFO     Select description columns
2020-09-14 15:18:43,670: INFO     Format the output
2020-09-14 15:18:44,487: INFO     creating random control guides
2020-09-14 15:18:44,566: INFO     Number of random control searched: 100
2020-09-14 15:18:44,566: INFO     Percentage of GC content in the input genome: 50.79
2020-09-14 15:18:44,567: INFO     Total length of the genome: 4.4 MB
2020-09-14 15:18:44,567: INFO     created 10 control guides with a minimum distance of 7 and a median distance of 7
2020-09-14 15:18:44,570: INFO     guidemaker completed, results are at TEST
2020-09-14 15:18:44,570: INFO     PAM sequence: NGG
2020-09-14 15:18:44,570: INFO     PAM orientation: 5prime
2020-09-14 15:18:44,570: INFO     Genome strand(s) searched: both
2020-09-14 15:18:44,570: INFO     Total PAM sites considered: 542073
2020-09-14 15:18:44,570: INFO     Guide RNA candidates found: 35960
	Command being timed: "guidemaker -i ../../all_test_data/Escherichia.coli_str_K-12_substr_MG1655.gbk --pamseq NGG --outdir TEST --pam_orientation 5prime --guidelength 20 --strand both --lcp 10 --dist 3 --before 100 --into 100 --knum 10 --controls 10 --log GuideMaker_58625628_7.log --threads 8"
	User time (seconds): 121.13
	System time (seconds): 6.21
	Percent of CPU this job got: 206%
	Elapsed (wall clock) time (h:mm:ss or m:ss): 1:01.66
	Average shared text size (kbytes): 0
	Average unshared data size (kbytes): 0
	Average stack size (kbytes): 0
	Average total size (kbytes): 0
	Maximum resident set size (kbytes): 1601264
	Average resident set size (kbytes): 0
	Major (requiring I/O) page faults: 0
	Minor (reclaiming a frame) page faults: 1677640
	Voluntary context switches: 130476
	Involuntary context switches: 146032
	Swaps: 0
	File system inputs: 0
	File system outputs: 196728
	Socket messages sent: 0
	Socket messages received: 0
	Signals delivered: 0
	Page size (bytes): 4096
	Exit status: 0
My SLURM_ARRAY_TASK_ID:  7
My TMPDIR IS:  /tmp
Input Genome:>>>>>>>>>>>>>>>>>>>>>>>>>>>>>>>>>>>>>>>>>>>  Escherichia.coli_str_K-12_substr_MG1655.gbk
Threads used:>>>>>>>>>>>>>>>>>>>>>>>>>>>>>>>>>>>>>>>>>>>  16
GuideMaker
2020-09-14 15:18:46,980: INFO     Temp directory is: /tmp/guidemaker_5ci_bjky
2020-09-14 15:18:46,980: INFO     Writing fasta file from genbank file(s)
2020-09-14 15:18:46,980: INFO     check if ../../all_test_data/Escherichia.coli_str_K-12_substr_MG1655.gbk is gzipped
2020-09-14 15:18:47,871: INFO     Identifying PAM sites in the genome
2020-09-14 15:19:13,854: INFO     Identifing guides that are unique near the PAM site
2020-09-14 15:19:14,770: INFO     Indexing all potential guide sites: 542073. This is the longest step.
2020-09-14 15:19:17,334: INFO     M                   = 16
2020-09-14 15:19:17,334: INFO     indexThreadQty      = 16
2020-09-14 15:19:17,334: INFO     efConstruction      = 10
2020-09-14 15:19:17,335: INFO     maxM			          = 16
2020-09-14 15:19:17,335: INFO     maxM0			          = 32
2020-09-14 15:19:17,335: INFO     mult                = 0.360674
2020-09-14 15:19:17,335: INFO     skip_optimized_index= 0
2020-09-14 15:19:17,335: INFO     delaunay_type       = 2
2020-09-14 15:19:17,335: INFO     Set HNSW query-time parameters:
2020-09-14 15:19:17,335: INFO     ef(Search)         =20
2020-09-14 15:19:17,335: INFO     algoType           =2

0%   10   20   30   40   50   60   70   80   90   100%
|----|----|----|----|----|----|----|----|----|----|
***************************************************

0%   10   20   30   40   50   60   70   80   90   100%
|----|----|----|----|----|----|----|----|----|----|
********************************************************2020-09-14 15:19:21,723: INFO     No appropriate custom distance function for Hamming (bit-storage) space
2020-09-14 15:19:21,723: INFO     searchMethod			  = 0
2020-09-14 15:19:21,776: INFO     Identifying guides that have a hamming distance <= 3 to all other potential guides
2020-09-14 15:19:22,206: INFO     Set HNSW query-time parameters:
2020-09-14 15:19:22,206: INFO     ef(Search)         =9
2020-09-14 15:19:22,206: INFO     algoType           =2
2020-09-14 15:19:32,901: INFO     Formatting data for BedTools
2020-09-14 15:19:33,325: INFO     Create GuideMaker Annotation object
2020-09-14 15:19:33,325: INFO     Identify genomic features
2020-09-14 15:19:33,325: INFO     check if ../../all_test_data/Escherichia.coli_str_K-12_substr_MG1655.gbk is gzipped
2020-09-14 15:19:34,688: INFO     Total number of CDS/locus in the input genome: 4357
2020-09-14 15:19:34,688: INFO     Find genomic features closest the guides
2020-09-14 15:19:38,120: INFO     Select guides that start between +100 and -100 of a feature start
2020-09-14 15:19:38,326: INFO     Select description columns
2020-09-14 15:19:38,408: INFO     Format the output
2020-09-14 15:19:39,247: INFO     creating random control guides
2020-09-14 15:19:39,345: INFO     Number of random control searched: 100
2020-09-14 15:19:39,345: INFO     Percentage of GC content in the input genome: 50.79
2020-09-14 15:19:39,345: INFO     Total length of the genome: 4.4 MB
2020-09-14 15:19:39,346: INFO     created 10 control guides with a minimum distance of 7 and a median distance of 8
2020-09-14 15:19:39,348: INFO     guidemaker completed, results are at TEST
2020-09-14 15:19:39,348: INFO     PAM sequence: NGG
2020-09-14 15:19:39,348: INFO     PAM orientation: 5prime
2020-09-14 15:19:39,349: INFO     Genome strand(s) searched: both
2020-09-14 15:19:39,349: INFO     Total PAM sites considered: 542073
2020-09-14 15:19:39,349: INFO     Guide RNA candidates found: 35978
	Command being timed: "guidemaker -i ../../all_test_data/Escherichia.coli_str_K-12_substr_MG1655.gbk --pamseq NGG --outdir TEST --pam_orientation 5prime --guidelength 20 --strand both --lcp 10 --dist 3 --before 100 --into 100 --knum 10 --controls 10 --log GuideMaker_58625628_7.log --threads 16"
	User time (seconds): 123.36
	System time (seconds): 7.47
	Percent of CPU this job got: 238%
	Elapsed (wall clock) time (h:mm:ss or m:ss): 0:54.74
	Average shared text size (kbytes): 0
	Average unshared data size (kbytes): 0
	Average stack size (kbytes): 0
	Average total size (kbytes): 0
	Maximum resident set size (kbytes): 1621116
	Average resident set size (kbytes): 0
	Major (requiring I/O) page faults: 0
	Minor (reclaiming a frame) page faults: 1479689
	Voluntary context switches: 265495
	Involuntary context switches: 501
	Swaps: 0
	File system inputs: 0
	File system outputs: 196712
	Socket messages sent: 0
	Socket messages received: 0
	Signals delivered: 0
	Page size (bytes): 4096
	Exit status: 0
My SLURM_ARRAY_TASK_ID:  7
My TMPDIR IS:  /tmp
Input Genome:>>>>>>>>>>>>>>>>>>>>>>>>>>>>>>>>>>>>>>>>>>>  Escherichia.coli_str_K-12_substr_MG1655.gbk
Threads used:>>>>>>>>>>>>>>>>>>>>>>>>>>>>>>>>>>>>>>>>>>>  32
GuideMaker
2020-09-14 15:19:41,351: INFO     Temp directory is: /tmp/guidemaker_vg5ftf_u
2020-09-14 15:19:41,352: INFO     Writing fasta file from genbank file(s)
2020-09-14 15:19:41,352: INFO     check if ../../all_test_data/Escherichia.coli_str_K-12_substr_MG1655.gbk is gzipped
2020-09-14 15:19:42,252: INFO     Identifying PAM sites in the genome
2020-09-14 15:20:09,956: INFO     Identifing guides that are unique near the PAM site
2020-09-14 15:20:10,869: INFO     Indexing all potential guide sites: 542073. This is the longest step.
2020-09-14 15:20:13,489: INFO     M                   = 16
2020-09-14 15:20:13,489: INFO     indexThreadQty      = 32
2020-09-14 15:20:13,490: INFO     efConstruction      = 10
2020-09-14 15:20:13,490: INFO     maxM			          = 16
2020-09-14 15:20:13,490: INFO     maxM0			          = 32
2020-09-14 15:20:13,490: INFO     mult                = 0.360674
2020-09-14 15:20:13,490: INFO     skip_optimized_index= 0
2020-09-14 15:20:13,490: INFO     delaunay_type       = 2
2020-09-14 15:20:13,490: INFO     Set HNSW query-time parameters:
2020-09-14 15:20:13,490: INFO     ef(Search)         =20
2020-09-14 15:20:13,490: INFO     algoType           =2

0%   10   20   30   40   50   60   70   80   90   100%
|----|----|----|----|----|----|----|----|----|----|
***************************************************

0%   10   20   30   40   50   60   70   80   90   100%
|----|----|----|----|----|----|----|----|----|----|
****************************************************2020-09-14 15:20:16,268: INFO     No appropriate custom distance function for Hamming (bit-storage) space
2020-09-14 15:20:16,269: INFO     searchMethod			  = 0
2020-09-14 15:20:16,316: INFO     Identifying guides that have a hamming distance <= 3 to all other potential guides
2020-09-14 15:20:16,724: INFO     Set HNSW query-time parameters:
2020-09-14 15:20:16,725: INFO     ef(Search)         =9
2020-09-14 15:20:16,725: INFO     algoType           =2
2020-09-14 15:20:27,845: INFO     Formatting data for BedTools
2020-09-14 15:20:28,274: INFO     Create GuideMaker Annotation object
2020-09-14 15:20:28,274: INFO     Identify genomic features
2020-09-14 15:20:28,275: INFO     check if ../../all_test_data/Escherichia.coli_str_K-12_substr_MG1655.gbk is gzipped
2020-09-14 15:20:29,665: INFO     Total number of CDS/locus in the input genome: 4357
2020-09-14 15:20:29,665: INFO     Find genomic features closest the guides
2020-09-14 15:20:32,813: INFO     Select guides that start between +100 and -100 of a feature start
2020-09-14 15:20:33,007: INFO     Select description columns
2020-09-14 15:20:33,090: INFO     Format the output
2020-09-14 15:20:33,983: INFO     creating random control guides
2020-09-14 15:20:34,074: INFO     Number of random control searched: 100
2020-09-14 15:20:34,075: INFO     Percentage of GC content in the input genome: 50.79
2020-09-14 15:20:34,075: INFO     Total length of the genome: 4.4 MB
2020-09-14 15:20:34,075: INFO     created 10 control guides with a minimum distance of 7 and a median distance of 8
2020-09-14 15:20:34,077: INFO     guidemaker completed, results are at TEST
2020-09-14 15:20:34,077: INFO     PAM sequence: NGG
2020-09-14 15:20:34,077: INFO     PAM orientation: 5prime
2020-09-14 15:20:34,078: INFO     Genome strand(s) searched: both
2020-09-14 15:20:34,078: INFO     Total PAM sites considered: 542073
2020-09-14 15:20:34,078: INFO     Guide RNA candidates found: 35964
	Command being timed: "guidemaker -i ../../all_test_data/Escherichia.coli_str_K-12_substr_MG1655.gbk --pamseq NGG --outdir TEST --pam_orientation 5prime --guidelength 20 --strand both --lcp 10 --dist 3 --before 100 --into 100 --knum 10 --controls 10 --log GuideMaker_58625628_7.log --threads 32"
	User time (seconds): 131.79
	System time (seconds): 9.22
	Percent of CPU this job got: 256%
	Elapsed (wall clock) time (h:mm:ss or m:ss): 0:54.91
	Average shared text size (kbytes): 0
	Average unshared data size (kbytes): 0
	Average stack size (kbytes): 0
	Average total size (kbytes): 0
	Maximum resident set size (kbytes): 1643136
	Average resident set size (kbytes): 0
	Major (requiring I/O) page faults: 0
	Minor (reclaiming a frame) page faults: 1303048
	Voluntary context switches: 590552
	Involuntary context switches: 360
	Swaps: 0
	File system inputs: 0
	File system outputs: 196680
	Socket messages sent: 0
	Socket messages received: 0
	Signals delivered: 0
	Page size (bytes): 4096
	Exit status: 0
