Thu Aug 20 00:20:27 EDT 2020
c22a-s3.ufhpc
/blue/garrett/rp3448/analysis/guidemaker/AVXGuidemaker/GuideMaker
My SLURM_ARRAY_TASK_ID:  8
My TMPDIR IS:  /scratch/local/57686126
Input Genome:>>>>>>>>>>>>>>>>>>>>>>>>>>>>>>>>>>>>>>>>>>>  Escherichia.coli_str_K-12_substr_MG1655.gbk
Threads used:>>>>>>>>>>>>>>>>>>>>>>>>>>>>>>>>>>>>>>>>>>>  1
GuideMaker
2020-08-20 00:20:31,732: INFO     Temp directory is: /scratch/local/57686126/guidemaker_ed4svntf
2020-08-20 00:20:31,732: INFO     Writing fasta file from genbank file(s)
2020-08-20 00:20:31,733: INFO     check if test/test_data/Escherichia.coli_str_K-12_substr_MG1655.gbk is gzipped
2020-08-20 00:20:32,631: INFO     Identifying PAM sites in the genome
2020-08-20 00:20:44,623: INFO     Identifing guides that are unique near the PAM site
2020-08-20 00:20:45,526: INFO     Indexing all potential guide sites: 542073. This is the longest step.
2020-08-20 00:20:48,154: INFO     M                   = 16
2020-08-20 00:20:48,154: INFO     indexThreadQty      = 1
2020-08-20 00:20:48,154: INFO     efConstruction      = 64
2020-08-20 00:20:48,154: INFO     maxM			          = 16
2020-08-20 00:20:48,154: INFO     maxM0			          = 32
2020-08-20 00:20:48,154: INFO     mult                = 0.360674
2020-08-20 00:20:48,154: INFO     skip_optimized_index= 0
2020-08-20 00:20:48,154: INFO     delaunay_type       = 2
2020-08-20 00:20:48,155: INFO     Set HNSW query-time parameters:
2020-08-20 00:20:48,155: INFO     ef(Search)         =20
2020-08-20 00:20:48,155: INFO     algoType           =2

0%   10   20   30   40   50   60   70   80   90   100%
|----|----|----|----|----|----|----|----|----|----|
***************************************************

0%   10   20   30   40   50   60   70   80   90   100%
|----|----|----|----|----|----|----|----|----|----|
***************************************************
*2020-08-20 00:25:00,569: INFO     No appropriate custom distance function for Hamming (bit-storage) space
2020-08-20 00:25:00,571: INFO     searchMethod			  = 0
2020-08-20 00:25:00,612: INFO     Identifying guides that have a hamming distance <= 3 to all other potential guides
2020-08-20 00:25:00,982: INFO     Set HNSW query-time parameters:
2020-08-20 00:25:00,983: INFO     ef(Search)         =256
2020-08-20 00:25:00,983: INFO     algoType           =2
2020-08-20 00:28:07,086: INFO     Formatting data for BedTools
2020-08-20 00:28:07,557: INFO     Create GuideMaker Annotation object
2020-08-20 00:28:07,558: INFO     Identify genomic features
2020-08-20 00:28:07,558: INFO     check if test/test_data/Escherichia.coli_str_K-12_substr_MG1655.gbk is gzipped
2020-08-20 00:28:08,997: INFO     Total number of CDS/locus in the input genome: 4357
2020-08-20 00:28:08,998: INFO     Find genomic features closest the guides
2020-08-20 00:28:11,928: INFO     Select guides that start between +100 and -100 of a feature start
2020-08-20 00:28:12,157: INFO     Select description columns
2020-08-20 00:28:12,240: INFO     Format the output
2020-08-20 00:28:13,021: INFO     creating random control guides
2020-08-20 00:29:51,710: INFO     created 10 control guides with a minimum distance of 7 and a median distance of 7
2020-08-20 00:29:51,722: INFO     guidemaker completed, results are at TEST
2020-08-20 00:29:51,722: INFO     PAM sequence: NGG
2020-08-20 00:29:51,722: INFO     PAM orientation: 5prime
2020-08-20 00:29:51,722: INFO     Genome strand(s) searched: both
2020-08-20 00:29:51,722: INFO     Total PAM sites considered: 542073
2020-08-20 00:29:51,722: INFO     Guide RNA candidates found: 35845
Number of random control searched:  100000
	Command being timed: "guidemaker -i test/test_data/Escherichia.coli_str_K-12_substr_MG1655.gbk --pamseq NGG --outdir TEST --pam_orientation 5prime --guidelength 20 --strand both --lcp 10 --dist 3 --before 100 --into 100 --knum 10 --controls 10 --log GuideMaker_57686126_8.log --threads 1"
	User time (seconds): 561.05
	System time (seconds): 3.90
	Percent of CPU this job got: 100%
	Elapsed (wall clock) time (h:mm:ss or m:ss): 9:22.20
	Average shared text size (kbytes): 0
	Average unshared data size (kbytes): 0
	Average stack size (kbytes): 0
	Average total size (kbytes): 0
	Maximum resident set size (kbytes): 1628892
	Average resident set size (kbytes): 0
	Major (requiring I/O) page faults: 0
	Minor (reclaiming a frame) page faults: 2614288
	Voluntary context switches: 3086
	Involuntary context switches: 291878
	Swaps: 0
	File system inputs: 0
	File system outputs: 196144
	Socket messages sent: 0
	Socket messages received: 0
	Signals delivered: 0
	Page size (bytes): 4096
	Exit status: 0
My SLURM_ARRAY_TASK_ID:  8
My TMPDIR IS:  /scratch/local/57686126
Input Genome:>>>>>>>>>>>>>>>>>>>>>>>>>>>>>>>>>>>>>>>>>>>  Escherichia.coli_str_K-12_substr_MG1655.gbk
Threads used:>>>>>>>>>>>>>>>>>>>>>>>>>>>>>>>>>>>>>>>>>>>  2
GuideMaker
2020-08-20 00:29:53,965: INFO     Temp directory is: /scratch/local/57686126/guidemaker_kl2scbxz
2020-08-20 00:29:53,965: INFO     Writing fasta file from genbank file(s)
2020-08-20 00:29:53,966: INFO     check if test/test_data/Escherichia.coli_str_K-12_substr_MG1655.gbk is gzipped
2020-08-20 00:29:54,847: INFO     Identifying PAM sites in the genome
2020-08-20 00:30:06,731: INFO     Identifing guides that are unique near the PAM site
2020-08-20 00:30:07,670: INFO     Indexing all potential guide sites: 542073. This is the longest step.
2020-08-20 00:30:10,213: INFO     M                   = 16
2020-08-20 00:30:10,214: INFO     indexThreadQty      = 2
2020-08-20 00:30:10,214: INFO     efConstruction      = 64
2020-08-20 00:30:10,214: INFO     maxM			          = 16
2020-08-20 00:30:10,214: INFO     maxM0			          = 32
2020-08-20 00:30:10,214: INFO     mult                = 0.360674
2020-08-20 00:30:10,214: INFO     skip_optimized_index= 0
2020-08-20 00:30:10,214: INFO     delaunay_type       = 2
2020-08-20 00:30:10,214: INFO     Set HNSW query-time parameters:
2020-08-20 00:30:10,214: INFO     ef(Search)         =20
2020-08-20 00:30:10,214: INFO     algoType           =2

0%   10   20   30   40   50   60   70   80   90   100%
|----|----|----|----|----|----|----|----|----|----|
***************************************************

0%   10   20   30   40   50   60   70   80   90   100%
|----|----|----|----|----|----|----|----|----|----|
****************************************************2020-08-20 00:32:32,976: INFO     No appropriate custom distance function for Hamming (bit-storage) space
2020-08-20 00:32:32,976: INFO     searchMethod			  = 0
2020-08-20 00:32:33,017: INFO     Identifying guides that have a hamming distance <= 3 to all other potential guides
2020-08-20 00:32:33,353: INFO     Set HNSW query-time parameters:
2020-08-20 00:32:33,353: INFO     ef(Search)         =256
2020-08-20 00:32:33,354: INFO     algoType           =2
2020-08-20 00:34:19,928: INFO     Formatting data for BedTools
2020-08-20 00:34:20,378: INFO     Create GuideMaker Annotation object
2020-08-20 00:34:20,378: INFO     Identify genomic features
2020-08-20 00:34:20,379: INFO     check if test/test_data/Escherichia.coli_str_K-12_substr_MG1655.gbk is gzipped
2020-08-20 00:34:21,798: INFO     Total number of CDS/locus in the input genome: 4357
2020-08-20 00:34:21,798: INFO     Find genomic features closest the guides
2020-08-20 00:34:24,762: INFO     Select guides that start between +100 and -100 of a feature start
2020-08-20 00:34:24,953: INFO     Select description columns
2020-08-20 00:34:25,028: INFO     Format the output
2020-08-20 00:34:25,798: INFO     creating random control guides
2020-08-20 00:35:23,280: INFO     created 10 control guides with a minimum distance of 7 and a median distance of 7
2020-08-20 00:35:23,286: INFO     guidemaker completed, results are at TEST
2020-08-20 00:35:23,286: INFO     PAM sequence: NGG
2020-08-20 00:35:23,286: INFO     PAM orientation: 5prime
2020-08-20 00:35:23,286: INFO     Genome strand(s) searched: both
2020-08-20 00:35:23,286: INFO     Total PAM sites considered: 542073
2020-08-20 00:35:23,286: INFO     Guide RNA candidates found: 35845
Number of random control searched:  100000
	Command being timed: "guidemaker -i test/test_data/Escherichia.coli_str_K-12_substr_MG1655.gbk --pamseq NGG --outdir TEST --pam_orientation 5prime --guidelength 20 --strand both --lcp 10 --dist 3 --before 100 --into 100 --knum 10 --controls 10 --log GuideMaker_57686126_8.log --threads 2"
	User time (seconds): 604.64
	System time (seconds): 18.84
	Percent of CPU this job got: 188%
	Elapsed (wall clock) time (h:mm:ss or m:ss): 5:31.63
	Average shared text size (kbytes): 0
	Average unshared data size (kbytes): 0
	Average stack size (kbytes): 0
	Average total size (kbytes): 0
	Maximum resident set size (kbytes): 1717840
	Average resident set size (kbytes): 0
	Major (requiring I/O) page faults: 0
	Minor (reclaiming a frame) page faults: 12200111
	Voluntary context switches: 39022
	Involuntary context switches: 295883
	Swaps: 0
	File system inputs: 0
	File system outputs: 196064
	Socket messages sent: 0
	Socket messages received: 0
	Signals delivered: 0
	Page size (bytes): 4096
	Exit status: 0
My SLURM_ARRAY_TASK_ID:  8
My TMPDIR IS:  /scratch/local/57686126
Input Genome:>>>>>>>>>>>>>>>>>>>>>>>>>>>>>>>>>>>>>>>>>>>  Escherichia.coli_str_K-12_substr_MG1655.gbk
Threads used:>>>>>>>>>>>>>>>>>>>>>>>>>>>>>>>>>>>>>>>>>>>  4
GuideMaker
2020-08-20 00:35:25,551: INFO     Temp directory is: /scratch/local/57686126/guidemaker_896gi7we
2020-08-20 00:35:25,551: INFO     Writing fasta file from genbank file(s)
2020-08-20 00:35:25,551: INFO     check if test/test_data/Escherichia.coli_str_K-12_substr_MG1655.gbk is gzipped
2020-08-20 00:35:26,453: INFO     Identifying PAM sites in the genome
2020-08-20 00:35:38,496: INFO     Identifing guides that are unique near the PAM site
2020-08-20 00:35:39,415: INFO     Indexing all potential guide sites: 542073. This is the longest step.
2020-08-20 00:35:41,984: INFO     M                   = 16
2020-08-20 00:35:41,984: INFO     indexThreadQty      = 4
2020-08-20 00:35:41,984: INFO     efConstruction      = 64
2020-08-20 00:35:41,985: INFO     maxM			          = 16
2020-08-20 00:35:41,985: INFO     maxM0			          = 32
2020-08-20 00:35:41,985: INFO     mult                = 0.360674
2020-08-20 00:35:41,985: INFO     skip_optimized_index= 0
2020-08-20 00:35:41,985: INFO     delaunay_type       = 2
2020-08-20 00:35:41,985: INFO     Set HNSW query-time parameters:
2020-08-20 00:35:41,985: INFO     ef(Search)         =20
2020-08-20 00:35:41,985: INFO     algoType           =2

0%   10   20   30   40   50   60   70   80   90   100%
|----|----|----|----|----|----|----|----|----|----|
***************************************************

0%   10   20   30   40   50   60   70   80   90   100%
|----|----|----|----|----|----|----|----|----|----|
****************************************************


2020-08-20 00:36:56,162: INFO     No appropriate custom distance function for Hamming (bit-storage) space
2020-08-20 00:36:56,163: INFO     searchMethod			  = 0
2020-08-20 00:36:56,206: INFO     Identifying guides that have a hamming distance <= 3 to all other potential guides
2020-08-20 00:36:56,596: INFO     Set HNSW query-time parameters:
2020-08-20 00:36:56,596: INFO     ef(Search)         =256
2020-08-20 00:36:56,596: INFO     algoType           =2
2020-08-20 00:37:53,936: INFO     Formatting data for BedTools
2020-08-20 00:37:54,369: INFO     Create GuideMaker Annotation object
2020-08-20 00:37:54,370: INFO     Identify genomic features
2020-08-20 00:37:54,370: INFO     check if test/test_data/Escherichia.coli_str_K-12_substr_MG1655.gbk is gzipped
2020-08-20 00:37:55,736: INFO     Total number of CDS/locus in the input genome: 4357
2020-08-20 00:37:55,736: INFO     Find genomic features closest the guides
2020-08-20 00:37:58,697: INFO     Select guides that start between +100 and -100 of a feature start
2020-08-20 00:37:58,918: INFO     Select description columns
2020-08-20 00:37:58,995: INFO     Format the output
2020-08-20 00:37:59,763: INFO     creating random control guides
2020-08-20 00:38:31,057: INFO     created 10 control guides with a minimum distance of 7 and a median distance of 7
2020-08-20 00:38:31,060: INFO     guidemaker completed, results are at TEST
2020-08-20 00:38:31,060: INFO     PAM sequence: NGG
2020-08-20 00:38:31,061: INFO     PAM orientation: 5prime
2020-08-20 00:38:31,061: INFO     Genome strand(s) searched: both
2020-08-20 00:38:31,061: INFO     Total PAM sites considered: 542073
2020-08-20 00:38:31,061: INFO     Guide RNA candidates found: 35845
Number of random control searched:  100000
	Command being timed: "guidemaker -i test/test_data/Escherichia.coli_str_K-12_substr_MG1655.gbk --pamseq NGG --outdir TEST --pam_orientation 5prime --guidelength 20 --strand both --lcp 10 --dist 3 --before 100 --into 100 --knum 10 --controls 10 --log GuideMaker_57686126_8.log --threads 4"
	User time (seconds): 613.28
	System time (seconds): 13.59
	Percent of CPU this job got: 333%
	Elapsed (wall clock) time (h:mm:ss or m:ss): 3:07.78
	Average shared text size (kbytes): 0
	Average unshared data size (kbytes): 0
	Average stack size (kbytes): 0
	Average total size (kbytes): 0
	Maximum resident set size (kbytes): 1727304
	Average resident set size (kbytes): 0
	Major (requiring I/O) page faults: 0
	Minor (reclaiming a frame) page faults: 7039001
	Voluntary context switches: 66292
	Involuntary context switches: 1174343
	Swaps: 0
	File system inputs: 0
	File system outputs: 196032
	Socket messages sent: 0
	Socket messages received: 0
	Signals delivered: 0
	Page size (bytes): 4096
	Exit status: 0
My SLURM_ARRAY_TASK_ID:  8
My TMPDIR IS:  /scratch/local/57686126
Input Genome:>>>>>>>>>>>>>>>>>>>>>>>>>>>>>>>>>>>>>>>>>>>  Escherichia.coli_str_K-12_substr_MG1655.gbk
Threads used:>>>>>>>>>>>>>>>>>>>>>>>>>>>>>>>>>>>>>>>>>>>  8
GuideMaker
2020-08-20 00:38:33,358: INFO     Temp directory is: /scratch/local/57686126/guidemaker_5495yl6l
2020-08-20 00:38:33,358: INFO     Writing fasta file from genbank file(s)
2020-08-20 00:38:33,359: INFO     check if test/test_data/Escherichia.coli_str_K-12_substr_MG1655.gbk is gzipped
2020-08-20 00:38:34,261: INFO     Identifying PAM sites in the genome
2020-08-20 00:38:46,658: INFO     Identifing guides that are unique near the PAM site
2020-08-20 00:38:47,566: INFO     Indexing all potential guide sites: 542073. This is the longest step.
2020-08-20 00:38:50,154: INFO     M                   = 16
2020-08-20 00:38:50,154: INFO     indexThreadQty      = 8
2020-08-20 00:38:50,154: INFO     efConstruction      = 64
2020-08-20 00:38:50,154: INFO     maxM			          = 16
2020-08-20 00:38:50,155: INFO     maxM0			          = 32
2020-08-20 00:38:50,155: INFO     mult                = 0.360674
2020-08-20 00:38:50,155: INFO     skip_optimized_index= 0
2020-08-20 00:38:50,155: INFO     delaunay_type       = 2
2020-08-20 00:38:50,155: INFO     Set HNSW query-time parameters:
2020-08-20 00:38:50,155: INFO     ef(Search)         =20
2020-08-20 00:38:50,155: INFO     algoType           =2

0%   10   20   30   40   50   60   70   80   90   100%
|----|----|----|----|----|----|----|----|----|----|
***************************************************

0%   10   20   30   40   50   60   70   80   90   100%
|----|----|----|----|----|----|----|----|----|----|
****************************************************2020-08-20 00:39:29,731: INFO     No appropriate custom distance function for Hamming (bit-storage) space
2020-08-20 00:39:29,732: INFO     searchMethod			  = 0
2020-08-20 00:39:29,776: INFO     Identifying guides that have a hamming distance <= 3 to all other potential guides
2020-08-20 00:39:30,154: INFO     Set HNSW query-time parameters:
2020-08-20 00:39:30,154: INFO     ef(Search)         =256
2020-08-20 00:39:30,154: INFO     algoType           =2
2020-08-20 00:40:05,091: INFO     Formatting data for BedTools
2020-08-20 00:40:05,518: INFO     Create GuideMaker Annotation object
2020-08-20 00:40:05,518: INFO     Identify genomic features
2020-08-20 00:40:05,518: INFO     check if test/test_data/Escherichia.coli_str_K-12_substr_MG1655.gbk is gzipped
2020-08-20 00:40:06,893: INFO     Total number of CDS/locus in the input genome: 4357
2020-08-20 00:40:06,894: INFO     Find genomic features closest the guides
2020-08-20 00:40:09,860: INFO     Select guides that start between +100 and -100 of a feature start
2020-08-20 00:40:10,052: INFO     Select description columns
2020-08-20 00:40:10,129: INFO     Format the output
2020-08-20 00:40:10,894: INFO     creating random control guides
2020-08-20 00:40:30,176: INFO     created 10 control guides with a minimum distance of 7 and a median distance of 7
2020-08-20 00:40:30,182: INFO     guidemaker completed, results are at TEST
2020-08-20 00:40:30,182: INFO     PAM sequence: NGG
2020-08-20 00:40:30,182: INFO     PAM orientation: 5prime
2020-08-20 00:40:30,182: INFO     Genome strand(s) searched: both
2020-08-20 00:40:30,183: INFO     Total PAM sites considered: 542073
2020-08-20 00:40:30,183: INFO     Guide RNA candidates found: 35845
Number of random control searched:  100000
	Command being timed: "guidemaker -i test/test_data/Escherichia.coli_str_K-12_substr_MG1655.gbk --pamseq NGG --outdir TEST --pam_orientation 5prime --guidelength 20 --strand both --lcp 10 --dist 3 --before 100 --into 100 --knum 10 --controls 10 --log GuideMaker_57686126_8.log --threads 8"
	User time (seconds): 647.80
	System time (seconds): 12.33
	Percent of CPU this job got: 554%
	Elapsed (wall clock) time (h:mm:ss or m:ss): 1:59.13
	Average shared text size (kbytes): 0
	Average unshared data size (kbytes): 0
	Average stack size (kbytes): 0
	Average total size (kbytes): 0
	Maximum resident set size (kbytes): 1743640
	Average resident set size (kbytes): 0
	Major (requiring I/O) page faults: 0
	Minor (reclaiming a frame) page faults: 5457543
	Voluntary context switches: 92795
	Involuntary context switches: 146807
	Swaps: 0
	File system inputs: 0
	File system outputs: 196008
	Socket messages sent: 0
	Socket messages received: 0
	Signals delivered: 0
	Page size (bytes): 4096
	Exit status: 0
My SLURM_ARRAY_TASK_ID:  8
My TMPDIR IS:  /scratch/local/57686126
Input Genome:>>>>>>>>>>>>>>>>>>>>>>>>>>>>>>>>>>>>>>>>>>>  Escherichia.coli_str_K-12_substr_MG1655.gbk
Threads used:>>>>>>>>>>>>>>>>>>>>>>>>>>>>>>>>>>>>>>>>>>>  16
GuideMaker
2020-08-20 00:40:32,624: INFO     Temp directory is: /scratch/local/57686126/guidemaker_pdmd0x22
2020-08-20 00:40:32,625: INFO     Writing fasta file from genbank file(s)
2020-08-20 00:40:32,625: INFO     check if test/test_data/Escherichia.coli_str_K-12_substr_MG1655.gbk is gzipped
2020-08-20 00:40:33,564: INFO     Identifying PAM sites in the genome
2020-08-20 00:40:46,754: INFO     Identifing guides that are unique near the PAM site
2020-08-20 00:40:47,675: INFO     Indexing all potential guide sites: 542073. This is the longest step.
2020-08-20 00:40:50,282: INFO     M                   = 16
2020-08-20 00:40:50,282: INFO     indexThreadQty      = 16
2020-08-20 00:40:50,282: INFO     efConstruction      = 64
2020-08-20 00:40:50,282: INFO     maxM			          = 16
2020-08-20 00:40:50,282: INFO     maxM0			          = 32
2020-08-20 00:40:50,283: INFO     mult                = 0.360674
2020-08-20 00:40:50,283: INFO     skip_optimized_index= 0
2020-08-20 00:40:50,283: INFO     delaunay_type       = 2
2020-08-20 00:40:50,283: INFO     Set HNSW query-time parameters:
2020-08-20 00:40:50,283: INFO     ef(Search)         =20
2020-08-20 00:40:50,283: INFO     algoType           =2

0%   10   20   30   40   50   60   70   80   90   100%
|----|----|----|----|----|----|----|----|----|----|
***************************************************

0%   10   20   30   40   50   60   70   80   90   100%
|----|----|----|----|----|----|----|----|----|----|
****************************************************2020-08-20 00:41:12,203: INFO     No appropriate custom distance function for Hamming (bit-storage) space
2020-08-20 00:41:12,204: INFO     searchMethod			  = 0
2020-08-20 00:41:12,244: INFO     Identifying guides that have a hamming distance <= 3 to all other potential guides
2020-08-20 00:41:12,601: INFO     Set HNSW query-time parameters:
2020-08-20 00:41:12,601: INFO     ef(Search)         =256
2020-08-20 00:41:12,601: INFO     algoType           =2
2020-08-20 00:41:36,367: INFO     Formatting data for BedTools
2020-08-20 00:41:36,792: INFO     Create GuideMaker Annotation object
2020-08-20 00:41:36,792: INFO     Identify genomic features
2020-08-20 00:41:36,793: INFO     check if test/test_data/Escherichia.coli_str_K-12_substr_MG1655.gbk is gzipped
2020-08-20 00:41:38,168: INFO     Total number of CDS/locus in the input genome: 4357
2020-08-20 00:41:38,168: INFO     Find genomic features closest the guides
2020-08-20 00:41:41,096: INFO     Select guides that start between +100 and -100 of a feature start
2020-08-20 00:41:41,288: INFO     Select description columns
2020-08-20 00:41:41,364: INFO     Format the output
2020-08-20 00:41:42,128: INFO     creating random control guides
2020-08-20 00:41:55,946: INFO     created 10 control guides with a minimum distance of 7 and a median distance of 7
2020-08-20 00:41:55,949: INFO     guidemaker completed, results are at TEST
2020-08-20 00:41:55,949: INFO     PAM sequence: NGG
2020-08-20 00:41:55,949: INFO     PAM orientation: 5prime
2020-08-20 00:41:55,949: INFO     Genome strand(s) searched: both
2020-08-20 00:41:55,949: INFO     Total PAM sites considered: 542073
2020-08-20 00:41:55,949: INFO     Guide RNA candidates found: 35845
Number of random control searched:  100000
	Command being timed: "guidemaker -i test/test_data/Escherichia.coli_str_K-12_substr_MG1655.gbk --pamseq NGG --outdir TEST --pam_orientation 5prime --guidelength 20 --strand both --lcp 10 --dist 3 --before 100 --into 100 --knum 10 --controls 10 --log GuideMaker_57686126_8.log --threads 16"
	User time (seconds): 702.85
	System time (seconds): 17.40
	Percent of CPU this job got: 839%
	Elapsed (wall clock) time (h:mm:ss or m:ss): 1:25.78
	Average shared text size (kbytes): 0
	Average unshared data size (kbytes): 0
	Average stack size (kbytes): 0
	Average total size (kbytes): 0
	Maximum resident set size (kbytes): 1764472
	Average resident set size (kbytes): 0
	Major (requiring I/O) page faults: 0
	Minor (reclaiming a frame) page faults: 4547142
	Voluntary context switches: 186834
	Involuntary context switches: 146105
	Swaps: 0
	File system inputs: 0
	File system outputs: 195992
	Socket messages sent: 0
	Socket messages received: 0
	Signals delivered: 0
	Page size (bytes): 4096
	Exit status: 0
My SLURM_ARRAY_TASK_ID:  8
My TMPDIR IS:  /scratch/local/57686126
Input Genome:>>>>>>>>>>>>>>>>>>>>>>>>>>>>>>>>>>>>>>>>>>>  Escherichia.coli_str_K-12_substr_MG1655.gbk
Threads used:>>>>>>>>>>>>>>>>>>>>>>>>>>>>>>>>>>>>>>>>>>>  32
GuideMaker
2020-08-20 00:41:58,338: INFO     Temp directory is: /scratch/local/57686126/guidemaker_qt_0ucfm
2020-08-20 00:41:58,338: INFO     Writing fasta file from genbank file(s)
2020-08-20 00:41:58,338: INFO     check if test/test_data/Escherichia.coli_str_K-12_substr_MG1655.gbk is gzipped
2020-08-20 00:41:59,244: INFO     Identifying PAM sites in the genome
2020-08-20 00:42:11,498: INFO     Identifing guides that are unique near the PAM site
2020-08-20 00:42:12,399: INFO     Indexing all potential guide sites: 542073. This is the longest step.
2020-08-20 00:42:15,313: INFO     M                   = 16
2020-08-20 00:42:15,313: INFO     indexThreadQty      = 32
2020-08-20 00:42:15,313: INFO     efConstruction      = 64
2020-08-20 00:42:15,313: INFO     maxM			          = 16
2020-08-20 00:42:15,313: INFO     maxM0			          = 32
2020-08-20 00:42:15,313: INFO     mult                = 0.360674
2020-08-20 00:42:15,313: INFO     skip_optimized_index= 0
2020-08-20 00:42:15,313: INFO     delaunay_type       = 2
2020-08-20 00:42:15,314: INFO     Set HNSW query-time parameters:
2020-08-20 00:42:15,314: INFO     ef(Search)         =20
2020-08-20 00:42:15,314: INFO     algoType           =2

0%   10   20   30   40   50   60   70   80   90   100%
|----|----|----|----|----|----|----|----|----|----|
***************************************************

0%   10   20   30   40   50   60   70   80   90   100%
|----|----|----|----|----|----|----|----|----|----|
*******************************************************2020-08-20 00:42:27,391: INFO     No appropriate custom distance function for Hamming (bit-storage) space
2020-08-20 00:42:27,391: INFO     searchMethod			  = 0
2020-08-20 00:42:27,437: INFO     Identifying guides that have a hamming distance <= 3 to all other potential guides
2020-08-20 00:42:27,820: INFO     Set HNSW query-time parameters:
2020-08-20 00:42:27,820: INFO     ef(Search)         =256
2020-08-20 00:42:27,820: INFO     algoType           =2
2020-08-20 00:42:46,106: INFO     Formatting data for BedTools
2020-08-20 00:42:46,543: INFO     Create GuideMaker Annotation object
2020-08-20 00:42:46,543: INFO     Identify genomic features
2020-08-20 00:42:46,544: INFO     check if test/test_data/Escherichia.coli_str_K-12_substr_MG1655.gbk is gzipped
2020-08-20 00:42:47,925: INFO     Total number of CDS/locus in the input genome: 4357
2020-08-20 00:42:47,925: INFO     Find genomic features closest the guides
2020-08-20 00:42:50,894: INFO     Select guides that start between +100 and -100 of a feature start
2020-08-20 00:42:51,087: INFO     Select description columns
2020-08-20 00:42:51,166: INFO     Format the output
2020-08-20 00:42:51,939: INFO     creating random control guides
2020-08-20 00:43:02,682: INFO     created 10 control guides with a minimum distance of 7 and a median distance of 7
2020-08-20 00:43:02,685: INFO     guidemaker completed, results are at TEST
2020-08-20 00:43:02,685: INFO     PAM sequence: NGG
2020-08-20 00:43:02,685: INFO     PAM orientation: 5prime
2020-08-20 00:43:02,685: INFO     Genome strand(s) searched: both
2020-08-20 00:43:02,685: INFO     Total PAM sites considered: 542073
2020-08-20 00:43:02,685: INFO     Guide RNA candidates found: 35845
Number of random control searched:  100000
	Command being timed: "guidemaker -i test/test_data/Escherichia.coli_str_K-12_substr_MG1655.gbk --pamseq NGG --outdir TEST --pam_orientation 5prime --guidelength 20 --strand both --lcp 10 --dist 3 --before 100 --into 100 --knum 10 --controls 10 --log GuideMaker_57686126_8.log --threads 32"
	User time (seconds): 775.26
	System time (seconds): 23.86
	Percent of CPU this job got: 1196%
	Elapsed (wall clock) time (h:mm:ss or m:ss): 1:06.76
	Average shared text size (kbytes): 0
	Average unshared data size (kbytes): 0
	Average stack size (kbytes): 0
	Average total size (kbytes): 0
	Maximum resident set size (kbytes): 1775292
	Average resident set size (kbytes): 0
	Major (requiring I/O) page faults: 0
	Minor (reclaiming a frame) page faults: 3528230
	Voluntary context switches: 363236
	Involuntary context switches: 295988
	Swaps: 0
	File system inputs: 0
	File system outputs: 195984
	Socket messages sent: 0
	Socket messages received: 0
	Signals delivered: 0
	Page size (bytes): 4096
	Exit status: 0
