Thu Feb  4 16:52:30 EST 2021
c22b-s27.ufhpc
/blue/garrett/rp3448/analysis/guidemaker/AVXGuidemaker
My SLURM_ARRAY_TASK_ID:  9
My TMPDIR IS:  /scratch/local/63825927
Input Genome:>>>>>>>>>>>>>>>>>>>>>>>>>>>>>>>>>>>>>>>>>>>  Escherichia.coli_str_K-12_substr_MG1655.gbk
Input PAM:>>>>>>>>>>>>>>>>>>>>>>>>>>>>>>>>>>>>>>>>>>>  NGRRT
Threads used:>>>>>>>>>>>>>>>>>>>>>>>>>>>>>>>>>>>>>>>>>>>  1
GuideMaker
2021-02-04 16:52:35,326: INFO     Temp directory is: /scratch/local/63825927/guidemaker_b1dr44ac
2021-02-04 16:52:35,327: INFO     Writing fasta file from genbank file(s)
2021-02-04 16:52:35,327: INFO     check if ../all_test_data/Escherichia.coli_str_K-12_substr_MG1655.gbk is gzipped
2021-02-04 16:52:36,233: INFO     Identifying PAM sites in the genome
2021-02-04 16:52:40,441: INFO     Checking guides for restriction enzymes
2021-02-04 16:52:40,471: INFO     Number of guides removed after checking for restriction enzymes: 0
2021-02-04 16:52:40,472: INFO     Identifing guides that are unique near the PAM site
2021-02-04 16:52:40,638: INFO     Number of guides removed after checking for unique PAM: 11268
2021-02-04 16:52:40,639: INFO     Indexing all potential guide sites: 115034. This is the longest step.
2021-02-04 16:52:41,178: INFO     M                   = 16
2021-02-04 16:52:41,178: INFO     indexThreadQty      = 1
2021-02-04 16:52:41,178: INFO     efConstruction      = 10
2021-02-04 16:52:41,178: INFO     maxM			          = 16
2021-02-04 16:52:41,178: INFO     maxM0			          = 32
2021-02-04 16:52:41,178: INFO     mult                = 0.360674
2021-02-04 16:52:41,178: INFO     skip_optimized_index= 0
2021-02-04 16:52:41,179: INFO     delaunay_type       = 2
2021-02-04 16:52:41,179: INFO     Set HNSW query-time parameters:
2021-02-04 16:52:41,179: INFO     ef(Search)         =20
2021-02-04 16:52:41,179: INFO     algoType           =2

0%   10   20   30   40   50   60   70   80   90   100%
|----|----|----|----|----|----|----|----|----|----|
***************************************************

0%   10   20   30   40   50   60   70   80   90   100%
|----|----|----|----|----|----|----|----|----|----|
***************************************************
*2021-02-04 16:52:46,952: INFO     No appropriate custom distance function for Hamming (bit-storage) space
2021-02-04 16:52:46,953: INFO     searchMethod			  = 0
2021-02-04 16:52:46,962: INFO     Identifying guides that have a hamming distance <= 3 to all other potential guides
2021-02-04 16:52:47,103: INFO     Set HNSW query-time parameters:
2021-02-04 16:52:47,104: INFO     ef(Search)         =9
2021-02-04 16:52:47,104: INFO     algoType           =2
2021-02-04 16:52:54,330: INFO     Formatting data for BedTools
2021-02-04 16:52:54,516: INFO     Create GuideMaker Annotation object
2021-02-04 16:52:54,516: INFO     Identify genomic features
2021-02-04 16:52:54,516: INFO     check if ../all_test_data/Escherichia.coli_str_K-12_substr_MG1655.gbk is gzipped
2021-02-04 16:52:55,579: INFO     Total number of CDS/locus in the input genome: 4357
2021-02-04 16:52:55,579: INFO     Find genomic features closest the guides
2021-02-04 16:52:57,048: INFO     Select guides that start between +500 and -500 of a feature start
2021-02-04 16:52:57,212: INFO     Select description columns
2021-02-04 16:52:57,288: INFO     Format the output
2021-02-04 16:52:58,028: INFO     Number of Guides within a gene coordinates i.e. zero Feature distance: 43500
2021-02-04 16:52:59,233: INFO     creating random control guides
2021-02-04 16:52:59,305: INFO     Number of random control searched: 100
2021-02-04 16:52:59,305: INFO     Percentage of GC content in the input genome: 50.79
2021-02-04 16:52:59,305: INFO     Total length of the genome: 4.4 MB
2021-02-04 16:52:59,305: INFO     created 10 control guides with a minimum distance of 8 and a median distance of 8
2021-02-04 16:52:59,308: INFO     guidemaker completed, results are at TEST
2021-02-04 16:52:59,308: INFO     PAM sequence: NGRRT
2021-02-04 16:52:59,308: INFO     PAM orientation: 3prime
2021-02-04 16:52:59,308: INFO     Genome strand(s) searched: both
2021-02-04 16:52:59,308: INFO     Total PAM sites considered: 115034
2021-02-04 16:52:59,308: INFO     Guide RNA candidates found: 76597
	Command being timed: "guidemaker -i ../all_test_data/Escherichia.coli_str_K-12_substr_MG1655.gbk --pamseq NGRRT --outdir TEST --pam_orientation 3prime --guidelength 20 --strand both --lcp 11 --dist 3 --before 500 --into 500 --knum 10 --controls 10 --log GM_63825927_9.log --threads 1"
	User time (seconds): 25.29
	System time (seconds): 2.50
	Percent of CPU this job got: 109%
	Elapsed (wall clock) time (h:mm:ss or m:ss): 0:25.45
	Average shared text size (kbytes): 0
	Average unshared data size (kbytes): 0
	Average stack size (kbytes): 0
	Average total size (kbytes): 0
	Maximum resident set size (kbytes): 538664
	Average resident set size (kbytes): 0
	Major (requiring I/O) page faults: 0
	Minor (reclaiming a frame) page faults: 539225
	Voluntary context switches: 3037
	Involuntary context switches: 428115
	Swaps: 0
	File system inputs: 136
	File system outputs: 161808
	Socket messages sent: 0
	Socket messages received: 0
	Signals delivered: 0
	Page size (bytes): 4096
	Exit status: 0
My SLURM_ARRAY_TASK_ID:  9
My TMPDIR IS:  /scratch/local/63825927
Input Genome:>>>>>>>>>>>>>>>>>>>>>>>>>>>>>>>>>>>>>>>>>>>  Escherichia.coli_str_K-12_substr_MG1655.gbk
Input PAM:>>>>>>>>>>>>>>>>>>>>>>>>>>>>>>>>>>>>>>>>>>>  NGRRT
Threads used:>>>>>>>>>>>>>>>>>>>>>>>>>>>>>>>>>>>>>>>>>>>  2
GuideMaker
2021-02-04 16:53:00,500: INFO     Temp directory is: /scratch/local/63825927/guidemaker_efsftdht
2021-02-04 16:53:00,500: INFO     Writing fasta file from genbank file(s)
2021-02-04 16:53:00,500: INFO     check if ../all_test_data/Escherichia.coli_str_K-12_substr_MG1655.gbk is gzipped
2021-02-04 16:53:01,394: INFO     Identifying PAM sites in the genome
2021-02-04 16:53:05,525: INFO     Checking guides for restriction enzymes
2021-02-04 16:53:05,556: INFO     Number of guides removed after checking for restriction enzymes: 0
2021-02-04 16:53:05,556: INFO     Identifing guides that are unique near the PAM site
2021-02-04 16:53:05,725: INFO     Number of guides removed after checking for unique PAM: 11268
2021-02-04 16:53:05,725: INFO     Indexing all potential guide sites: 115034. This is the longest step.
2021-02-04 16:53:06,263: INFO     M                   = 16
2021-02-04 16:53:06,263: INFO     indexThreadQty      = 2
2021-02-04 16:53:06,263: INFO     efConstruction      = 10
2021-02-04 16:53:06,263: INFO     maxM			          = 16
2021-02-04 16:53:06,263: INFO     maxM0			          = 32
2021-02-04 16:53:06,263: INFO     mult                = 0.360674
2021-02-04 16:53:06,263: INFO     skip_optimized_index= 0
2021-02-04 16:53:06,263: INFO     delaunay_type       = 2
2021-02-04 16:53:06,264: INFO     Set HNSW query-time parameters:
2021-02-04 16:53:06,264: INFO     ef(Search)         =20
2021-02-04 16:53:06,264: INFO     algoType           =2

0%   10   20   30   40   50   60   70   80   90   100%
|----|----|----|----|----|----|----|----|----|----|
***************************************************

0%   10   20   30   40   50   60   70   80   90   100%
|----|----|----|----|----|----|----|----|----|----|
****************************************************2021-02-04 16:53:10,240: INFO     No appropriate custom distance function for Hamming (bit-storage) space
2021-02-04 16:53:10,240: INFO     searchMethod			  = 0
2021-02-04 16:53:10,250: INFO     Identifying guides that have a hamming distance <= 3 to all other potential guides
2021-02-04 16:53:10,395: INFO     Set HNSW query-time parameters:
2021-02-04 16:53:10,396: INFO     ef(Search)         =9
2021-02-04 16:53:10,396: INFO     algoType           =2
2021-02-04 16:53:16,200: INFO     Formatting data for BedTools
2021-02-04 16:53:16,384: INFO     Create GuideMaker Annotation object
2021-02-04 16:53:16,384: INFO     Identify genomic features
2021-02-04 16:53:16,385: INFO     check if ../all_test_data/Escherichia.coli_str_K-12_substr_MG1655.gbk is gzipped
2021-02-04 16:53:17,426: INFO     Total number of CDS/locus in the input genome: 4357
2021-02-04 16:53:17,426: INFO     Find genomic features closest the guides
2021-02-04 16:53:18,878: INFO     Select guides that start between +500 and -500 of a feature start
2021-02-04 16:53:19,057: INFO     Select description columns
2021-02-04 16:53:19,133: INFO     Format the output
2021-02-04 16:53:19,889: INFO     Number of Guides within a gene coordinates i.e. zero Feature distance: 43520
2021-02-04 16:53:20,787: INFO     creating random control guides
2021-02-04 16:53:20,861: INFO     Number of random control searched: 100
2021-02-04 16:53:20,861: INFO     Percentage of GC content in the input genome: 50.79
2021-02-04 16:53:20,862: INFO     Total length of the genome: 4.4 MB
2021-02-04 16:53:20,862: INFO     created 10 control guides with a minimum distance of 8 and a median distance of 8
2021-02-04 16:53:20,865: INFO     guidemaker completed, results are at TEST
2021-02-04 16:53:20,865: INFO     PAM sequence: NGRRT
2021-02-04 16:53:20,865: INFO     PAM orientation: 3prime
2021-02-04 16:53:20,865: INFO     Genome strand(s) searched: both
2021-02-04 16:53:20,865: INFO     Total PAM sites considered: 115034
2021-02-04 16:53:20,865: INFO     Guide RNA candidates found: 76622
	Command being timed: "guidemaker -i ../all_test_data/Escherichia.coli_str_K-12_substr_MG1655.gbk --pamseq NGRRT --outdir TEST --pam_orientation 3prime --guidelength 20 --strand both --lcp 11 --dist 3 --before 500 --into 500 --knum 10 --controls 10 --log GM_63825927_9.log --threads 2"
	User time (seconds): 27.33
	System time (seconds): 2.56
	Percent of CPU this job got: 138%
	Elapsed (wall clock) time (h:mm:ss or m:ss): 0:21.56
	Average shared text size (kbytes): 0
	Average unshared data size (kbytes): 0
	Average stack size (kbytes): 0
	Average total size (kbytes): 0
	Maximum resident set size (kbytes): 563660
	Average resident set size (kbytes): 0
	Major (requiring I/O) page faults: 0
	Minor (reclaiming a frame) page faults: 561787
	Voluntary context switches: 12482
	Involuntary context switches: 249079
	Swaps: 0
	File system inputs: 56
	File system outputs: 161816
	Socket messages sent: 0
	Socket messages received: 0
	Signals delivered: 0
	Page size (bytes): 4096
	Exit status: 0
My SLURM_ARRAY_TASK_ID:  9
My TMPDIR IS:  /scratch/local/63825927
Input Genome:>>>>>>>>>>>>>>>>>>>>>>>>>>>>>>>>>>>>>>>>>>>  Escherichia.coli_str_K-12_substr_MG1655.gbk
Input PAM:>>>>>>>>>>>>>>>>>>>>>>>>>>>>>>>>>>>>>>>>>>>  NGRRT
Threads used:>>>>>>>>>>>>>>>>>>>>>>>>>>>>>>>>>>>>>>>>>>>  4
GuideMaker
2021-02-04 16:53:22,064: INFO     Temp directory is: /scratch/local/63825927/guidemaker_u5in5ni2
2021-02-04 16:53:22,064: INFO     Writing fasta file from genbank file(s)
2021-02-04 16:53:22,065: INFO     check if ../all_test_data/Escherichia.coli_str_K-12_substr_MG1655.gbk is gzipped
2021-02-04 16:53:22,967: INFO     Identifying PAM sites in the genome
2021-02-04 16:53:27,177: INFO     Checking guides for restriction enzymes
2021-02-04 16:53:27,207: INFO     Number of guides removed after checking for restriction enzymes: 0
2021-02-04 16:53:27,207: INFO     Identifing guides that are unique near the PAM site
2021-02-04 16:53:27,377: INFO     Number of guides removed after checking for unique PAM: 11268
2021-02-04 16:53:27,377: INFO     Indexing all potential guide sites: 115034. This is the longest step.
2021-02-04 16:53:27,912: INFO     M                   = 16
2021-02-04 16:53:27,912: INFO     indexThreadQty      = 4
2021-02-04 16:53:27,912: INFO     efConstruction      = 10
2021-02-04 16:53:27,912: INFO     maxM			          = 16
2021-02-04 16:53:27,912: INFO     maxM0			          = 32
2021-02-04 16:53:27,912: INFO     mult                = 0.360674
2021-02-04 16:53:27,912: INFO     skip_optimized_index= 0
2021-02-04 16:53:27,913: INFO     delaunay_type       = 2
2021-02-04 16:53:27,913: INFO     Set HNSW query-time parameters:
2021-02-04 16:53:27,913: INFO     ef(Search)         =20
2021-02-04 16:53:27,913: INFO     algoType           =2

0%   10   20   30   40   50   60   70   80   90   100%
|----|----|----|----|----|----|----|----|----|----|
***************************************************

0%   10   20   30   40   50   60   70   80   90   100%
|----|----|----|----|----|----|----|----|----|----|
********************************************************2021-02-04 16:53:29,960: INFO     No appropriate custom distance function for Hamming (bit-storage) space
2021-02-04 16:53:29,960: INFO     searchMethod			  = 0
2021-02-04 16:53:29,968: INFO     Identifying guides that have a hamming distance <= 3 to all other potential guides
2021-02-04 16:53:30,107: INFO     Set HNSW query-time parameters:
2021-02-04 16:53:30,107: INFO     ef(Search)         =9
2021-02-04 16:53:30,107: INFO     algoType           =2
2021-02-04 16:53:35,554: INFO     Formatting data for BedTools
2021-02-04 16:53:35,763: INFO     Create GuideMaker Annotation object
2021-02-04 16:53:35,763: INFO     Identify genomic features
2021-02-04 16:53:35,763: INFO     check if ../all_test_data/Escherichia.coli_str_K-12_substr_MG1655.gbk is gzipped
2021-02-04 16:53:37,039: INFO     Total number of CDS/locus in the input genome: 4357
2021-02-04 16:53:37,039: INFO     Find genomic features closest the guides
2021-02-04 16:53:38,551: INFO     Select guides that start between +500 and -500 of a feature start
2021-02-04 16:53:38,718: INFO     Select description columns
2021-02-04 16:53:38,796: INFO     Format the output
2021-02-04 16:53:39,558: INFO     Number of Guides within a gene coordinates i.e. zero Feature distance: 43510
2021-02-04 16:53:40,446: INFO     creating random control guides
2021-02-04 16:53:40,530: INFO     Number of random control searched: 100
2021-02-04 16:53:40,530: INFO     Percentage of GC content in the input genome: 50.79
2021-02-04 16:53:40,530: INFO     Total length of the genome: 4.4 MB
2021-02-04 16:53:40,530: INFO     created 10 control guides with a minimum distance of 8 and a median distance of 8
2021-02-04 16:53:40,533: INFO     guidemaker completed, results are at TEST
2021-02-04 16:53:40,533: INFO     PAM sequence: NGRRT
2021-02-04 16:53:40,533: INFO     PAM orientation: 3prime
2021-02-04 16:53:40,533: INFO     Genome strand(s) searched: both
2021-02-04 16:53:40,533: INFO     Total PAM sites considered: 115034
2021-02-04 16:53:40,533: INFO     Guide RNA candidates found: 76620
	Command being timed: "guidemaker -i ../all_test_data/Escherichia.coli_str_K-12_substr_MG1655.gbk --pamseq NGRRT --outdir TEST --pam_orientation 3prime --guidelength 20 --strand both --lcp 11 --dist 3 --before 500 --into 500 --knum 10 --controls 10 --log GM_63825927_9.log --threads 4"
	User time (seconds): 28.33
	System time (seconds): 2.64
	Percent of CPU this job got: 157%
	Elapsed (wall clock) time (h:mm:ss or m:ss): 0:19.69
	Average shared text size (kbytes): 0
	Average unshared data size (kbytes): 0
	Average stack size (kbytes): 0
	Average total size (kbytes): 0
	Maximum resident set size (kbytes): 563884
	Average resident set size (kbytes): 0
	Major (requiring I/O) page faults: 0
	Minor (reclaiming a frame) page faults: 543225
	Voluntary context switches: 21533
	Involuntary context switches: 77840
	Swaps: 0
	File system inputs: 168
	File system outputs: 161824
	Socket messages sent: 0
	Socket messages received: 0
	Signals delivered: 0
	Page size (bytes): 4096
	Exit status: 0
My SLURM_ARRAY_TASK_ID:  9
My TMPDIR IS:  /scratch/local/63825927
Input Genome:>>>>>>>>>>>>>>>>>>>>>>>>>>>>>>>>>>>>>>>>>>>  Escherichia.coli_str_K-12_substr_MG1655.gbk
Input PAM:>>>>>>>>>>>>>>>>>>>>>>>>>>>>>>>>>>>>>>>>>>>  NGRRT
Threads used:>>>>>>>>>>>>>>>>>>>>>>>>>>>>>>>>>>>>>>>>>>>  8
GuideMaker
2021-02-04 16:53:42,089: INFO     Temp directory is: /scratch/local/63825927/guidemaker_m3uf_rj9
2021-02-04 16:53:42,089: INFO     Writing fasta file from genbank file(s)
2021-02-04 16:53:42,090: INFO     check if ../all_test_data/Escherichia.coli_str_K-12_substr_MG1655.gbk is gzipped
2021-02-04 16:53:42,995: INFO     Identifying PAM sites in the genome
2021-02-04 16:53:47,178: INFO     Checking guides for restriction enzymes
2021-02-04 16:53:47,208: INFO     Number of guides removed after checking for restriction enzymes: 0
2021-02-04 16:53:47,208: INFO     Identifing guides that are unique near the PAM site
2021-02-04 16:53:47,376: INFO     Number of guides removed after checking for unique PAM: 11268
2021-02-04 16:53:47,376: INFO     Indexing all potential guide sites: 115034. This is the longest step.
2021-02-04 16:53:47,916: INFO     M                   = 16
2021-02-04 16:53:47,917: INFO     indexThreadQty      = 8
2021-02-04 16:53:47,917: INFO     efConstruction      = 10
2021-02-04 16:53:47,917: INFO     maxM			          = 16
2021-02-04 16:53:47,917: INFO     maxM0			          = 32
2021-02-04 16:53:47,917: INFO     mult                = 0.360674
2021-02-04 16:53:47,917: INFO     skip_optimized_index= 0
2021-02-04 16:53:47,917: INFO     delaunay_type       = 2
2021-02-04 16:53:47,917: INFO     Set HNSW query-time parameters:
2021-02-04 16:53:47,917: INFO     ef(Search)         =20
2021-02-04 16:53:47,917: INFO     algoType           =2

0%   10   20   30   40   50   60   70   80   90   100%
|----|----|----|----|----|----|----|----|----|----|
***************************************************

0%   10   20   30   40   50   60   70   80   90   100%
|----|----|----|----|----|----|----|----|----|----|
*******************************************************2021-02-04 16:53:49,060: INFO     No appropriate custom distance function for Hamming (bit-storage) space
2021-02-04 16:53:49,060: INFO     searchMethod			  = 0
2021-02-04 16:53:49,065: INFO     Identifying guides that have a hamming distance <= 3 to all other potential guides
2021-02-04 16:53:49,210: INFO     Set HNSW query-time parameters:
2021-02-04 16:53:49,210: INFO     ef(Search)         =9
2021-02-04 16:53:49,210: INFO     algoType           =2
2021-02-04 16:53:54,057: INFO     Formatting data for BedTools
2021-02-04 16:53:54,242: INFO     Create GuideMaker Annotation object
2021-02-04 16:53:54,242: INFO     Identify genomic features
2021-02-04 16:53:54,243: INFO     check if ../all_test_data/Escherichia.coli_str_K-12_substr_MG1655.gbk is gzipped
2021-02-04 16:53:55,339: INFO     Total number of CDS/locus in the input genome: 4357
2021-02-04 16:53:55,339: INFO     Find genomic features closest the guides
2021-02-04 16:53:56,796: INFO     Select guides that start between +500 and -500 of a feature start
2021-02-04 16:53:56,964: INFO     Select description columns
2021-02-04 16:53:57,042: INFO     Format the output
2021-02-04 16:53:57,799: INFO     Number of Guides within a gene coordinates i.e. zero Feature distance: 43510
2021-02-04 16:53:58,738: INFO     creating random control guides
2021-02-04 16:53:58,840: INFO     Number of random control searched: 100
2021-02-04 16:53:58,840: INFO     Percentage of GC content in the input genome: 50.79
2021-02-04 16:53:58,840: INFO     Total length of the genome: 4.4 MB
2021-02-04 16:53:58,840: INFO     created 10 control guides with a minimum distance of 8 and a median distance of 8
2021-02-04 16:53:58,842: INFO     guidemaker completed, results are at TEST
2021-02-04 16:53:58,843: INFO     PAM sequence: NGRRT
2021-02-04 16:53:58,843: INFO     PAM orientation: 3prime
2021-02-04 16:53:58,843: INFO     Genome strand(s) searched: both
2021-02-04 16:53:58,843: INFO     Total PAM sites considered: 115034
2021-02-04 16:53:58,843: INFO     Guide RNA candidates found: 76619
	Command being timed: "guidemaker -i ../all_test_data/Escherichia.coli_str_K-12_substr_MG1655.gbk --pamseq NGRRT --outdir TEST --pam_orientation 3prime --guidelength 20 --strand both --lcp 11 --dist 3 --before 500 --into 500 --knum 10 --controls 10 --log GM_63825927_9.log --threads 8"
	User time (seconds): 28.43
	System time (seconds): 2.99
	Percent of CPU this job got: 171%
	Elapsed (wall clock) time (h:mm:ss or m:ss): 0:18.31
	Average shared text size (kbytes): 0
	Average unshared data size (kbytes): 0
	Average stack size (kbytes): 0
	Average total size (kbytes): 0
	Maximum resident set size (kbytes): 578620
	Average resident set size (kbytes): 0
	Major (requiring I/O) page faults: 0
	Minor (reclaiming a frame) page faults: 557180
	Voluntary context switches: 41209
	Involuntary context switches: 281924
	Swaps: 0
	File system inputs: 160
	File system outputs: 161800
	Socket messages sent: 0
	Socket messages received: 0
	Signals delivered: 0
	Page size (bytes): 4096
	Exit status: 0
My SLURM_ARRAY_TASK_ID:  9
My TMPDIR IS:  /scratch/local/63825927
Input Genome:>>>>>>>>>>>>>>>>>>>>>>>>>>>>>>>>>>>>>>>>>>>  Escherichia.coli_str_K-12_substr_MG1655.gbk
Input PAM:>>>>>>>>>>>>>>>>>>>>>>>>>>>>>>>>>>>>>>>>>>>  NGRRT
Threads used:>>>>>>>>>>>>>>>>>>>>>>>>>>>>>>>>>>>>>>>>>>>  16
GuideMaker
2021-02-04 16:54:00,094: INFO     Temp directory is: /scratch/local/63825927/guidemaker_tvkk03pi
2021-02-04 16:54:00,094: INFO     Writing fasta file from genbank file(s)
2021-02-04 16:54:00,094: INFO     check if ../all_test_data/Escherichia.coli_str_K-12_substr_MG1655.gbk is gzipped
2021-02-04 16:54:00,986: INFO     Identifying PAM sites in the genome
2021-02-04 16:54:05,145: INFO     Checking guides for restriction enzymes
2021-02-04 16:54:05,176: INFO     Number of guides removed after checking for restriction enzymes: 0
2021-02-04 16:54:05,176: INFO     Identifing guides that are unique near the PAM site
2021-02-04 16:54:05,342: INFO     Number of guides removed after checking for unique PAM: 11268
2021-02-04 16:54:05,342: INFO     Indexing all potential guide sites: 115034. This is the longest step.
2021-02-04 16:54:05,875: INFO     M                   = 16
2021-02-04 16:54:05,875: INFO     indexThreadQty      = 16
2021-02-04 16:54:05,875: INFO     efConstruction      = 10
2021-02-04 16:54:05,875: INFO     maxM			          = 16
2021-02-04 16:54:05,875: INFO     maxM0			          = 32
2021-02-04 16:54:05,875: INFO     mult                = 0.360674
2021-02-04 16:54:05,875: INFO     skip_optimized_index= 0
2021-02-04 16:54:05,875: INFO     delaunay_type       = 2
2021-02-04 16:54:05,876: INFO     Set HNSW query-time parameters:
2021-02-04 16:54:05,876: INFO     ef(Search)         =20
2021-02-04 16:54:05,876: INFO     algoType           =2

0%   10   20   30   40   50   60   70   80   90   100%
|----|----|----|----|----|----|----|----|----|----|
***************************************************

0%   10   20   30   40   50   60   70   80   90   100%
|----|----|----|----|----|----|----|----|----|----|
****************************************************2021-02-04 16:54:06,564: INFO     No appropriate custom distance function for Hamming (bit-storage) space
2021-02-04 16:54:06,564: INFO     searchMethod			  = 0
2021-02-04 16:54:06,569: INFO     Identifying guides that have a hamming distance <= 3 to all other potential guides
2021-02-04 16:54:06,705: INFO     Set HNSW query-time parameters:
2021-02-04 16:54:06,705: INFO     ef(Search)         =9
2021-02-04 16:54:06,705: INFO     algoType           =2
2021-02-04 16:54:11,601: INFO     Formatting data for BedTools
2021-02-04 16:54:11,794: INFO     Create GuideMaker Annotation object
2021-02-04 16:54:11,794: INFO     Identify genomic features
2021-02-04 16:54:11,795: INFO     check if ../all_test_data/Escherichia.coli_str_K-12_substr_MG1655.gbk is gzipped
2021-02-04 16:54:12,850: INFO     Total number of CDS/locus in the input genome: 4357
2021-02-04 16:54:12,851: INFO     Find genomic features closest the guides
2021-02-04 16:54:14,295: INFO     Select guides that start between +500 and -500 of a feature start
2021-02-04 16:54:14,459: INFO     Select description columns
2021-02-04 16:54:14,535: INFO     Format the output
2021-02-04 16:54:15,290: INFO     Number of Guides within a gene coordinates i.e. zero Feature distance: 43504
2021-02-04 16:54:16,183: INFO     creating random control guides
2021-02-04 16:54:16,260: INFO     Number of random control searched: 100
2021-02-04 16:54:16,260: INFO     Percentage of GC content in the input genome: 50.79
2021-02-04 16:54:16,260: INFO     Total length of the genome: 4.4 MB
2021-02-04 16:54:16,260: INFO     created 10 control guides with a minimum distance of 7 and a median distance of 8
2021-02-04 16:54:16,263: INFO     guidemaker completed, results are at TEST
2021-02-04 16:54:16,263: INFO     PAM sequence: NGRRT
2021-02-04 16:54:16,263: INFO     PAM orientation: 3prime
2021-02-04 16:54:16,263: INFO     Genome strand(s) searched: both
2021-02-04 16:54:16,263: INFO     Total PAM sites considered: 115034
2021-02-04 16:54:16,263: INFO     Guide RNA candidates found: 76611
	Command being timed: "guidemaker -i ../all_test_data/Escherichia.coli_str_K-12_substr_MG1655.gbk --pamseq NGRRT --outdir TEST --pam_orientation 3prime --guidelength 20 --strand both --lcp 11 --dist 3 --before 500 --into 500 --knum 10 --controls 10 --log GM_63825927_9.log --threads 16"
	User time (seconds): 30.25
	System time (seconds): 3.18
	Percent of CPU this job got: 192%
	Elapsed (wall clock) time (h:mm:ss or m:ss): 0:17.40
	Average shared text size (kbytes): 0
	Average unshared data size (kbytes): 0
	Average stack size (kbytes): 0
	Average total size (kbytes): 0
	Maximum resident set size (kbytes): 580340
	Average resident set size (kbytes): 0
	Major (requiring I/O) page faults: 0
	Minor (reclaiming a frame) page faults: 541222
	Voluntary context switches: 86003
	Involuntary context switches: 44191
	Swaps: 0
	File system inputs: 176
	File system outputs: 161816
	Socket messages sent: 0
	Socket messages received: 0
	Signals delivered: 0
	Page size (bytes): 4096
	Exit status: 0
My SLURM_ARRAY_TASK_ID:  9
My TMPDIR IS:  /scratch/local/63825927
Input Genome:>>>>>>>>>>>>>>>>>>>>>>>>>>>>>>>>>>>>>>>>>>>  Escherichia.coli_str_K-12_substr_MG1655.gbk
Input PAM:>>>>>>>>>>>>>>>>>>>>>>>>>>>>>>>>>>>>>>>>>>>  NGRRT
Threads used:>>>>>>>>>>>>>>>>>>>>>>>>>>>>>>>>>>>>>>>>>>>  32
GuideMaker
2021-02-04 16:54:17,539: INFO     Temp directory is: /scratch/local/63825927/guidemaker__23b0441
2021-02-04 16:54:17,539: INFO     Writing fasta file from genbank file(s)
2021-02-04 16:54:17,539: INFO     check if ../all_test_data/Escherichia.coli_str_K-12_substr_MG1655.gbk is gzipped
2021-02-04 16:54:18,441: INFO     Identifying PAM sites in the genome
2021-02-04 16:54:22,794: INFO     Checking guides for restriction enzymes
2021-02-04 16:54:22,825: INFO     Number of guides removed after checking for restriction enzymes: 0
2021-02-04 16:54:22,825: INFO     Identifing guides that are unique near the PAM site
2021-02-04 16:54:22,993: INFO     Number of guides removed after checking for unique PAM: 11268
2021-02-04 16:54:22,993: INFO     Indexing all potential guide sites: 115034. This is the longest step.
2021-02-04 16:54:23,666: INFO     M                   = 16
2021-02-04 16:54:23,666: INFO     indexThreadQty      = 32
2021-02-04 16:54:23,666: INFO     efConstruction      = 10
2021-02-04 16:54:23,666: INFO     maxM			          = 16
2021-02-04 16:54:23,666: INFO     maxM0			          = 32
2021-02-04 16:54:23,666: INFO     mult                = 0.360674
2021-02-04 16:54:23,666: INFO     skip_optimized_index= 0
2021-02-04 16:54:23,666: INFO     delaunay_type       = 2
2021-02-04 16:54:23,667: INFO     Set HNSW query-time parameters:
2021-02-04 16:54:23,667: INFO     ef(Search)         =20
2021-02-04 16:54:23,667: INFO     algoType           =2

0%   10   20   30   40   50   60   70   80   90   100%
|----|----|----|----|----|----|----|----|----|----|
***************************************************

0%   10   20   30   40   50   60   70   80   90   100%
|----|----|----|----|----|----|----|----|----|----|
*******************************************************2021-02-04 16:54:24,144: INFO     No appropriate custom distance function for Hamming (bit-storage) space
2021-02-04 16:54:24,145: INFO     searchMethod			  = 0
2021-02-04 16:54:24,150: INFO     Identifying guides that have a hamming distance <= 3 to all other potential guides
2021-02-04 16:54:24,296: INFO     Set HNSW query-time parameters:
2021-02-04 16:54:24,296: INFO     ef(Search)         =9
2021-02-04 16:54:24,296: INFO     algoType           =2
2021-02-04 16:54:29,081: INFO     Formatting data for BedTools
2021-02-04 16:54:29,280: INFO     Create GuideMaker Annotation object
2021-02-04 16:54:29,280: INFO     Identify genomic features
2021-02-04 16:54:29,280: INFO     check if ../all_test_data/Escherichia.coli_str_K-12_substr_MG1655.gbk is gzipped
2021-02-04 16:54:30,358: INFO     Total number of CDS/locus in the input genome: 4357
2021-02-04 16:54:30,359: INFO     Find genomic features closest the guides
2021-02-04 16:54:31,818: INFO     Select guides that start between +500 and -500 of a feature start
2021-02-04 16:54:31,984: INFO     Select description columns
2021-02-04 16:54:32,061: INFO     Format the output
2021-02-04 16:54:32,843: INFO     Number of Guides within a gene coordinates i.e. zero Feature distance: 43509
2021-02-04 16:54:33,765: INFO     creating random control guides
2021-02-04 16:54:33,850: INFO     Number of random control searched: 100
2021-02-04 16:54:33,850: INFO     Percentage of GC content in the input genome: 50.79
2021-02-04 16:54:33,850: INFO     Total length of the genome: 4.4 MB
2021-02-04 16:54:33,850: INFO     created 10 control guides with a minimum distance of 8 and a median distance of 8
2021-02-04 16:54:33,853: INFO     guidemaker completed, results are at TEST
2021-02-04 16:54:33,853: INFO     PAM sequence: NGRRT
2021-02-04 16:54:33,853: INFO     PAM orientation: 3prime
2021-02-04 16:54:33,853: INFO     Genome strand(s) searched: both
2021-02-04 16:54:33,853: INFO     Total PAM sites considered: 115034
2021-02-04 16:54:33,853: INFO     Guide RNA candidates found: 76618
	Command being timed: "guidemaker -i ../all_test_data/Escherichia.coli_str_K-12_substr_MG1655.gbk --pamseq NGRRT --outdir TEST --pam_orientation 3prime --guidelength 20 --strand both --lcp 11 --dist 3 --before 500 --into 500 --knum 10 --controls 10 --log GM_63825927_9.log --threads 32"
	User time (seconds): 31.67
	System time (seconds): 5.06
	Percent of CPU this job got: 208%
	Elapsed (wall clock) time (h:mm:ss or m:ss): 0:17.60
	Average shared text size (kbytes): 0
	Average unshared data size (kbytes): 0
	Average stack size (kbytes): 0
	Average total size (kbytes): 0
	Maximum resident set size (kbytes): 560156
	Average resident set size (kbytes): 0
	Major (requiring I/O) page faults: 0
	Minor (reclaiming a frame) page faults: 503407
	Voluntary context switches: 215017
	Involuntary context switches: 328
	Swaps: 0
	File system inputs: 136
	File system outputs: 161832
	Socket messages sent: 0
	Socket messages received: 0
	Signals delivered: 0
	Page size (bytes): 4096
	Exit status: 0
