Thu Feb  4 18:19:00 EST 2021
c26b-s7.ufhpc
/blue/garrett/rp3448/analysis/guidemaker/AVXGuidemaker
My SLURM_ARRAY_TASK_ID:  2
My TMPDIR IS:  /scratch/local/63828798
Input Genome:>>>>>>>>>>>>>>>>>>>>>>>>>>>>>>>>>>>>>>>>>>>  Arabidopsis_thaliana.gbk
Input PAM:>>>>>>>>>>>>>>>>>>>>>>>>>>>>>>>>>>>>>>>>>>>  NNAGAAW
Threads used:>>>>>>>>>>>>>>>>>>>>>>>>>>>>>>>>>>>>>>>>>>>  1
GuideMaker
2021-02-04 18:19:04,054: INFO     Temp directory is: /scratch/local/63828798/guidemaker_kami2uv1
2021-02-04 18:19:04,054: INFO     Writing fasta file from genbank file(s)
2021-02-04 18:19:04,055: INFO     check if ../all_test_data/Arabidopsis_thaliana.gbk is gzipped
2021-02-04 18:19:29,153: INFO     Identifying PAM sites in the genome
2021-02-04 18:20:43,013: INFO     Checking guides for restriction enzymes
2021-02-04 18:20:43,433: INFO     Number of guides removed after checking for restriction enzymes: 0
2021-02-04 18:20:43,433: INFO     Identifing guides that are unique near the PAM site
2021-02-04 18:20:46,363: INFO     Number of guides removed after checking for unique PAM: 677745
2021-02-04 18:20:46,363: INFO     Indexing all potential guide sites: 1228658. This is the longest step.
2021-02-04 18:20:52,446: INFO     M                   = 16
2021-02-04 18:20:52,446: INFO     indexThreadQty      = 1
2021-02-04 18:20:52,446: INFO     efConstruction      = 10
2021-02-04 18:20:52,447: INFO     maxM			          = 16
2021-02-04 18:20:52,447: INFO     maxM0			          = 32
2021-02-04 18:20:52,447: INFO     mult                = 0.360674
2021-02-04 18:20:52,447: INFO     skip_optimized_index= 0
2021-02-04 18:20:52,447: INFO     delaunay_type       = 2
2021-02-04 18:20:52,447: INFO     Set HNSW query-time parameters:
2021-02-04 18:20:52,447: INFO     ef(Search)         =20
2021-02-04 18:20:52,447: INFO     algoType           =2

0%   10   20   30   40   50   60   70   80   90   100%
|----|----|----|----|----|----|----|----|----|----|
***************************************************

0%   10   20   30   40   50   60   70   80   90   100%
|----|----|----|----|----|----|----|----|----|----|
***************************************************
*2021-02-04 18:22:47,181: INFO     No appropriate custom distance function for Hamming (bit-storage) space
2021-02-04 18:22:47,182: INFO     searchMethod			  = 0
2021-02-04 18:22:47,271: INFO     Identifying guides that have a hamming distance <= 3 to all other potential guides
2021-02-04 18:22:48,267: INFO     Set HNSW query-time parameters:
2021-02-04 18:22:48,267: INFO     ef(Search)         =9
2021-02-04 18:22:48,267: INFO     algoType           =2
2021-02-04 18:23:39,876: INFO     Formatting data for BedTools
2021-02-04 18:23:41,080: INFO     Create GuideMaker Annotation object
2021-02-04 18:23:41,081: INFO     Identify genomic features
2021-02-04 18:23:41,081: INFO     check if ../all_test_data/Arabidopsis_thaliana.gbk is gzipped
2021-02-04 18:24:10,682: INFO     Total number of CDS/locus in the input genome: 48262
2021-02-04 18:24:10,682: INFO     Find genomic features closest the guides
2021-02-04 18:24:18,754: INFO     Select guides that start between +500 and -500 of a feature start
2021-02-04 18:24:19,247: INFO     Select description columns
2021-02-04 18:24:19,701: INFO     Format the output
2021-02-04 18:24:21,672: INFO     Number of Guides within a gene coordinates i.e. zero Feature distance: 67565
2021-02-04 18:24:24,448: INFO     creating random control guides
2021-02-04 18:24:25,812: INFO     Number of random control searched: 100
2021-02-04 18:24:25,812: INFO     Percentage of GC content in the input genome: 36.00
2021-02-04 18:24:25,812: INFO     Total length of the genome: 114.1 MB
2021-02-04 18:24:25,813: INFO     created 10 control guides with a minimum distance of 7 and a median distance of 8
2021-02-04 18:24:25,815: INFO     guidemaker completed, results are at TEST
2021-02-04 18:24:25,815: INFO     PAM sequence: NNAGAAW
2021-02-04 18:24:25,815: INFO     PAM orientation: 3prime
2021-02-04 18:24:25,815: INFO     Genome strand(s) searched: both
2021-02-04 18:24:25,815: INFO     Total PAM sites considered: 1228658
2021-02-04 18:24:25,815: INFO     Guide RNA candidates found: 142171
	Command being timed: "guidemaker -i ../all_test_data/Arabidopsis_thaliana.gbk --pamseq NNAGAAW --outdir TEST --pam_orientation 3prime --guidelength 20 --strand both --lcp 11 --dist 3 --before 500 --into 500 --knum 10 --controls 10 --log GM_63828798_2.log --threads 1"
	User time (seconds): 321.08
	System time (seconds): 6.85
	Percent of CPU this job got: 100%
	Elapsed (wall clock) time (h:mm:ss or m:ss): 5:25.14
	Average shared text size (kbytes): 0
	Average unshared data size (kbytes): 0
	Average stack size (kbytes): 0
	Average total size (kbytes): 0
	Maximum resident set size (kbytes): 3277400
	Average resident set size (kbytes): 0
	Major (requiring I/O) page faults: 0
	Minor (reclaiming a frame) page faults: 4103013
	Voluntary context switches: 1634
	Involuntary context switches: 85082
	Swaps: 0
	File system inputs: 8
	File system outputs: 933384
	Socket messages sent: 0
	Socket messages received: 0
	Signals delivered: 0
	Page size (bytes): 4096
	Exit status: 0
My SLURM_ARRAY_TASK_ID:  2
My TMPDIR IS:  /scratch/local/63828798
Input Genome:>>>>>>>>>>>>>>>>>>>>>>>>>>>>>>>>>>>>>>>>>>>  Arabidopsis_thaliana.gbk
Input PAM:>>>>>>>>>>>>>>>>>>>>>>>>>>>>>>>>>>>>>>>>>>>  NNAGAAW
Threads used:>>>>>>>>>>>>>>>>>>>>>>>>>>>>>>>>>>>>>>>>>>>  2
GuideMaker
2021-02-04 18:24:29,581: INFO     Temp directory is: /scratch/local/63828798/guidemaker_2dfn0ya1
2021-02-04 18:24:29,581: INFO     Writing fasta file from genbank file(s)
2021-02-04 18:24:29,582: INFO     check if ../all_test_data/Arabidopsis_thaliana.gbk is gzipped
2021-02-04 18:24:54,533: INFO     Identifying PAM sites in the genome
2021-02-04 18:26:06,905: INFO     Checking guides for restriction enzymes
2021-02-04 18:26:07,241: INFO     Number of guides removed after checking for restriction enzymes: 0
2021-02-04 18:26:07,241: INFO     Identifing guides that are unique near the PAM site
2021-02-04 18:26:10,054: INFO     Number of guides removed after checking for unique PAM: 677745
2021-02-04 18:26:10,055: INFO     Indexing all potential guide sites: 1228658. This is the longest step.
2021-02-04 18:26:16,112: INFO     M                   = 16
2021-02-04 18:26:16,112: INFO     indexThreadQty      = 2
2021-02-04 18:26:16,112: INFO     efConstruction      = 10
2021-02-04 18:26:16,112: INFO     maxM			          = 16
2021-02-04 18:26:16,112: INFO     maxM0			          = 32
2021-02-04 18:26:16,113: INFO     mult                = 0.360674
2021-02-04 18:26:16,113: INFO     skip_optimized_index= 0
2021-02-04 18:26:16,113: INFO     delaunay_type       = 2
2021-02-04 18:26:16,113: INFO     Set HNSW query-time parameters:
2021-02-04 18:26:16,113: INFO     ef(Search)         =20
2021-02-04 18:26:16,113: INFO     algoType           =2

0%   10   20   30   40   50   60   70   80   90   100%
|----|----|----|----|----|----|----|----|----|----|
***************************************************

0%   10   20   30   40   50   60   70   80   90   100%
|----|----|----|----|----|----|----|----|----|----|
****************************************************2021-02-04 18:27:30,248: INFO     No appropriate custom distance function for Hamming (bit-storage) space
2021-02-04 18:27:30,248: INFO     searchMethod			  = 0
2021-02-04 18:27:30,353: INFO     Identifying guides that have a hamming distance <= 3 to all other potential guides
2021-02-04 18:27:31,233: INFO     Set HNSW query-time parameters:
2021-02-04 18:27:31,234: INFO     ef(Search)         =9
2021-02-04 18:27:31,234: INFO     algoType           =2
2021-02-04 18:28:12,292: INFO     Formatting data for BedTools
2021-02-04 18:28:13,415: INFO     Create GuideMaker Annotation object
2021-02-04 18:28:13,415: INFO     Identify genomic features
2021-02-04 18:28:13,415: INFO     check if ../all_test_data/Arabidopsis_thaliana.gbk is gzipped
2021-02-04 18:28:43,193: INFO     Total number of CDS/locus in the input genome: 48262
2021-02-04 18:28:43,194: INFO     Find genomic features closest the guides
2021-02-04 18:28:51,827: INFO     Select guides that start between +500 and -500 of a feature start
2021-02-04 18:28:52,344: INFO     Select description columns
2021-02-04 18:28:52,870: INFO     Format the output
2021-02-04 18:28:55,404: INFO     Number of Guides within a gene coordinates i.e. zero Feature distance: 67633
2021-02-04 18:28:58,239: INFO     creating random control guides
2021-02-04 18:28:59,789: INFO     Number of random control searched: 100
2021-02-04 18:28:59,789: INFO     Percentage of GC content in the input genome: 36.00
2021-02-04 18:28:59,789: INFO     Total length of the genome: 114.1 MB
2021-02-04 18:28:59,789: INFO     created 10 control guides with a minimum distance of 7 and a median distance of 7
2021-02-04 18:28:59,792: INFO     guidemaker completed, results are at TEST
2021-02-04 18:28:59,792: INFO     PAM sequence: NNAGAAW
2021-02-04 18:28:59,792: INFO     PAM orientation: 3prime
2021-02-04 18:28:59,792: INFO     Genome strand(s) searched: both
2021-02-04 18:28:59,792: INFO     Total PAM sites considered: 1228658
2021-02-04 18:28:59,792: INFO     Guide RNA candidates found: 142241
	Command being timed: "guidemaker -i ../all_test_data/Arabidopsis_thaliana.gbk --pamseq NNAGAAW --outdir TEST --pam_orientation 3prime --guidelength 20 --strand both --lcp 11 --dist 3 --before 500 --into 500 --knum 10 --controls 10 --log GM_63828798_2.log --threads 2"
	User time (seconds): 344.87
	System time (seconds): 19.47
	Percent of CPU this job got: 132%
	Elapsed (wall clock) time (h:mm:ss or m:ss): 4:34.21
	Average shared text size (kbytes): 0
	Average unshared data size (kbytes): 0
	Average stack size (kbytes): 0
	Average total size (kbytes): 0
	Maximum resident set size (kbytes): 3758708
	Average resident set size (kbytes): 0
	Major (requiring I/O) page faults: 0
	Minor (reclaiming a frame) page faults: 11316831
	Voluntary context switches: 90553
	Involuntary context switches: 792196
	Swaps: 0
	File system inputs: 8
	File system outputs: 933704
	Socket messages sent: 0
	Socket messages received: 0
	Signals delivered: 0
	Page size (bytes): 4096
	Exit status: 0
My SLURM_ARRAY_TASK_ID:  2
My TMPDIR IS:  /scratch/local/63828798
Input Genome:>>>>>>>>>>>>>>>>>>>>>>>>>>>>>>>>>>>>>>>>>>>  Arabidopsis_thaliana.gbk
Input PAM:>>>>>>>>>>>>>>>>>>>>>>>>>>>>>>>>>>>>>>>>>>>  NNAGAAW
Threads used:>>>>>>>>>>>>>>>>>>>>>>>>>>>>>>>>>>>>>>>>>>>  4
GuideMaker
2021-02-04 18:29:03,799: INFO     Temp directory is: /scratch/local/63828798/guidemaker_s528a56e
2021-02-04 18:29:03,799: INFO     Writing fasta file from genbank file(s)
2021-02-04 18:29:03,800: INFO     check if ../all_test_data/Arabidopsis_thaliana.gbk is gzipped
2021-02-04 18:29:28,647: INFO     Identifying PAM sites in the genome
2021-02-04 18:30:45,049: INFO     Checking guides for restriction enzymes
2021-02-04 18:30:45,473: INFO     Number of guides removed after checking for restriction enzymes: 0
2021-02-04 18:30:45,473: INFO     Identifing guides that are unique near the PAM site
2021-02-04 18:30:48,590: INFO     Number of guides removed after checking for unique PAM: 677745
2021-02-04 18:30:48,590: INFO     Indexing all potential guide sites: 1228658. This is the longest step.
2021-02-04 18:30:54,829: INFO     M                   = 16
2021-02-04 18:30:54,830: INFO     indexThreadQty      = 4
2021-02-04 18:30:54,830: INFO     efConstruction      = 10
2021-02-04 18:30:54,830: INFO     maxM			          = 16
2021-02-04 18:30:54,830: INFO     maxM0			          = 32
2021-02-04 18:30:54,830: INFO     mult                = 0.360674
2021-02-04 18:30:54,830: INFO     skip_optimized_index= 0
2021-02-04 18:30:54,830: INFO     delaunay_type       = 2
2021-02-04 18:30:54,830: INFO     Set HNSW query-time parameters:
2021-02-04 18:30:54,830: INFO     ef(Search)         =20
2021-02-04 18:30:54,830: INFO     algoType           =2

0%   10   20   30   40   50   60   70   80   90   100%
|----|----|----|----|----|----|----|----|----|----|
***************************************************

0%   10   20   30   40   50   60   70   80   90   100%
|----|----|----|----|----|----|----|----|----|----|
****************************************************2021-02-04 18:31:32,912: INFO     No appropriate custom distance function for Hamming (bit-storage) space
2021-02-04 18:31:32,912: INFO     searchMethod			  = 0
2021-02-04 18:31:33,019: INFO     Identifying guides that have a hamming distance <= 3 to all other potential guides
2021-02-04 18:31:33,901: INFO     Set HNSW query-time parameters:
2021-02-04 18:31:33,901: INFO     ef(Search)         =9
2021-02-04 18:31:33,901: INFO     algoType           =2
2021-02-04 18:32:07,531: INFO     Formatting data for BedTools
2021-02-04 18:32:08,742: INFO     Create GuideMaker Annotation object
2021-02-04 18:32:08,743: INFO     Identify genomic features
2021-02-04 18:32:08,743: INFO     check if ../all_test_data/Arabidopsis_thaliana.gbk is gzipped
2021-02-04 18:32:39,482: INFO     Total number of CDS/locus in the input genome: 48262
2021-02-04 18:32:39,482: INFO     Find genomic features closest the guides
2021-02-04 18:32:47,471: INFO     Select guides that start between +500 and -500 of a feature start
2021-02-04 18:32:48,034: INFO     Select description columns
2021-02-04 18:32:48,507: INFO     Format the output
2021-02-04 18:32:50,592: INFO     Number of Guides within a gene coordinates i.e. zero Feature distance: 67584
2021-02-04 18:32:53,380: INFO     creating random control guides
2021-02-04 18:32:54,836: INFO     Number of random control searched: 100
2021-02-04 18:32:54,836: INFO     Percentage of GC content in the input genome: 36.00
2021-02-04 18:32:54,837: INFO     Total length of the genome: 114.1 MB
2021-02-04 18:32:54,837: INFO     created 10 control guides with a minimum distance of 7 and a median distance of 7
2021-02-04 18:32:54,839: INFO     guidemaker completed, results are at TEST
2021-02-04 18:32:54,839: INFO     PAM sequence: NNAGAAW
2021-02-04 18:32:54,839: INFO     PAM orientation: 3prime
2021-02-04 18:32:54,839: INFO     Genome strand(s) searched: both
2021-02-04 18:32:54,839: INFO     Total PAM sites considered: 1228658
2021-02-04 18:32:54,839: INFO     Guide RNA candidates found: 142175
	Command being timed: "guidemaker -i ../all_test_data/Arabidopsis_thaliana.gbk --pamseq NNAGAAW --outdir TEST --pam_orientation 3prime --guidelength 20 --strand both --lcp 11 --dist 3 --before 500 --into 500 --knum 10 --controls 10 --log GM_63828798_2.log --threads 4"
	User time (seconds): 356.12
	System time (seconds): 16.72
	Percent of CPU this job got: 158%
	Elapsed (wall clock) time (h:mm:ss or m:ss): 3:55.01
	Average shared text size (kbytes): 0
	Average unshared data size (kbytes): 0
	Average stack size (kbytes): 0
	Average total size (kbytes): 0
	Maximum resident set size (kbytes): 3763364
	Average resident set size (kbytes): 0
	Major (requiring I/O) page faults: 0
	Minor (reclaiming a frame) page faults: 8210414
	Voluntary context switches: 186022
	Involuntary context switches: 1011
	Swaps: 0
	File system inputs: 8
	File system outputs: 932928
	Socket messages sent: 0
	Socket messages received: 0
	Signals delivered: 0
	Page size (bytes): 4096
	Exit status: 0
My SLURM_ARRAY_TASK_ID:  2
My TMPDIR IS:  /scratch/local/63828798
Input Genome:>>>>>>>>>>>>>>>>>>>>>>>>>>>>>>>>>>>>>>>>>>>  Arabidopsis_thaliana.gbk
Input PAM:>>>>>>>>>>>>>>>>>>>>>>>>>>>>>>>>>>>>>>>>>>>  NNAGAAW
Threads used:>>>>>>>>>>>>>>>>>>>>>>>>>>>>>>>>>>>>>>>>>>>  8
GuideMaker
2021-02-04 18:32:58,819: INFO     Temp directory is: /scratch/local/63828798/guidemaker_pr21nsp4
2021-02-04 18:32:58,819: INFO     Writing fasta file from genbank file(s)
2021-02-04 18:32:58,820: INFO     check if ../all_test_data/Arabidopsis_thaliana.gbk is gzipped
2021-02-04 18:33:24,030: INFO     Identifying PAM sites in the genome
2021-02-04 18:34:35,218: INFO     Checking guides for restriction enzymes
2021-02-04 18:34:35,573: INFO     Number of guides removed after checking for restriction enzymes: 0
2021-02-04 18:34:35,573: INFO     Identifing guides that are unique near the PAM site
2021-02-04 18:34:38,297: INFO     Number of guides removed after checking for unique PAM: 677745
2021-02-04 18:34:38,297: INFO     Indexing all potential guide sites: 1228658. This is the longest step.
2021-02-04 18:34:44,111: INFO     M                   = 16
2021-02-04 18:34:44,111: INFO     indexThreadQty      = 8
2021-02-04 18:34:44,112: INFO     efConstruction      = 10
2021-02-04 18:34:44,112: INFO     maxM			          = 16
2021-02-04 18:34:44,112: INFO     maxM0			          = 32
2021-02-04 18:34:44,112: INFO     mult                = 0.360674
2021-02-04 18:34:44,112: INFO     skip_optimized_index= 0
2021-02-04 18:34:44,112: INFO     delaunay_type       = 2
2021-02-04 18:34:44,112: INFO     Set HNSW query-time parameters:
2021-02-04 18:34:44,112: INFO     ef(Search)         =20
2021-02-04 18:34:44,112: INFO     algoType           =2

0%   10   20   30   40   50   60   70   80   90   100%
|----|----|----|----|----|----|----|----|----|----|
***************************************************

0%   10   20   30   40   50   60   70   80   90   100%
|----|----|----|----|----|----|----|----|----|----|
****************************************************2021-02-04 18:35:04,680: INFO     No appropriate custom distance function for Hamming (bit-storage) space
2021-02-04 18:35:04,680: INFO     searchMethod			  = 0
2021-02-04 18:35:04,784: INFO     Identifying guides that have a hamming distance <= 3 to all other potential guides
2021-02-04 18:35:05,629: INFO     Set HNSW query-time parameters:
2021-02-04 18:35:05,630: INFO     ef(Search)         =9
2021-02-04 18:35:05,630: INFO     algoType           =2
2021-02-04 18:35:35,373: INFO     Formatting data for BedTools
2021-02-04 18:35:36,502: INFO     Create GuideMaker Annotation object
2021-02-04 18:35:36,502: INFO     Identify genomic features
2021-02-04 18:35:36,503: INFO     check if ../all_test_data/Arabidopsis_thaliana.gbk is gzipped
2021-02-04 18:36:06,255: INFO     Total number of CDS/locus in the input genome: 48262
2021-02-04 18:36:06,256: INFO     Find genomic features closest the guides
2021-02-04 18:36:14,879: INFO     Select guides that start between +500 and -500 of a feature start
2021-02-04 18:36:15,484: INFO     Select description columns
2021-02-04 18:36:15,955: INFO     Format the output
2021-02-04 18:36:17,972: INFO     Number of Guides within a gene coordinates i.e. zero Feature distance: 67591
2021-02-04 18:36:20,778: INFO     creating random control guides
2021-02-04 18:36:22,219: INFO     Number of random control searched: 100
2021-02-04 18:36:22,219: INFO     Percentage of GC content in the input genome: 36.00
2021-02-04 18:36:22,219: INFO     Total length of the genome: 114.1 MB
2021-02-04 18:36:22,219: INFO     created 10 control guides with a minimum distance of 7 and a median distance of 8
2021-02-04 18:36:22,221: INFO     guidemaker completed, results are at TEST
2021-02-04 18:36:22,221: INFO     PAM sequence: NNAGAAW
2021-02-04 18:36:22,221: INFO     PAM orientation: 3prime
2021-02-04 18:36:22,221: INFO     Genome strand(s) searched: both
2021-02-04 18:36:22,221: INFO     Total PAM sites considered: 1228658
2021-02-04 18:36:22,221: INFO     Guide RNA candidates found: 142195
	Command being timed: "guidemaker -i ../all_test_data/Arabidopsis_thaliana.gbk --pamseq NNAGAAW --outdir TEST --pam_orientation 3prime --guidelength 20 --strand both --lcp 11 --dist 3 --before 500 --into 500 --knum 10 --controls 10 --log GM_63828798_2.log --threads 8"
	User time (seconds): 360.17
	System time (seconds): 16.61
	Percent of CPU this job got: 181%
	Elapsed (wall clock) time (h:mm:ss or m:ss): 3:27.46
	Average shared text size (kbytes): 0
	Average unshared data size (kbytes): 0
	Average stack size (kbytes): 0
	Average total size (kbytes): 0
	Maximum resident set size (kbytes): 3808448
	Average resident set size (kbytes): 0
	Major (requiring I/O) page faults: 0
	Minor (reclaiming a frame) page faults: 6892081
	Voluntary context switches: 331321
	Involuntary context switches: 145083
	Swaps: 0
	File system inputs: 0
	File system outputs: 933088
	Socket messages sent: 0
	Socket messages received: 0
	Signals delivered: 0
	Page size (bytes): 4096
	Exit status: 0
My SLURM_ARRAY_TASK_ID:  2
My TMPDIR IS:  /scratch/local/63828798
Input Genome:>>>>>>>>>>>>>>>>>>>>>>>>>>>>>>>>>>>>>>>>>>>  Arabidopsis_thaliana.gbk
Input PAM:>>>>>>>>>>>>>>>>>>>>>>>>>>>>>>>>>>>>>>>>>>>  NNAGAAW
Threads used:>>>>>>>>>>>>>>>>>>>>>>>>>>>>>>>>>>>>>>>>>>>  16
GuideMaker
2021-02-04 18:36:26,307: INFO     Temp directory is: /scratch/local/63828798/guidemaker_9xvm21uu
2021-02-04 18:36:26,307: INFO     Writing fasta file from genbank file(s)
2021-02-04 18:36:26,307: INFO     check if ../all_test_data/Arabidopsis_thaliana.gbk is gzipped
2021-02-04 18:36:50,937: INFO     Identifying PAM sites in the genome
2021-02-04 18:38:03,269: INFO     Checking guides for restriction enzymes
2021-02-04 18:38:03,602: INFO     Number of guides removed after checking for restriction enzymes: 0
2021-02-04 18:38:03,602: INFO     Identifing guides that are unique near the PAM site
2021-02-04 18:38:06,321: INFO     Number of guides removed after checking for unique PAM: 677745
2021-02-04 18:38:06,322: INFO     Indexing all potential guide sites: 1228658. This is the longest step.
2021-02-04 18:38:12,074: INFO     M                   = 16
2021-02-04 18:38:12,075: INFO     indexThreadQty      = 16
2021-02-04 18:38:12,075: INFO     efConstruction      = 10
2021-02-04 18:38:12,075: INFO     maxM			          = 16
2021-02-04 18:38:12,075: INFO     maxM0			          = 32
2021-02-04 18:38:12,075: INFO     mult                = 0.360674
2021-02-04 18:38:12,075: INFO     skip_optimized_index= 0
2021-02-04 18:38:12,075: INFO     delaunay_type       = 2
2021-02-04 18:38:12,075: INFO     Set HNSW query-time parameters:
2021-02-04 18:38:12,075: INFO     ef(Search)         =20
2021-02-04 18:38:12,075: INFO     algoType           =2

0%   10   20   30   40   50   60   70   80   90   100%
|----|----|----|----|----|----|----|----|----|----|
***************************************************

0%   10   20   30   40   50   60   70   80   90   100%
|----|----|----|----|----|----|----|----|----|----|
*******************************************************
2021-02-04 18:38:23,737: INFO     No appropriate custom distance function for Hamming (bit-storage) space
2021-02-04 18:38:23,737: INFO     searchMethod			  = 0
2021-02-04 18:38:23,844: INFO     Identifying guides that have a hamming distance <= 3 to all other potential guides
2021-02-04 18:38:24,667: INFO     Set HNSW query-time parameters:
2021-02-04 18:38:24,667: INFO     ef(Search)         =9
2021-02-04 18:38:24,667: INFO     algoType           =2
2021-02-04 18:38:52,962: INFO     Formatting data for BedTools
2021-02-04 18:38:54,070: INFO     Create GuideMaker Annotation object
2021-02-04 18:38:54,070: INFO     Identify genomic features
2021-02-04 18:38:54,071: INFO     check if ../all_test_data/Arabidopsis_thaliana.gbk is gzipped
2021-02-04 18:39:23,415: INFO     Total number of CDS/locus in the input genome: 48262
2021-02-04 18:39:23,415: INFO     Find genomic features closest the guides
2021-02-04 18:39:31,350: INFO     Select guides that start between +500 and -500 of a feature start
2021-02-04 18:39:31,857: INFO     Select description columns
2021-02-04 18:39:32,324: INFO     Format the output
2021-02-04 18:39:34,285: INFO     Number of Guides within a gene coordinates i.e. zero Feature distance: 67593
2021-02-04 18:39:37,159: INFO     creating random control guides
2021-02-04 18:39:38,610: INFO     Number of random control searched: 100
2021-02-04 18:39:38,610: INFO     Percentage of GC content in the input genome: 36.00
2021-02-04 18:39:38,610: INFO     Total length of the genome: 114.1 MB
2021-02-04 18:39:38,610: INFO     created 10 control guides with a minimum distance of 7 and a median distance of 7
2021-02-04 18:39:38,615: INFO     guidemaker completed, results are at TEST
2021-02-04 18:39:38,615: INFO     PAM sequence: NNAGAAW
2021-02-04 18:39:38,615: INFO     PAM orientation: 3prime
2021-02-04 18:39:38,615: INFO     Genome strand(s) searched: both
2021-02-04 18:39:38,615: INFO     Total PAM sites considered: 1228658
2021-02-04 18:39:38,615: INFO     Guide RNA candidates found: 142185
	Command being timed: "guidemaker -i ../all_test_data/Arabidopsis_thaliana.gbk --pamseq NNAGAAW --outdir TEST --pam_orientation 3prime --guidelength 20 --strand both --lcp 11 --dist 3 --before 500 --into 500 --knum 10 --controls 10 --log GM_63828798_2.log --threads 16"
	User time (seconds): 377.03
	System time (seconds): 20.73
	Percent of CPU this job got: 202%
	Elapsed (wall clock) time (h:mm:ss or m:ss): 3:16.31
	Average shared text size (kbytes): 0
	Average unshared data size (kbytes): 0
	Average stack size (kbytes): 0
	Average total size (kbytes): 0
	Maximum resident set size (kbytes): 3791624
	Average resident set size (kbytes): 0
	Major (requiring I/O) page faults: 0
	Minor (reclaiming a frame) page faults: 5579685
	Voluntary context switches: 663102
	Involuntary context switches: 808
	Swaps: 0
	File system inputs: 8
	File system outputs: 932384
	Socket messages sent: 0
	Socket messages received: 0
	Signals delivered: 0
	Page size (bytes): 4096
	Exit status: 0
My SLURM_ARRAY_TASK_ID:  2
My TMPDIR IS:  /scratch/local/63828798
Input Genome:>>>>>>>>>>>>>>>>>>>>>>>>>>>>>>>>>>>>>>>>>>>  Arabidopsis_thaliana.gbk
Input PAM:>>>>>>>>>>>>>>>>>>>>>>>>>>>>>>>>>>>>>>>>>>>  NNAGAAW
Threads used:>>>>>>>>>>>>>>>>>>>>>>>>>>>>>>>>>>>>>>>>>>>  32
GuideMaker
2021-02-04 18:39:42,648: INFO     Temp directory is: /scratch/local/63828798/guidemaker_r5u2h40g
2021-02-04 18:39:42,648: INFO     Writing fasta file from genbank file(s)
2021-02-04 18:39:42,649: INFO     check if ../all_test_data/Arabidopsis_thaliana.gbk is gzipped
2021-02-04 18:40:07,954: INFO     Identifying PAM sites in the genome
2021-02-04 18:41:22,692: INFO     Checking guides for restriction enzymes
2021-02-04 18:41:23,025: INFO     Number of guides removed after checking for restriction enzymes: 0
2021-02-04 18:41:23,026: INFO     Identifing guides that are unique near the PAM site
2021-02-04 18:41:25,756: INFO     Number of guides removed after checking for unique PAM: 677745
2021-02-04 18:41:25,756: INFO     Indexing all potential guide sites: 1228658. This is the longest step.
2021-02-04 18:41:31,727: INFO     M                   = 16
2021-02-04 18:41:31,727: INFO     indexThreadQty      = 32
2021-02-04 18:41:31,728: INFO     efConstruction      = 10
2021-02-04 18:41:31,728: INFO     maxM			          = 16
2021-02-04 18:41:31,728: INFO     maxM0			          = 32
2021-02-04 18:41:31,728: INFO     mult                = 0.360674
2021-02-04 18:41:31,728: INFO     skip_optimized_index= 0
2021-02-04 18:41:31,728: INFO     delaunay_type       = 2
2021-02-04 18:41:31,728: INFO     Set HNSW query-time parameters:
2021-02-04 18:41:31,728: INFO     ef(Search)         =20
2021-02-04 18:41:31,728: INFO     algoType           =2

0%   10   20   30   40   50   60   70   80   90   100%
|----|----|----|----|----|----|----|----|----|----|
***************************************************

0%   10   20   30   40   50   60   70   80   90   100%
|----|----|----|----|----|----|----|----|----|----|
*******************************************************2021-02-04 18:41:39,057: INFO     No appropriate custom distance function for Hamming (bit-storage) space
2021-02-04 18:41:39,057: INFO     searchMethod			  = 0
2021-02-04 18:41:39,164: INFO     Identifying guides that have a hamming distance <= 3 to all other potential guides
2021-02-04 18:41:40,092: INFO     Set HNSW query-time parameters:
2021-02-04 18:41:40,092: INFO     ef(Search)         =9
2021-02-04 18:41:40,092: INFO     algoType           =2
2021-02-04 18:42:08,671: INFO     Formatting data for BedTools
2021-02-04 18:42:09,927: INFO     Create GuideMaker Annotation object
2021-02-04 18:42:09,927: INFO     Identify genomic features
2021-02-04 18:42:09,927: INFO     check if ../all_test_data/Arabidopsis_thaliana.gbk is gzipped
2021-02-04 18:42:39,517: INFO     Total number of CDS/locus in the input genome: 48262
2021-02-04 18:42:39,517: INFO     Find genomic features closest the guides
2021-02-04 18:42:48,035: INFO     Select guides that start between +500 and -500 of a feature start
2021-02-04 18:42:48,635: INFO     Select description columns
2021-02-04 18:42:49,145: INFO     Format the output
2021-02-04 18:42:51,317: INFO     Number of Guides within a gene coordinates i.e. zero Feature distance: 67638
2021-02-04 18:42:54,205: INFO     creating random control guides
2021-02-04 18:42:55,666: INFO     Number of random control searched: 100
2021-02-04 18:42:55,666: INFO     Percentage of GC content in the input genome: 36.00
2021-02-04 18:42:55,666: INFO     Total length of the genome: 114.1 MB
2021-02-04 18:42:55,666: INFO     created 10 control guides with a minimum distance of 7 and a median distance of 7
2021-02-04 18:42:55,669: INFO     guidemaker completed, results are at TEST
2021-02-04 18:42:55,670: INFO     PAM sequence: NNAGAAW
2021-02-04 18:42:55,670: INFO     PAM orientation: 3prime
2021-02-04 18:42:55,670: INFO     Genome strand(s) searched: both
2021-02-04 18:42:55,670: INFO     Total PAM sites considered: 1228658
2021-02-04 18:42:55,670: INFO     Guide RNA candidates found: 142269
	Command being timed: "guidemaker -i ../all_test_data/Arabidopsis_thaliana.gbk --pamseq NNAGAAW --outdir TEST --pam_orientation 3prime --guidelength 20 --strand both --lcp 11 --dist 3 --before 500 --into 500 --knum 10 --controls 10 --log GM_63828798_2.log --threads 32"
	User time (seconds): 401.22
	System time (seconds): 28.15
	Percent of CPU this job got: 217%
	Elapsed (wall clock) time (h:mm:ss or m:ss): 3:17.05
	Average shared text size (kbytes): 0
	Average unshared data size (kbytes): 0
	Average stack size (kbytes): 0
	Average total size (kbytes): 0
	Maximum resident set size (kbytes): 3842036
	Average resident set size (kbytes): 0
	Major (requiring I/O) page faults: 0
	Minor (reclaiming a frame) page faults: 4699296
	Voluntary context switches: 1384330
	Involuntary context switches: 601929
	Swaps: 0
	File system inputs: 8
	File system outputs: 933896
	Socket messages sent: 0
	Socket messages received: 0
	Signals delivered: 0
	Page size (bytes): 4096
	Exit status: 0
