Wed Aug 19 22:21:44 EDT 2020
c35b-s28.ufhpc
/blue/garrett/rp3448/analysis/guidemaker/AVXGuidemaker/GuideMaker
My SLURM_ARRAY_TASK_ID:  9
My TMPDIR IS:  /scratch/local/57684674
Input Genome:>>>>>>>>>>>>>>>>>>>>>>>>>>>>>>>>>>>>>>>>>>>  Burkholderia_thailandensis_E264_ATCC_700388_133.gbk
Threads used:>>>>>>>>>>>>>>>>>>>>>>>>>>>>>>>>>>>>>>>>>>>  1
GuideMaker
2020-08-19 22:21:48,058: INFO     Temp directory is: /scratch/local/57684674/guidemaker_la4t5csy
2020-08-19 22:21:48,059: INFO     Writing fasta file from genbank file(s)
2020-08-19 22:21:48,059: INFO     check if test/test_data/Burkholderia_thailandensis_E264_ATCC_700388_133.gbk is gzipped
2020-08-19 22:21:48,793: INFO     Identifying PAM sites in the genome
2020-08-19 22:22:08,647: INFO     Identifing guides that are unique near the PAM site
2020-08-19 22:22:09,782: INFO     Indexing all potential guide sites: 923226. This is the longest step.
2020-08-19 22:22:14,065: INFO     M                   = 16
2020-08-19 22:22:14,065: INFO     indexThreadQty      = 1
2020-08-19 22:22:14,066: INFO     efConstruction      = 64
2020-08-19 22:22:14,066: INFO     maxM			          = 16
2020-08-19 22:22:14,066: INFO     maxM0			          = 32
2020-08-19 22:22:14,066: INFO     mult                = 0.360674
2020-08-19 22:22:14,066: INFO     skip_optimized_index= 0
2020-08-19 22:22:14,066: INFO     delaunay_type       = 2
2020-08-19 22:22:14,066: INFO     Set HNSW query-time parameters:
2020-08-19 22:22:14,066: INFO     ef(Search)         =20
2020-08-19 22:22:14,066: INFO     algoType           =2

0%   10   20   30   40   50   60   70   80   90   100%
|----|----|----|----|----|----|----|----|----|----|
***************************************************

0%   10   20   30   40   50   60   70   80   90   100%
|----|----|----|----|----|----|----|----|----|----|
***************************************************
*2020-08-19 22:29:28,031: INFO     No appropriate custom distance function for Hamming (bit-storage) space
2020-08-19 22:29:28,033: INFO     searchMethod			  = 0
2020-08-19 22:29:28,113: INFO     Identifying guides that have a hamming distance <= 3 to all other potential guides
2020-08-19 22:29:28,390: INFO     Set HNSW query-time parameters:
2020-08-19 22:29:28,390: INFO     ef(Search)         =256
2020-08-19 22:29:28,390: INFO     algoType           =2
2020-08-19 22:31:43,638: INFO     Formatting data for BedTools
2020-08-19 22:31:43,993: INFO     Create GuideMaker Annotation object
2020-08-19 22:31:43,994: INFO     Identify genomic features
2020-08-19 22:31:43,994: INFO     check if test/test_data/Burkholderia_thailandensis_E264_ATCC_700388_133.gbk is gzipped
2020-08-19 22:31:45,197: INFO     Total number of CDS/locus in the input genome: 5633
2020-08-19 22:31:45,197: INFO     Find genomic features closest the guides
2020-08-19 22:31:47,483: INFO     Select guides that start between +100 and -100 of a feature start
2020-08-19 22:31:47,645: INFO     Select description columns
2020-08-19 22:31:47,698: INFO     Format the output
2020-08-19 22:31:48,403: INFO     creating random control guides
2020-08-19 22:31:58,539: INFO     created 10 control guides with a minimum distance of 7 and a median distance of 7
2020-08-19 22:31:58,542: INFO     guidemaker completed, results are at TEST
2020-08-19 22:31:58,542: INFO     PAM sequence: NGG
2020-08-19 22:31:58,542: INFO     PAM orientation: 5prime
2020-08-19 22:31:58,543: INFO     Genome strand(s) searched: both
2020-08-19 22:31:58,543: INFO     Total PAM sites considered: 923226
2020-08-19 22:31:58,543: INFO     Guide RNA candidates found: 35882
	Command being timed: "guidemaker -i test/test_data/Burkholderia_thailandensis_E264_ATCC_700388_133.gbk --pamseq NGG --outdir TEST --pam_orientation 5prime --guidelength 20 --strand both --lcp 10 --dist 3 --before 100 --into 100 --knum 10 --controls 10 --log GuideMaker_57684674_9.log --threads 1"
	User time (seconds): 610.99
	System time (seconds): 5.07
	Percent of CPU this job got: 100%
	Elapsed (wall clock) time (h:mm:ss or m:ss): 10:13.05
	Average shared text size (kbytes): 0
	Average unshared data size (kbytes): 0
	Average stack size (kbytes): 0
	Average total size (kbytes): 0
	Maximum resident set size (kbytes): 2159500
	Average resident set size (kbytes): 0
	Major (requiring I/O) page faults: 0
	Minor (reclaiming a frame) page faults: 3492737
	Voluntary context switches: 3101
	Involuntary context switches: 1003
	Swaps: 0
	File system inputs: 0
	File system outputs: 146872
	Socket messages sent: 0
	Socket messages received: 0
	Signals delivered: 0
	Page size (bytes): 4096
	Exit status: 0
My SLURM_ARRAY_TASK_ID:  9
My TMPDIR IS:  /scratch/local/57684674
Input Genome:>>>>>>>>>>>>>>>>>>>>>>>>>>>>>>>>>>>>>>>>>>>  Burkholderia_thailandensis_E264_ATCC_700388_133.gbk
Threads used:>>>>>>>>>>>>>>>>>>>>>>>>>>>>>>>>>>>>>>>>>>>  2
GuideMaker
2020-08-19 22:32:01,292: INFO     Temp directory is: /scratch/local/57684674/guidemaker_p3w1v6mo
2020-08-19 22:32:01,293: INFO     Writing fasta file from genbank file(s)
2020-08-19 22:32:01,293: INFO     check if test/test_data/Burkholderia_thailandensis_E264_ATCC_700388_133.gbk is gzipped
2020-08-19 22:32:02,033: INFO     Identifying PAM sites in the genome
2020-08-19 22:32:22,431: INFO     Identifing guides that are unique near the PAM site
2020-08-19 22:32:23,674: INFO     Indexing all potential guide sites: 923226. This is the longest step.
2020-08-19 22:32:28,323: INFO     M                   = 16
2020-08-19 22:32:28,324: INFO     indexThreadQty      = 2
2020-08-19 22:32:28,324: INFO     efConstruction      = 64
2020-08-19 22:32:28,324: INFO     maxM			          = 16
2020-08-19 22:32:28,324: INFO     maxM0			          = 32
2020-08-19 22:32:28,324: INFO     mult                = 0.360674
2020-08-19 22:32:28,324: INFO     skip_optimized_index= 0
2020-08-19 22:32:28,324: INFO     delaunay_type       = 2
2020-08-19 22:32:28,324: INFO     Set HNSW query-time parameters:
2020-08-19 22:32:28,324: INFO     ef(Search)         =20
2020-08-19 22:32:28,324: INFO     algoType           =2

0%   10   20   30   40   50   60   70   80   90   100%
|----|----|----|----|----|----|----|----|----|----|
***************************************************

0%   10   20   30   40   50   60   70   80   90   100%
|----|----|----|----|----|----|----|----|----|----|
****************************************************2020-08-19 22:36:42,578: INFO     No appropriate custom distance function for Hamming (bit-storage) space
2020-08-19 22:36:42,578: INFO     searchMethod			  = 0
2020-08-19 22:36:42,658: INFO     Identifying guides that have a hamming distance <= 3 to all other potential guides
2020-08-19 22:36:42,957: INFO     Set HNSW query-time parameters:
2020-08-19 22:36:42,957: INFO     ef(Search)         =256
2020-08-19 22:36:42,957: INFO     algoType           =2
2020-08-19 22:38:05,932: INFO     Formatting data for BedTools
2020-08-19 22:38:06,265: INFO     Create GuideMaker Annotation object
2020-08-19 22:38:06,265: INFO     Identify genomic features
2020-08-19 22:38:06,265: INFO     check if test/test_data/Burkholderia_thailandensis_E264_ATCC_700388_133.gbk is gzipped
2020-08-19 22:38:07,470: INFO     Total number of CDS/locus in the input genome: 5633
2020-08-19 22:38:07,470: INFO     Find genomic features closest the guides
2020-08-19 22:38:09,896: INFO     Select guides that start between +100 and -100 of a feature start
2020-08-19 22:38:10,088: INFO     Select description columns
2020-08-19 22:38:10,145: INFO     Format the output
2020-08-19 22:38:10,920: INFO     creating random control guides
2020-08-19 22:38:17,950: INFO     created 10 control guides with a minimum distance of 7 and a median distance of 7
2020-08-19 22:38:17,954: INFO     guidemaker completed, results are at TEST
2020-08-19 22:38:17,954: INFO     PAM sequence: NGG
2020-08-19 22:38:17,954: INFO     PAM orientation: 5prime
2020-08-19 22:38:17,954: INFO     Genome strand(s) searched: both
2020-08-19 22:38:17,954: INFO     Total PAM sites considered: 923226
2020-08-19 22:38:17,954: INFO     Guide RNA candidates found: 35882
	Command being timed: "guidemaker -i test/test_data/Burkholderia_thailandensis_E264_ATCC_700388_133.gbk --pamseq NGG --outdir TEST --pam_orientation 5prime --guidelength 20 --strand both --lcp 10 --dist 3 --before 100 --into 100 --knum 10 --controls 10 --log GuideMaker_57684674_9.log --threads 2"
	User time (seconds): 692.71
	System time (seconds): 24.76
	Percent of CPU this job got: 188%
	Elapsed (wall clock) time (h:mm:ss or m:ss): 6:19.90
	Average shared text size (kbytes): 0
	Average unshared data size (kbytes): 0
	Average stack size (kbytes): 0
	Average total size (kbytes): 0
	Maximum resident set size (kbytes): 2254804
	Average resident set size (kbytes): 0
	Major (requiring I/O) page faults: 0
	Minor (reclaiming a frame) page faults: 15013778
	Voluntary context switches: 69686
	Involuntary context switches: 1981
	Swaps: 0
	File system inputs: 0
	File system outputs: 146832
	Socket messages sent: 0
	Socket messages received: 0
	Signals delivered: 0
	Page size (bytes): 4096
	Exit status: 0
My SLURM_ARRAY_TASK_ID:  9
My TMPDIR IS:  /scratch/local/57684674
Input Genome:>>>>>>>>>>>>>>>>>>>>>>>>>>>>>>>>>>>>>>>>>>>  Burkholderia_thailandensis_E264_ATCC_700388_133.gbk
Threads used:>>>>>>>>>>>>>>>>>>>>>>>>>>>>>>>>>>>>>>>>>>>  4
GuideMaker
2020-08-19 22:38:21,015: INFO     Temp directory is: /scratch/local/57684674/guidemaker_5hl6w9g2
2020-08-19 22:38:21,015: INFO     Writing fasta file from genbank file(s)
2020-08-19 22:38:21,016: INFO     check if test/test_data/Burkholderia_thailandensis_E264_ATCC_700388_133.gbk is gzipped
2020-08-19 22:38:21,760: INFO     Identifying PAM sites in the genome
2020-08-19 22:38:41,868: INFO     Identifing guides that are unique near the PAM site
2020-08-19 22:38:43,031: INFO     Indexing all potential guide sites: 923226. This is the longest step.
2020-08-19 22:38:47,306: INFO     M                   = 16
2020-08-19 22:38:47,306: INFO     indexThreadQty      = 4
2020-08-19 22:38:47,306: INFO     efConstruction      = 64
2020-08-19 22:38:47,306: INFO     maxM			          = 16
2020-08-19 22:38:47,306: INFO     maxM0			          = 32
2020-08-19 22:38:47,306: INFO     mult                = 0.360674
2020-08-19 22:38:47,306: INFO     skip_optimized_index= 0
2020-08-19 22:38:47,307: INFO     delaunay_type       = 2
2020-08-19 22:38:47,307: INFO     Set HNSW query-time parameters:
2020-08-19 22:38:47,307: INFO     ef(Search)         =20
2020-08-19 22:38:47,307: INFO     algoType           =2

0%   10   20   30   40   50   60   70   80   90   100%
|----|----|----|----|----|----|----|----|----|----|
***************************************************

0%   10   20   30   40   50   60   70   80   90   100%
|----|----|----|----|----|----|----|----|----|----|
******************************************************2020-08-19 22:41:00,865: INFO     No appropriate custom distance function for Hamming (bit-storage) space
2020-08-19 22:41:00,865: INFO     searchMethod			  = 0
2020-08-19 22:41:00,948: INFO     Identifying guides that have a hamming distance <= 3 to all other potential guides
2020-08-19 22:41:01,225: INFO     Set HNSW query-time parameters:
2020-08-19 22:41:01,225: INFO     ef(Search)         =256
2020-08-19 22:41:01,226: INFO     algoType           =2
2020-08-19 22:41:46,562: INFO     Formatting data for BedTools
2020-08-19 22:41:46,919: INFO     Create GuideMaker Annotation object
2020-08-19 22:41:46,919: INFO     Identify genomic features
2020-08-19 22:41:46,919: INFO     check if test/test_data/Burkholderia_thailandensis_E264_ATCC_700388_133.gbk is gzipped
2020-08-19 22:41:48,140: INFO     Total number of CDS/locus in the input genome: 5633
2020-08-19 22:41:48,140: INFO     Find genomic features closest the guides
2020-08-19 22:41:50,484: INFO     Select guides that start between +100 and -100 of a feature start
2020-08-19 22:41:50,663: INFO     Select description columns
2020-08-19 22:41:50,714: INFO     Format the output
2020-08-19 22:41:51,420: INFO     creating random control guides
2020-08-19 22:41:55,076: INFO     created 10 control guides with a minimum distance of 7 and a median distance of 7
2020-08-19 22:41:55,079: INFO     guidemaker completed, results are at TEST
2020-08-19 22:41:55,079: INFO     PAM sequence: NGG
2020-08-19 22:41:55,079: INFO     PAM orientation: 5prime
2020-08-19 22:41:55,079: INFO     Genome strand(s) searched: both
2020-08-19 22:41:55,079: INFO     Total PAM sites considered: 923226
2020-08-19 22:41:55,079: INFO     Guide RNA candidates found: 35882
	Command being timed: "guidemaker -i test/test_data/Burkholderia_thailandensis_E264_ATCC_700388_133.gbk --pamseq NGG --outdir TEST --pam_orientation 5prime --guidelength 20 --strand both --lcp 10 --dist 3 --before 100 --into 100 --knum 10 --controls 10 --log GuideMaker_57684674_9.log --threads 4"
	User time (seconds): 721.35
	System time (seconds): 19.43
	Percent of CPU this job got: 341%
	Elapsed (wall clock) time (h:mm:ss or m:ss): 3:36.87
	Average shared text size (kbytes): 0
	Average unshared data size (kbytes): 0
	Average stack size (kbytes): 0
	Average total size (kbytes): 0
	Maximum resident set size (kbytes): 2250820
	Average resident set size (kbytes): 0
	Major (requiring I/O) page faults: 0
	Minor (reclaiming a frame) page faults: 9599566
	Voluntary context switches: 122875
	Involuntary context switches: 1546
	Swaps: 0
	File system inputs: 8
	File system outputs: 146760
	Socket messages sent: 0
	Socket messages received: 0
	Signals delivered: 0
	Page size (bytes): 4096
	Exit status: 0
My SLURM_ARRAY_TASK_ID:  9
My TMPDIR IS:  /scratch/local/57684674
Input Genome:>>>>>>>>>>>>>>>>>>>>>>>>>>>>>>>>>>>>>>>>>>>  Burkholderia_thailandensis_E264_ATCC_700388_133.gbk
Threads used:>>>>>>>>>>>>>>>>>>>>>>>>>>>>>>>>>>>>>>>>>>>  8
GuideMaker
2020-08-19 22:41:57,891: INFO     Temp directory is: /scratch/local/57684674/guidemaker_vgqgzvc1
2020-08-19 22:41:57,892: INFO     Writing fasta file from genbank file(s)
2020-08-19 22:41:57,892: INFO     check if test/test_data/Burkholderia_thailandensis_E264_ATCC_700388_133.gbk is gzipped
2020-08-19 22:41:58,630: INFO     Identifying PAM sites in the genome
2020-08-19 22:42:19,054: INFO     Identifing guides that are unique near the PAM site
2020-08-19 22:42:20,226: INFO     Indexing all potential guide sites: 923226. This is the longest step.
2020-08-19 22:42:24,614: INFO     M                   = 16
2020-08-19 22:42:24,614: INFO     indexThreadQty      = 8
2020-08-19 22:42:24,615: INFO     efConstruction      = 64
2020-08-19 22:42:24,615: INFO     maxM			          = 16
2020-08-19 22:42:24,615: INFO     maxM0			          = 32
2020-08-19 22:42:24,615: INFO     mult                = 0.360674
2020-08-19 22:42:24,615: INFO     skip_optimized_index= 0
2020-08-19 22:42:24,615: INFO     delaunay_type       = 2
2020-08-19 22:42:24,615: INFO     Set HNSW query-time parameters:
2020-08-19 22:42:24,615: INFO     ef(Search)         =20
2020-08-19 22:42:24,615: INFO     algoType           =2

0%   10   20   30   40   50   60   70   80   90   100%
|----|----|----|----|----|----|----|----|----|----|
***************************************************

0%   10   20   30   40   50   60   70   80   90   100%
|----|----|----|----|----|----|----|----|----|----|
****************************************************2020-08-19 22:43:35,804: INFO     No appropriate custom distance function for Hamming (bit-storage) space
2020-08-19 22:43:35,804: INFO     searchMethod			  = 0
2020-08-19 22:43:35,889: INFO     Identifying guides that have a hamming distance <= 3 to all other potential guides
2020-08-19 22:43:36,192: INFO     Set HNSW query-time parameters:
2020-08-19 22:43:36,192: INFO     ef(Search)         =256
2020-08-19 22:43:36,192: INFO     algoType           =2
2020-08-19 22:44:02,893: INFO     Formatting data for BedTools
2020-08-19 22:44:03,228: INFO     Create GuideMaker Annotation object
2020-08-19 22:44:03,228: INFO     Identify genomic features
2020-08-19 22:44:03,229: INFO     check if test/test_data/Burkholderia_thailandensis_E264_ATCC_700388_133.gbk is gzipped
2020-08-19 22:44:04,423: INFO     Total number of CDS/locus in the input genome: 5633
2020-08-19 22:44:04,424: INFO     Find genomic features closest the guides
2020-08-19 22:44:06,802: INFO     Select guides that start between +100 and -100 of a feature start
2020-08-19 22:44:06,956: INFO     Select description columns
2020-08-19 22:44:07,005: INFO     Format the output
2020-08-19 22:44:07,698: INFO     creating random control guides
2020-08-19 22:44:09,909: INFO     created 10 control guides with a minimum distance of 7 and a median distance of 7
2020-08-19 22:44:09,912: INFO     guidemaker completed, results are at TEST
2020-08-19 22:44:09,912: INFO     PAM sequence: NGG
2020-08-19 22:44:09,912: INFO     PAM orientation: 5prime
2020-08-19 22:44:09,912: INFO     Genome strand(s) searched: both
2020-08-19 22:44:09,912: INFO     Total PAM sites considered: 923226
2020-08-19 22:44:09,912: INFO     Guide RNA candidates found: 35882
	Command being timed: "guidemaker -i test/test_data/Burkholderia_thailandensis_E264_ATCC_700388_133.gbk --pamseq NGG --outdir TEST --pam_orientation 5prime --guidelength 20 --strand both --lcp 10 --dist 3 --before 100 --into 100 --knum 10 --controls 10 --log GuideMaker_57684674_9.log --threads 8"
	User time (seconds): 757.94
	System time (seconds): 18.90
	Percent of CPU this job got: 576%
	Elapsed (wall clock) time (h:mm:ss or m:ss): 2:14.74
	Average shared text size (kbytes): 0
	Average unshared data size (kbytes): 0
	Average stack size (kbytes): 0
	Average total size (kbytes): 0
	Maximum resident set size (kbytes): 2273632
	Average resident set size (kbytes): 0
	Major (requiring I/O) page faults: 0
	Minor (reclaiming a frame) page faults: 7772664
	Voluntary context switches: 209528
	Involuntary context switches: 1708
	Swaps: 0
	File system inputs: 0
	File system outputs: 146720
	Socket messages sent: 0
	Socket messages received: 0
	Signals delivered: 0
	Page size (bytes): 4096
	Exit status: 0
My SLURM_ARRAY_TASK_ID:  9
My TMPDIR IS:  /scratch/local/57684674
Input Genome:>>>>>>>>>>>>>>>>>>>>>>>>>>>>>>>>>>>>>>>>>>>  Burkholderia_thailandensis_E264_ATCC_700388_133.gbk
Threads used:>>>>>>>>>>>>>>>>>>>>>>>>>>>>>>>>>>>>>>>>>>>  16
GuideMaker
2020-08-19 22:44:12,656: INFO     Temp directory is: /scratch/local/57684674/guidemaker_3uyqjrb5
2020-08-19 22:44:12,656: INFO     Writing fasta file from genbank file(s)
2020-08-19 22:44:12,656: INFO     check if test/test_data/Burkholderia_thailandensis_E264_ATCC_700388_133.gbk is gzipped
2020-08-19 22:44:13,397: INFO     Identifying PAM sites in the genome
2020-08-19 22:44:33,478: INFO     Identifing guides that are unique near the PAM site
2020-08-19 22:44:34,649: INFO     Indexing all potential guide sites: 923226. This is the longest step.
2020-08-19 22:44:38,955: INFO     M                   = 16
2020-08-19 22:44:38,956: INFO     indexThreadQty      = 16
2020-08-19 22:44:38,956: INFO     efConstruction      = 64
2020-08-19 22:44:38,956: INFO     maxM			          = 16
2020-08-19 22:44:38,956: INFO     maxM0			          = 32
2020-08-19 22:44:38,956: INFO     mult                = 0.360674
2020-08-19 22:44:38,956: INFO     skip_optimized_index= 0
2020-08-19 22:44:38,956: INFO     delaunay_type       = 2
2020-08-19 22:44:38,956: INFO     Set HNSW query-time parameters:
2020-08-19 22:44:38,956: INFO     ef(Search)         =20
2020-08-19 22:44:38,956: INFO     algoType           =2

0%   10   20   30   40   50   60   70   80   90   100%
|----|----|----|----|----|----|----|----|----|----|
***************************************************

0%   10   20   30   40   50   60   70   80   90   100%
|----|----|----|----|----|----|----|----|----|----|
****************************************************


2020-08-19 22:45:18,940: INFO     No appropriate custom distance function for Hamming (bit-storage) space
2020-08-19 22:45:18,940: INFO     searchMethod			  = 0
2020-08-19 22:45:19,021: INFO     Identifying guides that have a hamming distance <= 3 to all other potential guides
2020-08-19 22:45:19,296: INFO     Set HNSW query-time parameters:
2020-08-19 22:45:19,296: INFO     ef(Search)         =256
2020-08-19 22:45:19,296: INFO     algoType           =2
2020-08-19 22:45:37,100: INFO     Formatting data for BedTools
2020-08-19 22:45:37,442: INFO     Create GuideMaker Annotation object
2020-08-19 22:45:37,442: INFO     Identify genomic features
2020-08-19 22:45:37,442: INFO     check if test/test_data/Burkholderia_thailandensis_E264_ATCC_700388_133.gbk is gzipped
2020-08-19 22:45:38,663: INFO     Total number of CDS/locus in the input genome: 5633
2020-08-19 22:45:38,663: INFO     Find genomic features closest the guides
2020-08-19 22:45:41,077: INFO     Select guides that start between +100 and -100 of a feature start
2020-08-19 22:45:41,267: INFO     Select description columns
2020-08-19 22:45:41,320: INFO     Format the output
2020-08-19 22:45:42,043: INFO     creating random control guides
2020-08-19 22:45:43,578: INFO     created 10 control guides with a minimum distance of 7 and a median distance of 7
2020-08-19 22:45:43,580: INFO     guidemaker completed, results are at TEST
2020-08-19 22:45:43,580: INFO     PAM sequence: NGG
2020-08-19 22:45:43,580: INFO     PAM orientation: 5prime
2020-08-19 22:45:43,580: INFO     Genome strand(s) searched: both
2020-08-19 22:45:43,580: INFO     Total PAM sites considered: 923226
2020-08-19 22:45:43,580: INFO     Guide RNA candidates found: 35882
	Command being timed: "guidemaker -i test/test_data/Burkholderia_thailandensis_E264_ATCC_700388_133.gbk --pamseq NGG --outdir TEST --pam_orientation 5prime --guidelength 20 --strand both --lcp 10 --dist 3 --before 100 --into 100 --knum 10 --controls 10 --log GuideMaker_57684674_9.log --threads 16"
	User time (seconds): 828.62
	System time (seconds): 25.90
	Percent of CPU this job got: 911%
	Elapsed (wall clock) time (h:mm:ss or m:ss): 1:33.74
	Average shared text size (kbytes): 0
	Average unshared data size (kbytes): 0
	Average stack size (kbytes): 0
	Average total size (kbytes): 0
	Maximum resident set size (kbytes): 2309288
	Average resident set size (kbytes): 0
	Major (requiring I/O) page faults: 0
	Minor (reclaiming a frame) page faults: 6497524
	Voluntary context switches: 363185
	Involuntary context switches: 294803
	Swaps: 0
	File system inputs: 0
	File system outputs: 146696
	Socket messages sent: 0
	Socket messages received: 0
	Signals delivered: 0
	Page size (bytes): 4096
	Exit status: 0
My SLURM_ARRAY_TASK_ID:  9
My TMPDIR IS:  /scratch/local/57684674
Input Genome:>>>>>>>>>>>>>>>>>>>>>>>>>>>>>>>>>>>>>>>>>>>  Burkholderia_thailandensis_E264_ATCC_700388_133.gbk
Threads used:>>>>>>>>>>>>>>>>>>>>>>>>>>>>>>>>>>>>>>>>>>>  32
GuideMaker
2020-08-19 22:45:46,437: INFO     Temp directory is: /scratch/local/57684674/guidemaker_h9vseirp
2020-08-19 22:45:46,437: INFO     Writing fasta file from genbank file(s)
2020-08-19 22:45:46,438: INFO     check if test/test_data/Burkholderia_thailandensis_E264_ATCC_700388_133.gbk is gzipped
2020-08-19 22:45:47,188: INFO     Identifying PAM sites in the genome
2020-08-19 22:46:06,852: INFO     Identifing guides that are unique near the PAM site
2020-08-19 22:46:08,021: INFO     Indexing all potential guide sites: 923226. This is the longest step.
2020-08-19 22:46:12,373: INFO     M                   = 16
2020-08-19 22:46:12,373: INFO     indexThreadQty      = 32
2020-08-19 22:46:12,373: INFO     efConstruction      = 64
2020-08-19 22:46:12,373: INFO     maxM			          = 16
2020-08-19 22:46:12,373: INFO     maxM0			          = 32
2020-08-19 22:46:12,373: INFO     mult                = 0.360674
2020-08-19 22:46:12,373: INFO     skip_optimized_index= 0
2020-08-19 22:46:12,374: INFO     delaunay_type       = 2
2020-08-19 22:46:12,374: INFO     Set HNSW query-time parameters:
2020-08-19 22:46:12,374: INFO     ef(Search)         =20
2020-08-19 22:46:12,374: INFO     algoType           =2

0%   10   20   30   40   50   60   70   80   90   100%
|----|----|----|----|----|----|----|----|----|----|
***************************************************

0%   10   20   30   40   50   60   70   80   90   100%
|----|----|----|----|----|----|----|----|----|----|
****************************************************2020-08-19 22:46:34,860: INFO     No appropriate custom distance function for Hamming (bit-storage) space
2020-08-19 22:46:34,860: INFO     searchMethod			  = 0
2020-08-19 22:46:34,939: INFO     Identifying guides that have a hamming distance <= 3 to all other potential guides
2020-08-19 22:46:35,225: INFO     Set HNSW query-time parameters:
2020-08-19 22:46:35,225: INFO     ef(Search)         =256
2020-08-19 22:46:35,225: INFO     algoType           =2
2020-08-19 22:46:48,876: INFO     Formatting data for BedTools
2020-08-19 22:46:49,206: INFO     Create GuideMaker Annotation object
2020-08-19 22:46:49,206: INFO     Identify genomic features
2020-08-19 22:46:49,207: INFO     check if test/test_data/Burkholderia_thailandensis_E264_ATCC_700388_133.gbk is gzipped
2020-08-19 22:46:50,407: INFO     Total number of CDS/locus in the input genome: 5633
2020-08-19 22:46:50,408: INFO     Find genomic features closest the guides
2020-08-19 22:46:52,756: INFO     Select guides that start between +100 and -100 of a feature start
2020-08-19 22:46:52,910: INFO     Select description columns
2020-08-19 22:46:52,959: INFO     Format the output
2020-08-19 22:46:53,663: INFO     creating random control guides
2020-08-19 22:46:55,041: INFO     created 10 control guides with a minimum distance of 7 and a median distance of 7
2020-08-19 22:46:55,044: INFO     guidemaker completed, results are at TEST
2020-08-19 22:46:55,044: INFO     PAM sequence: NGG
2020-08-19 22:46:55,044: INFO     PAM orientation: 5prime
2020-08-19 22:46:55,044: INFO     Genome strand(s) searched: both
2020-08-19 22:46:55,044: INFO     Total PAM sites considered: 923226
2020-08-19 22:46:55,044: INFO     Guide RNA candidates found: 35882
	Command being timed: "guidemaker -i test/test_data/Burkholderia_thailandensis_E264_ATCC_700388_133.gbk --pamseq NGG --outdir TEST --pam_orientation 5prime --guidelength 20 --strand both --lcp 10 --dist 3 --before 100 --into 100 --knum 10 --controls 10 --log GuideMaker_57684674_9.log --threads 32"
	User time (seconds): 915.77
	System time (seconds): 34.77
	Percent of CPU this job got: 1329%
	Elapsed (wall clock) time (h:mm:ss or m:ss): 1:11.48
	Average shared text size (kbytes): 0
	Average unshared data size (kbytes): 0
	Average stack size (kbytes): 0
	Average total size (kbytes): 0
	Maximum resident set size (kbytes): 2332204
	Average resident set size (kbytes): 0
	Major (requiring I/O) page faults: 0
	Minor (reclaiming a frame) page faults: 4819438
	Voluntary context switches: 636326
	Involuntary context switches: 4213
	Swaps: 0
	File system inputs: 0
	File system outputs: 146688
	Socket messages sent: 0
	Socket messages received: 0
	Signals delivered: 0
	Page size (bytes): 4096
	Exit status: 0
