Thu Feb  4 16:11:04 EST 2021
c23b-s42.ufhpc
/blue/garrett/rp3448/analysis/guidemaker/AVXGuidemaker
My SLURM_ARRAY_TASK_ID:  2
My TMPDIR IS:  /scratch/local/63824695
Input Genome:>>>>>>>>>>>>>>>>>>>>>>>>>>>>>>>>>>>>>>>>>>>  Arabidopsis_thaliana.gbk
Input PAM:>>>>>>>>>>>>>>>>>>>>>>>>>>>>>>>>>>>>>>>>>>>  NGG
Threads used:>>>>>>>>>>>>>>>>>>>>>>>>>>>>>>>>>>>>>>>>>>>  1
GuideMaker
2021-02-04 16:11:09,148: INFO     Temp directory is: /scratch/local/63824695/guidemaker_r93glf_r
2021-02-04 16:11:09,150: INFO     Writing fasta file from genbank file(s)
2021-02-04 16:11:09,151: INFO     check if ../all_test_data/Arabidopsis_thaliana.gbk is gzipped
2021-02-04 16:11:34,717: INFO     Identifying PAM sites in the genome
2021-02-04 16:15:28,795: INFO     Checking guides for restriction enzymes
2021-02-04 16:15:31,091: INFO     Number of guides removed after checking for restriction enzymes: 0
2021-02-04 16:15:31,091: INFO     Identifing guides that are unique near the PAM site
2021-02-04 16:15:47,283: INFO     Number of guides removed after checking for unique PAM: 7107147
2021-02-04 16:15:47,283: INFO     Indexing all potential guide sites: 8099754. This is the longest step.
2021-02-04 16:16:25,327: INFO     M                   = 16
2021-02-04 16:16:25,327: INFO     indexThreadQty      = 1
2021-02-04 16:16:25,327: INFO     efConstruction      = 10
2021-02-04 16:16:25,327: INFO     maxM			          = 16
2021-02-04 16:16:25,327: INFO     maxM0			          = 32
2021-02-04 16:16:25,328: INFO     mult                = 0.360674
2021-02-04 16:16:25,328: INFO     skip_optimized_index= 0
2021-02-04 16:16:25,328: INFO     delaunay_type       = 2
2021-02-04 16:16:25,328: INFO     Set HNSW query-time parameters:
2021-02-04 16:16:25,328: INFO     ef(Search)         =20
2021-02-04 16:16:25,328: INFO     algoType           =2

0%   10   20   30   40   50   60   70   80   90   100%
|----|----|----|----|----|----|----|----|----|----|
***************************************************

0%   10   20   30   40   50   60   70   80   90   100%
|----|----|----|----|----|----|----|----|----|----|
***************************************************
*2021-02-04 16:32:43,930: INFO     No appropriate custom distance function for Hamming (bit-storage) space
2021-02-04 16:32:45,004: INFO     searchMethod			  = 0
2021-02-04 16:32:45,743: INFO     Identifying guides that have a hamming distance <= 3 to all other potential guides
2021-02-04 16:32:48,016: INFO     Set HNSW query-time parameters:
2021-02-04 16:32:48,016: INFO     ef(Search)         =9
2021-02-04 16:32:48,016: INFO     algoType           =2
2021-02-04 16:34:43,829: INFO     Formatting data for BedTools
2021-02-04 16:34:46,969: INFO     Create GuideMaker Annotation object
2021-02-04 16:34:46,969: INFO     Identify genomic features
2021-02-04 16:34:46,970: INFO     check if ../all_test_data/Arabidopsis_thaliana.gbk is gzipped
2021-02-04 16:35:20,257: INFO     Total number of CDS/locus in the input genome: 48262
2021-02-04 16:35:20,257: INFO     Find genomic features closest the guides
2021-02-04 16:35:35,915: INFO     Select guides that start between +500 and -500 of a feature start
2021-02-04 16:35:36,744: INFO     Select description columns
2021-02-04 16:35:37,179: INFO     Format the output
2021-02-04 16:35:40,981: INFO     Number of Guides within a gene coordinates i.e. zero Feature distance: 167751
2021-02-04 16:35:46,586: INFO     creating random control guides
2021-02-04 16:35:47,997: INFO     Number of random control searched: 100
2021-02-04 16:35:47,997: INFO     Percentage of GC content in the input genome: 36.00
2021-02-04 16:35:47,997: INFO     Total length of the genome: 114.1 MB
2021-02-04 16:35:47,998: INFO     created 10 control guides with a minimum distance of 7 and a median distance of 7
2021-02-04 16:35:48,000: INFO     guidemaker completed, results are at TEST
2021-02-04 16:35:48,000: INFO     PAM sequence: NGG
2021-02-04 16:35:48,000: INFO     PAM orientation: 3prime
2021-02-04 16:35:48,000: INFO     Genome strand(s) searched: both
2021-02-04 16:35:48,000: INFO     Total PAM sites considered: 8099754
2021-02-04 16:35:48,000: INFO     Guide RNA candidates found: 257155
	Command being timed: "guidemaker -i ../all_test_data/Arabidopsis_thaliana.gbk --pamseq NGG --outdir TEST --pam_orientation 3prime --guidelength 20 --strand both --lcp 11 --dist 3 --before 500 --into 500 --knum 10 --controls 10 --log GM_63824695_2.log --threads 1"
	User time (seconds): 1463.36
	System time (seconds): 34.31
	Percent of CPU this job got: 100%
	Elapsed (wall clock) time (h:mm:ss or m:ss): 24:56.87
	Average shared text size (kbytes): 0
	Average unshared data size (kbytes): 0
	Average stack size (kbytes): 0
	Average total size (kbytes): 0
	Maximum resident set size (kbytes): 15410628
	Average resident set size (kbytes): 0
	Major (requiring I/O) page faults: 0
	Minor (reclaiming a frame) page faults: 42523480
	Voluntary context switches: 3287
	Involuntary context switches: 482947
	Swaps: 0
	File system inputs: 139368
	File system outputs: 1554024
	Socket messages sent: 0
	Socket messages received: 0
	Signals delivered: 0
	Page size (bytes): 4096
	Exit status: 0
My SLURM_ARRAY_TASK_ID:  2
My TMPDIR IS:  /scratch/local/63824695
Input Genome:>>>>>>>>>>>>>>>>>>>>>>>>>>>>>>>>>>>>>>>>>>>  Arabidopsis_thaliana.gbk
Input PAM:>>>>>>>>>>>>>>>>>>>>>>>>>>>>>>>>>>>>>>>>>>>  NGG
Threads used:>>>>>>>>>>>>>>>>>>>>>>>>>>>>>>>>>>>>>>>>>>>  2
GuideMaker
2021-02-04 16:36:06,008: INFO     Temp directory is: /scratch/local/63824695/guidemaker_zufaafwe
2021-02-04 16:36:06,008: INFO     Writing fasta file from genbank file(s)
2021-02-04 16:36:06,009: INFO     check if ../all_test_data/Arabidopsis_thaliana.gbk is gzipped
2021-02-04 16:36:31,284: INFO     Identifying PAM sites in the genome
2021-02-04 16:40:16,174: INFO     Checking guides for restriction enzymes
2021-02-04 16:40:18,530: INFO     Number of guides removed after checking for restriction enzymes: 0
2021-02-04 16:40:18,531: INFO     Identifing guides that are unique near the PAM site
2021-02-04 16:40:33,869: INFO     Number of guides removed after checking for unique PAM: 7107147
2021-02-04 16:40:33,869: INFO     Indexing all potential guide sites: 8099754. This is the longest step.
2021-02-04 16:41:12,257: INFO     M                   = 16
2021-02-04 16:41:12,258: INFO     indexThreadQty      = 2
2021-02-04 16:41:12,258: INFO     efConstruction      = 10
2021-02-04 16:41:12,258: INFO     maxM			          = 16
2021-02-04 16:41:12,258: INFO     maxM0			          = 32
2021-02-04 16:41:12,258: INFO     mult                = 0.360674
2021-02-04 16:41:12,258: INFO     skip_optimized_index= 0
2021-02-04 16:41:12,258: INFO     delaunay_type       = 2
2021-02-04 16:41:12,258: INFO     Set HNSW query-time parameters:
2021-02-04 16:41:12,258: INFO     ef(Search)         =20
2021-02-04 16:41:12,258: INFO     algoType           =2

0%   10   20   30   40   50   60   70   80   90   100%
|----|----|----|----|----|----|----|----|----|----|
***************************************************

0%   10   20   30   40   50   60   70   80   90   100%
|----|----|----|----|----|----|----|----|----|----|
****************************************************


2021-02-04 16:52:06,852: INFO     No appropriate custom distance function for Hamming (bit-storage) space
2021-02-04 16:52:06,853: INFO     searchMethod			  = 0
2021-02-04 16:52:07,489: INFO     Identifying guides that have a hamming distance <= 3 to all other potential guides
2021-02-04 16:52:09,446: INFO     Set HNSW query-time parameters:
2021-02-04 16:52:09,446: INFO     ef(Search)         =9
2021-02-04 16:52:09,446: INFO     algoType           =2
2021-02-04 16:53:58,800: INFO     Formatting data for BedTools
2021-02-04 16:54:02,306: INFO     Create GuideMaker Annotation object
2021-02-04 16:54:02,306: INFO     Identify genomic features
2021-02-04 16:54:02,306: INFO     check if ../all_test_data/Arabidopsis_thaliana.gbk is gzipped
2021-02-04 16:54:37,642: INFO     Total number of CDS/locus in the input genome: 48262
2021-02-04 16:54:37,642: INFO     Find genomic features closest the guides
2021-02-04 16:54:54,764: INFO     Select guides that start between +500 and -500 of a feature start
2021-02-04 16:54:55,721: INFO     Select description columns
2021-02-04 16:54:56,218: INFO     Format the output
2021-02-04 16:55:00,460: INFO     Number of Guides within a gene coordinates i.e. zero Feature distance: 167829
2021-02-04 16:55:06,117: INFO     creating random control guides
2021-02-04 16:55:08,431: INFO     Number of random control searched: 100
2021-02-04 16:55:08,431: INFO     Percentage of GC content in the input genome: 36.00
2021-02-04 16:55:08,431: INFO     Total length of the genome: 114.1 MB
2021-02-04 16:55:08,431: INFO     created 10 control guides with a minimum distance of 7 and a median distance of 7
2021-02-04 16:55:08,434: INFO     guidemaker completed, results are at TEST
2021-02-04 16:55:08,434: INFO     PAM sequence: NGG
2021-02-04 16:55:08,434: INFO     PAM orientation: 3prime
2021-02-04 16:55:08,434: INFO     Genome strand(s) searched: both
2021-02-04 16:55:08,434: INFO     Total PAM sites considered: 8099754
2021-02-04 16:55:08,435: INFO     Guide RNA candidates found: 257309
	Command being timed: "guidemaker -i ../all_test_data/Arabidopsis_thaliana.gbk --pamseq NGG --outdir TEST --pam_orientation 3prime --guidelength 20 --strand both --lcp 11 --dist 3 --before 500 --into 500 --knum 10 --controls 10 --log GM_63824695_2.log --threads 2"
	User time (seconds): 1680.22
	System time (seconds): 170.23
	Percent of CPU this job got: 159%
	Elapsed (wall clock) time (h:mm:ss or m:ss): 19:23.44
	Average shared text size (kbytes): 0
	Average unshared data size (kbytes): 0
	Average stack size (kbytes): 0
	Average total size (kbytes): 0
	Maximum resident set size (kbytes): 16235348
	Average resident set size (kbytes): 0
	Major (requiring I/O) page faults: 0
	Minor (reclaiming a frame) page faults: 105853832
	Voluntary context switches: 803903
	Involuntary context switches: 71141
	Swaps: 0
	File system inputs: 168
	File system outputs: 1553856
	Socket messages sent: 0
	Socket messages received: 0
	Signals delivered: 0
	Page size (bytes): 4096
	Exit status: 0
My SLURM_ARRAY_TASK_ID:  2
My TMPDIR IS:  /scratch/local/63824695
Input Genome:>>>>>>>>>>>>>>>>>>>>>>>>>>>>>>>>>>>>>>>>>>>  Arabidopsis_thaliana.gbk
Input PAM:>>>>>>>>>>>>>>>>>>>>>>>>>>>>>>>>>>>>>>>>>>>  NGG
Threads used:>>>>>>>>>>>>>>>>>>>>>>>>>>>>>>>>>>>>>>>>>>>  4
GuideMaker
2021-02-04 16:55:29,463: INFO     Temp directory is: /scratch/local/63824695/guidemaker_ru6kdpig
2021-02-04 16:55:29,464: INFO     Writing fasta file from genbank file(s)
2021-02-04 16:55:29,464: INFO     check if ../all_test_data/Arabidopsis_thaliana.gbk is gzipped
2021-02-04 16:55:55,461: INFO     Identifying PAM sites in the genome
2021-02-04 16:59:48,202: INFO     Checking guides for restriction enzymes
2021-02-04 16:59:50,473: INFO     Number of guides removed after checking for restriction enzymes: 0
2021-02-04 16:59:50,473: INFO     Identifing guides that are unique near the PAM site
2021-02-04 17:00:06,130: INFO     Number of guides removed after checking for unique PAM: 7107147
2021-02-04 17:00:06,130: INFO     Indexing all potential guide sites: 8099754. This is the longest step.
2021-02-04 17:00:45,134: INFO     M                   = 16
2021-02-04 17:00:45,135: INFO     indexThreadQty      = 4
2021-02-04 17:00:45,135: INFO     efConstruction      = 10
2021-02-04 17:00:45,135: INFO     maxM			          = 16
2021-02-04 17:00:45,135: INFO     maxM0			          = 32
2021-02-04 17:00:45,135: INFO     mult                = 0.360674
2021-02-04 17:00:45,135: INFO     skip_optimized_index= 0
2021-02-04 17:00:45,135: INFO     delaunay_type       = 2
2021-02-04 17:00:45,135: INFO     Set HNSW query-time parameters:
2021-02-04 17:00:45,135: INFO     ef(Search)         =20
2021-02-04 17:00:45,135: INFO     algoType           =2

0%   10   20   30   40   50   60   70   80   90   100%
|----|----|----|----|----|----|----|----|----|----|
***************************************************

0%   10   20   30   40   50   60   70   80   90   100%
|----|----|----|----|----|----|----|----|----|----|
****************************************************2021-02-04 17:06:06,543: INFO     No appropriate custom distance function for Hamming (bit-storage) space
2021-02-04 17:06:06,543: INFO     searchMethod			  = 0
2021-02-04 17:06:07,167: INFO     Identifying guides that have a hamming distance <= 3 to all other potential guides
2021-02-04 17:06:09,098: INFO     Set HNSW query-time parameters:
2021-02-04 17:06:09,099: INFO     ef(Search)         =9
2021-02-04 17:06:09,099: INFO     algoType           =2
2021-02-04 17:07:19,817: INFO     Formatting data for BedTools
2021-02-04 17:07:22,725: INFO     Create GuideMaker Annotation object
2021-02-04 17:07:22,725: INFO     Identify genomic features
2021-02-04 17:07:22,725: INFO     check if ../all_test_data/Arabidopsis_thaliana.gbk is gzipped
2021-02-04 17:07:55,768: INFO     Total number of CDS/locus in the input genome: 48262
2021-02-04 17:07:55,768: INFO     Find genomic features closest the guides
2021-02-04 17:08:13,716: INFO     Select guides that start between +500 and -500 of a feature start
2021-02-04 17:08:14,603: INFO     Select description columns
2021-02-04 17:08:15,067: INFO     Format the output
2021-02-04 17:08:18,975: INFO     Number of Guides within a gene coordinates i.e. zero Feature distance: 167908
2021-02-04 17:08:24,413: INFO     creating random control guides
2021-02-04 17:08:26,354: INFO     Number of random control searched: 100
2021-02-04 17:08:26,354: INFO     Percentage of GC content in the input genome: 36.00
2021-02-04 17:08:26,354: INFO     Total length of the genome: 114.1 MB
2021-02-04 17:08:26,354: INFO     created 10 control guides with a minimum distance of 7 and a median distance of 7
2021-02-04 17:08:26,357: INFO     guidemaker completed, results are at TEST
2021-02-04 17:08:26,357: INFO     PAM sequence: NGG
2021-02-04 17:08:26,357: INFO     PAM orientation: 3prime
2021-02-04 17:08:26,357: INFO     Genome strand(s) searched: both
2021-02-04 17:08:26,357: INFO     Total PAM sites considered: 8099754
2021-02-04 17:08:26,357: INFO     Guide RNA candidates found: 257387
	Command being timed: "guidemaker -i ../all_test_data/Arabidopsis_thaliana.gbk --pamseq NGG --outdir TEST --pam_orientation 3prime --guidelength 20 --strand both --lcp 11 --dist 3 --before 500 --into 500 --knum 10 --controls 10 --log GM_63824695_2.log --threads 4"
	User time (seconds): 1714.60
	System time (seconds): 91.76
	Percent of CPU this job got: 226%
	Elapsed (wall clock) time (h:mm:ss or m:ss): 13:18.08
	Average shared text size (kbytes): 0
	Average unshared data size (kbytes): 0
	Average stack size (kbytes): 0
	Average total size (kbytes): 0
	Maximum resident set size (kbytes): 16270336
	Average resident set size (kbytes): 0
	Major (requiring I/O) page faults: 0
	Minor (reclaiming a frame) page faults: 52846007
	Voluntary context switches: 1409938
	Involuntary context switches: 571596
	Swaps: 0
	File system inputs: 40
	File system outputs: 1555336
	Socket messages sent: 0
	Socket messages received: 0
	Signals delivered: 0
	Page size (bytes): 4096
	Exit status: 0
My SLURM_ARRAY_TASK_ID:  2
My TMPDIR IS:  /scratch/local/63824695
Input Genome:>>>>>>>>>>>>>>>>>>>>>>>>>>>>>>>>>>>>>>>>>>>  Arabidopsis_thaliana.gbk
Input PAM:>>>>>>>>>>>>>>>>>>>>>>>>>>>>>>>>>>>>>>>>>>>  NGG
Threads used:>>>>>>>>>>>>>>>>>>>>>>>>>>>>>>>>>>>>>>>>>>>  8
GuideMaker
2021-02-04 17:08:47,581: INFO     Temp directory is: /scratch/local/63824695/guidemaker_yyourj86
2021-02-04 17:08:47,581: INFO     Writing fasta file from genbank file(s)
2021-02-04 17:08:47,581: INFO     check if ../all_test_data/Arabidopsis_thaliana.gbk is gzipped
2021-02-04 17:09:13,367: INFO     Identifying PAM sites in the genome
2021-02-04 17:13:07,717: INFO     Checking guides for restriction enzymes
2021-02-04 17:13:09,949: INFO     Number of guides removed after checking for restriction enzymes: 0
2021-02-04 17:13:09,950: INFO     Identifing guides that are unique near the PAM site
2021-02-04 17:13:25,834: INFO     Number of guides removed after checking for unique PAM: 7107147
2021-02-04 17:13:25,834: INFO     Indexing all potential guide sites: 8099754. This is the longest step.
2021-02-04 17:14:07,227: INFO     M                   = 16
2021-02-04 17:14:07,227: INFO     indexThreadQty      = 8
2021-02-04 17:14:07,227: INFO     efConstruction      = 10
2021-02-04 17:14:07,227: INFO     maxM			          = 16
2021-02-04 17:14:07,227: INFO     maxM0			          = 32
2021-02-04 17:14:07,227: INFO     mult                = 0.360674
2021-02-04 17:14:07,228: INFO     skip_optimized_index= 0
2021-02-04 17:14:07,228: INFO     delaunay_type       = 2
2021-02-04 17:14:07,228: INFO     Set HNSW query-time parameters:
2021-02-04 17:14:07,228: INFO     ef(Search)         =20
2021-02-04 17:14:07,228: INFO     algoType           =2

0%   10   20   30   40   50   60   70   80   90   100%
|----|----|----|----|----|----|----|----|----|----|
***************************************************

0%   10   20   30   40   50   60   70   80   90   100%
|----|----|----|----|----|----|----|----|----|----|
****************************************************2021-02-04 17:17:07,831: INFO     No appropriate custom distance function for Hamming (bit-storage) space
2021-02-04 17:17:07,832: INFO     searchMethod			  = 0
2021-02-04 17:17:08,534: INFO     Identifying guides that have a hamming distance <= 3 to all other potential guides
2021-02-04 17:17:10,678: INFO     Set HNSW query-time parameters:
2021-02-04 17:17:10,679: INFO     ef(Search)         =9
2021-02-04 17:17:10,679: INFO     algoType           =2
2021-02-04 17:18:12,203: INFO     Formatting data for BedTools
2021-02-04 17:18:15,139: INFO     Create GuideMaker Annotation object
2021-02-04 17:18:15,139: INFO     Identify genomic features
2021-02-04 17:18:15,140: INFO     check if ../all_test_data/Arabidopsis_thaliana.gbk is gzipped
2021-02-04 17:18:48,372: INFO     Total number of CDS/locus in the input genome: 48262
2021-02-04 17:18:48,372: INFO     Find genomic features closest the guides
2021-02-04 17:19:05,838: INFO     Select guides that start between +500 and -500 of a feature start
2021-02-04 17:19:06,719: INFO     Select description columns
2021-02-04 17:19:07,196: INFO     Format the output
2021-02-04 17:19:11,092: INFO     Number of Guides within a gene coordinates i.e. zero Feature distance: 167792
2021-02-04 17:19:16,506: INFO     creating random control guides
2021-02-04 17:19:18,470: INFO     Number of random control searched: 1000
2021-02-04 17:19:18,470: INFO     Percentage of GC content in the input genome: 36.00
2021-02-04 17:19:18,470: INFO     Total length of the genome: 114.1 MB
2021-02-04 17:19:18,470: INFO     created 10 control guides with a minimum distance of 7 and a median distance of 8
2021-02-04 17:19:18,474: INFO     guidemaker completed, results are at TEST
2021-02-04 17:19:18,474: INFO     PAM sequence: NGG
2021-02-04 17:19:18,474: INFO     PAM orientation: 3prime
2021-02-04 17:19:18,474: INFO     Genome strand(s) searched: both
2021-02-04 17:19:18,474: INFO     Total PAM sites considered: 8099754
2021-02-04 17:19:18,474: INFO     Guide RNA candidates found: 257211
	Command being timed: "guidemaker -i ../all_test_data/Arabidopsis_thaliana.gbk --pamseq NGG --outdir TEST --pam_orientation 3prime --guidelength 20 --strand both --lcp 11 --dist 3 --before 500 --into 500 --knum 10 --controls 10 --log GM_63824695_2.log --threads 8"
	User time (seconds): 1833.38
	System time (seconds): 104.11
	Percent of CPU this job got: 297%
	Elapsed (wall clock) time (h:mm:ss or m:ss): 10:51.35
	Average shared text size (kbytes): 0
	Average unshared data size (kbytes): 0
	Average stack size (kbytes): 0
	Average total size (kbytes): 0
	Maximum resident set size (kbytes): 16317748
	Average resident set size (kbytes): 0
	Major (requiring I/O) page faults: 0
	Minor (reclaiming a frame) page faults: 53287422
	Voluntary context switches: 2630471
	Involuntary context switches: 285215
	Swaps: 0
	File system inputs: 40
	File system outputs: 1553632
	Socket messages sent: 0
	Socket messages received: 0
	Signals delivered: 0
	Page size (bytes): 4096
	Exit status: 0
My SLURM_ARRAY_TASK_ID:  2
My TMPDIR IS:  /scratch/local/63824695
Input Genome:>>>>>>>>>>>>>>>>>>>>>>>>>>>>>>>>>>>>>>>>>>>  Arabidopsis_thaliana.gbk
Input PAM:>>>>>>>>>>>>>>>>>>>>>>>>>>>>>>>>>>>>>>>>>>>  NGG
Threads used:>>>>>>>>>>>>>>>>>>>>>>>>>>>>>>>>>>>>>>>>>>>  16
GuideMaker
2021-02-04 17:19:38,916: INFO     Temp directory is: /scratch/local/63824695/guidemaker_us54f7ln
2021-02-04 17:19:38,916: INFO     Writing fasta file from genbank file(s)
2021-02-04 17:19:38,916: INFO     check if ../all_test_data/Arabidopsis_thaliana.gbk is gzipped
2021-02-04 17:20:03,990: INFO     Identifying PAM sites in the genome
2021-02-04 17:23:46,618: INFO     Checking guides for restriction enzymes
2021-02-04 17:23:48,902: INFO     Number of guides removed after checking for restriction enzymes: 0
2021-02-04 17:23:48,903: INFO     Identifing guides that are unique near the PAM site
2021-02-04 17:24:04,190: INFO     Number of guides removed after checking for unique PAM: 7107147
2021-02-04 17:24:04,191: INFO     Indexing all potential guide sites: 8099754. This is the longest step.
2021-02-04 17:24:42,540: INFO     M                   = 16
2021-02-04 17:24:42,540: INFO     indexThreadQty      = 16
2021-02-04 17:24:42,541: INFO     efConstruction      = 10
2021-02-04 17:24:42,541: INFO     maxM			          = 16
2021-02-04 17:24:42,541: INFO     maxM0			          = 32
2021-02-04 17:24:42,541: INFO     mult                = 0.360674
2021-02-04 17:24:42,541: INFO     skip_optimized_index= 0
2021-02-04 17:24:42,541: INFO     delaunay_type       = 2
2021-02-04 17:24:42,541: INFO     Set HNSW query-time parameters:
2021-02-04 17:24:42,541: INFO     ef(Search)         =20
2021-02-04 17:24:42,541: INFO     algoType           =2

0%   10   20   30   40   50   60   70   80   90   100%
|----|----|----|----|----|----|----|----|----|----|
***************************************************

0%   10   20   30   40   50   60   70   80   90   100%
|----|----|----|----|----|----|----|----|----|----|
****************************************************2021-02-04 17:26:27,644: INFO     No appropriate custom distance function for Hamming (bit-storage) space
2021-02-04 17:26:27,645: INFO     searchMethod			  = 0
2021-02-04 17:26:28,269: INFO     Identifying guides that have a hamming distance <= 3 to all other potential guides
2021-02-04 17:26:30,226: INFO     Set HNSW query-time parameters:
2021-02-04 17:26:30,226: INFO     ef(Search)         =9
2021-02-04 17:26:30,226: INFO     algoType           =2
2021-02-04 17:27:25,144: INFO     Formatting data for BedTools
2021-02-04 17:27:28,106: INFO     Create GuideMaker Annotation object
2021-02-04 17:27:28,106: INFO     Identify genomic features
2021-02-04 17:27:28,107: INFO     check if ../all_test_data/Arabidopsis_thaliana.gbk is gzipped
2021-02-04 17:27:59,316: INFO     Total number of CDS/locus in the input genome: 48262
2021-02-04 17:27:59,316: INFO     Find genomic features closest the guides
2021-02-04 17:28:17,278: INFO     Select guides that start between +500 and -500 of a feature start
2021-02-04 17:28:18,214: INFO     Select description columns
2021-02-04 17:28:18,740: INFO     Format the output
2021-02-04 17:28:23,124: INFO     Number of Guides within a gene coordinates i.e. zero Feature distance: 167761
2021-02-04 17:28:28,558: INFO     creating random control guides
2021-02-04 17:28:30,286: INFO     Number of random control searched: 100
2021-02-04 17:28:30,286: INFO     Percentage of GC content in the input genome: 36.00
2021-02-04 17:28:30,286: INFO     Total length of the genome: 114.1 MB
2021-02-04 17:28:30,286: INFO     created 10 control guides with a minimum distance of 7 and a median distance of 7
2021-02-04 17:28:30,289: INFO     guidemaker completed, results are at TEST
2021-02-04 17:28:30,289: INFO     PAM sequence: NGG
2021-02-04 17:28:30,289: INFO     PAM orientation: 3prime
2021-02-04 17:28:30,289: INFO     Genome strand(s) searched: both
2021-02-04 17:28:30,289: INFO     Total PAM sites considered: 8099754
2021-02-04 17:28:30,289: INFO     Guide RNA candidates found: 257193
	Command being timed: "guidemaker -i ../all_test_data/Arabidopsis_thaliana.gbk --pamseq NGG --outdir TEST --pam_orientation 3prime --guidelength 20 --strand both --lcp 11 --dist 3 --before 500 --into 500 --knum 10 --controls 10 --log GM_63824695_2.log --threads 16"
	User time (seconds): 1950.56
	System time (seconds): 125.00
	Percent of CPU this job got: 376%
	Elapsed (wall clock) time (h:mm:ss or m:ss): 9:11.14
	Average shared text size (kbytes): 0
	Average unshared data size (kbytes): 0
	Average stack size (kbytes): 0
	Average total size (kbytes): 0
	Maximum resident set size (kbytes): 16427772
	Average resident set size (kbytes): 0
	Major (requiring I/O) page faults: 0
	Minor (reclaiming a frame) page faults: 45779423
	Voluntary context switches: 5109931
	Involuntary context switches: 2427
	Swaps: 0
	File system inputs: 32
	File system outputs: 1553712
	Socket messages sent: 0
	Socket messages received: 0
	Signals delivered: 0
	Page size (bytes): 4096
	Exit status: 0
My SLURM_ARRAY_TASK_ID:  2
My TMPDIR IS:  /scratch/local/63824695
Input Genome:>>>>>>>>>>>>>>>>>>>>>>>>>>>>>>>>>>>>>>>>>>>  Arabidopsis_thaliana.gbk
Input PAM:>>>>>>>>>>>>>>>>>>>>>>>>>>>>>>>>>>>>>>>>>>>  NGG
Threads used:>>>>>>>>>>>>>>>>>>>>>>>>>>>>>>>>>>>>>>>>>>>  32
GuideMaker
2021-02-04 17:28:50,026: INFO     Temp directory is: /scratch/local/63824695/guidemaker_av95x0pq
2021-02-04 17:28:50,027: INFO     Writing fasta file from genbank file(s)
2021-02-04 17:28:50,027: INFO     check if ../all_test_data/Arabidopsis_thaliana.gbk is gzipped
2021-02-04 17:29:15,013: INFO     Identifying PAM sites in the genome
2021-02-04 17:32:55,781: INFO     Checking guides for restriction enzymes
2021-02-04 17:32:58,062: INFO     Number of guides removed after checking for restriction enzymes: 0
2021-02-04 17:32:58,062: INFO     Identifing guides that are unique near the PAM site
2021-02-04 17:33:13,628: INFO     Number of guides removed after checking for unique PAM: 7107147
2021-02-04 17:33:13,628: INFO     Indexing all potential guide sites: 8099754. This is the longest step.
2021-02-04 17:33:51,665: INFO     M                   = 16
2021-02-04 17:33:51,666: INFO     indexThreadQty      = 32
2021-02-04 17:33:51,666: INFO     efConstruction      = 10
2021-02-04 17:33:51,666: INFO     maxM			          = 16
2021-02-04 17:33:51,666: INFO     maxM0			          = 32
2021-02-04 17:33:51,666: INFO     mult                = 0.360674
2021-02-04 17:33:51,666: INFO     skip_optimized_index= 0
2021-02-04 17:33:51,666: INFO     delaunay_type       = 2
2021-02-04 17:33:51,666: INFO     Set HNSW query-time parameters:
2021-02-04 17:33:51,666: INFO     ef(Search)         =20
2021-02-04 17:33:51,666: INFO     algoType           =2

0%   10   20   30   40   50   60   70   80   90   100%
|----|----|----|----|----|----|----|----|----|----|
***************************************************

0%   10   20   30   40   50   60   70   80   90   100%
|----|----|----|----|----|----|----|----|----|----|
******************************************************




2021-02-04 17:35:02,293: INFO     No appropriate custom distance function for Hamming (bit-storage) space
2021-02-04 17:35:02,294: INFO     searchMethod			  = 0
2021-02-04 17:35:02,938: INFO     Identifying guides that have a hamming distance <= 3 to all other potential guides
2021-02-04 17:35:04,882: INFO     Set HNSW query-time parameters:
2021-02-04 17:35:04,882: INFO     ef(Search)         =9
2021-02-04 17:35:04,882: INFO     algoType           =2
2021-02-04 17:35:56,891: INFO     Formatting data for BedTools
2021-02-04 17:35:59,673: INFO     Create GuideMaker Annotation object
2021-02-04 17:35:59,673: INFO     Identify genomic features
2021-02-04 17:35:59,674: INFO     check if ../all_test_data/Arabidopsis_thaliana.gbk is gzipped
2021-02-04 17:36:31,056: INFO     Total number of CDS/locus in the input genome: 48262
2021-02-04 17:36:31,056: INFO     Find genomic features closest the guides
2021-02-04 17:36:48,071: INFO     Select guides that start between +500 and -500 of a feature start
2021-02-04 17:36:48,912: INFO     Select description columns
2021-02-04 17:36:49,387: INFO     Format the output
2021-02-04 17:36:53,090: INFO     Number of Guides within a gene coordinates i.e. zero Feature distance: 167736
2021-02-04 17:36:58,552: INFO     creating random control guides
2021-02-04 17:37:00,820: INFO     Number of random control searched: 1000
2021-02-04 17:37:00,820: INFO     Percentage of GC content in the input genome: 36.00
2021-02-04 17:37:00,820: INFO     Total length of the genome: 114.1 MB
2021-02-04 17:37:00,821: INFO     created 10 control guides with a minimum distance of 7 and a median distance of 8
2021-02-04 17:37:00,823: INFO     guidemaker completed, results are at TEST
2021-02-04 17:37:00,823: INFO     PAM sequence: NGG
2021-02-04 17:37:00,823: INFO     PAM orientation: 3prime
2021-02-04 17:37:00,824: INFO     Genome strand(s) searched: both
2021-02-04 17:37:00,824: INFO     Total PAM sites considered: 8099754
2021-02-04 17:37:00,824: INFO     Guide RNA candidates found: 257134
	Command being timed: "guidemaker -i ../all_test_data/Arabidopsis_thaliana.gbk --pamseq NGG --outdir TEST --pam_orientation 3prime --guidelength 20 --strand both --lcp 11 --dist 3 --before 500 --into 500 --knum 10 --controls 10 --log GM_63824695_2.log --threads 32"
	User time (seconds): 2163.85
	System time (seconds): 218.48
	Percent of CPU this job got: 465%
	Elapsed (wall clock) time (h:mm:ss or m:ss): 8:31.46
	Average shared text size (kbytes): 0
	Average unshared data size (kbytes): 0
	Average stack size (kbytes): 0
	Average total size (kbytes): 0
	Maximum resident set size (kbytes): 16551872
	Average resident set size (kbytes): 0
	Major (requiring I/O) page faults: 0
	Minor (reclaiming a frame) page faults: 37016956
	Voluntary context switches: 11053360
	Involuntary context switches: 1017278
	Swaps: 0
	File system inputs: 32
	File system outputs: 1551360
	Socket messages sent: 0
	Socket messages received: 0
	Signals delivered: 0
	Page size (bytes): 4096
	Exit status: 0
