Thu Feb  4 15:40:18 EST 2021
c27b-s26.ufhpc
/blue/garrett/rp3448/analysis/guidemaker/AVXGuidemaker
My SLURM_ARRAY_TASK_ID:  2
My TMPDIR IS:  /scratch/local/63823786
Input Genome:>>>>>>>>>>>>>>>>>>>>>>>>>>>>>>>>>>>>>>>>>>>  Escherichia.coli_str_K-12_substr_MG1655.gbk
Input PAM:>>>>>>>>>>>>>>>>>>>>>>>>>>>>>>>>>>>>>>>>>>>  NGG
Threads used:>>>>>>>>>>>>>>>>>>>>>>>>>>>>>>>>>>>>>>>>>>>  1
GuideMaker
2021-02-04 15:40:22,832: INFO     Temp directory is: /scratch/local/63823786/guidemaker_zzmy6265
2021-02-04 15:40:22,833: INFO     Writing fasta file from genbank file(s)
2021-02-04 15:40:22,833: INFO     check if ../all_test_data/Escherichia.coli_str_K-12_substr_MG1655.gbk is gzipped
2021-02-04 15:40:23,737: INFO     Identifying PAM sites in the genome
2021-02-04 15:40:38,262: INFO     Checking guides for restriction enzymes
2021-02-04 15:40:38,413: INFO     Number of guides removed after checking for restriction enzymes: 0
2021-02-04 15:40:38,413: INFO     Identifing guides that are unique near the PAM site
2021-02-04 15:40:39,556: INFO     Number of guides removed after checking for unique PAM: 150893
2021-02-04 15:40:39,556: INFO     Indexing all potential guide sites: 542072. This is the longest step.
2021-02-04 15:40:42,138: INFO     M                   = 16
2021-02-04 15:40:42,138: INFO     indexThreadQty      = 1
2021-02-04 15:40:42,138: INFO     efConstruction      = 10
2021-02-04 15:40:42,138: INFO     maxM			          = 16
2021-02-04 15:40:42,139: INFO     maxM0			          = 32
2021-02-04 15:40:42,139: INFO     mult                = 0.360674
2021-02-04 15:40:42,139: INFO     skip_optimized_index= 0
2021-02-04 15:40:42,139: INFO     delaunay_type       = 2
2021-02-04 15:40:42,139: INFO     Set HNSW query-time parameters:
2021-02-04 15:40:42,139: INFO     ef(Search)         =20
2021-02-04 15:40:42,139: INFO     algoType           =2

0%   10   20   30   40   50   60   70   80   90   100%
|----|----|----|----|----|----|----|----|----|----|
***************************************************

0%   10   20   30   40   50   60   70   80   90   100%
|----|----|----|----|----|----|----|----|----|----|
***************************************************
*2021-02-04 15:41:24,194: INFO     No appropriate custom distance function for Hamming (bit-storage) space
2021-02-04 15:41:24,195: INFO     searchMethod			  = 0
2021-02-04 15:41:24,240: INFO     Identifying guides that have a hamming distance <= 3 to all other potential guides
2021-02-04 15:41:24,805: INFO     Set HNSW query-time parameters:
2021-02-04 15:41:24,805: INFO     ef(Search)         =9
2021-02-04 15:41:24,805: INFO     algoType           =2
2021-02-04 15:41:59,458: INFO     Formatting data for BedTools
2021-02-04 15:42:00,182: INFO     Create GuideMaker Annotation object
2021-02-04 15:42:00,183: INFO     Identify genomic features
2021-02-04 15:42:00,183: INFO     check if ../all_test_data/Escherichia.coli_str_K-12_substr_MG1655.gbk is gzipped
2021-02-04 15:42:01,844: INFO     Total number of CDS/locus in the input genome: 4357
2021-02-04 15:42:01,844: INFO     Find genomic features closest the guides
2021-02-04 15:42:07,354: INFO     Select guides that start between +500 and -500 of a feature start
2021-02-04 15:42:07,945: INFO     Select description columns
2021-02-04 15:42:08,032: INFO     Format the output
2021-02-04 15:42:11,109: INFO     Number of Guides within a gene coordinates i.e. zero Feature distance: 168421
2021-02-04 15:42:14,069: INFO     creating random control guides
2021-02-04 15:42:14,138: INFO     Number of random control searched: 100
2021-02-04 15:42:14,138: INFO     Percentage of GC content in the input genome: 50.79
2021-02-04 15:42:14,138: INFO     Total length of the genome: 4.4 MB
2021-02-04 15:42:14,138: INFO     created 10 control guides with a minimum distance of 8 and a median distance of 8
2021-02-04 15:42:14,140: INFO     guidemaker completed, results are at TEST
2021-02-04 15:42:14,140: INFO     PAM sequence: NGG
2021-02-04 15:42:14,140: INFO     PAM orientation: 3prime
2021-02-04 15:42:14,141: INFO     Genome strand(s) searched: both
2021-02-04 15:42:14,141: INFO     Total PAM sites considered: 542072
2021-02-04 15:42:14,141: INFO     Guide RNA candidates found: 280996
	Command being timed: "guidemaker -i ../all_test_data/Escherichia.coli_str_K-12_substr_MG1655.gbk --pamseq NGG --outdir TEST --pam_orientation 3prime --guidelength 20 --strand both --lcp 11 --dist 3 --before 500 --into 500 --knum 10 --controls 10 --log GM_63823786_2.log --threads 1"
	User time (seconds): 111.98
	System time (seconds): 4.09
	Percent of CPU this job got: 102%
	Elapsed (wall clock) time (h:mm:ss or m:ss): 1:53.79
	Average shared text size (kbytes): 0
	Average unshared data size (kbytes): 0
	Average stack size (kbytes): 0
	Average total size (kbytes): 0
	Maximum resident set size (kbytes): 1838588
	Average resident set size (kbytes): 0
	Major (requiring I/O) page faults: 0
	Minor (reclaiming a frame) page faults: 1794353
	Voluntary context switches: 3130
	Involuntary context switches: 715989
	Swaps: 0
	File system inputs: 16
	File system outputs: 571664
	Socket messages sent: 0
	Socket messages received: 0
	Signals delivered: 0
	Page size (bytes): 4096
	Exit status: 0
My SLURM_ARRAY_TASK_ID:  2
My TMPDIR IS:  /scratch/local/63823786
Input Genome:>>>>>>>>>>>>>>>>>>>>>>>>>>>>>>>>>>>>>>>>>>>  Escherichia.coli_str_K-12_substr_MG1655.gbk
Input PAM:>>>>>>>>>>>>>>>>>>>>>>>>>>>>>>>>>>>>>>>>>>>  NGG
Threads used:>>>>>>>>>>>>>>>>>>>>>>>>>>>>>>>>>>>>>>>>>>>  2
GuideMaker
2021-02-04 15:42:16,648: INFO     Temp directory is: /scratch/local/63823786/guidemaker_k3c4hi9x
2021-02-04 15:42:16,648: INFO     Writing fasta file from genbank file(s)
2021-02-04 15:42:16,649: INFO     check if ../all_test_data/Escherichia.coli_str_K-12_substr_MG1655.gbk is gzipped
2021-02-04 15:42:17,552: INFO     Identifying PAM sites in the genome
2021-02-04 15:42:30,639: INFO     Checking guides for restriction enzymes
2021-02-04 15:42:30,814: INFO     Number of guides removed after checking for restriction enzymes: 0
2021-02-04 15:42:30,815: INFO     Identifing guides that are unique near the PAM site
2021-02-04 15:42:32,089: INFO     Number of guides removed after checking for unique PAM: 150893
2021-02-04 15:42:32,089: INFO     Indexing all potential guide sites: 542072. This is the longest step.
2021-02-04 15:42:34,862: INFO     M                   = 16
2021-02-04 15:42:34,862: INFO     indexThreadQty      = 2
2021-02-04 15:42:34,862: INFO     efConstruction      = 10
2021-02-04 15:42:34,862: INFO     maxM			          = 16
2021-02-04 15:42:34,862: INFO     maxM0			          = 32
2021-02-04 15:42:34,862: INFO     mult                = 0.360674
2021-02-04 15:42:34,862: INFO     skip_optimized_index= 0
2021-02-04 15:42:34,863: INFO     delaunay_type       = 2
2021-02-04 15:42:34,863: INFO     Set HNSW query-time parameters:
2021-02-04 15:42:34,863: INFO     ef(Search)         =20
2021-02-04 15:42:34,863: INFO     algoType           =2

0%   10   20   30   40   50   60   70   80   90   100%
|----|----|----|----|----|----|----|----|----|----|
***************************************************

0%   10   20   30   40   50   60   70   80   90   100%
|----|----|----|----|----|----|----|----|----|----|
****************************************************2021-02-04 15:43:01,401: INFO     No appropriate custom distance function for Hamming (bit-storage) space
2021-02-04 15:43:01,402: INFO     searchMethod			  = 0
2021-02-04 15:43:01,447: INFO     Identifying guides that have a hamming distance <= 3 to all other potential guides
2021-02-04 15:43:01,980: INFO     Set HNSW query-time parameters:
2021-02-04 15:43:01,980: INFO     ef(Search)         =9
2021-02-04 15:43:01,980: INFO     algoType           =2
2021-02-04 15:43:29,704: INFO     Formatting data for BedTools
2021-02-04 15:43:30,444: INFO     Create GuideMaker Annotation object
2021-02-04 15:43:30,445: INFO     Identify genomic features
2021-02-04 15:43:30,445: INFO     check if ../all_test_data/Escherichia.coli_str_K-12_substr_MG1655.gbk is gzipped
2021-02-04 15:43:32,098: INFO     Total number of CDS/locus in the input genome: 4357
2021-02-04 15:43:32,098: INFO     Find genomic features closest the guides
2021-02-04 15:43:37,383: INFO     Select guides that start between +500 and -500 of a feature start
2021-02-04 15:43:37,981: INFO     Select description columns
2021-02-04 15:43:38,059: INFO     Format the output
2021-02-04 15:43:41,066: INFO     Number of Guides within a gene coordinates i.e. zero Feature distance: 168396
2021-02-04 15:43:44,052: INFO     creating random control guides
2021-02-04 15:43:44,180: INFO     Number of random control searched: 100
2021-02-04 15:43:44,180: INFO     Percentage of GC content in the input genome: 50.79
2021-02-04 15:43:44,181: INFO     Total length of the genome: 4.4 MB
2021-02-04 15:43:44,181: INFO     created 10 control guides with a minimum distance of 7 and a median distance of 7
2021-02-04 15:43:44,183: INFO     guidemaker completed, results are at TEST
2021-02-04 15:43:44,183: INFO     PAM sequence: NGG
2021-02-04 15:43:44,183: INFO     PAM orientation: 3prime
2021-02-04 15:43:44,183: INFO     Genome strand(s) searched: both
2021-02-04 15:43:44,183: INFO     Total PAM sites considered: 542072
2021-02-04 15:43:44,183: INFO     Guide RNA candidates found: 280948
	Command being timed: "guidemaker -i ../all_test_data/Escherichia.coli_str_K-12_substr_MG1655.gbk --pamseq NGG --outdir TEST --pam_orientation 3prime --guidelength 20 --strand both --lcp 11 --dist 3 --before 500 --into 500 --knum 10 --controls 10 --log GM_63823786_2.log --threads 2"
	User time (seconds): 120.42
	System time (seconds): 7.97
	Percent of CPU this job got: 142%
	Elapsed (wall clock) time (h:mm:ss or m:ss): 1:30.10
	Average shared text size (kbytes): 0
	Average unshared data size (kbytes): 0
	Average stack size (kbytes): 0
	Average total size (kbytes): 0
	Maximum resident set size (kbytes): 2030132
	Average resident set size (kbytes): 0
	Major (requiring I/O) page faults: 0
	Minor (reclaiming a frame) page faults: 3554546
	Voluntary context switches: 59719
	Involuntary context switches: 146467
	Swaps: 0
	File system inputs: 0
	File system outputs: 571560
	Socket messages sent: 0
	Socket messages received: 0
	Signals delivered: 0
	Page size (bytes): 4096
	Exit status: 0
My SLURM_ARRAY_TASK_ID:  2
My TMPDIR IS:  /scratch/local/63823786
Input Genome:>>>>>>>>>>>>>>>>>>>>>>>>>>>>>>>>>>>>>>>>>>>  Escherichia.coli_str_K-12_substr_MG1655.gbk
Input PAM:>>>>>>>>>>>>>>>>>>>>>>>>>>>>>>>>>>>>>>>>>>>  NGG
Threads used:>>>>>>>>>>>>>>>>>>>>>>>>>>>>>>>>>>>>>>>>>>>  4
GuideMaker
2021-02-04 15:43:46,707: INFO     Temp directory is: /scratch/local/63823786/guidemaker_4rl6q7gx
2021-02-04 15:43:46,707: INFO     Writing fasta file from genbank file(s)
2021-02-04 15:43:46,707: INFO     check if ../all_test_data/Escherichia.coli_str_K-12_substr_MG1655.gbk is gzipped
2021-02-04 15:43:47,600: INFO     Identifying PAM sites in the genome
2021-02-04 15:44:00,347: INFO     Checking guides for restriction enzymes
2021-02-04 15:44:00,500: INFO     Number of guides removed after checking for restriction enzymes: 0
2021-02-04 15:44:00,500: INFO     Identifing guides that are unique near the PAM site
2021-02-04 15:44:01,647: INFO     Number of guides removed after checking for unique PAM: 150893
2021-02-04 15:44:01,647: INFO     Indexing all potential guide sites: 542072. This is the longest step.
2021-02-04 15:44:04,202: INFO     M                   = 16
2021-02-04 15:44:04,202: INFO     indexThreadQty      = 4
2021-02-04 15:44:04,202: INFO     efConstruction      = 10
2021-02-04 15:44:04,202: INFO     maxM			          = 16
2021-02-04 15:44:04,202: INFO     maxM0			          = 32
2021-02-04 15:44:04,202: INFO     mult                = 0.360674
2021-02-04 15:44:04,202: INFO     skip_optimized_index= 0
2021-02-04 15:44:04,202: INFO     delaunay_type       = 2
2021-02-04 15:44:04,202: INFO     Set HNSW query-time parameters:
2021-02-04 15:44:04,202: INFO     ef(Search)         =20
2021-02-04 15:44:04,203: INFO     algoType           =2

0%   10   20   30   40   50   60   70   80   90   100%
|----|----|----|----|----|----|----|----|----|----|
***************************************************

0%   10   20   30   40   50   60   70   80   90   100%
|----|----|----|----|----|----|----|----|----|----|
****************************************************2021-02-04 15:44:18,508: INFO     No appropriate custom distance function for Hamming (bit-storage) space
2021-02-04 15:44:18,508: INFO     searchMethod			  = 0
2021-02-04 15:44:18,555: INFO     Identifying guides that have a hamming distance <= 3 to all other potential guides
2021-02-04 15:44:19,091: INFO     Set HNSW query-time parameters:
2021-02-04 15:44:19,092: INFO     ef(Search)         =9
2021-02-04 15:44:19,092: INFO     algoType           =2
2021-02-04 15:44:41,692: INFO     Formatting data for BedTools
2021-02-04 15:44:42,428: INFO     Create GuideMaker Annotation object
2021-02-04 15:44:42,429: INFO     Identify genomic features
2021-02-04 15:44:42,429: INFO     check if ../all_test_data/Escherichia.coli_str_K-12_substr_MG1655.gbk is gzipped
2021-02-04 15:44:44,061: INFO     Total number of CDS/locus in the input genome: 4357
2021-02-04 15:44:44,061: INFO     Find genomic features closest the guides
2021-02-04 15:44:49,325: INFO     Select guides that start between +500 and -500 of a feature start
2021-02-04 15:44:49,866: INFO     Select description columns
2021-02-04 15:44:49,944: INFO     Format the output
2021-02-04 15:44:52,926: INFO     Number of Guides within a gene coordinates i.e. zero Feature distance: 168352
2021-02-04 15:44:55,897: INFO     creating random control guides
2021-02-04 15:44:55,991: INFO     Number of random control searched: 100
2021-02-04 15:44:55,992: INFO     Percentage of GC content in the input genome: 50.79
2021-02-04 15:44:55,992: INFO     Total length of the genome: 4.4 MB
2021-02-04 15:44:55,992: INFO     created 10 control guides with a minimum distance of 7 and a median distance of 8
2021-02-04 15:44:55,994: INFO     guidemaker completed, results are at TEST
2021-02-04 15:44:55,994: INFO     PAM sequence: NGG
2021-02-04 15:44:55,994: INFO     PAM orientation: 3prime
2021-02-04 15:44:55,994: INFO     Genome strand(s) searched: both
2021-02-04 15:44:55,994: INFO     Total PAM sites considered: 542072
2021-02-04 15:44:55,994: INFO     Guide RNA candidates found: 280838
	Command being timed: "guidemaker -i ../all_test_data/Escherichia.coli_str_K-12_substr_MG1655.gbk --pamseq NGG --outdir TEST --pam_orientation 3prime --guidelength 20 --strand both --lcp 11 --dist 3 --before 500 --into 500 --knum 10 --controls 10 --log GM_63823786_2.log --threads 4"
	User time (seconds): 122.42
	System time (seconds): 7.47
	Percent of CPU this job got: 180%
	Elapsed (wall clock) time (h:mm:ss or m:ss): 1:11.78
	Average shared text size (kbytes): 0
	Average unshared data size (kbytes): 0
	Average stack size (kbytes): 0
	Average total size (kbytes): 0
	Maximum resident set size (kbytes): 2017548
	Average resident set size (kbytes): 0
	Major (requiring I/O) page faults: 0
	Minor (reclaiming a frame) page faults: 2974194
	Voluntary context switches: 78858
	Involuntary context switches: 527353
	Swaps: 0
	File system inputs: 0
	File system outputs: 571392
	Socket messages sent: 0
	Socket messages received: 0
	Signals delivered: 0
	Page size (bytes): 4096
	Exit status: 0
My SLURM_ARRAY_TASK_ID:  2
My TMPDIR IS:  /scratch/local/63823786
Input Genome:>>>>>>>>>>>>>>>>>>>>>>>>>>>>>>>>>>>>>>>>>>>  Escherichia.coli_str_K-12_substr_MG1655.gbk
Input PAM:>>>>>>>>>>>>>>>>>>>>>>>>>>>>>>>>>>>>>>>>>>>  NGG
Threads used:>>>>>>>>>>>>>>>>>>>>>>>>>>>>>>>>>>>>>>>>>>>  8
GuideMaker
2021-02-04 15:44:58,502: INFO     Temp directory is: /scratch/local/63823786/guidemaker_mqqvnaac
2021-02-04 15:44:58,502: INFO     Writing fasta file from genbank file(s)
2021-02-04 15:44:58,502: INFO     check if ../all_test_data/Escherichia.coli_str_K-12_substr_MG1655.gbk is gzipped
2021-02-04 15:44:59,416: INFO     Identifying PAM sites in the genome
2021-02-04 15:45:12,319: INFO     Checking guides for restriction enzymes
2021-02-04 15:45:12,469: INFO     Number of guides removed after checking for restriction enzymes: 0
2021-02-04 15:45:12,470: INFO     Identifing guides that are unique near the PAM site
2021-02-04 15:45:13,600: INFO     Number of guides removed after checking for unique PAM: 150893
2021-02-04 15:45:13,600: INFO     Indexing all potential guide sites: 542072. This is the longest step.
2021-02-04 15:45:16,216: INFO     M                   = 16
2021-02-04 15:45:16,216: INFO     indexThreadQty      = 8
2021-02-04 15:45:16,216: INFO     efConstruction      = 10
2021-02-04 15:45:16,216: INFO     maxM			          = 16
2021-02-04 15:45:16,216: INFO     maxM0			          = 32
2021-02-04 15:45:16,216: INFO     mult                = 0.360674
2021-02-04 15:45:16,216: INFO     skip_optimized_index= 0
2021-02-04 15:45:16,217: INFO     delaunay_type       = 2
2021-02-04 15:45:16,217: INFO     Set HNSW query-time parameters:
2021-02-04 15:45:16,217: INFO     ef(Search)         =20
2021-02-04 15:45:16,217: INFO     algoType           =2

0%   10   20   30   40   50   60   70   80   90   100%
|----|----|----|----|----|----|----|----|----|----|
***************************************************

0%   10   20   30   40   50   60   70   80   90   100%
|----|----|----|----|----|----|----|----|----|----|
****************************************************2021-02-04 15:45:23,449: INFO     No appropriate custom distance function for Hamming (bit-storage) space
2021-02-04 15:45:23,449: INFO     searchMethod			  = 0
2021-02-04 15:45:23,494: INFO     Identifying guides that have a hamming distance <= 3 to all other potential guides
2021-02-04 15:45:24,086: INFO     Set HNSW query-time parameters:
2021-02-04 15:45:24,086: INFO     ef(Search)         =9
2021-02-04 15:45:24,086: INFO     algoType           =2
2021-02-04 15:45:45,122: INFO     Formatting data for BedTools
2021-02-04 15:45:45,837: INFO     Create GuideMaker Annotation object
2021-02-04 15:45:45,837: INFO     Identify genomic features
2021-02-04 15:45:45,838: INFO     check if ../all_test_data/Escherichia.coli_str_K-12_substr_MG1655.gbk is gzipped
2021-02-04 15:45:47,468: INFO     Total number of CDS/locus in the input genome: 4357
2021-02-04 15:45:47,468: INFO     Find genomic features closest the guides
2021-02-04 15:45:52,834: INFO     Select guides that start between +500 and -500 of a feature start
2021-02-04 15:45:53,462: INFO     Select description columns
2021-02-04 15:45:53,543: INFO     Format the output
2021-02-04 15:45:56,566: INFO     Number of Guides within a gene coordinates i.e. zero Feature distance: 168350
2021-02-04 15:45:59,503: INFO     creating random control guides
2021-02-04 15:45:59,606: INFO     Number of random control searched: 100
2021-02-04 15:45:59,606: INFO     Percentage of GC content in the input genome: 50.79
2021-02-04 15:45:59,607: INFO     Total length of the genome: 4.4 MB
2021-02-04 15:45:59,607: INFO     created 10 control guides with a minimum distance of 7 and a median distance of 8
2021-02-04 15:45:59,610: INFO     guidemaker completed, results are at TEST
2021-02-04 15:45:59,610: INFO     PAM sequence: NGG
2021-02-04 15:45:59,610: INFO     PAM orientation: 3prime
2021-02-04 15:45:59,610: INFO     Genome strand(s) searched: both
2021-02-04 15:45:59,610: INFO     Total PAM sites considered: 542072
2021-02-04 15:45:59,610: INFO     Guide RNA candidates found: 280864
	Command being timed: "guidemaker -i ../all_test_data/Escherichia.coli_str_K-12_substr_MG1655.gbk --pamseq NGG --outdir TEST --pam_orientation 3prime --guidelength 20 --strand both --lcp 11 --dist 3 --before 500 --into 500 --knum 10 --controls 10 --log GM_63823786_2.log --threads 8"
	User time (seconds): 125.64
	System time (seconds): 7.08
	Percent of CPU this job got: 208%
	Elapsed (wall clock) time (h:mm:ss or m:ss): 1:03.62
	Average shared text size (kbytes): 0
	Average unshared data size (kbytes): 0
	Average stack size (kbytes): 0
	Average total size (kbytes): 0
	Maximum resident set size (kbytes): 2034496
	Average resident set size (kbytes): 0
	Major (requiring I/O) page faults: 0
	Minor (reclaiming a frame) page faults: 2294996
	Voluntary context switches: 150755
	Involuntary context switches: 145237
	Swaps: 0
	File system inputs: 0
	File system outputs: 571400
	Socket messages sent: 0
	Socket messages received: 0
	Signals delivered: 0
	Page size (bytes): 4096
	Exit status: 0
My SLURM_ARRAY_TASK_ID:  2
My TMPDIR IS:  /scratch/local/63823786
Input Genome:>>>>>>>>>>>>>>>>>>>>>>>>>>>>>>>>>>>>>>>>>>>  Escherichia.coli_str_K-12_substr_MG1655.gbk
Input PAM:>>>>>>>>>>>>>>>>>>>>>>>>>>>>>>>>>>>>>>>>>>>  NGG
Threads used:>>>>>>>>>>>>>>>>>>>>>>>>>>>>>>>>>>>>>>>>>>>  16
GuideMaker
2021-02-04 15:46:02,150: INFO     Temp directory is: /scratch/local/63823786/guidemaker_c059f78t
2021-02-04 15:46:02,151: INFO     Writing fasta file from genbank file(s)
2021-02-04 15:46:02,151: INFO     check if ../all_test_data/Escherichia.coli_str_K-12_substr_MG1655.gbk is gzipped
2021-02-04 15:46:03,058: INFO     Identifying PAM sites in the genome
2021-02-04 15:46:16,331: INFO     Checking guides for restriction enzymes
2021-02-04 15:46:16,480: INFO     Number of guides removed after checking for restriction enzymes: 0
2021-02-04 15:46:16,481: INFO     Identifing guides that are unique near the PAM site
2021-02-04 15:46:17,624: INFO     Number of guides removed after checking for unique PAM: 150893
2021-02-04 15:46:17,625: INFO     Indexing all potential guide sites: 542072. This is the longest step.
2021-02-04 15:46:20,147: INFO     M                   = 16
2021-02-04 15:46:20,148: INFO     indexThreadQty      = 16
2021-02-04 15:46:20,148: INFO     efConstruction      = 10
2021-02-04 15:46:20,148: INFO     maxM			          = 16
2021-02-04 15:46:20,148: INFO     maxM0			          = 32
2021-02-04 15:46:20,148: INFO     mult                = 0.360674
2021-02-04 15:46:20,148: INFO     skip_optimized_index= 0
2021-02-04 15:46:20,148: INFO     delaunay_type       = 2
2021-02-04 15:46:20,148: INFO     Set HNSW query-time parameters:
2021-02-04 15:46:20,149: INFO     ef(Search)         =20
2021-02-04 15:46:20,149: INFO     algoType           =2

0%   10   20   30   40   50   60   70   80   90   100%
|----|----|----|----|----|----|----|----|----|----|
***************************************************

0%   10   20   30   40   50   60   70   80   90   100%
|----|----|----|----|----|----|----|----|----|----|
****************************************************


2021-02-04 15:46:24,331: INFO     No appropriate custom distance function for Hamming (bit-storage) space
2021-02-04 15:46:24,332: INFO     searchMethod			  = 0
2021-02-04 15:46:24,387: INFO     Identifying guides that have a hamming distance <= 3 to all other potential guides
2021-02-04 15:46:24,981: INFO     Set HNSW query-time parameters:
2021-02-04 15:46:24,981: INFO     ef(Search)         =9
2021-02-04 15:46:24,981: INFO     algoType           =2
2021-02-04 15:46:45,347: INFO     Formatting data for BedTools
2021-02-04 15:46:46,140: INFO     Create GuideMaker Annotation object
2021-02-04 15:46:46,141: INFO     Identify genomic features
2021-02-04 15:46:46,141: INFO     check if ../all_test_data/Escherichia.coli_str_K-12_substr_MG1655.gbk is gzipped
2021-02-04 15:46:48,019: INFO     Total number of CDS/locus in the input genome: 4357
2021-02-04 15:46:48,019: INFO     Find genomic features closest the guides
2021-02-04 15:46:53,299: INFO     Select guides that start between +500 and -500 of a feature start
2021-02-04 15:46:53,904: INFO     Select description columns
2021-02-04 15:46:53,982: INFO     Format the output
2021-02-04 15:46:57,271: INFO     Number of Guides within a gene coordinates i.e. zero Feature distance: 168376
2021-02-04 15:47:00,216: INFO     creating random control guides
2021-02-04 15:47:00,323: INFO     Number of random control searched: 100
2021-02-04 15:47:00,324: INFO     Percentage of GC content in the input genome: 50.79
2021-02-04 15:47:00,324: INFO     Total length of the genome: 4.4 MB
2021-02-04 15:47:00,324: INFO     created 10 control guides with a minimum distance of 7 and a median distance of 8
2021-02-04 15:47:00,326: INFO     guidemaker completed, results are at TEST
2021-02-04 15:47:00,326: INFO     PAM sequence: NGG
2021-02-04 15:47:00,327: INFO     PAM orientation: 3prime
2021-02-04 15:47:00,327: INFO     Genome strand(s) searched: both
2021-02-04 15:47:00,327: INFO     Total PAM sites considered: 542072
2021-02-04 15:47:00,327: INFO     Guide RNA candidates found: 280904
	Command being timed: "guidemaker -i ../all_test_data/Escherichia.coli_str_K-12_substr_MG1655.gbk --pamseq NGG --outdir TEST --pam_orientation 3prime --guidelength 20 --strand both --lcp 11 --dist 3 --before 500 --into 500 --knum 10 --controls 10 --log GM_63823786_2.log --threads 16"
	User time (seconds): 133.93
	System time (seconds): 8.79
	Percent of CPU this job got: 234%
	Elapsed (wall clock) time (h:mm:ss or m:ss): 1:00.90
	Average shared text size (kbytes): 0
	Average unshared data size (kbytes): 0
	Average stack size (kbytes): 0
	Average total size (kbytes): 0
	Maximum resident set size (kbytes): 2034072
	Average resident set size (kbytes): 0
	Major (requiring I/O) page faults: 0
	Minor (reclaiming a frame) page faults: 2040486
	Voluntary context switches: 276251
	Involuntary context switches: 541743
	Swaps: 0
	File system inputs: 8
	File system outputs: 571528
	Socket messages sent: 0
	Socket messages received: 0
	Signals delivered: 0
	Page size (bytes): 4096
	Exit status: 0
My SLURM_ARRAY_TASK_ID:  2
My TMPDIR IS:  /scratch/local/63823786
Input Genome:>>>>>>>>>>>>>>>>>>>>>>>>>>>>>>>>>>>>>>>>>>>  Escherichia.coli_str_K-12_substr_MG1655.gbk
Input PAM:>>>>>>>>>>>>>>>>>>>>>>>>>>>>>>>>>>>>>>>>>>>  NGG
Threads used:>>>>>>>>>>>>>>>>>>>>>>>>>>>>>>>>>>>>>>>>>>>  32
GuideMaker
2021-02-04 15:47:03,092: INFO     Temp directory is: /scratch/local/63823786/guidemaker_9qmy5kc5
2021-02-04 15:47:03,092: INFO     Writing fasta file from genbank file(s)
2021-02-04 15:47:03,093: INFO     check if ../all_test_data/Escherichia.coli_str_K-12_substr_MG1655.gbk is gzipped
2021-02-04 15:47:04,018: INFO     Identifying PAM sites in the genome
2021-02-04 15:47:17,683: INFO     Checking guides for restriction enzymes
2021-02-04 15:47:17,834: INFO     Number of guides removed after checking for restriction enzymes: 0
2021-02-04 15:47:17,834: INFO     Identifing guides that are unique near the PAM site
2021-02-04 15:47:19,006: INFO     Number of guides removed after checking for unique PAM: 150893
2021-02-04 15:47:19,006: INFO     Indexing all potential guide sites: 542072. This is the longest step.
2021-02-04 15:47:21,526: INFO     M                   = 16
2021-02-04 15:47:21,526: INFO     indexThreadQty      = 32
2021-02-04 15:47:21,527: INFO     efConstruction      = 10
2021-02-04 15:47:21,527: INFO     maxM			          = 16
2021-02-04 15:47:21,527: INFO     maxM0			          = 32
2021-02-04 15:47:21,527: INFO     mult                = 0.360674
2021-02-04 15:47:21,527: INFO     skip_optimized_index= 0
2021-02-04 15:47:21,527: INFO     delaunay_type       = 2
2021-02-04 15:47:21,527: INFO     Set HNSW query-time parameters:
2021-02-04 15:47:21,527: INFO     ef(Search)         =20
2021-02-04 15:47:21,527: INFO     algoType           =2

0%   10   20   30   40   50   60   70   80   90   100%
|----|----|----|----|----|----|----|----|----|----|
***************************************************

0%   10   20   30   40   50   60   70   80   90   100%
|----|----|----|----|----|----|----|----|----|----|
*******************************************************2021-02-04 15:47:24,192: INFO     No appropriate custom distance function for Hamming (bit-storage) space
2021-02-04 15:47:24,192: INFO     searchMethod			  = 0
2021-02-04 15:47:24,218: INFO     Identifying guides that have a hamming distance <= 3 to all other potential guides
2021-02-04 15:47:24,759: INFO     Set HNSW query-time parameters:
2021-02-04 15:47:24,759: INFO     ef(Search)         =9
2021-02-04 15:47:24,760: INFO     algoType           =2
2021-02-04 15:47:45,891: INFO     Formatting data for BedTools
2021-02-04 15:47:46,621: INFO     Create GuideMaker Annotation object
2021-02-04 15:47:46,621: INFO     Identify genomic features
2021-02-04 15:47:46,621: INFO     check if ../all_test_data/Escherichia.coli_str_K-12_substr_MG1655.gbk is gzipped
2021-02-04 15:47:48,280: INFO     Total number of CDS/locus in the input genome: 4357
2021-02-04 15:47:48,280: INFO     Find genomic features closest the guides
2021-02-04 15:47:53,571: INFO     Select guides that start between +500 and -500 of a feature start
2021-02-04 15:47:54,119: INFO     Select description columns
2021-02-04 15:47:54,199: INFO     Format the output
2021-02-04 15:47:57,275: INFO     Number of Guides within a gene coordinates i.e. zero Feature distance: 168371
2021-02-04 15:48:00,252: INFO     creating random control guides
2021-02-04 15:48:00,377: INFO     Number of random control searched: 100
2021-02-04 15:48:00,377: INFO     Percentage of GC content in the input genome: 50.79
2021-02-04 15:48:00,377: INFO     Total length of the genome: 4.4 MB
2021-02-04 15:48:00,377: INFO     created 10 control guides with a minimum distance of 8 and a median distance of 8
2021-02-04 15:48:00,380: INFO     guidemaker completed, results are at TEST
2021-02-04 15:48:00,381: INFO     PAM sequence: NGG
2021-02-04 15:48:00,381: INFO     PAM orientation: 3prime
2021-02-04 15:48:00,381: INFO     Genome strand(s) searched: both
2021-02-04 15:48:00,381: INFO     Total PAM sites considered: 542072
2021-02-04 15:48:00,381: INFO     Guide RNA candidates found: 280922
	Command being timed: "guidemaker -i ../all_test_data/Escherichia.coli_str_K-12_substr_MG1655.gbk --pamseq NGG --outdir TEST --pam_orientation 3prime --guidelength 20 --strand both --lcp 11 --dist 3 --before 500 --into 500 --knum 10 --controls 10 --log GM_63823786_2.log --threads 32"
	User time (seconds): 143.59
	System time (seconds): 11.62
	Percent of CPU this job got: 258%
	Elapsed (wall clock) time (h:mm:ss or m:ss): 0:59.96
	Average shared text size (kbytes): 0
	Average unshared data size (kbytes): 0
	Average stack size (kbytes): 0
	Average total size (kbytes): 0
	Maximum resident set size (kbytes): 2042796
	Average resident set size (kbytes): 0
	Major (requiring I/O) page faults: 0
	Minor (reclaiming a frame) page faults: 1660732
	Voluntary context switches: 627713
	Involuntary context switches: 288011
	Swaps: 0
	File system inputs: 0
	File system outputs: 571520
	Socket messages sent: 0
	Socket messages received: 0
	Signals delivered: 0
	Page size (bytes): 4096
	Exit status: 0
