Thu Aug 13 12:37:32 EDT 2020
c40b-s2.ufhpc
/blue/garrett/rp3448/analysis/guidemaker/GuideMaker
My SLURM_ARRAY_TASK_ID:  4
My TMPDIR IS:  /scratch/local/57447434
Input Genome:>>>>>>>>>>>>>>>>>>>>>>>>>>>>>>>>>>>>>>>>>>>  Burkholderia_thailandensis_E264_ATCC_700388_133.gbk
Threads used:>>>>>>>>>>>>>>>>>>>>>>>>>>>>>>>>>>>>>>>>>>>  1
GuideMaker
2020-08-13 12:37:36,880: INFO     Temp directory is: /scratch/local/57447434/guidemaker_l0_ilduu
2020-08-13 12:37:36,881: INFO     Writing fasta file from genbank file(s)
2020-08-13 12:37:36,881: INFO     check if test/test_data/Burkholderia_thailandensis_E264_ATCC_700388_133.gbk is gzipped
2020-08-13 12:37:37,686: INFO     Identifying PAM sites in the genome
2020-08-13 12:37:54,671: INFO     Identifing guides that are unique near the PAM site
2020-08-13 12:37:55,790: INFO     Indexing all potential guide sites: 923226. This is the longest step.
2020-08-13 12:38:00,560: INFO     M                   = 16
2020-08-13 12:38:00,561: INFO     indexThreadQty      = 1
2020-08-13 12:38:00,561: INFO     efConstruction      = 64
2020-08-13 12:38:00,561: INFO     maxM			          = 16
2020-08-13 12:38:00,561: INFO     maxM0			          = 32
2020-08-13 12:38:00,561: INFO     mult                = 0.360674
2020-08-13 12:38:00,561: INFO     skip_optimized_index= 0
2020-08-13 12:38:00,561: INFO     delaunay_type       = 2
2020-08-13 12:38:00,561: INFO     Set HNSW query-time parameters:
2020-08-13 12:38:00,561: INFO     ef(Search)         =20
2020-08-13 12:38:00,561: INFO     algoType           =2

0%   10   20   30   40   50   60   70   80   90   100%
|----|----|----|----|----|----|----|----|----|----|
***************************************************

0%   10   20   30   40   50   60   70   80   90   100%
|----|----|----|----|----|----|----|----|----|----|
***************************************************
*2020-08-13 12:44:24,807: INFO     No appropriate custom distance function for Hamming (bit-storage) space
2020-08-13 12:44:24,810: INFO     searchMethod			  = 0
2020-08-13 12:44:24,889: INFO     Identifying guides that have a hamming distance <= 3 to all other potential guides
2020-08-13 12:44:25,163: INFO     Set HNSW query-time parameters:
2020-08-13 12:44:25,163: INFO     ef(Search)         =256
2020-08-13 12:44:25,163: INFO     algoType           =2
2020-08-13 12:46:23,601: INFO     Formatting data for BedTools
2020-08-13 12:46:23,985: INFO     Create GuideMaker Annotation object
2020-08-13 12:46:23,985: INFO     Identify genomic features
2020-08-13 12:46:23,985: INFO     check if test/test_data/Burkholderia_thailandensis_E264_ATCC_700388_133.gbk is gzipped
2020-08-13 12:46:25,126: INFO     Find genomic features closest the guides
2020-08-13 12:46:27,457: INFO     Select guides that start between +100 and -100 of a feature start
2020-08-13 12:46:27,626: INFO     Select description columns
2020-08-13 12:46:27,675: INFO     Format the output
2020-08-13 12:46:28,424: INFO     creating random control guides
2020-08-13 12:46:37,270: INFO     created 10 control guides with a minimum distance of 7 and a median distance of 7
2020-08-13 12:46:37,273: INFO     guidemaker completed, results are at TEST
2020-08-13 12:46:37,273: INFO     PAM sequence: NGG
2020-08-13 12:46:37,273: INFO     PAM orientation: 5prime
2020-08-13 12:46:37,273: INFO     Genome strand(s) searched: both
2020-08-13 12:46:37,273: INFO     Total PAM sites considered: 923226
2020-08-13 12:46:37,274: INFO     Guide RNA candidates found: 35882
	Command being timed: "guidemaker -i test/test_data/Burkholderia_thailandensis_E264_ATCC_700388_133.gbk --pamseq NGG --outdir TEST --pam_orientation 5prime --guidelength 20 --strand both --lcp 10 --dist 3 --before 100 --into 100 --knum 10 --controls 10 --log GuideMaker_57447434_4.log --threads 1"
	User time (seconds): 538.34
	System time (seconds): 5.88
	Percent of CPU this job got: 100%
	Elapsed (wall clock) time (h:mm:ss or m:ss): 9:03.99
	Average shared text size (kbytes): 0
	Average unshared data size (kbytes): 0
	Average stack size (kbytes): 0
	Average total size (kbytes): 0
	Maximum resident set size (kbytes): 2159276
	Average resident set size (kbytes): 0
	Major (requiring I/O) page faults: 124
	Minor (reclaiming a frame) page faults: 3518512
	Voluntary context switches: 3901
	Involuntary context switches: 158798
	Swaps: 0
	File system inputs: 405696
	File system outputs: 146808
	Socket messages sent: 0
	Socket messages received: 0
	Signals delivered: 0
	Page size (bytes): 4096
	Exit status: 0
My SLURM_ARRAY_TASK_ID:  4
My TMPDIR IS:  /scratch/local/57447434
Input Genome:>>>>>>>>>>>>>>>>>>>>>>>>>>>>>>>>>>>>>>>>>>>  Burkholderia_thailandensis_E264_ATCC_700388_133.gbk
Threads used:>>>>>>>>>>>>>>>>>>>>>>>>>>>>>>>>>>>>>>>>>>>  2
GuideMaker
2020-08-13 12:46:39,806: INFO     Temp directory is: /scratch/local/57447434/guidemaker_153tku1_
2020-08-13 12:46:39,807: INFO     Writing fasta file from genbank file(s)
2020-08-13 12:46:39,807: INFO     check if test/test_data/Burkholderia_thailandensis_E264_ATCC_700388_133.gbk is gzipped
2020-08-13 12:46:40,493: INFO     Identifying PAM sites in the genome
2020-08-13 12:46:57,741: INFO     Identifing guides that are unique near the PAM site
2020-08-13 12:46:58,858: INFO     Indexing all potential guide sites: 923226. This is the longest step.
2020-08-13 12:47:03,593: INFO     M                   = 16
2020-08-13 12:47:03,593: INFO     indexThreadQty      = 2
2020-08-13 12:47:03,593: INFO     efConstruction      = 64
2020-08-13 12:47:03,593: INFO     maxM			          = 16
2020-08-13 12:47:03,593: INFO     maxM0			          = 32
2020-08-13 12:47:03,593: INFO     mult                = 0.360674
2020-08-13 12:47:03,594: INFO     skip_optimized_index= 0
2020-08-13 12:47:03,594: INFO     delaunay_type       = 2
2020-08-13 12:47:03,594: INFO     Set HNSW query-time parameters:
2020-08-13 12:47:03,594: INFO     ef(Search)         =20
2020-08-13 12:47:03,594: INFO     algoType           =2

0%   10   20   30   40   50   60   70   80   90   100%
|----|----|----|----|----|----|----|----|----|----|
***************************************************

0%   10   20   30   40   50   60   70   80   90   100%
|----|----|----|----|----|----|----|----|----|----|
****************************************************2020-08-13 12:51:25,842: INFO     No appropriate custom distance function for Hamming (bit-storage) space
2020-08-13 12:51:25,842: INFO     searchMethod			  = 0
2020-08-13 12:51:25,921: INFO     Identifying guides that have a hamming distance <= 3 to all other potential guides
2020-08-13 12:51:26,203: INFO     Set HNSW query-time parameters:
2020-08-13 12:51:26,203: INFO     ef(Search)         =256
2020-08-13 12:51:26,203: INFO     algoType           =2
2020-08-13 12:52:44,755: INFO     Formatting data for BedTools
2020-08-13 12:52:45,099: INFO     Create GuideMaker Annotation object
2020-08-13 12:52:45,099: INFO     Identify genomic features
2020-08-13 12:52:45,099: INFO     check if test/test_data/Burkholderia_thailandensis_E264_ATCC_700388_133.gbk is gzipped
2020-08-13 12:52:46,176: INFO     Find genomic features closest the guides
2020-08-13 12:52:48,617: INFO     Select guides that start between +100 and -100 of a feature start
2020-08-13 12:52:48,778: INFO     Select description columns
2020-08-13 12:52:48,831: INFO     Format the output
2020-08-13 12:52:49,673: INFO     creating random control guides
2020-08-13 12:53:48,184: INFO     created 10 control guides with a minimum distance of 7 and a median distance of 7
2020-08-13 12:53:48,190: INFO     guidemaker completed, results are at TEST
2020-08-13 12:53:48,190: INFO     PAM sequence: NGG
2020-08-13 12:53:48,191: INFO     PAM orientation: 5prime
2020-08-13 12:53:48,191: INFO     Genome strand(s) searched: both
2020-08-13 12:53:48,191: INFO     Total PAM sites considered: 923226
2020-08-13 12:53:48,191: INFO     Guide RNA candidates found: 35882
Number of random control searched:  100000
	Command being timed: "guidemaker -i test/test_data/Burkholderia_thailandensis_E264_ATCC_700388_133.gbk --pamseq NGG --outdir TEST --pam_orientation 5prime --guidelength 20 --strand both --lcp 10 --dist 3 --before 100 --into 100 --knum 10 --controls 10 --log GuideMaker_57447434_4.log --threads 2"
	User time (seconds): 785.16
	System time (seconds): 33.35
	Percent of CPU this job got: 189%
	Elapsed (wall clock) time (h:mm:ss or m:ss): 7:11.41
	Average shared text size (kbytes): 0
	Average unshared data size (kbytes): 0
	Average stack size (kbytes): 0
	Average total size (kbytes): 0
	Maximum resident set size (kbytes): 2319616
	Average resident set size (kbytes): 0
	Major (requiring I/O) page faults: 0
	Minor (reclaiming a frame) page faults: 14513645
	Voluntary context switches: 77352
	Involuntary context switches: 756965
	Swaps: 0
	File system inputs: 0
	File system outputs: 146664
	Socket messages sent: 0
	Socket messages received: 0
	Signals delivered: 0
	Page size (bytes): 4096
	Exit status: 0
My SLURM_ARRAY_TASK_ID:  4
My TMPDIR IS:  /scratch/local/57447434
Input Genome:>>>>>>>>>>>>>>>>>>>>>>>>>>>>>>>>>>>>>>>>>>>  Burkholderia_thailandensis_E264_ATCC_700388_133.gbk
Threads used:>>>>>>>>>>>>>>>>>>>>>>>>>>>>>>>>>>>>>>>>>>>  4
GuideMaker
2020-08-13 12:53:51,312: INFO     Temp directory is: /scratch/local/57447434/guidemaker_e3wdg36o
2020-08-13 12:53:51,313: INFO     Writing fasta file from genbank file(s)
2020-08-13 12:53:51,313: INFO     check if test/test_data/Burkholderia_thailandensis_E264_ATCC_700388_133.gbk is gzipped
2020-08-13 12:53:52,005: INFO     Identifying PAM sites in the genome
2020-08-13 12:54:10,522: INFO     Identifing guides that are unique near the PAM site
2020-08-13 12:54:11,654: INFO     Indexing all potential guide sites: 923226. This is the longest step.
2020-08-13 12:54:16,344: INFO     M                   = 16
2020-08-13 12:54:16,344: INFO     indexThreadQty      = 4
2020-08-13 12:54:16,345: INFO     efConstruction      = 64
2020-08-13 12:54:16,345: INFO     maxM			          = 16
2020-08-13 12:54:16,345: INFO     maxM0			          = 32
2020-08-13 12:54:16,345: INFO     mult                = 0.360674
2020-08-13 12:54:16,345: INFO     skip_optimized_index= 0
2020-08-13 12:54:16,345: INFO     delaunay_type       = 2
2020-08-13 12:54:16,345: INFO     Set HNSW query-time parameters:
2020-08-13 12:54:16,345: INFO     ef(Search)         =20
2020-08-13 12:54:16,345: INFO     algoType           =2

0%   10   20   30   40   50   60   70   80   90   100%
|----|----|----|----|----|----|----|----|----|----|
***************************************************

0%   10   20   30   40   50   60   70   80   90   100%
|----|----|----|----|----|----|----|----|----|----|
****************************************************2020-08-13 12:56:34,256: INFO     No appropriate custom distance function for Hamming (bit-storage) space
2020-08-13 12:56:34,256: INFO     searchMethod			  = 0
2020-08-13 12:56:34,336: INFO     Identifying guides that have a hamming distance <= 3 to all other potential guides
2020-08-13 12:56:34,629: INFO     Set HNSW query-time parameters:
2020-08-13 12:56:34,629: INFO     ef(Search)         =256
2020-08-13 12:56:34,629: INFO     algoType           =2
2020-08-13 12:57:16,625: INFO     Formatting data for BedTools
2020-08-13 12:57:16,970: INFO     Create GuideMaker Annotation object
2020-08-13 12:57:16,970: INFO     Identify genomic features
2020-08-13 12:57:16,970: INFO     check if test/test_data/Burkholderia_thailandensis_E264_ATCC_700388_133.gbk is gzipped
2020-08-13 12:57:18,043: INFO     Find genomic features closest the guides
2020-08-13 12:57:20,383: INFO     Select guides that start between +100 and -100 of a feature start
2020-08-13 12:57:20,535: INFO     Select description columns
2020-08-13 12:57:20,579: INFO     Format the output
2020-08-13 12:57:21,314: INFO     creating random control guides
2020-08-13 12:57:52,564: INFO     created 10 control guides with a minimum distance of 7 and a median distance of 7
2020-08-13 12:57:52,567: INFO     guidemaker completed, results are at TEST
2020-08-13 12:57:52,567: INFO     PAM sequence: NGG
2020-08-13 12:57:52,567: INFO     PAM orientation: 5prime
2020-08-13 12:57:52,567: INFO     Genome strand(s) searched: both
2020-08-13 12:57:52,567: INFO     Total PAM sites considered: 923226
2020-08-13 12:57:52,567: INFO     Guide RNA candidates found: 35882
Number of random control searched:  100000
	Command being timed: "guidemaker -i test/test_data/Burkholderia_thailandensis_E264_ATCC_700388_133.gbk --pamseq NGG --outdir TEST --pam_orientation 5prime --guidelength 20 --strand both --lcp 10 --dist 3 --before 100 --into 100 --knum 10 --controls 10 --log GuideMaker_57447434_4.log --threads 4"
	User time (seconds): 813.55
	System time (seconds): 27.21
	Percent of CPU this job got: 344%
	Elapsed (wall clock) time (h:mm:ss or m:ss): 4:04.11
	Average shared text size (kbytes): 0
	Average unshared data size (kbytes): 0
	Average stack size (kbytes): 0
	Average total size (kbytes): 0
	Maximum resident set size (kbytes): 2309372
	Average resident set size (kbytes): 0
	Major (requiring I/O) page faults: 0
	Minor (reclaiming a frame) page faults: 11937074
	Voluntary context switches: 130101
	Involuntary context switches: 28577
	Swaps: 0
	File system inputs: 0
	File system outputs: 146664
	Socket messages sent: 0
	Socket messages received: 0
	Signals delivered: 0
	Page size (bytes): 4096
	Exit status: 0
My SLURM_ARRAY_TASK_ID:  4
My TMPDIR IS:  /scratch/local/57447434
Input Genome:>>>>>>>>>>>>>>>>>>>>>>>>>>>>>>>>>>>>>>>>>>>  Burkholderia_thailandensis_E264_ATCC_700388_133.gbk
Threads used:>>>>>>>>>>>>>>>>>>>>>>>>>>>>>>>>>>>>>>>>>>>  8
GuideMaker
2020-08-13 12:57:55,342: INFO     Temp directory is: /scratch/local/57447434/guidemaker_wfz9ejdd
2020-08-13 12:57:55,342: INFO     Writing fasta file from genbank file(s)
2020-08-13 12:57:55,342: INFO     check if test/test_data/Burkholderia_thailandensis_E264_ATCC_700388_133.gbk is gzipped
2020-08-13 12:57:56,031: INFO     Identifying PAM sites in the genome
2020-08-13 12:58:13,992: INFO     Identifing guides that are unique near the PAM site
2020-08-13 12:58:15,153: INFO     Indexing all potential guide sites: 923226. This is the longest step.
2020-08-13 12:58:19,867: INFO     M                   = 16
2020-08-13 12:58:19,867: INFO     indexThreadQty      = 8
2020-08-13 12:58:19,867: INFO     efConstruction      = 64
2020-08-13 12:58:19,867: INFO     maxM			          = 16
2020-08-13 12:58:19,867: INFO     maxM0			          = 32
2020-08-13 12:58:19,867: INFO     mult                = 0.360674
2020-08-13 12:58:19,867: INFO     skip_optimized_index= 0
2020-08-13 12:58:19,867: INFO     delaunay_type       = 2
2020-08-13 12:58:19,867: INFO     Set HNSW query-time parameters:
2020-08-13 12:58:19,867: INFO     ef(Search)         =20
2020-08-13 12:58:19,867: INFO     algoType           =2

0%   10   20   30   40   50   60   70   80   90   100%
|----|----|----|----|----|----|----|----|----|----|
***************************************************

0%   10   20   30   40   50   60   70   80   90   100%
|----|----|----|----|----|----|----|----|----|----|
*******************************************************2020-08-13 12:59:31,753: INFO     No appropriate custom distance function for Hamming (bit-storage) space
2020-08-13 12:59:31,753: INFO     searchMethod			  = 0
2020-08-13 12:59:31,833: INFO     Identifying guides that have a hamming distance <= 3 to all other potential guides
2020-08-13 12:59:32,110: INFO     Set HNSW query-time parameters:
2020-08-13 12:59:32,110: INFO     ef(Search)         =256
2020-08-13 12:59:32,110: INFO     algoType           =2
2020-08-13 12:59:56,710: INFO     Formatting data for BedTools
2020-08-13 12:59:57,055: INFO     Create GuideMaker Annotation object
2020-08-13 12:59:57,055: INFO     Identify genomic features
2020-08-13 12:59:57,055: INFO     check if test/test_data/Burkholderia_thailandensis_E264_ATCC_700388_133.gbk is gzipped
2020-08-13 12:59:58,148: INFO     Find genomic features closest the guides
2020-08-13 13:00:00,485: INFO     Select guides that start between +100 and -100 of a feature start
2020-08-13 13:00:00,640: INFO     Select description columns
2020-08-13 13:00:00,685: INFO     Format the output
2020-08-13 13:00:01,425: INFO     creating random control guides
2020-08-13 13:00:03,352: INFO     created 10 control guides with a minimum distance of 7 and a median distance of 7
2020-08-13 13:00:03,355: INFO     guidemaker completed, results are at TEST
2020-08-13 13:00:03,355: INFO     PAM sequence: NGG
2020-08-13 13:00:03,355: INFO     PAM orientation: 5prime
2020-08-13 13:00:03,355: INFO     Genome strand(s) searched: both
2020-08-13 13:00:03,355: INFO     Total PAM sites considered: 923226
2020-08-13 13:00:03,355: INFO     Guide RNA candidates found: 35882
	Command being timed: "guidemaker -i test/test_data/Burkholderia_thailandensis_E264_ATCC_700388_133.gbk --pamseq NGG --outdir TEST --pam_orientation 5prime --guidelength 20 --strand both --lcp 10 --dist 3 --before 100 --into 100 --knum 10 --controls 10 --log GuideMaker_57447434_4.log --threads 8"
	User time (seconds): 745.03
	System time (seconds): 18.84
	Percent of CPU this job got: 583%
	Elapsed (wall clock) time (h:mm:ss or m:ss): 2:10.89
	Average shared text size (kbytes): 0
	Average unshared data size (kbytes): 0
	Average stack size (kbytes): 0
	Average total size (kbytes): 0
	Maximum resident set size (kbytes): 2265964
	Average resident set size (kbytes): 0
	Major (requiring I/O) page faults: 0
	Minor (reclaiming a frame) page faults: 7136324
	Voluntary context switches: 212335
	Involuntary context switches: 105848
	Swaps: 0
	File system inputs: 0
	File system outputs: 146640
	Socket messages sent: 0
	Socket messages received: 0
	Signals delivered: 0
	Page size (bytes): 4096
	Exit status: 0
My SLURM_ARRAY_TASK_ID:  4
My TMPDIR IS:  /scratch/local/57447434
Input Genome:>>>>>>>>>>>>>>>>>>>>>>>>>>>>>>>>>>>>>>>>>>>  Burkholderia_thailandensis_E264_ATCC_700388_133.gbk
Threads used:>>>>>>>>>>>>>>>>>>>>>>>>>>>>>>>>>>>>>>>>>>>  16
GuideMaker
2020-08-13 13:00:06,288: INFO     Temp directory is: /scratch/local/57447434/guidemaker_md4gj2bz
2020-08-13 13:00:06,288: INFO     Writing fasta file from genbank file(s)
2020-08-13 13:00:06,289: INFO     check if test/test_data/Burkholderia_thailandensis_E264_ATCC_700388_133.gbk is gzipped
2020-08-13 13:00:06,979: INFO     Identifying PAM sites in the genome
2020-08-13 13:00:24,813: INFO     Identifing guides that are unique near the PAM site
2020-08-13 13:00:25,977: INFO     Indexing all potential guide sites: 923226. This is the longest step.
2020-08-13 13:00:30,781: INFO     M                   = 16
2020-08-13 13:00:30,781: INFO     indexThreadQty      = 16
2020-08-13 13:00:30,781: INFO     efConstruction      = 64
2020-08-13 13:00:30,781: INFO     maxM			          = 16
2020-08-13 13:00:30,781: INFO     maxM0			          = 32
2020-08-13 13:00:30,781: INFO     mult                = 0.360674
2020-08-13 13:00:30,781: INFO     skip_optimized_index= 0
2020-08-13 13:00:30,781: INFO     delaunay_type       = 2
2020-08-13 13:00:30,781: INFO     Set HNSW query-time parameters:
2020-08-13 13:00:30,781: INFO     ef(Search)         =20
2020-08-13 13:00:30,781: INFO     algoType           =2

0%   10   20   30   40   50   60   70   80   90   100%
|----|----|----|----|----|----|----|----|----|----|
***************************************************

0%   10   20   30   40   50   60   70   80   90   100%
|----|----|----|----|----|----|----|----|----|----|
******************************************************2020-08-13 13:01:08,687: INFO     No appropriate custom distance function for Hamming (bit-storage) space
2020-08-13 13:01:08,687: INFO     searchMethod			  = 0
2020-08-13 13:01:08,770: INFO     Identifying guides that have a hamming distance <= 3 to all other potential guides
2020-08-13 13:01:09,068: INFO     Set HNSW query-time parameters:
2020-08-13 13:01:09,068: INFO     ef(Search)         =256
2020-08-13 13:01:09,068: INFO     algoType           =2
2020-08-13 13:01:25,159: INFO     Formatting data for BedTools
2020-08-13 13:01:25,516: INFO     Create GuideMaker Annotation object
2020-08-13 13:01:25,516: INFO     Identify genomic features
2020-08-13 13:01:25,516: INFO     check if test/test_data/Burkholderia_thailandensis_E264_ATCC_700388_133.gbk is gzipped
2020-08-13 13:01:26,653: INFO     Find genomic features closest the guides
2020-08-13 13:01:29,147: INFO     Select guides that start between +100 and -100 of a feature start
2020-08-13 13:01:29,309: INFO     Select description columns
2020-08-13 13:01:29,354: INFO     Format the output
2020-08-13 13:01:30,086: INFO     creating random control guides
2020-08-13 13:01:31,319: INFO     created 10 control guides with a minimum distance of 7 and a median distance of 7
2020-08-13 13:01:31,321: INFO     guidemaker completed, results are at TEST
2020-08-13 13:01:31,321: INFO     PAM sequence: NGG
2020-08-13 13:01:31,321: INFO     PAM orientation: 5prime
2020-08-13 13:01:31,321: INFO     Genome strand(s) searched: both
2020-08-13 13:01:31,321: INFO     Total PAM sites considered: 923226
2020-08-13 13:01:31,321: INFO     Guide RNA candidates found: 35882
	Command being timed: "guidemaker -i test/test_data/Burkholderia_thailandensis_E264_ATCC_700388_133.gbk --pamseq NGG --outdir TEST --pam_orientation 5prime --guidelength 20 --strand both --lcp 10 --dist 3 --before 100 --into 100 --knum 10 --controls 10 --log GuideMaker_57447434_4.log --threads 16"
	User time (seconds): 773.76
	System time (seconds): 18.89
	Percent of CPU this job got: 900%
	Elapsed (wall clock) time (h:mm:ss or m:ss): 1:27.98
	Average shared text size (kbytes): 0
	Average unshared data size (kbytes): 0
	Average stack size (kbytes): 0
	Average total size (kbytes): 0
	Maximum resident set size (kbytes): 2301856
	Average resident set size (kbytes): 0
	Major (requiring I/O) page faults: 0
	Minor (reclaiming a frame) page faults: 5382263
	Voluntary context switches: 351769
	Involuntary context switches: 162665
	Swaps: 0
	File system inputs: 0
	File system outputs: 146616
	Socket messages sent: 0
	Socket messages received: 0
	Signals delivered: 0
	Page size (bytes): 4096
	Exit status: 0
My SLURM_ARRAY_TASK_ID:  4
My TMPDIR IS:  /scratch/local/57447434
Input Genome:>>>>>>>>>>>>>>>>>>>>>>>>>>>>>>>>>>>>>>>>>>>  Burkholderia_thailandensis_E264_ATCC_700388_133.gbk
Threads used:>>>>>>>>>>>>>>>>>>>>>>>>>>>>>>>>>>>>>>>>>>>  32
GuideMaker
2020-08-13 13:01:34,342: INFO     Temp directory is: /scratch/local/57447434/guidemaker_2v0gtkll
2020-08-13 13:01:34,342: INFO     Writing fasta file from genbank file(s)
2020-08-13 13:01:34,343: INFO     check if test/test_data/Burkholderia_thailandensis_E264_ATCC_700388_133.gbk is gzipped
2020-08-13 13:01:35,035: INFO     Identifying PAM sites in the genome
2020-08-13 13:01:52,187: INFO     Identifing guides that are unique near the PAM site
2020-08-13 13:01:53,323: INFO     Indexing all potential guide sites: 923226. This is the longest step.
2020-08-13 13:01:58,067: INFO     M                   = 16
2020-08-13 13:01:58,067: INFO     indexThreadQty      = 32
2020-08-13 13:01:58,067: INFO     efConstruction      = 64
2020-08-13 13:01:58,067: INFO     maxM			          = 16
2020-08-13 13:01:58,067: INFO     maxM0			          = 32
2020-08-13 13:01:58,067: INFO     mult                = 0.360674
2020-08-13 13:01:58,067: INFO     skip_optimized_index= 0
2020-08-13 13:01:58,067: INFO     delaunay_type       = 2
2020-08-13 13:01:58,067: INFO     Set HNSW query-time parameters:
2020-08-13 13:01:58,067: INFO     ef(Search)         =20
2020-08-13 13:01:58,067: INFO     algoType           =2

0%   10   20   30   40   50   60   70   80   90   100%
|----|----|----|----|----|----|----|----|----|----|
***************************************************

0%   10   20   30   40   50   60   70   80   90   100%
|----|----|----|----|----|----|----|----|----|----|
*******************************************************2020-08-13 13:02:18,890: INFO     No appropriate custom distance function for Hamming (bit-storage) space
2020-08-13 13:02:18,891: INFO     searchMethod			  = 0
2020-08-13 13:02:18,970: INFO     Identifying guides that have a hamming distance <= 3 to all other potential guides
2020-08-13 13:02:19,257: INFO     Set HNSW query-time parameters:
2020-08-13 13:02:19,257: INFO     ef(Search)         =256
2020-08-13 13:02:19,257: INFO     algoType           =2
2020-08-13 13:02:31,148: INFO     Formatting data for BedTools
2020-08-13 13:02:31,486: INFO     Create GuideMaker Annotation object
2020-08-13 13:02:31,486: INFO     Identify genomic features
2020-08-13 13:02:31,487: INFO     check if test/test_data/Burkholderia_thailandensis_E264_ATCC_700388_133.gbk is gzipped
2020-08-13 13:02:32,567: INFO     Find genomic features closest the guides
2020-08-13 13:02:34,932: INFO     Select guides that start between +100 and -100 of a feature start
2020-08-13 13:02:35,108: INFO     Select description columns
2020-08-13 13:02:35,152: INFO     Format the output
2020-08-13 13:02:35,884: INFO     creating random control guides
2020-08-13 13:02:44,643: INFO     created 10 control guides with a minimum distance of 7 and a median distance of 7
2020-08-13 13:02:44,646: INFO     guidemaker completed, results are at TEST
2020-08-13 13:02:44,646: INFO     PAM sequence: NGG
2020-08-13 13:02:44,646: INFO     PAM orientation: 5prime
2020-08-13 13:02:44,646: INFO     Genome strand(s) searched: both
2020-08-13 13:02:44,647: INFO     Total PAM sites considered: 923226
2020-08-13 13:02:44,647: INFO     Guide RNA candidates found: 35882
Number of random control searched:  100000
	Command being timed: "guidemaker -i test/test_data/Burkholderia_thailandensis_E264_ATCC_700388_133.gbk --pamseq NGG --outdir TEST --pam_orientation 5prime --guidelength 20 --strand both --lcp 10 --dist 3 --before 100 --into 100 --knum 10 --controls 10 --log GuideMaker_57447434_4.log --threads 32"
	User time (seconds): 937.13
	System time (seconds): 29.81
	Percent of CPU this job got: 1316%
	Elapsed (wall clock) time (h:mm:ss or m:ss): 1:13.45
	Average shared text size (kbytes): 0
	Average unshared data size (kbytes): 0
	Average stack size (kbytes): 0
	Average total size (kbytes): 0
	Maximum resident set size (kbytes): 2391096
	Average resident set size (kbytes): 0
	Major (requiring I/O) page faults: 0
	Minor (reclaiming a frame) page faults: 5318723
	Voluntary context switches: 621789
	Involuntary context switches: 630288
	Swaps: 0
	File system inputs: 0
	File system outputs: 146640
	Socket messages sent: 0
	Socket messages received: 0
	Signals delivered: 0
	Page size (bytes): 4096
	Exit status: 0
