slurmstepd: error: Unable to create TMPDIR [/scratch/local/58616138]: Permission denied
slurmstepd: error: Setting TMPDIR to /tmp
Mon Sep 14 15:04:44 EDT 2020
c33b-s39.ufhpc
/blue/garrett/rp3448/analysis/guidemaker/AVXGuidemaker/GuideMaker
My SLURM_ARRAY_TASK_ID:  1
My TMPDIR IS:  /tmp
Input Genome:>>>>>>>>>>>>>>>>>>>>>>>>>>>>>>>>>>>>>>>>>>>  Escherichia.coli_str_K-12_substr_MG1655.gbk
Threads used:>>>>>>>>>>>>>>>>>>>>>>>>>>>>>>>>>>>>>>>>>>>  1
GuideMaker
2020-09-14 15:04:48,752: INFO     Temp directory is: /tmp/guidemaker_ysal51tf
2020-09-14 15:04:48,753: INFO     Writing fasta file from genbank file(s)
2020-09-14 15:04:48,754: INFO     check if ../../all_test_data/Escherichia.coli_str_K-12_substr_MG1655.gbk is gzipped
2020-09-14 15:04:49,805: INFO     Identifying PAM sites in the genome
2020-09-14 15:05:17,277: INFO     Identifing guides that are unique near the PAM site
2020-09-14 15:05:18,226: INFO     Indexing all potential guide sites: 542073. This is the longest step.
2020-09-14 15:05:20,774: INFO     M                   = 16
2020-09-14 15:05:20,775: INFO     indexThreadQty      = 1
2020-09-14 15:05:20,775: INFO     efConstruction      = 10
2020-09-14 15:05:20,775: INFO     maxM			          = 16
2020-09-14 15:05:20,775: INFO     maxM0			          = 32
2020-09-14 15:05:20,775: INFO     mult                = 0.360674
2020-09-14 15:05:20,775: INFO     skip_optimized_index= 0
2020-09-14 15:05:20,775: INFO     delaunay_type       = 2
2020-09-14 15:05:20,775: INFO     Set HNSW query-time parameters:
2020-09-14 15:05:20,775: INFO     ef(Search)         =20
2020-09-14 15:05:20,775: INFO     algoType           =2

0%   10   20   30   40   50   60   70   80   90   100%
|----|----|----|----|----|----|----|----|----|----|
***************************************************

0%   10   20   30   40   50   60   70   80   90   100%
|----|----|----|----|----|----|----|----|----|----|
***************************************************
*2020-09-14 15:06:04,464: INFO     No appropriate custom distance function for Hamming (bit-storage) space
2020-09-14 15:06:04,465: INFO     searchMethod			  = 0
2020-09-14 15:06:04,519: INFO     Identifying guides that have a hamming distance <= 3 to all other potential guides
2020-09-14 15:06:04,903: INFO     Set HNSW query-time parameters:
2020-09-14 15:06:04,903: INFO     ef(Search)         =9
2020-09-14 15:06:04,903: INFO     algoType           =2
2020-09-14 15:06:24,372: INFO     Formatting data for BedTools
2020-09-14 15:06:24,813: INFO     Create GuideMaker Annotation object
2020-09-14 15:06:24,813: INFO     Identify genomic features
2020-09-14 15:06:24,814: INFO     check if ../../all_test_data/Escherichia.coli_str_K-12_substr_MG1655.gbk is gzipped
2020-09-14 15:06:26,186: INFO     Total number of CDS/locus in the input genome: 4357
2020-09-14 15:06:26,187: INFO     Find genomic features closest the guides
2020-09-14 15:06:29,276: INFO     Select guides that start between +100 and -100 of a feature start
2020-09-14 15:06:29,500: INFO     Select description columns
2020-09-14 15:06:29,589: INFO     Format the output
2020-09-14 15:06:30,440: INFO     creating random control guides
2020-09-14 15:06:30,509: INFO     Number of random control searched: 100
2020-09-14 15:06:30,509: INFO     Percentage of GC content in the input genome: 50.79
2020-09-14 15:06:30,509: INFO     Total length of the genome: 4.4 MB
2020-09-14 15:06:30,509: INFO     created 10 control guides with a minimum distance of 7 and a median distance of 8
2020-09-14 15:06:30,512: INFO     guidemaker completed, results are at TEST
2020-09-14 15:06:30,512: INFO     PAM sequence: NGG
2020-09-14 15:06:30,512: INFO     PAM orientation: 5prime
2020-09-14 15:06:30,512: INFO     Genome strand(s) searched: both
2020-09-14 15:06:30,512: INFO     Total PAM sites considered: 542073
2020-09-14 15:06:30,512: INFO     Guide RNA candidates found: 35980
	Command being timed: "guidemaker -i ../../all_test_data/Escherichia.coli_str_K-12_substr_MG1655.gbk --pamseq NGG --outdir TEST --pam_orientation 5prime --guidelength 20 --strand both --lcp 10 --dist 3 --before 100 --into 100 --knum 10 --controls 10 --log GuideMaker_58625458_1.log --threads 1"
	User time (seconds): 103.24
	System time (seconds): 3.52
	Percent of CPU this job got: 102%
	Elapsed (wall clock) time (h:mm:ss or m:ss): 1:43.97
	Average shared text size (kbytes): 0
	Average unshared data size (kbytes): 0
	Average stack size (kbytes): 0
	Average total size (kbytes): 0
	Maximum resident set size (kbytes): 1411512
	Average resident set size (kbytes): 0
	Major (requiring I/O) page faults: 0
	Minor (reclaiming a frame) page faults: 1371306
	Voluntary context switches: 3078
	Involuntary context switches: 144537
	Swaps: 0
	File system inputs: 24200
	File system outputs: 196784
	Socket messages sent: 0
	Socket messages received: 0
	Signals delivered: 0
	Page size (bytes): 4096
	Exit status: 0
My SLURM_ARRAY_TASK_ID:  1
My TMPDIR IS:  /tmp
Input Genome:>>>>>>>>>>>>>>>>>>>>>>>>>>>>>>>>>>>>>>>>>>>  Escherichia.coli_str_K-12_substr_MG1655.gbk
Threads used:>>>>>>>>>>>>>>>>>>>>>>>>>>>>>>>>>>>>>>>>>>>  2
GuideMaker
2020-09-14 15:06:32,740: INFO     Temp directory is: /tmp/guidemaker_falbsxgx
2020-09-14 15:06:32,741: INFO     Writing fasta file from genbank file(s)
2020-09-14 15:06:32,741: INFO     check if ../../all_test_data/Escherichia.coli_str_K-12_substr_MG1655.gbk is gzipped
2020-09-14 15:06:33,652: INFO     Identifying PAM sites in the genome
2020-09-14 15:07:00,249: INFO     Identifing guides that are unique near the PAM site
2020-09-14 15:07:01,165: INFO     Indexing all potential guide sites: 542073. This is the longest step.
2020-09-14 15:07:03,703: INFO     M                   = 16
2020-09-14 15:07:03,703: INFO     indexThreadQty      = 2
2020-09-14 15:07:03,703: INFO     efConstruction      = 10
2020-09-14 15:07:03,703: INFO     maxM			          = 16
2020-09-14 15:07:03,703: INFO     maxM0			          = 32
2020-09-14 15:07:03,703: INFO     mult                = 0.360674
2020-09-14 15:07:03,703: INFO     skip_optimized_index= 0
2020-09-14 15:07:03,703: INFO     delaunay_type       = 2
2020-09-14 15:07:03,703: INFO     Set HNSW query-time parameters:
2020-09-14 15:07:03,704: INFO     ef(Search)         =20
2020-09-14 15:07:03,704: INFO     algoType           =2

0%   10   20   30   40   50   60   70   80   90   100%
|----|----|----|----|----|----|----|----|----|----|
***************************************************

0%   10   20   30   40   50   60   70   80   90   100%
|----|----|----|----|----|----|----|----|----|----|
****************************************************2020-09-14 15:07:30,941: INFO     No appropriate custom distance function for Hamming (bit-storage) space
2020-09-14 15:07:30,941: INFO     searchMethod			  = 0
2020-09-14 15:07:30,994: INFO     Identifying guides that have a hamming distance <= 3 to all other potential guides
2020-09-14 15:07:31,365: INFO     Set HNSW query-time parameters:
2020-09-14 15:07:31,365: INFO     ef(Search)         =9
2020-09-14 15:07:31,365: INFO     algoType           =2
2020-09-14 15:07:47,258: INFO     Formatting data for BedTools
2020-09-14 15:07:47,685: INFO     Create GuideMaker Annotation object
2020-09-14 15:07:47,685: INFO     Identify genomic features
2020-09-14 15:07:47,686: INFO     check if ../../all_test_data/Escherichia.coli_str_K-12_substr_MG1655.gbk is gzipped
2020-09-14 15:07:49,069: INFO     Total number of CDS/locus in the input genome: 4357
2020-09-14 15:07:49,069: INFO     Find genomic features closest the guides
2020-09-14 15:07:52,147: INFO     Select guides that start between +100 and -100 of a feature start
2020-09-14 15:07:52,339: INFO     Select description columns
2020-09-14 15:07:52,416: INFO     Format the output
2020-09-14 15:07:53,210: INFO     creating random control guides
2020-09-14 15:07:53,320: INFO     Number of random control searched: 100
2020-09-14 15:07:53,320: INFO     Percentage of GC content in the input genome: 50.79
2020-09-14 15:07:53,320: INFO     Total length of the genome: 4.4 MB
2020-09-14 15:07:53,320: INFO     created 10 control guides with a minimum distance of 7 and a median distance of 7
2020-09-14 15:07:53,322: INFO     guidemaker completed, results are at TEST
2020-09-14 15:07:53,322: INFO     PAM sequence: NGG
2020-09-14 15:07:53,322: INFO     PAM orientation: 5prime
2020-09-14 15:07:53,322: INFO     Genome strand(s) searched: both
2020-09-14 15:07:53,323: INFO     Total PAM sites considered: 542073
2020-09-14 15:07:53,323: INFO     Guide RNA candidates found: 35964
	Command being timed: "guidemaker -i ../../all_test_data/Escherichia.coli_str_K-12_substr_MG1655.gbk --pamseq NGG --outdir TEST --pam_orientation 5prime --guidelength 20 --strand both --lcp 10 --dist 3 --before 100 --into 100 --knum 10 --controls 10 --log GuideMaker_58625458_1.log --threads 2"
	User time (seconds): 111.46
	System time (seconds): 6.54
	Percent of CPU this job got: 142%
	Elapsed (wall clock) time (h:mm:ss or m:ss): 1:22.88
	Average shared text size (kbytes): 0
	Average unshared data size (kbytes): 0
	Average stack size (kbytes): 0
	Average total size (kbytes): 0
	Maximum resident set size (kbytes): 1594892
	Average resident set size (kbytes): 0
	Major (requiring I/O) page faults: 0
	Minor (reclaiming a frame) page faults: 2757053
	Voluntary context switches: 39012
	Involuntary context switches: 143911
	Swaps: 0
	File system inputs: 0
	File system outputs: 196752
	Socket messages sent: 0
	Socket messages received: 0
	Signals delivered: 0
	Page size (bytes): 4096
	Exit status: 0
My SLURM_ARRAY_TASK_ID:  1
My TMPDIR IS:  /tmp
Input Genome:>>>>>>>>>>>>>>>>>>>>>>>>>>>>>>>>>>>>>>>>>>>  Escherichia.coli_str_K-12_substr_MG1655.gbk
Threads used:>>>>>>>>>>>>>>>>>>>>>>>>>>>>>>>>>>>>>>>>>>>  4
GuideMaker
2020-09-14 15:07:55,668: INFO     Temp directory is: /tmp/guidemaker_u_dhkb0c
2020-09-14 15:07:55,668: INFO     Writing fasta file from genbank file(s)
2020-09-14 15:07:55,669: INFO     check if ../../all_test_data/Escherichia.coli_str_K-12_substr_MG1655.gbk is gzipped
2020-09-14 15:07:56,561: INFO     Identifying PAM sites in the genome
2020-09-14 15:08:23,065: INFO     Identifing guides that are unique near the PAM site
2020-09-14 15:08:23,983: INFO     Indexing all potential guide sites: 542073. This is the longest step.
2020-09-14 15:08:26,516: INFO     M                   = 16
2020-09-14 15:08:26,517: INFO     indexThreadQty      = 4
2020-09-14 15:08:26,517: INFO     efConstruction      = 10
2020-09-14 15:08:26,517: INFO     maxM			          = 16
2020-09-14 15:08:26,517: INFO     maxM0			          = 32
2020-09-14 15:08:26,517: INFO     mult                = 0.360674
2020-09-14 15:08:26,517: INFO     skip_optimized_index= 0
2020-09-14 15:08:26,517: INFO     delaunay_type       = 2
2020-09-14 15:08:26,517: INFO     Set HNSW query-time parameters:
2020-09-14 15:08:26,517: INFO     ef(Search)         =20
2020-09-14 15:08:26,517: INFO     algoType           =2

0%   10   20   30   40   50   60   70   80   90   100%
|----|----|----|----|----|----|----|----|----|----|
***************************************************

0%   10   20   30   40   50   60   70   80   90   100%
|----|----|----|----|----|----|----|----|----|----|
****************************************************2020-09-14 15:08:41,399: INFO     No appropriate custom distance function for Hamming (bit-storage) space
2020-09-14 15:08:41,399: INFO     searchMethod			  = 0
2020-09-14 15:08:41,449: INFO     Identifying guides that have a hamming distance <= 3 to all other potential guides
2020-09-14 15:08:41,834: INFO     Set HNSW query-time parameters:
2020-09-14 15:08:41,834: INFO     ef(Search)         =9
2020-09-14 15:08:41,834: INFO     algoType           =2
2020-09-14 15:08:55,011: INFO     Formatting data for BedTools
2020-09-14 15:08:55,432: INFO     Create GuideMaker Annotation object
2020-09-14 15:08:55,432: INFO     Identify genomic features
2020-09-14 15:08:55,432: INFO     check if ../../all_test_data/Escherichia.coli_str_K-12_substr_MG1655.gbk is gzipped
2020-09-14 15:08:56,798: INFO     Total number of CDS/locus in the input genome: 4357
2020-09-14 15:08:56,798: INFO     Find genomic features closest the guides
2020-09-14 15:08:59,889: INFO     Select guides that start between +100 and -100 of a feature start
2020-09-14 15:09:00,078: INFO     Select description columns
2020-09-14 15:09:00,155: INFO     Format the output
2020-09-14 15:09:00,939: INFO     creating random control guides
2020-09-14 15:09:01,021: INFO     Number of random control searched: 100
2020-09-14 15:09:01,021: INFO     Percentage of GC content in the input genome: 50.79
2020-09-14 15:09:01,021: INFO     Total length of the genome: 4.4 MB
2020-09-14 15:09:01,021: INFO     created 10 control guides with a minimum distance of 7 and a median distance of 8
2020-09-14 15:09:01,024: INFO     guidemaker completed, results are at TEST
2020-09-14 15:09:01,024: INFO     PAM sequence: NGG
2020-09-14 15:09:01,024: INFO     PAM orientation: 5prime
2020-09-14 15:09:01,024: INFO     Genome strand(s) searched: both
2020-09-14 15:09:01,024: INFO     Total PAM sites considered: 542073
2020-09-14 15:09:01,024: INFO     Guide RNA candidates found: 35970
	Command being timed: "guidemaker -i ../../all_test_data/Escherichia.coli_str_K-12_substr_MG1655.gbk --pamseq NGG --outdir TEST --pam_orientation 5prime --guidelength 20 --strand both --lcp 10 --dist 3 --before 100 --into 100 --knum 10 --controls 10 --log GuideMaker_58625458_1.log --threads 4"
	User time (seconds): 115.73
	System time (seconds): 6.22
	Percent of CPU this job got: 180%
	Elapsed (wall clock) time (h:mm:ss or m:ss): 1:07.67
	Average shared text size (kbytes): 0
	Average unshared data size (kbytes): 0
	Average stack size (kbytes): 0
	Average total size (kbytes): 0
	Maximum resident set size (kbytes): 1596628
	Average resident set size (kbytes): 0
	Major (requiring I/O) page faults: 0
	Minor (reclaiming a frame) page faults: 2291488
	Voluntary context switches: 75844
	Involuntary context switches: 284191
	Swaps: 0
	File system inputs: 0
	File system outputs: 196744
	Socket messages sent: 0
	Socket messages received: 0
	Signals delivered: 0
	Page size (bytes): 4096
	Exit status: 0
My SLURM_ARRAY_TASK_ID:  1
My TMPDIR IS:  /tmp
Input Genome:>>>>>>>>>>>>>>>>>>>>>>>>>>>>>>>>>>>>>>>>>>>  Escherichia.coli_str_K-12_substr_MG1655.gbk
Threads used:>>>>>>>>>>>>>>>>>>>>>>>>>>>>>>>>>>>>>>>>>>>  8
GuideMaker
2020-09-14 15:09:03,282: INFO     Temp directory is: /tmp/guidemaker_gecrdju7
2020-09-14 15:09:03,282: INFO     Writing fasta file from genbank file(s)
2020-09-14 15:09:03,282: INFO     check if ../../all_test_data/Escherichia.coli_str_K-12_substr_MG1655.gbk is gzipped
2020-09-14 15:09:04,196: INFO     Identifying PAM sites in the genome
2020-09-14 15:09:30,798: INFO     Identifing guides that are unique near the PAM site
2020-09-14 15:09:31,739: INFO     Indexing all potential guide sites: 542073. This is the longest step.
2020-09-14 15:09:34,355: INFO     M                   = 16
2020-09-14 15:09:34,356: INFO     indexThreadQty      = 8
2020-09-14 15:09:34,356: INFO     efConstruction      = 10
2020-09-14 15:09:34,356: INFO     maxM			          = 16
2020-09-14 15:09:34,356: INFO     maxM0			          = 32
2020-09-14 15:09:34,356: INFO     mult                = 0.360674
2020-09-14 15:09:34,356: INFO     skip_optimized_index= 0
2020-09-14 15:09:34,356: INFO     delaunay_type       = 2
2020-09-14 15:09:34,356: INFO     Set HNSW query-time parameters:
2020-09-14 15:09:34,356: INFO     ef(Search)         =20
2020-09-14 15:09:34,356: INFO     algoType           =2

0%   10   20   30   40   50   60   70   80   90   100%
|----|----|----|----|----|----|----|----|----|----|
***************************************************

0%   10   20   30   40   50   60   70   80   90   100%
|----|----|----|----|----|----|----|----|----|----|
*******************************************************
2020-09-14 15:09:42,242: INFO     No appropriate custom distance function for Hamming (bit-storage) space
2020-09-14 15:09:42,242: INFO     searchMethod			  = 0
2020-09-14 15:09:42,296: INFO     Identifying guides that have a hamming distance <= 3 to all other potential guides
2020-09-14 15:09:42,693: INFO     Set HNSW query-time parameters:
2020-09-14 15:09:42,693: INFO     ef(Search)         =9
2020-09-14 15:09:42,693: INFO     algoType           =2
2020-09-14 15:09:54,945: INFO     Formatting data for BedTools
2020-09-14 15:09:55,402: INFO     Create GuideMaker Annotation object
2020-09-14 15:09:55,402: INFO     Identify genomic features
2020-09-14 15:09:55,402: INFO     check if ../../all_test_data/Escherichia.coli_str_K-12_substr_MG1655.gbk is gzipped
2020-09-14 15:09:56,790: INFO     Total number of CDS/locus in the input genome: 4357
2020-09-14 15:09:56,790: INFO     Find genomic features closest the guides
2020-09-14 15:09:59,872: INFO     Select guides that start between +100 and -100 of a feature start
2020-09-14 15:10:00,064: INFO     Select description columns
2020-09-14 15:10:00,144: INFO     Format the output
2020-09-14 15:10:00,942: INFO     creating random control guides
2020-09-14 15:10:01,021: INFO     Number of random control searched: 100
2020-09-14 15:10:01,021: INFO     Percentage of GC content in the input genome: 50.79
2020-09-14 15:10:01,021: INFO     Total length of the genome: 4.4 MB
2020-09-14 15:10:01,021: INFO     created 10 control guides with a minimum distance of 7 and a median distance of 8
2020-09-14 15:10:01,023: INFO     guidemaker completed, results are at TEST
2020-09-14 15:10:01,023: INFO     PAM sequence: NGG
2020-09-14 15:10:01,024: INFO     PAM orientation: 5prime
2020-09-14 15:10:01,024: INFO     Genome strand(s) searched: both
2020-09-14 15:10:01,024: INFO     Total PAM sites considered: 542073
2020-09-14 15:10:01,024: INFO     Guide RNA candidates found: 35969
	Command being timed: "guidemaker -i ../../all_test_data/Escherichia.coli_str_K-12_substr_MG1655.gbk --pamseq NGG --outdir TEST --pam_orientation 5prime --guidelength 20 --strand both --lcp 10 --dist 3 --before 100 --into 100 --knum 10 --controls 10 --log GuideMaker_58625458_1.log --threads 8"
	User time (seconds): 119.94
	System time (seconds): 5.97
	Percent of CPU this job got: 209%
	Elapsed (wall clock) time (h:mm:ss or m:ss): 1:00.03
	Average shared text size (kbytes): 0
	Average unshared data size (kbytes): 0
	Average stack size (kbytes): 0
	Average total size (kbytes): 0
	Maximum resident set size (kbytes): 1613660
	Average resident set size (kbytes): 0
	Major (requiring I/O) page faults: 0
	Minor (reclaiming a frame) page faults: 1696572
	Voluntary context switches: 136609
	Involuntary context switches: 539
	Swaps: 0
	File system inputs: 0
	File system outputs: 196704
	Socket messages sent: 0
	Socket messages received: 0
	Signals delivered: 0
	Page size (bytes): 4096
	Exit status: 0
My SLURM_ARRAY_TASK_ID:  1
My TMPDIR IS:  /tmp
Input Genome:>>>>>>>>>>>>>>>>>>>>>>>>>>>>>>>>>>>>>>>>>>>  Escherichia.coli_str_K-12_substr_MG1655.gbk
Threads used:>>>>>>>>>>>>>>>>>>>>>>>>>>>>>>>>>>>>>>>>>>>  16
GuideMaker
2020-09-14 15:10:03,316: INFO     Temp directory is: /tmp/guidemaker_xiechzgy
2020-09-14 15:10:03,316: INFO     Writing fasta file from genbank file(s)
2020-09-14 15:10:03,317: INFO     check if ../../all_test_data/Escherichia.coli_str_K-12_substr_MG1655.gbk is gzipped
2020-09-14 15:10:04,227: INFO     Identifying PAM sites in the genome
2020-09-14 15:10:31,359: INFO     Identifing guides that are unique near the PAM site
2020-09-14 15:10:32,302: INFO     Indexing all potential guide sites: 542073. This is the longest step.
2020-09-14 15:10:34,992: INFO     M                   = 16
2020-09-14 15:10:34,993: INFO     indexThreadQty      = 16
2020-09-14 15:10:34,993: INFO     efConstruction      = 10
2020-09-14 15:10:34,993: INFO     maxM			          = 16
2020-09-14 15:10:34,993: INFO     maxM0			          = 32
2020-09-14 15:10:34,993: INFO     mult                = 0.360674
2020-09-14 15:10:34,993: INFO     skip_optimized_index= 0
2020-09-14 15:10:34,993: INFO     delaunay_type       = 2
2020-09-14 15:10:34,993: INFO     Set HNSW query-time parameters:
2020-09-14 15:10:34,993: INFO     ef(Search)         =20
2020-09-14 15:10:34,993: INFO     algoType           =2

0%   10   20   30   40   50   60   70   80   90   100%
|----|----|----|----|----|----|----|----|----|----|
***************************************************

0%   10   20   30   40   50   60   70   80   90   100%
|----|----|----|----|----|----|----|----|----|----|
****************************************************2020-09-14 15:10:39,335: INFO     No appropriate custom distance function for Hamming (bit-storage) space
2020-09-14 15:10:39,335: INFO     searchMethod			  = 0
2020-09-14 15:10:39,390: INFO     Identifying guides that have a hamming distance <= 3 to all other potential guides
2020-09-14 15:10:39,870: INFO     Set HNSW query-time parameters:
2020-09-14 15:10:39,870: INFO     ef(Search)         =9
2020-09-14 15:10:39,871: INFO     algoType           =2
2020-09-14 15:10:50,855: INFO     Formatting data for BedTools
2020-09-14 15:10:51,286: INFO     Create GuideMaker Annotation object
2020-09-14 15:10:51,287: INFO     Identify genomic features
2020-09-14 15:10:51,287: INFO     check if ../../all_test_data/Escherichia.coli_str_K-12_substr_MG1655.gbk is gzipped
2020-09-14 15:10:52,655: INFO     Total number of CDS/locus in the input genome: 4357
2020-09-14 15:10:52,655: INFO     Find genomic features closest the guides
2020-09-14 15:10:55,796: INFO     Select guides that start between +100 and -100 of a feature start
2020-09-14 15:10:55,990: INFO     Select description columns
2020-09-14 15:10:56,075: INFO     Format the output
2020-09-14 15:10:56,937: INFO     creating random control guides
2020-09-14 15:10:57,030: INFO     Number of random control searched: 100
2020-09-14 15:10:57,030: INFO     Percentage of GC content in the input genome: 50.79
2020-09-14 15:10:57,030: INFO     Total length of the genome: 4.4 MB
2020-09-14 15:10:57,030: INFO     created 10 control guides with a minimum distance of 7 and a median distance of 7
2020-09-14 15:10:57,034: INFO     guidemaker completed, results are at TEST
2020-09-14 15:10:57,034: INFO     PAM sequence: NGG
2020-09-14 15:10:57,035: INFO     PAM orientation: 5prime
2020-09-14 15:10:57,035: INFO     Genome strand(s) searched: both
2020-09-14 15:10:57,035: INFO     Total PAM sites considered: 542073
2020-09-14 15:10:57,035: INFO     Guide RNA candidates found: 35972
	Command being timed: "guidemaker -i ../../all_test_data/Escherichia.coli_str_K-12_substr_MG1655.gbk --pamseq NGG --outdir TEST --pam_orientation 5prime --guidelength 20 --strand both --lcp 10 --dist 3 --before 100 --into 100 --knum 10 --controls 10 --log GuideMaker_58625458_1.log --threads 16"
	User time (seconds): 124.94
	System time (seconds): 7.07
	Percent of CPU this job got: 234%
	Elapsed (wall clock) time (h:mm:ss or m:ss): 0:56.18
	Average shared text size (kbytes): 0
	Average unshared data size (kbytes): 0
	Average stack size (kbytes): 0
	Average total size (kbytes): 0
	Maximum resident set size (kbytes): 1621324
	Average resident set size (kbytes): 0
	Major (requiring I/O) page faults: 0
	Minor (reclaiming a frame) page faults: 1509276
	Voluntary context switches: 255516
	Involuntary context switches: 513
	Swaps: 0
	File system inputs: 0
	File system outputs: 196736
	Socket messages sent: 0
	Socket messages received: 0
	Signals delivered: 0
	Page size (bytes): 4096
	Exit status: 0
My SLURM_ARRAY_TASK_ID:  1
My TMPDIR IS:  /tmp
Input Genome:>>>>>>>>>>>>>>>>>>>>>>>>>>>>>>>>>>>>>>>>>>>  Escherichia.coli_str_K-12_substr_MG1655.gbk
Threads used:>>>>>>>>>>>>>>>>>>>>>>>>>>>>>>>>>>>>>>>>>>>  32
GuideMaker
2020-09-14 15:10:59,196: INFO     Temp directory is: /tmp/guidemaker_o2i6gkdo
2020-09-14 15:10:59,196: INFO     Writing fasta file from genbank file(s)
2020-09-14 15:10:59,196: INFO     check if ../../all_test_data/Escherichia.coli_str_K-12_substr_MG1655.gbk is gzipped
2020-09-14 15:11:00,099: INFO     Identifying PAM sites in the genome
2020-09-14 15:11:27,063: INFO     Identifing guides that are unique near the PAM site
2020-09-14 15:11:27,981: INFO     Indexing all potential guide sites: 542073. This is the longest step.
2020-09-14 15:11:30,893: INFO     M                   = 16
2020-09-14 15:11:30,893: INFO     indexThreadQty      = 32
2020-09-14 15:11:30,893: INFO     efConstruction      = 10
2020-09-14 15:11:30,893: INFO     maxM			          = 16
2020-09-14 15:11:30,893: INFO     maxM0			          = 32
2020-09-14 15:11:30,893: INFO     mult                = 0.360674
2020-09-14 15:11:30,893: INFO     skip_optimized_index= 0
2020-09-14 15:11:30,893: INFO     delaunay_type       = 2
2020-09-14 15:11:30,893: INFO     Set HNSW query-time parameters:
2020-09-14 15:11:30,894: INFO     ef(Search)         =20
2020-09-14 15:11:30,894: INFO     algoType           =2

0%   10   20   30   40   50   60   70   80   90   100%
|----|----|----|----|----|----|----|----|----|----|
***************************************************

0%   10   20   30   40   50   60   70   80   90   100%
|----|----|----|----|----|----|----|----|----|----|
*******************************************************2020-09-14 15:11:33,651: INFO     No appropriate custom distance function for Hamming (bit-storage) space
2020-09-14 15:11:33,652: INFO     searchMethod			  = 0
2020-09-14 15:11:33,703: INFO     Identifying guides that have a hamming distance <= 3 to all other potential guides
2020-09-14 15:11:34,121: INFO     Set HNSW query-time parameters:
2020-09-14 15:11:34,121: INFO     ef(Search)         =9
2020-09-14 15:11:34,121: INFO     algoType           =2
2020-09-14 15:11:46,452: INFO     Formatting data for BedTools
2020-09-14 15:11:46,887: INFO     Create GuideMaker Annotation object
2020-09-14 15:11:46,887: INFO     Identify genomic features
2020-09-14 15:11:46,887: INFO     check if ../../all_test_data/Escherichia.coli_str_K-12_substr_MG1655.gbk is gzipped
2020-09-14 15:11:48,282: INFO     Total number of CDS/locus in the input genome: 4357
2020-09-14 15:11:48,282: INFO     Find genomic features closest the guides
2020-09-14 15:11:51,396: INFO     Select guides that start between +100 and -100 of a feature start
2020-09-14 15:11:51,590: INFO     Select description columns
2020-09-14 15:11:51,669: INFO     Format the output
2020-09-14 15:11:52,473: INFO     creating random control guides
2020-09-14 15:11:52,577: INFO     Number of random control searched: 100
2020-09-14 15:11:52,578: INFO     Percentage of GC content in the input genome: 50.79
2020-09-14 15:11:52,578: INFO     Total length of the genome: 4.4 MB
2020-09-14 15:11:52,578: INFO     created 10 control guides with a minimum distance of 8 and a median distance of 8
2020-09-14 15:11:52,580: INFO     guidemaker completed, results are at TEST
2020-09-14 15:11:52,580: INFO     PAM sequence: NGG
2020-09-14 15:11:52,580: INFO     PAM orientation: 5prime
2020-09-14 15:11:52,580: INFO     Genome strand(s) searched: both
2020-09-14 15:11:52,580: INFO     Total PAM sites considered: 542073
2020-09-14 15:11:52,580: INFO     Guide RNA candidates found: 35975
	Command being timed: "guidemaker -i ../../all_test_data/Escherichia.coli_str_K-12_substr_MG1655.gbk --pamseq NGG --outdir TEST --pam_orientation 5prime --guidelength 20 --strand both --lcp 10 --dist 3 --before 100 --into 100 --knum 10 --controls 10 --log GuideMaker_58625458_1.log --threads 32"
	User time (seconds): 132.02
	System time (seconds): 9.37
	Percent of CPU this job got: 255%
	Elapsed (wall clock) time (h:mm:ss or m:ss): 0:55.41
	Average shared text size (kbytes): 0
	Average unshared data size (kbytes): 0
	Average stack size (kbytes): 0
	Average total size (kbytes): 0
	Maximum resident set size (kbytes): 1617356
	Average resident set size (kbytes): 0
	Major (requiring I/O) page faults: 0
	Minor (reclaiming a frame) page faults: 1336889
	Voluntary context switches: 539083
	Involuntary context switches: 256322
	Swaps: 0
	File system inputs: 0
	File system outputs: 196696
	Socket messages sent: 0
	Socket messages received: 0
	Signals delivered: 0
	Page size (bytes): 4096
	Exit status: 0
