Thu Feb  4 16:04:22 EST 2021
c30b-s24.ufhpc
/blue/garrett/rp3448/analysis/guidemaker/AVXGuidemaker
My SLURM_ARRAY_TASK_ID:  2
My TMPDIR IS:  /scratch/local/63824589
Input Genome:>>>>>>>>>>>>>>>>>>>>>>>>>>>>>>>>>>>>>>>>>>>  Aspergillus_fumigatus.gbk
Input PAM:>>>>>>>>>>>>>>>>>>>>>>>>>>>>>>>>>>>>>>>>>>>  NGG
Threads used:>>>>>>>>>>>>>>>>>>>>>>>>>>>>>>>>>>>>>>>>>>>  1
GuideMaker
2021-02-04 16:04:26,657: INFO     Temp directory is: /scratch/local/63824589/guidemaker_en15ojct
2021-02-04 16:04:26,658: INFO     Writing fasta file from genbank file(s)
2021-02-04 16:04:26,658: INFO     check if ../all_test_data/Aspergillus_fumigatus.gbk is gzipped
2021-02-04 16:04:29,701: INFO     Identifying PAM sites in the genome
2021-02-04 16:05:54,484: INFO     Checking guides for restriction enzymes
2021-02-04 16:05:55,462: INFO     Number of guides removed after checking for restriction enzymes: 0
2021-02-04 16:05:55,463: INFO     Identifing guides that are unique near the PAM site
2021-02-04 16:06:03,511: INFO     Number of guides removed after checking for unique PAM: 2195823
2021-02-04 16:06:03,511: INFO     Indexing all potential guide sites: 3499847. This is the longest step.
2021-02-04 16:06:20,132: INFO     M                   = 16
2021-02-04 16:06:20,132: INFO     indexThreadQty      = 1
2021-02-04 16:06:20,132: INFO     efConstruction      = 10
2021-02-04 16:06:20,132: INFO     maxM			          = 16
2021-02-04 16:06:20,132: INFO     maxM0			          = 32
2021-02-04 16:06:20,133: INFO     mult                = 0.360674
2021-02-04 16:06:20,133: INFO     skip_optimized_index= 0
2021-02-04 16:06:20,133: INFO     delaunay_type       = 2
2021-02-04 16:06:20,133: INFO     Set HNSW query-time parameters:
2021-02-04 16:06:20,133: INFO     ef(Search)         =20
2021-02-04 16:06:20,133: INFO     algoType           =2

0%   10   20   30   40   50   60   70   80   90   100%
|----|----|----|----|----|----|----|----|----|----|
***************************************************

0%   10   20   30   40   50   60   70   80   90   100%
|----|----|----|----|----|----|----|----|----|----|
***************************************************
*2021-02-04 16:12:05,773: INFO     No appropriate custom distance function for Hamming (bit-storage) space
2021-02-04 16:12:06,233: INFO     searchMethod			  = 0
2021-02-04 16:12:06,526: INFO     Identifying guides that have a hamming distance <= 3 to all other potential guides
2021-02-04 16:12:08,695: INFO     Set HNSW query-time parameters:
2021-02-04 16:12:08,696: INFO     ef(Search)         =9
2021-02-04 16:12:08,696: INFO     algoType           =2
2021-02-04 16:14:20,874: INFO     Formatting data for BedTools
2021-02-04 16:14:23,857: INFO     Create GuideMaker Annotation object
2021-02-04 16:14:23,857: INFO     Identify genomic features
2021-02-04 16:14:23,857: INFO     check if ../all_test_data/Aspergillus_fumigatus.gbk is gzipped
2021-02-04 16:14:26,758: INFO     Total number of CDS/locus in the input genome: 9630
2021-02-04 16:14:26,758: INFO     Find genomic features closest the guides
2021-02-04 16:14:45,955: INFO     Select guides that start between +500 and -500 of a feature start
2021-02-04 16:14:47,184: INFO     Select description columns
2021-02-04 16:14:47,294: INFO     Format the output
2021-02-04 16:14:53,438: INFO     Number of Guides within a gene coordinates i.e. zero Feature distance: 231792
2021-02-04 16:14:57,642: INFO     creating random control guides
2021-02-04 16:14:58,067: INFO     Number of random control searched: 100
2021-02-04 16:14:58,067: INFO     Percentage of GC content in the input genome: 48.82
2021-02-04 16:14:58,067: INFO     Total length of the genome: 28.0 MB
2021-02-04 16:14:58,067: INFO     created 10 control guides with a minimum distance of 7 and a median distance of 7
2021-02-04 16:14:58,070: INFO     guidemaker completed, results are at TEST
2021-02-04 16:14:58,070: INFO     PAM sequence: NGG
2021-02-04 16:14:58,070: INFO     PAM orientation: 3prime
2021-02-04 16:14:58,070: INFO     Genome strand(s) searched: both
2021-02-04 16:14:58,070: INFO     Total PAM sites considered: 3499847
2021-02-04 16:14:58,070: INFO     Guide RNA candidates found: 435697
	Command being timed: "guidemaker -i ../all_test_data/Aspergillus_fumigatus.gbk --pamseq NGG --outdir TEST --pam_orientation 3prime --guidelength 20 --strand both --lcp 11 --dist 3 --before 500 --into 500 --knum 10 --controls 10 --log GM_63824589_2.log --threads 1"
	User time (seconds): 626.74
	System time (seconds): 15.70
	Percent of CPU this job got: 100%
	Elapsed (wall clock) time (h:mm:ss or m:ss): 10:41.22
	Average shared text size (kbytes): 0
	Average unshared data size (kbytes): 0
	Average stack size (kbytes): 0
	Average total size (kbytes): 0
	Maximum resident set size (kbytes): 8276048
	Average resident set size (kbytes): 0
	Major (requiring I/O) page faults: 0
	Minor (reclaiming a frame) page faults: 14926065
	Voluntary context switches: 3125
	Involuntary context switches: 111204
	Swaps: 0
	File system inputs: 16
	File system outputs: 1338440
	Socket messages sent: 0
	Socket messages received: 0
	Signals delivered: 0
	Page size (bytes): 4096
	Exit status: 0
My SLURM_ARRAY_TASK_ID:  2
My TMPDIR IS:  /scratch/local/63824589
Input Genome:>>>>>>>>>>>>>>>>>>>>>>>>>>>>>>>>>>>>>>>>>>>  Aspergillus_fumigatus.gbk
Input PAM:>>>>>>>>>>>>>>>>>>>>>>>>>>>>>>>>>>>>>>>>>>>  NGG
Threads used:>>>>>>>>>>>>>>>>>>>>>>>>>>>>>>>>>>>>>>>>>>>  2
GuideMaker
2021-02-04 16:15:07,892: INFO     Temp directory is: /scratch/local/63824589/guidemaker_tunn_iaj
2021-02-04 16:15:07,892: INFO     Writing fasta file from genbank file(s)
2021-02-04 16:15:07,892: INFO     check if ../all_test_data/Aspergillus_fumigatus.gbk is gzipped
2021-02-04 16:15:11,056: INFO     Identifying PAM sites in the genome
2021-02-04 16:16:39,233: INFO     Checking guides for restriction enzymes
2021-02-04 16:16:40,253: INFO     Number of guides removed after checking for restriction enzymes: 0
2021-02-04 16:16:40,254: INFO     Identifing guides that are unique near the PAM site
2021-02-04 16:16:48,429: INFO     Number of guides removed after checking for unique PAM: 2195823
2021-02-04 16:16:48,429: INFO     Indexing all potential guide sites: 3499847. This is the longest step.
2021-02-04 16:17:05,113: INFO     M                   = 16
2021-02-04 16:17:05,114: INFO     indexThreadQty      = 2
2021-02-04 16:17:05,114: INFO     efConstruction      = 10
2021-02-04 16:17:05,114: INFO     maxM			          = 16
2021-02-04 16:17:05,114: INFO     maxM0			          = 32
2021-02-04 16:17:05,114: INFO     mult                = 0.360674
2021-02-04 16:17:05,114: INFO     skip_optimized_index= 0
2021-02-04 16:17:05,114: INFO     delaunay_type       = 2
2021-02-04 16:17:05,114: INFO     Set HNSW query-time parameters:
2021-02-04 16:17:05,114: INFO     ef(Search)         =20
2021-02-04 16:17:05,114: INFO     algoType           =2

0%   10   20   30   40   50   60   70   80   90   100%
|----|----|----|----|----|----|----|----|----|----|
***************************************************

0%   10   20   30   40   50   60   70   80   90   100%
|----|----|----|----|----|----|----|----|----|----|
****************************************************2021-02-04 16:20:51,466: INFO     No appropriate custom distance function for Hamming (bit-storage) space
2021-02-04 16:20:51,466: INFO     searchMethod			  = 0
2021-02-04 16:20:51,747: INFO     Identifying guides that have a hamming distance <= 3 to all other potential guides
2021-02-04 16:20:53,883: INFO     Set HNSW query-time parameters:
2021-02-04 16:20:53,884: INFO     ef(Search)         =9
2021-02-04 16:20:53,884: INFO     algoType           =2
2021-02-04 16:22:45,722: INFO     Formatting data for BedTools
2021-02-04 16:22:48,778: INFO     Create GuideMaker Annotation object
2021-02-04 16:22:48,779: INFO     Identify genomic features
2021-02-04 16:22:48,779: INFO     check if ../all_test_data/Aspergillus_fumigatus.gbk is gzipped
2021-02-04 16:22:51,741: INFO     Total number of CDS/locus in the input genome: 9630
2021-02-04 16:22:51,741: INFO     Find genomic features closest the guides
2021-02-04 16:23:11,699: INFO     Select guides that start between +500 and -500 of a feature start
2021-02-04 16:23:12,855: INFO     Select description columns
2021-02-04 16:23:12,956: INFO     Format the output
2021-02-04 16:23:18,200: INFO     Number of Guides within a gene coordinates i.e. zero Feature distance: 231821
2021-02-04 16:23:22,266: INFO     creating random control guides
2021-02-04 16:23:23,097: INFO     Number of random control searched: 100
2021-02-04 16:23:23,097: INFO     Percentage of GC content in the input genome: 48.82
2021-02-04 16:23:23,097: INFO     Total length of the genome: 28.0 MB
2021-02-04 16:23:23,097: INFO     created 10 control guides with a minimum distance of 7 and a median distance of 7
2021-02-04 16:23:23,101: INFO     guidemaker completed, results are at TEST
2021-02-04 16:23:23,101: INFO     PAM sequence: NGG
2021-02-04 16:23:23,101: INFO     PAM orientation: 3prime
2021-02-04 16:23:23,101: INFO     Genome strand(s) searched: both
2021-02-04 16:23:23,101: INFO     Total PAM sites considered: 3499847
2021-02-04 16:23:23,101: INFO     Guide RNA candidates found: 435757
	Command being timed: "guidemaker -i ../all_test_data/Aspergillus_fumigatus.gbk --pamseq NGG --outdir TEST --pam_orientation 3prime --guidelength 20 --strand both --lcp 11 --dist 3 --before 500 --into 500 --knum 10 --controls 10 --log GM_63824589_2.log --threads 2"
	User time (seconds): 721.33
	System time (seconds): 54.87
	Percent of CPU this job got: 153%
	Elapsed (wall clock) time (h:mm:ss or m:ss): 8:24.41
	Average shared text size (kbytes): 0
	Average unshared data size (kbytes): 0
	Average stack size (kbytes): 0
	Average total size (kbytes): 0
	Maximum resident set size (kbytes): 9136884
	Average resident set size (kbytes): 0
	Major (requiring I/O) page faults: 0
	Minor (reclaiming a frame) page faults: 33551995
	Voluntary context switches: 332122
	Involuntary context switches: 254790
	Swaps: 0
	File system inputs: 8
	File system outputs: 1338560
	Socket messages sent: 0
	Socket messages received: 0
	Signals delivered: 0
	Page size (bytes): 4096
	Exit status: 0
My SLURM_ARRAY_TASK_ID:  2
My TMPDIR IS:  /scratch/local/63824589
Input Genome:>>>>>>>>>>>>>>>>>>>>>>>>>>>>>>>>>>>>>>>>>>>  Aspergillus_fumigatus.gbk
Input PAM:>>>>>>>>>>>>>>>>>>>>>>>>>>>>>>>>>>>>>>>>>>>  NGG
Threads used:>>>>>>>>>>>>>>>>>>>>>>>>>>>>>>>>>>>>>>>>>>>  4
GuideMaker
2021-02-04 16:23:32,295: INFO     Temp directory is: /scratch/local/63824589/guidemaker_hco0_fhb
2021-02-04 16:23:32,295: INFO     Writing fasta file from genbank file(s)
2021-02-04 16:23:32,296: INFO     check if ../all_test_data/Aspergillus_fumigatus.gbk is gzipped
2021-02-04 16:23:35,373: INFO     Identifying PAM sites in the genome
2021-02-04 16:25:02,824: INFO     Checking guides for restriction enzymes
2021-02-04 16:25:03,800: INFO     Number of guides removed after checking for restriction enzymes: 0
2021-02-04 16:25:03,801: INFO     Identifing guides that are unique near the PAM site
2021-02-04 16:25:12,042: INFO     Number of guides removed after checking for unique PAM: 2195823
2021-02-04 16:25:12,042: INFO     Indexing all potential guide sites: 3499847. This is the longest step.
2021-02-04 16:25:28,904: INFO     M                   = 16
2021-02-04 16:25:28,905: INFO     indexThreadQty      = 4
2021-02-04 16:25:28,905: INFO     efConstruction      = 10
2021-02-04 16:25:28,905: INFO     maxM			          = 16
2021-02-04 16:25:28,905: INFO     maxM0			          = 32
2021-02-04 16:25:28,905: INFO     mult                = 0.360674
2021-02-04 16:25:28,905: INFO     skip_optimized_index= 0
2021-02-04 16:25:28,905: INFO     delaunay_type       = 2
2021-02-04 16:25:28,905: INFO     Set HNSW query-time parameters:
2021-02-04 16:25:28,905: INFO     ef(Search)         =20
2021-02-04 16:25:28,905: INFO     algoType           =2

0%   10   20   30   40   50   60   70   80   90   100%
|----|----|----|----|----|----|----|----|----|----|
***************************************************

0%   10   20   30   40   50   60   70   80   90   100%
|----|----|----|----|----|----|----|----|----|----|
***************************************************


2021-02-04 16:27:28,782: INFO     No appropriate custom distance function for Hamming (bit-storage) space
2021-02-04 16:27:28,782: INFO     searchMethod			  = 0
2021-02-04 16:27:29,084: INFO     Identifying guides that have a hamming distance <= 3 to all other potential guides
2021-02-04 16:27:31,403: INFO     Set HNSW query-time parameters:
2021-02-04 16:27:31,404: INFO     ef(Search)         =9
2021-02-04 16:27:31,404: INFO     algoType           =2
2021-02-04 16:29:00,314: INFO     Formatting data for BedTools
2021-02-04 16:29:03,325: INFO     Create GuideMaker Annotation object
2021-02-04 16:29:03,326: INFO     Identify genomic features
2021-02-04 16:29:03,326: INFO     check if ../all_test_data/Aspergillus_fumigatus.gbk is gzipped
2021-02-04 16:29:06,237: INFO     Total number of CDS/locus in the input genome: 9630
2021-02-04 16:29:06,238: INFO     Find genomic features closest the guides
2021-02-04 16:29:25,999: INFO     Select guides that start between +500 and -500 of a feature start
2021-02-04 16:29:27,190: INFO     Select description columns
2021-02-04 16:29:27,298: INFO     Format the output
2021-02-04 16:29:33,548: INFO     Number of Guides within a gene coordinates i.e. zero Feature distance: 231795
2021-02-04 16:29:37,668: INFO     creating random control guides
2021-02-04 16:29:38,368: INFO     Number of random control searched: 100
2021-02-04 16:29:38,369: INFO     Percentage of GC content in the input genome: 48.82
2021-02-04 16:29:38,369: INFO     Total length of the genome: 28.0 MB
2021-02-04 16:29:38,369: INFO     created 10 control guides with a minimum distance of 7 and a median distance of 7
2021-02-04 16:29:38,371: INFO     guidemaker completed, results are at TEST
2021-02-04 16:29:38,371: INFO     PAM sequence: NGG
2021-02-04 16:29:38,371: INFO     PAM orientation: 3prime
2021-02-04 16:29:38,371: INFO     Genome strand(s) searched: both
2021-02-04 16:29:38,371: INFO     Total PAM sites considered: 3499847
2021-02-04 16:29:38,371: INFO     Guide RNA candidates found: 435706
	Command being timed: "guidemaker -i ../all_test_data/Aspergillus_fumigatus.gbk --pamseq NGG --outdir TEST --pam_orientation 3prime --guidelength 20 --strand both --lcp 11 --dist 3 --before 500 --into 500 --knum 10 --controls 10 --log GM_63824589_2.log --threads 4"
	User time (seconds): 749.48
	System time (seconds): 46.97
	Percent of CPU this job got: 212%
	Elapsed (wall clock) time (h:mm:ss or m:ss): 6:15.51
	Average shared text size (kbytes): 0
	Average unshared data size (kbytes): 0
	Average stack size (kbytes): 0
	Average total size (kbytes): 0
	Maximum resident set size (kbytes): 9101744
	Average resident set size (kbytes): 0
	Major (requiring I/O) page faults: 0
	Minor (reclaiming a frame) page faults: 25523399
	Voluntary context switches: 622538
	Involuntary context switches: 995
	Swaps: 0
	File system inputs: 0
	File system outputs: 1338064
	Socket messages sent: 0
	Socket messages received: 0
	Signals delivered: 0
	Page size (bytes): 4096
	Exit status: 0
My SLURM_ARRAY_TASK_ID:  2
My TMPDIR IS:  /scratch/local/63824589
Input Genome:>>>>>>>>>>>>>>>>>>>>>>>>>>>>>>>>>>>>>>>>>>>  Aspergillus_fumigatus.gbk
Input PAM:>>>>>>>>>>>>>>>>>>>>>>>>>>>>>>>>>>>>>>>>>>>  NGG
Threads used:>>>>>>>>>>>>>>>>>>>>>>>>>>>>>>>>>>>>>>>>>>>  8
GuideMaker
2021-02-04 16:29:47,829: INFO     Temp directory is: /scratch/local/63824589/guidemaker_kx8eedfo
2021-02-04 16:29:47,829: INFO     Writing fasta file from genbank file(s)
2021-02-04 16:29:47,829: INFO     check if ../all_test_data/Aspergillus_fumigatus.gbk is gzipped
2021-02-04 16:29:50,957: INFO     Identifying PAM sites in the genome
2021-02-04 16:31:19,181: INFO     Checking guides for restriction enzymes
2021-02-04 16:31:20,173: INFO     Number of guides removed after checking for restriction enzymes: 0
2021-02-04 16:31:20,174: INFO     Identifing guides that are unique near the PAM site
2021-02-04 16:31:28,407: INFO     Number of guides removed after checking for unique PAM: 2195823
2021-02-04 16:31:28,407: INFO     Indexing all potential guide sites: 3499847. This is the longest step.
2021-02-04 16:31:45,054: INFO     M                   = 16
2021-02-04 16:31:45,055: INFO     indexThreadQty      = 8
2021-02-04 16:31:45,055: INFO     efConstruction      = 10
2021-02-04 16:31:45,055: INFO     maxM			          = 16
2021-02-04 16:31:45,055: INFO     maxM0			          = 32
2021-02-04 16:31:45,055: INFO     mult                = 0.360674
2021-02-04 16:31:45,055: INFO     skip_optimized_index= 0
2021-02-04 16:31:45,055: INFO     delaunay_type       = 2
2021-02-04 16:31:45,055: INFO     Set HNSW query-time parameters:
2021-02-04 16:31:45,055: INFO     ef(Search)         =20
2021-02-04 16:31:45,056: INFO     algoType           =2

0%   10   20   30   40   50   60   70   80   90   100%
|----|----|----|----|----|----|----|----|----|----|
***************************************************

0%   10   20   30   40   50   60   70   80   90   100%
|----|----|----|----|----|----|----|----|----|----|
****************************************************2021-02-04 16:32:49,472: INFO     No appropriate custom distance function for Hamming (bit-storage) space
2021-02-04 16:32:49,472: INFO     searchMethod			  = 0
2021-02-04 16:32:49,757: INFO     Identifying guides that have a hamming distance <= 3 to all other potential guides
2021-02-04 16:32:51,898: INFO     Set HNSW query-time parameters:
2021-02-04 16:32:51,899: INFO     ef(Search)         =9
2021-02-04 16:32:51,899: INFO     algoType           =2
2021-02-04 16:34:08,889: INFO     Formatting data for BedTools
2021-02-04 16:34:11,860: INFO     Create GuideMaker Annotation object
2021-02-04 16:34:11,861: INFO     Identify genomic features
2021-02-04 16:34:11,861: INFO     check if ../all_test_data/Aspergillus_fumigatus.gbk is gzipped
2021-02-04 16:34:14,796: INFO     Total number of CDS/locus in the input genome: 9630
2021-02-04 16:34:14,797: INFO     Find genomic features closest the guides
2021-02-04 16:34:34,577: INFO     Select guides that start between +500 and -500 of a feature start
2021-02-04 16:34:35,743: INFO     Select description columns
2021-02-04 16:34:35,843: INFO     Format the output
2021-02-04 16:34:41,079: INFO     Number of Guides within a gene coordinates i.e. zero Feature distance: 231830
2021-02-04 16:34:45,245: INFO     creating random control guides
2021-02-04 16:34:45,907: INFO     Number of random control searched: 100
2021-02-04 16:34:45,907: INFO     Percentage of GC content in the input genome: 48.82
2021-02-04 16:34:45,908: INFO     Total length of the genome: 28.0 MB
2021-02-04 16:34:45,908: INFO     created 10 control guides with a minimum distance of 7 and a median distance of 7
2021-02-04 16:34:45,912: INFO     guidemaker completed, results are at TEST
2021-02-04 16:34:45,912: INFO     PAM sequence: NGG
2021-02-04 16:34:45,912: INFO     PAM orientation: 3prime
2021-02-04 16:34:45,912: INFO     Genome strand(s) searched: both
2021-02-04 16:34:45,912: INFO     Total PAM sites considered: 3499847
2021-02-04 16:34:45,912: INFO     Guide RNA candidates found: 435743
	Command being timed: "guidemaker -i ../all_test_data/Aspergillus_fumigatus.gbk --pamseq NGG --outdir TEST --pam_orientation 3prime --guidelength 20 --strand both --lcp 11 --dist 3 --before 500 --into 500 --knum 10 --controls 10 --log GM_63824589_2.log --threads 8"
	User time (seconds): 779.50
	System time (seconds): 46.59
	Percent of CPU this job got: 268%
	Elapsed (wall clock) time (h:mm:ss or m:ss): 5:07.48
	Average shared text size (kbytes): 0
	Average unshared data size (kbytes): 0
	Average stack size (kbytes): 0
	Average total size (kbytes): 0
	Maximum resident set size (kbytes): 9118664
	Average resident set size (kbytes): 0
	Major (requiring I/O) page faults: 0
	Minor (reclaiming a frame) page faults: 22062566
	Voluntary context switches: 1057358
	Involuntary context switches: 1724
	Swaps: 0
	File system inputs: 0
	File system outputs: 1338280
	Socket messages sent: 0
	Socket messages received: 0
	Signals delivered: 0
	Page size (bytes): 4096
	Exit status: 0
My SLURM_ARRAY_TASK_ID:  2
My TMPDIR IS:  /scratch/local/63824589
Input Genome:>>>>>>>>>>>>>>>>>>>>>>>>>>>>>>>>>>>>>>>>>>>  Aspergillus_fumigatus.gbk
Input PAM:>>>>>>>>>>>>>>>>>>>>>>>>>>>>>>>>>>>>>>>>>>>  NGG
Threads used:>>>>>>>>>>>>>>>>>>>>>>>>>>>>>>>>>>>>>>>>>>>  16
GuideMaker
2021-02-04 16:34:55,315: INFO     Temp directory is: /scratch/local/63824589/guidemaker_hkw9aztn
2021-02-04 16:34:55,315: INFO     Writing fasta file from genbank file(s)
2021-02-04 16:34:55,316: INFO     check if ../all_test_data/Aspergillus_fumigatus.gbk is gzipped
2021-02-04 16:34:58,352: INFO     Identifying PAM sites in the genome
2021-02-04 16:36:24,451: INFO     Checking guides for restriction enzymes
2021-02-04 16:36:25,459: INFO     Number of guides removed after checking for restriction enzymes: 0
2021-02-04 16:36:25,460: INFO     Identifing guides that are unique near the PAM site
2021-02-04 16:36:33,582: INFO     Number of guides removed after checking for unique PAM: 2195823
2021-02-04 16:36:33,582: INFO     Indexing all potential guide sites: 3499847. This is the longest step.
2021-02-04 16:36:51,121: INFO     M                   = 16
2021-02-04 16:36:51,122: INFO     indexThreadQty      = 16
2021-02-04 16:36:51,122: INFO     efConstruction      = 10
2021-02-04 16:36:51,122: INFO     maxM			          = 16
2021-02-04 16:36:51,122: INFO     maxM0			          = 32
2021-02-04 16:36:51,122: INFO     mult                = 0.360674
2021-02-04 16:36:51,122: INFO     skip_optimized_index= 0
2021-02-04 16:36:51,122: INFO     delaunay_type       = 2
2021-02-04 16:36:51,122: INFO     Set HNSW query-time parameters:
2021-02-04 16:36:51,122: INFO     ef(Search)         =20
2021-02-04 16:36:51,122: INFO     algoType           =2

0%   10   20   30   40   50   60   70   80   90   100%
|----|----|----|----|----|----|----|----|----|----|
***************************************************

0%   10   20   30   40   50   60   70   80   90   100%
|----|----|----|----|----|----|----|----|----|----|
****************************************************2021-02-04 16:37:28,507: INFO     No appropriate custom distance function for Hamming (bit-storage) space
2021-02-04 16:37:28,507: INFO     searchMethod			  = 0
2021-02-04 16:37:28,794: INFO     Identifying guides that have a hamming distance <= 3 to all other potential guides
2021-02-04 16:37:30,909: INFO     Set HNSW query-time parameters:
2021-02-04 16:37:30,909: INFO     ef(Search)         =9
2021-02-04 16:37:30,910: INFO     algoType           =2
2021-02-04 16:38:40,536: INFO     Formatting data for BedTools
2021-02-04 16:38:43,485: INFO     Create GuideMaker Annotation object
2021-02-04 16:38:43,486: INFO     Identify genomic features
2021-02-04 16:38:43,486: INFO     check if ../all_test_data/Aspergillus_fumigatus.gbk is gzipped
2021-02-04 16:38:46,378: INFO     Total number of CDS/locus in the input genome: 9630
2021-02-04 16:38:46,378: INFO     Find genomic features closest the guides
2021-02-04 16:39:06,372: INFO     Select guides that start between +500 and -500 of a feature start
2021-02-04 16:39:07,707: INFO     Select description columns
2021-02-04 16:39:07,808: INFO     Format the output
2021-02-04 16:39:13,064: INFO     Number of Guides within a gene coordinates i.e. zero Feature distance: 231780
2021-02-04 16:39:17,215: INFO     creating random control guides
2021-02-04 16:39:17,913: INFO     Number of random control searched: 100
2021-02-04 16:39:17,913: INFO     Percentage of GC content in the input genome: 48.82
2021-02-04 16:39:17,913: INFO     Total length of the genome: 28.0 MB
2021-02-04 16:39:17,913: INFO     created 10 control guides with a minimum distance of 7 and a median distance of 7
2021-02-04 16:39:17,916: INFO     guidemaker completed, results are at TEST
2021-02-04 16:39:17,916: INFO     PAM sequence: NGG
2021-02-04 16:39:17,917: INFO     PAM orientation: 3prime
2021-02-04 16:39:17,917: INFO     Genome strand(s) searched: both
2021-02-04 16:39:17,917: INFO     Total PAM sites considered: 3499847
2021-02-04 16:39:17,917: INFO     Guide RNA candidates found: 435661
	Command being timed: "guidemaker -i ../all_test_data/Aspergillus_fumigatus.gbk --pamseq NGG --outdir TEST --pam_orientation 3prime --guidelength 20 --strand both --lcp 11 --dist 3 --before 500 --into 500 --knum 10 --controls 10 --log GM_63824589_2.log --threads 16"
	User time (seconds): 837.91
	System time (seconds): 58.42
	Percent of CPU this job got: 329%
	Elapsed (wall clock) time (h:mm:ss or m:ss): 4:32.02
	Average shared text size (kbytes): 0
	Average unshared data size (kbytes): 0
	Average stack size (kbytes): 0
	Average total size (kbytes): 0
	Maximum resident set size (kbytes): 9215580
	Average resident set size (kbytes): 0
	Major (requiring I/O) page faults: 0
	Minor (reclaiming a frame) page faults: 17341204
	Voluntary context switches: 1990946
	Involuntary context switches: 1077
	Swaps: 0
	File system inputs: 0
	File system outputs: 1338216
	Socket messages sent: 0
	Socket messages received: 0
	Signals delivered: 0
	Page size (bytes): 4096
	Exit status: 0
My SLURM_ARRAY_TASK_ID:  2
My TMPDIR IS:  /scratch/local/63824589
Input Genome:>>>>>>>>>>>>>>>>>>>>>>>>>>>>>>>>>>>>>>>>>>>  Aspergillus_fumigatus.gbk
Input PAM:>>>>>>>>>>>>>>>>>>>>>>>>>>>>>>>>>>>>>>>>>>>  NGG
Threads used:>>>>>>>>>>>>>>>>>>>>>>>>>>>>>>>>>>>>>>>>>>>  32
GuideMaker
2021-02-04 16:39:27,354: INFO     Temp directory is: /scratch/local/63824589/guidemaker_uxujv_b2
2021-02-04 16:39:27,355: INFO     Writing fasta file from genbank file(s)
2021-02-04 16:39:27,355: INFO     check if ../all_test_data/Aspergillus_fumigatus.gbk is gzipped
2021-02-04 16:39:30,450: INFO     Identifying PAM sites in the genome
2021-02-04 16:40:56,742: INFO     Checking guides for restriction enzymes
2021-02-04 16:40:57,762: INFO     Number of guides removed after checking for restriction enzymes: 0
2021-02-04 16:40:57,762: INFO     Identifing guides that are unique near the PAM site
2021-02-04 16:41:05,954: INFO     Number of guides removed after checking for unique PAM: 2195823
2021-02-04 16:41:05,954: INFO     Indexing all potential guide sites: 3499847. This is the longest step.
2021-02-04 16:41:23,162: INFO     M                   = 16
2021-02-04 16:41:23,163: INFO     indexThreadQty      = 32
2021-02-04 16:41:23,163: INFO     efConstruction      = 10
2021-02-04 16:41:23,163: INFO     maxM			          = 16
2021-02-04 16:41:23,163: INFO     maxM0			          = 32
2021-02-04 16:41:23,163: INFO     mult                = 0.360674
2021-02-04 16:41:23,163: INFO     skip_optimized_index= 0
2021-02-04 16:41:23,163: INFO     delaunay_type       = 2
2021-02-04 16:41:23,163: INFO     Set HNSW query-time parameters:
2021-02-04 16:41:23,163: INFO     ef(Search)         =20
2021-02-04 16:41:23,163: INFO     algoType           =2

0%   10   20   30   40   50   60   70   80   90   100%
|----|----|----|----|----|----|----|----|----|----|
***************************************************

0%   10   20   30   40   50   60   70   80   90   100%
|----|----|----|----|----|----|----|----|----|----|
*****************************************************
2021-02-04 16:41:49,494: INFO     No appropriate custom distance function for Hamming (bit-storage) space
2021-02-04 16:41:49,494: INFO     searchMethod			  = 0
2021-02-04 16:41:49,784: INFO     Identifying guides that have a hamming distance <= 3 to all other potential guides
2021-02-04 16:41:52,080: INFO     Set HNSW query-time parameters:
2021-02-04 16:41:52,081: INFO     ef(Search)         =9
2021-02-04 16:41:52,081: INFO     algoType           =2
2021-02-04 16:43:01,470: INFO     Formatting data for BedTools
2021-02-04 16:43:04,396: INFO     Create GuideMaker Annotation object
2021-02-04 16:43:04,396: INFO     Identify genomic features
2021-02-04 16:43:04,397: INFO     check if ../all_test_data/Aspergillus_fumigatus.gbk is gzipped
2021-02-04 16:43:07,330: INFO     Total number of CDS/locus in the input genome: 9630
2021-02-04 16:43:07,330: INFO     Find genomic features closest the guides
2021-02-04 16:43:27,255: INFO     Select guides that start between +500 and -500 of a feature start
2021-02-04 16:43:28,657: INFO     Select description columns
2021-02-04 16:43:28,773: INFO     Format the output
2021-02-04 16:43:35,143: INFO     Number of Guides within a gene coordinates i.e. zero Feature distance: 231774
2021-02-04 16:43:39,330: INFO     creating random control guides
2021-02-04 16:43:40,107: INFO     Number of random control searched: 100
2021-02-04 16:43:40,108: INFO     Percentage of GC content in the input genome: 48.82
2021-02-04 16:43:40,108: INFO     Total length of the genome: 28.0 MB
2021-02-04 16:43:40,108: INFO     created 10 control guides with a minimum distance of 7 and a median distance of 7
2021-02-04 16:43:40,111: INFO     guidemaker completed, results are at TEST
2021-02-04 16:43:40,111: INFO     PAM sequence: NGG
2021-02-04 16:43:40,111: INFO     PAM orientation: 3prime
2021-02-04 16:43:40,112: INFO     Genome strand(s) searched: both
2021-02-04 16:43:40,112: INFO     Total PAM sites considered: 3499847
2021-02-04 16:43:40,112: INFO     Guide RNA candidates found: 435652
	Command being timed: "guidemaker -i ../all_test_data/Aspergillus_fumigatus.gbk --pamseq NGG --outdir TEST --pam_orientation 3prime --guidelength 20 --strand both --lcp 11 --dist 3 --before 500 --into 500 --knum 10 --controls 10 --log GM_63824589_2.log --threads 32"
	User time (seconds): 933.29
	System time (seconds): 103.25
	Percent of CPU this job got: 391%
	Elapsed (wall clock) time (h:mm:ss or m:ss): 4:24.68
	Average shared text size (kbytes): 0
	Average unshared data size (kbytes): 0
	Average stack size (kbytes): 0
	Average total size (kbytes): 0
	Maximum resident set size (kbytes): 9384288
	Average resident set size (kbytes): 0
	Major (requiring I/O) page faults: 0
	Minor (reclaiming a frame) page faults: 16478752
	Voluntary context switches: 4579378
	Involuntary context switches: 1664
	Swaps: 0
	File system inputs: 16
	File system outputs: 1337824
	Socket messages sent: 0
	Socket messages received: 0
	Signals delivered: 0
	Page size (bytes): 4096
	Exit status: 0
