slurmstepd: error: Unable to create TMPDIR [/scratch/local/58616138]: Permission denied
slurmstepd: error: Setting TMPDIR to /tmp
Mon Sep 14 15:17:45 EDT 2020
c24b-s26.ufhpc
/blue/garrett/rp3448/analysis/guidemaker/AVXGuidemaker/GuideMaker
My SLURM_ARRAY_TASK_ID:  9
My TMPDIR IS:  /tmp
Input Genome:>>>>>>>>>>>>>>>>>>>>>>>>>>>>>>>>>>>>>>>>>>>  Escherichia.coli_str_K-12_substr_MG1655.gbk
Threads used:>>>>>>>>>>>>>>>>>>>>>>>>>>>>>>>>>>>>>>>>>>>  1
GuideMaker
2020-09-14 15:17:49,143: INFO     Temp directory is: /tmp/guidemaker_yhk3hr9q
2020-09-14 15:17:49,143: INFO     Writing fasta file from genbank file(s)
2020-09-14 15:17:49,144: INFO     check if ../../all_test_data/Escherichia.coli_str_K-12_substr_MG1655.gbk is gzipped
2020-09-14 15:17:50,053: INFO     Identifying PAM sites in the genome
2020-09-14 15:18:16,489: INFO     Identifing guides that are unique near the PAM site
2020-09-14 15:18:17,404: INFO     Indexing all potential guide sites: 542073. This is the longest step.
2020-09-14 15:18:19,964: INFO     M                   = 16
2020-09-14 15:18:19,965: INFO     indexThreadQty      = 1
2020-09-14 15:18:19,965: INFO     efConstruction      = 10
2020-09-14 15:18:19,965: INFO     maxM			          = 16
2020-09-14 15:18:19,965: INFO     maxM0			          = 32
2020-09-14 15:18:19,965: INFO     mult                = 0.360674
2020-09-14 15:18:19,965: INFO     skip_optimized_index= 0
2020-09-14 15:18:19,965: INFO     delaunay_type       = 2
2020-09-14 15:18:19,965: INFO     Set HNSW query-time parameters:
2020-09-14 15:18:19,965: INFO     ef(Search)         =20
2020-09-14 15:18:19,965: INFO     algoType           =2

0%   10   20   30   40   50   60   70   80   90   100%
|----|----|----|----|----|----|----|----|----|----|
***************************************************

0%   10   20   30   40   50   60   70   80   90   100%
|----|----|----|----|----|----|----|----|----|----|
***************************************************
*2020-09-14 15:19:03,084: INFO     No appropriate custom distance function for Hamming (bit-storage) space
2020-09-14 15:19:03,085: INFO     searchMethod			  = 0
2020-09-14 15:19:03,133: INFO     Identifying guides that have a hamming distance <= 3 to all other potential guides
2020-09-14 15:19:03,487: INFO     Set HNSW query-time parameters:
2020-09-14 15:19:03,487: INFO     ef(Search)         =9
2020-09-14 15:19:03,487: INFO     algoType           =2
2020-09-14 15:19:22,553: INFO     Formatting data for BedTools
2020-09-14 15:19:22,978: INFO     Create GuideMaker Annotation object
2020-09-14 15:19:22,978: INFO     Identify genomic features
2020-09-14 15:19:22,978: INFO     check if ../../all_test_data/Escherichia.coli_str_K-12_substr_MG1655.gbk is gzipped
2020-09-14 15:19:24,357: INFO     Total number of CDS/locus in the input genome: 4357
2020-09-14 15:19:24,357: INFO     Find genomic features closest the guides
2020-09-14 15:19:27,415: INFO     Select guides that start between +100 and -100 of a feature start
2020-09-14 15:19:27,608: INFO     Select description columns
2020-09-14 15:19:27,687: INFO     Format the output
2020-09-14 15:19:28,485: INFO     creating random control guides
2020-09-14 15:19:28,554: INFO     Number of random control searched: 100
2020-09-14 15:19:28,555: INFO     Percentage of GC content in the input genome: 50.79
2020-09-14 15:19:28,555: INFO     Total length of the genome: 4.4 MB
2020-09-14 15:19:28,555: INFO     created 10 control guides with a minimum distance of 7 and a median distance of 8
2020-09-14 15:19:28,559: INFO     guidemaker completed, results are at TEST
2020-09-14 15:19:28,559: INFO     PAM sequence: NGG
2020-09-14 15:19:28,560: INFO     PAM orientation: 5prime
2020-09-14 15:19:28,560: INFO     Genome strand(s) searched: both
2020-09-14 15:19:28,560: INFO     Total PAM sites considered: 542073
2020-09-14 15:19:28,560: INFO     Guide RNA candidates found: 35980
	Command being timed: "guidemaker -i ../../all_test_data/Escherichia.coli_str_K-12_substr_MG1655.gbk --pamseq NGG --outdir TEST --pam_orientation 5prime --guidelength 20 --strand both --lcp 10 --dist 3 --before 100 --into 100 --knum 10 --controls 10 --log GuideMaker_58625670_9.log --threads 1"
	User time (seconds): 100.99
	System time (seconds): 3.37
	Percent of CPU this job got: 102%
	Elapsed (wall clock) time (h:mm:ss or m:ss): 1:41.58
	Average shared text size (kbytes): 0
	Average unshared data size (kbytes): 0
	Average stack size (kbytes): 0
	Average total size (kbytes): 0
	Maximum resident set size (kbytes): 1411484
	Average resident set size (kbytes): 0
	Major (requiring I/O) page faults: 0
	Minor (reclaiming a frame) page faults: 1305536
	Voluntary context switches: 3085
	Involuntary context switches: 295157
	Swaps: 0
	File system inputs: 0
	File system outputs: 196768
	Socket messages sent: 0
	Socket messages received: 0
	Signals delivered: 0
	Page size (bytes): 4096
	Exit status: 0
My SLURM_ARRAY_TASK_ID:  9
My TMPDIR IS:  /tmp
Input Genome:>>>>>>>>>>>>>>>>>>>>>>>>>>>>>>>>>>>>>>>>>>>  Escherichia.coli_str_K-12_substr_MG1655.gbk
Threads used:>>>>>>>>>>>>>>>>>>>>>>>>>>>>>>>>>>>>>>>>>>>  2
GuideMaker
2020-09-14 15:19:30,721: INFO     Temp directory is: /tmp/guidemaker_db4pttjg
2020-09-14 15:19:30,721: INFO     Writing fasta file from genbank file(s)
2020-09-14 15:19:30,721: INFO     check if ../../all_test_data/Escherichia.coli_str_K-12_substr_MG1655.gbk is gzipped
2020-09-14 15:19:31,632: INFO     Identifying PAM sites in the genome
2020-09-14 15:19:59,755: INFO     Identifing guides that are unique near the PAM site
2020-09-14 15:20:00,699: INFO     Indexing all potential guide sites: 542073. This is the longest step.
2020-09-14 15:20:03,660: INFO     M                   = 16
2020-09-14 15:20:03,661: INFO     indexThreadQty      = 2
2020-09-14 15:20:03,661: INFO     efConstruction      = 10
2020-09-14 15:20:03,661: INFO     maxM			          = 16
2020-09-14 15:20:03,661: INFO     maxM0			          = 32
2020-09-14 15:20:03,661: INFO     mult                = 0.360674
2020-09-14 15:20:03,661: INFO     skip_optimized_index= 0
2020-09-14 15:20:03,661: INFO     delaunay_type       = 2
2020-09-14 15:20:03,661: INFO     Set HNSW query-time parameters:
2020-09-14 15:20:03,661: INFO     ef(Search)         =20
2020-09-14 15:20:03,661: INFO     algoType           =2

0%   10   20   30   40   50   60   70   80   90   100%
|----|----|----|----|----|----|----|----|----|----|
***************************************************

0%   10   20   30   40   50   60   70   80   90   100%
|----|----|----|----|----|----|----|----|----|----|
****************************************************


2020-09-14 15:20:31,005: INFO     No appropriate custom distance function for Hamming (bit-storage) space
2020-09-14 15:20:31,005: INFO     searchMethod			  = 0
2020-09-14 15:20:31,052: INFO     Identifying guides that have a hamming distance <= 3 to all other potential guides
2020-09-14 15:20:31,443: INFO     Set HNSW query-time parameters:
2020-09-14 15:20:31,443: INFO     ef(Search)         =9
2020-09-14 15:20:31,443: INFO     algoType           =2
2020-09-14 15:20:47,943: INFO     Formatting data for BedTools
2020-09-14 15:20:48,373: INFO     Create GuideMaker Annotation object
2020-09-14 15:20:48,373: INFO     Identify genomic features
2020-09-14 15:20:48,374: INFO     check if ../../all_test_data/Escherichia.coli_str_K-12_substr_MG1655.gbk is gzipped
2020-09-14 15:20:49,757: INFO     Total number of CDS/locus in the input genome: 4357
2020-09-14 15:20:49,757: INFO     Find genomic features closest the guides
2020-09-14 15:20:53,000: INFO     Select guides that start between +100 and -100 of a feature start
2020-09-14 15:20:53,208: INFO     Select description columns
2020-09-14 15:20:53,287: INFO     Format the output
2020-09-14 15:20:54,089: INFO     creating random control guides
2020-09-14 15:20:54,184: INFO     Number of random control searched: 100
2020-09-14 15:20:54,184: INFO     Percentage of GC content in the input genome: 50.79
2020-09-14 15:20:54,184: INFO     Total length of the genome: 4.4 MB
2020-09-14 15:20:54,184: INFO     created 10 control guides with a minimum distance of 7 and a median distance of 7
2020-09-14 15:20:54,187: INFO     guidemaker completed, results are at TEST
2020-09-14 15:20:54,187: INFO     PAM sequence: NGG
2020-09-14 15:20:54,187: INFO     PAM orientation: 5prime
2020-09-14 15:20:54,187: INFO     Genome strand(s) searched: both
2020-09-14 15:20:54,187: INFO     Total PAM sites considered: 542073
2020-09-14 15:20:54,187: INFO     Guide RNA candidates found: 35966
	Command being timed: "guidemaker -i ../../all_test_data/Escherichia.coli_str_K-12_substr_MG1655.gbk --pamseq NGG --outdir TEST --pam_orientation 5prime --guidelength 20 --strand both --lcp 10 --dist 3 --before 100 --into 100 --knum 10 --controls 10 --log GuideMaker_58625670_9.log --threads 2"
	User time (seconds): 114.28
	System time (seconds): 6.32
	Percent of CPU this job got: 140%
	Elapsed (wall clock) time (h:mm:ss or m:ss): 1:25.68
	Average shared text size (kbytes): 0
	Average unshared data size (kbytes): 0
	Average stack size (kbytes): 0
	Average total size (kbytes): 0
	Maximum resident set size (kbytes): 1595588
	Average resident set size (kbytes): 0
	Major (requiring I/O) page faults: 0
	Minor (reclaiming a frame) page faults: 2775898
	Voluntary context switches: 45303
	Involuntary context switches: 432298
	Swaps: 0
	File system inputs: 0
	File system outputs: 196736
	Socket messages sent: 0
	Socket messages received: 0
	Signals delivered: 0
	Page size (bytes): 4096
	Exit status: 0
My SLURM_ARRAY_TASK_ID:  9
My TMPDIR IS:  /tmp
Input Genome:>>>>>>>>>>>>>>>>>>>>>>>>>>>>>>>>>>>>>>>>>>>  Escherichia.coli_str_K-12_substr_MG1655.gbk
Threads used:>>>>>>>>>>>>>>>>>>>>>>>>>>>>>>>>>>>>>>>>>>>  4
GuideMaker
2020-09-14 15:20:56,458: INFO     Temp directory is: /tmp/guidemaker_rz7rtozm
2020-09-14 15:20:56,458: INFO     Writing fasta file from genbank file(s)
2020-09-14 15:20:56,459: INFO     check if ../../all_test_data/Escherichia.coli_str_K-12_substr_MG1655.gbk is gzipped
2020-09-14 15:20:57,363: INFO     Identifying PAM sites in the genome
2020-09-14 15:21:23,925: INFO     Identifing guides that are unique near the PAM site
2020-09-14 15:21:24,848: INFO     Indexing all potential guide sites: 542073. This is the longest step.
2020-09-14 15:21:27,437: INFO     M                   = 16
2020-09-14 15:21:27,438: INFO     indexThreadQty      = 4
2020-09-14 15:21:27,438: INFO     efConstruction      = 10
2020-09-14 15:21:27,438: INFO     maxM			          = 16
2020-09-14 15:21:27,438: INFO     maxM0			          = 32
2020-09-14 15:21:27,438: INFO     mult                = 0.360674
2020-09-14 15:21:27,438: INFO     skip_optimized_index= 0
2020-09-14 15:21:27,438: INFO     delaunay_type       = 2
2020-09-14 15:21:27,438: INFO     Set HNSW query-time parameters:
2020-09-14 15:21:27,438: INFO     ef(Search)         =20
2020-09-14 15:21:27,438: INFO     algoType           =2

0%   10   20   30   40   50   60   70   80   90   100%
|----|----|----|----|----|----|----|----|----|----|
***************************************************

0%   10   20   30   40   50   60   70   80   90   100%
|----|----|----|----|----|----|----|----|----|----|
****************************************************2020-09-14 15:21:42,280: INFO     No appropriate custom distance function for Hamming (bit-storage) space
2020-09-14 15:21:42,280: INFO     searchMethod			  = 0
2020-09-14 15:21:42,326: INFO     Identifying guides that have a hamming distance <= 3 to all other potential guides
2020-09-14 15:21:42,775: INFO     Set HNSW query-time parameters:
2020-09-14 15:21:42,775: INFO     ef(Search)         =9
2020-09-14 15:21:42,775: INFO     algoType           =2
2020-09-14 15:21:56,068: INFO     Formatting data for BedTools
2020-09-14 15:21:56,488: INFO     Create GuideMaker Annotation object
2020-09-14 15:21:56,488: INFO     Identify genomic features
2020-09-14 15:21:56,489: INFO     check if ../../all_test_data/Escherichia.coli_str_K-12_substr_MG1655.gbk is gzipped
2020-09-14 15:21:57,866: INFO     Total number of CDS/locus in the input genome: 4357
2020-09-14 15:21:57,866: INFO     Find genomic features closest the guides
2020-09-14 15:22:00,935: INFO     Select guides that start between +100 and -100 of a feature start
2020-09-14 15:22:01,125: INFO     Select description columns
2020-09-14 15:22:01,202: INFO     Format the output
2020-09-14 15:22:01,984: INFO     creating random control guides
2020-09-14 15:22:02,064: INFO     Number of random control searched: 100
2020-09-14 15:22:02,064: INFO     Percentage of GC content in the input genome: 50.79
2020-09-14 15:22:02,064: INFO     Total length of the genome: 4.4 MB
2020-09-14 15:22:02,064: INFO     created 10 control guides with a minimum distance of 7 and a median distance of 8
2020-09-14 15:22:02,067: INFO     guidemaker completed, results are at TEST
2020-09-14 15:22:02,067: INFO     PAM sequence: NGG
2020-09-14 15:22:02,067: INFO     PAM orientation: 5prime
2020-09-14 15:22:02,067: INFO     Genome strand(s) searched: both
2020-09-14 15:22:02,067: INFO     Total PAM sites considered: 542073
2020-09-14 15:22:02,067: INFO     Guide RNA candidates found: 35958
	Command being timed: "guidemaker -i ../../all_test_data/Escherichia.coli_str_K-12_substr_MG1655.gbk --pamseq NGG --outdir TEST --pam_orientation 5prime --guidelength 20 --strand both --lcp 10 --dist 3 --before 100 --into 100 --knum 10 --controls 10 --log GuideMaker_58625670_9.log --threads 4"
	User time (seconds): 115.73
	System time (seconds): 6.34
	Percent of CPU this job got: 179%
	Elapsed (wall clock) time (h:mm:ss or m:ss): 1:07.86
	Average shared text size (kbytes): 0
	Average unshared data size (kbytes): 0
	Average stack size (kbytes): 0
	Average total size (kbytes): 0
	Maximum resident set size (kbytes): 1596788
	Average resident set size (kbytes): 0
	Major (requiring I/O) page faults: 0
	Minor (reclaiming a frame) page faults: 2319526
	Voluntary context switches: 87633
	Involuntary context switches: 242839
	Swaps: 0
	File system inputs: 0
	File system outputs: 196688
	Socket messages sent: 0
	Socket messages received: 0
	Signals delivered: 0
	Page size (bytes): 4096
	Exit status: 0
My SLURM_ARRAY_TASK_ID:  9
My TMPDIR IS:  /tmp
Input Genome:>>>>>>>>>>>>>>>>>>>>>>>>>>>>>>>>>>>>>>>>>>>  Escherichia.coli_str_K-12_substr_MG1655.gbk
Threads used:>>>>>>>>>>>>>>>>>>>>>>>>>>>>>>>>>>>>>>>>>>>  8
GuideMaker
2020-09-14 15:22:04,359: INFO     Temp directory is: /tmp/guidemaker_e6hpcc4_
2020-09-14 15:22:04,359: INFO     Writing fasta file from genbank file(s)
2020-09-14 15:22:04,359: INFO     check if ../../all_test_data/Escherichia.coli_str_K-12_substr_MG1655.gbk is gzipped
2020-09-14 15:22:05,274: INFO     Identifying PAM sites in the genome
2020-09-14 15:22:32,781: INFO     Identifing guides that are unique near the PAM site
2020-09-14 15:22:33,781: INFO     Indexing all potential guide sites: 542073. This is the longest step.
2020-09-14 15:22:36,666: INFO     M                   = 16
2020-09-14 15:22:36,666: INFO     indexThreadQty      = 8
2020-09-14 15:22:36,666: INFO     efConstruction      = 10
2020-09-14 15:22:36,666: INFO     maxM			          = 16
2020-09-14 15:22:36,666: INFO     maxM0			          = 32
2020-09-14 15:22:36,666: INFO     mult                = 0.360674
2020-09-14 15:22:36,666: INFO     skip_optimized_index= 0
2020-09-14 15:22:36,666: INFO     delaunay_type       = 2
2020-09-14 15:22:36,666: INFO     Set HNSW query-time parameters:
2020-09-14 15:22:36,666: INFO     ef(Search)         =20
2020-09-14 15:22:36,666: INFO     algoType           =2

0%   10   20   30   40   50   60   70   80   90   100%
|----|----|----|----|----|----|----|----|----|----|
***************************************************

0%   10   20   30   40   50   60   70   80   90   100%
|----|----|----|----|----|----|----|----|----|----|
****************************************************2020-09-14 15:22:44,541: INFO     No appropriate custom distance function for Hamming (bit-storage) space
2020-09-14 15:22:44,542: INFO     searchMethod			  = 0
2020-09-14 15:22:44,590: INFO     Identifying guides that have a hamming distance <= 3 to all other potential guides
2020-09-14 15:22:44,959: INFO     Set HNSW query-time parameters:
2020-09-14 15:22:44,959: INFO     ef(Search)         =9
2020-09-14 15:22:44,959: INFO     algoType           =2
2020-09-14 15:22:57,469: INFO     Formatting data for BedTools
2020-09-14 15:22:57,970: INFO     Create GuideMaker Annotation object
2020-09-14 15:22:57,971: INFO     Identify genomic features
2020-09-14 15:22:57,971: INFO     check if ../../all_test_data/Escherichia.coli_str_K-12_substr_MG1655.gbk is gzipped
2020-09-14 15:22:59,596: INFO     Total number of CDS/locus in the input genome: 4357
2020-09-14 15:22:59,596: INFO     Find genomic features closest the guides
2020-09-14 15:23:02,976: INFO     Select guides that start between +100 and -100 of a feature start
2020-09-14 15:23:03,167: INFO     Select description columns
2020-09-14 15:23:03,243: INFO     Format the output
2020-09-14 15:23:04,024: INFO     creating random control guides
2020-09-14 15:23:04,100: INFO     Number of random control searched: 100
2020-09-14 15:23:04,100: INFO     Percentage of GC content in the input genome: 50.79
2020-09-14 15:23:04,100: INFO     Total length of the genome: 4.4 MB
2020-09-14 15:23:04,100: INFO     created 10 control guides with a minimum distance of 7 and a median distance of 7
2020-09-14 15:23:04,103: INFO     guidemaker completed, results are at TEST
2020-09-14 15:23:04,103: INFO     PAM sequence: NGG
2020-09-14 15:23:04,103: INFO     PAM orientation: 5prime
2020-09-14 15:23:04,103: INFO     Genome strand(s) searched: both
2020-09-14 15:23:04,103: INFO     Total PAM sites considered: 542073
2020-09-14 15:23:04,103: INFO     Guide RNA candidates found: 35979
	Command being timed: "guidemaker -i ../../all_test_data/Escherichia.coli_str_K-12_substr_MG1655.gbk --pamseq NGG --outdir TEST --pam_orientation 5prime --guidelength 20 --strand both --lcp 10 --dist 3 --before 100 --into 100 --knum 10 --controls 10 --log GuideMaker_58625670_9.log --threads 8"
	User time (seconds): 121.57
	System time (seconds): 6.35
	Percent of CPU this job got: 206%
	Elapsed (wall clock) time (h:mm:ss or m:ss): 1:02.03
	Average shared text size (kbytes): 0
	Average unshared data size (kbytes): 0
	Average stack size (kbytes): 0
	Average total size (kbytes): 0
	Maximum resident set size (kbytes): 1613656
	Average resident set size (kbytes): 0
	Major (requiring I/O) page faults: 0
	Minor (reclaiming a frame) page faults: 1765099
	Voluntary context switches: 124009
	Involuntary context switches: 142273
	Swaps: 0
	File system inputs: 0
	File system outputs: 196736
	Socket messages sent: 0
	Socket messages received: 0
	Signals delivered: 0
	Page size (bytes): 4096
	Exit status: 0
My SLURM_ARRAY_TASK_ID:  9
My TMPDIR IS:  /tmp
Input Genome:>>>>>>>>>>>>>>>>>>>>>>>>>>>>>>>>>>>>>>>>>>>  Escherichia.coli_str_K-12_substr_MG1655.gbk
Threads used:>>>>>>>>>>>>>>>>>>>>>>>>>>>>>>>>>>>>>>>>>>>  16
GuideMaker
2020-09-14 15:23:06,344: INFO     Temp directory is: /tmp/guidemaker_m407ew3r
2020-09-14 15:23:06,344: INFO     Writing fasta file from genbank file(s)
2020-09-14 15:23:06,344: INFO     check if ../../all_test_data/Escherichia.coli_str_K-12_substr_MG1655.gbk is gzipped
2020-09-14 15:23:07,259: INFO     Identifying PAM sites in the genome
2020-09-14 15:23:34,852: INFO     Identifing guides that are unique near the PAM site
2020-09-14 15:23:35,764: INFO     Indexing all potential guide sites: 542073. This is the longest step.
2020-09-14 15:23:38,302: INFO     M                   = 16
2020-09-14 15:23:38,302: INFO     indexThreadQty      = 16
2020-09-14 15:23:38,302: INFO     efConstruction      = 10
2020-09-14 15:23:38,303: INFO     maxM			          = 16
2020-09-14 15:23:38,303: INFO     maxM0			          = 32
2020-09-14 15:23:38,303: INFO     mult                = 0.360674
2020-09-14 15:23:38,303: INFO     skip_optimized_index= 0
2020-09-14 15:23:38,303: INFO     delaunay_type       = 2
2020-09-14 15:23:38,303: INFO     Set HNSW query-time parameters:
2020-09-14 15:23:38,303: INFO     ef(Search)         =20
2020-09-14 15:23:38,303: INFO     algoType           =2

0%   10   20   30   40   50   60   70   80   90   100%
|----|----|----|----|----|----|----|----|----|----|
***************************************************

0%   10   20   30   40   50   60   70   80   90   100%
|----|----|----|----|----|----|----|----|----|----|
*******************************************************2020-09-14 15:23:42,658: INFO     No appropriate custom distance function for Hamming (bit-storage) space
2020-09-14 15:23:42,658: INFO     searchMethod			  = 0
2020-09-14 15:23:42,712: INFO     Identifying guides that have a hamming distance <= 3 to all other potential guides
2020-09-14 15:23:43,099: INFO     Set HNSW query-time parameters:
2020-09-14 15:23:43,099: INFO     ef(Search)         =9
2020-09-14 15:23:43,099: INFO     algoType           =2
2020-09-14 15:23:54,420: INFO     Formatting data for BedTools
2020-09-14 15:23:54,849: INFO     Create GuideMaker Annotation object
2020-09-14 15:23:54,850: INFO     Identify genomic features
2020-09-14 15:23:54,850: INFO     check if ../../all_test_data/Escherichia.coli_str_K-12_substr_MG1655.gbk is gzipped
2020-09-14 15:23:56,240: INFO     Total number of CDS/locus in the input genome: 4357
2020-09-14 15:23:56,240: INFO     Find genomic features closest the guides
2020-09-14 15:23:59,425: INFO     Select guides that start between +100 and -100 of a feature start
2020-09-14 15:23:59,616: INFO     Select description columns
2020-09-14 15:23:59,696: INFO     Format the output
2020-09-14 15:24:00,498: INFO     creating random control guides
2020-09-14 15:24:00,585: INFO     Number of random control searched: 100
2020-09-14 15:24:00,585: INFO     Percentage of GC content in the input genome: 50.79
2020-09-14 15:24:00,585: INFO     Total length of the genome: 4.4 MB
2020-09-14 15:24:00,586: INFO     created 10 control guides with a minimum distance of 7 and a median distance of 8
2020-09-14 15:24:00,588: INFO     guidemaker completed, results are at TEST
2020-09-14 15:24:00,588: INFO     PAM sequence: NGG
2020-09-14 15:24:00,588: INFO     PAM orientation: 5prime
2020-09-14 15:24:00,588: INFO     Genome strand(s) searched: both
2020-09-14 15:24:00,588: INFO     Total PAM sites considered: 542073
2020-09-14 15:24:00,588: INFO     Guide RNA candidates found: 35973
	Command being timed: "guidemaker -i ../../all_test_data/Escherichia.coli_str_K-12_substr_MG1655.gbk --pamseq NGG --outdir TEST --pam_orientation 5prime --guidelength 20 --strand both --lcp 10 --dist 3 --before 100 --into 100 --knum 10 --controls 10 --log GuideMaker_58625670_9.log --threads 16"
	User time (seconds): 126.55
	System time (seconds): 7.07
	Percent of CPU this job got: 236%
	Elapsed (wall clock) time (h:mm:ss or m:ss): 0:56.50
	Average shared text size (kbytes): 0
	Average unshared data size (kbytes): 0
	Average stack size (kbytes): 0
	Average total size (kbytes): 0
	Maximum resident set size (kbytes): 1620536
	Average resident set size (kbytes): 0
	Major (requiring I/O) page faults: 0
	Minor (reclaiming a frame) page faults: 1496360
	Voluntary context switches: 259358
	Involuntary context switches: 91452
	Swaps: 0
	File system inputs: 0
	File system outputs: 196736
	Socket messages sent: 0
	Socket messages received: 0
	Signals delivered: 0
	Page size (bytes): 4096
	Exit status: 0
My SLURM_ARRAY_TASK_ID:  9
My TMPDIR IS:  /tmp
Input Genome:>>>>>>>>>>>>>>>>>>>>>>>>>>>>>>>>>>>>>>>>>>>  Escherichia.coli_str_K-12_substr_MG1655.gbk
Threads used:>>>>>>>>>>>>>>>>>>>>>>>>>>>>>>>>>>>>>>>>>>>  32
GuideMaker
2020-09-14 15:24:02,533: INFO     Temp directory is: /tmp/guidemaker_4iuop5ca
2020-09-14 15:24:02,533: INFO     Writing fasta file from genbank file(s)
2020-09-14 15:24:02,534: INFO     check if ../../all_test_data/Escherichia.coli_str_K-12_substr_MG1655.gbk is gzipped
2020-09-14 15:24:03,424: INFO     Identifying PAM sites in the genome
2020-09-14 15:24:30,293: INFO     Identifing guides that are unique near the PAM site
2020-09-14 15:24:31,184: INFO     Indexing all potential guide sites: 542073. This is the longest step.
2020-09-14 15:24:33,740: INFO     M                   = 16
2020-09-14 15:24:33,740: INFO     indexThreadQty      = 32
2020-09-14 15:24:33,741: INFO     efConstruction      = 10
2020-09-14 15:24:33,741: INFO     maxM			          = 16
2020-09-14 15:24:33,741: INFO     maxM0			          = 32
2020-09-14 15:24:33,741: INFO     mult                = 0.360674
2020-09-14 15:24:33,741: INFO     skip_optimized_index= 0
2020-09-14 15:24:33,741: INFO     delaunay_type       = 2
2020-09-14 15:24:33,741: INFO     Set HNSW query-time parameters:
2020-09-14 15:24:33,741: INFO     ef(Search)         =20
2020-09-14 15:24:33,741: INFO     algoType           =2

0%   10   20   30   40   50   60   70   80   90   100%
|----|----|----|----|----|----|----|----|----|----|
***************************************************

0%   10   20   30   40   50   60   70   80   90   100%
|----|----|----|----|----|----|----|----|----|----|
****************************************************2020-09-14 15:24:36,474: INFO     No appropriate custom distance function for Hamming (bit-storage) space
2020-09-14 15:24:36,475: INFO     searchMethod			  = 0
2020-09-14 15:24:36,515: INFO     Identifying guides that have a hamming distance <= 3 to all other potential guides
2020-09-14 15:24:36,860: INFO     Set HNSW query-time parameters:
2020-09-14 15:24:36,861: INFO     ef(Search)         =9
2020-09-14 15:24:36,861: INFO     algoType           =2
2020-09-14 15:24:47,736: INFO     Formatting data for BedTools
2020-09-14 15:24:48,165: INFO     Create GuideMaker Annotation object
2020-09-14 15:24:48,165: INFO     Identify genomic features
2020-09-14 15:24:48,165: INFO     check if ../../all_test_data/Escherichia.coli_str_K-12_substr_MG1655.gbk is gzipped
2020-09-14 15:24:49,561: INFO     Total number of CDS/locus in the input genome: 4357
2020-09-14 15:24:49,561: INFO     Find genomic features closest the guides
2020-09-14 15:24:52,602: INFO     Select guides that start between +100 and -100 of a feature start
2020-09-14 15:24:52,795: INFO     Select description columns
2020-09-14 15:24:52,872: INFO     Format the output
2020-09-14 15:24:53,658: INFO     creating random control guides
2020-09-14 15:24:53,748: INFO     Number of random control searched: 100
2020-09-14 15:24:53,748: INFO     Percentage of GC content in the input genome: 50.79
2020-09-14 15:24:53,748: INFO     Total length of the genome: 4.4 MB
2020-09-14 15:24:53,749: INFO     created 10 control guides with a minimum distance of 7 and a median distance of 8
2020-09-14 15:24:53,751: INFO     guidemaker completed, results are at TEST
2020-09-14 15:24:53,751: INFO     PAM sequence: NGG
2020-09-14 15:24:53,751: INFO     PAM orientation: 5prime
2020-09-14 15:24:53,752: INFO     Genome strand(s) searched: both
2020-09-14 15:24:53,752: INFO     Total PAM sites considered: 542073
2020-09-14 15:24:53,752: INFO     Guide RNA candidates found: 35971
	Command being timed: "guidemaker -i ../../all_test_data/Escherichia.coli_str_K-12_substr_MG1655.gbk --pamseq NGG --outdir TEST --pam_orientation 5prime --guidelength 20 --strand both --lcp 10 --dist 3 --before 100 --into 100 --knum 10 --controls 10 --log GuideMaker_58625670_9.log --threads 32"
	User time (seconds): 130.61
	System time (seconds): 9.29
	Percent of CPU this job got: 263%
	Elapsed (wall clock) time (h:mm:ss or m:ss): 0:53.13
	Average shared text size (kbytes): 0
	Average unshared data size (kbytes): 0
	Average stack size (kbytes): 0
	Average total size (kbytes): 0
	Maximum resident set size (kbytes): 1629588
	Average resident set size (kbytes): 0
	Major (requiring I/O) page faults: 0
	Minor (reclaiming a frame) page faults: 1323511
	Voluntary context switches: 611669
	Involuntary context switches: 130786
	Swaps: 0
	File system inputs: 0
	File system outputs: 196704
	Socket messages sent: 0
	Socket messages received: 0
	Signals delivered: 0
	Page size (bytes): 4096
	Exit status: 0
