Thu Feb  4 15:41:00 EST 2021
c27b-s23.ufhpc
/blue/garrett/rp3448/analysis/guidemaker/AVXGuidemaker
My SLURM_ARRAY_TASK_ID:  3
My TMPDIR IS:  /scratch/local/63823827
Input Genome:>>>>>>>>>>>>>>>>>>>>>>>>>>>>>>>>>>>>>>>>>>>  Escherichia.coli_str_K-12_substr_MG1655.gbk
Input PAM:>>>>>>>>>>>>>>>>>>>>>>>>>>>>>>>>>>>>>>>>>>>  NGG
Threads used:>>>>>>>>>>>>>>>>>>>>>>>>>>>>>>>>>>>>>>>>>>>  1
GuideMaker
2021-02-04 15:41:06,511: INFO     Temp directory is: /scratch/local/63823827/guidemaker_njjyrw25
2021-02-04 15:41:06,512: INFO     Writing fasta file from genbank file(s)
2021-02-04 15:41:06,512: INFO     check if ../all_test_data/Escherichia.coli_str_K-12_substr_MG1655.gbk is gzipped
2021-02-04 15:41:07,441: INFO     Identifying PAM sites in the genome
2021-02-04 15:41:20,796: INFO     Checking guides for restriction enzymes
2021-02-04 15:41:20,947: INFO     Number of guides removed after checking for restriction enzymes: 0
2021-02-04 15:41:20,947: INFO     Identifing guides that are unique near the PAM site
2021-02-04 15:41:22,108: INFO     Number of guides removed after checking for unique PAM: 150893
2021-02-04 15:41:22,108: INFO     Indexing all potential guide sites: 542072. This is the longest step.
2021-02-04 15:41:24,666: INFO     M                   = 16
2021-02-04 15:41:24,666: INFO     indexThreadQty      = 1
2021-02-04 15:41:24,667: INFO     efConstruction      = 10
2021-02-04 15:41:24,667: INFO     maxM			          = 16
2021-02-04 15:41:24,667: INFO     maxM0			          = 32
2021-02-04 15:41:24,667: INFO     mult                = 0.360674
2021-02-04 15:41:24,667: INFO     skip_optimized_index= 0
2021-02-04 15:41:24,667: INFO     delaunay_type       = 2
2021-02-04 15:41:24,667: INFO     Set HNSW query-time parameters:
2021-02-04 15:41:24,667: INFO     ef(Search)         =20
2021-02-04 15:41:24,667: INFO     algoType           =2

0%   10   20   30   40   50   60   70   80   90   100%
|----|----|----|----|----|----|----|----|----|----|
***************************************************

0%   10   20   30   40   50   60   70   80   90   100%
|----|----|----|----|----|----|----|----|----|----|
***************************************************
*2021-02-04 15:42:07,016: INFO     No appropriate custom distance function for Hamming (bit-storage) space
2021-02-04 15:42:07,017: INFO     searchMethod			  = 0
2021-02-04 15:42:07,061: INFO     Identifying guides that have a hamming distance <= 3 to all other potential guides
2021-02-04 15:42:07,621: INFO     Set HNSW query-time parameters:
2021-02-04 15:42:07,622: INFO     ef(Search)         =9
2021-02-04 15:42:07,622: INFO     algoType           =2
2021-02-04 15:42:42,967: INFO     Formatting data for BedTools
2021-02-04 15:42:43,694: INFO     Create GuideMaker Annotation object
2021-02-04 15:42:43,695: INFO     Identify genomic features
2021-02-04 15:42:43,695: INFO     check if ../all_test_data/Escherichia.coli_str_K-12_substr_MG1655.gbk is gzipped
2021-02-04 15:42:45,352: INFO     Total number of CDS/locus in the input genome: 4357
2021-02-04 15:42:45,352: INFO     Find genomic features closest the guides
2021-02-04 15:42:50,807: INFO     Select guides that start between +500 and -500 of a feature start
2021-02-04 15:42:51,399: INFO     Select description columns
2021-02-04 15:42:51,478: INFO     Format the output
2021-02-04 15:42:54,455: INFO     Number of Guides within a gene coordinates i.e. zero Feature distance: 168421
2021-02-04 15:42:57,439: INFO     creating random control guides
2021-02-04 15:42:57,507: INFO     Number of random control searched: 100
2021-02-04 15:42:57,507: INFO     Percentage of GC content in the input genome: 50.79
2021-02-04 15:42:57,507: INFO     Total length of the genome: 4.4 MB
2021-02-04 15:42:57,508: INFO     created 10 control guides with a minimum distance of 7 and a median distance of 8
2021-02-04 15:42:57,510: INFO     guidemaker completed, results are at TEST
2021-02-04 15:42:57,510: INFO     PAM sequence: NGG
2021-02-04 15:42:57,510: INFO     PAM orientation: 3prime
2021-02-04 15:42:57,510: INFO     Genome strand(s) searched: both
2021-02-04 15:42:57,510: INFO     Total PAM sites considered: 542072
2021-02-04 15:42:57,510: INFO     Guide RNA candidates found: 280996
	Command being timed: "guidemaker -i ../all_test_data/Escherichia.coli_str_K-12_substr_MG1655.gbk --pamseq NGG --outdir TEST --pam_orientation 3prime --guidelength 20 --strand both --lcp 11 --dist 3 --before 500 --into 500 --knum 10 --controls 10 --log GM_63823827_3.log --threads 1"
	User time (seconds): 111.90
	System time (seconds): 4.22
	Percent of CPU this job got: 100%
	Elapsed (wall clock) time (h:mm:ss or m:ss): 1:55.65
	Average shared text size (kbytes): 0
	Average unshared data size (kbytes): 0
	Average stack size (kbytes): 0
	Average total size (kbytes): 0
	Maximum resident set size (kbytes): 1838600
	Average resident set size (kbytes): 0
	Major (requiring I/O) page faults: 123
	Minor (reclaiming a frame) page faults: 1870372
	Voluntary context switches: 3921
	Involuntary context switches: 142638
	Swaps: 0
	File system inputs: 366504
	File system outputs: 571688
	Socket messages sent: 0
	Socket messages received: 0
	Signals delivered: 0
	Page size (bytes): 4096
	Exit status: 0
My SLURM_ARRAY_TASK_ID:  3
My TMPDIR IS:  /scratch/local/63823827
Input Genome:>>>>>>>>>>>>>>>>>>>>>>>>>>>>>>>>>>>>>>>>>>>  Escherichia.coli_str_K-12_substr_MG1655.gbk
Input PAM:>>>>>>>>>>>>>>>>>>>>>>>>>>>>>>>>>>>>>>>>>>>  NGG
Threads used:>>>>>>>>>>>>>>>>>>>>>>>>>>>>>>>>>>>>>>>>>>>  2
GuideMaker
2021-02-04 15:42:59,979: INFO     Temp directory is: /scratch/local/63823827/guidemaker_o077l5js
2021-02-04 15:42:59,979: INFO     Writing fasta file from genbank file(s)
2021-02-04 15:42:59,980: INFO     check if ../all_test_data/Escherichia.coli_str_K-12_substr_MG1655.gbk is gzipped
2021-02-04 15:43:00,881: INFO     Identifying PAM sites in the genome
2021-02-04 15:43:14,711: INFO     Checking guides for restriction enzymes
2021-02-04 15:43:14,862: INFO     Number of guides removed after checking for restriction enzymes: 0
2021-02-04 15:43:14,862: INFO     Identifing guides that are unique near the PAM site
2021-02-04 15:43:16,037: INFO     Number of guides removed after checking for unique PAM: 150893
2021-02-04 15:43:16,038: INFO     Indexing all potential guide sites: 542072. This is the longest step.
2021-02-04 15:43:18,578: INFO     M                   = 16
2021-02-04 15:43:18,578: INFO     indexThreadQty      = 2
2021-02-04 15:43:18,578: INFO     efConstruction      = 10
2021-02-04 15:43:18,578: INFO     maxM			          = 16
2021-02-04 15:43:18,578: INFO     maxM0			          = 32
2021-02-04 15:43:18,578: INFO     mult                = 0.360674
2021-02-04 15:43:18,578: INFO     skip_optimized_index= 0
2021-02-04 15:43:18,579: INFO     delaunay_type       = 2
2021-02-04 15:43:18,579: INFO     Set HNSW query-time parameters:
2021-02-04 15:43:18,579: INFO     ef(Search)         =20
2021-02-04 15:43:18,579: INFO     algoType           =2

0%   10   20   30   40   50   60   70   80   90   100%
|----|----|----|----|----|----|----|----|----|----|
***************************************************

0%   10   20   30   40   50   60   70   80   90   100%
|----|----|----|----|----|----|----|----|----|----|
****************************************************


2021-02-04 15:43:44,878: INFO     No appropriate custom distance function for Hamming (bit-storage) space
2021-02-04 15:43:44,878: INFO     searchMethod			  = 0
2021-02-04 15:43:44,926: INFO     Identifying guides that have a hamming distance <= 3 to all other potential guides
2021-02-04 15:43:45,534: INFO     Set HNSW query-time parameters:
2021-02-04 15:43:45,534: INFO     ef(Search)         =9
2021-02-04 15:43:45,534: INFO     algoType           =2
2021-02-04 15:44:13,865: INFO     Formatting data for BedTools
2021-02-04 15:44:14,590: INFO     Create GuideMaker Annotation object
2021-02-04 15:44:14,590: INFO     Identify genomic features
2021-02-04 15:44:14,590: INFO     check if ../all_test_data/Escherichia.coli_str_K-12_substr_MG1655.gbk is gzipped
2021-02-04 15:44:16,237: INFO     Total number of CDS/locus in the input genome: 4357
2021-02-04 15:44:16,237: INFO     Find genomic features closest the guides
2021-02-04 15:44:21,800: INFO     Select guides that start between +500 and -500 of a feature start
2021-02-04 15:44:22,440: INFO     Select description columns
2021-02-04 15:44:22,528: INFO     Format the output
2021-02-04 15:44:25,765: INFO     Number of Guides within a gene coordinates i.e. zero Feature distance: 168365
2021-02-04 15:44:28,733: INFO     creating random control guides
2021-02-04 15:44:28,840: INFO     Number of random control searched: 100
2021-02-04 15:44:28,840: INFO     Percentage of GC content in the input genome: 50.79
2021-02-04 15:44:28,840: INFO     Total length of the genome: 4.4 MB
2021-02-04 15:44:28,840: INFO     created 10 control guides with a minimum distance of 7 and a median distance of 8
2021-02-04 15:44:28,842: INFO     guidemaker completed, results are at TEST
2021-02-04 15:44:28,842: INFO     PAM sequence: NGG
2021-02-04 15:44:28,843: INFO     PAM orientation: 3prime
2021-02-04 15:44:28,843: INFO     Genome strand(s) searched: both
2021-02-04 15:44:28,843: INFO     Total PAM sites considered: 542072
2021-02-04 15:44:28,843: INFO     Guide RNA candidates found: 280905
	Command being timed: "guidemaker -i ../all_test_data/Escherichia.coli_str_K-12_substr_MG1655.gbk --pamseq NGG --outdir TEST --pam_orientation 3prime --guidelength 20 --strand both --lcp 11 --dist 3 --before 500 --into 500 --knum 10 --controls 10 --log GM_63823827_3.log --threads 2"
	User time (seconds): 122.22
	System time (seconds): 7.44
	Percent of CPU this job got: 141%
	Elapsed (wall clock) time (h:mm:ss or m:ss): 1:31.44
	Average shared text size (kbytes): 0
	Average unshared data size (kbytes): 0
	Average stack size (kbytes): 0
	Average total size (kbytes): 0
	Maximum resident set size (kbytes): 2028720
	Average resident set size (kbytes): 0
	Major (requiring I/O) page faults: 0
	Minor (reclaiming a frame) page faults: 3644164
	Voluntary context switches: 38948
	Involuntary context switches: 123199
	Swaps: 0
	File system inputs: 8
	File system outputs: 571488
	Socket messages sent: 0
	Socket messages received: 0
	Signals delivered: 0
	Page size (bytes): 4096
	Exit status: 0
My SLURM_ARRAY_TASK_ID:  3
My TMPDIR IS:  /scratch/local/63823827
Input Genome:>>>>>>>>>>>>>>>>>>>>>>>>>>>>>>>>>>>>>>>>>>>  Escherichia.coli_str_K-12_substr_MG1655.gbk
Input PAM:>>>>>>>>>>>>>>>>>>>>>>>>>>>>>>>>>>>>>>>>>>>  NGG
Threads used:>>>>>>>>>>>>>>>>>>>>>>>>>>>>>>>>>>>>>>>>>>>  4
GuideMaker
2021-02-04 15:44:31,408: INFO     Temp directory is: /scratch/local/63823827/guidemaker_x95arsnv
2021-02-04 15:44:31,408: INFO     Writing fasta file from genbank file(s)
2021-02-04 15:44:31,409: INFO     check if ../all_test_data/Escherichia.coli_str_K-12_substr_MG1655.gbk is gzipped
2021-02-04 15:44:32,321: INFO     Identifying PAM sites in the genome
2021-02-04 15:44:45,608: INFO     Checking guides for restriction enzymes
2021-02-04 15:44:45,792: INFO     Number of guides removed after checking for restriction enzymes: 0
2021-02-04 15:44:45,792: INFO     Identifing guides that are unique near the PAM site
2021-02-04 15:44:46,993: INFO     Number of guides removed after checking for unique PAM: 150893
2021-02-04 15:44:46,994: INFO     Indexing all potential guide sites: 542072. This is the longest step.
2021-02-04 15:44:49,944: INFO     M                   = 16
2021-02-04 15:44:49,945: INFO     indexThreadQty      = 4
2021-02-04 15:44:49,945: INFO     efConstruction      = 10
2021-02-04 15:44:49,945: INFO     maxM			          = 16
2021-02-04 15:44:49,945: INFO     maxM0			          = 32
2021-02-04 15:44:49,945: INFO     mult                = 0.360674
2021-02-04 15:44:49,945: INFO     skip_optimized_index= 0
2021-02-04 15:44:49,945: INFO     delaunay_type       = 2
2021-02-04 15:44:49,945: INFO     Set HNSW query-time parameters:
2021-02-04 15:44:49,945: INFO     ef(Search)         =20
2021-02-04 15:44:49,945: INFO     algoType           =2

0%   10   20   30   40   50   60   70   80   90   100%
|----|----|----|----|----|----|----|----|----|----|
***************************************************

0%   10   20   30   40   50   60   70   80   90   100%
|----|----|----|----|----|----|----|----|----|----|
****************************************************2021-02-04 15:45:04,107: INFO     No appropriate custom distance function for Hamming (bit-storage) space
2021-02-04 15:45:04,107: INFO     searchMethod			  = 0
2021-02-04 15:45:04,152: INFO     Identifying guides that have a hamming distance <= 3 to all other potential guides
2021-02-04 15:45:04,769: INFO     Set HNSW query-time parameters:
2021-02-04 15:45:04,769: INFO     ef(Search)         =9
2021-02-04 15:45:04,769: INFO     algoType           =2
2021-02-04 15:45:28,196: INFO     Formatting data for BedTools
2021-02-04 15:45:28,915: INFO     Create GuideMaker Annotation object
2021-02-04 15:45:28,915: INFO     Identify genomic features
2021-02-04 15:45:28,915: INFO     check if ../all_test_data/Escherichia.coli_str_K-12_substr_MG1655.gbk is gzipped
2021-02-04 15:45:30,561: INFO     Total number of CDS/locus in the input genome: 4357
2021-02-04 15:45:30,562: INFO     Find genomic features closest the guides
2021-02-04 15:45:36,018: INFO     Select guides that start between +500 and -500 of a feature start
2021-02-04 15:45:36,671: INFO     Select description columns
2021-02-04 15:45:36,765: INFO     Format the output
2021-02-04 15:45:40,243: INFO     Number of Guides within a gene coordinates i.e. zero Feature distance: 168366
2021-02-04 15:45:43,244: INFO     creating random control guides
2021-02-04 15:45:43,337: INFO     Number of random control searched: 100
2021-02-04 15:45:43,337: INFO     Percentage of GC content in the input genome: 50.79
2021-02-04 15:45:43,337: INFO     Total length of the genome: 4.4 MB
2021-02-04 15:45:43,338: INFO     created 10 control guides with a minimum distance of 7 and a median distance of 7
2021-02-04 15:45:43,340: INFO     guidemaker completed, results are at TEST
2021-02-04 15:45:43,340: INFO     PAM sequence: NGG
2021-02-04 15:45:43,340: INFO     PAM orientation: 3prime
2021-02-04 15:45:43,340: INFO     Genome strand(s) searched: both
2021-02-04 15:45:43,340: INFO     Total PAM sites considered: 542072
2021-02-04 15:45:43,340: INFO     Guide RNA candidates found: 280884
	Command being timed: "guidemaker -i ../all_test_data/Escherichia.coli_str_K-12_substr_MG1655.gbk --pamseq NGG --outdir TEST --pam_orientation 3prime --guidelength 20 --strand both --lcp 11 --dist 3 --before 500 --into 500 --knum 10 --controls 10 --log GM_63823827_3.log --threads 4"
	User time (seconds): 125.86
	System time (seconds): 7.10
	Percent of CPU this job got: 178%
	Elapsed (wall clock) time (h:mm:ss or m:ss): 1:14.48
	Average shared text size (kbytes): 0
	Average unshared data size (kbytes): 0
	Average stack size (kbytes): 0
	Average total size (kbytes): 0
	Maximum resident set size (kbytes): 2031352
	Average resident set size (kbytes): 0
	Major (requiring I/O) page faults: 0
	Minor (reclaiming a frame) page faults: 2884442
	Voluntary context switches: 86913
	Involuntary context switches: 570
	Swaps: 0
	File system inputs: 16
	File system outputs: 571440
	Socket messages sent: 0
	Socket messages received: 0
	Signals delivered: 0
	Page size (bytes): 4096
	Exit status: 0
My SLURM_ARRAY_TASK_ID:  3
My TMPDIR IS:  /scratch/local/63823827
Input Genome:>>>>>>>>>>>>>>>>>>>>>>>>>>>>>>>>>>>>>>>>>>>  Escherichia.coli_str_K-12_substr_MG1655.gbk
Input PAM:>>>>>>>>>>>>>>>>>>>>>>>>>>>>>>>>>>>>>>>>>>>  NGG
Threads used:>>>>>>>>>>>>>>>>>>>>>>>>>>>>>>>>>>>>>>>>>>>  8
GuideMaker
2021-02-04 15:45:45,907: INFO     Temp directory is: /scratch/local/63823827/guidemaker_e9rptu6u
2021-02-04 15:45:45,907: INFO     Writing fasta file from genbank file(s)
2021-02-04 15:45:45,908: INFO     check if ../all_test_data/Escherichia.coli_str_K-12_substr_MG1655.gbk is gzipped
2021-02-04 15:45:46,830: INFO     Identifying PAM sites in the genome
2021-02-04 15:46:00,489: INFO     Checking guides for restriction enzymes
2021-02-04 15:46:00,638: INFO     Number of guides removed after checking for restriction enzymes: 0
2021-02-04 15:46:00,638: INFO     Identifing guides that are unique near the PAM site
2021-02-04 15:46:01,851: INFO     Number of guides removed after checking for unique PAM: 150893
2021-02-04 15:46:01,852: INFO     Indexing all potential guide sites: 542072. This is the longest step.
2021-02-04 15:46:04,490: INFO     M                   = 16
2021-02-04 15:46:04,490: INFO     indexThreadQty      = 8
2021-02-04 15:46:04,490: INFO     efConstruction      = 10
2021-02-04 15:46:04,490: INFO     maxM			          = 16
2021-02-04 15:46:04,490: INFO     maxM0			          = 32
2021-02-04 15:46:04,491: INFO     mult                = 0.360674
2021-02-04 15:46:04,491: INFO     skip_optimized_index= 0
2021-02-04 15:46:04,491: INFO     delaunay_type       = 2
2021-02-04 15:46:04,491: INFO     Set HNSW query-time parameters:
2021-02-04 15:46:04,491: INFO     ef(Search)         =20
2021-02-04 15:46:04,491: INFO     algoType           =2

0%   10   20   30   40   50   60   70   80   90   100%
|----|----|----|----|----|----|----|----|----|----|
***************************************************

0%   10   20   30   40   50   60   70   80   90   100%
|----|----|----|----|----|----|----|----|----|----|
*******************************************************2021-02-04 15:46:12,000: INFO     No appropriate custom distance function for Hamming (bit-storage) space
2021-02-04 15:46:12,000: INFO     searchMethod			  = 0
2021-02-04 15:46:12,048: INFO     Identifying guides that have a hamming distance <= 3 to all other potential guides
2021-02-04 15:46:12,626: INFO     Set HNSW query-time parameters:
2021-02-04 15:46:12,626: INFO     ef(Search)         =9
2021-02-04 15:46:12,627: INFO     algoType           =2
2021-02-04 15:46:35,135: INFO     Formatting data for BedTools
2021-02-04 15:46:35,844: INFO     Create GuideMaker Annotation object
2021-02-04 15:46:35,844: INFO     Identify genomic features
2021-02-04 15:46:35,845: INFO     check if ../all_test_data/Escherichia.coli_str_K-12_substr_MG1655.gbk is gzipped
2021-02-04 15:46:37,485: INFO     Total number of CDS/locus in the input genome: 4357
2021-02-04 15:46:37,486: INFO     Find genomic features closest the guides
2021-02-04 15:46:42,760: INFO     Select guides that start between +500 and -500 of a feature start
2021-02-04 15:46:43,304: INFO     Select description columns
2021-02-04 15:46:43,383: INFO     Format the output
2021-02-04 15:46:46,394: INFO     Number of Guides within a gene coordinates i.e. zero Feature distance: 168340
2021-02-04 15:46:49,593: INFO     creating random control guides
2021-02-04 15:46:49,681: INFO     Number of random control searched: 100
2021-02-04 15:46:49,681: INFO     Percentage of GC content in the input genome: 50.79
2021-02-04 15:46:49,681: INFO     Total length of the genome: 4.4 MB
2021-02-04 15:46:49,682: INFO     created 10 control guides with a minimum distance of 7 and a median distance of 7
2021-02-04 15:46:49,684: INFO     guidemaker completed, results are at TEST
2021-02-04 15:46:49,684: INFO     PAM sequence: NGG
2021-02-04 15:46:49,685: INFO     PAM orientation: 3prime
2021-02-04 15:46:49,685: INFO     Genome strand(s) searched: both
2021-02-04 15:46:49,685: INFO     Total PAM sites considered: 542072
2021-02-04 15:46:49,685: INFO     Guide RNA candidates found: 280881
	Command being timed: "guidemaker -i ../all_test_data/Escherichia.coli_str_K-12_substr_MG1655.gbk --pamseq NGG --outdir TEST --pam_orientation 3prime --guidelength 20 --strand both --lcp 11 --dist 3 --before 500 --into 500 --knum 10 --controls 10 --log GM_63823827_3.log --threads 8"
	User time (seconds): 130.17
	System time (seconds): 7.09
	Percent of CPU this job got: 206%
	Elapsed (wall clock) time (h:mm:ss or m:ss): 1:06.37
	Average shared text size (kbytes): 0
	Average unshared data size (kbytes): 0
	Average stack size (kbytes): 0
	Average total size (kbytes): 0
	Maximum resident set size (kbytes): 2035132
	Average resident set size (kbytes): 0
	Major (requiring I/O) page faults: 0
	Minor (reclaiming a frame) page faults: 2396128
	Voluntary context switches: 135374
	Involuntary context switches: 294190
	Swaps: 0
	File system inputs: 752
	File system outputs: 571752
	Socket messages sent: 0
	Socket messages received: 0
	Signals delivered: 0
	Page size (bytes): 4096
	Exit status: 0
My SLURM_ARRAY_TASK_ID:  3
My TMPDIR IS:  /scratch/local/63823827
Input Genome:>>>>>>>>>>>>>>>>>>>>>>>>>>>>>>>>>>>>>>>>>>>  Escherichia.coli_str_K-12_substr_MG1655.gbk
Input PAM:>>>>>>>>>>>>>>>>>>>>>>>>>>>>>>>>>>>>>>>>>>>  NGG
Threads used:>>>>>>>>>>>>>>>>>>>>>>>>>>>>>>>>>>>>>>>>>>>  16
GuideMaker
2021-02-04 15:46:52,273: INFO     Temp directory is: /scratch/local/63823827/guidemaker_lwt5qoxl
2021-02-04 15:46:52,273: INFO     Writing fasta file from genbank file(s)
2021-02-04 15:46:52,274: INFO     check if ../all_test_data/Escherichia.coli_str_K-12_substr_MG1655.gbk is gzipped
2021-02-04 15:46:53,179: INFO     Identifying PAM sites in the genome
2021-02-04 15:47:06,711: INFO     Checking guides for restriction enzymes
2021-02-04 15:47:06,863: INFO     Number of guides removed after checking for restriction enzymes: 0
2021-02-04 15:47:06,863: INFO     Identifing guides that are unique near the PAM site
2021-02-04 15:47:07,995: INFO     Number of guides removed after checking for unique PAM: 150893
2021-02-04 15:47:07,995: INFO     Indexing all potential guide sites: 542072. This is the longest step.
2021-02-04 15:47:10,581: INFO     M                   = 16
2021-02-04 15:47:10,581: INFO     indexThreadQty      = 16
2021-02-04 15:47:10,581: INFO     efConstruction      = 10
2021-02-04 15:47:10,581: INFO     maxM			          = 16
2021-02-04 15:47:10,581: INFO     maxM0			          = 32
2021-02-04 15:47:10,582: INFO     mult                = 0.360674
2021-02-04 15:47:10,582: INFO     skip_optimized_index= 0
2021-02-04 15:47:10,582: INFO     delaunay_type       = 2
2021-02-04 15:47:10,582: INFO     Set HNSW query-time parameters:
2021-02-04 15:47:10,582: INFO     ef(Search)         =20
2021-02-04 15:47:10,582: INFO     algoType           =2

0%   10   20   30   40   50   60   70   80   90   100%
|----|----|----|----|----|----|----|----|----|----|
***************************************************

0%   10   20   30   40   50   60   70   80   90   100%
|----|----|----|----|----|----|----|----|----|----|
****************************************************2021-02-04 15:47:14,764: INFO     No appropriate custom distance function for Hamming (bit-storage) space
2021-02-04 15:47:14,764: INFO     searchMethod			  = 0
2021-02-04 15:47:14,809: INFO     Identifying guides that have a hamming distance <= 3 to all other potential guides
2021-02-04 15:47:15,371: INFO     Set HNSW query-time parameters:
2021-02-04 15:47:15,371: INFO     ef(Search)         =9
2021-02-04 15:47:15,372: INFO     algoType           =2
2021-02-04 15:47:35,078: INFO     Formatting data for BedTools
2021-02-04 15:47:35,804: INFO     Create GuideMaker Annotation object
2021-02-04 15:47:35,804: INFO     Identify genomic features
2021-02-04 15:47:35,805: INFO     check if ../all_test_data/Escherichia.coli_str_K-12_substr_MG1655.gbk is gzipped
2021-02-04 15:47:37,437: INFO     Total number of CDS/locus in the input genome: 4357
2021-02-04 15:47:37,437: INFO     Find genomic features closest the guides
2021-02-04 15:47:43,007: INFO     Select guides that start between +500 and -500 of a feature start
2021-02-04 15:47:43,612: INFO     Select description columns
2021-02-04 15:47:43,697: INFO     Format the output
2021-02-04 15:47:46,805: INFO     Number of Guides within a gene coordinates i.e. zero Feature distance: 168407
2021-02-04 15:47:49,863: INFO     creating random control guides
2021-02-04 15:47:49,955: INFO     Number of random control searched: 100
2021-02-04 15:47:49,955: INFO     Percentage of GC content in the input genome: 50.79
2021-02-04 15:47:49,955: INFO     Total length of the genome: 4.4 MB
2021-02-04 15:47:49,955: INFO     created 10 control guides with a minimum distance of 7 and a median distance of 7
2021-02-04 15:47:49,957: INFO     guidemaker completed, results are at TEST
2021-02-04 15:47:49,957: INFO     PAM sequence: NGG
2021-02-04 15:47:49,957: INFO     PAM orientation: 3prime
2021-02-04 15:47:49,958: INFO     Genome strand(s) searched: both
2021-02-04 15:47:49,958: INFO     Total PAM sites considered: 542072
2021-02-04 15:47:49,958: INFO     Guide RNA candidates found: 280947
	Command being timed: "guidemaker -i ../all_test_data/Escherichia.coli_str_K-12_substr_MG1655.gbk --pamseq NGG --outdir TEST --pam_orientation 3prime --guidelength 20 --strand both --lcp 11 --dist 3 --before 500 --into 500 --knum 10 --controls 10 --log GM_63823827_3.log --threads 16"
	User time (seconds): 133.78
	System time (seconds): 8.16
	Percent of CPU this job got: 235%
	Elapsed (wall clock) time (h:mm:ss or m:ss): 1:00.27
	Average shared text size (kbytes): 0
	Average unshared data size (kbytes): 0
	Average stack size (kbytes): 0
	Average total size (kbytes): 0
	Maximum resident set size (kbytes): 2037988
	Average resident set size (kbytes): 0
	Major (requiring I/O) page faults: 0
	Minor (reclaiming a frame) page faults: 1980029
	Voluntary context switches: 276468
	Involuntary context switches: 145145
	Swaps: 0
	File system inputs: 32
	File system outputs: 571616
	Socket messages sent: 0
	Socket messages received: 0
	Signals delivered: 0
	Page size (bytes): 4096
	Exit status: 0
My SLURM_ARRAY_TASK_ID:  3
My TMPDIR IS:  /scratch/local/63823827
Input Genome:>>>>>>>>>>>>>>>>>>>>>>>>>>>>>>>>>>>>>>>>>>>  Escherichia.coli_str_K-12_substr_MG1655.gbk
Input PAM:>>>>>>>>>>>>>>>>>>>>>>>>>>>>>>>>>>>>>>>>>>>  NGG
Threads used:>>>>>>>>>>>>>>>>>>>>>>>>>>>>>>>>>>>>>>>>>>>  32
GuideMaker
2021-02-04 15:47:52,563: INFO     Temp directory is: /scratch/local/63823827/guidemaker_28fukmhk
2021-02-04 15:47:52,563: INFO     Writing fasta file from genbank file(s)
2021-02-04 15:47:52,564: INFO     check if ../all_test_data/Escherichia.coli_str_K-12_substr_MG1655.gbk is gzipped
2021-02-04 15:47:53,470: INFO     Identifying PAM sites in the genome
2021-02-04 15:48:07,212: INFO     Checking guides for restriction enzymes
2021-02-04 15:48:07,404: INFO     Number of guides removed after checking for restriction enzymes: 0
2021-02-04 15:48:07,404: INFO     Identifing guides that are unique near the PAM site
2021-02-04 15:48:08,707: INFO     Number of guides removed after checking for unique PAM: 150893
2021-02-04 15:48:08,708: INFO     Indexing all potential guide sites: 542072. This is the longest step.
2021-02-04 15:48:12,005: INFO     M                   = 16
2021-02-04 15:48:12,005: INFO     indexThreadQty      = 32
2021-02-04 15:48:12,005: INFO     efConstruction      = 10
2021-02-04 15:48:12,005: INFO     maxM			          = 16
2021-02-04 15:48:12,006: INFO     maxM0			          = 32
2021-02-04 15:48:12,006: INFO     mult                = 0.360674
2021-02-04 15:48:12,006: INFO     skip_optimized_index= 0
2021-02-04 15:48:12,006: INFO     delaunay_type       = 2
2021-02-04 15:48:12,006: INFO     Set HNSW query-time parameters:
2021-02-04 15:48:12,006: INFO     ef(Search)         =20
2021-02-04 15:48:12,006: INFO     algoType           =2

0%   10   20   30   40   50   60   70   80   90   100%
|----|----|----|----|----|----|----|----|----|----|
***************************************************

0%   10   20   30   40   50   60   70   80   90   100%
|----|----|----|----|----|----|----|----|----|----|
**********************************************************
2021-02-04 15:48:14,669: INFO     No appropriate custom distance function for Hamming (bit-storage) space
2021-02-04 15:48:14,669: INFO     searchMethod			  = 0
2021-02-04 15:48:14,695: INFO     Identifying guides that have a hamming distance <= 3 to all other potential guides
2021-02-04 15:48:15,263: INFO     Set HNSW query-time parameters:
2021-02-04 15:48:15,263: INFO     ef(Search)         =9
2021-02-04 15:48:15,263: INFO     algoType           =2
2021-02-04 15:48:34,384: INFO     Formatting data for BedTools
2021-02-04 15:48:35,202: INFO     Create GuideMaker Annotation object
2021-02-04 15:48:35,203: INFO     Identify genomic features
2021-02-04 15:48:35,203: INFO     check if ../all_test_data/Escherichia.coli_str_K-12_substr_MG1655.gbk is gzipped
2021-02-04 15:48:36,971: INFO     Total number of CDS/locus in the input genome: 4357
2021-02-04 15:48:36,971: INFO     Find genomic features closest the guides
2021-02-04 15:48:42,247: INFO     Select guides that start between +500 and -500 of a feature start
2021-02-04 15:48:42,790: INFO     Select description columns
2021-02-04 15:48:42,870: INFO     Format the output
2021-02-04 15:48:45,876: INFO     Number of Guides within a gene coordinates i.e. zero Feature distance: 168379
2021-02-04 15:48:48,850: INFO     creating random control guides
2021-02-04 15:48:48,944: INFO     Number of random control searched: 100
2021-02-04 15:48:48,945: INFO     Percentage of GC content in the input genome: 50.79
2021-02-04 15:48:48,945: INFO     Total length of the genome: 4.4 MB
2021-02-04 15:48:48,945: INFO     created 10 control guides with a minimum distance of 7 and a median distance of 8
2021-02-04 15:48:48,948: INFO     guidemaker completed, results are at TEST
2021-02-04 15:48:48,948: INFO     PAM sequence: NGG
2021-02-04 15:48:48,948: INFO     PAM orientation: 3prime
2021-02-04 15:48:48,948: INFO     Genome strand(s) searched: both
2021-02-04 15:48:48,948: INFO     Total PAM sites considered: 542072
2021-02-04 15:48:48,948: INFO     Guide RNA candidates found: 280962
	Command being timed: "guidemaker -i ../all_test_data/Escherichia.coli_str_K-12_substr_MG1655.gbk --pamseq NGG --outdir TEST --pam_orientation 3prime --guidelength 20 --strand both --lcp 11 --dist 3 --before 500 --into 500 --knum 10 --controls 10 --log GM_63823827_3.log --threads 32"
	User time (seconds): 142.14
	System time (seconds): 10.29
	Percent of CPU this job got: 258%
	Elapsed (wall clock) time (h:mm:ss or m:ss): 0:58.95
	Average shared text size (kbytes): 0
	Average unshared data size (kbytes): 0
	Average stack size (kbytes): 0
	Average total size (kbytes): 0
	Maximum resident set size (kbytes): 2042708
	Average resident set size (kbytes): 0
	Major (requiring I/O) page faults: 0
	Minor (reclaiming a frame) page faults: 1630948
	Voluntary context switches: 610352
	Involuntary context switches: 285489
	Swaps: 0
	File system inputs: 16
	File system outputs: 571560
	Socket messages sent: 0
	Socket messages received: 0
	Signals delivered: 0
	Page size (bytes): 4096
	Exit status: 0
